                      (C:\Users\bhrou\gi):00001                 org   $06B1
     FF               (C:\Users\bhrou\gi):00002                 setdp $FF
                      (C:\Users\bhrou\gi):00003         
                      (C:\Users\bhrou\gi):00004         * Generated Code
                      (C:\Users\bhrou\gi):00005         
06B1                  (C:\Users\bhrou\gi):00006         Img_SegaLogo_2 
06B1 070707075E390100 (C:\Users\bhrou\gi):00007                 fcb   $07,$07,$07,$07,$5E,$39,$01,$00,$06,$00,$00,$D2,$E4,$9D
     060000D2E49D
06BF 0EE0             (C:\Users\bhrou\gi):00008                 fcb   $0E,$E0
06C1                  (C:\Users\bhrou\gi):00009         Img_SegaLogo_1 
06C1 070707075E380100 (C:\Users\bhrou\gi):00010                 fcb   $07,$07,$07,$07,$5E,$38,$01,$00,$06,$00,$00,$D2,$E5,$9A
     060000D2E59A
06CF 2220             (C:\Users\bhrou\gi):00011                 fcb   $22,$20
06D1                  (C:\Users\bhrou\gi):00012         Img_SegaTrails_1 
06D1 07100707073E0000 (C:\Users\bhrou\gi):00013                 fcb   $07,$10,$07,$07,$07,$3E,$00,$00,$06,$00,$00,$10,$E0,$84
     06000010E084
06DF 054600060000E8E0 (C:\Users\bhrou\gi):00014                 fcb   $05,$46,$00,$06,$00,$00,$E8,$E0,$84,$03,$D3
     8403D3
06EA                  (C:\Users\bhrou\gi):00015         Img_SegaSonic_12 
06EA 071407070F450006 (C:\Users\bhrou\gi):00016                 fcb   $07,$14,$07,$07,$0F,$45,$00,$06,$00,$00,$00,$F8,$E3,$98
     000000F8E398
06F8 1E77882B880A0600 (C:\Users\bhrou\gi):00017                 fcb   $1E,$77,$88,$2B,$88,$0A,$06,$00,$00,$00,$F8,$E3,$98,$16
     0000F8E39816
0706 BA8828E30A       (C:\Users\bhrou\gi):00018                 fcb   $BA,$88,$28,$E3,$0A
070B                  (C:\Users\bhrou\gi):00019         Img_SegaSonic_23 
070B 07140707061F0006 (C:\Users\bhrou\gi):00020                 fcb   $07,$14,$07,$07,$06,$1F,$00,$06,$00,$00,$00,$F1,$01,$88
     000000F10188
0719 1BA0820863020600 (C:\Users\bhrou\gi):00021                 fcb   $1B,$A0,$82,$08,$63,$02,$06,$00,$00,$00,$08,$01,$88,$19
     000008018819
0727 5983061C02       (C:\Users\bhrou\gi):00022                 fcb   $59,$83,$06,$1C,$02
072C                  (C:\Users\bhrou\gi):00023         Img_SegaSonic_13 
072C 0714070706250006 (C:\Users\bhrou\gi):00024                 fcb   $07,$14,$07,$07,$06,$25,$00,$06,$00,$00,$00,$F1,$01,$88
     000000F10188
073A 262183080F030600 (C:\Users\bhrou\gi):00025                 fcb   $26,$21,$83,$08,$0F,$03,$06,$00,$00,$00,$08,$01,$88,$23
     000008018823
0748 5D83070103       (C:\Users\bhrou\gi):00026                 fcb   $5D,$83,$07,$01,$03
074D                  (C:\Users\bhrou\gi):00027         Img_SegaSonic_21 
074D 07140707073F0006 (C:\Users\bhrou\gi):00028                 fcb   $07,$14,$07,$07,$07,$3F,$00,$06,$00,$00,$00,$08,$E5,$8E
     00000008E58E
075B 0497870758040600 (C:\Users\bhrou\gi):00029                 fcb   $04,$97,$87,$07,$58,$04,$06,$00,$00,$00,$F0,$E5,$8E,$00
     0000F0E58E00
0769 0087058A04       (C:\Users\bhrou\gi):00030                 fcb   $00,$87,$05,$8A,$04
076E                  (C:\Users\bhrou\gi):00031         Img_SegaSonic_32 
076E 071407070F450006 (C:\Users\bhrou\gi):00032                 fcb   $07,$14,$07,$07,$0F,$45,$00,$06,$00,$00,$00,$F8,$E3,$99
     000000F8E399
077C 224F8814810A0600 (C:\Users\bhrou\gi):00033                 fcb   $22,$4F,$88,$14,$81,$0A,$06,$00,$00,$00,$F8,$E3,$99,$19
     0000F8E39919
078A F7890AA00A       (C:\Users\bhrou\gi):00034                 fcb   $F7,$89,$0A,$A0,$0A
078F                  (C:\Users\bhrou\gi):00035         Img_SegaSonic_43 
078F 07140707061F0006 (C:\Users\bhrou\gi):00036                 fcb   $07,$14,$07,$07,$06,$1F,$00,$06,$00,$00,$00,$F1,$01,$88
     000000F10188
079D 0B14830359020600 (C:\Users\bhrou\gi):00037                 fcb   $0B,$14,$83,$03,$59,$02,$06,$00,$00,$00,$08,$01,$88,$08
     000008018808
07AB CF83027202       (C:\Users\bhrou\gi):00038                 fcb   $CF,$83,$02,$72,$02
07B0                  (C:\Users\bhrou\gi):00039         Img_SegaSonic_11 
07B0 07140707073F0006 (C:\Users\bhrou\gi):00040                 fcb   $07,$14,$07,$07,$07,$3F,$00,$06,$00,$00,$00,$08,$E5,$92
     00000008E592
07BE 0E0E88302F040600 (C:\Users\bhrou\gi):00041                 fcb   $0E,$0E,$88,$30,$2F,$04,$06,$00,$00,$00,$F0,$E5,$92,$09
     0000F0E59209
07CC 42882E3504       (C:\Users\bhrou\gi):00042                 fcb   $42,$88,$2E,$35,$04
07D1                  (C:\Users\bhrou\gi):00043         Img_SegaSonic_22 
07D1 071407070F470006 (C:\Users\bhrou\gi):00044                 fcb   $07,$14,$07,$07,$0F,$47,$00,$06,$00,$00,$00,$F8,$E1,$98
     000000F8E198
07DF 0E9B8820A00A0600 (C:\Users\bhrou\gi):00045                 fcb   $0E,$9B,$88,$20,$A0,$0A,$06,$00,$00,$00,$F8,$E1,$99,$2A
     0000F8E1992A
07ED A3881DE50A       (C:\Users\bhrou\gi):00046                 fcb   $A3,$88,$1D,$E5,$0A
07F2                  (C:\Users\bhrou\gi):00047         Img_SegaSonic_33 
07F2 0714070705250006 (C:\Users\bhrou\gi):00048                 fcb   $07,$14,$07,$07,$05,$25,$00,$06,$00,$00,$00,$F2,$01,$88
     000000F20188
0800 125383052E020600 (C:\Users\bhrou\gi):00049                 fcb   $12,$53,$83,$05,$2E,$02,$06,$00,$00,$00,$08,$01,$88,$10
     000008018810
080E 2583044002       (C:\Users\bhrou\gi):00050                 fcb   $25,$83,$04,$40,$02
0813                  (C:\Users\bhrou\gi):00051         Img_SegaSonic_41 
0813 07140707073F0006 (C:\Users\bhrou\gi):00052                 fcb   $07,$14,$07,$07,$07,$3F,$00,$06,$00,$00,$00,$08,$E5,$92
     00000008E592
0821 0000860664040600 (C:\Users\bhrou\gi):00053                 fcb   $00,$00,$86,$06,$64,$04,$06,$00,$00,$00,$F0,$E5,$93,$0D
     0000F0E5930D
082F 798604A604       (C:\Users\bhrou\gi):00054                 fcb   $79,$86,$04,$A6,$04
0834                  (C:\Users\bhrou\gi):00055         Img_SegaSonic_31 
0834 07140707073F0006 (C:\Users\bhrou\gi):00056                 fcb   $07,$14,$07,$07,$07,$3F,$00,$06,$00,$00,$00,$08,$E5,$92
     00000008E592
0842 047587039E040600 (C:\Users\bhrou\gi):00057                 fcb   $04,$75,$87,$03,$9E,$04,$06,$00,$00,$00,$F0,$E5,$93,$11
     0000F0E59311
0850 EE88176D04       (C:\Users\bhrou\gi):00058                 fcb   $EE,$88,$17,$6D,$04
0855                  (C:\Users\bhrou\gi):00059         Img_SegaSonic_42 
0855 071407070F470006 (C:\Users\bhrou\gi):00060                 fcb   $07,$14,$07,$07,$0F,$47,$00,$06,$00,$00,$00,$F8,$E1,$99
     000000F8E199
0863 11A9880D590A0600 (C:\Users\bhrou\gi):00061                 fcb   $11,$A9,$88,$0D,$59,$0A,$06,$00,$00,$00,$F8,$E1,$99,$09
     0000F8E19909
0871 4D8907D60A       (C:\Users\bhrou\gi):00062                 fcb   $4D,$89,$07,$D6,$0A
0876                  (C:\Users\bhrou\gi):00063         Img_SegaTrails_6 
0876 070707070F440000 (C:\Users\bhrou\gi):00064                 fcb   $07,$07,$07,$07,$0F,$44,$00,$00,$06,$00,$00,$10,$DE,$86
     06000010DE86
0884 0337             (C:\Users\bhrou\gi):00065                 fcb   $03,$37
0886                  (C:\Users\bhrou\gi):00066         Img_SegaTrails_5 
0886 070707070F440000 (C:\Users\bhrou\gi):00067                 fcb   $07,$07,$07,$07,$0F,$44,$00,$00,$06,$00,$00,$00,$DE,$85
     06000000DE85
0894 00EC             (C:\Users\bhrou\gi):00068                 fcb   $00,$EC
0896                  (C:\Users\bhrou\gi):00069         Img_SegaTrails_4 
0896 070707070F440000 (C:\Users\bhrou\gi):00070                 fcb   $07,$07,$07,$07,$0F,$44,$00,$00,$06,$00,$00,$E0,$DE,$84
     060000E0DE84
08A4 00F5             (C:\Users\bhrou\gi):00071                 fcb   $00,$F5
08A6                  (C:\Users\bhrou\gi):00072         Img_SegaTrails_3 
08A6 070707070F440000 (C:\Users\bhrou\gi):00073                 fcb   $07,$07,$07,$07,$0F,$44,$00,$00,$06,$00,$00,$F0,$DE,$84
     060000F0DE84
08B4 0264             (C:\Users\bhrou\gi):00074                 fcb   $02,$64
08B6                  (C:\Users\bhrou\gi):00075         Img_SegaTrails_2 
08B6 071007070F440000 (C:\Users\bhrou\gi):00076                 fcb   $07,$10,$07,$07,$0F,$44,$00,$00,$06,$00,$00,$00,$DE,$87
     06000000DE87
08C4 01D300060000F0DE (C:\Users\bhrou\gi):00077                 fcb   $01,$D3,$00,$06,$00,$00,$F0,$DE,$87,$00,$00
     870000
