                      (./generated-code/):00001                 INCLUDE "./Engine/Constants.asm"
                      (./Engine/Constant):00001         * ---------------------------------------------------------------------------
                      (./Engine/Constant):00002         * Constants
                      (./Engine/Constant):00003         *
                      (./Engine/Constant):00004         * Naming convention
                      (./Engine/Constant):00005         * -----------------
                      (./Engine/Constant):00006         * - lower case
                      (./Engine/Constant):00007         * - underscore-separated names
                      (./Engine/Constant):00008         *
                      (./Engine/Constant):00009         * ---------------------------------------------------------------------------
                      (./Engine/Constant):00010         
                      (./Engine/Constant):00011         * ===========================================================================
                      (./Engine/Constant):00012         * TO8 Registers
                      (./Engine/Constant):00013         * ===========================================================================
                      (./Engine/Constant):00014         
                      (./Engine/Constant):00015         ; Disk routine registers (ROM)
                      (./Engine/Constant):00016         
     6049             (./Engine/Constant):00017         dk_drive                      equ $6049
     604A             (./Engine/Constant):00018         dk_track                      equ $604A
     604B             (./Engine/Constant):00019         dk_track_lsb                  equ $604B
     604C             (./Engine/Constant):00020         dk_sector                     equ $604C
     604F             (./Engine/Constant):00021         dk_write_location             equ $604F
                      (./Engine/Constant):00022         
                      (./Engine/Constant):00023         * ===========================================================================
                      (./Engine/Constant):00024         * Globals
                      (./Engine/Constant):00025         * ===========================================================================
                      (./Engine/Constant):00026         
     009F             (./Engine/Constant):00027         glb_direct_page               equ $9F    ; direct page for globals
                      (./Engine/Constant):00028         
                      (./Engine/Constant):00029         ; compilated sprite
     9FFE             (./Engine/Constant):00030         glb_register_s                equ $9FFE  ; reverved space to store S from ROM routines
                      (./Engine/Constant):00031         
                      (./Engine/Constant):00032         ; DrawSprites
     9FFC             (./Engine/Constant):00033         glb_screen_location_1         equ $9FFC  ; start address for rendering of current sprite Part1     
     9FFA             (./Engine/Constant):00034         glb_screen_location_2         equ $9FFA  ; start address for rendering of current sprite Part2 (Must follow Part1)
                      (./Engine/Constant):00035         
                      (./Engine/Constant):00036         ; CheckSpritesRefresh
     9FF9             (./Engine/Constant):00037         glb_cur_priority              equ $9FF9
     9FF7             (./Engine/Constant):00038         glb_cur_ptr_sub_obj_erase     equ $9FF7
     9FF5             (./Engine/Constant):00039         glb_cur_ptr_sub_obj_draw      equ $9FF5
     9FF3             (./Engine/Constant):00040         glb_camera_x_pos              equ $9FF3 ; camera x position in palyfield coordinates
     9FF1             (./Engine/Constant):00041         glb_camera_y_pos              equ $9FF1 ; camera y position in palyfield coordinates
     9FEF             (./Engine/Constant):00042         glb_camera_x_min_pos          equ $9FEF
     9FED             (./Engine/Constant):00043         glb_camera_y_min_pos          equ $9FED
     9FEB             (./Engine/Constant):00044         glb_camera_x_max_pos          equ $9FEB
     9FE9             (./Engine/Constant):00045         glb_camera_y_max_pos          equ $9FE9
     9FE8             (./Engine/Constant):00046         glb_force_sprite_refresh      equ $9FE8
     9FE7             (./Engine/Constant):00047         glb_camera_move               equ $9FE7
     9FE6             (./Engine/Constant):00048         glb_alphaTiles                equ $9FE6
     9F00             (./Engine/Constant):00049         glb_tmp_var                   equ $9F00 ; custom tmp var space for routine
     9F00             (./Engine/Constant):00050         glb_system_stack              equ $9F00
                      (./Engine/Constant):00051         
                      (./Engine/Constant):00052         * ===========================================================================
                      (./Engine/Constant):00053         * Display Constants
                      (./Engine/Constant):00054         * ===========================================================================
                      (./Engine/Constant):00055         
     00A0             (./Engine/Constant):00056         screen_width                  equ 160    ; in pixel
     001C             (./Engine/Constant):00057         screen_top                    equ 28     ; in pixel
     00E3             (./Engine/Constant):00058         screen_bottom                 equ 28+199 ; in pixel
     0030             (./Engine/Constant):00059         screen_left                   equ 48     ; in pixel
     00CF             (./Engine/Constant):00060         screen_right                  equ 48+159 ; in pixel
     0008             (./Engine/Constant):00061         nb_priority_levels            equ 8      ; number of priority levels (need code change if modified)
                      (./Engine/Constant):00062         
                      (./Engine/Constant):00063         * ===========================================================================
                      (./Engine/Constant):00064         * Images Constants
                      (./Engine/Constant):00065         * ===========================================================================
                      (./Engine/Constant):00066         
     0004             (./Engine/Constant):00067         image_x_size                  equ 4
     0005             (./Engine/Constant):00068         image_y_size                  equ 5
     0006             (./Engine/Constant):00069         image_center_offset           equ 6
                      (./Engine/Constant):00070         
     0004             (./Engine/Constant):00071         image_subset_x1_offset        equ 4
     0005             (./Engine/Constant):00072         image_subset_y1_offset        equ 5
                      (./Engine/Constant):00073         
     0000             (./Engine/Constant):00074         page_draw_routine             equ 0
     0001             (./Engine/Constant):00075         draw_routine                  equ 1
     0003             (./Engine/Constant):00076         page_erase_routine            equ 3
     0004             (./Engine/Constant):00077         erase_routine                 equ 4
     0006             (./Engine/Constant):00078         erase_nb_cell                 equ 6
                      (./Engine/Constant):00079         
                      (./Engine/Constant):00080         * ===========================================================================
                      (./Engine/Constant):00081         * Sound Constants
                      (./Engine/Constant):00082         * ===========================================================================
                      (./Engine/Constant):00083         
     0000             (./Engine/Constant):00084         sound_page        equ 0
     0001             (./Engine/Constant):00085         sound_start_addr  equ 1
     0003             (./Engine/Constant):00086         sound_end_addr    equ 3
     0005             (./Engine/Constant):00087         sound_meta_size   equ 5
                      (./Engine/Constant):00088         
                      (./Engine/Constant):00089         * ===========================================================================
                      (./Engine/Constant):00090         * Object Constants
                      (./Engine/Constant):00091         * ===========================================================================
                      (./Engine/Constant):00092         
     005D             (./Engine/Constant):00093         object_core_size              equ 93  ; the size of an object without ext_vars - DEPENDENCY ClearObj routine
     ????             (./Engine/Constant):00094         object_size                   equ object_core_size+ext_variables_size ; the size of a dynamic object
     ????             (./Engine/Constant):00095         next_object                   equ object_size
     005D             (./Engine/Constant):00096         ext_variables                 equ object_core_size ; start of reserved space for additionnal variables
                      (./Engine/Constant):00097         
     0000             (./Engine/Constant):00098         id                            equ 0           ; reference to object model id (ObjID_) (0: free slot)
     0001             (./Engine/Constant):00099         subtype                       equ 1           ; reference to object subtype (Sub_)
     0002             (./Engine/Constant):00100         render_flags                  equ 2
                      (./Engine/Constant):00101         
                      (./Engine/Constant):00102         * --- render_flags bitfield variables ---
     0001             (./Engine/Constant):00103         render_xmirror_mask           equ $01 ; (bit 0) DEPENDENCY should be bit 0 - tell display engine to mirror sprite on horizontal axis
     0002             (./Engine/Constant):00104         render_ymirror_mask           equ $02 ; (bit 1) DEPENDENCY should be bit 1 - tell display engine to mirror sprite on vertical axis
     0004             (./Engine/Constant):00105         render_overlay_mask           equ $04 ; (bit 2) DEPENDENCY should be bit 2 - compilated sprite with no background save
     0008             (./Engine/Constant):00106         render_motionless_mask        equ $08 ; (bit 3) tell display engine to compute sub image and position check only once until the flag is removed  
     0010             (./Engine/Constant):00107         render_playfieldcoord_mask    equ $10 ; (bit 4) tell display engine to use playfield (1) or screen (0) coordinates
     0020             (./Engine/Constant):00108         render_hide_mask              equ $20 ; (bit 5) tell display engine to hide sprite (keep priority and mapping_frame)
     0040             (./Engine/Constant):00109         render_todelete_mask          equ $40 ; (bit 6) tell display engine to delete sprite and clear OST for this object
     0080             (./Engine/Constant):00110         render_xloop_mask             equ $80 ; (bit 7) (screen coordinate) tell display engine to hide sprite when x is out of screen (0) or to display (1)  
                      (./Engine/Constant):00111          
     0003             (./Engine/Constant):00112         priority                      equ 3           ; display priority (0: nothing to display, 1:front, ..., 8:back)
     0004             (./Engine/Constant):00113         anim                          equ 4  ; and 5  ; reference to current animation (Ani_)
     0006             (./Engine/Constant):00114         prev_anim                     equ 6  ; and 7  ; reference to previous animation (Ani_)
     0008             (./Engine/Constant):00115         anim_frame                    equ 8           ; index of current frame in animation
     0009             (./Engine/Constant):00116         anim_frame_duration           equ 9           ; number of frames for each image in animation, range: 00-7F (0-127), 0 means display only during one frame
     000A             (./Engine/Constant):00117         anim_flags                    equ 10          ; byte offset to reference an anim_flags LUT (adv) / store a link flag (non adv)
                      (./Engine/Constant):00118         
                      (./Engine/Constant):00119         * --- anim_flags bitfield variables ---
     0001             (./Engine/Constant):00120         anim_link_mask                equ $01 ; (bit 0) if set, allow the load of a new animation without reseting anim_frame and anim_frame_duration
                      (./Engine/Constant):00121         
     000B             (./Engine/Constant):00122         status_flags                  equ 11          ; orientation of sprite, is applied to animation xmirror flag during AnimateSprite
                      (./Engine/Constant):00123         
                      (./Engine/Constant):00124         * --- status_flags bitfield variables ---
     0001             (./Engine/Constant):00125         status_xflip_mask             equ $01 ; (bit 0) X Flip
     0002             (./Engine/Constant):00126         status_yflip_mask             equ $02 ; (bit 1) Y Flip
                      (./Engine/Constant):00127         
     000C             (./Engine/Constant):00128         image_set                     equ 12 ; and 13 ; reference to current image (Img_) (0000 if no image)
     000E             (./Engine/Constant):00129         x_pos                         equ 14 ; and 15 ; x playfield coordinate
     0010             (./Engine/Constant):00130         x_sub                         equ 16          ; x subpixel (1/256 of a pixel), must follow x_pos in data structure
     0011             (./Engine/Constant):00131         y_pos                         equ 17 ; and 18 ; y playfield coordinate
     0013             (./Engine/Constant):00132         y_sub                         equ 19          ; y subpixel (1/256 of a pixel), must follow y_pos in data structure
     0014             (./Engine/Constant):00133         xy_pixel                      equ 20          ; x and y screen coordinate
     0014             (./Engine/Constant):00134         x_pixel                       equ 20          ; x screen coordinate
     0015             (./Engine/Constant):00135         y_pixel                       equ 21          ; y screen coordinate, must follow x_pixel
                      (./Engine/Constant):00136         ;x_offset                      equ 93          ; x screen coordinate offset that is applied at rendering
                      (./Engine/Constant):00137         ;y_offset                      equ 94          ; x screen coordinate offset that is applied at rendering
     0016             (./Engine/Constant):00138         x_vel                         equ 22 ; and 23 ; horizontal velocity
     0018             (./Engine/Constant):00139         y_vel                         equ 24 ; and 25 ; vertical velocity
     001A             (./Engine/Constant):00140         x_acl                         equ 26 ; and 27 ; horizontal gravity
     001C             (./Engine/Constant):00141         y_acl                         equ 28 ; and 29 ; vertical gravity
     001E             (./Engine/Constant):00142         routine                       equ 30          ; index of current object routine
     001F             (./Engine/Constant):00143         routine_secondary             equ 31          ; index of current secondary routine
     0020             (./Engine/Constant):00144         routine_tertiary              equ 32          ; index of current tertiary routine
     0021             (./Engine/Constant):00145         routine_quaternary            equ 33          ; index of current quaternary routine
                      (./Engine/Constant):00146         
                      (./Engine/Constant):00147         * ---------------------------------------------------------------------------
                      (./Engine/Constant):00148         * reserved variables (update by engine)
                      (./Engine/Constant):00149         
     0022             (./Engine/Constant):00150         rsv_render_flags              equ 34
                      (./Engine/Constant):00151         
                      (./Engine/Constant):00152         * --- rsv_render_flags bitfield variables ---
     0001             (./Engine/Constant):00153         rsv_render_checkrefresh_mask  equ $01 ; (bit 0) if erasesprite and display sprite flag are processed for this frame
     0002             (./Engine/Constant):00154         rsv_render_erasesprite_mask   equ $02 ; (bit 1) if a sprite need to be cleared on screen
     0004             (./Engine/Constant):00155         rsv_render_displaysprite_mask equ $04 ; (bit 2) if a sprite need to be rendered on screen
     0008             (./Engine/Constant):00156         rsv_render_outofrange_mask    equ $08 ; (bit 3) if a sprite is out of range for full rendering in screen
     0080             (./Engine/Constant):00157         rsv_render_onscreen_mask      equ $80 ; (bit 7) DEPENDENCY should be bit 7 - has been rendered on last screen buffer (may be 0 or 1)
                      (./Engine/Constant):00158         
     0023             (./Engine/Constant):00159         rsv_prev_anim                 equ 35 ; and 36 ; reference to previous animation (Ani_) w * UTILE ?
     0025             (./Engine/Constant):00160         rsv_image_center_offset       equ 37 ; 0 or 1 offset that indicate if image center is even or odd (DRS_XYToAddress)
     0026             (./Engine/Constant):00161         rsv_image_subset              equ 38 ; and 39 ; reference to current image regarding mirror flags w
     0028             (./Engine/Constant):00162         rsv_mapping_frame             equ 40 ; and 41 ; reference to current image regarding mirror flags, overlay flag and x precision w
     002A             (./Engine/Constant):00163         rsv_erase_nb_cell             equ 42 ; b 
     002B             (./Engine/Constant):00164         rsv_page_draw_routine         equ 43 ; b
     002C             (./Engine/Constant):00165         rsv_draw_routine              equ 44 ; and 45 ; w
     002E             (./Engine/Constant):00166         rsv_page_erase_routine        equ 46 ; b
     002F             (./Engine/Constant):00167         rsv_erase_routine             equ 47 ; and 48 ; w 
     0031             (./Engine/Constant):00168         rsv_xy1_pixel                 equ 49 ;
     0031             (./Engine/Constant):00169         rsv_x1_pixel                  equ 49 ; x+x_offset-(x_size/2) screen coordinate
     0032             (./Engine/Constant):00170         rsv_y1_pixel                  equ 50 ; y+y_offset-(y_size/2) screen coordinate, must follow rsv_x1_pixel
     0033             (./Engine/Constant):00171         rsv_xy2_pixel                 equ 51 ;
     0033             (./Engine/Constant):00172         rsv_x2_pixel                  equ 51 ; x+x_offset+(x_size/2) screen coordinate
     0034             (./Engine/Constant):00173         rsv_y2_pixel                  equ 52 ; y+y_offset+(y_size/2) screen coordinate, must follow rsv_x2_pixel
                      (./Engine/Constant):00174         
                      (./Engine/Constant):00175         * ---------------------------------------------------------------------------
                      (./Engine/Constant):00176         * reserved variables (engine) - buffer specific
                      (./Engine/Constant):00177         
     0035             (./Engine/Constant):00178         rsv_buffer_0                  equ 53 ; Start index of buffer 0 variables
     0035             (./Engine/Constant):00179         rsv_priority_0                equ 53 ; internal value that hold priority in video buffer 0
     0036             (./Engine/Constant):00180         rsv_priority_prev_obj_0       equ 54 ; and 55 ; previous object (OST address) in display priority list for video buffer 0 (0000 if none) w
     0038             (./Engine/Constant):00181         rsv_priority_next_obj_0       equ 56 ; and 57 ; next object (OST address) in display priority list for video buffer 0 (0000 if none) w
     003A             (./Engine/Constant):00182         rsv_prev_mapping_frame_0      equ 58 ; and 59 ; reference to previous image in video buffer 0 w
     003C             (./Engine/Constant):00183         rsv_prev_erase_nb_cell_0      equ 60 : b
     003D             (./Engine/Constant):00184         rsv_prev_page_erase_routine_0 equ 61 ; b
     003E             (./Engine/Constant):00185         rsv_prev_erase_routine_0      equ 62 ; and 63 ; w
     0040             (./Engine/Constant):00186         rsv_bgdata_0                  equ 64 ; and 65 ; address of background data in screen 0 w
     0042             (./Engine/Constant):00187         rsv_prev_xy_pixel_0           equ 66 ;
     0042             (./Engine/Constant):00188         rsv_prev_x_pixel_0            equ 66 ; previous x screen coordinate b
     0043             (./Engine/Constant):00189         rsv_prev_y_pixel_0            equ 67 ; previous y screen coordinate b, must follow x_pixel
     0044             (./Engine/Constant):00190         rsv_prev_xy1_pixel_0          equ 68 ;
     0044             (./Engine/Constant):00191         rsv_prev_x1_pixel_0           equ 68 ; previous x+x_offset-(x_size/2) screen coordinate b
     0045             (./Engine/Constant):00192         rsv_prev_y1_pixel_0           equ 69 ; previous y+y_offset-(y_size/2) screen coordinate b, must follow x1_pixel
     0046             (./Engine/Constant):00193         rsv_prev_xy2_pixel_0          equ 70 ;
     0046             (./Engine/Constant):00194         rsv_prev_x2_pixel_0           equ 70 ; previous x+x_offset+(x_size/2) screen coordinate b
     0047             (./Engine/Constant):00195         rsv_prev_y2_pixel_0           equ 71 ; previous y+y_offset+(y_size/2) screen coordinate b, must follow x2_pixel
     0048             (./Engine/Constant):00196         rsv_prev_render_flags_0       equ 72 ;
                      (./Engine/Constant):00197         * --- rsv_prev_render_flags_0 bitfield variables ---
     0001             (./Engine/Constant):00198         rsv_prev_render_overlay_mask  equ $01 ; (bit 0) if a sprite has been rendered with compilated sprite and no background save on screen buffer 0/1
     0080             (./Engine/Constant):00199         rsv_prev_render_onscreen_mask equ $80 ; (bit 7) DEPENDENCY should be bit 7 - has been rendered on screen buffer 0/1
                      (./Engine/Constant):00200         
     0049             (./Engine/Constant):00201         rsv_buffer_1                  equ 73 ; Start index of buffer 1 variables
     0049             (./Engine/Constant):00202         rsv_priority_1                equ 73 ; internal value that hold priority in video buffer 1
     004A             (./Engine/Constant):00203         rsv_priority_prev_obj_1       equ 74 ; and 75 ; previous object (OST address) in display priority list for video buffer 1 (0000 if none) w
     004C             (./Engine/Constant):00204         rsv_priority_next_obj_1       equ 76 ; and 77 ; next object (OST address) in display priority list for video buffer 1 (0000 if none) w
     004E             (./Engine/Constant):00205         rsv_prev_mapping_frame_1      equ 78 ; and 79 ; reference to previous image in video buffer 1 w
     0050             (./Engine/Constant):00206         rsv_prev_erase_nb_cell_1      equ 80 ; b
     0051             (./Engine/Constant):00207         rsv_prev_page_erase_routine_1 equ 81 ; b
     0052             (./Engine/Constant):00208         rsv_prev_erase_routine_1      equ 82 ; and 83 ; w
     0054             (./Engine/Constant):00209         rsv_bgdata_1                  equ 84 ; and 85 ; address of background data in screen 1 w
     0056             (./Engine/Constant):00210         rsv_prev_xy_pixel_1           equ 86 ;
     0056             (./Engine/Constant):00211         rsv_prev_x_pixel_1            equ 86 ; previous x screen coordinate b
     0057             (./Engine/Constant):00212         rsv_prev_y_pixel_1            equ 87 ; previous y screen coordinate b, must follow x_pixel
     0058             (./Engine/Constant):00213         rsv_prev_xy1_pixel_1          equ 88 ;
     0058             (./Engine/Constant):00214         rsv_prev_x1_pixel_1           equ 88 ; previous x+x_size screen coordinate b
     0059             (./Engine/Constant):00215         rsv_prev_y1_pixel_1           equ 89 ; previous y+y_size screen coordinate b, must follow x_pixel
     005A             (./Engine/Constant):00216         rsv_prev_xy2_pixel_1          equ 90 ;
     005A             (./Engine/Constant):00217         rsv_prev_x2_pixel_1           equ 90 ; previous x+x_size screen coordinate b
     005B             (./Engine/Constant):00218         rsv_prev_y2_pixel_1           equ 91 ; previous y+y_size screen coordinate b, must follow x_pixel
     005C             (./Engine/Constant):00219         rsv_prev_render_flags_1       equ 92 ;
                      (./Engine/Constant):00220         
     0000             (./Engine/Constant):00221         buf_priority                  equ 0  ; offset for each rsv_buffer variables
     0001             (./Engine/Constant):00222         buf_priority_prev_obj         equ 1  ;
     0003             (./Engine/Constant):00223         buf_priority_next_obj         equ 3  ;
     0005             (./Engine/Constant):00224         buf_prev_mapping_frame        equ 5  ;
     0007             (./Engine/Constant):00225         buf_erase_nb_cell             equ 7  ;
     0008             (./Engine/Constant):00226         buf_page_erase_routine        equ 8 ;
     0009             (./Engine/Constant):00227         buf_erase_routine             equ 9 ;
     000B             (./Engine/Constant):00228         buf_bgdata                    equ 11 ;
     000D             (./Engine/Constant):00229         buf_prev_xy_pixel             equ 13 ;
     000D             (./Engine/Constant):00230         buf_prev_x_pixel              equ 13 ;
     000E             (./Engine/Constant):00231         buf_prev_y_pixel              equ 14 ;
     000F             (./Engine/Constant):00232         buf_prev_xy1_pixel            equ 15 ;
     000F             (./Engine/Constant):00233         buf_prev_x1_pixel             equ 15 ;
     0010             (./Engine/Constant):00234         buf_prev_y1_pixel             equ 16 ;
     0011             (./Engine/Constant):00235         buf_prev_xy2_pixel            equ 17 ;
     0011             (./Engine/Constant):00236         buf_prev_x2_pixel             equ 17 ;
     0012             (./Engine/Constant):00237         buf_prev_y2_pixel             equ 18 ;
     0013             (./Engine/Constant):00238         buf_prev_render_flags         equ 19 ;
                      (./generated-code/):00002                 ORG $A000
     FF               (./generated-code/):00003                 SETDP $FF
                      (./generated-code/):00004                 OPT C,CT
A000                  (./generated-code/):00005                 ERASE_Img_SegaSonic_32_0
A000 10FF9FFE         (./generated-code/):00006 [7]     7               STS glb_register_s
                      (./generated-code/):00007                 
A004 32C4             (./generated-code/):00008 [4]     11              LEAS ,U
A006                  (./generated-code/):00009                 ERASE_CODE_Img_SegaSonic_32_0
A006 3546             (./generated-code/):00010 [9]     20              PULS D,U
A008 EDC826           (./generated-code/):00011 [6]     26              STD 38,U
                      (./generated-code/):00012                 
A00B 3516             (./generated-code/):00013 [9]     35              PULS D,X
A00D ED5E             (./generated-code/):00014 [6]     41              STD -2,U
A00F AFC8D7           (./generated-code/):00015 [6]     47              STX -41,U
                      (./generated-code/):00016                 
A012 3506             (./generated-code/):00017 [7]     54              PULS A,B
A014 A7C4             (./generated-code/):00018 [4]     58              STA ,U
A016 E7C828           (./generated-code/):00019 [5]     63              STB 40,U
                      (./generated-code/):00020                 
A019 3502             (./generated-code/):00021 [6]     69              PULS A
A01B A7C8D9           (./generated-code/):00022 [5]     74              STA -39,U
                      (./generated-code/):00023                 
A01E 3546             (./generated-code/):00024 [9]     83              PULS D,U
A020 EDC877           (./generated-code/):00025 [6]     89              STD 119,U
                      (./generated-code/):00026                 
A023 3516             (./generated-code/):00027 [9]     98              PULS D,X
A025 EDC850           (./generated-code/):00028 [6]     104             STD 80,U
A028 AFC828           (./generated-code/):00029 [6]     110             STX 40,U
                      (./generated-code/):00030                 
A02B 3506             (./generated-code/):00031 [7]     117             PULS A,B
A02D A7C84E           (./generated-code/):00032 [5]     122             STA 78,U
A030 E7C826           (./generated-code/):00033 [5]     127             STB 38,U
                      (./generated-code/):00034                 
A033 3506             (./generated-code/):00035 [7]     134             PULS A,B
A035 A7C8B1           (./generated-code/):00036 [5]     139             STA -79,U
A038 E741             (./generated-code/):00037 [5]     144             STB 1,U
                      (./generated-code/):00038                 
A03A 3506             (./generated-code/):00039 [7]     151             PULS A,B
A03C A7C889           (./generated-code/):00040 [5]     156             STA -119,U
A03F E7C886           (./generated-code/):00041 [5]     161             STB -122,U
                      (./generated-code/):00042                 
A042 3506             (./generated-code/):00043 [7]     168             PULS A,B
A044 A7C8D6           (./generated-code/):00044 [5]     173             STA -42,U
A047 E75E             (./generated-code/):00045 [5]     178             STB -2,U
                      (./generated-code/):00046                 
A049 3506             (./generated-code/):00047 [7]     185             PULS A,B
A04B A7C8D9           (./generated-code/):00048 [5]     190             STA -39,U
A04E E7C879           (./generated-code/):00049 [5]     195             STB 121,U
                      (./generated-code/):00050                 
A051 3502             (./generated-code/):00051 [6]     201             PULS A
A053 A7C8AE           (./generated-code/):00052 [5]     206             STA -82,U
                      (./generated-code/):00053                 
A056 3546             (./generated-code/):00054 [9]     215             PULS A,B,U
A058 A7C826           (./generated-code/):00055 [5]     220             STA 38,U
A05B E75E             (./generated-code/):00056 [5]     225             STB -2,U
                      (./generated-code/):00057                 
A05D 3506             (./generated-code/):00058 [7]     232             PULS A,B
A05F A7C8D9           (./generated-code/):00059 [5]     237             STA -39,U
A062 E7C8AE           (./generated-code/):00060 [5]     242             STB -82,U
                      (./generated-code/):00061                 
A065 3506             (./generated-code/):00062 [7]     249             PULS A,B
A067 A7C8B1           (./generated-code/):00063 [5]     254             STA -79,U
A06A E7C886           (./generated-code/):00064 [5]     259             STB -122,U
                      (./generated-code/):00065                 
A06D 3506             (./generated-code/):00066 [7]     266             PULS A,B
A06F A7C876           (./generated-code/):00067 [5]     271             STA 118,U
A072 E7C8D6           (./generated-code/):00068 [5]     276             STB -42,U
                      (./generated-code/):00069                 
A075 3506             (./generated-code/):00070 [7]     283             PULS A,B
A077 A7C84E           (./generated-code/):00071 [5]     288             STA 78,U
A07A E7C889           (./generated-code/):00072 [5]     293             STB -119,U
                      (./generated-code/):00073                 
A07D 3506             (./generated-code/):00074 [7]     300             PULS A,B
A07F A7C879           (./generated-code/):00075 [5]     305             STA 121,U
A082 E7C851           (./generated-code/):00076 [5]     310             STB 81,U
                      (./generated-code/):00077                 
A085 3552             (./generated-code/):00078 [10]    320             PULS A,X,U
A087 3612             (./generated-code/):00079 [8]     328             PSHU A,X
                      (./generated-code/):00080                 
A089 3506             (./generated-code/):00081 [7]     335             PULS A,B
A08B A7C877           (./generated-code/):00082 [5]     340             STA 119,U
A08E E7C87A           (./generated-code/):00083 [5]     345             STB 122,U
                      (./generated-code/):00084                 
A091 3506             (./generated-code/):00085 [7]     352             PULS A,B
A093 A7C82A           (./generated-code/):00086 [5]     357             STA 42,U
A096 E7C852           (./generated-code/):00087 [5]     362             STB 82,U
                      (./generated-code/):00088                 
A099 3506             (./generated-code/):00089 [7]     369             PULS A,B
A09B A7C84F           (./generated-code/):00090 [5]     374             STA 79,U
A09E E7C827           (./generated-code/):00091 [5]     379             STB 39,U
                      (./generated-code/):00092                 
A0A1 3552             (./generated-code/):00093 [10]    389             PULS A,X,U
A0A3 3612             (./generated-code/):00094 [8]     397             PSHU A,X
                      (./generated-code/):00095                 
A0A5 3552             (./generated-code/):00096 [10]    407             PULS A,X,U
A0A7 3612             (./generated-code/):00097 [8]     415             PSHU A,X
                      (./generated-code/):00098                 
A0A9 3552             (./generated-code/):00099 [10]    425             PULS A,X,U
A0AB 3612             (./generated-code/):00100 [8]     433             PSHU A,X
                      (./generated-code/):00101                 
A0AD 3506             (./generated-code/):00102 [7]     440             PULS D
A0AF EDC8D8           (./generated-code/):00103 [6]     446             STD -40,U
                      (./generated-code/):00104                 
A0B2 3556             (./generated-code/):00105 [11]    457             PULS D,X,U
A0B4 3616             (./generated-code/):00106 [9]     466             PSHU D,X
                      (./generated-code/):00107                 
A0B6 3536             (./generated-code/):00108 [11]    477             PULS D,X,Y
A0B8 EDC879           (./generated-code/):00109 [6]     483             STD 121,U
A0BB AFC82A           (./generated-code/):00110 [6]     489             STX 42,U
A0BE 10AFC852         (./generated-code/):00111 [7]     496             STY 82,U
                      (./generated-code/):00112                 
A0C2 3516             (./generated-code/):00113 [9]     505             PULS D,X
A0C4 EDC850           (./generated-code/):00114 [6]     511             STD 80,U
A0C7 AFC828           (./generated-code/):00115 [6]     517             STX 40,U
                      (./generated-code/):00116                 
A0CA 3556             (./generated-code/):00117 [11]    528             PULS D,X,U
A0CC 3616             (./generated-code/):00118 [9]     537             PSHU D,X
                      (./generated-code/):00119                 
A0CE 3556             (./generated-code/):00120 [11]    548             PULS D,X,U
A0D0 3616             (./generated-code/):00121 [9]     557             PSHU D,X
                      (./generated-code/):00122                 
A0D2 3556             (./generated-code/):00123 [11]    568             PULS D,X,U
A0D4 3616             (./generated-code/):00124 [9]     577             PSHU D,X
                      (./generated-code/):00125                 
A0D6 3556             (./generated-code/):00126 [11]    588             PULS D,X,U
A0D8 3616             (./generated-code/):00127 [9]     597             PSHU D,X
                      (./generated-code/):00128                 
A0DA 3556             (./generated-code/):00129 [11]    608             PULS D,X,U
A0DC 3616             (./generated-code/):00130 [9]     617             PSHU D,X
                      (./generated-code/):00131                 
A0DE 3556             (./generated-code/):00132 [11]    628             PULS D,X,U
A0E0 3616             (./generated-code/):00133 [9]     637             PSHU D,X
                      (./generated-code/):00134                 
A0E2 3556             (./generated-code/):00135 [11]    648             PULS D,X,U
A0E4 3616             (./generated-code/):00136 [9]     657             PSHU D,X
                      (./generated-code/):00137                 
A0E6 3556             (./generated-code/):00138 [11]    668             PULS D,X,U
A0E8 3616             (./generated-code/):00139 [9]     677             PSHU D,X
                      (./generated-code/):00140                 
A0EA 3556             (./generated-code/):00141 [11]    688             PULS D,X,U
A0EC 3616             (./generated-code/):00142 [9]     697             PSHU D,X
                      (./generated-code/):00143                 
A0EE 3556             (./generated-code/):00144 [11]    708             PULS D,X,U
A0F0 3616             (./generated-code/):00145 [9]     717             PSHU D,X
                      (./generated-code/):00146                 
A0F2 3556             (./generated-code/):00147 [11]    728             PULS D,X,U
A0F4 3616             (./generated-code/):00148 [9]     737             PSHU D,X
                      (./generated-code/):00149                 
A0F6 3556             (./generated-code/):00150 [11]    748             PULS D,X,U
A0F8 3616             (./generated-code/):00151 [9]     757             PSHU D,X
                      (./generated-code/):00152                 
A0FA 3556             (./generated-code/):00153 [11]    768             PULS D,X,U
A0FC 3616             (./generated-code/):00154 [9]     777             PSHU D,X
                      (./generated-code/):00155                 
A0FE 3552             (./generated-code/):00156 [10]    787             PULS A,X,U
A100 3612             (./generated-code/):00157 [8]     795             PSHU A,X
                      (./generated-code/):00158                 
A102 3552             (./generated-code/):00159 [10]    805             PULS A,X,U
A104 3612             (./generated-code/):00160 [8]     813             PSHU A,X
                      (./generated-code/):00161                 
A106 3506             (./generated-code/):00162 [7]     820             PULS D
A108 EDC8D8           (./generated-code/):00163 [6]     826             STD -40,U
                      (./generated-code/):00164                 
A10B 3552             (./generated-code/):00165 [10]    836             PULS A,X,U
A10D 3612             (./generated-code/):00166 [8]     844             PSHU A,X
                      (./generated-code/):00167                 
A10F 3536             (./generated-code/):00168 [11]    855             PULS D,X,Y
A111 EDC878           (./generated-code/):00169 [6]     861             STD 120,U
A114 AFC828           (./generated-code/):00170 [6]     867             STX 40,U
A117 10AFC850         (./generated-code/):00171 [7]     874             STY 80,U
                      (./generated-code/):00172                 
A11B 3552             (./generated-code/):00173 [10]    884             PULS A,X,U
A11D 3612             (./generated-code/):00174 [8]     892             PSHU A,X
                      (./generated-code/):00175                 
A11F 3552             (./generated-code/):00176 [10]    902             PULS A,X,U
A121 3612             (./generated-code/):00177 [8]     910             PSHU A,X
                      (./generated-code/):00178                 
A123 3552             (./generated-code/):00179 [10]    920             PULS A,X,U
A125 3612             (./generated-code/):00180 [8]     928             PSHU A,X
                      (./generated-code/):00181                 
A127 3556             (./generated-code/):00182 [11]    939             PULS D,X,U
A129 3616             (./generated-code/):00183 [9]     948             PSHU D,X
                      (./generated-code/):00184                 
A12B 3556             (./generated-code/):00185 [11]    959             PULS D,X,U
A12D 3616             (./generated-code/):00186 [9]     968             PSHU D,X
                      (./generated-code/):00187                 
A12F 3552             (./generated-code/):00188 [10]    978             PULS A,X,U
A131 3612             (./generated-code/):00189 [8]     986             PSHU A,X
                      (./generated-code/):00190                 
A133 3552             (./generated-code/):00191 [10]    996             PULS A,X,U
A135 3612             (./generated-code/):00192 [8]     1004            PSHU A,X
                      (./generated-code/):00193                 
A137 3552             (./generated-code/):00194 [10]    1014            PULS A,X,U
A139 3612             (./generated-code/):00195 [8]     1022            PSHU A,X
                      (./generated-code/):00196                 
A13B 3552             (./generated-code/):00197 [10]    1032            PULS A,X,U
A13D 3612             (./generated-code/):00198 [8]     1040            PSHU A,X
                      (./generated-code/):00199                 
A13F 3536             (./generated-code/):00200 [11]    1051            PULS D,X,Y
A141 EDC8D8           (./generated-code/):00201 [6]     1057            STD -40,U
A144 AFC888           (./generated-code/):00202 [6]     1063            STX -120,U
A147 10AFC8B0         (./generated-code/):00203 [7]     1070            STY -80,U
                      (./generated-code/):00204                 
A14B 3552             (./generated-code/):00205 [10]    1080            PULS A,X,U
A14D 3612             (./generated-code/):00206 [8]     1088            PSHU A,X
                      (./generated-code/):00207                 
A14F 3536             (./generated-code/):00208 [11]    1099            PULS D,X,Y
A151 EDC878           (./generated-code/):00209 [6]     1105            STD 120,U
A154 AFC828           (./generated-code/):00210 [6]     1111            STX 40,U
A157 10AFC850         (./generated-code/):00211 [7]     1118            STY 80,U
                      (./generated-code/):00212                 
A15B 3552             (./generated-code/):00213 [10]    1128            PULS A,X,U
A15D 3612             (./generated-code/):00214 [8]     1136            PSHU A,X
                      (./generated-code/):00215                 
A15F 3552             (./generated-code/):00216 [10]    1146            PULS A,X,U
A161 3612             (./generated-code/):00217 [8]     1154            PSHU A,X
                      (./generated-code/):00218                 
A163 3502             (./generated-code/):00219 [6]     1160            PULS A
A165 A743             (./generated-code/):00220 [5]     1165            STA 3,U
                      (./generated-code/):00221                 
A167 3552             (./generated-code/):00222 [10]    1175            PULS A,X,U
A169 3612             (./generated-code/):00223 [8]     1183            PSHU A,X
                      (./generated-code/):00224                 
A16B 3502             (./generated-code/):00225 [6]     1189            PULS A
A16D A743             (./generated-code/):00226 [5]     1194            STA 3,U
                      (./generated-code/):00227                 
A16F 3552             (./generated-code/):00228 [10]    1204            PULS A,X,U
A171 3612             (./generated-code/):00229 [8]     1212            PSHU A,X
                      (./generated-code/):00230                 
A173 3552             (./generated-code/):00231 [10]    1222            PULS A,X,U
A175 3612             (./generated-code/):00232 [8]     1230            PSHU A,X
                      (./generated-code/):00233                 
A177 3552             (./generated-code/):00234 [10]    1240            PULS A,X,U
A179 3612             (./generated-code/):00235 [8]     1248            PSHU A,X
                      (./generated-code/):00236                 
A17B 3552             (./generated-code/):00237 [10]    1258            PULS A,X,U
A17D 3612             (./generated-code/):00238 [8]     1266            PSHU A,X
                      (./generated-code/):00239                 
A17F 3516             (./generated-code/):00240 [9]     1275            PULS A,B,X
A181 A7C8D7           (./generated-code/):00241 [5]     1280            STA -41,U
A184 E7C887           (./generated-code/):00242 [5]     1285            STB -121,U
A187 AFC8B1           (./generated-code/):00243 [6]     1291            STX -79,U
                      (./generated-code/):00244                 
A18A 3516             (./generated-code/):00245 [9]     1300            PULS A,B,X
A18C A7C88A           (./generated-code/):00246 [5]     1305            STA -118,U
A18F E7C8AF           (./generated-code/):00247 [5]     1310            STB -81,U
A192 AFC8D9           (./generated-code/):00248 [6]     1316            STX -39,U
                      (./generated-code/):00249                 
A195 3546             (./generated-code/):00250 [9]     1325            PULS A,B,U
A197 A75E             (./generated-code/):00251 [5]     1330            STA -2,U
A199 E741             (./generated-code/):00252 [5]     1335            STB 1,U
                      (./generated-code/):00253                 
A19B 3542             (./generated-code/):00254 [8]     1343            PULS A,U
A19D A7C876           (./generated-code/):00255 [5]     1348            STA 118,U
                      (./generated-code/):00256                 
A1A0 3506             (./generated-code/):00257 [7]     1355            PULS A,B
A1A2 A7C879           (./generated-code/):00258 [5]     1360            STA 121,U
A1A5 E7C84E           (./generated-code/):00259 [5]     1365            STB 78,U
                      (./generated-code/):00260                 
A1A8 3506             (./generated-code/):00261 [7]     1372            PULS A,B
A1AA A7C851           (./generated-code/):00262 [5]     1377            STA 81,U
A1AD E75E             (./generated-code/):00263 [5]     1382            STB -2,U
                      (./generated-code/):00264                 
A1AF 3506             (./generated-code/):00265 [7]     1389            PULS A,B
A1B1 A7C826           (./generated-code/):00266 [5]     1394            STA 38,U
A1B4 E7C8AE           (./generated-code/):00267 [5]     1399            STB -82,U
                      (./generated-code/):00268                 
A1B7 3512             (./generated-code/):00269 [8]     1407            PULS A,X
A1B9 A7C8D6           (./generated-code/):00270 [5]     1412            STA -42,U
A1BC AFC886           (./generated-code/):00271 [6]     1418            STX -122,U
                      (./generated-code/):00272                 
A1BF 3546             (./generated-code/):00273 [9]     1427            PULS A,B,U
A1C1 A7C8B0           (./generated-code/):00274 [5]     1432            STA -80,U
A1C4 E7C8B2           (./generated-code/):00275 [5]     1437            STB -78,U
                      (./generated-code/):00276                 
A1C7 3536             (./generated-code/):00277 [11]    1448            PULS D,X,Y
A1C9 EDC877           (./generated-code/):00278 [6]     1454            STD 119,U
A1CC AFC84F           (./generated-code/):00279 [6]     1460            STX 79,U
A1CF 10AFC827         (./generated-code/):00280 [7]     1467            STY 39,U
                      (./generated-code/):00281                 
A1D3 3516             (./generated-code/):00282 [9]     1476            PULS D,X
A1D5 ED5F             (./generated-code/):00283 [6]     1482            STD -1,U
A1D7 AFC8D7           (./generated-code/):00284 [6]     1488            STX -41,U
                      (./generated-code/):00285                 
A1DA 3506             (./generated-code/):00286 [7]     1495            PULS A,B
A1DC A7C888           (./generated-code/):00287 [5]     1500            STA -120,U
A1DF E7C88A           (./generated-code/):00288 [5]     1505            STB -118,U
                      (./generated-code/):00289                 
A1E2 3546             (./generated-code/):00290 [9]     1514            PULS D,U
A1E4 EDC877           (./generated-code/):00291 [6]     1520            STD 119,U
                      (./generated-code/):00292                 
A1E7 3536             (./generated-code/):00293 [11]    1531            PULS D,X,Y
A1E9 EDC84F           (./generated-code/):00294 [6]     1537            STD 79,U
A1EC AFC8D7           (./generated-code/):00295 [6]     1543            STX -41,U
A1EF 10AFC8AF         (./generated-code/):00296 [7]     1550            STY -81,U
                      (./generated-code/):00297                 
A1F3 3506             (./generated-code/):00298 [7]     1557            PULS D
A1F5 EDC886           (./generated-code/):00299 [6]     1563            STD -122,U
                      (./generated-code/):00300                 
A1F8 3536             (./generated-code/):00301 [11]    1574            PULS A,B,X,Y
A1FA A7C8B1           (./generated-code/):00302 [5]     1579            STA -79,U
A1FD E7C851           (./generated-code/):00303 [5]     1584            STB 81,U
A200 AFC828           (./generated-code/):00304 [6]     1590            STX 40,U
A203 10AFC4           (./generated-code/):00305 [6]     1596            STY ,U
                      (./generated-code/):00306                 
A206 3516             (./generated-code/):00307 [9]     1605            PULS A,B,X
A208 A7C8D9           (./generated-code/):00308 [5]     1610            STA -39,U
A20B E7C879           (./generated-code/):00309 [5]     1615            STB 121,U
A20E AFC888           (./generated-code/):00310 [6]     1621            STX -120,U
                      (./generated-code/):00311                 
A211 3556             (./generated-code/):00312 [11]    1632            PULS D,X,U
A213 3616             (./generated-code/):00313 [9]     1641            PSHU D,X
                      (./generated-code/):00314                 
A215 3536             (./generated-code/):00315 [11]    1652            PULS D,X,Y
A217 EDC87A           (./generated-code/):00316 [6]     1658            STD 122,U
A21A AFC82A           (./generated-code/):00317 [6]     1664            STX 42,U
A21D 10AFC852         (./generated-code/):00318 [7]     1671            STY 82,U
                      (./generated-code/):00319                 
A221 3536             (./generated-code/):00320 [11]    1682            PULS D,X,Y
A223 EDC878           (./generated-code/):00321 [6]     1688            STD 120,U
A226 AFC850           (./generated-code/):00322 [6]     1694            STX 80,U
A229 10AFC828         (./generated-code/):00323 [7]     1701            STY 40,U
                      (./generated-code/):00324                 
A22D 3556             (./generated-code/):00325 [11]    1712            PULS D,X,U
A22F 3616             (./generated-code/):00326 [9]     1721            PSHU D,X
                      (./generated-code/):00327                 
A231 3556             (./generated-code/):00328 [11]    1732            PULS D,X,U
A233 3616             (./generated-code/):00329 [9]     1741            PSHU D,X
                      (./generated-code/):00330                 
A235 3556             (./generated-code/):00331 [11]    1752            PULS D,X,U
A237 3616             (./generated-code/):00332 [9]     1761            PSHU D,X
                      (./generated-code/):00333                 
A239 3556             (./generated-code/):00334 [11]    1772            PULS D,X,U
A23B 3616             (./generated-code/):00335 [9]     1781            PSHU D,X
                      (./generated-code/):00336                 
A23D 3556             (./generated-code/):00337 [11]    1792            PULS D,X,U
A23F 3616             (./generated-code/):00338 [9]     1801            PSHU D,X
                      (./generated-code/):00339                 
A241 3556             (./generated-code/):00340 [11]    1812            PULS D,X,U
A243 3616             (./generated-code/):00341 [9]     1821            PSHU D,X
                      (./generated-code/):00342                 
A245 3556             (./generated-code/):00343 [11]    1832            PULS D,X,U
A247 3616             (./generated-code/):00344 [9]     1841            PSHU D,X
                      (./generated-code/):00345                 
A249 3556             (./generated-code/):00346 [11]    1852            PULS D,X,U
A24B 3616             (./generated-code/):00347 [9]     1861            PSHU D,X
                      (./generated-code/):00348                 
A24D 3556             (./generated-code/):00349 [11]    1872            PULS D,X,U
A24F 3616             (./generated-code/):00350 [9]     1881            PSHU D,X
                      (./generated-code/):00351                 
A251 3556             (./generated-code/):00352 [11]    1892            PULS D,X,U
A253 3616             (./generated-code/):00353 [9]     1901            PSHU D,X
                      (./generated-code/):00354                 
A255 3556             (./generated-code/):00355 [11]    1912            PULS D,X,U
A257 3616             (./generated-code/):00356 [9]     1921            PSHU D,X
                      (./generated-code/):00357                 
A259 3556             (./generated-code/):00358 [11]    1932            PULS D,X,U
A25B 3616             (./generated-code/):00359 [9]     1941            PSHU D,X
                      (./generated-code/):00360                 
A25D 3556             (./generated-code/):00361 [11]    1952            PULS D,X,U
A25F 3616             (./generated-code/):00362 [9]     1961            PSHU D,X
                      (./generated-code/):00363                 
A261 3552             (./generated-code/):00364 [10]    1971            PULS A,X,U
A263 3612             (./generated-code/):00365 [8]     1979            PSHU A,X
                      (./generated-code/):00366                 
A265 3536             (./generated-code/):00367 [11]    1990            PULS A,B,X,Y
A267 A7C852           (./generated-code/):00368 [5]     1995            STA 82,U
A26A E7C82A           (./generated-code/):00369 [5]     2000            STB 42,U
A26D AFC828           (./generated-code/):00370 [6]     2006            STX 40,U
A270 10AFC850         (./generated-code/):00371 [7]     2013            STY 80,U
                      (./generated-code/):00372                 
A274 3552             (./generated-code/):00373 [10]    2023            PULS A,X,U
A276 3612             (./generated-code/):00374 [8]     2031            PSHU A,X
                      (./generated-code/):00375                 
A278 3552             (./generated-code/):00376 [10]    2041            PULS A,X,U
A27A 3612             (./generated-code/):00377 [8]     2049            PSHU A,X
                      (./generated-code/):00378                 
A27C 3552             (./generated-code/):00379 [10]    2059            PULS A,X,U
A27E 3612             (./generated-code/):00380 [8]     2067            PSHU A,X
                      (./generated-code/):00381                 
A280 3556             (./generated-code/):00382 [11]    2078            PULS D,X,U
A282 3616             (./generated-code/):00383 [9]     2087            PSHU D,X
                      (./generated-code/):00384                 
A284 3556             (./generated-code/):00385 [11]    2098            PULS D,X,U
A286 3616             (./generated-code/):00386 [9]     2107            PSHU D,X
                      (./generated-code/):00387                 
A288 3556             (./generated-code/):00388 [11]    2118            PULS D,X,U
A28A 3616             (./generated-code/):00389 [9]     2127            PSHU D,X
                      (./generated-code/):00390                 
A28C 3556             (./generated-code/):00391 [11]    2138            PULS D,X,U
A28E 3616             (./generated-code/):00392 [9]     2147            PSHU D,X
                      (./generated-code/):00393                 
A290 3556             (./generated-code/):00394 [11]    2158            PULS D,X,U
A292 3616             (./generated-code/):00395 [9]     2167            PSHU D,X
                      (./generated-code/):00396                 
A294 3556             (./generated-code/):00397 [11]    2178            PULS D,X,U
A296 3616             (./generated-code/):00398 [9]     2187            PSHU D,X
                      (./generated-code/):00399                 
A298 3552             (./generated-code/):00400 [10]    2197            PULS A,X,U
A29A 3612             (./generated-code/):00401 [8]     2205            PSHU A,X
                      (./generated-code/):00402                 
A29C 3552             (./generated-code/):00403 [10]    2215            PULS A,X,U
A29E 3612             (./generated-code/):00404 [8]     2223            PSHU A,X
                      (./generated-code/):00405                 
A2A0 3512             (./generated-code/):00406 [8]     2231            PULS A,X
A2A2 A7C8DA           (./generated-code/):00407 [5]     2236            STA -38,U
A2A5 AFC8D8           (./generated-code/):00408 [6]     2242            STX -40,U
                      (./generated-code/):00409                 
A2A8 3552             (./generated-code/):00410 [10]    2252            PULS A,X,U
A2AA 3612             (./generated-code/):00411 [8]     2260            PSHU A,X
                      (./generated-code/):00412                 
A2AC 3506             (./generated-code/):00413 [7]     2267            PULS D
A2AE EDC878           (./generated-code/):00414 [6]     2273            STD 120,U
                      (./generated-code/):00415                 
A2B1 3532             (./generated-code/):00416 [10]    2283            PULS A,X,Y
A2B3 A7C87A           (./generated-code/):00417 [5]     2288            STA 122,U
A2B6 AFC828           (./generated-code/):00418 [6]     2294            STX 40,U
A2B9 10AFC850         (./generated-code/):00419 [7]     2301            STY 80,U
                      (./generated-code/):00420                 
A2BD 3552             (./generated-code/):00421 [10]    2311            PULS A,X,U
A2BF 3612             (./generated-code/):00422 [8]     2319            PSHU A,X
                      (./generated-code/):00423                 
A2C1 3552             (./generated-code/):00424 [10]    2329            PULS A,X,U
A2C3 3612             (./generated-code/):00425 [8]     2337            PSHU A,X
                      (./generated-code/):00426                 
A2C5 3502             (./generated-code/):00427 [6]     2343            PULS A
A2C7 A743             (./generated-code/):00428 [5]     2348            STA 3,U
                      (./generated-code/):00429                 
A2C9 3552             (./generated-code/):00430 [10]    2358            PULS A,X,U
A2CB 3612             (./generated-code/):00431 [8]     2366            PSHU A,X
                      (./generated-code/):00432                 
A2CD 3502             (./generated-code/):00433 [6]     2372            PULS A
A2CF A743             (./generated-code/):00434 [5]     2377            STA 3,U
                      (./generated-code/):00435                 
A2D1 3556             (./generated-code/):00436 [11]    2388            PULS D,X,U
A2D3 3616             (./generated-code/):00437 [9]     2397            PSHU D,X
                      (./generated-code/):00438                 
A2D5 3556             (./generated-code/):00439 [11]    2408            PULS D,X,U
A2D7 3616             (./generated-code/):00440 [9]     2417            PSHU D,X
                      (./generated-code/):00441                 
A2D9 3536             (./generated-code/):00442 [11]    2428            PULS D,X,Y
A2DB EDC8DA           (./generated-code/):00443 [6]     2434            STD -38,U
A2DE AFC8B2           (./generated-code/):00444 [6]     2440            STX -78,U
A2E1 10AFC8D8         (./generated-code/):00445 [7]     2447            STY -40,U
                      (./generated-code/):00446                 
A2E5 3506             (./generated-code/):00447 [7]     2454            PULS D
A2E7 EDC8B0           (./generated-code/):00448 [6]     2460            STD -80,U
                      (./generated-code/):00449                 
A2EA 33E4             (./generated-code/):00450 [4]     2464            LEAU ,S
A2EC 10FE9FFE         (./generated-code/):00451 [7]     2471            LDS glb_register_s
A2F0 39               (./generated-code/):00452 [5]     2476            RTS
                      (./generated-code/):00453                 
     023C             (./generated-code/):00454                 DataSize equ $023C
