                      (./generated-code/):00001                 INCLUDE "./Engine/Constants.asm"
                      (./Engine/Constant):00001         * ---------------------------------------------------------------------------
                      (./Engine/Constant):00002         * Constants
                      (./Engine/Constant):00003         *
                      (./Engine/Constant):00004         * Naming convention
                      (./Engine/Constant):00005         * -----------------
                      (./Engine/Constant):00006         * - lower case
                      (./Engine/Constant):00007         * - underscore-separated names
                      (./Engine/Constant):00008         *
                      (./Engine/Constant):00009         * ---------------------------------------------------------------------------
                      (./Engine/Constant):00010         
                      (./Engine/Constant):00011         * ===========================================================================
                      (./Engine/Constant):00012         * TO8 Registers
                      (./Engine/Constant):00013         * ===========================================================================
                      (./Engine/Constant):00014         
                      (./Engine/Constant):00015         ; Disk routine registers (ROM)
                      (./Engine/Constant):00016         
     6049             (./Engine/Constant):00017         dk_drive                      equ $6049
     604A             (./Engine/Constant):00018         dk_track                      equ $604A
     604B             (./Engine/Constant):00019         dk_track_lsb                  equ $604B
     604C             (./Engine/Constant):00020         dk_sector                     equ $604C
     604F             (./Engine/Constant):00021         dk_write_location             equ $604F
                      (./Engine/Constant):00022         
                      (./Engine/Constant):00023         * ===========================================================================
                      (./Engine/Constant):00024         * Globals
                      (./Engine/Constant):00025         * ===========================================================================
                      (./Engine/Constant):00026         
     009F             (./Engine/Constant):00027         glb_direct_page               equ $9F    ; direct page for globals
                      (./Engine/Constant):00028         
                      (./Engine/Constant):00029         ; compilated sprite
     9FFE             (./Engine/Constant):00030         glb_register_s                equ $9FFE  ; reverved space to store S from ROM routines
                      (./Engine/Constant):00031         
                      (./Engine/Constant):00032         ; DrawSprites
     9FFC             (./Engine/Constant):00033         glb_screen_location_1         equ $9FFC  ; start address for rendering of current sprite Part1     
     9FFA             (./Engine/Constant):00034         glb_screen_location_2         equ $9FFA  ; start address for rendering of current sprite Part2 (Must follow Part1)
                      (./Engine/Constant):00035         
                      (./Engine/Constant):00036         ; CheckSpritesRefresh
     9FF9             (./Engine/Constant):00037         glb_cur_priority              equ $9FF9
     9FF7             (./Engine/Constant):00038         glb_cur_ptr_sub_obj_erase     equ $9FF7
     9FF5             (./Engine/Constant):00039         glb_cur_ptr_sub_obj_draw      equ $9FF5
     9FF3             (./Engine/Constant):00040         glb_camera_x_pos              equ $9FF3 ; camera x position in palyfield coordinates
     9FF1             (./Engine/Constant):00041         glb_camera_y_pos              equ $9FF1 ; camera y position in palyfield coordinates
     9FEF             (./Engine/Constant):00042         glb_camera_x_min_pos          equ $9FEF
     9FED             (./Engine/Constant):00043         glb_camera_y_min_pos          equ $9FED
     9FEB             (./Engine/Constant):00044         glb_camera_x_max_pos          equ $9FEB
     9FE9             (./Engine/Constant):00045         glb_camera_y_max_pos          equ $9FE9
     9FE8             (./Engine/Constant):00046         glb_force_sprite_refresh      equ $9FE8
     9FE7             (./Engine/Constant):00047         glb_camera_move               equ $9FE7
     9FE6             (./Engine/Constant):00048         glb_alphaTiles                equ $9FE6
     9F00             (./Engine/Constant):00049         glb_tmp_var                   equ $9F00 ; custom tmp var space for routine
     9F00             (./Engine/Constant):00050         glb_system_stack              equ $9F00
                      (./Engine/Constant):00051         
                      (./Engine/Constant):00052         * ===========================================================================
                      (./Engine/Constant):00053         * Display Constants
                      (./Engine/Constant):00054         * ===========================================================================
                      (./Engine/Constant):00055         
     00A0             (./Engine/Constant):00056         screen_width                  equ 160    ; in pixel
     001C             (./Engine/Constant):00057         screen_top                    equ 28     ; in pixel
     00E3             (./Engine/Constant):00058         screen_bottom                 equ 28+199 ; in pixel
     0030             (./Engine/Constant):00059         screen_left                   equ 48     ; in pixel
     00CF             (./Engine/Constant):00060         screen_right                  equ 48+159 ; in pixel
     0008             (./Engine/Constant):00061         nb_priority_levels            equ 8      ; number of priority levels (need code change if modified)
                      (./Engine/Constant):00062         
                      (./Engine/Constant):00063         * ===========================================================================
                      (./Engine/Constant):00064         * Images Constants
                      (./Engine/Constant):00065         * ===========================================================================
                      (./Engine/Constant):00066         
     0004             (./Engine/Constant):00067         image_x_size                  equ 4
     0005             (./Engine/Constant):00068         image_y_size                  equ 5
     0006             (./Engine/Constant):00069         image_center_offset           equ 6
                      (./Engine/Constant):00070         
     0004             (./Engine/Constant):00071         image_subset_x1_offset        equ 4
     0005             (./Engine/Constant):00072         image_subset_y1_offset        equ 5
                      (./Engine/Constant):00073         
     0000             (./Engine/Constant):00074         page_draw_routine             equ 0
     0001             (./Engine/Constant):00075         draw_routine                  equ 1
     0003             (./Engine/Constant):00076         page_erase_routine            equ 3
     0004             (./Engine/Constant):00077         erase_routine                 equ 4
     0006             (./Engine/Constant):00078         erase_nb_cell                 equ 6
                      (./Engine/Constant):00079         
                      (./Engine/Constant):00080         * ===========================================================================
                      (./Engine/Constant):00081         * Sound Constants
                      (./Engine/Constant):00082         * ===========================================================================
                      (./Engine/Constant):00083         
     0000             (./Engine/Constant):00084         sound_page        equ 0
     0001             (./Engine/Constant):00085         sound_start_addr  equ 1
     0003             (./Engine/Constant):00086         sound_end_addr    equ 3
     0005             (./Engine/Constant):00087         sound_meta_size   equ 5
                      (./Engine/Constant):00088         
                      (./Engine/Constant):00089         * ===========================================================================
                      (./Engine/Constant):00090         * Object Constants
                      (./Engine/Constant):00091         * ===========================================================================
                      (./Engine/Constant):00092         
     005D             (./Engine/Constant):00093         object_core_size              equ 93  ; the size of an object without ext_vars - DEPENDENCY ClearObj routine
     ????             (./Engine/Constant):00094         object_size                   equ object_core_size+ext_variables_size ; the size of a dynamic object
     ????             (./Engine/Constant):00095         next_object                   equ object_size
     005D             (./Engine/Constant):00096         ext_variables                 equ object_core_size ; start of reserved space for additionnal variables
                      (./Engine/Constant):00097         
     0000             (./Engine/Constant):00098         id                            equ 0           ; reference to object model id (ObjID_) (0: free slot)
     0001             (./Engine/Constant):00099         subtype                       equ 1           ; reference to object subtype (Sub_)
     0002             (./Engine/Constant):00100         render_flags                  equ 2
                      (./Engine/Constant):00101         
                      (./Engine/Constant):00102         * --- render_flags bitfield variables ---
     0001             (./Engine/Constant):00103         render_xmirror_mask           equ $01 ; (bit 0) DEPENDENCY should be bit 0 - tell display engine to mirror sprite on horizontal axis
     0002             (./Engine/Constant):00104         render_ymirror_mask           equ $02 ; (bit 1) DEPENDENCY should be bit 1 - tell display engine to mirror sprite on vertical axis
     0004             (./Engine/Constant):00105         render_overlay_mask           equ $04 ; (bit 2) DEPENDENCY should be bit 2 - compilated sprite with no background save
     0008             (./Engine/Constant):00106         render_motionless_mask        equ $08 ; (bit 3) tell display engine to compute sub image and position check only once until the flag is removed  
     0010             (./Engine/Constant):00107         render_playfieldcoord_mask    equ $10 ; (bit 4) tell display engine to use playfield (1) or screen (0) coordinates
     0020             (./Engine/Constant):00108         render_hide_mask              equ $20 ; (bit 5) tell display engine to hide sprite (keep priority and mapping_frame)
     0040             (./Engine/Constant):00109         render_todelete_mask          equ $40 ; (bit 6) tell display engine to delete sprite and clear OST for this object
     0080             (./Engine/Constant):00110         render_xloop_mask             equ $80 ; (bit 7) (screen coordinate) tell display engine to hide sprite when x is out of screen (0) or to display (1)  
                      (./Engine/Constant):00111          
     0003             (./Engine/Constant):00112         priority                      equ 3           ; display priority (0: nothing to display, 1:front, ..., 8:back)
     0004             (./Engine/Constant):00113         anim                          equ 4  ; and 5  ; reference to current animation (Ani_)
     0006             (./Engine/Constant):00114         prev_anim                     equ 6  ; and 7  ; reference to previous animation (Ani_)
     0008             (./Engine/Constant):00115         anim_frame                    equ 8           ; index of current frame in animation
     0009             (./Engine/Constant):00116         anim_frame_duration           equ 9           ; number of frames for each image in animation, range: 00-7F (0-127), 0 means display only during one frame
     000A             (./Engine/Constant):00117         anim_flags                    equ 10          ; byte offset to reference an anim_flags LUT (adv) / store a link flag (non adv)
                      (./Engine/Constant):00118         
                      (./Engine/Constant):00119         * --- anim_flags bitfield variables ---
     0001             (./Engine/Constant):00120         anim_link_mask                equ $01 ; (bit 0) if set, allow the load of a new animation without reseting anim_frame and anim_frame_duration
                      (./Engine/Constant):00121         
     000B             (./Engine/Constant):00122         status_flags                  equ 11          ; orientation of sprite, is applied to animation xmirror flag during AnimateSprite
                      (./Engine/Constant):00123         
                      (./Engine/Constant):00124         * --- status_flags bitfield variables ---
     0001             (./Engine/Constant):00125         status_xflip_mask             equ $01 ; (bit 0) X Flip
     0002             (./Engine/Constant):00126         status_yflip_mask             equ $02 ; (bit 1) Y Flip
                      (./Engine/Constant):00127         
     000C             (./Engine/Constant):00128         image_set                     equ 12 ; and 13 ; reference to current image (Img_) (0000 if no image)
     000E             (./Engine/Constant):00129         x_pos                         equ 14 ; and 15 ; x playfield coordinate
     0010             (./Engine/Constant):00130         x_sub                         equ 16          ; x subpixel (1/256 of a pixel), must follow x_pos in data structure
     0011             (./Engine/Constant):00131         y_pos                         equ 17 ; and 18 ; y playfield coordinate
     0013             (./Engine/Constant):00132         y_sub                         equ 19          ; y subpixel (1/256 of a pixel), must follow y_pos in data structure
     0014             (./Engine/Constant):00133         xy_pixel                      equ 20          ; x and y screen coordinate
     0014             (./Engine/Constant):00134         x_pixel                       equ 20          ; x screen coordinate
     0015             (./Engine/Constant):00135         y_pixel                       equ 21          ; y screen coordinate, must follow x_pixel
                      (./Engine/Constant):00136         ;x_offset                      equ 93          ; x screen coordinate offset that is applied at rendering
                      (./Engine/Constant):00137         ;y_offset                      equ 94          ; x screen coordinate offset that is applied at rendering
     0016             (./Engine/Constant):00138         x_vel                         equ 22 ; and 23 ; horizontal velocity
     0018             (./Engine/Constant):00139         y_vel                         equ 24 ; and 25 ; vertical velocity
     001A             (./Engine/Constant):00140         x_acl                         equ 26 ; and 27 ; horizontal gravity
     001C             (./Engine/Constant):00141         y_acl                         equ 28 ; and 29 ; vertical gravity
     001E             (./Engine/Constant):00142         routine                       equ 30          ; index of current object routine
     001F             (./Engine/Constant):00143         routine_secondary             equ 31          ; index of current secondary routine
     0020             (./Engine/Constant):00144         routine_tertiary              equ 32          ; index of current tertiary routine
     0021             (./Engine/Constant):00145         routine_quaternary            equ 33          ; index of current quaternary routine
                      (./Engine/Constant):00146         
                      (./Engine/Constant):00147         * ---------------------------------------------------------------------------
                      (./Engine/Constant):00148         * reserved variables (update by engine)
                      (./Engine/Constant):00149         
     0022             (./Engine/Constant):00150         rsv_render_flags              equ 34
                      (./Engine/Constant):00151         
                      (./Engine/Constant):00152         * --- rsv_render_flags bitfield variables ---
     0001             (./Engine/Constant):00153         rsv_render_checkrefresh_mask  equ $01 ; (bit 0) if erasesprite and display sprite flag are processed for this frame
     0002             (./Engine/Constant):00154         rsv_render_erasesprite_mask   equ $02 ; (bit 1) if a sprite need to be cleared on screen
     0004             (./Engine/Constant):00155         rsv_render_displaysprite_mask equ $04 ; (bit 2) if a sprite need to be rendered on screen
     0008             (./Engine/Constant):00156         rsv_render_outofrange_mask    equ $08 ; (bit 3) if a sprite is out of range for full rendering in screen
     0080             (./Engine/Constant):00157         rsv_render_onscreen_mask      equ $80 ; (bit 7) DEPENDENCY should be bit 7 - has been rendered on last screen buffer (may be 0 or 1)
                      (./Engine/Constant):00158         
     0023             (./Engine/Constant):00159         rsv_prev_anim                 equ 35 ; and 36 ; reference to previous animation (Ani_) w * UTILE ?
     0025             (./Engine/Constant):00160         rsv_image_center_offset       equ 37 ; 0 or 1 offset that indicate if image center is even or odd (DRS_XYToAddress)
     0026             (./Engine/Constant):00161         rsv_image_subset              equ 38 ; and 39 ; reference to current image regarding mirror flags w
     0028             (./Engine/Constant):00162         rsv_mapping_frame             equ 40 ; and 41 ; reference to current image regarding mirror flags, overlay flag and x precision w
     002A             (./Engine/Constant):00163         rsv_erase_nb_cell             equ 42 ; b 
     002B             (./Engine/Constant):00164         rsv_page_draw_routine         equ 43 ; b
     002C             (./Engine/Constant):00165         rsv_draw_routine              equ 44 ; and 45 ; w
     002E             (./Engine/Constant):00166         rsv_page_erase_routine        equ 46 ; b
     002F             (./Engine/Constant):00167         rsv_erase_routine             equ 47 ; and 48 ; w 
     0031             (./Engine/Constant):00168         rsv_xy1_pixel                 equ 49 ;
     0031             (./Engine/Constant):00169         rsv_x1_pixel                  equ 49 ; x+x_offset-(x_size/2) screen coordinate
     0032             (./Engine/Constant):00170         rsv_y1_pixel                  equ 50 ; y+y_offset-(y_size/2) screen coordinate, must follow rsv_x1_pixel
     0033             (./Engine/Constant):00171         rsv_xy2_pixel                 equ 51 ;
     0033             (./Engine/Constant):00172         rsv_x2_pixel                  equ 51 ; x+x_offset+(x_size/2) screen coordinate
     0034             (./Engine/Constant):00173         rsv_y2_pixel                  equ 52 ; y+y_offset+(y_size/2) screen coordinate, must follow rsv_x2_pixel
                      (./Engine/Constant):00174         
                      (./Engine/Constant):00175         * ---------------------------------------------------------------------------
                      (./Engine/Constant):00176         * reserved variables (engine) - buffer specific
                      (./Engine/Constant):00177         
     0035             (./Engine/Constant):00178         rsv_buffer_0                  equ 53 ; Start index of buffer 0 variables
     0035             (./Engine/Constant):00179         rsv_priority_0                equ 53 ; internal value that hold priority in video buffer 0
     0036             (./Engine/Constant):00180         rsv_priority_prev_obj_0       equ 54 ; and 55 ; previous object (OST address) in display priority list for video buffer 0 (0000 if none) w
     0038             (./Engine/Constant):00181         rsv_priority_next_obj_0       equ 56 ; and 57 ; next object (OST address) in display priority list for video buffer 0 (0000 if none) w
     003A             (./Engine/Constant):00182         rsv_prev_mapping_frame_0      equ 58 ; and 59 ; reference to previous image in video buffer 0 w
     003C             (./Engine/Constant):00183         rsv_prev_erase_nb_cell_0      equ 60 : b
     003D             (./Engine/Constant):00184         rsv_prev_page_erase_routine_0 equ 61 ; b
     003E             (./Engine/Constant):00185         rsv_prev_erase_routine_0      equ 62 ; and 63 ; w
     0040             (./Engine/Constant):00186         rsv_bgdata_0                  equ 64 ; and 65 ; address of background data in screen 0 w
     0042             (./Engine/Constant):00187         rsv_prev_xy_pixel_0           equ 66 ;
     0042             (./Engine/Constant):00188         rsv_prev_x_pixel_0            equ 66 ; previous x screen coordinate b
     0043             (./Engine/Constant):00189         rsv_prev_y_pixel_0            equ 67 ; previous y screen coordinate b, must follow x_pixel
     0044             (./Engine/Constant):00190         rsv_prev_xy1_pixel_0          equ 68 ;
     0044             (./Engine/Constant):00191         rsv_prev_x1_pixel_0           equ 68 ; previous x+x_offset-(x_size/2) screen coordinate b
     0045             (./Engine/Constant):00192         rsv_prev_y1_pixel_0           equ 69 ; previous y+y_offset-(y_size/2) screen coordinate b, must follow x1_pixel
     0046             (./Engine/Constant):00193         rsv_prev_xy2_pixel_0          equ 70 ;
     0046             (./Engine/Constant):00194         rsv_prev_x2_pixel_0           equ 70 ; previous x+x_offset+(x_size/2) screen coordinate b
     0047             (./Engine/Constant):00195         rsv_prev_y2_pixel_0           equ 71 ; previous y+y_offset+(y_size/2) screen coordinate b, must follow x2_pixel
     0048             (./Engine/Constant):00196         rsv_prev_render_flags_0       equ 72 ;
                      (./Engine/Constant):00197         * --- rsv_prev_render_flags_0 bitfield variables ---
     0001             (./Engine/Constant):00198         rsv_prev_render_overlay_mask  equ $01 ; (bit 0) if a sprite has been rendered with compilated sprite and no background save on screen buffer 0/1
     0080             (./Engine/Constant):00199         rsv_prev_render_onscreen_mask equ $80 ; (bit 7) DEPENDENCY should be bit 7 - has been rendered on screen buffer 0/1
                      (./Engine/Constant):00200         
     0049             (./Engine/Constant):00201         rsv_buffer_1                  equ 73 ; Start index of buffer 1 variables
     0049             (./Engine/Constant):00202         rsv_priority_1                equ 73 ; internal value that hold priority in video buffer 1
     004A             (./Engine/Constant):00203         rsv_priority_prev_obj_1       equ 74 ; and 75 ; previous object (OST address) in display priority list for video buffer 1 (0000 if none) w
     004C             (./Engine/Constant):00204         rsv_priority_next_obj_1       equ 76 ; and 77 ; next object (OST address) in display priority list for video buffer 1 (0000 if none) w
     004E             (./Engine/Constant):00205         rsv_prev_mapping_frame_1      equ 78 ; and 79 ; reference to previous image in video buffer 1 w
     0050             (./Engine/Constant):00206         rsv_prev_erase_nb_cell_1      equ 80 ; b
     0051             (./Engine/Constant):00207         rsv_prev_page_erase_routine_1 equ 81 ; b
     0052             (./Engine/Constant):00208         rsv_prev_erase_routine_1      equ 82 ; and 83 ; w
     0054             (./Engine/Constant):00209         rsv_bgdata_1                  equ 84 ; and 85 ; address of background data in screen 1 w
     0056             (./Engine/Constant):00210         rsv_prev_xy_pixel_1           equ 86 ;
     0056             (./Engine/Constant):00211         rsv_prev_x_pixel_1            equ 86 ; previous x screen coordinate b
     0057             (./Engine/Constant):00212         rsv_prev_y_pixel_1            equ 87 ; previous y screen coordinate b, must follow x_pixel
     0058             (./Engine/Constant):00213         rsv_prev_xy1_pixel_1          equ 88 ;
     0058             (./Engine/Constant):00214         rsv_prev_x1_pixel_1           equ 88 ; previous x+x_size screen coordinate b
     0059             (./Engine/Constant):00215         rsv_prev_y1_pixel_1           equ 89 ; previous y+y_size screen coordinate b, must follow x_pixel
     005A             (./Engine/Constant):00216         rsv_prev_xy2_pixel_1          equ 90 ;
     005A             (./Engine/Constant):00217         rsv_prev_x2_pixel_1           equ 90 ; previous x+x_size screen coordinate b
     005B             (./Engine/Constant):00218         rsv_prev_y2_pixel_1           equ 91 ; previous y+y_size screen coordinate b, must follow x_pixel
     005C             (./Engine/Constant):00219         rsv_prev_render_flags_1       equ 92 ;
                      (./Engine/Constant):00220         
     0000             (./Engine/Constant):00221         buf_priority                  equ 0  ; offset for each rsv_buffer variables
     0001             (./Engine/Constant):00222         buf_priority_prev_obj         equ 1  ;
     0003             (./Engine/Constant):00223         buf_priority_next_obj         equ 3  ;
     0005             (./Engine/Constant):00224         buf_prev_mapping_frame        equ 5  ;
     0007             (./Engine/Constant):00225         buf_erase_nb_cell             equ 7  ;
     0008             (./Engine/Constant):00226         buf_page_erase_routine        equ 8 ;
     0009             (./Engine/Constant):00227         buf_erase_routine             equ 9 ;
     000B             (./Engine/Constant):00228         buf_bgdata                    equ 11 ;
     000D             (./Engine/Constant):00229         buf_prev_xy_pixel             equ 13 ;
     000D             (./Engine/Constant):00230         buf_prev_x_pixel              equ 13 ;
     000E             (./Engine/Constant):00231         buf_prev_y_pixel              equ 14 ;
     000F             (./Engine/Constant):00232         buf_prev_xy1_pixel            equ 15 ;
     000F             (./Engine/Constant):00233         buf_prev_x1_pixel             equ 15 ;
     0010             (./Engine/Constant):00234         buf_prev_y1_pixel             equ 16 ;
     0011             (./Engine/Constant):00235         buf_prev_xy2_pixel            equ 17 ;
     0011             (./Engine/Constant):00236         buf_prev_x2_pixel             equ 17 ;
     0012             (./Engine/Constant):00237         buf_prev_y2_pixel             equ 18 ;
     0013             (./Engine/Constant):00238         buf_prev_render_flags         equ 19 ;
                      (./generated-code/):00002                 ORG $A000
     FF               (./generated-code/):00003                 SETDP $FF
                      (./generated-code/):00004                 OPT C,CT
A000                  (./generated-code/):00005                 BCKDRAW_Img_SegaSonic_33_0
A000 10FF9FFE         (./generated-code/):00006 [7]     7               STS glb_register_s
                      (./generated-code/):00007                 
A004 32A4             (./generated-code/):00008 [4]     11              LEAS ,Y
A006 33C901DD         (./generated-code/):00009 [8]     19              LEAU 477,U
                      (./generated-code/):00010                 
A00A A6C878           (./generated-code/):00011 [5]     24              LDA 120,U
A00D E6C888           (./generated-code/):00012 [5]     29              LDB -120,U
A010 3406             (./generated-code/):00013 [7]     36              PSHS B,A
A012 C4F0             (./generated-code/):00014 [2]     38              ANDB #$F0
A014 CA0C             (./generated-code/):00015 [2]     40              ORB #$0c
A016 E7C888           (./generated-code/):00016 [5]     45              STB -120,U
A019 A6C8B0           (./generated-code/):00017 [5]     50              LDA -80,U
A01C 3442             (./generated-code/):00018 [8]     58              PSHS U,A
A01E 84F0             (./generated-code/):00019 [2]     60              ANDA #$F0
A020 8A0C             (./generated-code/):00020 [2]     62              ORA #$0c
A022 A7C8B0           (./generated-code/):00021 [5]     67              STA -80,U
A025 8644             (./generated-code/):00022 [2]     69              LDA #$44
A027 A7C878           (./generated-code/):00023 [5]     74              STA 120,U
A02A 33C90118         (./generated-code/):00024 [8]     82              LEAU 280,U
                      (./generated-code/):00025                 
A02E A6C888           (./generated-code/):00026 [5]     87              LDA -120,U
A031 3402             (./generated-code/):00027 [6]     93              PSHS A
A033 8644             (./generated-code/):00028 [2]     95              LDA #$44
A035 A7C888           (./generated-code/):00029 [5]     100             STA -120,U
A038 A6C8B0           (./generated-code/):00030 [5]     105             LDA -80,U
A03B E6C8D8           (./generated-code/):00031 [5]     110             LDB -40,U
A03E 3406             (./generated-code/):00032 [7]     117             PSHS B,A
A040 A6C4             (./generated-code/):00033 [4]     121             LDA ,U
A042 E6C828           (./generated-code/):00034 [5]     126             LDB 40,U
A045 3406             (./generated-code/):00035 [7]     133             PSHS B,A
A047 A6C850           (./generated-code/):00036 [5]     138             LDA 80,U
A04A E6C878           (./generated-code/):00037 [5]     143             LDB 120,U
A04D 3446             (./generated-code/):00038 [9]     152             PSHS U,B,A
A04F 8634             (./generated-code/):00039 [2]     154             LDA #$34
A051 A7C8B0           (./generated-code/):00040 [5]     159             STA -80,U
A054 A7C8D8           (./generated-code/):00041 [5]     164             STA -40,U
A057 A7C4             (./generated-code/):00042 [4]     168             STA ,U
A059 A7C828           (./generated-code/):00043 [5]     173             STA 40,U
A05C A7C850           (./generated-code/):00044 [5]     178             STA 80,U
A05F A7C878           (./generated-code/):00045 [5]     183             STA 120,U
A062 33C90118         (./generated-code/):00046 [8]     191             LEAU 280,U
                      (./generated-code/):00047                 
A066 A6C888           (./generated-code/):00048 [5]     196             LDA -120,U
A069 E6C8B0           (./generated-code/):00049 [5]     201             LDB -80,U
A06C 3406             (./generated-code/):00050 [7]     208             PSHS B,A
A06E A6C8D8           (./generated-code/):00051 [5]     213             LDA -40,U
A071 E6C4             (./generated-code/):00052 [4]     217             LDB ,U
A073 3406             (./generated-code/):00053 [7]     224             PSHS B,A
A075 A6C828           (./generated-code/):00054 [5]     229             LDA 40,U
A078 E6C850           (./generated-code/):00055 [5]     234             LDB 80,U
A07B 3406             (./generated-code/):00056 [7]     241             PSHS B,A
A07D A6C878           (./generated-code/):00057 [5]     246             LDA 120,U
A080 3442             (./generated-code/):00058 [8]     254             PSHS U,A
A082 8644             (./generated-code/):00059 [2]     256             LDA #$44
A084 A7C888           (./generated-code/):00060 [5]     261             STA -120,U
A087 A7C8B0           (./generated-code/):00061 [5]     266             STA -80,U
A08A A7C8D8           (./generated-code/):00062 [5]     271             STA -40,U
A08D A7C4             (./generated-code/):00063 [4]     275             STA ,U
A08F A7C828           (./generated-code/):00064 [5]     280             STA 40,U
A092 A7C850           (./generated-code/):00065 [5]     285             STA 80,U
A095 A7C878           (./generated-code/):00066 [5]     290             STA 120,U
A098 33C90118         (./generated-code/):00067 [8]     298             LEAU 280,U
                      (./generated-code/):00068                 
A09C A6C888           (./generated-code/):00069 [5]     303             LDA -120,U
A09F E6C8B0           (./generated-code/):00070 [5]     308             LDB -80,U
A0A2 3406             (./generated-code/):00071 [7]     315             PSHS B,A
A0A4 A6C8D8           (./generated-code/):00072 [5]     320             LDA -40,U
A0A7 E6C4             (./generated-code/):00073 [4]     324             LDB ,U
A0A9 3406             (./generated-code/):00074 [7]     331             PSHS B,A
A0AB 8644             (./generated-code/):00075 [2]     333             LDA #$44
A0AD A7C888           (./generated-code/):00076 [5]     338             STA -120,U
A0B0 A7C8B0           (./generated-code/):00077 [5]     343             STA -80,U
A0B3 A7C8D8           (./generated-code/):00078 [5]     348             STA -40,U
A0B6 A6C828           (./generated-code/):00079 [5]     353             LDA 40,U
A0B9 E6C850           (./generated-code/):00080 [5]     358             LDB 80,U
A0BC 3406             (./generated-code/):00081 [7]     365             PSHS B,A
A0BE C4F0             (./generated-code/):00082 [2]     367             ANDB #$F0
A0C0 CA03             (./generated-code/):00083 [2]     369             ORB #$03
A0C2 E7C850           (./generated-code/):00084 [5]     374             STB 80,U
A0C5 A6C878           (./generated-code/):00085 [5]     379             LDA 120,U
A0C8 3442             (./generated-code/):00086 [8]     387             PSHS U,A
A0CA 84F0             (./generated-code/):00087 [2]     389             ANDA #$F0
A0CC 8A03             (./generated-code/):00088 [2]     391             ORA #$03
A0CE A7C878           (./generated-code/):00089 [5]     396             STA 120,U
A0D1 8634             (./generated-code/):00090 [2]     398             LDA #$34
A0D3 A7C4             (./generated-code/):00091 [4]     402             STA ,U
A0D5 A7C828           (./generated-code/):00092 [5]     407             STA 40,U
                      (./generated-code/):00093                 
A0D8 DEFC             (./generated-code/):00094 [5]     412             LDU <glb_screen_location_1
A0DA 33C861           (./generated-code/):00095 [5]     417             LEAU 97,U
                      (./generated-code/):00096                 
A0DD A6C8C4           (./generated-code/):00097 [5]     422             LDA -60,U
A0E0 E6C8EC           (./generated-code/):00098 [5]     427             LDB -20,U
A0E3 3406             (./generated-code/):00099 [7]     434             PSHS B,A
A0E5 86C7             (./generated-code/):00100 [2]     436             LDA #$c7
A0E7 A7C8C4           (./generated-code/):00101 [5]     441             STA -60,U
A0EA A7C8EC           (./generated-code/):00102 [5]     446             STA -20,U
A0ED A6C814           (./generated-code/):00103 [5]     451             LDA 20,U
A0F0 3402             (./generated-code/):00104 [6]     457             PSHS A
A0F2 84F0             (./generated-code/):00105 [2]     459             ANDA #$F0
A0F4 8A07             (./generated-code/):00106 [2]     461             ORA #$07
A0F6 A7C814           (./generated-code/):00107 [5]     466             STA 20,U
A0F9 A6C83C           (./generated-code/):00108 [5]     471             LDA 60,U
A0FC 3442             (./generated-code/):00109 [8]     479             PSHS U,A
A0FE 84F0             (./generated-code/):00110 [2]     481             ANDA #$F0
A100 8A07             (./generated-code/):00111 [2]     483             ORA #$07
A102 A7C83C           (./generated-code/):00112 [5]     488             STA 60,U
A105 33C9017C         (./generated-code/):00113 [8]     496             LEAU 380,U
                      (./generated-code/):00114                 
A109 A6C888           (./generated-code/):00115 [5]     501             LDA -120,U
A10C E6C8B0           (./generated-code/):00116 [5]     506             LDB -80,U
A10F 3406             (./generated-code/):00117 [7]     513             PSHS B,A
A111 86CC             (./generated-code/):00118 [2]     515             LDA #$cc
A113 A7C888           (./generated-code/):00119 [5]     520             STA -120,U
A116 A7C8B0           (./generated-code/):00120 [5]     525             STA -80,U
A119 A6C8D8           (./generated-code/):00121 [5]     530             LDA -40,U
A11C E6C4             (./generated-code/):00122 [4]     534             LDB ,U
A11E 3406             (./generated-code/):00123 [7]     541             PSHS B,A
A120 86DD             (./generated-code/):00124 [2]     543             LDA #$dd
A122 A7C8D8           (./generated-code/):00125 [5]     548             STA -40,U
A125 A7C4             (./generated-code/):00126 [4]     552             STA ,U
A127 A6C878           (./generated-code/):00127 [5]     557             LDA 120,U
A12A 3442             (./generated-code/):00128 [8]     565             PSHS U,A
A12C 840F             (./generated-code/):00129 [2]     567             ANDA #$0F
A12E 8A40             (./generated-code/):00130 [2]     569             ORA #$40
A130 A7C878           (./generated-code/):00131 [5]     574             STA 120,U
A133 33C90118         (./generated-code/):00132 [8]     582             LEAU 280,U
                      (./generated-code/):00133                 
A137 ECC8AF           (./generated-code/):00134 [6]     588             LDD -81,U
A13A 3406             (./generated-code/):00135 [7]     595             PSHS D
A13C 84F0             (./generated-code/):00136 [2]     597             ANDA #$F0
A13E 8A04             (./generated-code/):00137 [2]     599             ORA #$04
A140 C641             (./generated-code/):00138 [2]     601             LDB #$41
A142 EDC8AF           (./generated-code/):00139 [6]     607             STD -81,U
A145 ECC8D7           (./generated-code/):00140 [6]     613             LDD -41,U
A148 3406             (./generated-code/):00141 [7]     620             PSHS D
A14A 84F0             (./generated-code/):00142 [2]     622             ANDA #$F0
A14C 8A04             (./generated-code/):00143 [2]     624             ORA #$04
A14E C641             (./generated-code/):00144 [2]     626             LDB #$41
A150 EDC8D7           (./generated-code/):00145 [6]     632             STD -41,U
A153 EC5F             (./generated-code/):00146 [6]     638             LDD -1,U
A155 3406             (./generated-code/):00147 [7]     645             PSHS D
A157 84F0             (./generated-code/):00148 [2]     647             ANDA #$F0
A159 8A04             (./generated-code/):00149 [2]     649             ORA #$04
A15B C64D             (./generated-code/):00150 [2]     651             LDB #$4d
A15D ED5F             (./generated-code/):00151 [6]     657             STD -1,U
A15F ECC827           (./generated-code/):00152 [6]     663             LDD 39,U
A162 3406             (./generated-code/):00153 [7]     670             PSHS D
A164 84F0             (./generated-code/):00154 [2]     672             ANDA #$F0
A166 8A04             (./generated-code/):00155 [2]     674             ORA #$04
A168 C64D             (./generated-code/):00156 [2]     676             LDB #$4d
A16A EDC827           (./generated-code/):00157 [6]     682             STD 39,U
A16D A6C888           (./generated-code/):00158 [5]     687             LDA -120,U
A170 3402             (./generated-code/):00159 [6]     693             PSHS A
A172 840F             (./generated-code/):00160 [2]     695             ANDA #$0F
A174 8A40             (./generated-code/):00161 [2]     697             ORA #$40
A176 A7C888           (./generated-code/):00162 [5]     702             STA -120,U
A179 AEC84F           (./generated-code/):00163 [6]     708             LDX 79,U
A17C 10AEC877         (./generated-code/):00164 [7]     715             LDY 119,U
A180 3470             (./generated-code/):00165 [11]    726             PSHS U,Y,X
A182 CC4443           (./generated-code/):00166 [3]     729             LDD #$4443
A185 EDC84F           (./generated-code/):00167 [6]     735             STD 79,U
A188 EDC877           (./generated-code/):00168 [6]     741             STD 119,U
A18B 33C90117         (./generated-code/):00169 [8]     749             LEAU 279,U
                      (./generated-code/):00170                 
A18F AEC888           (./generated-code/):00171 [6]     755             LDX -120,U
A192 10AEC4           (./generated-code/):00172 [6]     761             LDY ,U
A195 3430             (./generated-code/):00173 [9]     770             PSHS Y,X
A197 ECC850           (./generated-code/):00174 [6]     776             LDD 80,U
A19A AEC8B0           (./generated-code/):00175 [6]     782             LDX -80,U
A19D 10AEC878         (./generated-code/):00176 [7]     789             LDY 120,U
A1A1 3436             (./generated-code/):00177 [11]    800             PSHS Y,X,D
A1A3 ECC828           (./generated-code/):00178 [6]     806             LDD 40,U
A1A6 AEC8D8           (./generated-code/):00179 [6]     812             LDX -40,U
A1A9 3456             (./generated-code/):00180 [11]    823             PSHS U,X,D
A1AB CC3343           (./generated-code/):00181 [3]     826             LDD #$3343
A1AE EDC828           (./generated-code/):00182 [6]     832             STD 40,U
A1B1 EDC850           (./generated-code/):00183 [6]     838             STD 80,U
A1B4 EDC878           (./generated-code/):00184 [6]     844             STD 120,U
A1B7 8643             (./generated-code/):00185 [2]     846             LDA #$43
A1B9 EDC8D8           (./generated-code/):00186 [6]     852             STD -40,U
A1BC EDC4             (./generated-code/):00187 [5]     857             STD ,U
A1BE C641             (./generated-code/):00188 [2]     859             LDB #$41
A1C0 EDC888           (./generated-code/):00189 [6]     865             STD -120,U
A1C3 EDC8B0           (./generated-code/):00190 [6]     871             STD -80,U
A1C6 33C90119         (./generated-code/):00191 [8]     879             LEAU 281,U
                      (./generated-code/):00192                 
A1CA A6C4             (./generated-code/):00193 [4]     883             LDA ,U
A1CC E6C828           (./generated-code/):00194 [5]     888             LDB 40,U
A1CF AEC887           (./generated-code/):00195 [6]     894             LDX -121,U
A1D2 3416             (./generated-code/):00196 [9]     903             PSHS X,B,A
A1D4 CC3343           (./generated-code/):00197 [3]     906             LDD #$3343
A1D7 EDC887           (./generated-code/):00198 [6]     912             STD -121,U
A1DA ECC8AF           (./generated-code/):00199 [6]     918             LDD -81,U
A1DD 3406             (./generated-code/):00200 [7]     925             PSHS D
A1DF 84F0             (./generated-code/):00201 [2]     927             ANDA #$F0
A1E1 8A03             (./generated-code/):00202 [2]     929             ORA #$03
A1E3 C644             (./generated-code/):00203 [2]     931             LDB #$44
A1E5 EDC8AF           (./generated-code/):00204 [6]     937             STD -81,U
A1E8 ECC8D7           (./generated-code/):00205 [6]     943             LDD -41,U
A1EB 3406             (./generated-code/):00206 [7]     950             PSHS D
A1ED 84F0             (./generated-code/):00207 [2]     952             ANDA #$F0
A1EF 8A03             (./generated-code/):00208 [2]     954             ORA #$03
A1F1 C644             (./generated-code/):00209 [2]     956             LDB #$44
A1F3 EDC8D7           (./generated-code/):00210 [6]     962             STD -41,U
A1F6 E7C4             (./generated-code/):00211 [4]     966             STB ,U
A1F8 E7C828           (./generated-code/):00212 [5]     971             STB 40,U
A1FB A6C850           (./generated-code/):00213 [5]     976             LDA 80,U
A1FE E6C878           (./generated-code/):00214 [5]     981             LDB 120,U
A201 3446             (./generated-code/):00215 [9]     990             PSHS U,B,A
A203 8634             (./generated-code/):00216 [2]     992             LDA #$34
A205 A7C850           (./generated-code/):00217 [5]     997             STA 80,U
A208 A7C878           (./generated-code/):00218 [5]     1002            STA 120,U
A20B 33C900B4         (./generated-code/):00219 [8]     1010            LEAU 180,U
                      (./generated-code/):00220                 
A20F A6C8EC           (./generated-code/):00221 [5]     1015            LDA -20,U
A212 3402             (./generated-code/):00222 [6]     1021            PSHS A
A214 84F0             (./generated-code/):00223 [2]     1023            ANDA #$F0
A216 8A03             (./generated-code/):00224 [2]     1025            ORA #$03
A218 A7C8EC           (./generated-code/):00225 [5]     1030            STA -20,U
A21B A6C814           (./generated-code/):00226 [5]     1035            LDA 20,U
A21E 3442             (./generated-code/):00227 [8]     1043            PSHS U,A
A220 84F0             (./generated-code/):00228 [2]     1045            ANDA #$F0
A222 8A03             (./generated-code/):00229 [2]     1047            ORA #$03
A224 A7C814           (./generated-code/):00230 [5]     1052            STA 20,U
A227 33E4             (./generated-code/):00231 [4]     1056            LEAU ,S
A229                  (./generated-code/):00232                 SSAV_Img_SegaSonic_33_0
A229 10FE9FFE         (./generated-code/):00233 [7]     1063            LDS glb_register_s
A22D 39               (./generated-code/):00234 [5]     1068            RTS
                      (./generated-code/):00235                 
