                      (C:\Users\bhrou\gi):00001                 org   $0196
     FF               (C:\Users\bhrou\gi):00002                 setdp $FF
                      (C:\Users\bhrou\gi):00003         
                      (C:\Users\bhrou\gi):00004         * Generated Code
                      (C:\Users\bhrou\gi):00005         
0196                  (C:\Users\bhrou\gi):00006         Img_tails_5 
0196 070707072B3F0006 (C:\Users\bhrou\gi):00007                 fcb   $07,$07,$07,$07,$2B,$3F,$00,$06,$0D,$00,$00,$03,$0D,$6C
     0D0000030D6C
01A4 0A636704C0116C00 (C:\Users\bhrou\gi):00008                 fcb   $0A,$63,$67,$04,$C0,$11,$6C,$00,$00
     00
01AD                  (C:\Users\bhrou\gi):00009         Img_tails_4 
01AD 070707072C3A0006 (C:\Users\bhrou\gi):00010                 fcb   $07,$07,$07,$07,$2C,$3A,$00,$06,$00,$00,$00,$03,$12,$6A
     00000003126A
01BB 07926626C710     (C:\Users\bhrou\gi):00011                 fcb   $07,$92,$66,$26,$C7,$10
01C1                  (C:\Users\bhrou\gi):00012         Img_tails_3 
01C1 070707072B3C0006 (C:\Users\bhrou\gi):00013                 fcb   $07,$07,$07,$07,$2B,$3C,$00,$06,$00,$00,$00,$04,$11,$6A
     00000004116A
01CF 15C9662B070F     (C:\Users\bhrou\gi):00014                 fcb   $15,$C9,$66,$2B,$07,$0F
01D5                  (C:\Users\bhrou\gi):00015         Img_tails_2 
01D5 070707072B370006 (C:\Users\bhrou\gi):00016                 fcb   $07,$07,$07,$07,$2B,$37,$00,$06,$00,$00,$00,$02,$16,$69
     000000021669
01E3 163E662F710F     (C:\Users\bhrou\gi):00017                 fcb   $16,$3E,$66,$2F,$71,$0F
01E9                  (C:\Users\bhrou\gi):00018         Img_tails_1 
01E9 070707071B3F0006 (C:\Users\bhrou\gi):00019                 fcb   $07,$07,$07,$07,$1B,$3F,$00,$06,$00,$00,$00,$0C,$11,$69
     0000000C1169
01F7 22996508C20E     (C:\Users\bhrou\gi):00020                 fcb   $22,$99,$65,$08,$C2,$0E
01FD                  (C:\Users\bhrou\gi):00021         Img_islandWater15 
01FD 0707070709000300 (C:\Users\bhrou\gi):00022                 fcb   $07,$07,$07,$07,$09,$00,$03,$00,$06,$00,$09,$EB,$1F,$64
     060009EB1F64
020B 04A5640481       (C:\Users\bhrou\gi):00023                 fcb   $04,$A5,$64,$04,$81
0210                  (C:\Users\bhrou\gi):00024         Img_islandWater14 
0210 070707070D000300 (C:\Users\bhrou\gi):00025                 fcb   $07,$07,$07,$07,$0D,$00,$03,$00,$06,$00,$09,$E9,$1E,$64
     060009E91E64
021E 04E56404BC       (C:\Users\bhrou\gi):00026                 fcb   $04,$E5,$64,$04,$BC
0223                  (C:\Users\bhrou\gi):00027         Img_islandWater13 
0223 0707070712000300 (C:\Users\bhrou\gi):00028                 fcb   $07,$07,$07,$07,$12,$00,$03,$00,$06,$00,$09,$E5,$1D,$64
     060009E51D64
0231 05256404FF       (C:\Users\bhrou\gi):00029                 fcb   $05,$25,$64,$04,$FF
0236                  (C:\Users\bhrou\gi):00030         Img_islandWater12 
0236 0707070716000300 (C:\Users\bhrou\gi):00031                 fcb   $07,$07,$07,$07,$16,$00,$03,$00,$06,$00,$09,$E4,$1C,$64
     060009E41C64
0244 057564054C       (C:\Users\bhrou\gi):00032                 fcb   $05,$75,$64,$05,$4C
0249                  (C:\Users\bhrou\gi):00033         Img_islandWater11 
0249 0707070714000300 (C:\Users\bhrou\gi):00034                 fcb   $07,$07,$07,$07,$14,$00,$03,$00,$06,$00,$09,$E1,$1B,$64
     060009E11B64
0257 05C864059F       (C:\Users\bhrou\gi):00035                 fcb   $05,$C8,$64,$05,$9F
025C                  (C:\Users\bhrou\gi):00036         Img_emblemBack02 
025C 070707071F1F0000 (C:\Users\bhrou\gi):00037                 fcb   $07,$07,$07,$07,$1F,$1F,$00,$00,$06,$00,$00,$D0,$BD,$66
     060000D0BD66
026A 13D0             (C:\Users\bhrou\gi):00038                 fcb   $13,$D0
026C                  (C:\Users\bhrou\gi):00039         Img_islandWater10 
026C 0707070718000300 (C:\Users\bhrou\gi):00040                 fcb   $07,$07,$07,$07,$18,$00,$03,$00,$06,$00,$09,$E2,$1A,$64
     060009E21A64
027A 061A6405F0       (C:\Users\bhrou\gi):00041                 fcb   $06,$1A,$64,$05,$F0
027F                  (C:\Users\bhrou\gi):00042         Img_emblemBack01 
027F 070707070F370000 (C:\Users\bhrou\gi):00043                 fcb   $07,$07,$07,$07,$0F,$37,$00,$00,$06,$00,$00,$C0,$B3,$66
     060000C0B366
028D 1767             (C:\Users\bhrou\gi):00044                 fcb   $17,$67
028F                  (C:\Users\bhrou\gi):00045         Img_pressStart 
028F 070707072B060206 (C:\Users\bhrou\gi):00046                 fcb   $07,$07,$07,$07,$2B,$06,$02,$06,$00,$00,$00,$EA,$FD,$65
     000000EAFD65
029D 00EC65000003     (C:\Users\bhrou\gi):00047                 fcb   $00,$EC,$65,$00,$00,$03
02A3                  (C:\Users\bhrou\gi):00048         Img_islandWater09 
02A3 0707070714000300 (C:\Users\bhrou\gi):00049                 fcb   $07,$07,$07,$07,$14,$00,$03,$00,$06,$00,$09,$E5,$19,$64
     060009E51964
02B1 066E640645       (C:\Users\bhrou\gi):00050                 fcb   $06,$6E,$64,$06,$45
02B6                  (C:\Users\bhrou\gi):00051         Img_islandWater08 
02B6 070707071B000300 (C:\Users\bhrou\gi):00052                 fcb   $07,$07,$07,$07,$1B,$00,$03,$00,$06,$00,$09,$DF,$18,$64
     060009DF1864
02C4 06CE640696       (C:\Users\bhrou\gi):00053                 fcb   $06,$CE,$64,$06,$96
02C9                  (C:\Users\bhrou\gi):00054         Img_islandWater07 
02C9 0707070724000300 (C:\Users\bhrou\gi):00055                 fcb   $07,$07,$07,$07,$24,$00,$03,$00,$06,$00,$09,$DE,$17,$64
     060009DE1764
02D7 07326406F9       (C:\Users\bhrou\gi):00056                 fcb   $07,$32,$64,$06,$F9
02DC                  (C:\Users\bhrou\gi):00057         Img_islandWater06 
02DC 070707077D000300 (C:\Users\bhrou\gi):00058                 fcb   $07,$07,$07,$07,$7D,$00,$03,$00,$06,$00,$09,$C2,$16,$64
     060009C21664
02EA 07E564076B       (C:\Users\bhrou\gi):00059                 fcb   $07,$E5,$64,$07,$6B
02EF                  (C:\Users\bhrou\gi):00060         Img_islandWater05 
02EF 070707077D000300 (C:\Users\bhrou\gi):00061                 fcb   $07,$07,$07,$07,$7D,$00,$03,$00,$06,$00,$09,$BE,$15,$64
     060009BE1564
02FD 08F7640889       (C:\Users\bhrou\gi):00062                 fcb   $08,$F7,$64,$08,$89
0302                  (C:\Users\bhrou\gi):00063         Img_islandWater04 
0302 070707077E000300 (C:\Users\bhrou\gi):00064                 fcb   $07,$07,$07,$07,$7E,$00,$03,$00,$06,$00,$09,$C1,$14,$64
     060009C11464
0310 0A326409A6       (C:\Users\bhrou\gi):00065                 fcb   $0A,$32,$64,$09,$A6
0315                  (C:\Users\bhrou\gi):00066         Img_islandWater03 
0315 070707078B000300 (C:\Users\bhrou\gi):00067                 fcb   $07,$07,$07,$07,$8B,$00,$03,$00,$06,$00,$09,$BA,$13,$64
     060009BA1364
0323 0B48640ABD       (C:\Users\bhrou\gi):00068                 fcb   $0B,$48,$64,$0A,$BD
0328                  (C:\Users\bhrou\gi):00069         Img_islandWater02 
0328 070707078E000000 (C:\Users\bhrou\gi):00070                 fcb   $07,$07,$07,$07,$8E,$00,$00,$00,$06,$00,$09,$B9,$12,$64
     060009B91264
0336 0C61640BE1       (C:\Users\bhrou\gi):00071                 fcb   $0C,$61,$64,$0B,$E1
033B                  (C:\Users\bhrou\gi):00072         Img_star_4 
033B 070707070A160006 (C:\Users\bhrou\gi):00073                 fcb   $07,$07,$07,$07,$0A,$16,$00,$06,$00,$00,$00,$FB,$F5,$64
     000000FBF564
0349 16AA64161602     (C:\Users\bhrou\gi):00074                 fcb   $16,$AA,$64,$16,$16,$02
034F                  (C:\Users\bhrou\gi):00075         Img_islandWater01 
034F 070707078E000000 (C:\Users\bhrou\gi):00076                 fcb   $07,$07,$07,$07,$8E,$00,$00,$00,$06,$00,$09,$B9,$11,$64
     060009B91164
035D 0D76640CEC       (C:\Users\bhrou\gi):00077                 fcb   $0D,$76,$64,$0C,$EC
0362                  (C:\Users\bhrou\gi):00078         Img_star_3 
0362 07070707060E0006 (C:\Users\bhrou\gi):00079                 fcb   $07,$07,$07,$07,$06,$0E,$00,$06,$00,$00,$00,$FD,$F9,$64
     000000FDF964
0370 18B264185501     (C:\Users\bhrou\gi):00080                 fcb   $18,$B2,$64,$18,$55,$01
0376                  (C:\Users\bhrou\gi):00081         Img_sonicHand 
0376 070707070E2A0006 (C:\Users\bhrou\gi):00082                 fcb   $07,$07,$07,$07,$0E,$2A,$00,$06,$0D,$00,$00,$04,$01,$67
     0D0000040167
0384 0937641BB005650C (C:\Users\bhrou\gi):00083                 fcb   $09,$37,$64,$1B,$B0,$05,$65,$0C,$2D
     2D
038D                  (C:\Users\bhrou\gi):00084         Img_star_2 
038D 0707070702060006 (C:\Users\bhrou\gi):00085                 fcb   $07,$07,$07,$07,$02,$06,$00,$06,$00,$0D,$00,$FF,$FD,$64
     000D00FFFD64
039B 1A6D641A40016419 (C:\Users\bhrou\gi):00086                 fcb   $1A,$6D,$64,$1A,$40,$01,$64,$19,$D9,$64,$19,$AC,$01
     D96419AC01
03A8                  (C:\Users\bhrou\gi):00087         Img_star_1 
03A8 0707070702040006 (C:\Users\bhrou\gi):00088                 fcb   $07,$07,$07,$07,$02,$04,$00,$06,$00,$0D,$00,$FF,$FE,$64
     000D00FFFE64
03B6 1B65641B4201641A (C:\Users\bhrou\gi):00089                 fcb   $1B,$65,$64,$1B,$42,$01,$64,$1A,$F9,$64,$1A,$D6,$01
     F9641AD601
03C3                  (C:\Users\bhrou\gi):00090         Img_emblemBack08 
03C3 070707071F270000 (C:\Users\bhrou\gi):00091                 fcb   $07,$07,$07,$07,$1F,$27,$00,$00,$06,$00,$00,$10,$DD,$69
     06000010DD69
03D1 11B9             (C:\Users\bhrou\gi):00092                 fcb   $11,$B9
03D3                  (C:\Users\bhrou\gi):00093         Img_emblemBack07 
03D3 070707071F1F0000 (C:\Users\bhrou\gi):00094                 fcb   $07,$07,$07,$07,$1F,$1F,$00,$00,$06,$00,$00,$10,$BD,$66
     06000010BD66
03E1 08B3             (C:\Users\bhrou\gi):00095                 fcb   $08,$B3
03E3                  (C:\Users\bhrou\gi):00096         Img_emblemBack09 
03E3 070707070F380000 (C:\Users\bhrou\gi):00097                 fcb   $07,$07,$07,$07,$0F,$38,$00,$00,$06,$00,$00,$30,$B3,$66
     06000030B366
03F1 0540             (C:\Users\bhrou\gi):00098                 fcb   $05,$40
03F3                  (C:\Users\bhrou\gi):00099         Img_emblemBack04 
03F3 0707070724090000 (C:\Users\bhrou\gi):00100                 fcb   $07,$07,$07,$07,$24,$09,$00,$00,$06,$00,$00,$EE,$B3,$64
     060000EEB364
0401 10B0             (C:\Users\bhrou\gi):00101                 fcb   $10,$B0
0403                  (C:\Users\bhrou\gi):00102         Img_emblemBack03 
0403 070707071F260000 (C:\Users\bhrou\gi):00103                 fcb   $07,$07,$07,$07,$1F,$26,$00,$00,$06,$00,$00,$D0,$DD,$66
     060000D0DD66
0411 0FF7             (C:\Users\bhrou\gi):00104                 fcb   $0F,$F7
0413                  (C:\Users\bhrou\gi):00105         Img_emblemBack06 
0413 070707071F1C0000 (C:\Users\bhrou\gi):00106                 fcb   $07,$07,$07,$07,$1F,$1C,$00,$00,$06,$00,$00,$F0,$DD,$64
     060000F0DD64
0421 0EFA             (C:\Users\bhrou\gi):00107                 fcb   $0E,$FA
0423                  (C:\Users\bhrou\gi):00108         Img_emblemBack05 
0423 070707071F1F0000 (C:\Users\bhrou\gi):00109                 fcb   $07,$07,$07,$07,$1F,$1F,$00,$00,$06,$00,$00,$F0,$BD,$66
     060000F0BD66
0431 0C48             (C:\Users\bhrou\gi):00110                 fcb   $0C,$48
0433                  (C:\Users\bhrou\gi):00111         Img_tailsHand 
0433 0707070707120006 (C:\Users\bhrou\gi):00112                 fcb   $07,$07,$07,$07,$07,$12,$00,$06,$0D,$00,$00,$04,$06,$64
     0D0000040664
0441 148A6413E9026412 (C:\Users\bhrou\gi):00113                 fcb   $14,$8A,$64,$13,$E9,$02,$64,$12,$EB
     EB
044A                  (C:\Users\bhrou\gi):00114         Img_island 
044A 07070707861A0000 (C:\Users\bhrou\gi):00115                 fcb   $07,$07,$07,$07,$86,$1A,$00,$00,$06,$00,$09,$BE,$F6,$69
     060009BEF669
0458 08DB690000       (C:\Users\bhrou\gi):00116                 fcb   $08,$DB,$69,$00,$00
045D                  (C:\Users\bhrou\gi):00117         Img_sonic_1 
045D 0707070723420006 (C:\Users\bhrou\gi):00118                 fcb   $07,$07,$07,$07,$23,$42,$00,$06,$00,$00,$00,$02,$0E,$6B
     000000020E6B
046B 2F19663BCA14     (C:\Users\bhrou\gi):00119                 fcb   $2F,$19,$66,$3B,$CA,$14
0471                  (C:\Users\bhrou\gi):00120         Img_sonic_2 
0471 0707070724530006 (C:\Users\bhrou\gi):00121                 fcb   $07,$07,$07,$07,$24,$53,$00,$06,$00,$00,$00,$03,$0D,$6B
     000000030D6B
047F 1E97670E8417     (C:\Users\bhrou\gi):00122                 fcb   $1E,$97,$67,$0E,$84,$17
0485                  (C:\Users\bhrou\gi):00123         Img_sonic_5 
0485 0707070723490006 (C:\Users\bhrou\gi):00124                 fcb   $07,$07,$07,$07,$23,$49,$00,$06,$0D,$00,$00,$0C,$0A,$6B
     0D00000C0A6B
0493 000066332114692D (C:\Users\bhrou\gi):00125                 fcb   $00,$00,$66,$33,$21,$14,$69,$2D,$FB
     FB
049C                  (C:\Users\bhrou\gi):00126         Img_sonic_3 
049C 0707070724460006 (C:\Users\bhrou\gi):00127                 fcb   $07,$07,$07,$07,$24,$46,$00,$06,$00,$00,$00,$0B,$0D,$6B
     0000000B0D6B
04AA 0F0F66376715     (C:\Users\bhrou\gi):00128                 fcb   $0F,$0F,$66,$37,$67,$15
04B0                  (C:\Users\bhrou\gi):00129         Img_islandMask 
04B0 0707070717150000 (C:\Users\bhrou\gi):00130                 fcb   $07,$07,$07,$07,$17,$15,$00,$00,$00,$00,$06,$15,$01,$64
     000006150164
04BE 0E05             (C:\Users\bhrou\gi):00131                 fcb   $0E,$05
04C0                  (C:\Users\bhrou\gi):00132         Img_emblemFront07 
04C0 0707070712120000 (C:\Users\bhrou\gi):00133                 fcb   $07,$07,$07,$07,$12,$12,$00,$00,$06,$00,$00,$F7,$3D,$65
     060000F73D65
04CE 03D5             (C:\Users\bhrou\gi):00134                 fcb   $03,$D5
04D0                  (C:\Users\bhrou\gi):00135         Img_emblemFront08 
04D0 0707070726250000 (C:\Users\bhrou\gi):00136                 fcb   $07,$07,$07,$07,$26,$25,$00,$00,$06,$00,$00,$10,$1D,$68
     060000101D68
04DE 0000             (C:\Users\bhrou\gi):00137                 fcb   $00,$00
04E0                  (C:\Users\bhrou\gi):00138         Img_emblemFront05 
04E0 0707070726250000 (C:\Users\bhrou\gi):00139                 fcb   $07,$07,$07,$07,$26,$25,$00,$00,$06,$00,$00,$C9,$1D,$67
     060000C91D67
04EE 0000             (C:\Users\bhrou\gi):00140                 fcb   $00,$00
04F0                  (C:\Users\bhrou\gi):00141         Img_emblemFront06 
04F0 070707071F1F0000 (C:\Users\bhrou\gi):00142                 fcb   $07,$07,$07,$07,$1F,$1F,$00,$00,$06,$00,$00,$F0,$1D,$66
     060000F01D66
04FE 1AD5             (C:\Users\bhrou\gi):00143                 fcb   $1A,$D5
0500                  (C:\Users\bhrou\gi):00144         Img_emblemFront03 
0500 070707071F1F0000 (C:\Users\bhrou\gi):00145                 fcb   $07,$07,$07,$07,$1F,$1F,$00,$00,$06,$00,$00,$F0,$FD,$66
     060000F0FD66
050E 22C8             (C:\Users\bhrou\gi):00146                 fcb   $22,$C8
0510                  (C:\Users\bhrou\gi):00147         Img_emblemFront04 
0510 070707072A1F0000 (C:\Users\bhrou\gi):00148                 fcb   $07,$07,$07,$07,$2A,$1F,$00,$00,$06,$00,$00,$10,$FD,$66
     06000010FD66
051E 1EFD             (C:\Users\bhrou\gi):00149                 fcb   $1E,$FD
0520                  (C:\Users\bhrou\gi):00150         Img_emblemFront01 
0520 070707073D030000 (C:\Users\bhrou\gi):00151                 fcb   $07,$07,$07,$07,$3D,$03,$00,$00,$06,$00,$00,$E1,$F9,$64
     060000E1F964
052E 1244             (C:\Users\bhrou\gi):00152                 fcb   $12,$44
0530                  (C:\Users\bhrou\gi):00153         Img_emblemFront02 
0530 070707071A1F0000 (C:\Users\bhrou\gi):00154                 fcb   $07,$07,$07,$07,$1A,$1F,$00,$00,$06,$00,$00,$D5,$FD,$65
     060000D5FD65
053E 05D3             (C:\Users\bhrou\gi):00155                 fcb   $05,$D3
