                      (./generated-code/):00001                 INCLUDE "./Engine/Constants.asm"
                      (./Engine/Constant):00001         * ---------------------------------------------------------------------------
                      (./Engine/Constant):00002         * Constants
                      (./Engine/Constant):00003         *
                      (./Engine/Constant):00004         * Naming convention
                      (./Engine/Constant):00005         * -----------------
                      (./Engine/Constant):00006         * - lower case
                      (./Engine/Constant):00007         * - underscore-separated names
                      (./Engine/Constant):00008         *
                      (./Engine/Constant):00009         * ---------------------------------------------------------------------------
                      (./Engine/Constant):00010         
                      (./Engine/Constant):00011         * ===========================================================================
                      (./Engine/Constant):00012         * TO8 Registers
                      (./Engine/Constant):00013         * ===========================================================================
                      (./Engine/Constant):00014         
                      (./Engine/Constant):00015         ; Disk routine registers (ROM)
                      (./Engine/Constant):00016         
     6049             (./Engine/Constant):00017         dk_drive                      equ $6049
     604A             (./Engine/Constant):00018         dk_track                      equ $604A
     604B             (./Engine/Constant):00019         dk_track_lsb                  equ $604B
     604C             (./Engine/Constant):00020         dk_sector                     equ $604C
     604F             (./Engine/Constant):00021         dk_write_location             equ $604F
                      (./Engine/Constant):00022         
                      (./Engine/Constant):00023         * ===========================================================================
                      (./Engine/Constant):00024         * Globals
                      (./Engine/Constant):00025         * ===========================================================================
                      (./Engine/Constant):00026         
     009F             (./Engine/Constant):00027         glb_direct_page               equ $9F    ; direct page for globals
                      (./Engine/Constant):00028         
                      (./Engine/Constant):00029         ; compilated sprite
     9FFE             (./Engine/Constant):00030         glb_register_s                equ $9FFE  ; reverved space to store S from ROM routines
                      (./Engine/Constant):00031         
                      (./Engine/Constant):00032         ; DrawSprites
     9FFC             (./Engine/Constant):00033         glb_screen_location_1         equ $9FFC  ; start address for rendering of current sprite Part1     
     9FFA             (./Engine/Constant):00034         glb_screen_location_2         equ $9FFA  ; start address for rendering of current sprite Part2 (Must follow Part1)
                      (./Engine/Constant):00035         
                      (./Engine/Constant):00036         ; CheckSpritesRefresh
     9FF9             (./Engine/Constant):00037         glb_cur_priority              equ $9FF9
     9FF7             (./Engine/Constant):00038         glb_cur_ptr_sub_obj_erase     equ $9FF7
     9FF5             (./Engine/Constant):00039         glb_cur_ptr_sub_obj_draw      equ $9FF5
     9FF3             (./Engine/Constant):00040         glb_camera_x_pos              equ $9FF3 ; camera x position in palyfield coordinates
     9FF1             (./Engine/Constant):00041         glb_camera_y_pos              equ $9FF1 ; camera y position in palyfield coordinates
     9FEF             (./Engine/Constant):00042         glb_camera_x_min_pos          equ $9FEF
     9FED             (./Engine/Constant):00043         glb_camera_y_min_pos          equ $9FED
     9FEB             (./Engine/Constant):00044         glb_camera_x_max_pos          equ $9FEB
     9FE9             (./Engine/Constant):00045         glb_camera_y_max_pos          equ $9FE9
     9FE8             (./Engine/Constant):00046         glb_force_sprite_refresh      equ $9FE8
     9FE7             (./Engine/Constant):00047         glb_camera_move               equ $9FE7
     9FE6             (./Engine/Constant):00048         glb_alphaTiles                equ $9FE6
     9F00             (./Engine/Constant):00049         glb_tmp_var                   equ $9F00 ; custom tmp var space for routine
     9F00             (./Engine/Constant):00050         glb_system_stack              equ $9F00
                      (./Engine/Constant):00051         
                      (./Engine/Constant):00052         * ===========================================================================
                      (./Engine/Constant):00053         * Display Constants
                      (./Engine/Constant):00054         * ===========================================================================
                      (./Engine/Constant):00055         
     00A0             (./Engine/Constant):00056         screen_width                  equ 160    ; in pixel
     001C             (./Engine/Constant):00057         screen_top                    equ 28     ; in pixel
     00E3             (./Engine/Constant):00058         screen_bottom                 equ 28+199 ; in pixel
     0030             (./Engine/Constant):00059         screen_left                   equ 48     ; in pixel
     00CF             (./Engine/Constant):00060         screen_right                  equ 48+159 ; in pixel
     0008             (./Engine/Constant):00061         nb_priority_levels            equ 8      ; number of priority levels (need code change if modified)
                      (./Engine/Constant):00062         
                      (./Engine/Constant):00063         * ===========================================================================
                      (./Engine/Constant):00064         * Images Constants
                      (./Engine/Constant):00065         * ===========================================================================
                      (./Engine/Constant):00066         
     0004             (./Engine/Constant):00067         image_x_size                  equ 4
     0005             (./Engine/Constant):00068         image_y_size                  equ 5
     0006             (./Engine/Constant):00069         image_center_offset           equ 6
                      (./Engine/Constant):00070         
     0004             (./Engine/Constant):00071         image_subset_x1_offset        equ 4
     0005             (./Engine/Constant):00072         image_subset_y1_offset        equ 5
                      (./Engine/Constant):00073         
     0000             (./Engine/Constant):00074         page_draw_routine             equ 0
     0001             (./Engine/Constant):00075         draw_routine                  equ 1
     0003             (./Engine/Constant):00076         page_erase_routine            equ 3
     0004             (./Engine/Constant):00077         erase_routine                 equ 4
     0006             (./Engine/Constant):00078         erase_nb_cell                 equ 6
                      (./Engine/Constant):00079         
                      (./Engine/Constant):00080         * ===========================================================================
                      (./Engine/Constant):00081         * Sound Constants
                      (./Engine/Constant):00082         * ===========================================================================
                      (./Engine/Constant):00083         
     0000             (./Engine/Constant):00084         sound_page        equ 0
     0001             (./Engine/Constant):00085         sound_start_addr  equ 1
     0003             (./Engine/Constant):00086         sound_end_addr    equ 3
     0005             (./Engine/Constant):00087         sound_meta_size   equ 5
                      (./Engine/Constant):00088         
                      (./Engine/Constant):00089         * ===========================================================================
                      (./Engine/Constant):00090         * Object Constants
                      (./Engine/Constant):00091         * ===========================================================================
                      (./Engine/Constant):00092         
     005D             (./Engine/Constant):00093         object_core_size              equ 93  ; the size of an object without ext_vars - DEPENDENCY ClearObj routine
     ????             (./Engine/Constant):00094         object_size                   equ object_core_size+ext_variables_size ; the size of a dynamic object
     ????             (./Engine/Constant):00095         next_object                   equ object_size
     005D             (./Engine/Constant):00096         ext_variables                 equ object_core_size ; start of reserved space for additionnal variables
                      (./Engine/Constant):00097         
     0000             (./Engine/Constant):00098         id                            equ 0           ; reference to object model id (ObjID_) (0: free slot)
     0001             (./Engine/Constant):00099         subtype                       equ 1           ; reference to object subtype (Sub_)
     0002             (./Engine/Constant):00100         render_flags                  equ 2
                      (./Engine/Constant):00101         
                      (./Engine/Constant):00102         * --- render_flags bitfield variables ---
     0001             (./Engine/Constant):00103         render_xmirror_mask           equ $01 ; (bit 0) DEPENDENCY should be bit 0 - tell display engine to mirror sprite on horizontal axis
     0002             (./Engine/Constant):00104         render_ymirror_mask           equ $02 ; (bit 1) DEPENDENCY should be bit 1 - tell display engine to mirror sprite on vertical axis
     0004             (./Engine/Constant):00105         render_overlay_mask           equ $04 ; (bit 2) DEPENDENCY should be bit 2 - compilated sprite with no background save
     0008             (./Engine/Constant):00106         render_motionless_mask        equ $08 ; (bit 3) tell display engine to compute sub image and position check only once until the flag is removed  
     0010             (./Engine/Constant):00107         render_playfieldcoord_mask    equ $10 ; (bit 4) tell display engine to use playfield (1) or screen (0) coordinates
     0020             (./Engine/Constant):00108         render_hide_mask              equ $20 ; (bit 5) tell display engine to hide sprite (keep priority and mapping_frame)
     0040             (./Engine/Constant):00109         render_todelete_mask          equ $40 ; (bit 6) tell display engine to delete sprite and clear OST for this object
     0080             (./Engine/Constant):00110         render_xloop_mask             equ $80 ; (bit 7) (screen coordinate) tell display engine to hide sprite when x is out of screen (0) or to display (1)  
                      (./Engine/Constant):00111          
     0003             (./Engine/Constant):00112         priority                      equ 3           ; display priority (0: nothing to display, 1:front, ..., 8:back)
     0004             (./Engine/Constant):00113         anim                          equ 4  ; and 5  ; reference to current animation (Ani_)
     0006             (./Engine/Constant):00114         prev_anim                     equ 6  ; and 7  ; reference to previous animation (Ani_)
     0008             (./Engine/Constant):00115         anim_frame                    equ 8           ; index of current frame in animation
     0009             (./Engine/Constant):00116         anim_frame_duration           equ 9           ; number of frames for each image in animation, range: 00-7F (0-127), 0 means display only during one frame
     000A             (./Engine/Constant):00117         anim_flags                    equ 10          ; byte offset to reference an anim_flags LUT (adv) / store a link flag (non adv)
                      (./Engine/Constant):00118         
                      (./Engine/Constant):00119         * --- anim_flags bitfield variables ---
     0001             (./Engine/Constant):00120         anim_link_mask                equ $01 ; (bit 0) if set, allow the load of a new animation without reseting anim_frame and anim_frame_duration
                      (./Engine/Constant):00121         
     000B             (./Engine/Constant):00122         status_flags                  equ 11          ; orientation of sprite, is applied to animation xmirror flag during AnimateSprite
                      (./Engine/Constant):00123         
                      (./Engine/Constant):00124         * --- status_flags bitfield variables ---
     0001             (./Engine/Constant):00125         status_xflip_mask             equ $01 ; (bit 0) X Flip
     0002             (./Engine/Constant):00126         status_yflip_mask             equ $02 ; (bit 1) Y Flip
                      (./Engine/Constant):00127         
     000C             (./Engine/Constant):00128         image_set                     equ 12 ; and 13 ; reference to current image (Img_) (0000 if no image)
     000E             (./Engine/Constant):00129         x_pos                         equ 14 ; and 15 ; x playfield coordinate
     0010             (./Engine/Constant):00130         x_sub                         equ 16          ; x subpixel (1/256 of a pixel), must follow x_pos in data structure
     0011             (./Engine/Constant):00131         y_pos                         equ 17 ; and 18 ; y playfield coordinate
     0013             (./Engine/Constant):00132         y_sub                         equ 19          ; y subpixel (1/256 of a pixel), must follow y_pos in data structure
     0014             (./Engine/Constant):00133         xy_pixel                      equ 20          ; x and y screen coordinate
     0014             (./Engine/Constant):00134         x_pixel                       equ 20          ; x screen coordinate
     0015             (./Engine/Constant):00135         y_pixel                       equ 21          ; y screen coordinate, must follow x_pixel
                      (./Engine/Constant):00136         ;x_offset                      equ 93          ; x screen coordinate offset that is applied at rendering
                      (./Engine/Constant):00137         ;y_offset                      equ 94          ; x screen coordinate offset that is applied at rendering
     0016             (./Engine/Constant):00138         x_vel                         equ 22 ; and 23 ; horizontal velocity
     0018             (./Engine/Constant):00139         y_vel                         equ 24 ; and 25 ; vertical velocity
     001A             (./Engine/Constant):00140         x_acl                         equ 26 ; and 27 ; horizontal gravity
     001C             (./Engine/Constant):00141         y_acl                         equ 28 ; and 29 ; vertical gravity
     001E             (./Engine/Constant):00142         routine                       equ 30          ; index of current object routine
     001F             (./Engine/Constant):00143         routine_secondary             equ 31          ; index of current secondary routine
     0020             (./Engine/Constant):00144         routine_tertiary              equ 32          ; index of current tertiary routine
     0021             (./Engine/Constant):00145         routine_quaternary            equ 33          ; index of current quaternary routine
                      (./Engine/Constant):00146         
                      (./Engine/Constant):00147         * ---------------------------------------------------------------------------
                      (./Engine/Constant):00148         * reserved variables (update by engine)
                      (./Engine/Constant):00149         
     0022             (./Engine/Constant):00150         rsv_render_flags              equ 34
                      (./Engine/Constant):00151         
                      (./Engine/Constant):00152         * --- rsv_render_flags bitfield variables ---
     0001             (./Engine/Constant):00153         rsv_render_checkrefresh_mask  equ $01 ; (bit 0) if erasesprite and display sprite flag are processed for this frame
     0002             (./Engine/Constant):00154         rsv_render_erasesprite_mask   equ $02 ; (bit 1) if a sprite need to be cleared on screen
     0004             (./Engine/Constant):00155         rsv_render_displaysprite_mask equ $04 ; (bit 2) if a sprite need to be rendered on screen
     0008             (./Engine/Constant):00156         rsv_render_outofrange_mask    equ $08 ; (bit 3) if a sprite is out of range for full rendering in screen
     0080             (./Engine/Constant):00157         rsv_render_onscreen_mask      equ $80 ; (bit 7) DEPENDENCY should be bit 7 - has been rendered on last screen buffer (may be 0 or 1)
                      (./Engine/Constant):00158         
     0023             (./Engine/Constant):00159         rsv_prev_anim                 equ 35 ; and 36 ; reference to previous animation (Ani_) w * UTILE ?
     0025             (./Engine/Constant):00160         rsv_image_center_offset       equ 37 ; 0 or 1 offset that indicate if image center is even or odd (DRS_XYToAddress)
     0026             (./Engine/Constant):00161         rsv_image_subset              equ 38 ; and 39 ; reference to current image regarding mirror flags w
     0028             (./Engine/Constant):00162         rsv_mapping_frame             equ 40 ; and 41 ; reference to current image regarding mirror flags, overlay flag and x precision w
     002A             (./Engine/Constant):00163         rsv_erase_nb_cell             equ 42 ; b 
     002B             (./Engine/Constant):00164         rsv_page_draw_routine         equ 43 ; b
     002C             (./Engine/Constant):00165         rsv_draw_routine              equ 44 ; and 45 ; w
     002E             (./Engine/Constant):00166         rsv_page_erase_routine        equ 46 ; b
     002F             (./Engine/Constant):00167         rsv_erase_routine             equ 47 ; and 48 ; w 
     0031             (./Engine/Constant):00168         rsv_xy1_pixel                 equ 49 ;
     0031             (./Engine/Constant):00169         rsv_x1_pixel                  equ 49 ; x+x_offset-(x_size/2) screen coordinate
     0032             (./Engine/Constant):00170         rsv_y1_pixel                  equ 50 ; y+y_offset-(y_size/2) screen coordinate, must follow rsv_x1_pixel
     0033             (./Engine/Constant):00171         rsv_xy2_pixel                 equ 51 ;
     0033             (./Engine/Constant):00172         rsv_x2_pixel                  equ 51 ; x+x_offset+(x_size/2) screen coordinate
     0034             (./Engine/Constant):00173         rsv_y2_pixel                  equ 52 ; y+y_offset+(y_size/2) screen coordinate, must follow rsv_x2_pixel
                      (./Engine/Constant):00174         
                      (./Engine/Constant):00175         * ---------------------------------------------------------------------------
                      (./Engine/Constant):00176         * reserved variables (engine) - buffer specific
                      (./Engine/Constant):00177         
     0035             (./Engine/Constant):00178         rsv_buffer_0                  equ 53 ; Start index of buffer 0 variables
     0035             (./Engine/Constant):00179         rsv_priority_0                equ 53 ; internal value that hold priority in video buffer 0
     0036             (./Engine/Constant):00180         rsv_priority_prev_obj_0       equ 54 ; and 55 ; previous object (OST address) in display priority list for video buffer 0 (0000 if none) w
     0038             (./Engine/Constant):00181         rsv_priority_next_obj_0       equ 56 ; and 57 ; next object (OST address) in display priority list for video buffer 0 (0000 if none) w
     003A             (./Engine/Constant):00182         rsv_prev_mapping_frame_0      equ 58 ; and 59 ; reference to previous image in video buffer 0 w
     003C             (./Engine/Constant):00183         rsv_prev_erase_nb_cell_0      equ 60 : b
     003D             (./Engine/Constant):00184         rsv_prev_page_erase_routine_0 equ 61 ; b
     003E             (./Engine/Constant):00185         rsv_prev_erase_routine_0      equ 62 ; and 63 ; w
     0040             (./Engine/Constant):00186         rsv_bgdata_0                  equ 64 ; and 65 ; address of background data in screen 0 w
     0042             (./Engine/Constant):00187         rsv_prev_xy_pixel_0           equ 66 ;
     0042             (./Engine/Constant):00188         rsv_prev_x_pixel_0            equ 66 ; previous x screen coordinate b
     0043             (./Engine/Constant):00189         rsv_prev_y_pixel_0            equ 67 ; previous y screen coordinate b, must follow x_pixel
     0044             (./Engine/Constant):00190         rsv_prev_xy1_pixel_0          equ 68 ;
     0044             (./Engine/Constant):00191         rsv_prev_x1_pixel_0           equ 68 ; previous x+x_offset-(x_size/2) screen coordinate b
     0045             (./Engine/Constant):00192         rsv_prev_y1_pixel_0           equ 69 ; previous y+y_offset-(y_size/2) screen coordinate b, must follow x1_pixel
     0046             (./Engine/Constant):00193         rsv_prev_xy2_pixel_0          equ 70 ;
     0046             (./Engine/Constant):00194         rsv_prev_x2_pixel_0           equ 70 ; previous x+x_offset+(x_size/2) screen coordinate b
     0047             (./Engine/Constant):00195         rsv_prev_y2_pixel_0           equ 71 ; previous y+y_offset+(y_size/2) screen coordinate b, must follow x2_pixel
     0048             (./Engine/Constant):00196         rsv_prev_render_flags_0       equ 72 ;
                      (./Engine/Constant):00197         * --- rsv_prev_render_flags_0 bitfield variables ---
     0001             (./Engine/Constant):00198         rsv_prev_render_overlay_mask  equ $01 ; (bit 0) if a sprite has been rendered with compilated sprite and no background save on screen buffer 0/1
     0080             (./Engine/Constant):00199         rsv_prev_render_onscreen_mask equ $80 ; (bit 7) DEPENDENCY should be bit 7 - has been rendered on screen buffer 0/1
                      (./Engine/Constant):00200         
     0049             (./Engine/Constant):00201         rsv_buffer_1                  equ 73 ; Start index of buffer 1 variables
     0049             (./Engine/Constant):00202         rsv_priority_1                equ 73 ; internal value that hold priority in video buffer 1
     004A             (./Engine/Constant):00203         rsv_priority_prev_obj_1       equ 74 ; and 75 ; previous object (OST address) in display priority list for video buffer 1 (0000 if none) w
     004C             (./Engine/Constant):00204         rsv_priority_next_obj_1       equ 76 ; and 77 ; next object (OST address) in display priority list for video buffer 1 (0000 if none) w
     004E             (./Engine/Constant):00205         rsv_prev_mapping_frame_1      equ 78 ; and 79 ; reference to previous image in video buffer 1 w
     0050             (./Engine/Constant):00206         rsv_prev_erase_nb_cell_1      equ 80 ; b
     0051             (./Engine/Constant):00207         rsv_prev_page_erase_routine_1 equ 81 ; b
     0052             (./Engine/Constant):00208         rsv_prev_erase_routine_1      equ 82 ; and 83 ; w
     0054             (./Engine/Constant):00209         rsv_bgdata_1                  equ 84 ; and 85 ; address of background data in screen 1 w
     0056             (./Engine/Constant):00210         rsv_prev_xy_pixel_1           equ 86 ;
     0056             (./Engine/Constant):00211         rsv_prev_x_pixel_1            equ 86 ; previous x screen coordinate b
     0057             (./Engine/Constant):00212         rsv_prev_y_pixel_1            equ 87 ; previous y screen coordinate b, must follow x_pixel
     0058             (./Engine/Constant):00213         rsv_prev_xy1_pixel_1          equ 88 ;
     0058             (./Engine/Constant):00214         rsv_prev_x1_pixel_1           equ 88 ; previous x+x_size screen coordinate b
     0059             (./Engine/Constant):00215         rsv_prev_y1_pixel_1           equ 89 ; previous y+y_size screen coordinate b, must follow x_pixel
     005A             (./Engine/Constant):00216         rsv_prev_xy2_pixel_1          equ 90 ;
     005A             (./Engine/Constant):00217         rsv_prev_x2_pixel_1           equ 90 ; previous x+x_size screen coordinate b
     005B             (./Engine/Constant):00218         rsv_prev_y2_pixel_1           equ 91 ; previous y+y_size screen coordinate b, must follow x_pixel
     005C             (./Engine/Constant):00219         rsv_prev_render_flags_1       equ 92 ;
                      (./Engine/Constant):00220         
     0000             (./Engine/Constant):00221         buf_priority                  equ 0  ; offset for each rsv_buffer variables
     0001             (./Engine/Constant):00222         buf_priority_prev_obj         equ 1  ;
     0003             (./Engine/Constant):00223         buf_priority_next_obj         equ 3  ;
     0005             (./Engine/Constant):00224         buf_prev_mapping_frame        equ 5  ;
     0007             (./Engine/Constant):00225         buf_erase_nb_cell             equ 7  ;
     0008             (./Engine/Constant):00226         buf_page_erase_routine        equ 8 ;
     0009             (./Engine/Constant):00227         buf_erase_routine             equ 9 ;
     000B             (./Engine/Constant):00228         buf_bgdata                    equ 11 ;
     000D             (./Engine/Constant):00229         buf_prev_xy_pixel             equ 13 ;
     000D             (./Engine/Constant):00230         buf_prev_x_pixel              equ 13 ;
     000E             (./Engine/Constant):00231         buf_prev_y_pixel              equ 14 ;
     000F             (./Engine/Constant):00232         buf_prev_xy1_pixel            equ 15 ;
     000F             (./Engine/Constant):00233         buf_prev_x1_pixel             equ 15 ;
     0010             (./Engine/Constant):00234         buf_prev_y1_pixel             equ 16 ;
     0011             (./Engine/Constant):00235         buf_prev_xy2_pixel            equ 17 ;
     0011             (./Engine/Constant):00236         buf_prev_x2_pixel             equ 17 ;
     0012             (./Engine/Constant):00237         buf_prev_y2_pixel             equ 18 ;
     0013             (./Engine/Constant):00238         buf_prev_render_flags         equ 19 ;
                      (./generated-code/):00002                 ORG $A000
     FF               (./generated-code/):00003                 SETDP $FF
                      (./generated-code/):00004                 OPT C,CT
A000                  (./generated-code/):00005                 DRAW_Img_emblemFront05_0
A000 33C90A2E         (./generated-code/):00006 [8]     8               LEAU 2606,U
                      (./generated-code/):00007                 
A004 8622             (./generated-code/):00008 [2]     10              LDA #$22
A006 A7C8ED           (./generated-code/):00009 [5]     15              STA -19,U
A009 A6C814           (./generated-code/):00010 [5]     20              LDA 20,U
A00C 84F0             (./generated-code/):00011 [2]     22              ANDA #$F0
A00E 8A02             (./generated-code/):00012 [2]     24              ORA #$02
A010 A7C814           (./generated-code/):00013 [5]     29              STA 20,U
A013 33C9FF50         (./generated-code/):00014 [8]     37              LEAU -176,U
                      (./generated-code/):00015                 
A017 8622             (./generated-code/):00016 [2]     39              LDA #$22
A019 A7C875           (./generated-code/):00017 [5]     44              STA 117,U
A01C CC2222           (./generated-code/):00018 [3]     47              LDD #$2222
A01F EDC84D           (./generated-code/):00019 [6]     53              STD 77,U
A022 EDC825           (./generated-code/):00020 [6]     59              STD 37,U
A025 8E2222           (./generated-code/):00021 [3]     62              LDX #$2222
A028 3612             (./generated-code/):00022 [8]     70              PSHU A,X
A02A 33C8DB           (./generated-code/):00023 [5]     75              LEAU -37,U
                      (./generated-code/):00024                 
A02D EDC8D5           (./generated-code/):00025 [6]     81              STD -43,U
A030 ECC8D7           (./generated-code/):00026 [6]     87              LDD -41,U
A033 8623             (./generated-code/):00027 [2]     89              LDA #$23
A035 C40F             (./generated-code/):00028 [2]     91              ANDB #$0F
A037 CA20             (./generated-code/):00029 [2]     93              ORB #$20
A039 EDC8D7           (./generated-code/):00030 [6]     99              STD -41,U
A03C 8622             (./generated-code/):00031 [2]     101             LDA #$22
A03E 3612             (./generated-code/):00032 [8]     109             PSHU A,X
A040 33C8B4           (./generated-code/):00033 [5]     114             LEAU -76,U
                      (./generated-code/):00034                 
A043 108E2232         (./generated-code/):00035 [4]     118             LDY #$2232
A047 3630             (./generated-code/):00036 [9]     127             PSHU X,Y
A049 33C8DC           (./generated-code/):00037 [5]     132             LEAU -36,U
                      (./generated-code/):00038                 
A04C 108E2333         (./generated-code/):00039 [4]     136             LDY #$2333
A050 3630             (./generated-code/):00040 [9]     145             PSHU X,Y
A052 33C8DC           (./generated-code/):00041 [5]     150             LEAU -36,U
                      (./generated-code/):00042                 
A055 ECC8D7           (./generated-code/):00043 [6]     156             LDD -41,U
A058 8633             (./generated-code/):00044 [2]     158             LDA #$33
A05A C40F             (./generated-code/):00045 [2]     160             ANDB #$0F
A05C CA20             (./generated-code/):00046 [2]     162             ORB #$20
A05E EDC8D7           (./generated-code/):00047 [6]     168             STD -41,U
A061 108E2233         (./generated-code/):00048 [4]     172             LDY #$2233
A065 3630             (./generated-code/):00049 [9]     181             PSHU X,Y
A067 33C8DB           (./generated-code/):00050 [5]     186             LEAU -37,U
                      (./generated-code/):00051                 
A06A 8620             (./generated-code/):00052 [2]     188             LDA #$20
A06C 8E2223           (./generated-code/):00053 [3]     191             LDX #$2223
A06F 3612             (./generated-code/):00054 [8]     199             PSHU A,X
A071 33C8DD           (./generated-code/):00055 [5]     204             LEAU -35,U
                      (./generated-code/):00056                 
A074 8E2222           (./generated-code/):00057 [3]     207             LDX #$2222
A077 108E33E2         (./generated-code/):00058 [4]     211             LDY #$33e2
A07B 3632             (./generated-code/):00059 [10]    221             PSHU A,X,Y
A07D 33C8DD           (./generated-code/):00060 [5]     226             LEAU -35,U
                      (./generated-code/):00061                 
A080 A65B             (./generated-code/):00062 [5]     231             LDA -5,U
A082 84F0             (./generated-code/):00063 [2]     233             ANDA #$F0
A084 8A00             (./generated-code/):00064 [2]     235             ORA #$00
A086 A75B             (./generated-code/):00065 [5]     240             STA -5,U
A088 CC0023           (./generated-code/):00066 [3]     243             LDD #$0023
A08B 8E33EE           (./generated-code/):00067 [3]     246             LDX #$33ee
A08E 3616             (./generated-code/):00068 [9]     255             PSHU D,X
A090 33C8DC           (./generated-code/):00069 [5]     260             LEAU -36,U
                      (./generated-code/):00070                 
A093 A65B             (./generated-code/):00071 [5]     265             LDA -5,U
A095 84F0             (./generated-code/):00072 [2]     267             ANDA #$F0
A097 8A00             (./generated-code/):00073 [2]     269             ORA #$00
A099 A75B             (./generated-code/):00074 [5]     274             STA -5,U
A09B CC0022           (./generated-code/):00075 [3]     277             LDD #$0022
A09E 3616             (./generated-code/):00076 [9]     286             PSHU D,X
A0A0 33C8DC           (./generated-code/):00077 [5]     291             LEAU -36,U
                      (./generated-code/):00078                 
A0A3 A65B             (./generated-code/):00079 [5]     296             LDA -5,U
A0A5 84F0             (./generated-code/):00080 [2]     298             ANDA #$F0
A0A7 8A02             (./generated-code/):00081 [2]     300             ORA #$02
A0A9 A75B             (./generated-code/):00082 [5]     305             STA -5,U
A0AB CC0003           (./generated-code/):00083 [3]     308             LDD #$0003
A0AE 3616             (./generated-code/):00084 [9]     317             PSHU D,X
A0B0 33C8DC           (./generated-code/):00085 [5]     322             LEAU -36,U
                      (./generated-code/):00086                 
A0B3 A65B             (./generated-code/):00087 [5]     327             LDA -5,U
A0B5 84F0             (./generated-code/):00088 [2]     329             ANDA #$F0
A0B7 8A02             (./generated-code/):00089 [2]     331             ORA #$02
A0B9 A75B             (./generated-code/):00090 [5]     336             STA -5,U
A0BB CC0000           (./generated-code/):00091 [3]     339             LDD #$0000
A0BE 3616             (./generated-code/):00092 [9]     348             PSHU D,X
A0C0 33C8DC           (./generated-code/):00093 [5]     353             LEAU -36,U
                      (./generated-code/):00094                 
A0C3 C606             (./generated-code/):00095 [2]     355             LDB #$06
A0C5 8E33E1           (./generated-code/):00096 [3]     358             LDX #$33e1
A0C8 3616             (./generated-code/):00097 [9]     367             PSHU D,X
A0CA 33C8DC           (./generated-code/):00098 [5]     372             LEAU -36,U
                      (./generated-code/):00099                 
A0CD C600             (./generated-code/):00100 [2]     374             LDB #$00
A0CF 8E73E1           (./generated-code/):00101 [3]     377             LDX #$73e1
A0D2 3616             (./generated-code/):00102 [9]     386             PSHU D,X
A0D4 33C8DC           (./generated-code/):00103 [5]     391             LEAU -36,U
                      (./generated-code/):00104                 
A0D7 C606             (./generated-code/):00105 [2]     393             LDB #$06
A0D9 8E7733           (./generated-code/):00106 [3]     396             LDX #$7733
A0DC 3616             (./generated-code/):00107 [9]     405             PSHU D,X
A0DE 33C8DC           (./generated-code/):00108 [5]     410             LEAU -36,U
                      (./generated-code/):00109                 
A0E1 C600             (./generated-code/):00110 [2]     412             LDB #$00
A0E3 8E77EE           (./generated-code/):00111 [3]     415             LDX #$77ee
A0E6 3616             (./generated-code/):00112 [9]     424             PSHU D,X
A0E8 33C8DC           (./generated-code/):00113 [5]     429             LEAU -36,U
                      (./generated-code/):00114                 
A0EB C606             (./generated-code/):00115 [2]     431             LDB #$06
A0ED 3616             (./generated-code/):00116 [9]     440             PSHU D,X
A0EF 33C8DC           (./generated-code/):00117 [5]     445             LEAU -36,U
                      (./generated-code/):00118                 
A0F2 A6C8DB           (./generated-code/):00119 [5]     450             LDA -37,U
A0F5 84F0             (./generated-code/):00120 [2]     452             ANDA #$F0
A0F7 8A01             (./generated-code/):00121 [2]     454             ORA #$01
A0F9 A7C8DB           (./generated-code/):00122 [5]     459             STA -37,U
A0FC CC0000           (./generated-code/):00123 [3]     462             LDD #$0000
A0FF 8E72EE           (./generated-code/):00124 [3]     465             LDX #$72ee
A102 3616             (./generated-code/):00125 [9]     474             PSHU D,X
A104 33C8DC           (./generated-code/):00126 [5]     479             LEAU -36,U
                      (./generated-code/):00127                 
A107 A65B             (./generated-code/):00128 [5]     484             LDA -5,U
A109 84F0             (./generated-code/):00129 [2]     486             ANDA #$F0
A10B 8A02             (./generated-code/):00130 [2]     488             ORA #$02
A10D A75B             (./generated-code/):00131 [5]     493             STA -5,U
A10F A6C8DB           (./generated-code/):00132 [5]     498             LDA -37,U
A112 84F0             (./generated-code/):00133 [2]     500             ANDA #$F0
A114 8A0D             (./generated-code/):00134 [2]     502             ORA #$0d
A116 A7C8DB           (./generated-code/):00135 [5]     507             STA -37,U
A119 CC0006           (./generated-code/):00136 [3]     510             LDD #$0006
A11C 3616             (./generated-code/):00137 [9]     519             PSHU D,X
A11E 33C8DC           (./generated-code/):00138 [5]     524             LEAU -36,U
                      (./generated-code/):00139                 
A121 A65B             (./generated-code/):00140 [5]     529             LDA -5,U
A123 84F0             (./generated-code/):00141 [2]     531             ANDA #$F0
A125 8A00             (./generated-code/):00142 [2]     533             ORA #$00
A127 A75B             (./generated-code/):00143 [5]     538             STA -5,U
A129 861C             (./generated-code/):00144 [2]     540             LDA #$1c
A12B A7C8DB           (./generated-code/):00145 [5]     545             STA -37,U
A12E CC0000           (./generated-code/):00146 [3]     548             LDD #$0000
A131 8E73EE           (./generated-code/):00147 [3]     551             LDX #$73ee
A134 3616             (./generated-code/):00148 [9]     560             PSHU D,X
A136 33C8DC           (./generated-code/):00149 [5]     565             LEAU -36,U
                      (./generated-code/):00150                 
A139 86CD             (./generated-code/):00151 [2]     567             LDA #$cd
A13B A7C8DB           (./generated-code/):00152 [5]     572             STA -37,U
A13E 8622             (./generated-code/):00153 [2]     574             LDA #$22
A140 8E0006           (./generated-code/):00154 [3]     577             LDX #$0006
A143 108E73EE         (./generated-code/):00155 [4]     581             LDY #$73ee
A147 3632             (./generated-code/):00156 [10]    591             PSHU A,X,Y
A149 33C8DD           (./generated-code/):00157 [5]     596             LEAU -35,U
                      (./generated-code/):00158                 
A14C 86DD             (./generated-code/):00159 [2]     598             LDA #$dd
A14E A7C8DB           (./generated-code/):00160 [5]     603             STA -37,U
A151 8622             (./generated-code/):00161 [2]     605             LDA #$22
A153 8E0000           (./generated-code/):00162 [3]     608             LDX #$0000
A156 108E732E         (./generated-code/):00163 [4]     612             LDY #$732e
A15A 3632             (./generated-code/):00164 [10]    622             PSHU A,X,Y
A15C 33C8DD           (./generated-code/):00165 [5]     627             LEAU -35,U
                      (./generated-code/):00166                 
A15F 86DB             (./generated-code/):00167 [2]     629             LDA #$db
A161 A7C8DB           (./generated-code/):00168 [5]     634             STA -37,U
A164 8622             (./generated-code/):00169 [2]     636             LDA #$22
A166 8E2206           (./generated-code/):00170 [3]     639             LDX #$2206
A169 108E7322         (./generated-code/):00171 [4]     643             LDY #$7322
A16D 3632             (./generated-code/):00172 [10]    653             PSHU A,X,Y
A16F 33C8DE           (./generated-code/):00173 [5]     658             LEAU -34,U
                      (./generated-code/):00174                 
A172 C622             (./generated-code/):00175 [2]     660             LDB #$22
A174 8E0073           (./generated-code/):00176 [3]     663             LDX #$0073
A177 108E2222         (./generated-code/):00177 [4]     667             LDY #$2222
A17B 3636             (./generated-code/):00178 [11]    678             PSHU D,X,Y
A17D 33C8E1           (./generated-code/):00179 [5]     683             LEAU -31,U
                      (./generated-code/):00180                 
A180 8673             (./generated-code/):00181 [2]     685             LDA #$73
A182 8E2222           (./generated-code/):00182 [3]     688             LDX #$2222
A185 108E22D3         (./generated-code/):00183 [4]     692             LDY #$22d3
A189 3636             (./generated-code/):00184 [11]    703             PSHU D,X,Y
A18B 8E2226           (./generated-code/):00185 [3]     706             LDX #$2226
A18E 3614             (./generated-code/):00186 [8]     714             PSHU B,X
A190 33C8E1           (./generated-code/):00187 [5]     719             LEAU -31,U
                      (./generated-code/):00188                 
A193 8E2222           (./generated-code/):00189 [3]     722             LDX #$2222
A196 108E2222         (./generated-code/):00190 [4]     726             LDY #$2222
A19A 3636             (./generated-code/):00191 [11]    737             PSHU D,X,Y
A19C 3614             (./generated-code/):00192 [8]     745             PSHU B,X
A19E 33C8E1           (./generated-code/):00193 [5]     750             LEAU -31,U
                      (./generated-code/):00194                 
A1A1 8623             (./generated-code/):00195 [2]     752             LDA #$23
A1A3 108E2221         (./generated-code/):00196 [4]     756             LDY #$2221
A1A7 3636             (./generated-code/):00197 [11]    767             PSHU D,X,Y
A1A9 A65C             (./generated-code/):00198 [5]     772             LDA -4,U
A1AB 84F0             (./generated-code/):00199 [2]     774             ANDA #$F0
A1AD 8A02             (./generated-code/):00200 [2]     776             ORA #$02
A1AF A75C             (./generated-code/):00201 [5]     781             STA -4,U
A1B1 8E2223           (./generated-code/):00202 [3]     784             LDX #$2223
A1B4 3614             (./generated-code/):00203 [8]     792             PSHU B,X
A1B6 33C8E1           (./generated-code/):00204 [5]     797             LEAU -31,U
                      (./generated-code/):00205                 
A1B9 CC2322           (./generated-code/):00206 [3]     800             LDD #$2322
A1BC 8E2222           (./generated-code/):00207 [3]     803             LDX #$2222
A1BF 108E2220         (./generated-code/):00208 [4]     807             LDY #$2220
A1C3 3636             (./generated-code/):00209 [11]    818             PSHU D,X,Y
A1C5 3614             (./generated-code/):00210 [8]     826             PSHU B,X
A1C7 33C8E1           (./generated-code/):00211 [5]     831             LEAU -31,U
                      (./generated-code/):00212                 
A1CA A657             (./generated-code/):00213 [5]     836             LDA -9,U
A1CC 84F0             (./generated-code/):00214 [2]     838             ANDA #$F0
A1CE 8A02             (./generated-code/):00215 [2]     840             ORA #$02
A1D0 A757             (./generated-code/):00216 [5]     845             STA -9,U
A1D2 CC2223           (./generated-code/):00217 [3]     848             LDD #$2223
A1D5 ED58             (./generated-code/):00218 [6]     854             STD -8,U
A1D7 CC2322           (./generated-code/):00219 [3]     857             LDD #$2322
A1DA 3636             (./generated-code/):00220 [11]    868             PSHU D,X,Y
A1DC 33C8DE           (./generated-code/):00221 [5]     873             LEAU -34,U
                      (./generated-code/):00222                 
A1DF AF58             (./generated-code/):00223 [6]     879             STX -8,U
A1E1 3636             (./generated-code/):00224 [11]    890             PSHU D,X,Y
A1E3 33C8DE           (./generated-code/):00225 [5]     895             LEAU -34,U
                      (./generated-code/):00226                 
A1E6 CC2223           (./generated-code/):00227 [3]     898             LDD #$2223
A1E9 ED58             (./generated-code/):00228 [6]     904             STD -8,U
A1EB CC6322           (./generated-code/):00229 [3]     907             LDD #$6322
A1EE 108E2210         (./generated-code/):00230 [4]     911             LDY #$2210
A1F2 3636             (./generated-code/):00231 [11]    922             PSHU D,X,Y
A1F4 33C8DE           (./generated-code/):00232 [5]     927             LEAU -34,U
                      (./generated-code/):00233                 
A1F7 E759             (./generated-code/):00234 [5]     932             STB -7,U
A1F9 8661             (./generated-code/):00235 [2]     934             LDA #$61
A1FB 108E2200         (./generated-code/):00236 [4]     938             LDY #$2200
A1FF 3636             (./generated-code/):00237 [11]    949             PSHU D,X,Y
A201 33C8DE           (./generated-code/):00238 [5]     954             LEAU -34,U
                      (./generated-code/):00239                 
A204 8623             (./generated-code/):00240 [2]     956             LDA #$23
A206 A759             (./generated-code/):00241 [5]     961             STA -7,U
A208 8661             (./generated-code/):00242 [2]     963             LDA #$61
A20A 3636             (./generated-code/):00243 [11]    974             PSHU D,X,Y
                      (./generated-code/):00244                 
A20C DEFC             (./generated-code/):00245 [5]     979             LDU <glb_screen_location_1
A20E 33C90A42         (./generated-code/):00246 [8]     987             LEAU 2626,U
                      (./generated-code/):00247                 
A212 8622             (./generated-code/):00248 [2]     989             LDA #$22
A214 A7C4             (./generated-code/):00249 [4]     993             STA ,U
A216 33C9FF63         (./generated-code/):00250 [8]     1001            LEAU -157,U
                      (./generated-code/):00251                 
A21A A7C875           (./generated-code/):00252 [5]     1006            STA 117,U
A21D CC2222           (./generated-code/):00253 [3]     1009            LDD #$2222
A220 EDC84D           (./generated-code/):00254 [6]     1015            STD 77,U
A223 EDC825           (./generated-code/):00255 [6]     1021            STD 37,U
A226 A6C8D5           (./generated-code/):00256 [5]     1026            LDA -43,U
A229 84F0             (./generated-code/):00257 [2]     1028            ANDA #$F0
A22B 8A02             (./generated-code/):00258 [2]     1030            ORA #$02
A22D A7C8D5           (./generated-code/):00259 [5]     1035            STA -43,U
A230 CC2222           (./generated-code/):00260 [3]     1038            LDD #$2222
A233 EDC8D6           (./generated-code/):00261 [6]     1044            STD -42,U
A236 ECC8AF           (./generated-code/):00262 [6]     1050            LDD -81,U
A239 8622             (./generated-code/):00263 [2]     1052            LDA #$22
A23B C40F             (./generated-code/):00264 [2]     1054            ANDB #$0F
A23D CA20             (./generated-code/):00265 [2]     1056            ORB #$20
A23F EDC8AF           (./generated-code/):00266 [6]     1062            STD -81,U
A242 ECC8AD           (./generated-code/):00267 [6]     1068            LDD -83,U
A245 84F0             (./generated-code/):00268 [2]     1070            ANDA #$F0
A247 8A02             (./generated-code/):00269 [2]     1072            ORA #$02
A249 C622             (./generated-code/):00270 [2]     1074            LDB #$22
A24B EDC8AD           (./generated-code/):00271 [6]     1080            STD -83,U
A24E 8E2222           (./generated-code/):00272 [3]     1083            LDX #$2222
A251 3614             (./generated-code/):00273 [8]     1091            PSHU B,X
A253 33C88C           (./generated-code/):00274 [5]     1096            LEAU -116,U
                      (./generated-code/):00275                 
A256 A65C             (./generated-code/):00276 [5]     1101            LDA -4,U
A258 84F0             (./generated-code/):00277 [2]     1103            ANDA #$F0
A25A 8A02             (./generated-code/):00278 [2]     1105            ORA #$02
A25C A75C             (./generated-code/):00279 [5]     1110            STA -4,U
A25E 8E2232           (./generated-code/):00280 [3]     1113            LDX #$2232
A261 3614             (./generated-code/):00281 [8]     1121            PSHU B,X
A263 33C8DB           (./generated-code/):00282 [5]     1126            LEAU -37,U
                      (./generated-code/):00283                 
A266 ECC8D7           (./generated-code/):00284 [6]     1132            LDD -41,U
A269 8633             (./generated-code/):00285 [2]     1134            LDA #$33
A26B C40F             (./generated-code/):00286 [2]     1136            ANDB #$0F
A26D CA20             (./generated-code/):00287 [2]     1138            ORB #$20
A26F EDC8D7           (./generated-code/):00288 [6]     1144            STD -41,U
A272 A65C             (./generated-code/):00289 [5]     1149            LDA -4,U
A274 84F0             (./generated-code/):00290 [2]     1151            ANDA #$F0
A276 8A02             (./generated-code/):00291 [2]     1153            ORA #$02
A278 A75C             (./generated-code/):00292 [5]     1158            STA -4,U
A27A CC2222           (./generated-code/):00293 [3]     1161            LDD #$2222
A27D EDC8D5           (./generated-code/):00294 [6]     1167            STD -43,U
A280 8E2233           (./generated-code/):00295 [3]     1170            LDX #$2233
A283 3612             (./generated-code/):00296 [8]     1178            PSHU A,X
A285 33C8B4           (./generated-code/):00297 [5]     1183            LEAU -76,U
                      (./generated-code/):00298                 
A288 8E33E2           (./generated-code/):00299 [3]     1186            LDX #$33e2
A28B 3616             (./generated-code/):00300 [9]     1195            PSHU D,X
A28D 33C8DC           (./generated-code/):00301 [5]     1200            LEAU -36,U
                      (./generated-code/):00302                 
A290 8E33EE           (./generated-code/):00303 [3]     1203            LDX #$33ee
A293 3616             (./generated-code/):00304 [9]     1212            PSHU D,X
A295 33C8DC           (./generated-code/):00305 [5]     1217            LEAU -36,U
                      (./generated-code/):00306                 
A298 8600             (./generated-code/):00307 [2]     1219            LDA #$00
A29A 3616             (./generated-code/):00308 [9]     1228            PSHU D,X
A29C 33C8DC           (./generated-code/):00309 [5]     1233            LEAU -36,U
                      (./generated-code/):00310                 
A29F ECC8D7           (./generated-code/):00311 [6]     1239            LDD -41,U
A2A2 86EE             (./generated-code/):00312 [2]     1241            LDA #$ee
A2A4 C40F             (./generated-code/):00313 [2]     1243            ANDB #$0F
A2A6 CA20             (./generated-code/):00314 [2]     1245            ORB #$20
A2A8 EDC8D7           (./generated-code/):00315 [6]     1251            STD -41,U
A2AB CC0022           (./generated-code/):00316 [3]     1254            LDD #$0022
A2AE 3616             (./generated-code/):00317 [9]     1263            PSHU D,X
A2B0 33C8DB           (./generated-code/):00318 [5]     1268            LEAU -37,U
                      (./generated-code/):00319                 
A2B3 ECC8D8           (./generated-code/):00320 [6]     1274            LDD -40,U
A2B6 86EE             (./generated-code/):00321 [2]     1276            LDA #$ee
A2B8 C40F             (./generated-code/):00322 [2]     1278            ANDB #$0F
A2BA CA20             (./generated-code/):00323 [2]     1280            ORB #$20
A2BC EDC8D8           (./generated-code/):00324 [6]     1286            STD -40,U
A2BF 8600             (./generated-code/):00325 [2]     1288            LDA #$00
A2C1 8E0233           (./generated-code/):00326 [3]     1291            LDX #$0233
A2C4 3612             (./generated-code/):00327 [8]     1299            PSHU A,X
A2C6 33C8DB           (./generated-code/):00328 [5]     1304            LEAU -37,U
                      (./generated-code/):00329                 
A2C9 ECC8D8           (./generated-code/):00330 [6]     1310            LDD -40,U
A2CC 86EE             (./generated-code/):00331 [2]     1312            LDA #$ee
A2CE C40F             (./generated-code/):00332 [2]     1314            ANDB #$0F
A2D0 CA10             (./generated-code/):00333 [2]     1316            ORB #$10
A2D2 EDC8D8           (./generated-code/):00334 [6]     1322            STD -40,U
A2D5 8600             (./generated-code/):00335 [2]     1324            LDA #$00
A2D7 8E0033           (./generated-code/):00336 [3]     1327            LDX #$0033
A2DA 3612             (./generated-code/):00337 [8]     1335            PSHU A,X
A2DC 33C8DB           (./generated-code/):00338 [5]     1340            LEAU -37,U
                      (./generated-code/):00339                 
A2DF ECC8D8           (./generated-code/):00340 [6]     1346            LDD -40,U
A2E2 86EE             (./generated-code/):00341 [2]     1348            LDA #$ee
A2E4 C40F             (./generated-code/):00342 [2]     1350            ANDB #$0F
A2E6 CA10             (./generated-code/):00343 [2]     1352            ORB #$10
A2E8 EDC8D8           (./generated-code/):00344 [6]     1358            STD -40,U
A2EB 8600             (./generated-code/):00345 [2]     1360            LDA #$00
A2ED 3612             (./generated-code/):00346 [8]     1368            PSHU A,X
A2EF 33C8DB           (./generated-code/):00347 [5]     1373            LEAU -37,U
                      (./generated-code/):00348                 
A2F2 ECC8D8           (./generated-code/):00349 [6]     1379            LDD -40,U
A2F5 86EE             (./generated-code/):00350 [2]     1381            LDA #$ee
A2F7 C40F             (./generated-code/):00351 [2]     1383            ANDB #$0F
A2F9 CA30             (./generated-code/):00352 [2]     1385            ORB #$30
A2FB EDC8D8           (./generated-code/):00353 [6]     1391            STD -40,U
A2FE 8600             (./generated-code/):00354 [2]     1393            LDA #$00
A300 8E0067           (./generated-code/):00355 [3]     1396            LDX #$0067
A303 3612             (./generated-code/):00356 [8]     1404            PSHU A,X
A305 33C8DB           (./generated-code/):00357 [5]     1409            LEAU -37,U
                      (./generated-code/):00358                 
A308 ECC8D8           (./generated-code/):00359 [6]     1415            LDD -40,U
A30B 86EE             (./generated-code/):00360 [2]     1417            LDA #$ee
A30D C40F             (./generated-code/):00361 [2]     1419            ANDB #$0F
A30F CAE0             (./generated-code/):00362 [2]     1421            ORB #$e0
A311 EDC8D8           (./generated-code/):00363 [6]     1427            STD -40,U
A314 8600             (./generated-code/):00364 [2]     1429            LDA #$00
A316 8E0066           (./generated-code/):00365 [3]     1432            LDX #$0066
A319 3612             (./generated-code/):00366 [8]     1440            PSHU A,X
A31B 33C8DB           (./generated-code/):00367 [5]     1445            LEAU -37,U
                      (./generated-code/):00368                 
A31E ECC8D8           (./generated-code/):00369 [6]     1451            LDD -40,U
A321 8622             (./generated-code/):00370 [2]     1453            LDA #$22
A323 C40F             (./generated-code/):00371 [2]     1455            ANDB #$0F
A325 CA30             (./generated-code/):00372 [2]     1457            ORB #$30
A327 EDC8D8           (./generated-code/):00373 [6]     1463            STD -40,U
A32A 8620             (./generated-code/):00374 [2]     1465            LDA #$20
A32C 8E0067           (./generated-code/):00375 [3]     1468            LDX #$0067
A32F 3612             (./generated-code/):00376 [8]     1476            PSHU A,X
A331 33C8DB           (./generated-code/):00377 [5]     1481            LEAU -37,U
                      (./generated-code/):00378                 
A334 A6C8DD           (./generated-code/):00379 [5]     1486            LDA -35,U
A337 84F0             (./generated-code/):00380 [2]     1488            ANDA #$F0
A339 8A01             (./generated-code/):00381 [2]     1490            ORA #$01
A33B A7C8DD           (./generated-code/):00382 [5]     1495            STA -35,U
A33E ECC8D8           (./generated-code/):00383 [6]     1501            LDD -40,U
A341 861E             (./generated-code/):00384 [2]     1503            LDA #$1e
A343 C40F             (./generated-code/):00385 [2]     1505            ANDB #$0F
A345 CA30             (./generated-code/):00386 [2]     1507            ORB #$30
A347 EDC8D8           (./generated-code/):00387 [6]     1513            STD -40,U
A34A 8620             (./generated-code/):00388 [2]     1515            LDA #$20
A34C 8E0066           (./generated-code/):00389 [3]     1518            LDX #$0066
A34F 3612             (./generated-code/):00390 [8]     1526            PSHU A,X
A351 33C8DB           (./generated-code/):00391 [5]     1531            LEAU -37,U
                      (./generated-code/):00392                 
A354 ECC8D8           (./generated-code/):00393 [6]     1537            LDD -40,U
A357 861E             (./generated-code/):00394 [2]     1539            LDA #$1e
A359 C40F             (./generated-code/):00395 [2]     1541            ANDB #$0F
A35B CA30             (./generated-code/):00396 [2]     1543            ORB #$30
A35D EDC8D8           (./generated-code/):00397 [6]     1549            STD -40,U
A360 861B             (./generated-code/):00398 [2]     1551            LDA #$1b
A362 A7C8DD           (./generated-code/):00399 [5]     1556            STA -35,U
A365 8620             (./generated-code/):00400 [2]     1558            LDA #$20
A367 8E0067           (./generated-code/):00401 [3]     1561            LDX #$0067
A36A 3612             (./generated-code/):00402 [8]     1569            PSHU A,X
A36C 33C8DB           (./generated-code/):00403 [5]     1574            LEAU -37,U
                      (./generated-code/):00404                 
A36F 86CD             (./generated-code/):00405 [2]     1576            LDA #$cd
A371 A7C8DD           (./generated-code/):00406 [5]     1581            STA -35,U
A374 ECC8D8           (./generated-code/):00407 [6]     1587            LDD -40,U
A377 861E             (./generated-code/):00408 [2]     1589            LDA #$1e
A379 C40F             (./generated-code/):00409 [2]     1591            ANDB #$0F
A37B CA30             (./generated-code/):00410 [2]     1593            ORB #$30
A37D EDC8D8           (./generated-code/):00411 [6]     1599            STD -40,U
A380 8600             (./generated-code/):00412 [2]     1601            LDA #$00
A382 8E0066           (./generated-code/):00413 [3]     1604            LDX #$0066
A385 3612             (./generated-code/):00414 [8]     1612            PSHU A,X
A387 33C8DB           (./generated-code/):00415 [5]     1617            LEAU -37,U
                      (./generated-code/):00416                 
A38A ECC8D8           (./generated-code/):00417 [6]     1623            LDD -40,U
A38D 861E             (./generated-code/):00418 [2]     1625            LDA #$1e
A38F C40F             (./generated-code/):00419 [2]     1627            ANDB #$0F
A391 CA30             (./generated-code/):00420 [2]     1629            ORB #$30
A393 EDC8D8           (./generated-code/):00421 [6]     1635            STD -40,U
A396 86DD             (./generated-code/):00422 [2]     1637            LDA #$dd
A398 A7C8DD           (./generated-code/):00423 [5]     1642            STA -35,U
A39B 8600             (./generated-code/):00424 [2]     1644            LDA #$00
A39D 8E0067           (./generated-code/):00425 [3]     1647            LDX #$0067
A3A0 3612             (./generated-code/):00426 [8]     1655            PSHU A,X
A3A2 33C8DB           (./generated-code/):00427 [5]     1660            LEAU -37,U
                      (./generated-code/):00428                 
A3A5 86DD             (./generated-code/):00429 [2]     1662            LDA #$dd
A3A7 A7C8DD           (./generated-code/):00430 [5]     1667            STA -35,U
A3AA ECC8D8           (./generated-code/):00431 [6]     1673            LDD -40,U
A3AD 8621             (./generated-code/):00432 [2]     1675            LDA #$21
A3AF C40F             (./generated-code/):00433 [2]     1677            ANDB #$0F
A3B1 CA30             (./generated-code/):00434 [2]     1679            ORB #$30
A3B3 EDC8D8           (./generated-code/):00435 [6]     1685            STD -40,U
A3B6 8600             (./generated-code/):00436 [2]     1687            LDA #$00
A3B8 8E0066           (./generated-code/):00437 [3]     1690            LDX #$0066
A3BB 3612             (./generated-code/):00438 [8]     1698            PSHU A,X
A3BD 33C8DB           (./generated-code/):00439 [5]     1703            LEAU -37,U
                      (./generated-code/):00440                 
A3C0 ECC8D8           (./generated-code/):00441 [6]     1709            LDD -40,U
A3C3 8632             (./generated-code/):00442 [2]     1711            LDA #$32
A3C5 C40F             (./generated-code/):00443 [2]     1713            ANDB #$0F
A3C7 CA30             (./generated-code/):00444 [2]     1715            ORB #$30
A3C9 EDC8D8           (./generated-code/):00445 [6]     1721            STD -40,U
A3CC ECC8DC           (./generated-code/):00446 [6]     1727            LDD -36,U
A3CF 84F0             (./generated-code/):00447 [2]     1729            ANDA #$F0
A3D1 8A01             (./generated-code/):00448 [2]     1731            ORA #$01
A3D3 C6DB             (./generated-code/):00449 [2]     1733            LDB #$db
A3D5 EDC8DC           (./generated-code/):00450 [6]     1739            STD -36,U
A3D8 8620             (./generated-code/):00451 [2]     1741            LDA #$20
A3DA 8E0067           (./generated-code/):00452 [3]     1744            LDX #$0067
A3DD 3612             (./generated-code/):00453 [8]     1752            PSHU A,X
A3DF 33C8DB           (./generated-code/):00454 [5]     1757            LEAU -37,U
                      (./generated-code/):00455                 
A3E2 ECC8DC           (./generated-code/):00456 [6]     1763            LDD -36,U
A3E5 84F0             (./generated-code/):00457 [2]     1765            ANDA #$F0
A3E7 8A0C             (./generated-code/):00458 [2]     1767            ORA #$0c
A3E9 C6B7             (./generated-code/):00459 [2]     1769            LDB #$b7
A3EB EDC8DC           (./generated-code/):00460 [6]     1775            STD -36,U
A3EE 8622             (./generated-code/):00461 [2]     1777            LDA #$22
A3F0 8E0066           (./generated-code/):00462 [3]     1780            LDX #$0066
A3F3 3612             (./generated-code/):00463 [8]     1788            PSHU A,X
A3F5 33C8DD           (./generated-code/):00464 [5]     1793            LEAU -35,U
                      (./generated-code/):00465                 
A3F8 CC1D33           (./generated-code/):00466 [3]     1796            LDD #$1d33
A3FB EDC8DA           (./generated-code/):00467 [6]     1802            STD -38,U
A3FE A65A             (./generated-code/):00468 [5]     1807            LDA -6,U
A400 84F0             (./generated-code/):00469 [2]     1809            ANDA #$F0
A402 8A02             (./generated-code/):00470 [2]     1811            ORA #$02
A404 A75A             (./generated-code/):00471 [5]     1816            STA -6,U
A406 8622             (./generated-code/):00472 [2]     1818            LDA #$22
A408 8E0067           (./generated-code/):00473 [3]     1821            LDX #$0067
A40B 108E3222         (./generated-code/):00474 [4]     1825            LDY #$3222
A40F 3632             (./generated-code/):00475 [10]    1835            PSHU A,X,Y
A411 33C8DE           (./generated-code/):00476 [5]     1840            LEAU -34,U
                      (./generated-code/):00477                 
A414 A659             (./generated-code/):00478 [5]     1845            LDA -7,U
A416 84F0             (./generated-code/):00479 [2]     1847            ANDA #$F0
A418 8A02             (./generated-code/):00480 [2]     1849            ORA #$02
A41A A759             (./generated-code/):00481 [5]     1854            STA -7,U
A41C CC2220           (./generated-code/):00482 [3]     1857            LDD #$2220
A41F 8E6632           (./generated-code/):00483 [3]     1860            LDX #$6632
A422 108E2222         (./generated-code/):00484 [4]     1864            LDY #$2222
A426 3636             (./generated-code/):00485 [11]    1875            PSHU D,X,Y
A428 33C8E1           (./generated-code/):00486 [5]     1880            LEAU -31,U
                      (./generated-code/):00487                 
A42B CC3222           (./generated-code/):00488 [3]     1883            LDD #$3222
A42E 8E2222           (./generated-code/):00489 [3]     1886            LDX #$2222
A431 108E2233         (./generated-code/):00490 [4]     1890            LDY #$2233
A435 3636             (./generated-code/):00491 [11]    1901            PSHU D,X,Y
A437 108E2267         (./generated-code/):00492 [4]     1905            LDY #$2267
A43B 3630             (./generated-code/):00493 [9]     1914            PSHU X,Y
A43D 33C8E2           (./generated-code/):00494 [5]     1919            LEAU -30,U
                      (./generated-code/):00495                 
A440 108E2222         (./generated-code/):00496 [4]     1923            LDY #$2222
A444 3636             (./generated-code/):00497 [11]    1934            PSHU D,X,Y
A446 108E2236         (./generated-code/):00498 [4]     1938            LDY #$2236
A44A 3630             (./generated-code/):00499 [9]     1947            PSHU X,Y
A44C 33C8E2           (./generated-code/):00500 [5]     1952            LEAU -30,U
                      (./generated-code/):00501                 
A44F 8622             (./generated-code/):00502 [2]     1954            LDA #$22
A451 108E2211         (./generated-code/):00503 [4]     1958            LDY #$2211
A455 3636             (./generated-code/):00504 [11]    1969            PSHU D,X,Y
A457 8E2233           (./generated-code/):00505 [3]     1972            LDX #$2233
A45A 3616             (./generated-code/):00506 [9]     1981            PSHU D,X
A45C 33C8E2           (./generated-code/):00507 [5]     1986            LEAU -30,U
                      (./generated-code/):00508                 
A45F 8E2222           (./generated-code/):00509 [3]     1989            LDX #$2222
A462 3636             (./generated-code/):00510 [11]    2000            PSHU D,X,Y
A464 A65C             (./generated-code/):00511 [5]     2005            LDA -4,U
A466 84F0             (./generated-code/):00512 [2]     2007            ANDA #$F0
A468 8A02             (./generated-code/):00513 [2]     2009            ORA #$02
A46A A75C             (./generated-code/):00514 [5]     2014            STA -4,U
A46C 8E2233           (./generated-code/):00515 [3]     2017            LDX #$2233
A46F 3614             (./generated-code/):00516 [8]     2025            PSHU B,X
A471 33C8E1           (./generated-code/):00517 [5]     2030            LEAU -31,U
                      (./generated-code/):00518                 
A474 CC2222           (./generated-code/):00519 [3]     2033            LDD #$2222
A477 8E2222           (./generated-code/):00520 [3]     2036            LDX #$2222
A47A 3636             (./generated-code/):00521 [11]    2047            PSHU D,X,Y
A47C 8E2233           (./generated-code/):00522 [3]     2050            LDX #$2233
A47F 3612             (./generated-code/):00523 [8]     2058            PSHU A,X
A481 33C8E1           (./generated-code/):00524 [5]     2063            LEAU -31,U
                      (./generated-code/):00525                 
A484 A657             (./generated-code/):00526 [5]     2068            LDA -9,U
A486 84F0             (./generated-code/):00527 [2]     2070            ANDA #$F0
A488 8A02             (./generated-code/):00528 [2]     2072            ORA #$02
A48A A757             (./generated-code/):00529 [5]     2077            STA -9,U
A48C AF58             (./generated-code/):00530 [6]     2083            STX -8,U
A48E CC2222           (./generated-code/):00531 [3]     2086            LDD #$2222
A491 8E2222           (./generated-code/):00532 [3]     2089            LDX #$2222
A494 3636             (./generated-code/):00533 [11]    2100            PSHU D,X,Y
A496 33C8DE           (./generated-code/):00534 [5]     2105            LEAU -34,U
                      (./generated-code/):00535                 
A499 C633             (./generated-code/):00536 [2]     2107            LDB #$33
A49B ED58             (./generated-code/):00537 [6]     2113            STD -8,U
A49D C622             (./generated-code/):00538 [2]     2115            LDB #$22
A49F 3636             (./generated-code/):00539 [11]    2126            PSHU D,X,Y
A4A1 33C8DE           (./generated-code/):00540 [5]     2131            LEAU -34,U
                      (./generated-code/):00541                 
A4A4 C633             (./generated-code/):00542 [2]     2133            LDB #$33
A4A6 ED58             (./generated-code/):00543 [6]     2139            STD -8,U
A4A8 C622             (./generated-code/):00544 [2]     2141            LDB #$22
A4AA 108E2201         (./generated-code/):00545 [4]     2145            LDY #$2201
A4AE 3636             (./generated-code/):00546 [11]    2156            PSHU D,X,Y
A4B0 33C8DE           (./generated-code/):00547 [5]     2161            LEAU -34,U
                      (./generated-code/):00548                 
A4B3 EC58             (./generated-code/):00549 [6]     2167            LDD -8,U
A4B5 84F0             (./generated-code/):00550 [2]     2169            ANDA #$F0
A4B7 8A02             (./generated-code/):00551 [2]     2171            ORA #$02
A4B9 C633             (./generated-code/):00552 [2]     2173            LDB #$33
A4BB ED58             (./generated-code/):00553 [6]     2179            STD -8,U
A4BD CC2222           (./generated-code/):00554 [3]     2182            LDD #$2222
A4C0 3636             (./generated-code/):00555 [11]    2193            PSHU D,X,Y
A4C2 39               (./generated-code/):00556 [5]     2198            RTS
                      (./generated-code/):00557                 
