                      (./generated-code/):00001                 INCLUDE "./Engine/Constants.asm"
                      (./Engine/Constant):00001         * ---------------------------------------------------------------------------
                      (./Engine/Constant):00002         * Constants
                      (./Engine/Constant):00003         *
                      (./Engine/Constant):00004         * Naming convention
                      (./Engine/Constant):00005         * -----------------
                      (./Engine/Constant):00006         * - lower case
                      (./Engine/Constant):00007         * - underscore-separated names
                      (./Engine/Constant):00008         *
                      (./Engine/Constant):00009         * ---------------------------------------------------------------------------
                      (./Engine/Constant):00010         
                      (./Engine/Constant):00011         * ===========================================================================
                      (./Engine/Constant):00012         * TO8 Registers
                      (./Engine/Constant):00013         * ===========================================================================
                      (./Engine/Constant):00014         
                      (./Engine/Constant):00015         ; Disk routine registers (ROM)
                      (./Engine/Constant):00016         
     6049             (./Engine/Constant):00017         dk_drive                      equ $6049
     604A             (./Engine/Constant):00018         dk_track                      equ $604A
     604B             (./Engine/Constant):00019         dk_track_lsb                  equ $604B
     604C             (./Engine/Constant):00020         dk_sector                     equ $604C
     604F             (./Engine/Constant):00021         dk_write_location             equ $604F
                      (./Engine/Constant):00022         
                      (./Engine/Constant):00023         * ===========================================================================
                      (./Engine/Constant):00024         * Globals
                      (./Engine/Constant):00025         * ===========================================================================
                      (./Engine/Constant):00026         
     009F             (./Engine/Constant):00027         glb_direct_page               equ $9F    ; direct page for globals
                      (./Engine/Constant):00028         
                      (./Engine/Constant):00029         ; compilated sprite
     9FFE             (./Engine/Constant):00030         glb_register_s                equ $9FFE  ; reverved space to store S from ROM routines
                      (./Engine/Constant):00031         
                      (./Engine/Constant):00032         ; DrawSprites
     9FFC             (./Engine/Constant):00033         glb_screen_location_1         equ $9FFC  ; start address for rendering of current sprite Part1     
     9FFA             (./Engine/Constant):00034         glb_screen_location_2         equ $9FFA  ; start address for rendering of current sprite Part2 (Must follow Part1)
                      (./Engine/Constant):00035         
                      (./Engine/Constant):00036         ; CheckSpritesRefresh
     9FF9             (./Engine/Constant):00037         glb_cur_priority              equ $9FF9
     9FF7             (./Engine/Constant):00038         glb_cur_ptr_sub_obj_erase     equ $9FF7
     9FF5             (./Engine/Constant):00039         glb_cur_ptr_sub_obj_draw      equ $9FF5
     9FF3             (./Engine/Constant):00040         glb_camera_x_pos              equ $9FF3 ; camera x position in palyfield coordinates
     9FF1             (./Engine/Constant):00041         glb_camera_y_pos              equ $9FF1 ; camera y position in palyfield coordinates
     9FEF             (./Engine/Constant):00042         glb_camera_x_min_pos          equ $9FEF
     9FED             (./Engine/Constant):00043         glb_camera_y_min_pos          equ $9FED
     9FEB             (./Engine/Constant):00044         glb_camera_x_max_pos          equ $9FEB
     9FE9             (./Engine/Constant):00045         glb_camera_y_max_pos          equ $9FE9
     9FE8             (./Engine/Constant):00046         glb_force_sprite_refresh      equ $9FE8
     9FE7             (./Engine/Constant):00047         glb_camera_move               equ $9FE7
     9FE6             (./Engine/Constant):00048         glb_alphaTiles                equ $9FE6
     9F00             (./Engine/Constant):00049         glb_tmp_var                   equ $9F00 ; custom tmp var space for routine
     9F00             (./Engine/Constant):00050         glb_system_stack              equ $9F00
                      (./Engine/Constant):00051         
                      (./Engine/Constant):00052         * ===========================================================================
                      (./Engine/Constant):00053         * Display Constants
                      (./Engine/Constant):00054         * ===========================================================================
                      (./Engine/Constant):00055         
     00A0             (./Engine/Constant):00056         screen_width                  equ 160    ; in pixel
     001C             (./Engine/Constant):00057         screen_top                    equ 28     ; in pixel
     00E3             (./Engine/Constant):00058         screen_bottom                 equ 28+199 ; in pixel
     0030             (./Engine/Constant):00059         screen_left                   equ 48     ; in pixel
     00CF             (./Engine/Constant):00060         screen_right                  equ 48+159 ; in pixel
     0008             (./Engine/Constant):00061         nb_priority_levels            equ 8      ; number of priority levels (need code change if modified)
                      (./Engine/Constant):00062         
                      (./Engine/Constant):00063         * ===========================================================================
                      (./Engine/Constant):00064         * Images Constants
                      (./Engine/Constant):00065         * ===========================================================================
                      (./Engine/Constant):00066         
     0004             (./Engine/Constant):00067         image_x_size                  equ 4
     0005             (./Engine/Constant):00068         image_y_size                  equ 5
     0006             (./Engine/Constant):00069         image_center_offset           equ 6
                      (./Engine/Constant):00070         
     0004             (./Engine/Constant):00071         image_subset_x1_offset        equ 4
     0005             (./Engine/Constant):00072         image_subset_y1_offset        equ 5
                      (./Engine/Constant):00073         
     0000             (./Engine/Constant):00074         page_draw_routine             equ 0
     0001             (./Engine/Constant):00075         draw_routine                  equ 1
     0003             (./Engine/Constant):00076         page_erase_routine            equ 3
     0004             (./Engine/Constant):00077         erase_routine                 equ 4
     0006             (./Engine/Constant):00078         erase_nb_cell                 equ 6
                      (./Engine/Constant):00079         
                      (./Engine/Constant):00080         * ===========================================================================
                      (./Engine/Constant):00081         * Sound Constants
                      (./Engine/Constant):00082         * ===========================================================================
                      (./Engine/Constant):00083         
     0000             (./Engine/Constant):00084         sound_page        equ 0
     0001             (./Engine/Constant):00085         sound_start_addr  equ 1
     0003             (./Engine/Constant):00086         sound_end_addr    equ 3
     0005             (./Engine/Constant):00087         sound_meta_size   equ 5
                      (./Engine/Constant):00088         
                      (./Engine/Constant):00089         * ===========================================================================
                      (./Engine/Constant):00090         * Object Constants
                      (./Engine/Constant):00091         * ===========================================================================
                      (./Engine/Constant):00092         
     005D             (./Engine/Constant):00093         object_core_size              equ 93  ; the size of an object without ext_vars - DEPENDENCY ClearObj routine
     ????             (./Engine/Constant):00094         object_size                   equ object_core_size+ext_variables_size ; the size of a dynamic object
     ????             (./Engine/Constant):00095         next_object                   equ object_size
     005D             (./Engine/Constant):00096         ext_variables                 equ object_core_size ; start of reserved space for additionnal variables
                      (./Engine/Constant):00097         
     0000             (./Engine/Constant):00098         id                            equ 0           ; reference to object model id (ObjID_) (0: free slot)
     0001             (./Engine/Constant):00099         subtype                       equ 1           ; reference to object subtype (Sub_)
     0002             (./Engine/Constant):00100         render_flags                  equ 2
                      (./Engine/Constant):00101         
                      (./Engine/Constant):00102         * --- render_flags bitfield variables ---
     0001             (./Engine/Constant):00103         render_xmirror_mask           equ $01 ; (bit 0) DEPENDENCY should be bit 0 - tell display engine to mirror sprite on horizontal axis
     0002             (./Engine/Constant):00104         render_ymirror_mask           equ $02 ; (bit 1) DEPENDENCY should be bit 1 - tell display engine to mirror sprite on vertical axis
     0004             (./Engine/Constant):00105         render_overlay_mask           equ $04 ; (bit 2) DEPENDENCY should be bit 2 - compilated sprite with no background save
     0008             (./Engine/Constant):00106         render_motionless_mask        equ $08 ; (bit 3) tell display engine to compute sub image and position check only once until the flag is removed  
     0010             (./Engine/Constant):00107         render_playfieldcoord_mask    equ $10 ; (bit 4) tell display engine to use playfield (1) or screen (0) coordinates
     0020             (./Engine/Constant):00108         render_hide_mask              equ $20 ; (bit 5) tell display engine to hide sprite (keep priority and mapping_frame)
     0040             (./Engine/Constant):00109         render_todelete_mask          equ $40 ; (bit 6) tell display engine to delete sprite and clear OST for this object
     0080             (./Engine/Constant):00110         render_xloop_mask             equ $80 ; (bit 7) (screen coordinate) tell display engine to hide sprite when x is out of screen (0) or to display (1)  
                      (./Engine/Constant):00111          
     0003             (./Engine/Constant):00112         priority                      equ 3           ; display priority (0: nothing to display, 1:front, ..., 8:back)
     0004             (./Engine/Constant):00113         anim                          equ 4  ; and 5  ; reference to current animation (Ani_)
     0006             (./Engine/Constant):00114         prev_anim                     equ 6  ; and 7  ; reference to previous animation (Ani_)
     0008             (./Engine/Constant):00115         anim_frame                    equ 8           ; index of current frame in animation
     0009             (./Engine/Constant):00116         anim_frame_duration           equ 9           ; number of frames for each image in animation, range: 00-7F (0-127), 0 means display only during one frame
     000A             (./Engine/Constant):00117         anim_flags                    equ 10          ; byte offset to reference an anim_flags LUT (adv) / store a link flag (non adv)
                      (./Engine/Constant):00118         
                      (./Engine/Constant):00119         * --- anim_flags bitfield variables ---
     0001             (./Engine/Constant):00120         anim_link_mask                equ $01 ; (bit 0) if set, allow the load of a new animation without reseting anim_frame and anim_frame_duration
                      (./Engine/Constant):00121         
     000B             (./Engine/Constant):00122         status_flags                  equ 11          ; orientation of sprite, is applied to animation xmirror flag during AnimateSprite
                      (./Engine/Constant):00123         
                      (./Engine/Constant):00124         * --- status_flags bitfield variables ---
     0001             (./Engine/Constant):00125         status_xflip_mask             equ $01 ; (bit 0) X Flip
     0002             (./Engine/Constant):00126         status_yflip_mask             equ $02 ; (bit 1) Y Flip
                      (./Engine/Constant):00127         
     000C             (./Engine/Constant):00128         image_set                     equ 12 ; and 13 ; reference to current image (Img_) (0000 if no image)
     000E             (./Engine/Constant):00129         x_pos                         equ 14 ; and 15 ; x playfield coordinate
     0010             (./Engine/Constant):00130         x_sub                         equ 16          ; x subpixel (1/256 of a pixel), must follow x_pos in data structure
     0011             (./Engine/Constant):00131         y_pos                         equ 17 ; and 18 ; y playfield coordinate
     0013             (./Engine/Constant):00132         y_sub                         equ 19          ; y subpixel (1/256 of a pixel), must follow y_pos in data structure
     0014             (./Engine/Constant):00133         xy_pixel                      equ 20          ; x and y screen coordinate
     0014             (./Engine/Constant):00134         x_pixel                       equ 20          ; x screen coordinate
     0015             (./Engine/Constant):00135         y_pixel                       equ 21          ; y screen coordinate, must follow x_pixel
                      (./Engine/Constant):00136         ;x_offset                      equ 93          ; x screen coordinate offset that is applied at rendering
                      (./Engine/Constant):00137         ;y_offset                      equ 94          ; x screen coordinate offset that is applied at rendering
     0016             (./Engine/Constant):00138         x_vel                         equ 22 ; and 23 ; horizontal velocity
     0018             (./Engine/Constant):00139         y_vel                         equ 24 ; and 25 ; vertical velocity
     001A             (./Engine/Constant):00140         x_acl                         equ 26 ; and 27 ; horizontal gravity
     001C             (./Engine/Constant):00141         y_acl                         equ 28 ; and 29 ; vertical gravity
     001E             (./Engine/Constant):00142         routine                       equ 30          ; index of current object routine
     001F             (./Engine/Constant):00143         routine_secondary             equ 31          ; index of current secondary routine
     0020             (./Engine/Constant):00144         routine_tertiary              equ 32          ; index of current tertiary routine
     0021             (./Engine/Constant):00145         routine_quaternary            equ 33          ; index of current quaternary routine
                      (./Engine/Constant):00146         
                      (./Engine/Constant):00147         * ---------------------------------------------------------------------------
                      (./Engine/Constant):00148         * reserved variables (update by engine)
                      (./Engine/Constant):00149         
     0022             (./Engine/Constant):00150         rsv_render_flags              equ 34
                      (./Engine/Constant):00151         
                      (./Engine/Constant):00152         * --- rsv_render_flags bitfield variables ---
     0001             (./Engine/Constant):00153         rsv_render_checkrefresh_mask  equ $01 ; (bit 0) if erasesprite and display sprite flag are processed for this frame
     0002             (./Engine/Constant):00154         rsv_render_erasesprite_mask   equ $02 ; (bit 1) if a sprite need to be cleared on screen
     0004             (./Engine/Constant):00155         rsv_render_displaysprite_mask equ $04 ; (bit 2) if a sprite need to be rendered on screen
     0008             (./Engine/Constant):00156         rsv_render_outofrange_mask    equ $08 ; (bit 3) if a sprite is out of range for full rendering in screen
     0080             (./Engine/Constant):00157         rsv_render_onscreen_mask      equ $80 ; (bit 7) DEPENDENCY should be bit 7 - has been rendered on last screen buffer (may be 0 or 1)
                      (./Engine/Constant):00158         
     0023             (./Engine/Constant):00159         rsv_prev_anim                 equ 35 ; and 36 ; reference to previous animation (Ani_) w * UTILE ?
     0025             (./Engine/Constant):00160         rsv_image_center_offset       equ 37 ; 0 or 1 offset that indicate if image center is even or odd (DRS_XYToAddress)
     0026             (./Engine/Constant):00161         rsv_image_subset              equ 38 ; and 39 ; reference to current image regarding mirror flags w
     0028             (./Engine/Constant):00162         rsv_mapping_frame             equ 40 ; and 41 ; reference to current image regarding mirror flags, overlay flag and x precision w
     002A             (./Engine/Constant):00163         rsv_erase_nb_cell             equ 42 ; b 
     002B             (./Engine/Constant):00164         rsv_page_draw_routine         equ 43 ; b
     002C             (./Engine/Constant):00165         rsv_draw_routine              equ 44 ; and 45 ; w
     002E             (./Engine/Constant):00166         rsv_page_erase_routine        equ 46 ; b
     002F             (./Engine/Constant):00167         rsv_erase_routine             equ 47 ; and 48 ; w 
     0031             (./Engine/Constant):00168         rsv_xy1_pixel                 equ 49 ;
     0031             (./Engine/Constant):00169         rsv_x1_pixel                  equ 49 ; x+x_offset-(x_size/2) screen coordinate
     0032             (./Engine/Constant):00170         rsv_y1_pixel                  equ 50 ; y+y_offset-(y_size/2) screen coordinate, must follow rsv_x1_pixel
     0033             (./Engine/Constant):00171         rsv_xy2_pixel                 equ 51 ;
     0033             (./Engine/Constant):00172         rsv_x2_pixel                  equ 51 ; x+x_offset+(x_size/2) screen coordinate
     0034             (./Engine/Constant):00173         rsv_y2_pixel                  equ 52 ; y+y_offset+(y_size/2) screen coordinate, must follow rsv_x2_pixel
                      (./Engine/Constant):00174         
                      (./Engine/Constant):00175         * ---------------------------------------------------------------------------
                      (./Engine/Constant):00176         * reserved variables (engine) - buffer specific
                      (./Engine/Constant):00177         
     0035             (./Engine/Constant):00178         rsv_buffer_0                  equ 53 ; Start index of buffer 0 variables
     0035             (./Engine/Constant):00179         rsv_priority_0                equ 53 ; internal value that hold priority in video buffer 0
     0036             (./Engine/Constant):00180         rsv_priority_prev_obj_0       equ 54 ; and 55 ; previous object (OST address) in display priority list for video buffer 0 (0000 if none) w
     0038             (./Engine/Constant):00181         rsv_priority_next_obj_0       equ 56 ; and 57 ; next object (OST address) in display priority list for video buffer 0 (0000 if none) w
     003A             (./Engine/Constant):00182         rsv_prev_mapping_frame_0      equ 58 ; and 59 ; reference to previous image in video buffer 0 w
     003C             (./Engine/Constant):00183         rsv_prev_erase_nb_cell_0      equ 60 : b
     003D             (./Engine/Constant):00184         rsv_prev_page_erase_routine_0 equ 61 ; b
     003E             (./Engine/Constant):00185         rsv_prev_erase_routine_0      equ 62 ; and 63 ; w
     0040             (./Engine/Constant):00186         rsv_bgdata_0                  equ 64 ; and 65 ; address of background data in screen 0 w
     0042             (./Engine/Constant):00187         rsv_prev_xy_pixel_0           equ 66 ;
     0042             (./Engine/Constant):00188         rsv_prev_x_pixel_0            equ 66 ; previous x screen coordinate b
     0043             (./Engine/Constant):00189         rsv_prev_y_pixel_0            equ 67 ; previous y screen coordinate b, must follow x_pixel
     0044             (./Engine/Constant):00190         rsv_prev_xy1_pixel_0          equ 68 ;
     0044             (./Engine/Constant):00191         rsv_prev_x1_pixel_0           equ 68 ; previous x+x_offset-(x_size/2) screen coordinate b
     0045             (./Engine/Constant):00192         rsv_prev_y1_pixel_0           equ 69 ; previous y+y_offset-(y_size/2) screen coordinate b, must follow x1_pixel
     0046             (./Engine/Constant):00193         rsv_prev_xy2_pixel_0          equ 70 ;
     0046             (./Engine/Constant):00194         rsv_prev_x2_pixel_0           equ 70 ; previous x+x_offset+(x_size/2) screen coordinate b
     0047             (./Engine/Constant):00195         rsv_prev_y2_pixel_0           equ 71 ; previous y+y_offset+(y_size/2) screen coordinate b, must follow x2_pixel
     0048             (./Engine/Constant):00196         rsv_prev_render_flags_0       equ 72 ;
                      (./Engine/Constant):00197         * --- rsv_prev_render_flags_0 bitfield variables ---
     0001             (./Engine/Constant):00198         rsv_prev_render_overlay_mask  equ $01 ; (bit 0) if a sprite has been rendered with compilated sprite and no background save on screen buffer 0/1
     0080             (./Engine/Constant):00199         rsv_prev_render_onscreen_mask equ $80 ; (bit 7) DEPENDENCY should be bit 7 - has been rendered on screen buffer 0/1
                      (./Engine/Constant):00200         
     0049             (./Engine/Constant):00201         rsv_buffer_1                  equ 73 ; Start index of buffer 1 variables
     0049             (./Engine/Constant):00202         rsv_priority_1                equ 73 ; internal value that hold priority in video buffer 1
     004A             (./Engine/Constant):00203         rsv_priority_prev_obj_1       equ 74 ; and 75 ; previous object (OST address) in display priority list for video buffer 1 (0000 if none) w
     004C             (./Engine/Constant):00204         rsv_priority_next_obj_1       equ 76 ; and 77 ; next object (OST address) in display priority list for video buffer 1 (0000 if none) w
     004E             (./Engine/Constant):00205         rsv_prev_mapping_frame_1      equ 78 ; and 79 ; reference to previous image in video buffer 1 w
     0050             (./Engine/Constant):00206         rsv_prev_erase_nb_cell_1      equ 80 ; b
     0051             (./Engine/Constant):00207         rsv_prev_page_erase_routine_1 equ 81 ; b
     0052             (./Engine/Constant):00208         rsv_prev_erase_routine_1      equ 82 ; and 83 ; w
     0054             (./Engine/Constant):00209         rsv_bgdata_1                  equ 84 ; and 85 ; address of background data in screen 1 w
     0056             (./Engine/Constant):00210         rsv_prev_xy_pixel_1           equ 86 ;
     0056             (./Engine/Constant):00211         rsv_prev_x_pixel_1            equ 86 ; previous x screen coordinate b
     0057             (./Engine/Constant):00212         rsv_prev_y_pixel_1            equ 87 ; previous y screen coordinate b, must follow x_pixel
     0058             (./Engine/Constant):00213         rsv_prev_xy1_pixel_1          equ 88 ;
     0058             (./Engine/Constant):00214         rsv_prev_x1_pixel_1           equ 88 ; previous x+x_size screen coordinate b
     0059             (./Engine/Constant):00215         rsv_prev_y1_pixel_1           equ 89 ; previous y+y_size screen coordinate b, must follow x_pixel
     005A             (./Engine/Constant):00216         rsv_prev_xy2_pixel_1          equ 90 ;
     005A             (./Engine/Constant):00217         rsv_prev_x2_pixel_1           equ 90 ; previous x+x_size screen coordinate b
     005B             (./Engine/Constant):00218         rsv_prev_y2_pixel_1           equ 91 ; previous y+y_size screen coordinate b, must follow x_pixel
     005C             (./Engine/Constant):00219         rsv_prev_render_flags_1       equ 92 ;
                      (./Engine/Constant):00220         
     0000             (./Engine/Constant):00221         buf_priority                  equ 0  ; offset for each rsv_buffer variables
     0001             (./Engine/Constant):00222         buf_priority_prev_obj         equ 1  ;
     0003             (./Engine/Constant):00223         buf_priority_next_obj         equ 3  ;
     0005             (./Engine/Constant):00224         buf_prev_mapping_frame        equ 5  ;
     0007             (./Engine/Constant):00225         buf_erase_nb_cell             equ 7  ;
     0008             (./Engine/Constant):00226         buf_page_erase_routine        equ 8 ;
     0009             (./Engine/Constant):00227         buf_erase_routine             equ 9 ;
     000B             (./Engine/Constant):00228         buf_bgdata                    equ 11 ;
     000D             (./Engine/Constant):00229         buf_prev_xy_pixel             equ 13 ;
     000D             (./Engine/Constant):00230         buf_prev_x_pixel              equ 13 ;
     000E             (./Engine/Constant):00231         buf_prev_y_pixel              equ 14 ;
     000F             (./Engine/Constant):00232         buf_prev_xy1_pixel            equ 15 ;
     000F             (./Engine/Constant):00233         buf_prev_x1_pixel             equ 15 ;
     0010             (./Engine/Constant):00234         buf_prev_y1_pixel             equ 16 ;
     0011             (./Engine/Constant):00235         buf_prev_xy2_pixel            equ 17 ;
     0011             (./Engine/Constant):00236         buf_prev_x2_pixel             equ 17 ;
     0012             (./Engine/Constant):00237         buf_prev_y2_pixel             equ 18 ;
     0013             (./Engine/Constant):00238         buf_prev_render_flags         equ 19 ;
                      (./generated-code/):00002                 ORG $A000
     FF               (./generated-code/):00003                 SETDP $FF
                      (./generated-code/):00004                 OPT C,CT
A000                  (./generated-code/):00005                 DRAW_Img_sonicHand_0
A000 33C90643         (./generated-code/):00006 [8]     8               LEAU 1603,U
                      (./generated-code/):00007                 
A004 8655             (./generated-code/):00008 [2]     10              LDA #$55
A006 A7C878           (./generated-code/):00009 [5]     15              STA 120,U
A009 8644             (./generated-code/):00010 [2]     17              LDA #$44
A00B A7C850           (./generated-code/):00011 [5]     22              STA 80,U
A00E A7C828           (./generated-code/):00012 [5]     27              STA 40,U
A011 A7C4             (./generated-code/):00013 [4]     31              STA ,U
A013 A7C8D8           (./generated-code/):00014 [5]     36              STA -40,U
A016 A7C8B0           (./generated-code/):00015 [5]     41              STA -80,U
A019 A7C888           (./generated-code/):00016 [5]     46              STA -120,U
A01C 33C9FEE8         (./generated-code/):00017 [8]     54              LEAU -280,U
                      (./generated-code/):00018                 
A020 A7C878           (./generated-code/):00019 [5]     59              STA 120,U
A023 A7C850           (./generated-code/):00020 [5]     64              STA 80,U
A026 8654             (./generated-code/):00021 [2]     66              LDA #$54
A028 A7C828           (./generated-code/):00022 [5]     71              STA 40,U
A02B EC5F             (./generated-code/):00023 [6]     77              LDD -1,U
A02D 84F0             (./generated-code/):00024 [2]     79              ANDA #$F0
A02F 8A03             (./generated-code/):00025 [2]     81              ORA #$03
A031 C654             (./generated-code/):00026 [2]     83              LDB #$54
A033 ED5F             (./generated-code/):00027 [6]     89              STD -1,U
A035 ECC8D7           (./generated-code/):00028 [6]     95              LDD -41,U
A038 84F0             (./generated-code/):00029 [2]     97              ANDA #$F0
A03A 8A0C             (./generated-code/):00030 [2]     99              ORA #$0c
A03C C633             (./generated-code/):00031 [2]     101             LDB #$33
A03E EDC8D7           (./generated-code/):00032 [6]     107             STD -41,U
A041 CCCCC3           (./generated-code/):00033 [3]     110             LDD #$ccc3
A044 EDC8AF           (./generated-code/):00034 [6]     116             STD -81,U
A047 CCCBCC           (./generated-code/):00035 [3]     119             LDD #$cbcc
A04A EDC887           (./generated-code/):00036 [6]     125             STD -121,U
A04D 33C9FEE8         (./generated-code/):00037 [8]     133             LEAU -280,U
                      (./generated-code/):00038                 
A051 CCB0BC           (./generated-code/):00039 [3]     136             LDD #$b0bc
A054 EDC877           (./generated-code/):00040 [6]     142             STD 119,U
A057 C60C             (./generated-code/):00041 [2]     144             LDB #$0c
A059 EDC84F           (./generated-code/):00042 [6]     150             STD 79,U
A05C CC000B           (./generated-code/):00043 [3]     153             LDD #$000b
A05F EDC827           (./generated-code/):00044 [6]     159             STD 39,U
A062 CCCBCB           (./generated-code/):00045 [3]     162             LDD #$cbcb
A065 ED5F             (./generated-code/):00046 [6]     168             STD -1,U
A067 86BB             (./generated-code/):00047 [2]     170             LDA #$bb
A069 EDC8D7           (./generated-code/):00048 [6]     176             STD -41,U
A06C C6CC             (./generated-code/):00049 [2]     178             LDB #$cc
A06E EDC8AF           (./generated-code/):00050 [6]     184             STD -81,U
A071 EDC887           (./generated-code/):00051 [6]     190             STD -121,U
A074 33C9FF4B         (./generated-code/):00052 [8]     198             LEAU -181,U
                      (./generated-code/):00053                 
A078 A6C8EB           (./generated-code/):00054 [5]     203             LDA -21,U
A07B 84F0             (./generated-code/):00055 [2]     205             ANDA #$F0
A07D 8A0B             (./generated-code/):00056 [2]     207             ORA #$0b
A07F A7C8EB           (./generated-code/):00057 [5]     212             STA -21,U
A082 CC00BC           (./generated-code/):00058 [3]     215             LDD #$00bc
A085 EDC8EC           (./generated-code/):00059 [6]     221             STD -20,U
A088 860B             (./generated-code/):00060 [2]     223             LDA #$0b
A08A EDC814           (./generated-code/):00061 [6]     229             STD 20,U
A08D 33C9FF4E         (./generated-code/):00062 [8]     237             LEAU -178,U
                      (./generated-code/):00063                 
A091 8600             (./generated-code/):00064 [2]     239             LDA #$00
A093 EDC876           (./generated-code/):00065 [6]     245             STD 118,U
A096 C6BB             (./generated-code/):00066 [2]     247             LDB #$bb
A098 EDC84E           (./generated-code/):00067 [6]     253             STD 78,U
A09B A6C875           (./generated-code/):00068 [5]     258             LDA 117,U
A09E 84F0             (./generated-code/):00069 [2]     260             ANDA #$F0
A0A0 8A0C             (./generated-code/):00070 [2]     262             ORA #$0c
A0A2 A7C875           (./generated-code/):00071 [5]     267             STA 117,U
A0A5 A6C84D           (./generated-code/):00072 [5]     272             LDA 77,U
A0A8 84F0             (./generated-code/):00073 [2]     274             ANDA #$F0
A0AA 8A0C             (./generated-code/):00074 [2]     276             ORA #$0c
A0AC A7C84D           (./generated-code/):00075 [5]     281             STA 77,U
A0AF A6C825           (./generated-code/):00076 [5]     286             LDA 37,U
A0B2 84F0             (./generated-code/):00077 [2]     288             ANDA #$F0
A0B4 8A00             (./generated-code/):00078 [2]     290             ORA #$00
A0B6 A7C825           (./generated-code/):00079 [5]     295             STA 37,U
A0B9 CC00BB           (./generated-code/):00080 [3]     298             LDD #$00bb
A0BC EDC826           (./generated-code/):00081 [6]     304             STD 38,U
A0BF 86B0             (./generated-code/):00082 [2]     306             LDA #$b0
A0C1 8E00BB           (./generated-code/):00083 [3]     309             LDX #$00bb
A0C4 3612             (./generated-code/):00084 [8]     317             PSHU A,X
A0C6 33C8DB           (./generated-code/):00085 [5]     322             LEAU -37,U
                      (./generated-code/):00086                 
A0C9 86C0             (./generated-code/):00087 [2]     324             LDA #$c0
A0CB 3612             (./generated-code/):00088 [8]     332             PSHU A,X
A0CD 33C8DB           (./generated-code/):00089 [5]     337             LEAU -37,U
                      (./generated-code/):00090                 
A0D0 8E000B           (./generated-code/):00091 [3]     340             LDX #$000b
A0D3 3612             (./generated-code/):00092 [8]     348             PSHU A,X
A0D5 33C8DB           (./generated-code/):00093 [5]     353             LEAU -37,U
                      (./generated-code/):00094                 
A0D8 3612             (./generated-code/):00095 [8]     361             PSHU A,X
A0DA 33C8DB           (./generated-code/):00096 [5]     366             LEAU -37,U
                      (./generated-code/):00097                 
A0DD 3612             (./generated-code/):00098 [8]     374             PSHU A,X
A0DF 33C8DB           (./generated-code/):00099 [5]     379             LEAU -37,U
                      (./generated-code/):00100                 
A0E2 AFC8D6           (./generated-code/):00101 [6]     385             STX -42,U
A0E5 ECC8AF           (./generated-code/):00102 [6]     391             LDD -81,U
A0E8 860B             (./generated-code/):00103 [2]     393             LDA #$0b
A0EA C40F             (./generated-code/):00104 [2]     395             ANDB #$0F
A0EC CAC0             (./generated-code/):00105 [2]     397             ORB #$c0
A0EE EDC8AF           (./generated-code/):00106 [6]     403             STD -81,U
A0F1 ECC887           (./generated-code/):00107 [6]     409             LDD -121,U
A0F4 86BC             (./generated-code/):00108 [2]     411             LDA #$bc
A0F6 C40F             (./generated-code/):00109 [2]     413             ANDB #$0F
A0F8 CAC0             (./generated-code/):00110 [2]     415             ORB #$c0
A0FA EDC887           (./generated-code/):00111 [6]     421             STD -121,U
A0FD A6C8D5           (./generated-code/):00112 [5]     426             LDA -43,U
A100 84F0             (./generated-code/):00113 [2]     428             ANDA #$F0
A102 8A00             (./generated-code/):00114 [2]     430             ORA #$00
A104 A7C8D5           (./generated-code/):00115 [5]     435             STA -43,U
A107 ECC8AD           (./generated-code/):00116 [6]     441             LDD -83,U
A10A 84F0             (./generated-code/):00117 [2]     443             ANDA #$F0
A10C 8A00             (./generated-code/):00118 [2]     445             ORA #$00
A10E C600             (./generated-code/):00119 [2]     447             LDB #$00
A110 EDC8AD           (./generated-code/):00120 [6]     453             STD -83,U
A113 ECC885           (./generated-code/):00121 [6]     459             LDD -123,U
A116 84F0             (./generated-code/):00122 [2]     461             ANDA #$F0
A118 8A0C             (./generated-code/):00123 [2]     463             ORA #$0c
A11A C600             (./generated-code/):00124 [2]     465             LDB #$00
A11C EDC885           (./generated-code/):00125 [6]     471             STD -123,U
A11F 86C0             (./generated-code/):00126 [2]     473             LDA #$c0
A121 3612             (./generated-code/):00127 [8]     481             PSHU A,X
A123 33C9FF64         (./generated-code/):00128 [8]     489             LEAU -156,U
                      (./generated-code/):00129                 
A127 A65C             (./generated-code/):00130 [5]     494             LDA -4,U
A129 84F0             (./generated-code/):00131 [2]     496             ANDA #$F0
A12B 8A0C             (./generated-code/):00132 [2]     498             ORA #$0c
A12D A75C             (./generated-code/):00133 [5]     503             STA -4,U
A12F 8EBCCC           (./generated-code/):00134 [3]     506             LDX #$bccc
A132 3614             (./generated-code/):00135 [8]     514             PSHU B,X
A134 33C8DB           (./generated-code/):00136 [5]     519             LEAU -37,U
                      (./generated-code/):00137                 
A137 86B0             (./generated-code/):00138 [2]     521             LDA #$b0
A139 8EBCBC           (./generated-code/):00139 [3]     524             LDX #$bcbc
A13C 3612             (./generated-code/):00140 [8]     532             PSHU A,X
A13E 33C8DB           (./generated-code/):00141 [5]     537             LEAU -37,U
                      (./generated-code/):00142                 
A141 8ECCBC           (./generated-code/):00143 [3]     540             LDX #$ccbc
A144 3612             (./generated-code/):00144 [8]     548             PSHU A,X
A146 33C8DB           (./generated-code/):00145 [5]     553             LEAU -37,U
                      (./generated-code/):00146                 
A149 A7C8D5           (./generated-code/):00147 [5]     558             STA -43,U
A14C ECC8D6           (./generated-code/):00148 [6]     564             LDD -42,U
A14F 840F             (./generated-code/):00149 [2]     566             ANDA #$0F
A151 8AC0             (./generated-code/):00150 [2]     568             ORA #$c0
A153 C60B             (./generated-code/):00151 [2]     570             LDB #$0b
A155 EDC8D6           (./generated-code/):00152 [6]     576             STD -42,U
A158 ECC8AE           (./generated-code/):00153 [6]     582             LDD -82,U
A15B 840F             (./generated-code/):00154 [2]     584             ANDA #$0F
A15D 8AC0             (./generated-code/):00155 [2]     586             ORA #$c0
A15F C6C0             (./generated-code/):00156 [2]     588             LDB #$c0
A161 EDC8AE           (./generated-code/):00157 [6]     594             STD -82,U
A164 86CB             (./generated-code/):00158 [2]     596             LDA #$cb
A166 A7C8AD           (./generated-code/):00159 [5]     601             STA -83,U
A169 A6C887           (./generated-code/):00160 [5]     606             LDA -121,U
A16C 84F0             (./generated-code/):00161 [2]     608             ANDA #$F0
A16E 8A0C             (./generated-code/):00162 [2]     610             ORA #$0c
A170 A7C887           (./generated-code/):00163 [5]     615             STA -121,U
A173 A6C885           (./generated-code/):00164 [5]     620             LDA -123,U
A176 84F0             (./generated-code/):00165 [2]     622             ANDA #$F0
A178 8A0C             (./generated-code/):00166 [2]     624             ORA #$0c
A17A A7C885           (./generated-code/):00167 [5]     629             STA -123,U
A17D 86B0             (./generated-code/):00168 [2]     631             LDA #$b0
A17F 8ECCBB           (./generated-code/):00169 [3]     634             LDX #$ccbb
A182 3612             (./generated-code/):00170 [8]     642             PSHU A,X
A184 33C9FF60         (./generated-code/):00171 [8]     650             LEAU -160,U
                      (./generated-code/):00172                 
A188 A6C4             (./generated-code/):00173 [4]     654             LDA ,U
A18A 84F0             (./generated-code/):00174 [2]     656             ANDA #$F0
A18C 8A0C             (./generated-code/):00175 [2]     658             ORA #$0c
A18E A7C4             (./generated-code/):00176 [4]     662             STA ,U
                      (./generated-code/):00177                 
A190 DEFC             (./generated-code/):00178 [5]     667             LDU <glb_screen_location_1
A192 33C90642         (./generated-code/):00179 [8]     675             LEAU 1602,U
                      (./generated-code/):00180                 
A196 A6C878           (./generated-code/):00181 [5]     680             LDA 120,U
A199 84F0             (./generated-code/):00182 [2]     682             ANDA #$F0
A19B 8A03             (./generated-code/):00183 [2]     684             ORA #$03
A19D A7C878           (./generated-code/):00184 [5]     689             STA 120,U
A1A0 ECC4             (./generated-code/):00185 [5]     694             LDD ,U
A1A2 8655             (./generated-code/):00186 [2]     696             LDA #$55
A1A4 C40F             (./generated-code/):00187 [2]     698             ANDB #$0F
A1A6 CA40             (./generated-code/):00188 [2]     700             ORB #$40
A1A8 EDC4             (./generated-code/):00189 [5]     705             STD ,U
A1AA ECC8D8           (./generated-code/):00190 [6]     711             LDD -40,U
A1AD 8654             (./generated-code/):00191 [2]     713             LDA #$54
A1AF C40F             (./generated-code/):00192 [2]     715             ANDB #$0F
A1B1 CA40             (./generated-code/):00193 [2]     717             ORB #$40
A1B3 EDC8D8           (./generated-code/):00194 [6]     723             STD -40,U
A1B6 ECC8B0           (./generated-code/):00195 [6]     729             LDD -80,U
A1B9 8634             (./generated-code/):00196 [2]     731             LDA #$34
A1BB C40F             (./generated-code/):00197 [2]     733             ANDB #$0F
A1BD CA40             (./generated-code/):00198 [2]     735             ORB #$40
A1BF EDC8B0           (./generated-code/):00199 [6]     741             STD -80,U
A1C2 ECC888           (./generated-code/):00200 [6]     747             LDD -120,U
A1C5 8634             (./generated-code/):00201 [2]     749             LDA #$34
A1C7 C40F             (./generated-code/):00202 [2]     751             ANDB #$0F
A1C9 CA50             (./generated-code/):00203 [2]     753             ORB #$50
A1CB EDC888           (./generated-code/):00204 [6]     759             STD -120,U
A1CE ECC850           (./generated-code/):00205 [6]     765             LDD 80,U
A1D1 84F0             (./generated-code/):00206 [2]     767             ANDA #$F0
A1D3 C40F             (./generated-code/):00207 [2]     769             ANDB #$0F
A1D5 C30350           (./generated-code/):00208 [4]     773             ADDD #$0350
A1D8 EDC850           (./generated-code/):00209 [6]     779             STD 80,U
A1DB ECC828           (./generated-code/):00210 [6]     785             LDD 40,U
A1DE 84F0             (./generated-code/):00211 [2]     787             ANDA #$F0
A1E0 C40F             (./generated-code/):00212 [2]     789             ANDB #$0F
A1E2 C30540           (./generated-code/):00213 [4]     793             ADDD #$0540
A1E5 EDC828           (./generated-code/):00214 [6]     799             STD 40,U
A1E8 33C9FEE8         (./generated-code/):00215 [8]     807             LEAU -280,U
                      (./generated-code/):00216                 
A1EC ECC878           (./generated-code/):00217 [6]     813             LDD 120,U
A1EF 8634             (./generated-code/):00218 [2]     815             LDA #$34
A1F1 C40F             (./generated-code/):00219 [2]     817             ANDB #$0F
A1F3 CA50             (./generated-code/):00220 [2]     819             ORB #$50
A1F5 EDC878           (./generated-code/):00221 [6]     825             STD 120,U
A1F8 ECC850           (./generated-code/):00222 [6]     831             LDD 80,U
A1FB 8655             (./generated-code/):00223 [2]     833             LDA #$55
A1FD C40F             (./generated-code/):00224 [2]     835             ANDB #$0F
A1FF CA50             (./generated-code/):00225 [2]     837             ORB #$50
A201 EDC850           (./generated-code/):00226 [6]     843             STD 80,U
A204 ECC828           (./generated-code/):00227 [6]     849             LDD 40,U
A207 8655             (./generated-code/):00228 [2]     851             LDA #$55
A209 C40F             (./generated-code/):00229 [2]     853             ANDB #$0F
A20B CA50             (./generated-code/):00230 [2]     855             ORB #$50
A20D EDC828           (./generated-code/):00231 [6]     861             STD 40,U
A210 8633             (./generated-code/):00232 [2]     863             LDA #$33
A212 A7C4             (./generated-code/):00233 [4]     867             STA ,U
A214 86CC             (./generated-code/):00234 [2]     869             LDA #$cc
A216 A7C8D8           (./generated-code/):00235 [5]     874             STA -40,U
A219 A7C8B0           (./generated-code/):00236 [5]     879             STA -80,U
A21C ECC887           (./generated-code/):00237 [6]     885             LDD -121,U
A21F 84F0             (./generated-code/):00238 [2]     887             ANDA #$F0
A221 8A0C             (./generated-code/):00239 [2]     889             ORA #$0c
A223 C6BB             (./generated-code/):00240 [2]     891             LDB #$bb
A225 EDC887           (./generated-code/):00241 [6]     897             STD -121,U
A228 33C9FF37         (./generated-code/):00242 [8]     905             LEAU -201,U
                      (./generated-code/):00243                 
A22C ECC828           (./generated-code/):00244 [6]     911             LDD 40,U
A22F 84F0             (./generated-code/):00245 [2]     913             ANDA #$F0
A231 8A0C             (./generated-code/):00246 [2]     915             ORA #$0c
A233 C600             (./generated-code/):00247 [2]     917             LDB #$00
A235 EDC828           (./generated-code/):00248 [6]     923             STD 40,U
A238 A6C4             (./generated-code/):00249 [4]     927             LDA ,U
A23A 84F0             (./generated-code/):00250 [2]     929             ANDA #$F0
A23C 8A0C             (./generated-code/):00251 [2]     931             ORA #$0c
A23E A7C4             (./generated-code/):00252 [4]     935             STA ,U
A240 A6C8D8           (./generated-code/):00253 [5]     940             LDA -40,U
A243 84F0             (./generated-code/):00254 [2]     942             ANDA #$F0
A245 8A0C             (./generated-code/):00255 [2]     944             ORA #$0c
A247 A7C8D8           (./generated-code/):00256 [5]     949             STA -40,U
A24A EC41             (./generated-code/):00257 [6]     955             LDD 1,U
A24C 8600             (./generated-code/):00258 [2]     957             LDA #$00
A24E C40F             (./generated-code/):00259 [2]     959             ANDB #$0F
A250 CAC0             (./generated-code/):00260 [2]     961             ORB #$c0
A252 ED41             (./generated-code/):00261 [6]     967             STD 1,U
A254 ECC8D9           (./generated-code/):00262 [6]     973             LDD -39,U
A257 8600             (./generated-code/):00263 [2]     975             LDA #$00
A259 C40F             (./generated-code/):00264 [2]     977             ANDB #$0F
A25B CAC0             (./generated-code/):00265 [2]     979             ORB #$c0
A25D EDC8D9           (./generated-code/):00266 [6]     985             STD -39,U
A260 33C9FF3B         (./generated-code/):00267 [8]     993             LEAU -197,U
                      (./generated-code/):00268                 
A264 CCCBCC           (./generated-code/):00269 [3]     996             LDD #$cbcc
A267 EDC876           (./generated-code/):00270 [6]     1002            STD 118,U
A26A ECC8D6           (./generated-code/):00271 [6]     1008            LDD -42,U
A26D 86BB             (./generated-code/):00272 [2]     1010            LDA #$bb
A26F C40F             (./generated-code/):00273 [2]     1012            ANDB #$0F
A271 CAC0             (./generated-code/):00274 [2]     1014            ORB #$c0
A273 EDC8D6           (./generated-code/):00275 [6]     1020            STD -42,U
A276 ECC8AE           (./generated-code/):00276 [6]     1026            LDD -82,U
A279 86BB             (./generated-code/):00277 [2]     1028            LDA #$bb
A27B C40F             (./generated-code/):00278 [2]     1030            ANDB #$0F
A27D CAC0             (./generated-code/):00279 [2]     1032            ORB #$c0
A27F EDC8AE           (./generated-code/):00280 [6]     1038            STD -82,U
A282 ECC886           (./generated-code/):00281 [6]     1044            LDD -122,U
A285 860B             (./generated-code/):00282 [2]     1046            LDA #$0b
A287 C40F             (./generated-code/):00283 [2]     1048            ANDB #$0F
A289 CAC0             (./generated-code/):00284 [2]     1050            ORB #$c0
A28B EDC886           (./generated-code/):00285 [6]     1056            STD -122,U
A28E CCBCCC           (./generated-code/):00286 [3]     1059            LDD #$bccc
A291 EDC84E           (./generated-code/):00287 [6]     1065            STD 78,U
A294 86BB             (./generated-code/):00288 [2]     1067            LDA #$bb
A296 EDC826           (./generated-code/):00289 [6]     1073            STD 38,U
A299 A6C875           (./generated-code/):00290 [5]     1078            LDA 117,U
A29C 84F0             (./generated-code/):00291 [2]     1080            ANDA #$F0
A29E 8A0B             (./generated-code/):00292 [2]     1082            ORA #$0b
A2A0 A7C875           (./generated-code/):00293 [5]     1087            STA 117,U
A2A3 A6C84D           (./generated-code/):00294 [5]     1092            LDA 77,U
A2A6 84F0             (./generated-code/):00295 [2]     1094            ANDA #$F0
A2A8 8A0C             (./generated-code/):00296 [2]     1096            ORA #$0c
A2AA A7C84D           (./generated-code/):00297 [5]     1101            STA 77,U
A2AD A6C825           (./generated-code/):00298 [5]     1106            LDA 37,U
A2B0 84F0             (./generated-code/):00299 [2]     1108            ANDA #$F0
A2B2 8A0B             (./generated-code/):00300 [2]     1110            ORA #$0b
A2B4 A7C825           (./generated-code/):00301 [5]     1115            STA 37,U
A2B7 86BB             (./generated-code/):00302 [2]     1117            LDA #$bb
A2B9 A7C8D5           (./generated-code/):00303 [5]     1122            STA -43,U
A2BC 86B0             (./generated-code/):00304 [2]     1124            LDA #$b0
A2BE A7C8AD           (./generated-code/):00305 [5]     1129            STA -83,U
A2C1 8600             (./generated-code/):00306 [2]     1131            LDA #$00
A2C3 A7C885           (./generated-code/):00307 [5]     1136            STA -123,U
A2C6 86CB             (./generated-code/):00308 [2]     1138            LDA #$cb
A2C8 8EBBCC           (./generated-code/):00309 [3]     1141            LDX #$bbcc
A2CB 3612             (./generated-code/):00310 [8]     1149            PSHU A,X
A2CD 33C9FF61         (./generated-code/):00311 [8]     1157            LEAU -159,U
                      (./generated-code/):00312                 
A2D1 ECC4             (./generated-code/):00313 [5]     1162            LDD ,U
A2D3 860B             (./generated-code/):00314 [2]     1164            LDA #$0b
A2D5 C40F             (./generated-code/):00315 [2]     1166            ANDB #$0F
A2D7 CAC0             (./generated-code/):00316 [2]     1168            ORB #$c0
A2D9 EDC4             (./generated-code/):00317 [5]     1173            STD ,U
A2DB 8600             (./generated-code/):00318 [2]     1175            LDA #$00
A2DD A75F             (./generated-code/):00319 [5]     1180            STA -1,U
A2DF 33C9FF62         (./generated-code/):00320 [8]     1188            LEAU -158,U
                      (./generated-code/):00321                 
A2E3 A7C875           (./generated-code/):00322 [5]     1193            STA 117,U
A2E6 A7C84D           (./generated-code/):00323 [5]     1198            STA 77,U
A2E9 A7C825           (./generated-code/):00324 [5]     1203            STA 37,U
A2EC ECC876           (./generated-code/):00325 [6]     1209            LDD 118,U
A2EF 8600             (./generated-code/):00326 [2]     1211            LDA #$00
A2F1 C40F             (./generated-code/):00327 [2]     1213            ANDB #$0F
A2F3 CAC0             (./generated-code/):00328 [2]     1215            ORB #$c0
A2F5 EDC876           (./generated-code/):00329 [6]     1221            STD 118,U
A2F8 ECC84E           (./generated-code/):00330 [6]     1227            LDD 78,U
A2FB 8600             (./generated-code/):00331 [2]     1229            LDA #$00
A2FD C40F             (./generated-code/):00332 [2]     1231            ANDB #$0F
A2FF CAC0             (./generated-code/):00333 [2]     1233            ORB #$c0
A301 EDC84E           (./generated-code/):00334 [6]     1239            STD 78,U
A304 ECC826           (./generated-code/):00335 [6]     1245            LDD 38,U
A307 8600             (./generated-code/):00336 [2]     1247            LDA #$00
A309 C40F             (./generated-code/):00337 [2]     1249            ANDB #$0F
A30B CAC0             (./generated-code/):00338 [2]     1251            ORB #$c0
A30D EDC826           (./generated-code/):00339 [6]     1257            STD 38,U
A310 8E00CC           (./generated-code/):00340 [3]     1260            LDX #$00cc
A313 3612             (./generated-code/):00341 [8]     1268            PSHU A,X
A315 33C8DB           (./generated-code/):00342 [5]     1273            LEAU -37,U
                      (./generated-code/):00343                 
A318 8E00BC           (./generated-code/):00344 [3]     1276            LDX #$00bc
A31B 3612             (./generated-code/):00345 [8]     1284            PSHU A,X
A31D 33C8DB           (./generated-code/):00346 [5]     1289            LEAU -37,U
                      (./generated-code/):00347                 
A320 8E00BB           (./generated-code/):00348 [3]     1292            LDX #$00bb
A323 3612             (./generated-code/):00349 [8]     1300            PSHU A,X
A325 33C8DB           (./generated-code/):00350 [5]     1305            LEAU -37,U
                      (./generated-code/):00351                 
A328 3612             (./generated-code/):00352 [8]     1313            PSHU A,X
A32A 33C8DB           (./generated-code/):00353 [5]     1318            LEAU -37,U
                      (./generated-code/):00354                 
A32D 3612             (./generated-code/):00355 [8]     1326            PSHU A,X
A32F 33C8DB           (./generated-code/):00356 [5]     1331            LEAU -37,U
                      (./generated-code/):00357                 
A332 8E00CB           (./generated-code/):00358 [3]     1334            LDX #$00cb
A335 3612             (./generated-code/):00359 [8]     1342            PSHU A,X
A337 33C8DB           (./generated-code/):00360 [5]     1347            LEAU -37,U
                      (./generated-code/):00361                 
A33A 3612             (./generated-code/):00362 [8]     1355            PSHU A,X
A33C 33C8DB           (./generated-code/):00363 [5]     1360            LEAU -37,U
                      (./generated-code/):00364                 
A33F 3612             (./generated-code/):00365 [8]     1368            PSHU A,X
A341 33C8DB           (./generated-code/):00366 [5]     1373            LEAU -37,U
                      (./generated-code/):00367                 
A344 ECC8D7           (./generated-code/):00368 [6]     1379            LDD -41,U
A347 86C0             (./generated-code/):00369 [2]     1381            LDA #$c0
A349 C40F             (./generated-code/):00370 [2]     1383            ANDB #$0F
A34B CAC0             (./generated-code/):00371 [2]     1385            ORB #$c0
A34D EDC8D7           (./generated-code/):00372 [6]     1391            STD -41,U
A350 ECC8AF           (./generated-code/):00373 [6]     1397            LDD -81,U
A353 86C0             (./generated-code/):00374 [2]     1399            LDA #$c0
A355 C40F             (./generated-code/):00375 [2]     1401            ANDB #$0F
A357 CAC0             (./generated-code/):00376 [2]     1403            ORB #$c0
A359 EDC8AF           (./generated-code/):00377 [6]     1409            STD -81,U
A35C ECC887           (./generated-code/):00378 [6]     1415            LDD -121,U
A35F 84F0             (./generated-code/):00379 [2]     1417            ANDA #$F0
A361 C40F             (./generated-code/):00380 [2]     1419            ANDB #$0F
A363 C30CC0           (./generated-code/):00381 [4]     1423            ADDD #$0cc0
A366 EDC887           (./generated-code/):00382 [6]     1429            STD -121,U
A369 CCBB00           (./generated-code/):00383 [3]     1432            LDD #$bb00
A36C EDC8AD           (./generated-code/):00384 [6]     1438            STD -83,U
A36F 860B             (./generated-code/):00385 [2]     1440            LDA #$0b
A371 EDC8D5           (./generated-code/):00386 [6]     1446            STD -43,U
A374 CCCC0B           (./generated-code/):00387 [3]     1449            LDD #$cc0b
A377 EDC885           (./generated-code/):00388 [6]     1455            STD -123,U
A37A 8600             (./generated-code/):00389 [2]     1457            LDA #$00
A37C 8E000B           (./generated-code/):00390 [3]     1460            LDX #$000b
A37F 3612             (./generated-code/):00391 [8]     1468            PSHU A,X
A381 33C9FF3A         (./generated-code/):00392 [8]     1476            LEAU -198,U
                      (./generated-code/):00393                 
A385 E7C827           (./generated-code/):00394 [5]     1481            STB 39,U
A388 A6C829           (./generated-code/):00395 [5]     1486            LDA 41,U
A38B 840F             (./generated-code/):00396 [2]     1488            ANDA #$0F
A38D 8AB0             (./generated-code/):00397 [2]     1490            ORA #$b0
A38F A7C829           (./generated-code/):00398 [5]     1495            STA 41,U
A392 A641             (./generated-code/):00399 [5]     1500            LDA 1,U
A394 840F             (./generated-code/):00400 [2]     1502            ANDA #$0F
A396 8AC0             (./generated-code/):00401 [2]     1504            ORA #$c0
A398 A741             (./generated-code/):00402 [5]     1509            STA 1,U
A39A A6C8D7           (./generated-code/):00403 [5]     1514            LDA -41,U
A39D 840F             (./generated-code/):00404 [2]     1516            ANDA #$0F
A39F 8AC0             (./generated-code/):00405 [2]     1518            ORA #$c0
A3A1 A7C8D7           (./generated-code/):00406 [5]     1523            STA -41,U
A3A4 86BC             (./generated-code/):00407 [2]     1525            LDA #$bc
A3A6 A75F             (./generated-code/):00408 [5]     1530            STA -1,U
A3A8 39               (./generated-code/):00409 [5]     1535            RTS
                      (./generated-code/):00410                 
