                      (./generated-code/):00001                 INCLUDE "./Engine/Constants.asm"
                      (./Engine/Constant):00001         * ---------------------------------------------------------------------------
                      (./Engine/Constant):00002         * Constants
                      (./Engine/Constant):00003         *
                      (./Engine/Constant):00004         * Naming convention
                      (./Engine/Constant):00005         * -----------------
                      (./Engine/Constant):00006         * - lower case
                      (./Engine/Constant):00007         * - underscore-separated names
                      (./Engine/Constant):00008         *
                      (./Engine/Constant):00009         * ---------------------------------------------------------------------------
                      (./Engine/Constant):00010         
                      (./Engine/Constant):00011         * ===========================================================================
                      (./Engine/Constant):00012         * TO8 Registers
                      (./Engine/Constant):00013         * ===========================================================================
                      (./Engine/Constant):00014         
                      (./Engine/Constant):00015         ; Disk routine registers (ROM)
                      (./Engine/Constant):00016         
     6049             (./Engine/Constant):00017         dk_drive                      equ $6049
     604A             (./Engine/Constant):00018         dk_track                      equ $604A
     604B             (./Engine/Constant):00019         dk_track_lsb                  equ $604B
     604C             (./Engine/Constant):00020         dk_sector                     equ $604C
     604F             (./Engine/Constant):00021         dk_write_location             equ $604F
                      (./Engine/Constant):00022         
                      (./Engine/Constant):00023         * ===========================================================================
                      (./Engine/Constant):00024         * Globals
                      (./Engine/Constant):00025         * ===========================================================================
                      (./Engine/Constant):00026         
     009F             (./Engine/Constant):00027         glb_direct_page               equ $9F    ; direct page for globals
                      (./Engine/Constant):00028         
                      (./Engine/Constant):00029         ; compilated sprite
     9FFE             (./Engine/Constant):00030         glb_register_s                equ $9FFE  ; reverved space to store S from ROM routines
                      (./Engine/Constant):00031         
                      (./Engine/Constant):00032         ; DrawSprites
     9FFC             (./Engine/Constant):00033         glb_screen_location_1         equ $9FFC  ; start address for rendering of current sprite Part1     
     9FFA             (./Engine/Constant):00034         glb_screen_location_2         equ $9FFA  ; start address for rendering of current sprite Part2 (Must follow Part1)
                      (./Engine/Constant):00035         
                      (./Engine/Constant):00036         ; CheckSpritesRefresh
     9FF9             (./Engine/Constant):00037         glb_cur_priority              equ $9FF9
     9FF7             (./Engine/Constant):00038         glb_cur_ptr_sub_obj_erase     equ $9FF7
     9FF5             (./Engine/Constant):00039         glb_cur_ptr_sub_obj_draw      equ $9FF5
     9FF3             (./Engine/Constant):00040         glb_camera_x_pos              equ $9FF3 ; camera x position in palyfield coordinates
     9FF1             (./Engine/Constant):00041         glb_camera_y_pos              equ $9FF1 ; camera y position in palyfield coordinates
     9FEF             (./Engine/Constant):00042         glb_camera_x_min_pos          equ $9FEF
     9FED             (./Engine/Constant):00043         glb_camera_y_min_pos          equ $9FED
     9FEB             (./Engine/Constant):00044         glb_camera_x_max_pos          equ $9FEB
     9FE9             (./Engine/Constant):00045         glb_camera_y_max_pos          equ $9FE9
     9FE8             (./Engine/Constant):00046         glb_force_sprite_refresh      equ $9FE8
     9FE7             (./Engine/Constant):00047         glb_camera_move               equ $9FE7
     9FE6             (./Engine/Constant):00048         glb_alphaTiles                equ $9FE6
     9F00             (./Engine/Constant):00049         glb_tmp_var                   equ $9F00 ; custom tmp var space for routine
     9F00             (./Engine/Constant):00050         glb_system_stack              equ $9F00
                      (./Engine/Constant):00051         
                      (./Engine/Constant):00052         * ===========================================================================
                      (./Engine/Constant):00053         * Display Constants
                      (./Engine/Constant):00054         * ===========================================================================
                      (./Engine/Constant):00055         
     00A0             (./Engine/Constant):00056         screen_width                  equ 160    ; in pixel
     001C             (./Engine/Constant):00057         screen_top                    equ 28     ; in pixel
     00E3             (./Engine/Constant):00058         screen_bottom                 equ 28+199 ; in pixel
     0030             (./Engine/Constant):00059         screen_left                   equ 48     ; in pixel
     00CF             (./Engine/Constant):00060         screen_right                  equ 48+159 ; in pixel
     0008             (./Engine/Constant):00061         nb_priority_levels            equ 8      ; number of priority levels (need code change if modified)
                      (./Engine/Constant):00062         
                      (./Engine/Constant):00063         * ===========================================================================
                      (./Engine/Constant):00064         * Images Constants
                      (./Engine/Constant):00065         * ===========================================================================
                      (./Engine/Constant):00066         
     0004             (./Engine/Constant):00067         image_x_size                  equ 4
     0005             (./Engine/Constant):00068         image_y_size                  equ 5
     0006             (./Engine/Constant):00069         image_center_offset           equ 6
                      (./Engine/Constant):00070         
     0004             (./Engine/Constant):00071         image_subset_x1_offset        equ 4
     0005             (./Engine/Constant):00072         image_subset_y1_offset        equ 5
                      (./Engine/Constant):00073         
     0000             (./Engine/Constant):00074         page_draw_routine             equ 0
     0001             (./Engine/Constant):00075         draw_routine                  equ 1
     0003             (./Engine/Constant):00076         page_erase_routine            equ 3
     0004             (./Engine/Constant):00077         erase_routine                 equ 4
     0006             (./Engine/Constant):00078         erase_nb_cell                 equ 6
                      (./Engine/Constant):00079         
                      (./Engine/Constant):00080         * ===========================================================================
                      (./Engine/Constant):00081         * Sound Constants
                      (./Engine/Constant):00082         * ===========================================================================
                      (./Engine/Constant):00083         
     0000             (./Engine/Constant):00084         sound_page        equ 0
     0001             (./Engine/Constant):00085         sound_start_addr  equ 1
     0003             (./Engine/Constant):00086         sound_end_addr    equ 3
     0005             (./Engine/Constant):00087         sound_meta_size   equ 5
                      (./Engine/Constant):00088         
                      (./Engine/Constant):00089         * ===========================================================================
                      (./Engine/Constant):00090         * Object Constants
                      (./Engine/Constant):00091         * ===========================================================================
                      (./Engine/Constant):00092         
     005D             (./Engine/Constant):00093         object_core_size              equ 93  ; the size of an object without ext_vars - DEPENDENCY ClearObj routine
     ????             (./Engine/Constant):00094         object_size                   equ object_core_size+ext_variables_size ; the size of a dynamic object
     ????             (./Engine/Constant):00095         next_object                   equ object_size
     005D             (./Engine/Constant):00096         ext_variables                 equ object_core_size ; start of reserved space for additionnal variables
                      (./Engine/Constant):00097         
     0000             (./Engine/Constant):00098         id                            equ 0           ; reference to object model id (ObjID_) (0: free slot)
     0001             (./Engine/Constant):00099         subtype                       equ 1           ; reference to object subtype (Sub_)
     0002             (./Engine/Constant):00100         render_flags                  equ 2
                      (./Engine/Constant):00101         
                      (./Engine/Constant):00102         * --- render_flags bitfield variables ---
     0001             (./Engine/Constant):00103         render_xmirror_mask           equ $01 ; (bit 0) DEPENDENCY should be bit 0 - tell display engine to mirror sprite on horizontal axis
     0002             (./Engine/Constant):00104         render_ymirror_mask           equ $02 ; (bit 1) DEPENDENCY should be bit 1 - tell display engine to mirror sprite on vertical axis
     0004             (./Engine/Constant):00105         render_overlay_mask           equ $04 ; (bit 2) DEPENDENCY should be bit 2 - compilated sprite with no background save
     0008             (./Engine/Constant):00106         render_motionless_mask        equ $08 ; (bit 3) tell display engine to compute sub image and position check only once until the flag is removed  
     0010             (./Engine/Constant):00107         render_playfieldcoord_mask    equ $10 ; (bit 4) tell display engine to use playfield (1) or screen (0) coordinates
     0020             (./Engine/Constant):00108         render_hide_mask              equ $20 ; (bit 5) tell display engine to hide sprite (keep priority and mapping_frame)
     0040             (./Engine/Constant):00109         render_todelete_mask          equ $40 ; (bit 6) tell display engine to delete sprite and clear OST for this object
     0080             (./Engine/Constant):00110         render_xloop_mask             equ $80 ; (bit 7) (screen coordinate) tell display engine to hide sprite when x is out of screen (0) or to display (1)  
                      (./Engine/Constant):00111          
     0003             (./Engine/Constant):00112         priority                      equ 3           ; display priority (0: nothing to display, 1:front, ..., 8:back)
     0004             (./Engine/Constant):00113         anim                          equ 4  ; and 5  ; reference to current animation (Ani_)
     0006             (./Engine/Constant):00114         prev_anim                     equ 6  ; and 7  ; reference to previous animation (Ani_)
     0008             (./Engine/Constant):00115         anim_frame                    equ 8           ; index of current frame in animation
     0009             (./Engine/Constant):00116         anim_frame_duration           equ 9           ; number of frames for each image in animation, range: 00-7F (0-127), 0 means display only during one frame
     000A             (./Engine/Constant):00117         anim_flags                    equ 10          ; byte offset to reference an anim_flags LUT (adv) / store a link flag (non adv)
                      (./Engine/Constant):00118         
                      (./Engine/Constant):00119         * --- anim_flags bitfield variables ---
     0001             (./Engine/Constant):00120         anim_link_mask                equ $01 ; (bit 0) if set, allow the load of a new animation without reseting anim_frame and anim_frame_duration
                      (./Engine/Constant):00121         
     000B             (./Engine/Constant):00122         status_flags                  equ 11          ; orientation of sprite, is applied to animation xmirror flag during AnimateSprite
                      (./Engine/Constant):00123         
                      (./Engine/Constant):00124         * --- status_flags bitfield variables ---
     0001             (./Engine/Constant):00125         status_xflip_mask             equ $01 ; (bit 0) X Flip
     0002             (./Engine/Constant):00126         status_yflip_mask             equ $02 ; (bit 1) Y Flip
                      (./Engine/Constant):00127         
     000C             (./Engine/Constant):00128         image_set                     equ 12 ; and 13 ; reference to current image (Img_) (0000 if no image)
     000E             (./Engine/Constant):00129         x_pos                         equ 14 ; and 15 ; x playfield coordinate
     0010             (./Engine/Constant):00130         x_sub                         equ 16          ; x subpixel (1/256 of a pixel), must follow x_pos in data structure
     0011             (./Engine/Constant):00131         y_pos                         equ 17 ; and 18 ; y playfield coordinate
     0013             (./Engine/Constant):00132         y_sub                         equ 19          ; y subpixel (1/256 of a pixel), must follow y_pos in data structure
     0014             (./Engine/Constant):00133         xy_pixel                      equ 20          ; x and y screen coordinate
     0014             (./Engine/Constant):00134         x_pixel                       equ 20          ; x screen coordinate
     0015             (./Engine/Constant):00135         y_pixel                       equ 21          ; y screen coordinate, must follow x_pixel
                      (./Engine/Constant):00136         ;x_offset                      equ 93          ; x screen coordinate offset that is applied at rendering
                      (./Engine/Constant):00137         ;y_offset                      equ 94          ; x screen coordinate offset that is applied at rendering
     0016             (./Engine/Constant):00138         x_vel                         equ 22 ; and 23 ; horizontal velocity
     0018             (./Engine/Constant):00139         y_vel                         equ 24 ; and 25 ; vertical velocity
     001A             (./Engine/Constant):00140         x_acl                         equ 26 ; and 27 ; horizontal gravity
     001C             (./Engine/Constant):00141         y_acl                         equ 28 ; and 29 ; vertical gravity
     001E             (./Engine/Constant):00142         routine                       equ 30          ; index of current object routine
     001F             (./Engine/Constant):00143         routine_secondary             equ 31          ; index of current secondary routine
     0020             (./Engine/Constant):00144         routine_tertiary              equ 32          ; index of current tertiary routine
     0021             (./Engine/Constant):00145         routine_quaternary            equ 33          ; index of current quaternary routine
                      (./Engine/Constant):00146         
                      (./Engine/Constant):00147         * ---------------------------------------------------------------------------
                      (./Engine/Constant):00148         * reserved variables (update by engine)
                      (./Engine/Constant):00149         
     0022             (./Engine/Constant):00150         rsv_render_flags              equ 34
                      (./Engine/Constant):00151         
                      (./Engine/Constant):00152         * --- rsv_render_flags bitfield variables ---
     0001             (./Engine/Constant):00153         rsv_render_checkrefresh_mask  equ $01 ; (bit 0) if erasesprite and display sprite flag are processed for this frame
     0002             (./Engine/Constant):00154         rsv_render_erasesprite_mask   equ $02 ; (bit 1) if a sprite need to be cleared on screen
     0004             (./Engine/Constant):00155         rsv_render_displaysprite_mask equ $04 ; (bit 2) if a sprite need to be rendered on screen
     0008             (./Engine/Constant):00156         rsv_render_outofrange_mask    equ $08 ; (bit 3) if a sprite is out of range for full rendering in screen
     0080             (./Engine/Constant):00157         rsv_render_onscreen_mask      equ $80 ; (bit 7) DEPENDENCY should be bit 7 - has been rendered on last screen buffer (may be 0 or 1)
                      (./Engine/Constant):00158         
     0023             (./Engine/Constant):00159         rsv_prev_anim                 equ 35 ; and 36 ; reference to previous animation (Ani_) w * UTILE ?
     0025             (./Engine/Constant):00160         rsv_image_center_offset       equ 37 ; 0 or 1 offset that indicate if image center is even or odd (DRS_XYToAddress)
     0026             (./Engine/Constant):00161         rsv_image_subset              equ 38 ; and 39 ; reference to current image regarding mirror flags w
     0028             (./Engine/Constant):00162         rsv_mapping_frame             equ 40 ; and 41 ; reference to current image regarding mirror flags, overlay flag and x precision w
     002A             (./Engine/Constant):00163         rsv_erase_nb_cell             equ 42 ; b 
     002B             (./Engine/Constant):00164         rsv_page_draw_routine         equ 43 ; b
     002C             (./Engine/Constant):00165         rsv_draw_routine              equ 44 ; and 45 ; w
     002E             (./Engine/Constant):00166         rsv_page_erase_routine        equ 46 ; b
     002F             (./Engine/Constant):00167         rsv_erase_routine             equ 47 ; and 48 ; w 
     0031             (./Engine/Constant):00168         rsv_xy1_pixel                 equ 49 ;
     0031             (./Engine/Constant):00169         rsv_x1_pixel                  equ 49 ; x+x_offset-(x_size/2) screen coordinate
     0032             (./Engine/Constant):00170         rsv_y1_pixel                  equ 50 ; y+y_offset-(y_size/2) screen coordinate, must follow rsv_x1_pixel
     0033             (./Engine/Constant):00171         rsv_xy2_pixel                 equ 51 ;
     0033             (./Engine/Constant):00172         rsv_x2_pixel                  equ 51 ; x+x_offset+(x_size/2) screen coordinate
     0034             (./Engine/Constant):00173         rsv_y2_pixel                  equ 52 ; y+y_offset+(y_size/2) screen coordinate, must follow rsv_x2_pixel
                      (./Engine/Constant):00174         
                      (./Engine/Constant):00175         * ---------------------------------------------------------------------------
                      (./Engine/Constant):00176         * reserved variables (engine) - buffer specific
                      (./Engine/Constant):00177         
     0035             (./Engine/Constant):00178         rsv_buffer_0                  equ 53 ; Start index of buffer 0 variables
     0035             (./Engine/Constant):00179         rsv_priority_0                equ 53 ; internal value that hold priority in video buffer 0
     0036             (./Engine/Constant):00180         rsv_priority_prev_obj_0       equ 54 ; and 55 ; previous object (OST address) in display priority list for video buffer 0 (0000 if none) w
     0038             (./Engine/Constant):00181         rsv_priority_next_obj_0       equ 56 ; and 57 ; next object (OST address) in display priority list for video buffer 0 (0000 if none) w
     003A             (./Engine/Constant):00182         rsv_prev_mapping_frame_0      equ 58 ; and 59 ; reference to previous image in video buffer 0 w
     003C             (./Engine/Constant):00183         rsv_prev_erase_nb_cell_0      equ 60 : b
     003D             (./Engine/Constant):00184         rsv_prev_page_erase_routine_0 equ 61 ; b
     003E             (./Engine/Constant):00185         rsv_prev_erase_routine_0      equ 62 ; and 63 ; w
     0040             (./Engine/Constant):00186         rsv_bgdata_0                  equ 64 ; and 65 ; address of background data in screen 0 w
     0042             (./Engine/Constant):00187         rsv_prev_xy_pixel_0           equ 66 ;
     0042             (./Engine/Constant):00188         rsv_prev_x_pixel_0            equ 66 ; previous x screen coordinate b
     0043             (./Engine/Constant):00189         rsv_prev_y_pixel_0            equ 67 ; previous y screen coordinate b, must follow x_pixel
     0044             (./Engine/Constant):00190         rsv_prev_xy1_pixel_0          equ 68 ;
     0044             (./Engine/Constant):00191         rsv_prev_x1_pixel_0           equ 68 ; previous x+x_offset-(x_size/2) screen coordinate b
     0045             (./Engine/Constant):00192         rsv_prev_y1_pixel_0           equ 69 ; previous y+y_offset-(y_size/2) screen coordinate b, must follow x1_pixel
     0046             (./Engine/Constant):00193         rsv_prev_xy2_pixel_0          equ 70 ;
     0046             (./Engine/Constant):00194         rsv_prev_x2_pixel_0           equ 70 ; previous x+x_offset+(x_size/2) screen coordinate b
     0047             (./Engine/Constant):00195         rsv_prev_y2_pixel_0           equ 71 ; previous y+y_offset+(y_size/2) screen coordinate b, must follow x2_pixel
     0048             (./Engine/Constant):00196         rsv_prev_render_flags_0       equ 72 ;
                      (./Engine/Constant):00197         * --- rsv_prev_render_flags_0 bitfield variables ---
     0001             (./Engine/Constant):00198         rsv_prev_render_overlay_mask  equ $01 ; (bit 0) if a sprite has been rendered with compilated sprite and no background save on screen buffer 0/1
     0080             (./Engine/Constant):00199         rsv_prev_render_onscreen_mask equ $80 ; (bit 7) DEPENDENCY should be bit 7 - has been rendered on screen buffer 0/1
                      (./Engine/Constant):00200         
     0049             (./Engine/Constant):00201         rsv_buffer_1                  equ 73 ; Start index of buffer 1 variables
     0049             (./Engine/Constant):00202         rsv_priority_1                equ 73 ; internal value that hold priority in video buffer 1
     004A             (./Engine/Constant):00203         rsv_priority_prev_obj_1       equ 74 ; and 75 ; previous object (OST address) in display priority list for video buffer 1 (0000 if none) w
     004C             (./Engine/Constant):00204         rsv_priority_next_obj_1       equ 76 ; and 77 ; next object (OST address) in display priority list for video buffer 1 (0000 if none) w
     004E             (./Engine/Constant):00205         rsv_prev_mapping_frame_1      equ 78 ; and 79 ; reference to previous image in video buffer 1 w
     0050             (./Engine/Constant):00206         rsv_prev_erase_nb_cell_1      equ 80 ; b
     0051             (./Engine/Constant):00207         rsv_prev_page_erase_routine_1 equ 81 ; b
     0052             (./Engine/Constant):00208         rsv_prev_erase_routine_1      equ 82 ; and 83 ; w
     0054             (./Engine/Constant):00209         rsv_bgdata_1                  equ 84 ; and 85 ; address of background data in screen 1 w
     0056             (./Engine/Constant):00210         rsv_prev_xy_pixel_1           equ 86 ;
     0056             (./Engine/Constant):00211         rsv_prev_x_pixel_1            equ 86 ; previous x screen coordinate b
     0057             (./Engine/Constant):00212         rsv_prev_y_pixel_1            equ 87 ; previous y screen coordinate b, must follow x_pixel
     0058             (./Engine/Constant):00213         rsv_prev_xy1_pixel_1          equ 88 ;
     0058             (./Engine/Constant):00214         rsv_prev_x1_pixel_1           equ 88 ; previous x+x_size screen coordinate b
     0059             (./Engine/Constant):00215         rsv_prev_y1_pixel_1           equ 89 ; previous y+y_size screen coordinate b, must follow x_pixel
     005A             (./Engine/Constant):00216         rsv_prev_xy2_pixel_1          equ 90 ;
     005A             (./Engine/Constant):00217         rsv_prev_x2_pixel_1           equ 90 ; previous x+x_size screen coordinate b
     005B             (./Engine/Constant):00218         rsv_prev_y2_pixel_1           equ 91 ; previous y+y_size screen coordinate b, must follow x_pixel
     005C             (./Engine/Constant):00219         rsv_prev_render_flags_1       equ 92 ;
                      (./Engine/Constant):00220         
     0000             (./Engine/Constant):00221         buf_priority                  equ 0  ; offset for each rsv_buffer variables
     0001             (./Engine/Constant):00222         buf_priority_prev_obj         equ 1  ;
     0003             (./Engine/Constant):00223         buf_priority_next_obj         equ 3  ;
     0005             (./Engine/Constant):00224         buf_prev_mapping_frame        equ 5  ;
     0007             (./Engine/Constant):00225         buf_erase_nb_cell             equ 7  ;
     0008             (./Engine/Constant):00226         buf_page_erase_routine        equ 8 ;
     0009             (./Engine/Constant):00227         buf_erase_routine             equ 9 ;
     000B             (./Engine/Constant):00228         buf_bgdata                    equ 11 ;
     000D             (./Engine/Constant):00229         buf_prev_xy_pixel             equ 13 ;
     000D             (./Engine/Constant):00230         buf_prev_x_pixel              equ 13 ;
     000E             (./Engine/Constant):00231         buf_prev_y_pixel              equ 14 ;
     000F             (./Engine/Constant):00232         buf_prev_xy1_pixel            equ 15 ;
     000F             (./Engine/Constant):00233         buf_prev_x1_pixel             equ 15 ;
     0010             (./Engine/Constant):00234         buf_prev_y1_pixel             equ 16 ;
     0011             (./Engine/Constant):00235         buf_prev_xy2_pixel            equ 17 ;
     0011             (./Engine/Constant):00236         buf_prev_x2_pixel             equ 17 ;
     0012             (./Engine/Constant):00237         buf_prev_y2_pixel             equ 18 ;
     0013             (./Engine/Constant):00238         buf_prev_render_flags         equ 19 ;
                      (./generated-code/):00002                 ORG $A000
     FF               (./generated-code/):00003                 SETDP $FF
                      (./generated-code/):00004                 OPT C,CT
A000                  (./generated-code/):00005                 ERASE_Img_sonic_2_0
A000 10FF9FFE         (./generated-code/):00006 [7]     7               STS glb_register_s
                      (./generated-code/):00007                 
A004 32C4             (./generated-code/):00008 [4]     11              LEAS ,U
A006                  (./generated-code/):00009                 ERASE_CODE_Img_sonic_2_0
A006 3552             (./generated-code/):00010 [10]    21              PULS A,X,U
A008 3612             (./generated-code/):00011 [8]     29              PSHU A,X
                      (./generated-code/):00012                 
A00A 3536             (./generated-code/):00013 [11]    40              PULS D,X,Y
A00C EDC879           (./generated-code/):00014 [6]     46              STD 121,U
A00F AFC829           (./generated-code/):00015 [6]     52              STX 41,U
A012 10AFC851         (./generated-code/):00016 [7]     59              STY 81,U
                      (./generated-code/):00017                 
A016 3552             (./generated-code/):00018 [10]    69              PULS A,X,U
A018 3612             (./generated-code/):00019 [8]     77              PSHU A,X
                      (./generated-code/):00020                 
A01A 3552             (./generated-code/):00021 [10]    87              PULS A,X,U
A01C 3612             (./generated-code/):00022 [8]     95              PSHU A,X
                      (./generated-code/):00023                 
A01E 3552             (./generated-code/):00024 [10]    105             PULS A,X,U
A020 3612             (./generated-code/):00025 [8]     113             PSHU A,X
                      (./generated-code/):00026                 
A022 3502             (./generated-code/):00027 [6]     119             PULS A
A024 A743             (./generated-code/):00028 [5]     124             STA 3,U
                      (./generated-code/):00029                 
A026 3552             (./generated-code/):00030 [10]    134             PULS A,X,U
A028 3612             (./generated-code/):00031 [8]     142             PSHU A,X
                      (./generated-code/):00032                 
A02A 3502             (./generated-code/):00033 [6]     148             PULS A
A02C A743             (./generated-code/):00034 [5]     153             STA 3,U
                      (./generated-code/):00035                 
A02E 3552             (./generated-code/):00036 [10]    163             PULS A,X,U
A030 3612             (./generated-code/):00037 [8]     171             PSHU A,X
                      (./generated-code/):00038                 
A032 3502             (./generated-code/):00039 [6]     177             PULS A
A034 A743             (./generated-code/):00040 [5]     182             STA 3,U
                      (./generated-code/):00041                 
A036 3556             (./generated-code/):00042 [11]    193             PULS D,X,U
A038 3616             (./generated-code/):00043 [9]     202             PSHU D,X
                      (./generated-code/):00044                 
A03A 3556             (./generated-code/):00045 [11]    213             PULS D,X,U
A03C 3616             (./generated-code/):00046 [9]     222             PSHU D,X
                      (./generated-code/):00047                 
A03E 3556             (./generated-code/):00048 [11]    233             PULS D,X,U
A040 3616             (./generated-code/):00049 [9]     242             PSHU D,X
                      (./generated-code/):00050                 
A042 3556             (./generated-code/):00051 [11]    253             PULS D,X,U
A044 3616             (./generated-code/):00052 [9]     262             PSHU D,X
                      (./generated-code/):00053                 
A046 3556             (./generated-code/):00054 [11]    273             PULS D,X,U
A048 3616             (./generated-code/):00055 [9]     282             PSHU D,X
                      (./generated-code/):00056                 
A04A 3576             (./generated-code/):00057 [13]    295             PULS D,X,Y,U
A04C 3636             (./generated-code/):00058 [11]    306             PSHU D,X,Y
                      (./generated-code/):00059                 
A04E 3536             (./generated-code/):00060 [11]    317             PULS A,B,X,Y
A050 A7C82D           (./generated-code/):00061 [5]     322             STA 45,U
A053 E7C853           (./generated-code/):00062 [5]     327             STB 83,U
A056 AFC84F           (./generated-code/):00063 [6]     333             STX 79,U
A059 10AFC82B         (./generated-code/):00064 [7]     340             STY 43,U
                      (./generated-code/):00065                 
A05D 3536             (./generated-code/):00066 [11]    351             PULS D,X,Y
A05F EDC827           (./generated-code/):00067 [6]     357             STD 39,U
A062 AFC829           (./generated-code/):00068 [6]     363             STX 41,U
A065 10AFC851         (./generated-code/):00069 [7]     370             STY 81,U
                      (./generated-code/):00070                 
A069 3576             (./generated-code/):00071 [13]    383             PULS D,X,Y,U
A06B 3636             (./generated-code/):00072 [11]    394             PSHU D,X,Y
                      (./generated-code/):00073                 
A06D 3576             (./generated-code/):00074 [13]    407             PULS D,X,Y,U
A06F 3636             (./generated-code/):00075 [11]    418             PSHU D,X,Y
                      (./generated-code/):00076                 
A071 3576             (./generated-code/):00077 [13]    431             PULS D,X,Y,U
A073 3636             (./generated-code/):00078 [11]    442             PSHU D,X,Y
                      (./generated-code/):00079                 
A075 3556             (./generated-code/):00080 [11]    453             PULS D,X,U
A077 3616             (./generated-code/):00081 [9]     462             PSHU D,X
                      (./generated-code/):00082                 
A079 3572             (./generated-code/):00083 [12]    474             PULS A,X,Y,U
A07B 3632             (./generated-code/):00084 [10]    484             PSHU A,X,Y
                      (./generated-code/):00085                 
A07D 3506             (./generated-code/):00086 [7]     491             PULS D
A07F EDC827           (./generated-code/):00087 [6]     497             STD 39,U
                      (./generated-code/):00088                 
A082 3556             (./generated-code/):00089 [11]    508             PULS D,X,U
A084 3616             (./generated-code/):00090 [9]     517             PSHU D,X
                      (./generated-code/):00091                 
A086 3502             (./generated-code/):00092 [6]     523             PULS A
A088 A744             (./generated-code/):00093 [5]     528             STA 4,U
                      (./generated-code/):00094                 
A08A 3556             (./generated-code/):00095 [11]    539             PULS D,X,U
A08C 3616             (./generated-code/):00096 [9]     548             PSHU D,X
                      (./generated-code/):00097                 
A08E 3502             (./generated-code/):00098 [6]     554             PULS A
A090 A744             (./generated-code/):00099 [5]     559             STA 4,U
                      (./generated-code/):00100                 
A092 3556             (./generated-code/):00101 [11]    570             PULS D,X,U
A094 3616             (./generated-code/):00102 [9]     579             PSHU D,X
                      (./generated-code/):00103                 
A096 3556             (./generated-code/):00104 [11]    590             PULS D,X,U
A098 3616             (./generated-code/):00105 [9]     599             PSHU D,X
                      (./generated-code/):00106                 
A09A 3552             (./generated-code/):00107 [10]    609             PULS A,X,U
A09C 3612             (./generated-code/):00108 [8]     617             PSHU A,X
                      (./generated-code/):00109                 
A09E 3572             (./generated-code/):00110 [12]    629             PULS A,X,Y,U
A0A0 3632             (./generated-code/):00111 [10]    639             PSHU A,X,Y
                      (./generated-code/):00112                 
A0A2 3516             (./generated-code/):00113 [9]     648             PULS A,B,X
A0A4 A747             (./generated-code/):00114 [5]     653             STA 7,U
A0A6 E745             (./generated-code/):00115 [5]     658             STB 5,U
A0A8 AFC828           (./generated-code/):00116 [6]     664             STX 40,U
                      (./generated-code/):00117                 
A0AB 3576             (./generated-code/):00118 [13]    677             PULS D,X,Y,U
A0AD 3636             (./generated-code/):00119 [11]    688             PSHU D,X,Y
                      (./generated-code/):00120                 
A0AF 3502             (./generated-code/):00121 [6]     694             PULS A
A0B1 A747             (./generated-code/):00122 [5]     699             STA 7,U
                      (./generated-code/):00123                 
A0B3 3576             (./generated-code/):00124 [13]    712             PULS D,X,Y,U
A0B5 3636             (./generated-code/):00125 [11]    723             PSHU D,X,Y
                      (./generated-code/):00126                 
A0B7 3506             (./generated-code/):00127 [7]     730             PULS D
A0B9 ED46             (./generated-code/):00128 [6]     736             STD 6,U
                      (./generated-code/):00129                 
A0BB 3576             (./generated-code/):00130 [13]    749             PULS D,X,Y,U
A0BD 3636             (./generated-code/):00131 [11]    760             PSHU D,X,Y
                      (./generated-code/):00132                 
A0BF 3506             (./generated-code/):00133 [7]     767             PULS D
A0C1 ED46             (./generated-code/):00134 [6]     773             STD 6,U
                      (./generated-code/):00135                 
A0C3 3576             (./generated-code/):00136 [13]    786             PULS D,X,Y,U
A0C5 3636             (./generated-code/):00137 [11]    797             PSHU D,X,Y
                      (./generated-code/):00138                 
A0C7 3506             (./generated-code/):00139 [7]     804             PULS D
A0C9 ED46             (./generated-code/):00140 [6]     810             STD 6,U
                      (./generated-code/):00141                 
A0CB 3576             (./generated-code/):00142 [13]    823             PULS D,X,Y,U
A0CD 3636             (./generated-code/):00143 [11]    834             PSHU D,X,Y
                      (./generated-code/):00144                 
A0CF 3512             (./generated-code/):00145 [8]     842             PULS A,X
A0D1 A748             (./generated-code/):00146 [5]     847             STA 8,U
A0D3 AF46             (./generated-code/):00147 [6]     853             STX 6,U
                      (./generated-code/):00148                 
A0D5 3576             (./generated-code/):00149 [13]    866             PULS D,X,Y,U
A0D7 3636             (./generated-code/):00150 [11]    877             PSHU D,X,Y
                      (./generated-code/):00151                 
A0D9 3512             (./generated-code/):00152 [8]     885             PULS A,X
A0DB A748             (./generated-code/):00153 [5]     890             STA 8,U
A0DD AF46             (./generated-code/):00154 [6]     896             STX 6,U
                      (./generated-code/):00155                 
A0DF 3576             (./generated-code/):00156 [13]    909             PULS D,X,Y,U
A0E1 3636             (./generated-code/):00157 [11]    920             PSHU D,X,Y
                      (./generated-code/):00158                 
A0E3 3506             (./generated-code/):00159 [7]     927             PULS D
A0E5 ED46             (./generated-code/):00160 [6]     933             STD 6,U
                      (./generated-code/):00161                 
A0E7 3576             (./generated-code/):00162 [13]    946             PULS D,X,Y,U
A0E9 3636             (./generated-code/):00163 [11]    957             PSHU D,X,Y
                      (./generated-code/):00164                 
A0EB 3512             (./generated-code/):00165 [8]     965             PULS A,X
A0ED A746             (./generated-code/):00166 [5]     970             STA 6,U
A0EF AFC826           (./generated-code/):00167 [6]     976             STX 38,U
                      (./generated-code/):00168                 
A0F2 3576             (./generated-code/):00169 [13]    989             PULS D,X,Y,U
A0F4 3636             (./generated-code/):00170 [11]    1000            PSHU D,X,Y
                      (./generated-code/):00171                 
A0F6 3516             (./generated-code/):00172 [9]     1009            PULS D,X
A0F8 EDC827           (./generated-code/):00173 [6]     1015            STD 39,U
A0FB AF46             (./generated-code/):00174 [6]     1021            STX 6,U
                      (./generated-code/):00175                 
A0FD 3576             (./generated-code/):00176 [13]    1034            PULS D,X,Y,U
A0FF 3636             (./generated-code/):00177 [11]    1045            PSHU D,X,Y
                      (./generated-code/):00178                 
A101 3506             (./generated-code/):00179 [7]     1052            PULS D
A103 ED46             (./generated-code/):00180 [6]     1058            STD 6,U
                      (./generated-code/):00181                 
A105 3576             (./generated-code/):00182 [13]    1071            PULS D,X,Y,U
A107 3636             (./generated-code/):00183 [11]    1082            PSHU D,X,Y
                      (./generated-code/):00184                 
A109 3506             (./generated-code/):00185 [7]     1089            PULS D
A10B ED46             (./generated-code/):00186 [6]     1095            STD 6,U
                      (./generated-code/):00187                 
A10D 3576             (./generated-code/):00188 [13]    1108            PULS D,X,Y,U
A10F 3636             (./generated-code/):00189 [11]    1119            PSHU D,X,Y
                      (./generated-code/):00190                 
A111 3506             (./generated-code/):00191 [7]     1126            PULS D
A113 ED46             (./generated-code/):00192 [6]     1132            STD 6,U
                      (./generated-code/):00193                 
A115 3576             (./generated-code/):00194 [13]    1145            PULS D,X,Y,U
A117 3636             (./generated-code/):00195 [11]    1156            PSHU D,X,Y
                      (./generated-code/):00196                 
A119 3506             (./generated-code/):00197 [7]     1163            PULS D
A11B ED46             (./generated-code/):00198 [6]     1169            STD 6,U
                      (./generated-code/):00199                 
A11D 3576             (./generated-code/):00200 [13]    1182            PULS D,X,Y,U
A11F 3636             (./generated-code/):00201 [11]    1193            PSHU D,X,Y
                      (./generated-code/):00202                 
A121 3506             (./generated-code/):00203 [7]     1200            PULS D
A123 ED46             (./generated-code/):00204 [6]     1206            STD 6,U
                      (./generated-code/):00205                 
A125 3576             (./generated-code/):00206 [13]    1219            PULS D,X,Y,U
A127 3636             (./generated-code/):00207 [11]    1230            PSHU D,X,Y
                      (./generated-code/):00208                 
A129 3506             (./generated-code/):00209 [7]     1237            PULS D
A12B ED46             (./generated-code/):00210 [6]     1243            STD 6,U
                      (./generated-code/):00211                 
A12D 3576             (./generated-code/):00212 [13]    1256            PULS D,X,Y,U
A12F 3636             (./generated-code/):00213 [11]    1267            PSHU D,X,Y
                      (./generated-code/):00214                 
A131 3502             (./generated-code/):00215 [6]     1273            PULS A
A133 A746             (./generated-code/):00216 [5]     1278            STA 6,U
                      (./generated-code/):00217                 
A135 3576             (./generated-code/):00218 [13]    1291            PULS D,X,Y,U
A137 3636             (./generated-code/):00219 [11]    1302            PSHU D,X,Y
                      (./generated-code/):00220                 
A139 3502             (./generated-code/):00221 [6]     1308            PULS A
A13B A746             (./generated-code/):00222 [5]     1313            STA 6,U
                      (./generated-code/):00223                 
A13D 3552             (./generated-code/):00224 [10]    1323            PULS A,X,U
A13F 3612             (./generated-code/):00225 [8]     1331            PSHU A,X
                      (./generated-code/):00226                 
A141 3576             (./generated-code/):00227 [13]    1344            PULS D,X,Y,U
A143 3636             (./generated-code/):00228 [11]    1355            PSHU D,X,Y
                      (./generated-code/):00229                 
A145 3552             (./generated-code/):00230 [10]    1365            PULS A,X,U
A147 3612             (./generated-code/):00231 [8]     1373            PSHU A,X
                      (./generated-code/):00232                 
A149 3576             (./generated-code/):00233 [13]    1386            PULS D,X,Y,U
A14B 3636             (./generated-code/):00234 [11]    1397            PSHU D,X,Y
                      (./generated-code/):00235                 
A14D 3552             (./generated-code/):00236 [10]    1407            PULS A,X,U
A14F 3612             (./generated-code/):00237 [8]     1415            PSHU A,X
                      (./generated-code/):00238                 
A151 3576             (./generated-code/):00239 [13]    1428            PULS D,X,Y,U
A153 3636             (./generated-code/):00240 [11]    1439            PSHU D,X,Y
                      (./generated-code/):00241                 
A155 3552             (./generated-code/):00242 [10]    1449            PULS A,X,U
A157 3612             (./generated-code/):00243 [8]     1457            PSHU A,X
                      (./generated-code/):00244                 
A159 3576             (./generated-code/):00245 [13]    1470            PULS D,X,Y,U
A15B 3636             (./generated-code/):00246 [11]    1481            PSHU D,X,Y
                      (./generated-code/):00247                 
A15D 3552             (./generated-code/):00248 [10]    1491            PULS A,X,U
A15F 3612             (./generated-code/):00249 [8]     1499            PSHU A,X
                      (./generated-code/):00250                 
A161 3576             (./generated-code/):00251 [13]    1512            PULS D,X,Y,U
A163 3636             (./generated-code/):00252 [11]    1523            PSHU D,X,Y
                      (./generated-code/):00253                 
A165 3576             (./generated-code/):00254 [13]    1536            PULS D,X,Y,U
A167 3636             (./generated-code/):00255 [11]    1547            PSHU D,X,Y
                      (./generated-code/):00256                 
A169 3512             (./generated-code/):00257 [8]     1555            PULS A,X
A16B A748             (./generated-code/):00258 [5]     1560            STA 8,U
A16D AF46             (./generated-code/):00259 [6]     1566            STX 6,U
                      (./generated-code/):00260                 
A16F 3576             (./generated-code/):00261 [13]    1579            PULS D,X,Y,U
A171 3636             (./generated-code/):00262 [11]    1590            PSHU D,X,Y
                      (./generated-code/):00263                 
A173 3512             (./generated-code/):00264 [8]     1598            PULS A,X
A175 A748             (./generated-code/):00265 [5]     1603            STA 8,U
A177 AF46             (./generated-code/):00266 [6]     1609            STX 6,U
                      (./generated-code/):00267                 
A179 3576             (./generated-code/):00268 [13]    1622            PULS D,X,Y,U
A17B 3636             (./generated-code/):00269 [11]    1633            PSHU D,X,Y
                      (./generated-code/):00270                 
A17D 3506             (./generated-code/):00271 [7]     1640            PULS D
A17F ED46             (./generated-code/):00272 [6]     1646            STD 6,U
                      (./generated-code/):00273                 
A181 3576             (./generated-code/):00274 [13]    1659            PULS D,X,Y,U
A183 3636             (./generated-code/):00275 [11]    1670            PSHU D,X,Y
                      (./generated-code/):00276                 
A185 3506             (./generated-code/):00277 [7]     1677            PULS D
A187 ED46             (./generated-code/):00278 [6]     1683            STD 6,U
                      (./generated-code/):00279                 
A189 3576             (./generated-code/):00280 [13]    1696            PULS D,X,Y,U
A18B 3636             (./generated-code/):00281 [11]    1707            PSHU D,X,Y
                      (./generated-code/):00282                 
A18D 3506             (./generated-code/):00283 [7]     1714            PULS D
A18F ED46             (./generated-code/):00284 [6]     1720            STD 6,U
                      (./generated-code/):00285                 
A191 3576             (./generated-code/):00286 [13]    1733            PULS D,X,Y,U
A193 3636             (./generated-code/):00287 [11]    1744            PSHU D,X,Y
                      (./generated-code/):00288                 
A195 3506             (./generated-code/):00289 [7]     1751            PULS D
A197 ED46             (./generated-code/):00290 [6]     1757            STD 6,U
                      (./generated-code/):00291                 
A199 3576             (./generated-code/):00292 [13]    1770            PULS D,X,Y,U
A19B 3636             (./generated-code/):00293 [11]    1781            PSHU D,X,Y
                      (./generated-code/):00294                 
A19D 3506             (./generated-code/):00295 [7]     1788            PULS D
A19F ED46             (./generated-code/):00296 [6]     1794            STD 6,U
                      (./generated-code/):00297                 
A1A1 3576             (./generated-code/):00298 [13]    1807            PULS D,X,Y,U
A1A3 3636             (./generated-code/):00299 [11]    1818            PSHU D,X,Y
                      (./generated-code/):00300                 
A1A5 3506             (./generated-code/):00301 [7]     1825            PULS D
A1A7 ED46             (./generated-code/):00302 [6]     1831            STD 6,U
                      (./generated-code/):00303                 
A1A9 3576             (./generated-code/):00304 [13]    1844            PULS D,X,Y,U
A1AB 3636             (./generated-code/):00305 [11]    1855            PSHU D,X,Y
                      (./generated-code/):00306                 
A1AD 3506             (./generated-code/):00307 [7]     1862            PULS D
A1AF ED46             (./generated-code/):00308 [6]     1868            STD 6,U
                      (./generated-code/):00309                 
A1B1 3576             (./generated-code/):00310 [13]    1881            PULS D,X,Y,U
A1B3 3636             (./generated-code/):00311 [11]    1892            PSHU D,X,Y
                      (./generated-code/):00312                 
A1B5 3502             (./generated-code/):00313 [6]     1898            PULS A
A1B7 A746             (./generated-code/):00314 [5]     1903            STA 6,U
                      (./generated-code/):00315                 
A1B9 3576             (./generated-code/):00316 [13]    1916            PULS D,X,Y,U
A1BB 3636             (./generated-code/):00317 [11]    1927            PSHU D,X,Y
                      (./generated-code/):00318                 
A1BD 3502             (./generated-code/):00319 [6]     1933            PULS A
A1BF A746             (./generated-code/):00320 [5]     1938            STA 6,U
                      (./generated-code/):00321                 
A1C1 3576             (./generated-code/):00322 [13]    1951            PULS D,X,Y,U
A1C3 3636             (./generated-code/):00323 [11]    1962            PSHU D,X,Y
                      (./generated-code/):00324                 
A1C5 3502             (./generated-code/):00325 [6]     1968            PULS A
A1C7 A746             (./generated-code/):00326 [5]     1973            STA 6,U
                      (./generated-code/):00327                 
A1C9 3576             (./generated-code/):00328 [13]    1986            PULS D,X,Y,U
A1CB 3636             (./generated-code/):00329 [11]    1997            PSHU D,X,Y
                      (./generated-code/):00330                 
A1CD 3576             (./generated-code/):00331 [13]    2010            PULS D,X,Y,U
A1CF 3636             (./generated-code/):00332 [11]    2021            PSHU D,X,Y
                      (./generated-code/):00333                 
A1D1 3576             (./generated-code/):00334 [13]    2034            PULS D,X,Y,U
A1D3 3636             (./generated-code/):00335 [11]    2045            PSHU D,X,Y
                      (./generated-code/):00336                 
A1D5 3502             (./generated-code/):00337 [6]     2051            PULS A
A1D7 A746             (./generated-code/):00338 [5]     2056            STA 6,U
                      (./generated-code/):00339                 
A1D9 3576             (./generated-code/):00340 [13]    2069            PULS D,X,Y,U
A1DB 3636             (./generated-code/):00341 [11]    2080            PSHU D,X,Y
                      (./generated-code/):00342                 
A1DD 3502             (./generated-code/):00343 [6]     2086            PULS A
A1DF A746             (./generated-code/):00344 [5]     2091            STA 6,U
                      (./generated-code/):00345                 
A1E1 3576             (./generated-code/):00346 [13]    2104            PULS D,X,Y,U
A1E3 3636             (./generated-code/):00347 [11]    2115            PSHU D,X,Y
                      (./generated-code/):00348                 
A1E5 3502             (./generated-code/):00349 [6]     2121            PULS A
A1E7 A746             (./generated-code/):00350 [5]     2126            STA 6,U
                      (./generated-code/):00351                 
A1E9 3576             (./generated-code/):00352 [13]    2139            PULS D,X,Y,U
A1EB 3636             (./generated-code/):00353 [11]    2150            PSHU D,X,Y
                      (./generated-code/):00354                 
A1ED 3502             (./generated-code/):00355 [6]     2156            PULS A
A1EF A746             (./generated-code/):00356 [5]     2161            STA 6,U
                      (./generated-code/):00357                 
A1F1 3576             (./generated-code/):00358 [13]    2174            PULS D,X,Y,U
A1F3 3636             (./generated-code/):00359 [11]    2185            PSHU D,X,Y
                      (./generated-code/):00360                 
A1F5 3502             (./generated-code/):00361 [6]     2191            PULS A
A1F7 A746             (./generated-code/):00362 [5]     2196            STA 6,U
                      (./generated-code/):00363                 
A1F9 3576             (./generated-code/):00364 [13]    2209            PULS D,X,Y,U
A1FB 3636             (./generated-code/):00365 [11]    2220            PSHU D,X,Y
                      (./generated-code/):00366                 
A1FD 3502             (./generated-code/):00367 [6]     2226            PULS A
A1FF A746             (./generated-code/):00368 [5]     2231            STA 6,U
                      (./generated-code/):00369                 
A201 3576             (./generated-code/):00370 [13]    2244            PULS D,X,Y,U
A203 3636             (./generated-code/):00371 [11]    2255            PSHU D,X,Y
                      (./generated-code/):00372                 
A205 3502             (./generated-code/):00373 [6]     2261            PULS A
A207 A746             (./generated-code/):00374 [5]     2266            STA 6,U
                      (./generated-code/):00375                 
A209 3576             (./generated-code/):00376 [13]    2279            PULS D,X,Y,U
A20B 3636             (./generated-code/):00377 [11]    2290            PSHU D,X,Y
                      (./generated-code/):00378                 
A20D 3502             (./generated-code/):00379 [6]     2296            PULS A
A20F A746             (./generated-code/):00380 [5]     2301            STA 6,U
                      (./generated-code/):00381                 
A211 3576             (./generated-code/):00382 [13]    2314            PULS D,X,Y,U
A213 3636             (./generated-code/):00383 [11]    2325            PSHU D,X,Y
                      (./generated-code/):00384                 
A215 3502             (./generated-code/):00385 [6]     2331            PULS A
A217 A746             (./generated-code/):00386 [5]     2336            STA 6,U
                      (./generated-code/):00387                 
A219 3576             (./generated-code/):00388 [13]    2349            PULS D,X,Y,U
A21B 3636             (./generated-code/):00389 [11]    2360            PSHU D,X,Y
                      (./generated-code/):00390                 
A21D 3502             (./generated-code/):00391 [6]     2366            PULS A
A21F A746             (./generated-code/):00392 [5]     2371            STA 6,U
                      (./generated-code/):00393                 
A221 3572             (./generated-code/):00394 [12]    2383            PULS A,X,Y,U
A223 3632             (./generated-code/):00395 [10]    2393            PSHU A,X,Y
                      (./generated-code/):00396                 
A225 3576             (./generated-code/):00397 [13]    2406            PULS D,X,Y,U
A227 3636             (./generated-code/):00398 [11]    2417            PSHU D,X,Y
                      (./generated-code/):00399                 
A229 3506             (./generated-code/):00400 [7]     2424            PULS D
A22B EDC827           (./generated-code/):00401 [6]     2430            STD 39,U
                      (./generated-code/):00402                 
A22E 3576             (./generated-code/):00403 [13]    2443            PULS D,X,Y,U
A230 3636             (./generated-code/):00404 [11]    2454            PSHU D,X,Y
                      (./generated-code/):00405                 
A232 3576             (./generated-code/):00406 [13]    2467            PULS D,X,Y,U
A234 3636             (./generated-code/):00407 [11]    2478            PSHU D,X,Y
                      (./generated-code/):00408                 
A236 3502             (./generated-code/):00409 [6]     2484            PULS A
A238 A746             (./generated-code/):00410 [5]     2489            STA 6,U
                      (./generated-code/):00411                 
A23A 3576             (./generated-code/):00412 [13]    2502            PULS D,X,Y,U
A23C 3636             (./generated-code/):00413 [11]    2513            PSHU D,X,Y
                      (./generated-code/):00414                 
A23E 3576             (./generated-code/):00415 [13]    2526            PULS D,X,Y,U
A240 3636             (./generated-code/):00416 [11]    2537            PSHU D,X,Y
                      (./generated-code/):00417                 
A242 3576             (./generated-code/):00418 [13]    2550            PULS D,X,Y,U
A244 3636             (./generated-code/):00419 [11]    2561            PSHU D,X,Y
                      (./generated-code/):00420                 
A246 3572             (./generated-code/):00421 [12]    2573            PULS A,X,Y,U
A248 3632             (./generated-code/):00422 [10]    2583            PSHU A,X,Y
                      (./generated-code/):00423                 
A24A 3552             (./generated-code/):00424 [10]    2593            PULS A,X,U
A24C 3612             (./generated-code/):00425 [8]     2601            PSHU A,X
                      (./generated-code/):00426                 
A24E 3512             (./generated-code/):00427 [8]     2609            PULS A,X
A250 A75E             (./generated-code/):00428 [5]     2614            STA -2,U
A252 AFC8D8           (./generated-code/):00429 [6]     2620            STX -40,U
                      (./generated-code/):00430                 
A255 3546             (./generated-code/):00431 [9]     2629            PULS D,U
A257 EDC4             (./generated-code/):00432 [5]     2634            STD ,U
                      (./generated-code/):00433                 
A259 3552             (./generated-code/):00434 [10]    2644            PULS A,X,U
A25B 3612             (./generated-code/):00435 [8]     2652            PSHU A,X
                      (./generated-code/):00436                 
A25D 3506             (./generated-code/):00437 [7]     2659            PULS D
A25F EDC878           (./generated-code/):00438 [6]     2665            STD 120,U
                      (./generated-code/):00439                 
A262 3536             (./generated-code/):00440 [11]    2676            PULS A,B,X,Y
A264 A7C852           (./generated-code/):00441 [5]     2681            STA 82,U
A267 E7C82A           (./generated-code/):00442 [5]     2686            STB 42,U
A26A AFC828           (./generated-code/):00443 [6]     2692            STX 40,U
A26D 10AFC850         (./generated-code/):00444 [7]     2699            STY 80,U
                      (./generated-code/):00445                 
A271 3552             (./generated-code/):00446 [10]    2709            PULS A,X,U
A273 3612             (./generated-code/):00447 [8]     2717            PSHU A,X
                      (./generated-code/):00448                 
A275 3552             (./generated-code/):00449 [10]    2727            PULS A,X,U
A277 3612             (./generated-code/):00450 [8]     2735            PSHU A,X
                      (./generated-code/):00451                 
A279 3552             (./generated-code/):00452 [10]    2745            PULS A,X,U
A27B 3612             (./generated-code/):00453 [8]     2753            PSHU A,X
                      (./generated-code/):00454                 
A27D 3516             (./generated-code/):00455 [9]     2762            PULS D,X
A27F EDC8D9           (./generated-code/):00456 [6]     2768            STD -39,U
A282 AFC8D7           (./generated-code/):00457 [6]     2774            STX -41,U
                      (./generated-code/):00458                 
A285 3552             (./generated-code/):00459 [10]    2784            PULS A,X,U
A287 3612             (./generated-code/):00460 [8]     2792            PSHU A,X
                      (./generated-code/):00461                 
A289 3536             (./generated-code/):00462 [11]    2803            PULS D,X,Y
A28B EDC879           (./generated-code/):00463 [6]     2809            STD 121,U
A28E AFC877           (./generated-code/):00464 [6]     2815            STX 119,U
A291 10AFC84F         (./generated-code/):00465 [7]     2822            STY 79,U
                      (./generated-code/):00466                 
A295 3506             (./generated-code/):00467 [7]     2829            PULS D
A297 EDC827           (./generated-code/):00468 [6]     2835            STD 39,U
                      (./generated-code/):00469                 
A29A 3532             (./generated-code/):00470 [10]    2845            PULS A,X,Y
A29C A743             (./generated-code/):00471 [5]     2850            STA 3,U
A29E AFC829           (./generated-code/):00472 [6]     2856            STX 41,U
A2A1 10AFC851         (./generated-code/):00473 [7]     2863            STY 81,U
                      (./generated-code/):00474                 
A2A5 3556             (./generated-code/):00475 [11]    2874            PULS D,X,U
A2A7 3616             (./generated-code/):00476 [9]     2883            PSHU D,X
                      (./generated-code/):00477                 
A2A9 3556             (./generated-code/):00478 [11]    2894            PULS D,X,U
A2AB 3616             (./generated-code/):00479 [9]     2903            PSHU D,X
                      (./generated-code/):00480                 
A2AD 3556             (./generated-code/):00481 [11]    2914            PULS D,X,U
A2AF 3616             (./generated-code/):00482 [9]     2923            PSHU D,X
                      (./generated-code/):00483                 
A2B1 3512             (./generated-code/):00484 [8]     2931            PULS A,X
A2B3 A746             (./generated-code/):00485 [5]     2936            STA 6,U
A2B5 AF44             (./generated-code/):00486 [6]     2942            STX 4,U
                      (./generated-code/):00487                 
A2B7 3576             (./generated-code/):00488 [13]    2955            PULS D,X,Y,U
A2B9 3636             (./generated-code/):00489 [11]    2966            PSHU D,X,Y
                      (./generated-code/):00490                 
A2BB 3502             (./generated-code/):00491 [6]     2972            PULS A
A2BD A746             (./generated-code/):00492 [5]     2977            STA 6,U
                      (./generated-code/):00493                 
A2BF 3556             (./generated-code/):00494 [11]    2988            PULS D,X,U
A2C1 3616             (./generated-code/):00495 [9]     2997            PSHU D,X
                      (./generated-code/):00496                 
A2C3 3502             (./generated-code/):00497 [6]     3003            PULS A
A2C5 A744             (./generated-code/):00498 [5]     3008            STA 4,U
                      (./generated-code/):00499                 
A2C7 3572             (./generated-code/):00500 [12]    3020            PULS A,X,Y,U
A2C9 3632             (./generated-code/):00501 [10]    3030            PSHU A,X,Y
                      (./generated-code/):00502                 
A2CB 3506             (./generated-code/):00503 [7]     3037            PULS D
A2CD EDC827           (./generated-code/):00504 [6]     3043            STD 39,U
                      (./generated-code/):00505                 
A2D0 3572             (./generated-code/):00506 [12]    3055            PULS A,X,Y,U
A2D2 3632             (./generated-code/):00507 [10]    3065            PSHU A,X,Y
                      (./generated-code/):00508                 
A2D4 3572             (./generated-code/):00509 [12]    3077            PULS A,X,Y,U
A2D6 3632             (./generated-code/):00510 [10]    3087            PSHU A,X,Y
                      (./generated-code/):00511                 
A2D8 3572             (./generated-code/):00512 [12]    3099            PULS A,X,Y,U
A2DA 3632             (./generated-code/):00513 [10]    3109            PSHU A,X,Y
                      (./generated-code/):00514                 
A2DC 3552             (./generated-code/):00515 [10]    3119            PULS A,X,U
A2DE 3612             (./generated-code/):00516 [8]     3127            PSHU A,X
                      (./generated-code/):00517                 
A2E0 3556             (./generated-code/):00518 [11]    3138            PULS D,X,U
A2E2 3616             (./generated-code/):00519 [9]     3147            PSHU D,X
                      (./generated-code/):00520                 
A2E4 3506             (./generated-code/):00521 [7]     3154            PULS D
A2E6 EDC827           (./generated-code/):00522 [6]     3160            STD 39,U
                      (./generated-code/):00523                 
A2E9 3556             (./generated-code/):00524 [11]    3171            PULS D,X,U
A2EB 3616             (./generated-code/):00525 [9]     3180            PSHU D,X
                      (./generated-code/):00526                 
A2ED 3572             (./generated-code/):00527 [12]    3192            PULS A,X,Y,U
A2EF 3632             (./generated-code/):00528 [10]    3202            PSHU A,X,Y
                      (./generated-code/):00529                 
A2F1 3572             (./generated-code/):00530 [12]    3214            PULS A,X,Y,U
A2F3 3632             (./generated-code/):00531 [10]    3224            PSHU A,X,Y
                      (./generated-code/):00532                 
A2F5 3572             (./generated-code/):00533 [12]    3236            PULS A,X,Y,U
A2F7 3632             (./generated-code/):00534 [10]    3246            PSHU A,X,Y
                      (./generated-code/):00535                 
A2F9 3556             (./generated-code/):00536 [11]    3257            PULS D,X,U
A2FB 3616             (./generated-code/):00537 [9]     3266            PSHU D,X
                      (./generated-code/):00538                 
A2FD 3502             (./generated-code/):00539 [6]     3272            PULS A
A2FF A745             (./generated-code/):00540 [5]     3277            STA 5,U
                      (./generated-code/):00541                 
A301 3576             (./generated-code/):00542 [13]    3290            PULS D,X,Y,U
A303 3636             (./generated-code/):00543 [11]    3301            PSHU D,X,Y
                      (./generated-code/):00544                 
A305 3506             (./generated-code/):00545 [7]     3308            PULS D
A307 EDC826           (./generated-code/):00546 [6]     3314            STD 38,U
                      (./generated-code/):00547                 
A30A 3576             (./generated-code/):00548 [13]    3327            PULS D,X,Y,U
A30C 3636             (./generated-code/):00549 [11]    3338            PSHU D,X,Y
                      (./generated-code/):00550                 
A30E 3516             (./generated-code/):00551 [9]     3347            PULS D,X
A310 EDC828           (./generated-code/):00552 [6]     3353            STD 40,U
A313 AF46             (./generated-code/):00553 [6]     3359            STX 6,U
                      (./generated-code/):00554                 
A315 3576             (./generated-code/):00555 [13]    3372            PULS D,X,Y,U
A317 3636             (./generated-code/):00556 [11]    3383            PSHU D,X,Y
                      (./generated-code/):00557                 
A319 3506             (./generated-code/):00558 [7]     3390            PULS D
A31B ED46             (./generated-code/):00559 [6]     3396            STD 6,U
                      (./generated-code/):00560                 
A31D 3576             (./generated-code/):00561 [13]    3409            PULS D,X,Y,U
A31F 3636             (./generated-code/):00562 [11]    3420            PSHU D,X,Y
                      (./generated-code/):00563                 
A321 3502             (./generated-code/):00564 [6]     3426            PULS A
A323 A746             (./generated-code/):00565 [5]     3431            STA 6,U
                      (./generated-code/):00566                 
A325 3552             (./generated-code/):00567 [10]    3441            PULS A,X,U
A327 3612             (./generated-code/):00568 [8]     3449            PSHU A,X
                      (./generated-code/):00569                 
A329 3506             (./generated-code/):00570 [7]     3456            PULS D
A32B EDC822           (./generated-code/):00571 [6]     3462            STD 34,U
                      (./generated-code/):00572                 
A32E 3576             (./generated-code/):00573 [13]    3475            PULS D,X,Y,U
A330 3636             (./generated-code/):00574 [11]    3486            PSHU D,X,Y
                      (./generated-code/):00575                 
A332 3552             (./generated-code/):00576 [10]    3496            PULS A,X,U
A334 3612             (./generated-code/):00577 [8]     3504            PSHU A,X
                      (./generated-code/):00578                 
A336 3576             (./generated-code/):00579 [13]    3517            PULS D,X,Y,U
A338 3636             (./generated-code/):00580 [11]    3528            PSHU D,X,Y
                      (./generated-code/):00581                 
A33A 3552             (./generated-code/):00582 [10]    3538            PULS A,X,U
A33C 3612             (./generated-code/):00583 [8]     3546            PSHU A,X
                      (./generated-code/):00584                 
A33E 3576             (./generated-code/):00585 [13]    3559            PULS D,X,Y,U
A340 3636             (./generated-code/):00586 [11]    3570            PSHU D,X,Y
                      (./generated-code/):00587                 
A342 3576             (./generated-code/):00588 [13]    3583            PULS D,X,Y,U
A344 3636             (./generated-code/):00589 [11]    3594            PSHU D,X,Y
                      (./generated-code/):00590                 
A346 3506             (./generated-code/):00591 [7]     3601            PULS D
A348 ED46             (./generated-code/):00592 [6]     3607            STD 6,U
                      (./generated-code/):00593                 
A34A 3576             (./generated-code/):00594 [13]    3620            PULS D,X,Y,U
A34C 3636             (./generated-code/):00595 [11]    3631            PSHU D,X,Y
                      (./generated-code/):00596                 
A34E 3506             (./generated-code/):00597 [7]     3638            PULS D
A350 ED46             (./generated-code/):00598 [6]     3644            STD 6,U
                      (./generated-code/):00599                 
A352 3576             (./generated-code/):00600 [13]    3657            PULS D,X,Y,U
A354 3636             (./generated-code/):00601 [11]    3668            PSHU D,X,Y
                      (./generated-code/):00602                 
A356 3506             (./generated-code/):00603 [7]     3675            PULS D
A358 ED46             (./generated-code/):00604 [6]     3681            STD 6,U
                      (./generated-code/):00605                 
A35A 3576             (./generated-code/):00606 [13]    3694            PULS D,X,Y,U
A35C 3636             (./generated-code/):00607 [11]    3705            PSHU D,X,Y
                      (./generated-code/):00608                 
A35E 3502             (./generated-code/):00609 [6]     3711            PULS A
A360 A746             (./generated-code/):00610 [5]     3716            STA 6,U
                      (./generated-code/):00611                 
A362 3576             (./generated-code/):00612 [13]    3729            PULS D,X,Y,U
A364 3636             (./generated-code/):00613 [11]    3740            PSHU D,X,Y
                      (./generated-code/):00614                 
A366 3506             (./generated-code/):00615 [7]     3747            PULS D
A368 EDC826           (./generated-code/):00616 [6]     3753            STD 38,U
                      (./generated-code/):00617                 
A36B 3576             (./generated-code/):00618 [13]    3766            PULS D,X,Y,U
A36D 3636             (./generated-code/):00619 [11]    3777            PSHU D,X,Y
                      (./generated-code/):00620                 
A36F 3506             (./generated-code/):00621 [7]     3784            PULS D
A371 EDC826           (./generated-code/):00622 [6]     3790            STD 38,U
                      (./generated-code/):00623                 
A374 3576             (./generated-code/):00624 [13]    3803            PULS D,X,Y,U
A376 3636             (./generated-code/):00625 [11]    3814            PSHU D,X,Y
                      (./generated-code/):00626                 
A378 3506             (./generated-code/):00627 [7]     3821            PULS D
A37A EDC826           (./generated-code/):00628 [6]     3827            STD 38,U
                      (./generated-code/):00629                 
A37D 3576             (./generated-code/):00630 [13]    3840            PULS D,X,Y,U
A37F 3636             (./generated-code/):00631 [11]    3851            PSHU D,X,Y
                      (./generated-code/):00632                 
A381 3516             (./generated-code/):00633 [9]     3860            PULS D,X
A383 EDC828           (./generated-code/):00634 [6]     3866            STD 40,U
A386 AF46             (./generated-code/):00635 [6]     3872            STX 6,U
                      (./generated-code/):00636                 
A388 3576             (./generated-code/):00637 [13]    3885            PULS D,X,Y,U
A38A 3636             (./generated-code/):00638 [11]    3896            PSHU D,X,Y
                      (./generated-code/):00639                 
A38C 3506             (./generated-code/):00640 [7]     3903            PULS D
A38E ED46             (./generated-code/):00641 [6]     3909            STD 6,U
                      (./generated-code/):00642                 
A390 3552             (./generated-code/):00643 [10]    3919            PULS A,X,U
A392 3612             (./generated-code/):00644 [8]     3927            PSHU A,X
                      (./generated-code/):00645                 
A394 3576             (./generated-code/):00646 [13]    3940            PULS D,X,Y,U
A396 3636             (./generated-code/):00647 [11]    3951            PSHU D,X,Y
                      (./generated-code/):00648                 
A398 3552             (./generated-code/):00649 [10]    3961            PULS A,X,U
A39A 3612             (./generated-code/):00650 [8]     3969            PSHU A,X
                      (./generated-code/):00651                 
A39C 3576             (./generated-code/):00652 [13]    3982            PULS D,X,Y,U
A39E 3636             (./generated-code/):00653 [11]    3993            PSHU D,X,Y
                      (./generated-code/):00654                 
A3A0 3552             (./generated-code/):00655 [10]    4003            PULS A,X,U
A3A2 3612             (./generated-code/):00656 [8]     4011            PSHU A,X
                      (./generated-code/):00657                 
A3A4 3576             (./generated-code/):00658 [13]    4024            PULS D,X,Y,U
A3A6 3636             (./generated-code/):00659 [11]    4035            PSHU D,X,Y
                      (./generated-code/):00660                 
A3A8 3552             (./generated-code/):00661 [10]    4045            PULS A,X,U
A3AA 3612             (./generated-code/):00662 [8]     4053            PSHU A,X
                      (./generated-code/):00663                 
A3AC 3576             (./generated-code/):00664 [13]    4066            PULS D,X,Y,U
A3AE 3636             (./generated-code/):00665 [11]    4077            PSHU D,X,Y
                      (./generated-code/):00666                 
A3B0 3552             (./generated-code/):00667 [10]    4087            PULS A,X,U
A3B2 3612             (./generated-code/):00668 [8]     4095            PSHU A,X
                      (./generated-code/):00669                 
A3B4 3576             (./generated-code/):00670 [13]    4108            PULS D,X,Y,U
A3B6 3636             (./generated-code/):00671 [11]    4119            PSHU D,X,Y
                      (./generated-code/):00672                 
A3B8 3552             (./generated-code/):00673 [10]    4129            PULS A,X,U
A3BA 3612             (./generated-code/):00674 [8]     4137            PSHU A,X
                      (./generated-code/):00675                 
A3BC 3576             (./generated-code/):00676 [13]    4150            PULS D,X,Y,U
A3BE 3636             (./generated-code/):00677 [11]    4161            PSHU D,X,Y
                      (./generated-code/):00678                 
A3C0 3552             (./generated-code/):00679 [10]    4171            PULS A,X,U
A3C2 3612             (./generated-code/):00680 [8]     4179            PSHU A,X
                      (./generated-code/):00681                 
A3C4 3576             (./generated-code/):00682 [13]    4192            PULS D,X,Y,U
A3C6 3636             (./generated-code/):00683 [11]    4203            PSHU D,X,Y
                      (./generated-code/):00684                 
A3C8 3552             (./generated-code/):00685 [10]    4213            PULS A,X,U
A3CA 3612             (./generated-code/):00686 [8]     4221            PSHU A,X
                      (./generated-code/):00687                 
A3CC 3576             (./generated-code/):00688 [13]    4234            PULS D,X,Y,U
A3CE 3636             (./generated-code/):00689 [11]    4245            PSHU D,X,Y
                      (./generated-code/):00690                 
A3D0 3552             (./generated-code/):00691 [10]    4255            PULS A,X,U
A3D2 3612             (./generated-code/):00692 [8]     4263            PSHU A,X
                      (./generated-code/):00693                 
A3D4 3576             (./generated-code/):00694 [13]    4276            PULS D,X,Y,U
A3D6 3636             (./generated-code/):00695 [11]    4287            PSHU D,X,Y
                      (./generated-code/):00696                 
A3D8 3576             (./generated-code/):00697 [13]    4300            PULS D,X,Y,U
A3DA 3636             (./generated-code/):00698 [11]    4311            PSHU D,X,Y
                      (./generated-code/):00699                 
A3DC 3512             (./generated-code/):00700 [8]     4319            PULS A,X
A3DE A748             (./generated-code/):00701 [5]     4324            STA 8,U
A3E0 AF46             (./generated-code/):00702 [6]     4330            STX 6,U
                      (./generated-code/):00703                 
A3E2 3576             (./generated-code/):00704 [13]    4343            PULS D,X,Y,U
A3E4 3636             (./generated-code/):00705 [11]    4354            PSHU D,X,Y
                      (./generated-code/):00706                 
A3E6 3512             (./generated-code/):00707 [8]     4362            PULS A,X
A3E8 A748             (./generated-code/):00708 [5]     4367            STA 8,U
A3EA AF46             (./generated-code/):00709 [6]     4373            STX 6,U
                      (./generated-code/):00710                 
A3EC 3576             (./generated-code/):00711 [13]    4386            PULS D,X,Y,U
A3EE 3636             (./generated-code/):00712 [11]    4397            PSHU D,X,Y
                      (./generated-code/):00713                 
A3F0 3506             (./generated-code/):00714 [7]     4404            PULS D
A3F2 ED46             (./generated-code/):00715 [6]     4410            STD 6,U
                      (./generated-code/):00716                 
A3F4 3576             (./generated-code/):00717 [13]    4423            PULS D,X,Y,U
A3F6 3636             (./generated-code/):00718 [11]    4434            PSHU D,X,Y
                      (./generated-code/):00719                 
A3F8 3506             (./generated-code/):00720 [7]     4441            PULS D
A3FA ED46             (./generated-code/):00721 [6]     4447            STD 6,U
                      (./generated-code/):00722                 
A3FC 3576             (./generated-code/):00723 [13]    4460            PULS D,X,Y,U
A3FE 3636             (./generated-code/):00724 [11]    4471            PSHU D,X,Y
                      (./generated-code/):00725                 
A400 3506             (./generated-code/):00726 [7]     4478            PULS D
A402 ED46             (./generated-code/):00727 [6]     4484            STD 6,U
                      (./generated-code/):00728                 
A404 3576             (./generated-code/):00729 [13]    4497            PULS D,X,Y,U
A406 3636             (./generated-code/):00730 [11]    4508            PSHU D,X,Y
                      (./generated-code/):00731                 
A408 3572             (./generated-code/):00732 [12]    4520            PULS A,X,Y,U
A40A 3632             (./generated-code/):00733 [10]    4530            PSHU A,X,Y
                      (./generated-code/):00734                 
A40C 3512             (./generated-code/):00735 [8]     4538            PULS A,X
A40E A745             (./generated-code/):00736 [5]     4543            STA 5,U
A410 AFC826           (./generated-code/):00737 [6]     4549            STX 38,U
                      (./generated-code/):00738                 
A413 3572             (./generated-code/):00739 [12]    4561            PULS A,X,Y,U
A415 3632             (./generated-code/):00740 [10]    4571            PSHU A,X,Y
                      (./generated-code/):00741                 
A417 3506             (./generated-code/):00742 [7]     4578            PULS D
A419 EDC826           (./generated-code/):00743 [6]     4584            STD 38,U
                      (./generated-code/):00744                 
A41C 3576             (./generated-code/):00745 [13]    4597            PULS D,X,Y,U
A41E 3636             (./generated-code/):00746 [11]    4608            PSHU D,X,Y
                      (./generated-code/):00747                 
A420 3506             (./generated-code/):00748 [7]     4615            PULS D
A422 EDC827           (./generated-code/):00749 [6]     4621            STD 39,U
                      (./generated-code/):00750                 
A425 3576             (./generated-code/):00751 [13]    4634            PULS D,X,Y,U
A427 3636             (./generated-code/):00752 [11]    4645            PSHU D,X,Y
                      (./generated-code/):00753                 
A429 3576             (./generated-code/):00754 [13]    4658            PULS D,X,Y,U
A42B 3636             (./generated-code/):00755 [11]    4669            PSHU D,X,Y
                      (./generated-code/):00756                 
A42D 3576             (./generated-code/):00757 [13]    4682            PULS D,X,Y,U
A42F 3636             (./generated-code/):00758 [11]    4693            PSHU D,X,Y
                      (./generated-code/):00759                 
A431 3576             (./generated-code/):00760 [13]    4706            PULS D,X,Y,U
A433 3636             (./generated-code/):00761 [11]    4717            PSHU D,X,Y
                      (./generated-code/):00762                 
A435 3576             (./generated-code/):00763 [13]    4730            PULS D,X,Y,U
A437 3636             (./generated-code/):00764 [11]    4741            PSHU D,X,Y
                      (./generated-code/):00765                 
A439 3576             (./generated-code/):00766 [13]    4754            PULS D,X,Y,U
A43B 3636             (./generated-code/):00767 [11]    4765            PSHU D,X,Y
                      (./generated-code/):00768                 
A43D 3502             (./generated-code/):00769 [6]     4771            PULS A
A43F A746             (./generated-code/):00770 [5]     4776            STA 6,U
                      (./generated-code/):00771                 
A441 3576             (./generated-code/):00772 [13]    4789            PULS D,X,Y,U
A443 3636             (./generated-code/):00773 [11]    4800            PSHU D,X,Y
                      (./generated-code/):00774                 
A445 3502             (./generated-code/):00775 [6]     4806            PULS A
A447 A746             (./generated-code/):00776 [5]     4811            STA 6,U
                      (./generated-code/):00777                 
A449 3576             (./generated-code/):00778 [13]    4824            PULS D,X,Y,U
A44B 3636             (./generated-code/):00779 [11]    4835            PSHU D,X,Y
                      (./generated-code/):00780                 
A44D 3502             (./generated-code/):00781 [6]     4841            PULS A
A44F A746             (./generated-code/):00782 [5]     4846            STA 6,U
                      (./generated-code/):00783                 
A451 3572             (./generated-code/):00784 [12]    4858            PULS A,X,Y,U
A453 3632             (./generated-code/):00785 [10]    4868            PSHU A,X,Y
                      (./generated-code/):00786                 
A455 3576             (./generated-code/):00787 [13]    4881            PULS D,X,Y,U
A457 3636             (./generated-code/):00788 [11]    4892            PSHU D,X,Y
                      (./generated-code/):00789                 
A459 3506             (./generated-code/):00790 [7]     4899            PULS D
A45B EDC827           (./generated-code/):00791 [6]     4905            STD 39,U
                      (./generated-code/):00792                 
A45E 3576             (./generated-code/):00793 [13]    4918            PULS D,X,Y,U
A460 3636             (./generated-code/):00794 [11]    4929            PSHU D,X,Y
                      (./generated-code/):00795                 
A462 3576             (./generated-code/):00796 [13]    4942            PULS D,X,Y,U
A464 3636             (./generated-code/):00797 [11]    4953            PSHU D,X,Y
                      (./generated-code/):00798                 
A466 3576             (./generated-code/):00799 [13]    4966            PULS D,X,Y,U
A468 3636             (./generated-code/):00800 [11]    4977            PSHU D,X,Y
                      (./generated-code/):00801                 
A46A 3502             (./generated-code/):00802 [6]     4983            PULS A
A46C A746             (./generated-code/):00803 [5]     4988            STA 6,U
                      (./generated-code/):00804                 
A46E 3572             (./generated-code/):00805 [12]    5000            PULS A,X,Y,U
A470 3632             (./generated-code/):00806 [10]    5010            PSHU A,X,Y
                      (./generated-code/):00807                 
A472 3572             (./generated-code/):00808 [12]    5022            PULS A,X,Y,U
A474 3632             (./generated-code/):00809 [10]    5032            PSHU A,X,Y
                      (./generated-code/):00810                 
A476 3506             (./generated-code/):00811 [7]     5039            PULS D
A478 EDC826           (./generated-code/):00812 [6]     5045            STD 38,U
                      (./generated-code/):00813                 
A47B 3572             (./generated-code/):00814 [12]    5057            PULS A,X,Y,U
A47D 3632             (./generated-code/):00815 [10]    5067            PSHU A,X,Y
                      (./generated-code/):00816                 
A47F 3506             (./generated-code/):00817 [7]     5074            PULS D
A481 EDC826           (./generated-code/):00818 [6]     5080            STD 38,U
                      (./generated-code/):00819                 
A484 3556             (./generated-code/):00820 [11]    5091            PULS D,X,U
A486 3616             (./generated-code/):00821 [9]     5100            PSHU D,X
                      (./generated-code/):00822                 
A488 3512             (./generated-code/):00823 [8]     5108            PULS A,X
A48A A744             (./generated-code/):00824 [5]     5113            STA 4,U
A48C AFC826           (./generated-code/):00825 [6]     5119            STX 38,U
                      (./generated-code/):00826                 
A48F 3572             (./generated-code/):00827 [12]    5131            PULS A,X,Y,U
A491 3632             (./generated-code/):00828 [10]    5141            PSHU A,X,Y
                      (./generated-code/):00829                 
A493 3506             (./generated-code/):00830 [7]     5148            PULS D
A495 EDC827           (./generated-code/):00831 [6]     5154            STD 39,U
                      (./generated-code/):00832                 
A498 3556             (./generated-code/):00833 [11]    5165            PULS D,X,U
A49A 3616             (./generated-code/):00834 [9]     5174            PSHU D,X
                      (./generated-code/):00835                 
A49C 3552             (./generated-code/):00836 [10]    5184            PULS A,X,U
A49E 3612             (./generated-code/):00837 [8]     5192            PSHU A,X
                      (./generated-code/):00838                 
A4A0 3506             (./generated-code/):00839 [7]     5199            PULS D
A4A2 EDC8D9           (./generated-code/):00840 [6]     5205            STD -39,U
                      (./generated-code/):00841                 
A4A5 33E4             (./generated-code/):00842 [4]     5209            LEAU ,S
A4A7 10FE9FFE         (./generated-code/):00843 [7]     5216            LDS glb_register_s
A4AB 39               (./generated-code/):00844 [5]     5221            RTS
                      (./generated-code/):00845                 
     0589             (./generated-code/):00846                 DataSize equ $0589
