                      (./generated-code/):00001                 INCLUDE "./engine/constants.asm"
                      (./engine/constant):00001         * ---------------------------------------------------------------------------
                      (./engine/constant):00002         * Constants
                      (./engine/constant):00003         *
                      (./engine/constant):00004         * Naming convention
                      (./engine/constant):00005         * -----------------
                      (./engine/constant):00006         * - lower case
                      (./engine/constant):00007         * - underscore-separated names
                      (./engine/constant):00008         *
                      (./engine/constant):00009         * ---------------------------------------------------------------------------
                      (./engine/constant):00010         
                      (./engine/constant):00011          ifndef CONSTANTS_ASM
     0001             (./engine/constant):00012         CONSTANTS_ASM equ 1
                      (./engine/constant):00013         
                      (./engine/constant):00014         * ===========================================================================
                      (./engine/constant):00015         * TO8 Registers
                      (./engine/constant):00016         * ===========================================================================
                      (./engine/constant):00017         
                      (./engine/constant):00018         ; Disk routine registers (ROM)
                      (./engine/constant):00019         
     6049             (./engine/constant):00020         dk_drive                      equ $6049
     604A             (./engine/constant):00021         dk_track                      equ $604A
     604B             (./engine/constant):00022         dk_track_lsb                  equ $604B
     604C             (./engine/constant):00023         dk_sector                     equ $604C
     604F             (./engine/constant):00024         dk_write_location             equ $604F
                      (./engine/constant):00025         
                      (./engine/constant):00026         * ===========================================================================
                      (./engine/constant):00027         * Globals
                      (./engine/constant):00028         * ===========================================================================
                      (./engine/constant):00029         
                      (./engine/constant):00030         ; compilated sprite
     9FFE             (./engine/constant):00031         glb_register_s                equ $9FFE  ; reverved space to store S from ROM routines
                      (./engine/constant):00032         
                      (./engine/constant):00033         ; DrawSprites
     9FFC             (./engine/constant):00034         glb_screen_location_1         equ $9FFC  ; start address for rendering of current sprite Part1     
     9FFA             (./engine/constant):00035         glb_screen_location_2         equ $9FFA  ; start address for rendering of current sprite Part2 (Must follow Part1)
                      (./engine/constant):00036         
                      (./engine/constant):00037         ; CheckSpritesRefresh
     9FF9             (./engine/constant):00038         glb_cur_priority              equ $9FF9
     9FF7             (./engine/constant):00039         glb_cur_ptr_sub_obj_erase     equ $9FF7
     9FF5             (./engine/constant):00040         glb_cur_ptr_sub_obj_draw      equ $9FF5
                      (./engine/constant):00041         
     9FF3             (./engine/constant):00042         glb_camera_x_pos              equ $9FF3 ; camera x position in palyfield coordinates
     9FF1             (./engine/constant):00043         glb_camera_y_pos              equ $9FF1 ; camera y position in palyfield coordinates
     9FEF             (./engine/constant):00044         glb_camera_x_min_pos          equ $9FEF
     9FED             (./engine/constant):00045         glb_camera_y_min_pos          equ $9FED
     9FEB             (./engine/constant):00046         glb_camera_x_max_pos          equ $9FEB
     9FE9             (./engine/constant):00047         glb_camera_y_max_pos          equ $9FE9
     9FE8             (./engine/constant):00048         glb_camera_x_offset           equ $9FE8
     9FE7             (./engine/constant):00049         glb_camera_y_offset           equ $9FE7 
     9FE6             (./engine/constant):00050         glb_force_sprite_refresh      equ $9FE6
     9FE5             (./engine/constant):00051         glb_camera_move               equ $9FE5
     9FE4             (./engine/constant):00052         glb_alphaTiles                equ $9FE4
     9FE3             (./engine/constant):00053         glb_timer_second              equ $9FE3
     9FE2             (./engine/constant):00054         glb_timer_minute              equ $9FE2
     9FE2             (./engine/constant):00055         glb_timer                     equ $9FE2 
     9FE1             (./engine/constant):00056         glb_timer_frame               equ $9FE1
                      (./engine/constant):00057         
                      (./engine/constant):00058         ; BankSwitch
     9FE0             (./engine/constant):00059         glb_Page                      equ $9FE0
     9FB0             (./engine/constant):00060         dp_engine                     equ $9FB0 ; engine and user routines tmp var space
     9F00             (./engine/constant):00061         dp                            equ $9F00 ; free user tmp var space
     9F00             (./engine/constant):00062         glb_system_stack              equ $9F00
                      (./engine/constant):00063         
                      (./engine/constant):00064         * ===========================================================================
                      (./engine/constant):00065         * Display Constants
                      (./engine/constant):00066         * ===========================================================================
                      (./engine/constant):00067         
     00A0             (./engine/constant):00068         screen_width                  equ 160    ; in pixel
     001C             (./engine/constant):00069         screen_top                    equ 28     ; in pixel
     00E3             (./engine/constant):00070         screen_bottom                 equ 28+199 ; in pixel
     0030             (./engine/constant):00071         screen_left                   equ 48     ; in pixel
     00CF             (./engine/constant):00072         screen_right                  equ 48+159 ; in pixel
     0008             (./engine/constant):00073         nb_priority_levels            equ 8      ; number of priority levels (need code change if modified)
                      (./engine/constant):00074         
                      (./engine/constant):00075         * ===========================================================================
                      (./engine/constant):00076         * Images Constants
                      (./engine/constant):00077         * ===========================================================================
                      (./engine/constant):00078         
     0004             (./engine/constant):00079         image_x_size                  equ 4
     0005             (./engine/constant):00080         image_y_size                  equ 5
     0006             (./engine/constant):00081         image_center_offset           equ 6
                      (./engine/constant):00082         
     0004             (./engine/constant):00083         image_subset_x1_offset        equ 4
     0005             (./engine/constant):00084         image_subset_y1_offset        equ 5
                      (./engine/constant):00085         
     0000             (./engine/constant):00086         page_draw_routine             equ 0
     0001             (./engine/constant):00087         draw_routine                  equ 1
     0003             (./engine/constant):00088         page_erase_routine            equ 3
     0004             (./engine/constant):00089         erase_routine                 equ 4
     0006             (./engine/constant):00090         erase_nb_cell                 equ 6
                      (./engine/constant):00091         
                      (./engine/constant):00092         * ===========================================================================
                      (./engine/constant):00093         * Sound Constants
                      (./engine/constant):00094         * ===========================================================================
                      (./engine/constant):00095         
     0000             (./engine/constant):00096         sound_page        equ 0
     0001             (./engine/constant):00097         sound_start_addr  equ 1
     0003             (./engine/constant):00098         sound_end_addr    equ 3
     0005             (./engine/constant):00099         sound_meta_size   equ 5
                      (./engine/constant):00100         
                      (./engine/constant):00101         * ===========================================================================
                      (./engine/constant):00102         * Object Constants
                      (./engine/constant):00103         * ===========================================================================
                      (./engine/constant):00104         
                      (./engine/constant):00105         ; ext_variables_size should be declared in game source code
                      (./engine/constant):00106         
     0022             (./engine/constant):00107         object_base_size              equ 34  ; the size of an object without ext_vars - DEPENDENCY ClearObj routine
     003B             (./engine/constant):00108         object_rsvd_size              equ 59  ; the size of an object without ext_vars - DEPENDENCY ClearObj routine
     ????             (./engine/constant):00109         object_rsvd                   equ object_base_size+ext_variables_size
     ????             (./engine/constant):00110         object_size                   equ object_base_size+ext_variables_size+object_rsvd_size ; the size of a dynamic object
     ????             (./engine/constant):00111         next_object                   equ object_size
     0022             (./engine/constant):00112         ext_variables                 equ object_base_size ; start of reserved space for additionnal variables
                      (./engine/constant):00113         
     0000             (./engine/constant):00114         id                            equ 0           ; reference to object model id (ObjID_) (0: free slot)
     0001             (./engine/constant):00115         subtype                       equ 1           ; reference to object subtype (Sub_) DEPENDENCY subtype must follow id
     0002             (./engine/constant):00116         render_flags                  equ 2
                      (./engine/constant):00117         
                      (./engine/constant):00118         ; bit 7 = onscreen flag, bit 0 = x mirror, bit 1 = y mirror, bit 2 = coordinate system, bit 6 = render subobjects
                      (./engine/constant):00119         
                      (./engine/constant):00120         * --- render_flags bitfield variables ---
     0001             (./engine/constant):00121         render_xmirror_mask           equ $01 ; (bit 0) DEPENDENCY should be bit 0 - tell display engine to mirror sprite on horizontal axis
     0002             (./engine/constant):00122         render_ymirror_mask           equ $02 ; (bit 1) DEPENDENCY should be bit 1 - tell display engine to mirror sprite on vertical axis
     0004             (./engine/constant):00123         render_overlay_mask           equ $04 ; (bit 2) DEPENDENCY should be bit 2 - compilated sprite with no background save
     0008             (./engine/constant):00124         render_playfieldcoord_mask    equ $08 ; (bit 3) tell display engine to use playfield (1) or screen (0) coordinates
     0010             (./engine/constant):00125         render_xloop_mask             equ $10 ; (bit 4) (in screen coordinate) tell display engine to hide sprite when x is out of screen (0) or to display (1)  
     0020             (./engine/constant):00126         render_todelete_mask          equ $20 ; (bit 5) tell display engine to delete sprite and clear OST for this object
     0040             (./engine/constant):00127         render_subobjects             equ $40 ; (bit 6) tell display engine to render subobjects for this object
     0080             (./engine/constant):00128         render_hide_mask              equ $80 ; (bit 7) tell display engine to hide sprite (keep priority and mapping_frame)
                      (./engine/constant):00129         
     0003             (./engine/constant):00130         priority                      equ 3           ; display priority (0: nothing to display, 1:front, ..., 8:back)
     0004             (./engine/constant):00131         anim                          equ 4  ; and 5  ; reference to current animation (Ani_)
     0006             (./engine/constant):00132         prev_anim                     equ 6  ; and 7  ; reference to previous animation (Ani_)
     0008             (./engine/constant):00133         anim_frame                    equ 8           ; index of current frame in animation
     0009             (./engine/constant):00134         anim_frame_duration           equ 9           ; number of frames for each image in animation, range: 00-7F (0-127), 0 means display only during one frame
     000A             (./engine/constant):00135         anim_flags                    equ 10          ; byte offset to reference an anim_flags LUT (adv) / store a link flag (non adv)
                      (./engine/constant):00136         
                      (./engine/constant):00137         * --- anim_flags bitfield variables ---
     0001             (./engine/constant):00138         anim_link_mask                equ $01 ; (bit 0) if set, allow the load of a new animation without reseting anim_frame and anim_frame_duration
                      (./engine/constant):00139         
     000B             (./engine/constant):00140         status_flags                  equ 11          ; orientation of sprite, is applied to animation xmirror flag during AnimateSprite
                      (./engine/constant):00141         
                      (./engine/constant):00142         * --- status_flags bitfield variables ---
     0001             (./engine/constant):00143         status_xflip_mask             equ $01 ; (bit 0) X Flip
     0002             (./engine/constant):00144         status_yflip_mask             equ $02 ; (bit 1) Y Flip
                      (./engine/constant):00145         
     000C             (./engine/constant):00146         image_set                     equ 12 ; and 13 ; reference to current image (Img_) (0000 if no image)
     000E             (./engine/constant):00147         x_pos                         equ 14 ; and 15 ; x playfield coordinate
     0010             (./engine/constant):00148         x_sub                         equ 16          ; x subpixel (1/256 of a pixel), must follow x_pos in data structure
     0011             (./engine/constant):00149         y_pos                         equ 17 ; and 18 ; y playfield coordinate
     0013             (./engine/constant):00150         y_sub                         equ 19          ; y subpixel (1/256 of a pixel), must follow y_pos in data structure
     0014             (./engine/constant):00151         xy_pixel                      equ 20          ; x and y screen coordinate
     0014             (./engine/constant):00152         x_pixel                       equ 20          ; x screen coordinate
     0015             (./engine/constant):00153         y_pixel                       equ 21          ; y screen coordinate, must follow x_pixel
     0016             (./engine/constant):00154         x_vel                         equ 22 ; and 23 ; horizontal velocity
     0018             (./engine/constant):00155         y_vel                         equ 24 ; and 25 ; vertical velocity
     001A             (./engine/constant):00156         x_acl                         equ 26 ; and 27 ; horizontal gravity
     001C             (./engine/constant):00157         y_acl                         equ 28 ; and 29 ; vertical gravity
     001E             (./engine/constant):00158         routine                       equ 30          ; index of current object routine
     001F             (./engine/constant):00159         routine_secondary             equ 31          ; index of current secondary routine
     0020             (./engine/constant):00160         routine_tertiary              equ 32          ; index of current tertiary routine
     0021             (./engine/constant):00161         routine_quaternary            equ 33          ; index of current quaternary routine
                      (./engine/constant):00162         
                      (./engine/constant):00163         * ---------------------------------------------------------------------------
                      (./engine/constant):00164         * reserved variables (read/write by engine)
                      (./engine/constant):00165         
     ????             (./engine/constant):00166         rsv_render_flags              equ object_rsvd
                      (./engine/constant):00167         
                      (./engine/constant):00168         * --- rsv_render_flags bitfield variables ---
     0001             (./engine/constant):00169         rsv_render_checkrefresh_mask  equ $01 ; (bit 0) if erasesprite and display sprite flag are processed for this frame
     0002             (./engine/constant):00170         rsv_render_erasesprite_mask   equ $02 ; (bit 1) if a sprite need to be cleared on screen
     0004             (./engine/constant):00171         rsv_render_displaysprite_mask equ $04 ; (bit 2) if a sprite need to be rendered on screen
     0008             (./engine/constant):00172         rsv_render_outofrange_mask    equ $08 ; (bit 3) if a sprite is out of range for full rendering in screen
     0080             (./engine/constant):00173         rsv_render_onscreen_mask      equ $80 ; (bit 7) DEPENDENCY should be bit 7 - has been rendered on last screen buffer (may be 0 or 1)
                      (./engine/constant):00174         
     ????             (./engine/constant):00175         rsv_prev_anim                 equ object_rsvd+1 ; and +2 ; reference to previous animation (Ani_) w * UTILE ?
     ????             (./engine/constant):00176         rsv_image_center_offset       equ object_rsvd+3 ; 0 or 1 offset that indicate if image center is even or odd (DRS_XYToAddress)
     ????             (./engine/constant):00177         rsv_image_subset              equ object_rsvd+4 ; and +5 ; reference to current image regarding mirror flags w
     ????             (./engine/constant):00178         rsv_mapping_frame             equ object_rsvd+6 ; and +7 ; reference to current image regarding mirror flags, overlay flag and x precision w
     ????             (./engine/constant):00179         rsv_erase_nb_cell             equ object_rsvd+8 ; b 
     ????             (./engine/constant):00180         rsv_page_draw_routine         equ object_rsvd+9 ; b
     ????             (./engine/constant):00181         rsv_draw_routine              equ object_rsvd+10 ; and +11 ; w
     ????             (./engine/constant):00182         rsv_page_erase_routine        equ object_rsvd+12 ; b
     ????             (./engine/constant):00183         rsv_erase_routine             equ object_rsvd+13 ; and +14 ; w 
     ????             (./engine/constant):00184         rsv_xy1_pixel                 equ object_rsvd+15 ;
     ????             (./engine/constant):00185         rsv_x1_pixel                  equ object_rsvd+15 ; x+x_offset-(x_size/2) screen coordinate
     ????             (./engine/constant):00186         rsv_y1_pixel                  equ object_rsvd+16 ; y+y_offset-(y_size/2) screen coordinate, must follow rsv_x1_pixel
     ????             (./engine/constant):00187         rsv_xy2_pixel                 equ object_rsvd+17 ;
     ????             (./engine/constant):00188         rsv_x2_pixel                  equ object_rsvd+17 ; x+x_offset+(x_size/2) screen coordinate
     ????             (./engine/constant):00189         rsv_y2_pixel                  equ object_rsvd+18 ; y+y_offset+(y_size/2) screen coordinate, must follow rsv_x2_pixel
                      (./engine/constant):00190         
                      (./engine/constant):00191         * ---------------------------------------------------------------------------
                      (./engine/constant):00192         * reserved variables (engine) - buffer specific
                      (./engine/constant):00193         
     ????             (./engine/constant):00194         rsv_buffer_0                  equ object_rsvd+19 ; Start index of buffer 0 variables
     ????             (./engine/constant):00195         rsv_priority_0                equ object_rsvd+19 ; internal value that hold priority in video buffer 0
     ????             (./engine/constant):00196         rsv_priority_prev_obj_0       equ object_rsvd+20 ; and +21 ; previous object (OST address) in display priority list for video buffer 0 (0000 if none) w
     ????             (./engine/constant):00197         rsv_priority_next_obj_0       equ object_rsvd+22 ; and +23 ; next object (OST address) in display priority list for video buffer 0 (0000 if none) w
     ????             (./engine/constant):00198         rsv_prev_mapping_frame_0      equ object_rsvd+24 ; and object_rsvd+25 ; reference to previous image in video buffer 0 w
     ????             (./engine/constant):00199         rsv_prev_erase_nb_cell_0      equ object_rsvd+26 : b
     ????             (./engine/constant):00200         rsv_prev_page_erase_routine_0 equ object_rsvd+27 ; b
     ????             (./engine/constant):00201         rsv_prev_erase_routine_0      equ object_rsvd+28 ; and object_rsvd+29 ; w
     ????             (./engine/constant):00202         rsv_bgdata_0                  equ object_rsvd+30 ; and +31 ; address of background data in screen 0 w
     ????             (./engine/constant):00203         rsv_prev_xy_pixel_0           equ object_rsvd+32 ;
     ????             (./engine/constant):00204         rsv_prev_x_pixel_0            equ object_rsvd+32 ; previous x screen coordinate b
     ????             (./engine/constant):00205         rsv_prev_y_pixel_0            equ object_rsvd+33 ; previous y screen coordinate b, must follow x_pixel
     ????             (./engine/constant):00206         rsv_prev_xy1_pixel_0          equ object_rsvd+34 ;
     ????             (./engine/constant):00207         rsv_prev_x1_pixel_0           equ object_rsvd+34 ; previous x+x_offset-(x_size/2) screen coordinate b
     ????             (./engine/constant):00208         rsv_prev_y1_pixel_0           equ object_rsvd+35 ; previous y+y_offset-(y_size/2) screen coordinate b, must follow x1_pixel
     ????             (./engine/constant):00209         rsv_prev_xy2_pixel_0          equ object_rsvd+36 ;
     ????             (./engine/constant):00210         rsv_prev_x2_pixel_0           equ object_rsvd+36 ; previous x+x_offset+(x_size/2) screen coordinate b
     ????             (./engine/constant):00211         rsv_prev_y2_pixel_0           equ object_rsvd+37 ; previous y+y_offset+(y_size/2) screen coordinate b, must follow x2_pixel
     ????             (./engine/constant):00212         rsv_prev_render_flags_0       equ object_rsvd+38 ;
                      (./engine/constant):00213         * --- rsv_prev_render_flags_0 bitfield variables ---
     0001             (./engine/constant):00214         rsv_prev_render_overlay_mask  equ $01 ; (bit 0) if a sprite has been rendered with compilated sprite and no background save on screen buffer 0/1
     0080             (./engine/constant):00215         rsv_prev_render_onscreen_mask equ $80 ; (bit 7) DEPENDENCY should be bit 7 - has been rendered on screen buffer 0/1
                      (./engine/constant):00216         
     ????             (./engine/constant):00217         rsv_buffer_1                  equ object_rsvd+39 ; Start index of buffer 1 variables
     ????             (./engine/constant):00218         rsv_priority_1                equ object_rsvd+39 ; internal value that hold priority in video buffer 1
     ????             (./engine/constant):00219         rsv_priority_prev_obj_1       equ object_rsvd+40 ; and +41 ; previous object (OST address) in display priority list for video buffer 1 (0000 if none) w
     ????             (./engine/constant):00220         rsv_priority_next_obj_1       equ object_rsvd+42 ; and +43 ; next object (OST address) in display priority list for video buffer 1 (0000 if none) w
     ????             (./engine/constant):00221         rsv_prev_mapping_frame_1      equ object_rsvd+44 ; and +45 ; reference to previous image in video buffer 1 w
     ????             (./engine/constant):00222         rsv_prev_erase_nb_cell_1      equ object_rsvd+46 ; b
     ????             (./engine/constant):00223         rsv_prev_page_erase_routine_1 equ object_rsvd+47 ; b
     ????             (./engine/constant):00224         rsv_prev_erase_routine_1      equ object_rsvd+48 ; and +49 ; w
     ????             (./engine/constant):00225         rsv_bgdata_1                  equ object_rsvd+50 ; and +51 ; address of background data in screen 1 w
     ????             (./engine/constant):00226         rsv_prev_xy_pixel_1           equ object_rsvd+52 ;
     ????             (./engine/constant):00227         rsv_prev_x_pixel_1            equ object_rsvd+52 ; previous x screen coordinate b
     ????             (./engine/constant):00228         rsv_prev_y_pixel_1            equ object_rsvd+53 ; previous y screen coordinate b, must follow x_pixel
     ????             (./engine/constant):00229         rsv_prev_xy1_pixel_1          equ object_rsvd+54 ;
     ????             (./engine/constant):00230         rsv_prev_x1_pixel_1           equ object_rsvd+54 ; previous x+x_size screen coordinate b
     ????             (./engine/constant):00231         rsv_prev_y1_pixel_1           equ object_rsvd+55 ; previous y+y_size screen coordinate b, must follow x_pixel
     ????             (./engine/constant):00232         rsv_prev_xy2_pixel_1          equ object_rsvd+56 ;
     ????             (./engine/constant):00233         rsv_prev_x2_pixel_1           equ object_rsvd+56 ; previous x+x_size screen coordinate b
     ????             (./engine/constant):00234         rsv_prev_y2_pixel_1           equ object_rsvd+57 ; previous y+y_size screen coordinate b, must follow x_pixel
     ????             (./engine/constant):00235         rsv_prev_render_flags_1       equ object_rsvd+58 ;
                      (./engine/constant):00236         
     0000             (./engine/constant):00237         buf_priority                  equ 0  ; offset for each rsv_buffer variables
     0001             (./engine/constant):00238         buf_priority_prev_obj         equ 1  ;
     0003             (./engine/constant):00239         buf_priority_next_obj         equ 3  ;
     0005             (./engine/constant):00240         buf_prev_mapping_frame        equ 5  ;
     0007             (./engine/constant):00241         buf_erase_nb_cell             equ 7  ;
     0008             (./engine/constant):00242         buf_page_erase_routine        equ 8 ;
     0009             (./engine/constant):00243         buf_erase_routine             equ 9 ;
     000B             (./engine/constant):00244         buf_bgdata                    equ 11 ;
     000D             (./engine/constant):00245         buf_prev_xy_pixel             equ 13 ;
     000D             (./engine/constant):00246         buf_prev_x_pixel              equ 13 ;
     000E             (./engine/constant):00247         buf_prev_y_pixel              equ 14 ;
     000F             (./engine/constant):00248         buf_prev_xy1_pixel            equ 15 ;
     000F             (./engine/constant):00249         buf_prev_x1_pixel             equ 15 ;
     0010             (./engine/constant):00250         buf_prev_y1_pixel             equ 16 ;
     0011             (./engine/constant):00251         buf_prev_xy2_pixel            equ 17 ;
     0011             (./engine/constant):00252         buf_prev_x2_pixel             equ 17 ;
     0012             (./engine/constant):00253         buf_prev_y2_pixel             equ 18 ;
     0013             (./engine/constant):00254         buf_prev_render_flags         equ 19 ;
                      (./engine/constant):00255         
                      (./engine/constant):00256          endc
                      (./generated-code/):00002                 ORG $A000
     FF               (./generated-code/):00003                 SETDP $FF
                      (./generated-code/):00004                 OPT C,CT
A000                  (./generated-code/):00005                 DRAW_Img_0064_0
A000 33C90A1F         (./generated-code/):00006 [8]     8               LEAU 2591,U
                      (./generated-code/):00007                 
A004 A6C865           (./generated-code/):00008 [5]     13              LDA 101,U
A007 84F0             (./generated-code/):00009 [2]     15              ANDA #$F0
A009 8A00             (./generated-code/):00010 [2]     17              ORA #$00
A00B A7C865           (./generated-code/):00011 [5]     22              STA 101,U
A00E A6C84C           (./generated-code/):00012 [5]     27              LDA 76,U
A011 84F0             (./generated-code/):00013 [2]     29              ANDA #$F0
A013 8A00             (./generated-code/):00014 [2]     31              ORA #$00
A015 A7C84C           (./generated-code/):00015 [5]     36              STA 76,U
A018 A6C824           (./generated-code/):00016 [5]     41              LDA 36,U
A01B 84F0             (./generated-code/):00017 [2]     43              ANDA #$F0
A01D 8A00             (./generated-code/):00018 [2]     45              ORA #$00
A01F A7C824           (./generated-code/):00019 [5]     50              STA 36,U
A022 A65C             (./generated-code/):00020 [5]     55              LDA -4,U
A024 84F0             (./generated-code/):00021 [2]     57              ANDA #$F0
A026 8A00             (./generated-code/):00022 [2]     59              ORA #$00
A028 A75C             (./generated-code/):00023 [5]     64              STA -4,U
A02A A6C8C4           (./generated-code/):00024 [5]     69              LDA -60,U
A02D 84F0             (./generated-code/):00025 [2]     71              ANDA #$F0
A02F 8A00             (./generated-code/):00026 [2]     73              ORA #$00
A031 A7C8C4           (./generated-code/):00027 [5]     78              STA -60,U
A034 A6C89C           (./generated-code/):00028 [5]     83              LDA -100,U
A037 840F             (./generated-code/):00029 [2]     85              ANDA #$0F
A039 8A00             (./generated-code/):00030 [2]     87              ORA #$00
A03B A7C89C           (./generated-code/):00031 [5]     92              STA -100,U
A03E 8600             (./generated-code/):00032 [2]     94              LDA #$00
A040 A7C83D           (./generated-code/):00033 [5]     99              STA 61,U
A043 A7C815           (./generated-code/):00034 [5]     104             STA 21,U
A046 A7C8AD           (./generated-code/):00035 [5]     109             STA -83,U
A049 ECC8D4           (./generated-code/):00036 [6]     115             LDD -44,U
A04C 840F             (./generated-code/):00037 [2]     117             ANDA #$0F
A04E C40F             (./generated-code/):00038 [2]     119             ANDB #$0F
A050 C30000           (./generated-code/):00039 [4]     123             ADDD #$0000
A053 EDC8D4           (./generated-code/):00040 [6]     129             STD -44,U
A056 33C9FEAA         (./generated-code/):00041 [8]     137             LEAU -342,U
                      (./generated-code/):00042                 
A05A 8611             (./generated-code/):00043 [2]     139             LDA #$11
A05C A7C815           (./generated-code/):00044 [5]     144             STA 21,U
A05F A7C812           (./generated-code/):00045 [5]     149             STA 18,U
A062 A743             (./generated-code/):00046 [5]     154             STA 3,U
A064 A7C4             (./generated-code/):00047 [4]     158             STA ,U
A066 A7C8C6           (./generated-code/):00048 [5]     163             STA -58,U
A069 A7C8AF           (./generated-code/):00049 [5]     168             STA -81,U
A06C A7C89E           (./generated-code/):00050 [5]     173             STA -98,U
A06F A7C887           (./generated-code/):00051 [5]     178             STA -121,U
A072 A6C879           (./generated-code/):00052 [5]     183             LDA 121,U
A075 840F             (./generated-code/):00053 [2]     185             ANDA #$0F
A077 8A10             (./generated-code/):00054 [2]     187             ORA #$10
A079 A7C879           (./generated-code/):00055 [5]     192             STA 121,U
A07C A6C83D           (./generated-code/):00056 [5]     197             LDA 61,U
A07F 840F             (./generated-code/):00057 [2]     199             ANDA #$0F
A081 8A10             (./generated-code/):00058 [2]     201             ORA #$10
A083 A7C83D           (./generated-code/):00059 [5]     206             STA 61,U
A086 A6C83A           (./generated-code/):00060 [5]     211             LDA 58,U
A089 840F             (./generated-code/):00061 [2]     213             ANDA #$0F
A08B 8A10             (./generated-code/):00062 [2]     215             ORA #$10
A08D A7C83A           (./generated-code/):00063 [5]     220             STA 58,U
A090 A6C82B           (./generated-code/):00064 [5]     225             LDA 43,U
A093 84F0             (./generated-code/):00065 [2]     227             ANDA #$F0
A095 8A01             (./generated-code/):00066 [2]     229             ORA #$01
A097 A7C82B           (./generated-code/):00067 [5]     234             STA 43,U
A09A A6C828           (./generated-code/):00068 [5]     239             LDA 40,U
A09D 84F0             (./generated-code/):00069 [2]     241             ANDA #$F0
A09F 8A01             (./generated-code/):00070 [2]     243             ORA #$01
A0A1 A7C828           (./generated-code/):00071 [5]     248             STA 40,U
A0A4 A6C8ED           (./generated-code/):00072 [5]     253             LDA -19,U
A0A7 84F0             (./generated-code/):00073 [2]     255             ANDA #$F0
A0A9 8A01             (./generated-code/):00074 [2]     257             ORA #$01
A0AB A7C8ED           (./generated-code/):00075 [5]     262             STA -19,U
A0AE A6C8EA           (./generated-code/):00076 [5]     267             LDA -22,U
A0B1 84F0             (./generated-code/):00077 [2]     269             ANDA #$F0
A0B3 8A01             (./generated-code/):00078 [2]     271             ORA #$01
A0B5 A7C8EA           (./generated-code/):00079 [5]     276             STA -22,U
A0B8 A6C8DB           (./generated-code/):00080 [5]     281             LDA -37,U
A0BB 840F             (./generated-code/):00081 [2]     283             ANDA #$0F
A0BD 8A10             (./generated-code/):00082 [2]     285             ORA #$10
A0BF A7C8DB           (./generated-code/):00083 [5]     290             STA -37,U
A0C2 A6C8D8           (./generated-code/):00084 [5]     295             LDA -40,U
A0C5 840F             (./generated-code/):00085 [2]     297             ANDA #$0F
A0C7 8A10             (./generated-code/):00086 [2]     299             ORA #$10
A0C9 A7C8D8           (./generated-code/):00087 [5]     304             STA -40,U
A0CC A6C89B           (./generated-code/):00088 [5]     309             LDA -101,U
A0CF 840F             (./generated-code/):00089 [2]     311             ANDA #$0F
A0D1 8A10             (./generated-code/):00090 [2]     313             ORA #$10
A0D3 A7C89B           (./generated-code/):00091 [5]     318             STA -101,U
A0D6 33C9FEFE         (./generated-code/):00092 [8]     326             LEAU -258,U
                      (./generated-code/):00093                 
A0DA 8611             (./generated-code/):00094 [2]     328             LDA #$11
A0DC A7C878           (./generated-code/):00095 [5]     333             STA 120,U
A0DF A7C861           (./generated-code/):00096 [5]     338             STA 97,U
A0E2 A7C811           (./generated-code/):00097 [5]     343             STA 17,U
A0E5 A6C850           (./generated-code/):00098 [5]     348             LDA 80,U
A0E8 84F0             (./generated-code/):00099 [2]     350             ANDA #$F0
A0EA 8A01             (./generated-code/):00100 [2]     352             ORA #$01
A0EC A7C850           (./generated-code/):00101 [5]     357             STA 80,U
A0EF A6C839           (./generated-code/):00102 [5]     362             LDA 57,U
A0F2 840F             (./generated-code/):00103 [2]     364             ANDA #$0F
A0F4 8A10             (./generated-code/):00104 [2]     366             ORA #$10
A0F6 A7C839           (./generated-code/):00105 [5]     371             STA 57,U
A0F9 A6C813           (./generated-code/):00106 [5]     376             LDA 19,U
A0FC 84F0             (./generated-code/):00107 [2]     378             ANDA #$F0
A0FE 8A00             (./generated-code/):00108 [2]     380             ORA #$00
A100 A7C813           (./generated-code/):00109 [5]     385             STA 19,U
A103 A65E             (./generated-code/):00110 [5]     390             LDA -2,U
A105 84F0             (./generated-code/):00111 [2]     392             ANDA #$F0
A107 8A00             (./generated-code/):00112 [2]     394             ORA #$00
A109 A75E             (./generated-code/):00113 [5]     399             STA -2,U
A10B A6C8EB           (./generated-code/):00114 [5]     404             LDA -21,U
A10E 840F             (./generated-code/):00115 [2]     406             ANDA #$0F
A110 8A00             (./generated-code/):00116 [2]     408             ORA #$00
A112 A7C8EB           (./generated-code/):00117 [5]     413             STA -21,U
A115 A6C8E9           (./generated-code/):00118 [5]     418             LDA -23,U
A118 84F0             (./generated-code/):00119 [2]     420             ANDA #$F0
A11A 8A01             (./generated-code/):00120 [2]     422             ORA #$01
A11C A7C8E9           (./generated-code/):00121 [5]     427             STA -23,U
A11F A6C8C1           (./generated-code/):00122 [5]     432             LDA -63,U
A122 84F0             (./generated-code/):00123 [2]     434             ANDA #$F0
A124 8A01             (./generated-code/):00124 [2]     436             ORA #$01
A126 A7C8C1           (./generated-code/):00125 [5]     441             STA -63,U
A129 ECC8AF           (./generated-code/):00126 [6]     447             LDD -81,U
A12C 840F             (./generated-code/):00127 [2]     449             ANDA #$0F
A12E C4F0             (./generated-code/):00128 [2]     451             ANDB #$F0
A130 C30001           (./generated-code/):00129 [4]     455             ADDD #$0001
A133 EDC8AF           (./generated-code/):00130 [6]     461             STD -81,U
A136 8600             (./generated-code/):00131 [2]     463             LDA #$00
A138 A7C89A           (./generated-code/):00132 [5]     468             STA -102,U
A13B ECC887           (./generated-code/):00133 [6]     474             LDD -121,U
A13E 8600             (./generated-code/):00134 [2]     476             LDA #$00
A140 C4F0             (./generated-code/):00135 [2]     478             ANDB #$F0
A142 CA01             (./generated-code/):00136 [2]     480             ORB #$01
A144 EDC887           (./generated-code/):00137 [6]     486             STD -121,U
A147 33C9FF5E         (./generated-code/):00138 [8]     494             LEAU -162,U
                      (./generated-code/):00139                 
A14B A7C814           (./generated-code/):00140 [5]     499             STA 20,U
A14E A6C8EC           (./generated-code/):00141 [5]     504             LDA -20,U
A151 840F             (./generated-code/):00142 [2]     506             ANDA #$0F
A153 8A00             (./generated-code/):00143 [2]     508             ORA #$00
A155 A7C8EC           (./generated-code/):00144 [5]     513             STA -20,U
A158 EC41             (./generated-code/):00145 [6]     519             LDD 1,U
A15A 84F0             (./generated-code/):00146 [2]     521             ANDA #$F0
A15C C4F0             (./generated-code/):00147 [2]     523             ANDB #$F0
A15E C30001           (./generated-code/):00148 [4]     527             ADDD #$0001
A161 ED41             (./generated-code/):00149 [6]     533             STD 1,U
A163 33C9ED48         (./generated-code/):00150 [8]     541             LEAU -4792,U
                      (./generated-code/):00151                 
A167 8611             (./generated-code/):00152 [2]     543             LDA #$11
A169 A7C88B           (./generated-code/):00153 [5]     548             STA -117,U
A16C A6C879           (./generated-code/):00154 [5]     553             LDA 121,U
A16F 840F             (./generated-code/):00155 [2]     555             ANDA #$0F
A171 8A00             (./generated-code/):00156 [2]     557             ORA #$00
A173 A7C879           (./generated-code/):00157 [5]     562             STA 121,U
A176 A642             (./generated-code/):00158 [5]     567             LDA 2,U
A178 840F             (./generated-code/):00159 [2]     569             ANDA #$0F
A17A 8A10             (./generated-code/):00160 [2]     571             ORA #$10
A17C A742             (./generated-code/):00161 [5]     576             STA 2,U
A17E A6C8DA           (./generated-code/):00162 [5]     581             LDA -38,U
A181 84F0             (./generated-code/):00163 [2]     583             ANDA #$F0
A183 8A01             (./generated-code/):00164 [2]     585             ORA #$01
A185 A7C8DA           (./generated-code/):00165 [5]     590             STA -38,U
A188 A6C888           (./generated-code/):00166 [5]     595             LDA -120,U
A18B 84F0             (./generated-code/):00167 [2]     597             ANDA #$F0
A18D 8A01             (./generated-code/):00168 [2]     599             ORA #$01
A18F A7C888           (./generated-code/):00169 [5]     604             STA -120,U
A192 33C9FEEA         (./generated-code/):00170 [8]     612             LEAU -278,U
                      (./generated-code/):00171                 
A196 8611             (./generated-code/):00172 [2]     614             LDA #$11
A198 A7C879           (./generated-code/):00173 [5]     619             STA 121,U
A19B A7C82A           (./generated-code/):00174 [5]     624             STA 42,U
A19E A742             (./generated-code/):00175 [5]     629             STA 2,U
A1A0 A7C8B3           (./generated-code/):00176 [5]     634             STA -77,U
A1A3 CC1111           (./generated-code/):00177 [3]     637             LDD #$1111
A1A6 EDC8DA           (./generated-code/):00178 [6]     643             STD -38,U
A1A9 ECC851           (./generated-code/):00179 [6]     649             LDD 81,U
A1AC 84F0             (./generated-code/):00180 [2]     651             ANDA #$F0
A1AE C40F             (./generated-code/):00181 [2]     653             ANDB #$0F
A1B0 C30110           (./generated-code/):00182 [4]     657             ADDD #$0110
A1B3 EDC851           (./generated-code/):00183 [6]     663             STD 81,U
A1B6 A6C876           (./generated-code/):00184 [5]     668             LDA 118,U
A1B9 84F0             (./generated-code/):00185 [2]     670             ANDA #$F0
A1BB 8A01             (./generated-code/):00186 [2]     672             ORA #$01
A1BD A7C876           (./generated-code/):00187 [5]     677             STA 118,U
A1C0 A6C88B           (./generated-code/):00188 [5]     682             LDA -117,U
A1C3 840F             (./generated-code/):00189 [2]     684             ANDA #$0F
A1C5 8A10             (./generated-code/):00190 [2]     686             ORA #$10
A1C7 A7C88B           (./generated-code/):00191 [5]     691             STA -117,U
A1CA A6C888           (./generated-code/):00192 [5]     696             LDA -120,U
A1CD 840F             (./generated-code/):00193 [2]     698             ANDA #$0F
A1CF 8A00             (./generated-code/):00194 [2]     700             ORA #$00
A1D1 A7C888           (./generated-code/):00195 [5]     705             STA -120,U
A1D4 33C9FEEA         (./generated-code/):00196 [8]     713             LEAU -278,U
                      (./generated-code/):00197                 
A1D8 A6C879           (./generated-code/):00198 [5]     718             LDA 121,U
A1DB 840F             (./generated-code/):00199 [2]     720             ANDA #$0F
A1DD 8A10             (./generated-code/):00200 [2]     722             ORA #$10
A1DF A7C879           (./generated-code/):00201 [5]     727             STA 121,U
A1E2 A6C876           (./generated-code/):00202 [5]     732             LDA 118,U
A1E5 84F0             (./generated-code/):00203 [2]     734             ANDA #$F0
A1E7 8A00             (./generated-code/):00204 [2]     736             ORA #$00
A1E9 A7C876           (./generated-code/):00205 [5]     741             STA 118,U
A1EC A6C851           (./generated-code/):00206 [5]     746             LDA 81,U
A1EF 840F             (./generated-code/):00207 [2]     748             ANDA #$0F
A1F1 8A10             (./generated-code/):00208 [2]     750             ORA #$10
A1F3 A7C851           (./generated-code/):00209 [5]     755             STA 81,U
A1F6 A6C84F           (./generated-code/):00210 [5]     760             LDA 79,U
A1F9 840F             (./generated-code/):00211 [2]     762             ANDA #$0F
A1FB 8A00             (./generated-code/):00212 [2]     764             ORA #$00
A1FD A7C84F           (./generated-code/):00213 [5]     769             STA 79,U
A200 A6C8D7           (./generated-code/):00214 [5]     774             LDA -41,U
A203 84F0             (./generated-code/):00215 [2]     776             ANDA #$F0
A205 8A00             (./generated-code/):00216 [2]     778             ORA #$00
A207 A7C8D7           (./generated-code/):00217 [5]     783             STA -41,U
A20A ECC8D8           (./generated-code/):00218 [6]     789             LDD -40,U
A20D 8600             (./generated-code/):00219 [2]     791             LDA #$00
A20F C40F             (./generated-code/):00220 [2]     793             ANDB #$0F
A211 CA00             (./generated-code/):00221 [2]     795             ORB #$00
A213 EDC8D8           (./generated-code/):00222 [6]     801             STD -40,U
A216 A7C827           (./generated-code/):00223 [5]     806             STA 39,U
A219 A75F             (./generated-code/):00224 [5]     811             STA -1,U
A21B A7C8B0           (./generated-code/):00225 [5]     816             STA -80,U
A21E A7C888           (./generated-code/):00226 [5]     821             STA -120,U
A221 33C9FF4C         (./generated-code/):00227 [8]     829             LEAU -180,U
                      (./generated-code/):00228                 
A225 A7C814           (./generated-code/):00229 [5]     834             STA 20,U
A228 A6C8EC           (./generated-code/):00230 [5]     839             LDA -20,U
A22B 84F0             (./generated-code/):00231 [2]     841             ANDA #$F0
A22D 8A00             (./generated-code/):00232 [2]     843             ORA #$00
A22F A7C8EC           (./generated-code/):00233 [5]     848             STA -20,U
                      (./generated-code/):00234                 
A232 DEFC             (./generated-code/):00235 [5]     853             LDU <glb_screen_location_1
A234 33C909FF         (./generated-code/):00236 [8]     861             LEAU 2559,U
                      (./generated-code/):00237                 
A238 8600             (./generated-code/):00238 [2]     863             LDA #$00
A23A A7C81C           (./generated-code/):00239 [5]     868             STA 28,U
A23D A74C             (./generated-code/):00240 [5]     873             STA 12,U
A23F A6C85D           (./generated-code/):00241 [5]     878             LDA 93,U
A242 840F             (./generated-code/):00242 [2]     880             ANDA #$0F
A244 8A00             (./generated-code/):00243 [2]     882             ORA #$00
A246 A7C85D           (./generated-code/):00244 [5]     887             STA 93,U
A249 A6C844           (./generated-code/):00245 [5]     892             LDA 68,U
A24C 840F             (./generated-code/):00246 [2]     894             ANDA #$0F
A24E 8A00             (./generated-code/):00247 [2]     896             ORA #$00
A250 A7C844           (./generated-code/):00248 [5]     901             STA 68,U
A253 A6C834           (./generated-code/):00249 [5]     906             LDA 52,U
A256 84F0             (./generated-code/):00250 [2]     908             ANDA #$F0
A258 8A00             (./generated-code/):00251 [2]     910             ORA #$00
A25A A7C834           (./generated-code/):00252 [5]     915             STA 52,U
A25D A654             (./generated-code/):00253 [5]     920             LDA -12,U
A25F 84F0             (./generated-code/):00254 [2]     922             ANDA #$F0
A261 8A00             (./generated-code/):00255 [2]     924             ORA #$00
A263 A754             (./generated-code/):00256 [5]     929             STA -12,U
A265 A6C8E4           (./generated-code/):00257 [5]     934             LDA -28,U
A268 840F             (./generated-code/):00258 [2]     936             ANDA #$0F
A26A 8A00             (./generated-code/):00259 [2]     938             ORA #$00
A26C A7C8E4           (./generated-code/):00260 [5]     943             STA -28,U
A26F A6C8BD           (./generated-code/):00261 [5]     948             LDA -67,U
A272 84F0             (./generated-code/):00262 [2]     950             ANDA #$F0
A274 8A00             (./generated-code/):00263 [2]     952             ORA #$00
A276 A7C8BD           (./generated-code/):00264 [5]     957             STA -67,U
A279 A6C8A5           (./generated-code/):00265 [5]     962             LDA -91,U
A27C 840F             (./generated-code/):00266 [2]     964             ANDA #$0F
A27E 8A00             (./generated-code/):00267 [2]     966             ORA #$00
A280 A7C8A5           (./generated-code/):00268 [5]     971             STA -91,U
A283 A6C8A3           (./generated-code/):00269 [5]     976             LDA -93,U
A286 84F0             (./generated-code/):00270 [2]     978             ANDA #$F0
A288 8A00             (./generated-code/):00271 [2]     980             ORA #$00
A28A A7C8A3           (./generated-code/):00272 [5]     985             STA -93,U
A28D 33C9FECB         (./generated-code/):00273 [8]     993             LEAU -309,U
                      (./generated-code/):00274                 
A291 A6C87A           (./generated-code/):00275 [5]     998             LDA 122,U
A294 84F0             (./generated-code/):00276 [2]     1000            ANDA #$F0
A296 8A01             (./generated-code/):00277 [2]     1002            ORA #$01
A298 A7C87A           (./generated-code/):00278 [5]     1007            STA 122,U
A29B A6C863           (./generated-code/):00279 [5]     1012            LDA 99,U
A29E 840F             (./generated-code/):00280 [2]     1014            ANDA #$0F
A2A0 8A10             (./generated-code/):00281 [2]     1016            ORA #$10
A2A2 A7C863           (./generated-code/):00282 [5]     1021            STA 99,U
A2A5 A6C860           (./generated-code/):00283 [5]     1026            LDA 96,U
A2A8 84F0             (./generated-code/):00284 [2]     1028            ANDA #$F0
A2AA 8A01             (./generated-code/):00285 [2]     1030            ORA #$01
A2AC A7C860           (./generated-code/):00286 [5]     1035            STA 96,U
A2AF A6C852           (./generated-code/):00287 [5]     1040            LDA 82,U
A2B2 84F0             (./generated-code/):00288 [2]     1042            ANDA #$F0
A2B4 8A01             (./generated-code/):00289 [2]     1044            ORA #$01
A2B6 A7C852           (./generated-code/):00290 [5]     1049            STA 82,U
A2B9 A6C84F           (./generated-code/):00291 [5]     1054            LDA 79,U
A2BC 84F0             (./generated-code/):00292 [2]     1056            ANDA #$F0
A2BE 8A01             (./generated-code/):00293 [2]     1058            ORA #$01
A2C0 A7C84F           (./generated-code/):00294 [5]     1063            STA 79,U
A2C3 A6C83B           (./generated-code/):00295 [5]     1068            LDA 59,U
A2C6 84F0             (./generated-code/):00296 [2]     1070            ANDA #$F0
A2C8 8A01             (./generated-code/):00297 [2]     1072            ORA #$01
A2CA A7C83B           (./generated-code/):00298 [5]     1077            STA 59,U
A2CD A6C838           (./generated-code/):00299 [5]     1082            LDA 56,U
A2D0 84F0             (./generated-code/):00300 [2]     1084            ANDA #$F0
A2D2 8A01             (./generated-code/):00301 [2]     1086            ORA #$01
A2D4 A7C838           (./generated-code/):00302 [5]     1091            STA 56,U
A2D7 A6C82A           (./generated-code/):00303 [5]     1096            LDA 42,U
A2DA 840F             (./generated-code/):00304 [2]     1098            ANDA #$0F
A2DC 8A10             (./generated-code/):00305 [2]     1100            ORA #$10
A2DE A7C82A           (./generated-code/):00306 [5]     1105            STA 42,U
A2E1 A6C827           (./generated-code/):00307 [5]     1110            LDA 39,U
A2E4 840F             (./generated-code/):00308 [2]     1112            ANDA #$0F
A2E6 8A10             (./generated-code/):00309 [2]     1114            ORA #$10
A2E8 A7C827           (./generated-code/):00310 [5]     1119            STA 39,U
A2EB A65E             (./generated-code/):00311 [5]     1124            LDA -2,U
A2ED 84F0             (./generated-code/):00312 [2]     1126            ANDA #$F0
A2EF 8A01             (./generated-code/):00313 [2]     1128            ORA #$01
A2F1 A75E             (./generated-code/):00314 [5]     1133            STA -2,U
A2F3 A6C8E9           (./generated-code/):00315 [5]     1138            LDA -23,U
A2F6 840F             (./generated-code/):00316 [2]     1140            ANDA #$0F
A2F8 8A10             (./generated-code/):00317 [2]     1142            ORA #$10
A2FA A7C8E9           (./generated-code/):00318 [5]     1147            STA -23,U
A2FD A6C8D9           (./generated-code/):00319 [5]     1152            LDA -39,U
A300 84F0             (./generated-code/):00320 [2]     1154            ANDA #$F0
A302 8A01             (./generated-code/):00321 [2]     1156            ORA #$01
A304 A7C8D9           (./generated-code/):00322 [5]     1161            STA -39,U
A307 A6C8C1           (./generated-code/):00323 [5]     1166            LDA -63,U
A30A 84F0             (./generated-code/):00324 [2]     1168            ANDA #$F0
A30C 8A01             (./generated-code/):00325 [2]     1170            ORA #$01
A30E A7C8C1           (./generated-code/):00326 [5]     1175            STA -63,U
A311 A6C8B1           (./generated-code/):00327 [5]     1180            LDA -79,U
A314 840F             (./generated-code/):00328 [2]     1182            ANDA #$0F
A316 8A10             (./generated-code/):00329 [2]     1184            ORA #$10
A318 A7C8B1           (./generated-code/):00330 [5]     1189            STA -79,U
A31B A6C886           (./generated-code/):00331 [5]     1194            LDA -122,U
A31E 840F             (./generated-code/):00332 [2]     1196            ANDA #$0F
A320 8A10             (./generated-code/):00333 [2]     1198            ORA #$10
A322 A7C886           (./generated-code/):00334 [5]     1203            STA -122,U
A325 8611             (./generated-code/):00335 [2]     1205            LDA #$11
A327 A7C8EC           (./generated-code/):00336 [5]     1210            STA -20,U
A32A A7C8D6           (./generated-code/):00337 [5]     1215            STA -42,U
A32D A7C8C4           (./generated-code/):00338 [5]     1220            STA -60,U
A330 A7C8AE           (./generated-code/):00339 [5]     1225            STA -82,U
A333 ECC89C           (./generated-code/):00340 [6]     1231            LDD -100,U
A336 84F0             (./generated-code/):00341 [2]     1233            ANDA #$F0
A338 C40F             (./generated-code/):00342 [2]     1235            ANDB #$0F
A33A C30110           (./generated-code/):00343 [4]     1239            ADDD #$0110
A33D EDC89C           (./generated-code/):00344 [6]     1245            STD -100,U
A340 33C9FEFC         (./generated-code/):00345 [8]     1253            LEAU -260,U
                      (./generated-code/):00346                 
A344 A6C879           (./generated-code/):00347 [5]     1258            LDA 121,U
A347 840F             (./generated-code/):00348 [2]     1260            ANDA #$0F
A349 8A10             (./generated-code/):00349 [2]     1262            ORA #$10
A34B A7C879           (./generated-code/):00350 [5]     1267            STA 121,U
A34E A6C851           (./generated-code/):00351 [5]     1272            LDA 81,U
A351 840F             (./generated-code/):00352 [2]     1274            ANDA #$0F
A353 8A10             (./generated-code/):00353 [2]     1276            ORA #$10
A355 A7C851           (./generated-code/):00354 [5]     1281            STA 81,U
A358 A6C829           (./generated-code/):00355 [5]     1286            LDA 41,U
A35B 840F             (./generated-code/):00356 [2]     1288            ANDA #$0F
A35D 8A10             (./generated-code/):00357 [2]     1290            ORA #$10
A35F A7C829           (./generated-code/):00358 [5]     1295            STA 41,U
A362 A641             (./generated-code/):00359 [5]     1300            LDA 1,U
A364 840F             (./generated-code/):00360 [2]     1302            ANDA #$0F
A366 8A10             (./generated-code/):00361 [2]     1304            ORA #$10
A368 A741             (./generated-code/):00362 [5]     1309            STA 1,U
A36A A6C8EB           (./generated-code/):00363 [5]     1314            LDA -21,U
A36D 84F0             (./generated-code/):00364 [2]     1316            ANDA #$F0
A36F 8A00             (./generated-code/):00365 [2]     1318            ORA #$00
A371 A7C8EB           (./generated-code/):00366 [5]     1323            STA -21,U
A374 A6C8AF           (./generated-code/):00367 [5]     1328            LDA -81,U
A377 84F0             (./generated-code/):00368 [2]     1330            ANDA #$F0
A379 8A00             (./generated-code/):00369 [2]     1332            ORA #$00
A37B A7C8AF           (./generated-code/):00370 [5]     1337            STA -81,U
A37E A6C89B           (./generated-code/):00371 [5]     1342            LDA -101,U
A381 840F             (./generated-code/):00372 [2]     1344            ANDA #$0F
A383 8A00             (./generated-code/):00373 [2]     1346            ORA #$00
A385 A7C89B           (./generated-code/):00374 [5]     1351            STA -101,U
A388 A6C888           (./generated-code/):00375 [5]     1356            LDA -120,U
A38B 840F             (./generated-code/):00376 [2]     1358            ANDA #$0F
A38D 8A00             (./generated-code/):00377 [2]     1360            ORA #$00
A38F A7C888           (./generated-code/):00378 [5]     1365            STA -120,U
A392 8600             (./generated-code/):00379 [2]     1367            LDA #$00
A394 A7C8D7           (./generated-code/):00380 [5]     1372            STA -41,U
A397 A7C8C3           (./generated-code/):00381 [5]     1377            STA -61,U
A39A 33C9FF41         (./generated-code/):00382 [8]     1385            LEAU -191,U
                      (./generated-code/):00383                 
A39E A7C81F           (./generated-code/):00384 [5]     1390            STA 31,U
A3A1 A757             (./generated-code/):00385 [5]     1395            STA -9,U
A3A3 A6C831           (./generated-code/):00386 [5]     1400            LDA 49,U
A3A6 84F0             (./generated-code/):00387 [2]     1402            ANDA #$F0
A3A8 8A00             (./generated-code/):00388 [2]     1404            ORA #$00
A3AA A7C831           (./generated-code/):00389 [5]     1409            STA 49,U
A3AD A649             (./generated-code/):00390 [5]     1414            LDA 9,U
A3AF 84F0             (./generated-code/):00391 [2]     1416            ANDA #$F0
A3B1 8A00             (./generated-code/):00392 [2]     1418            ORA #$00
A3B3 A749             (./generated-code/):00393 [5]     1423            STA 9,U
A3B5 A6C8CF           (./generated-code/):00394 [5]     1428            LDA -49,U
A3B8 84F0             (./generated-code/):00395 [2]     1430            ANDA #$F0
A3BA 8A00             (./generated-code/):00396 [2]     1432            ORA #$00
A3BC A7C8CF           (./generated-code/):00397 [5]     1437            STA -49,U
A3BF 33C9ED66         (./generated-code/):00398 [8]     1445            LEAU -4762,U
                      (./generated-code/):00399                 
A3C3 8611             (./generated-code/):00400 [2]     1447            LDA #$11
A3C5 A7C8B2           (./generated-code/):00401 [5]     1452            STA -78,U
A3C8 A6C878           (./generated-code/):00402 [5]     1457            LDA 120,U
A3CB 84F0             (./generated-code/):00403 [2]     1459            ANDA #$F0
A3CD 8A01             (./generated-code/):00404 [2]     1461            ORA #$01
A3CF A7C878           (./generated-code/):00405 [5]     1466            STA 120,U
A3D2 A6C850           (./generated-code/):00406 [5]     1471            LDA 80,U
A3D5 84F0             (./generated-code/):00407 [2]     1473            ANDA #$F0
A3D7 8A01             (./generated-code/):00408 [2]     1475            ORA #$01
A3D9 A7C850           (./generated-code/):00409 [5]     1480            STA 80,U
A3DC A6C828           (./generated-code/):00410 [5]     1485            LDA 40,U
A3DF 84F0             (./generated-code/):00411 [2]     1487            ANDA #$F0
A3E1 8A01             (./generated-code/):00412 [2]     1489            ORA #$01
A3E3 A7C828           (./generated-code/):00413 [5]     1494            STA 40,U
A3E6 A6C8DA           (./generated-code/):00414 [5]     1499            LDA -38,U
A3E9 840F             (./generated-code/):00415 [2]     1501            ANDA #$0F
A3EB 8A10             (./generated-code/):00416 [2]     1503            ORA #$10
A3ED A7C8DA           (./generated-code/):00417 [5]     1508            STA -38,U
A3F0 A6C8D8           (./generated-code/):00418 [5]     1513            LDA -40,U
A3F3 840F             (./generated-code/):00419 [2]     1515            ANDA #$0F
A3F5 8A10             (./generated-code/):00420 [2]     1517            ORA #$10
A3F7 A7C8D8           (./generated-code/):00421 [5]     1522            STA -40,U
A3FA A6C8B0           (./generated-code/):00422 [5]     1527            LDA -80,U
A3FD 840F             (./generated-code/):00423 [2]     1529            ANDA #$0F
A3FF 8A10             (./generated-code/):00424 [2]     1531            ORA #$10
A401 A7C8B0           (./generated-code/):00425 [5]     1536            STA -80,U
A404 A6C88A           (./generated-code/):00426 [5]     1541            LDA -118,U
A407 84F0             (./generated-code/):00427 [2]     1543            ANDA #$F0
A409 8A01             (./generated-code/):00428 [2]     1545            ORA #$01
A40B A7C88A           (./generated-code/):00429 [5]     1550            STA -118,U
A40E A6C888           (./generated-code/):00430 [5]     1555            LDA -120,U
A411 840F             (./generated-code/):00431 [2]     1557            ANDA #$0F
A413 8A10             (./generated-code/):00432 [2]     1559            ORA #$10
A415 A7C888           (./generated-code/):00433 [5]     1564            STA -120,U
A418 33C9FEEB         (./generated-code/):00434 [8]     1572            LEAU -277,U
                      (./generated-code/):00435                 
A41C 8611             (./generated-code/):00436 [2]     1574            LDA #$11
A41E A7C850           (./generated-code/):00437 [5]     1579            STA 80,U
A421 A7C8D9           (./generated-code/):00438 [5]     1584            STA -39,U
A424 A7C8B1           (./generated-code/):00439 [5]     1589            STA -79,U
A427 A7C889           (./generated-code/):00440 [5]     1594            STA -119,U
A42A A6C878           (./generated-code/):00441 [5]     1599            LDA 120,U
A42D 840F             (./generated-code/):00442 [2]     1601            ANDA #$0F
A42F 8A10             (./generated-code/):00443 [2]     1603            ORA #$10
A431 A7C878           (./generated-code/):00444 [5]     1608            STA 120,U
A434 A6C8D6           (./generated-code/):00445 [5]     1613            LDA -42,U
A437 840F             (./generated-code/):00446 [2]     1615            ANDA #$0F
A439 8A00             (./generated-code/):00447 [2]     1617            ORA #$00
A43B A7C8D6           (./generated-code/):00448 [5]     1622            STA -42,U
A43E A6C8AE           (./generated-code/):00449 [5]     1627            LDA -82,U
A441 84F0             (./generated-code/):00450 [2]     1629            ANDA #$F0
A443 8A00             (./generated-code/):00451 [2]     1631            ORA #$00
A445 A7C8AE           (./generated-code/):00452 [5]     1636            STA -82,U
A448 ECC828           (./generated-code/):00453 [6]     1642            LDD 40,U
A44B 8611             (./generated-code/):00454 [2]     1644            LDA #$11
A44D C40F             (./generated-code/):00455 [2]     1646            ANDB #$0F
A44F CA10             (./generated-code/):00456 [2]     1648            ORB #$10
A451 EDC828           (./generated-code/):00457 [6]     1654            STD 40,U
A454 ECC4             (./generated-code/):00458 [5]     1659            LDD ,U
A456 84F0             (./generated-code/):00459 [2]     1661            ANDA #$F0
A458 8A01             (./generated-code/):00460 [2]     1663            ORA #$01
A45A C611             (./generated-code/):00461 [2]     1665            LDB #$11
A45C EDC4             (./generated-code/):00462 [5]     1670            STD ,U
A45E 33C9FEE9         (./generated-code/):00463 [8]     1678            LEAU -279,U
                      (./generated-code/):00464                 
A462 A6C878           (./generated-code/):00465 [5]     1683            LDA 120,U
A465 84F0             (./generated-code/):00466 [2]     1685            ANDA #$F0
A467 8A01             (./generated-code/):00467 [2]     1687            ORA #$01
A469 A7C878           (./generated-code/):00468 [5]     1692            STA 120,U
A46C A6C876           (./generated-code/):00469 [5]     1697            LDA 118,U
A46F 840F             (./generated-code/):00470 [2]     1699            ANDA #$0F
A471 8A00             (./generated-code/):00471 [2]     1701            ORA #$00
A473 A7C876           (./generated-code/):00472 [5]     1706            STA 118,U
A476 A6C826           (./generated-code/):00473 [5]     1711            LDA 38,U
A479 84F0             (./generated-code/):00474 [2]     1713            ANDA #$F0
A47B 8A00             (./generated-code/):00475 [2]     1715            ORA #$00
A47D A7C826           (./generated-code/):00476 [5]     1720            STA 38,U
A480 8600             (./generated-code/):00477 [2]     1722            LDA #$00
A482 A7C84E           (./generated-code/):00478 [5]     1727            STA 78,U
A485 A75F             (./generated-code/):00479 [5]     1732            STA -1,U
A487 A7C8D7           (./generated-code/):00480 [5]     1737            STA -41,U
A48A ECC8AF           (./generated-code/):00481 [6]     1743            LDD -81,U
A48D 8600             (./generated-code/):00482 [2]     1745            LDA #$00
A48F C40F             (./generated-code/):00483 [2]     1747            ANDB #$0F
A491 CA00             (./generated-code/):00484 [2]     1749            ORB #$00
A493 EDC8AF           (./generated-code/):00485 [6]     1755            STD -81,U
A496 ECC887           (./generated-code/):00486 [6]     1761            LDD -121,U
A499 84F0             (./generated-code/):00487 [2]     1763            ANDA #$F0
A49B 8A00             (./generated-code/):00488 [2]     1765            ORA #$00
A49D C600             (./generated-code/):00489 [2]     1767            LDB #$00
A49F EDC887           (./generated-code/):00490 [6]     1773            STD -121,U
A4A2 33C9FF38         (./generated-code/):00491 [8]     1781            LEAU -200,U
                      (./generated-code/):00492                 
A4A6 A6C828           (./generated-code/):00493 [5]     1786            LDA 40,U
A4A9 840F             (./generated-code/):00494 [2]     1788            ANDA #$0F
A4AB 8A00             (./generated-code/):00495 [2]     1790            ORA #$00
A4AD A7C828           (./generated-code/):00496 [5]     1795            STA 40,U
A4B0 A6C4             (./generated-code/):00497 [4]     1799            LDA ,U
A4B2 840F             (./generated-code/):00498 [2]     1801            ANDA #$0F
A4B4 8A00             (./generated-code/):00499 [2]     1803            ORA #$00
A4B6 A7C4             (./generated-code/):00500 [4]     1807            STA ,U
A4B8 A6C8D8           (./generated-code/):00501 [5]     1812            LDA -40,U
A4BB 840F             (./generated-code/):00502 [2]     1814            ANDA #$0F
A4BD 8A00             (./generated-code/):00503 [2]     1816            ORA #$00
A4BF A7C8D8           (./generated-code/):00504 [5]     1821            STA -40,U
A4C2 39               (./generated-code/):00505 [5]     1826            RTS
                      (./generated-code/):00506                 
