                      (./generated-code/):00001                 INCLUDE "./engine/constants.asm"
                      (./engine/constant):00001         * ---------------------------------------------------------------------------
                      (./engine/constant):00002         * Constants
                      (./engine/constant):00003         *
                      (./engine/constant):00004         * Naming convention
                      (./engine/constant):00005         * -----------------
                      (./engine/constant):00006         * - lower case
                      (./engine/constant):00007         * - underscore-separated names
                      (./engine/constant):00008         *
                      (./engine/constant):00009         * ---------------------------------------------------------------------------
                      (./engine/constant):00010         
                      (./engine/constant):00011          ifndef CONSTANTS_ASM
     0001             (./engine/constant):00012         CONSTANTS_ASM equ 1
                      (./engine/constant):00013         
                      (./engine/constant):00014         * ===========================================================================
                      (./engine/constant):00015         * TO8 Registers
                      (./engine/constant):00016         * ===========================================================================
                      (./engine/constant):00017         
                      (./engine/constant):00018         ; Disk routine registers (ROM)
                      (./engine/constant):00019         
     6049             (./engine/constant):00020         dk_drive                      equ $6049
     604A             (./engine/constant):00021         dk_track                      equ $604A
     604B             (./engine/constant):00022         dk_track_lsb                  equ $604B
     604C             (./engine/constant):00023         dk_sector                     equ $604C
     604F             (./engine/constant):00024         dk_write_location             equ $604F
                      (./engine/constant):00025         
                      (./engine/constant):00026         * ===========================================================================
                      (./engine/constant):00027         * Globals
                      (./engine/constant):00028         * ===========================================================================
                      (./engine/constant):00029         
                      (./engine/constant):00030         ; compilated sprite
     9FFE             (./engine/constant):00031         glb_register_s                equ $9FFE  ; reverved space to store S from ROM routines
                      (./engine/constant):00032         
                      (./engine/constant):00033         ; DrawSprites
     9FFC             (./engine/constant):00034         glb_screen_location_1         equ $9FFC  ; start address for rendering of current sprite Part1     
     9FFA             (./engine/constant):00035         glb_screen_location_2         equ $9FFA  ; start address for rendering of current sprite Part2 (Must follow Part1)
                      (./engine/constant):00036         
                      (./engine/constant):00037         ; CheckSpritesRefresh
     9FF9             (./engine/constant):00038         glb_cur_priority              equ $9FF9
     9FF7             (./engine/constant):00039         glb_cur_ptr_sub_obj_erase     equ $9FF7
     9FF5             (./engine/constant):00040         glb_cur_ptr_sub_obj_draw      equ $9FF5
                      (./engine/constant):00041         
     9FF3             (./engine/constant):00042         glb_camera_x_pos              equ $9FF3 ; camera x position in palyfield coordinates
     9FF1             (./engine/constant):00043         glb_camera_y_pos              equ $9FF1 ; camera y position in palyfield coordinates
     9FEF             (./engine/constant):00044         glb_camera_x_min_pos          equ $9FEF
     9FED             (./engine/constant):00045         glb_camera_y_min_pos          equ $9FED
     9FEB             (./engine/constant):00046         glb_camera_x_max_pos          equ $9FEB
     9FE9             (./engine/constant):00047         glb_camera_y_max_pos          equ $9FE9
     9FE8             (./engine/constant):00048         glb_camera_x_offset           equ $9FE8
     9FE7             (./engine/constant):00049         glb_camera_y_offset           equ $9FE7 
     9FE6             (./engine/constant):00050         glb_force_sprite_refresh      equ $9FE6
     9FE5             (./engine/constant):00051         glb_camera_move               equ $9FE5
     9FE4             (./engine/constant):00052         glb_alphaTiles                equ $9FE4
     9FE3             (./engine/constant):00053         glb_timer_second              equ $9FE3
     9FE2             (./engine/constant):00054         glb_timer_minute              equ $9FE2
     9FE2             (./engine/constant):00055         glb_timer                     equ $9FE2 
     9FE1             (./engine/constant):00056         glb_timer_frame               equ $9FE1
                      (./engine/constant):00057         
                      (./engine/constant):00058         ; BankSwitch
     9FE0             (./engine/constant):00059         glb_Page                      equ $9FE0
     9FB0             (./engine/constant):00060         dp_engine                     equ $9FB0 ; engine and user routines tmp var space
     9F00             (./engine/constant):00061         dp                            equ $9F00 ; free user tmp var space
     9F00             (./engine/constant):00062         glb_system_stack              equ $9F00
                      (./engine/constant):00063         
                      (./engine/constant):00064         * ===========================================================================
                      (./engine/constant):00065         * Display Constants
                      (./engine/constant):00066         * ===========================================================================
                      (./engine/constant):00067         
     00A0             (./engine/constant):00068         screen_width                  equ 160    ; in pixel
     001C             (./engine/constant):00069         screen_top                    equ 28     ; in pixel
     00E3             (./engine/constant):00070         screen_bottom                 equ 28+199 ; in pixel
     0030             (./engine/constant):00071         screen_left                   equ 48     ; in pixel
     00CF             (./engine/constant):00072         screen_right                  equ 48+159 ; in pixel
     0008             (./engine/constant):00073         nb_priority_levels            equ 8      ; number of priority levels (need code change if modified)
                      (./engine/constant):00074         
                      (./engine/constant):00075         * ===========================================================================
                      (./engine/constant):00076         * Images Constants
                      (./engine/constant):00077         * ===========================================================================
                      (./engine/constant):00078         
     0004             (./engine/constant):00079         image_x_size                  equ 4
     0005             (./engine/constant):00080         image_y_size                  equ 5
     0006             (./engine/constant):00081         image_center_offset           equ 6
                      (./engine/constant):00082         
     0004             (./engine/constant):00083         image_subset_x1_offset        equ 4
     0005             (./engine/constant):00084         image_subset_y1_offset        equ 5
                      (./engine/constant):00085         
     0000             (./engine/constant):00086         page_draw_routine             equ 0
     0001             (./engine/constant):00087         draw_routine                  equ 1
     0003             (./engine/constant):00088         page_erase_routine            equ 3
     0004             (./engine/constant):00089         erase_routine                 equ 4
     0006             (./engine/constant):00090         erase_nb_cell                 equ 6
                      (./engine/constant):00091         
                      (./engine/constant):00092         * ===========================================================================
                      (./engine/constant):00093         * Sound Constants
                      (./engine/constant):00094         * ===========================================================================
                      (./engine/constant):00095         
     0000             (./engine/constant):00096         sound_page        equ 0
     0001             (./engine/constant):00097         sound_start_addr  equ 1
     0003             (./engine/constant):00098         sound_end_addr    equ 3
     0005             (./engine/constant):00099         sound_meta_size   equ 5
                      (./engine/constant):00100         
                      (./engine/constant):00101         * ===========================================================================
                      (./engine/constant):00102         * Object Constants
                      (./engine/constant):00103         * ===========================================================================
                      (./engine/constant):00104         
                      (./engine/constant):00105         ; ext_variables_size should be declared in game source code
                      (./engine/constant):00106         
     0022             (./engine/constant):00107         object_base_size              equ 34  ; the size of an object without ext_vars - DEPENDENCY ClearObj routine
     003B             (./engine/constant):00108         object_rsvd_size              equ 59  ; the size of an object without ext_vars - DEPENDENCY ClearObj routine
     ????             (./engine/constant):00109         object_rsvd                   equ object_base_size+ext_variables_size
     ????             (./engine/constant):00110         object_size                   equ object_base_size+ext_variables_size+object_rsvd_size ; the size of a dynamic object
     ????             (./engine/constant):00111         next_object                   equ object_size
     0022             (./engine/constant):00112         ext_variables                 equ object_base_size ; start of reserved space for additionnal variables
                      (./engine/constant):00113         
     0000             (./engine/constant):00114         id                            equ 0           ; reference to object model id (ObjID_) (0: free slot)
     0001             (./engine/constant):00115         subtype                       equ 1           ; reference to object subtype (Sub_) DEPENDENCY subtype must follow id
     0002             (./engine/constant):00116         render_flags                  equ 2
                      (./engine/constant):00117         
                      (./engine/constant):00118         ; bit 7 = onscreen flag, bit 0 = x mirror, bit 1 = y mirror, bit 2 = coordinate system, bit 6 = render subobjects
                      (./engine/constant):00119         
                      (./engine/constant):00120         * --- render_flags bitfield variables ---
     0001             (./engine/constant):00121         render_xmirror_mask           equ $01 ; (bit 0) DEPENDENCY should be bit 0 - tell display engine to mirror sprite on horizontal axis
     0002             (./engine/constant):00122         render_ymirror_mask           equ $02 ; (bit 1) DEPENDENCY should be bit 1 - tell display engine to mirror sprite on vertical axis
     0004             (./engine/constant):00123         render_overlay_mask           equ $04 ; (bit 2) DEPENDENCY should be bit 2 - compilated sprite with no background save
     0008             (./engine/constant):00124         render_playfieldcoord_mask    equ $08 ; (bit 3) tell display engine to use playfield (1) or screen (0) coordinates
     0010             (./engine/constant):00125         render_xloop_mask             equ $10 ; (bit 4) (in screen coordinate) tell display engine to hide sprite when x is out of screen (0) or to display (1)  
     0020             (./engine/constant):00126         render_todelete_mask          equ $20 ; (bit 5) tell display engine to delete sprite and clear OST for this object
     0040             (./engine/constant):00127         render_subobjects             equ $40 ; (bit 6) tell display engine to render subobjects for this object
     0080             (./engine/constant):00128         render_hide_mask              equ $80 ; (bit 7) tell display engine to hide sprite (keep priority and mapping_frame)
                      (./engine/constant):00129         
     0003             (./engine/constant):00130         priority                      equ 3           ; display priority (0: nothing to display, 1:front, ..., 8:back)
     0004             (./engine/constant):00131         anim                          equ 4  ; and 5  ; reference to current animation (Ani_)
     0006             (./engine/constant):00132         prev_anim                     equ 6  ; and 7  ; reference to previous animation (Ani_)
     0008             (./engine/constant):00133         anim_frame                    equ 8           ; index of current frame in animation
     0009             (./engine/constant):00134         anim_frame_duration           equ 9           ; number of frames for each image in animation, range: 00-7F (0-127), 0 means display only during one frame
     000A             (./engine/constant):00135         anim_flags                    equ 10          ; byte offset to reference an anim_flags LUT (adv) / store a link flag (non adv)
                      (./engine/constant):00136         
                      (./engine/constant):00137         * --- anim_flags bitfield variables ---
     0001             (./engine/constant):00138         anim_link_mask                equ $01 ; (bit 0) if set, allow the load of a new animation without reseting anim_frame and anim_frame_duration
                      (./engine/constant):00139         
     000B             (./engine/constant):00140         status_flags                  equ 11          ; orientation of sprite, is applied to animation xmirror flag during AnimateSprite
                      (./engine/constant):00141         
                      (./engine/constant):00142         * --- status_flags bitfield variables ---
     0001             (./engine/constant):00143         status_xflip_mask             equ $01 ; (bit 0) X Flip
     0002             (./engine/constant):00144         status_yflip_mask             equ $02 ; (bit 1) Y Flip
                      (./engine/constant):00145         
     000C             (./engine/constant):00146         image_set                     equ 12 ; and 13 ; reference to current image (Img_) (0000 if no image)
     000E             (./engine/constant):00147         x_pos                         equ 14 ; and 15 ; x playfield coordinate
     0010             (./engine/constant):00148         x_sub                         equ 16          ; x subpixel (1/256 of a pixel), must follow x_pos in data structure
     0011             (./engine/constant):00149         y_pos                         equ 17 ; and 18 ; y playfield coordinate
     0013             (./engine/constant):00150         y_sub                         equ 19          ; y subpixel (1/256 of a pixel), must follow y_pos in data structure
     0014             (./engine/constant):00151         xy_pixel                      equ 20          ; x and y screen coordinate
     0014             (./engine/constant):00152         x_pixel                       equ 20          ; x screen coordinate
     0015             (./engine/constant):00153         y_pixel                       equ 21          ; y screen coordinate, must follow x_pixel
     0016             (./engine/constant):00154         x_vel                         equ 22 ; and 23 ; horizontal velocity
     0018             (./engine/constant):00155         y_vel                         equ 24 ; and 25 ; vertical velocity
     001A             (./engine/constant):00156         x_acl                         equ 26 ; and 27 ; horizontal gravity
     001C             (./engine/constant):00157         y_acl                         equ 28 ; and 29 ; vertical gravity
     001E             (./engine/constant):00158         routine                       equ 30          ; index of current object routine
     001F             (./engine/constant):00159         routine_secondary             equ 31          ; index of current secondary routine
     0020             (./engine/constant):00160         routine_tertiary              equ 32          ; index of current tertiary routine
     0021             (./engine/constant):00161         routine_quaternary            equ 33          ; index of current quaternary routine
                      (./engine/constant):00162         
                      (./engine/constant):00163         * ---------------------------------------------------------------------------
                      (./engine/constant):00164         * reserved variables (read/write by engine)
                      (./engine/constant):00165         
     ????             (./engine/constant):00166         rsv_render_flags              equ object_rsvd
                      (./engine/constant):00167         
                      (./engine/constant):00168         * --- rsv_render_flags bitfield variables ---
     0001             (./engine/constant):00169         rsv_render_checkrefresh_mask  equ $01 ; (bit 0) if erasesprite and display sprite flag are processed for this frame
     0002             (./engine/constant):00170         rsv_render_erasesprite_mask   equ $02 ; (bit 1) if a sprite need to be cleared on screen
     0004             (./engine/constant):00171         rsv_render_displaysprite_mask equ $04 ; (bit 2) if a sprite need to be rendered on screen
     0008             (./engine/constant):00172         rsv_render_outofrange_mask    equ $08 ; (bit 3) if a sprite is out of range for full rendering in screen
     0080             (./engine/constant):00173         rsv_render_onscreen_mask      equ $80 ; (bit 7) DEPENDENCY should be bit 7 - has been rendered on last screen buffer (may be 0 or 1)
                      (./engine/constant):00174         
     ????             (./engine/constant):00175         rsv_prev_anim                 equ object_rsvd+1 ; and +2 ; reference to previous animation (Ani_) w * UTILE ?
     ????             (./engine/constant):00176         rsv_image_center_offset       equ object_rsvd+3 ; 0 or 1 offset that indicate if image center is even or odd (DRS_XYToAddress)
     ????             (./engine/constant):00177         rsv_image_subset              equ object_rsvd+4 ; and +5 ; reference to current image regarding mirror flags w
     ????             (./engine/constant):00178         rsv_mapping_frame             equ object_rsvd+6 ; and +7 ; reference to current image regarding mirror flags, overlay flag and x precision w
     ????             (./engine/constant):00179         rsv_erase_nb_cell             equ object_rsvd+8 ; b 
     ????             (./engine/constant):00180         rsv_page_draw_routine         equ object_rsvd+9 ; b
     ????             (./engine/constant):00181         rsv_draw_routine              equ object_rsvd+10 ; and +11 ; w
     ????             (./engine/constant):00182         rsv_page_erase_routine        equ object_rsvd+12 ; b
     ????             (./engine/constant):00183         rsv_erase_routine             equ object_rsvd+13 ; and +14 ; w 
     ????             (./engine/constant):00184         rsv_xy1_pixel                 equ object_rsvd+15 ;
     ????             (./engine/constant):00185         rsv_x1_pixel                  equ object_rsvd+15 ; x+x_offset-(x_size/2) screen coordinate
     ????             (./engine/constant):00186         rsv_y1_pixel                  equ object_rsvd+16 ; y+y_offset-(y_size/2) screen coordinate, must follow rsv_x1_pixel
     ????             (./engine/constant):00187         rsv_xy2_pixel                 equ object_rsvd+17 ;
     ????             (./engine/constant):00188         rsv_x2_pixel                  equ object_rsvd+17 ; x+x_offset+(x_size/2) screen coordinate
     ????             (./engine/constant):00189         rsv_y2_pixel                  equ object_rsvd+18 ; y+y_offset+(y_size/2) screen coordinate, must follow rsv_x2_pixel
                      (./engine/constant):00190         
                      (./engine/constant):00191         * ---------------------------------------------------------------------------
                      (./engine/constant):00192         * reserved variables (engine) - buffer specific
                      (./engine/constant):00193         
     ????             (./engine/constant):00194         rsv_buffer_0                  equ object_rsvd+19 ; Start index of buffer 0 variables
     ????             (./engine/constant):00195         rsv_priority_0                equ object_rsvd+19 ; internal value that hold priority in video buffer 0
     ????             (./engine/constant):00196         rsv_priority_prev_obj_0       equ object_rsvd+20 ; and +21 ; previous object (OST address) in display priority list for video buffer 0 (0000 if none) w
     ????             (./engine/constant):00197         rsv_priority_next_obj_0       equ object_rsvd+22 ; and +23 ; next object (OST address) in display priority list for video buffer 0 (0000 if none) w
     ????             (./engine/constant):00198         rsv_prev_mapping_frame_0      equ object_rsvd+24 ; and object_rsvd+25 ; reference to previous image in video buffer 0 w
     ????             (./engine/constant):00199         rsv_prev_erase_nb_cell_0      equ object_rsvd+26 : b
     ????             (./engine/constant):00200         rsv_prev_page_erase_routine_0 equ object_rsvd+27 ; b
     ????             (./engine/constant):00201         rsv_prev_erase_routine_0      equ object_rsvd+28 ; and object_rsvd+29 ; w
     ????             (./engine/constant):00202         rsv_bgdata_0                  equ object_rsvd+30 ; and +31 ; address of background data in screen 0 w
     ????             (./engine/constant):00203         rsv_prev_xy_pixel_0           equ object_rsvd+32 ;
     ????             (./engine/constant):00204         rsv_prev_x_pixel_0            equ object_rsvd+32 ; previous x screen coordinate b
     ????             (./engine/constant):00205         rsv_prev_y_pixel_0            equ object_rsvd+33 ; previous y screen coordinate b, must follow x_pixel
     ????             (./engine/constant):00206         rsv_prev_xy1_pixel_0          equ object_rsvd+34 ;
     ????             (./engine/constant):00207         rsv_prev_x1_pixel_0           equ object_rsvd+34 ; previous x+x_offset-(x_size/2) screen coordinate b
     ????             (./engine/constant):00208         rsv_prev_y1_pixel_0           equ object_rsvd+35 ; previous y+y_offset-(y_size/2) screen coordinate b, must follow x1_pixel
     ????             (./engine/constant):00209         rsv_prev_xy2_pixel_0          equ object_rsvd+36 ;
     ????             (./engine/constant):00210         rsv_prev_x2_pixel_0           equ object_rsvd+36 ; previous x+x_offset+(x_size/2) screen coordinate b
     ????             (./engine/constant):00211         rsv_prev_y2_pixel_0           equ object_rsvd+37 ; previous y+y_offset+(y_size/2) screen coordinate b, must follow x2_pixel
     ????             (./engine/constant):00212         rsv_prev_render_flags_0       equ object_rsvd+38 ;
                      (./engine/constant):00213         * --- rsv_prev_render_flags_0 bitfield variables ---
     0001             (./engine/constant):00214         rsv_prev_render_overlay_mask  equ $01 ; (bit 0) if a sprite has been rendered with compilated sprite and no background save on screen buffer 0/1
     0080             (./engine/constant):00215         rsv_prev_render_onscreen_mask equ $80 ; (bit 7) DEPENDENCY should be bit 7 - has been rendered on screen buffer 0/1
                      (./engine/constant):00216         
     ????             (./engine/constant):00217         rsv_buffer_1                  equ object_rsvd+39 ; Start index of buffer 1 variables
     ????             (./engine/constant):00218         rsv_priority_1                equ object_rsvd+39 ; internal value that hold priority in video buffer 1
     ????             (./engine/constant):00219         rsv_priority_prev_obj_1       equ object_rsvd+40 ; and +41 ; previous object (OST address) in display priority list for video buffer 1 (0000 if none) w
     ????             (./engine/constant):00220         rsv_priority_next_obj_1       equ object_rsvd+42 ; and +43 ; next object (OST address) in display priority list for video buffer 1 (0000 if none) w
     ????             (./engine/constant):00221         rsv_prev_mapping_frame_1      equ object_rsvd+44 ; and +45 ; reference to previous image in video buffer 1 w
     ????             (./engine/constant):00222         rsv_prev_erase_nb_cell_1      equ object_rsvd+46 ; b
     ????             (./engine/constant):00223         rsv_prev_page_erase_routine_1 equ object_rsvd+47 ; b
     ????             (./engine/constant):00224         rsv_prev_erase_routine_1      equ object_rsvd+48 ; and +49 ; w
     ????             (./engine/constant):00225         rsv_bgdata_1                  equ object_rsvd+50 ; and +51 ; address of background data in screen 1 w
     ????             (./engine/constant):00226         rsv_prev_xy_pixel_1           equ object_rsvd+52 ;
     ????             (./engine/constant):00227         rsv_prev_x_pixel_1            equ object_rsvd+52 ; previous x screen coordinate b
     ????             (./engine/constant):00228         rsv_prev_y_pixel_1            equ object_rsvd+53 ; previous y screen coordinate b, must follow x_pixel
     ????             (./engine/constant):00229         rsv_prev_xy1_pixel_1          equ object_rsvd+54 ;
     ????             (./engine/constant):00230         rsv_prev_x1_pixel_1           equ object_rsvd+54 ; previous x+x_size screen coordinate b
     ????             (./engine/constant):00231         rsv_prev_y1_pixel_1           equ object_rsvd+55 ; previous y+y_size screen coordinate b, must follow x_pixel
     ????             (./engine/constant):00232         rsv_prev_xy2_pixel_1          equ object_rsvd+56 ;
     ????             (./engine/constant):00233         rsv_prev_x2_pixel_1           equ object_rsvd+56 ; previous x+x_size screen coordinate b
     ????             (./engine/constant):00234         rsv_prev_y2_pixel_1           equ object_rsvd+57 ; previous y+y_size screen coordinate b, must follow x_pixel
     ????             (./engine/constant):00235         rsv_prev_render_flags_1       equ object_rsvd+58 ;
                      (./engine/constant):00236         
     0000             (./engine/constant):00237         buf_priority                  equ 0  ; offset for each rsv_buffer variables
     0001             (./engine/constant):00238         buf_priority_prev_obj         equ 1  ;
     0003             (./engine/constant):00239         buf_priority_next_obj         equ 3  ;
     0005             (./engine/constant):00240         buf_prev_mapping_frame        equ 5  ;
     0007             (./engine/constant):00241         buf_erase_nb_cell             equ 7  ;
     0008             (./engine/constant):00242         buf_page_erase_routine        equ 8 ;
     0009             (./engine/constant):00243         buf_erase_routine             equ 9 ;
     000B             (./engine/constant):00244         buf_bgdata                    equ 11 ;
     000D             (./engine/constant):00245         buf_prev_xy_pixel             equ 13 ;
     000D             (./engine/constant):00246         buf_prev_x_pixel              equ 13 ;
     000E             (./engine/constant):00247         buf_prev_y_pixel              equ 14 ;
     000F             (./engine/constant):00248         buf_prev_xy1_pixel            equ 15 ;
     000F             (./engine/constant):00249         buf_prev_x1_pixel             equ 15 ;
     0010             (./engine/constant):00250         buf_prev_y1_pixel             equ 16 ;
     0011             (./engine/constant):00251         buf_prev_xy2_pixel            equ 17 ;
     0011             (./engine/constant):00252         buf_prev_x2_pixel             equ 17 ;
     0012             (./engine/constant):00253         buf_prev_y2_pixel             equ 18 ;
     0013             (./engine/constant):00254         buf_prev_render_flags         equ 19 ;
                      (./engine/constant):00255         
                      (./engine/constant):00256          endc
                      (./generated-code/):00002                 ORG $A000
     FF               (./generated-code/):00003                 SETDP $FF
                      (./generated-code/):00004                 OPT C,CT
A000                  (./generated-code/):00005                 DRAW_Img_0063_0
A000 33C90A33         (./generated-code/):00006 [8]     8               LEAU 2611,U
                      (./generated-code/):00007                 
A004 A6C851           (./generated-code/):00008 [5]     13              LDA 81,U
A007 840F             (./generated-code/):00009 [2]     15              ANDA #$0F
A009 8A00             (./generated-code/):00010 [2]     17              ORA #$00
A00B A7C851           (./generated-code/):00011 [5]     22              STA 81,U
A00E A6C8D8           (./generated-code/):00012 [5]     27              LDA -40,U
A011 84F0             (./generated-code/):00013 [2]     29              ANDA #$F0
A013 8A00             (./generated-code/):00014 [2]     31              ORA #$00
A015 A7C8D8           (./generated-code/):00015 [5]     36              STA -40,U
A018 A6C8C1           (./generated-code/):00016 [5]     41              LDA -63,U
A01B 84F0             (./generated-code/):00017 [2]     43              ANDA #$F0
A01D 8A00             (./generated-code/):00018 [2]     45              ORA #$00
A01F A7C8C1           (./generated-code/):00019 [5]     50              STA -63,U
A022 A6C8B0           (./generated-code/):00020 [5]     55              LDA -80,U
A025 840F             (./generated-code/):00021 [2]     57              ANDA #$0F
A027 8A00             (./generated-code/):00022 [2]     59              ORA #$00
A029 A7C8B0           (./generated-code/):00023 [5]     64              STA -80,U
A02C ECC8E8           (./generated-code/):00024 [6]     70              LDD -24,U
A02F 840F             (./generated-code/):00025 [2]     72              ANDA #$0F
A031 8A00             (./generated-code/):00026 [2]     74              ORA #$00
A033 C600             (./generated-code/):00027 [2]     76              LDB #$00
A035 EDC8E8           (./generated-code/):00028 [6]     82              STD -24,U
A038 33C9FED2         (./generated-code/):00029 [8]     90              LEAU -302,U
                      (./generated-code/):00030                 
A03C A6C878           (./generated-code/):00031 [5]     95              LDA 120,U
A03F 840F             (./generated-code/):00032 [2]     97              ANDA #$0F
A041 8A00             (./generated-code/):00033 [2]     99              ORA #$00
A043 A7C878           (./generated-code/):00034 [5]     104             STA 120,U
A046 A6C865           (./generated-code/):00035 [5]     109             LDA 101,U
A049 84F0             (./generated-code/):00036 [2]     111             ANDA #$F0
A04B 8A00             (./generated-code/):00037 [2]     113             ORA #$00
A04D A7C865           (./generated-code/):00038 [5]     118             STA 101,U
A050 A6C850           (./generated-code/):00039 [5]     123             LDA 80,U
A053 84F0             (./generated-code/):00040 [2]     125             ANDA #$F0
A055 8A00             (./generated-code/):00041 [2]     127             ORA #$00
A057 A7C850           (./generated-code/):00042 [5]     132             STA 80,U
A05A A6C826           (./generated-code/):00043 [5]     137             LDA 38,U
A05D 840F             (./generated-code/):00044 [2]     139             ANDA #$0F
A05F 8A10             (./generated-code/):00045 [2]     141             ORA #$10
A061 A7C826           (./generated-code/):00046 [5]     146             STA 38,U
A064 A6C817           (./generated-code/):00047 [5]     151             LDA 23,U
A067 84F0             (./generated-code/):00048 [2]     153             ANDA #$F0
A069 8A01             (./generated-code/):00049 [2]     155             ORA #$01
A06B A7C817           (./generated-code/):00050 [5]     160             STA 23,U
A06E A65E             (./generated-code/):00051 [5]     165             LDA -2,U
A070 84F0             (./generated-code/):00052 [2]     167             ANDA #$F0
A072 8A01             (./generated-code/):00053 [2]     169             ORA #$01
A074 A75E             (./generated-code/):00054 [5]     174             STA -2,U
A076 A6C89C           (./generated-code/):00055 [5]     179             LDA -100,U
A079 84F0             (./generated-code/):00056 [2]     181             ANDA #$F0
A07B 8A01             (./generated-code/):00057 [2]     183             ORA #$01
A07D A7C89C           (./generated-code/):00058 [5]     188             STA -100,U
A080 A6C889           (./generated-code/):00059 [5]     193             LDA -119,U
A083 84F0             (./generated-code/):00060 [2]     195             ANDA #$F0
A085 8A01             (./generated-code/):00061 [2]     197             ORA #$01
A087 A7C889           (./generated-code/):00062 [5]     202             STA -119,U
A08A 33C9FEFC         (./generated-code/):00063 [8]     210             LEAU -260,U
                      (./generated-code/):00064                 
A08E A6C878           (./generated-code/):00065 [5]     215             LDA 120,U
A091 840F             (./generated-code/):00066 [2]     217             ANDA #$0F
A093 8A10             (./generated-code/):00067 [2]     219             ORA #$10
A095 A7C878           (./generated-code/):00068 [5]     224             STA 120,U
A098 A6C850           (./generated-code/):00069 [5]     229             LDA 80,U
A09B 840F             (./generated-code/):00070 [2]     231             ANDA #$0F
A09D 8A10             (./generated-code/):00071 [2]     233             ORA #$10
A09F A7C850           (./generated-code/):00072 [5]     238             STA 80,U
A0A2 A6C82A           (./generated-code/):00073 [5]     243             LDA 42,U
A0A5 840F             (./generated-code/):00074 [2]     245             ANDA #$0F
A0A7 8A00             (./generated-code/):00075 [2]     247             ORA #$00
A0A9 A7C82A           (./generated-code/):00076 [5]     252             STA 42,U
A0AC A6C816           (./generated-code/):00077 [5]     257             LDA 22,U
A0AF 840F             (./generated-code/):00078 [2]     259             ANDA #$0F
A0B1 8A10             (./generated-code/):00079 [2]     261             ORA #$10
A0B3 A7C816           (./generated-code/):00080 [5]     266             STA 22,U
A0B6 A65F             (./generated-code/):00081 [5]     271             LDA -1,U
A0B8 84F0             (./generated-code/):00082 [2]     273             ANDA #$F0
A0BA 8A01             (./generated-code/):00083 [2]     275             ORA #$01
A0BC A75F             (./generated-code/):00084 [5]     280             STA -1,U
A0BE A6C8C4           (./generated-code/):00085 [5]     285             LDA -60,U
A0C1 840F             (./generated-code/):00086 [2]     287             ANDA #$0F
A0C3 8A00             (./generated-code/):00087 [2]     289             ORA #$00
A0C5 A7C8C4           (./generated-code/):00088 [5]     294             STA -60,U
A0C8 A6C8B1           (./generated-code/):00089 [5]     299             LDA -79,U
A0CB 84F0             (./generated-code/):00090 [2]     301             ANDA #$F0
A0CD 8A00             (./generated-code/):00091 [2]     303             ORA #$00
A0CF A7C8B1           (./generated-code/):00092 [5]     308             STA -79,U
A0D2 A6C89E           (./generated-code/):00093 [5]     313             LDA -98,U
A0D5 84F0             (./generated-code/):00094 [2]     315             ANDA #$F0
A0D7 8A01             (./generated-code/):00095 [2]     317             ORA #$01
A0D9 A7C89E           (./generated-code/):00096 [5]     322             STA -98,U
A0DC A6C89C           (./generated-code/):00097 [5]     327             LDA -100,U
A0DF 84F0             (./generated-code/):00098 [2]     329             ANDA #$F0
A0E1 8A00             (./generated-code/):00099 [2]     331             ORA #$00
A0E3 A7C89C           (./generated-code/):00100 [5]     336             STA -100,U
A0E6 8611             (./generated-code/):00101 [2]     338             LDA #$11
A0E8 A7C8EE           (./generated-code/):00102 [5]     343             STA -18,U
A0EB A7C8C6           (./generated-code/):00103 [5]     348             STA -58,U
A0EE E7C889           (./generated-code/):00104 [5]     353             STB -119,U
A0F1 33C9FF11         (./generated-code/):00105 [8]     361             LEAU -239,U
                      (./generated-code/):00106                 
A0F5 E7C8EC           (./generated-code/):00107 [5]     366             STB -20,U
A0F8 A6C865           (./generated-code/):00108 [5]     371             LDA 101,U
A0FB 840F             (./generated-code/):00109 [2]     373             ANDA #$0F
A0FD 8A10             (./generated-code/):00110 [2]     375             ORA #$10
A0FF A7C865           (./generated-code/):00111 [5]     380             STA 101,U
A102 A6C863           (./generated-code/):00112 [5]     385             LDA 99,U
A105 84F0             (./generated-code/):00113 [2]     387             ANDA #$F0
A107 8A00             (./generated-code/):00114 [2]     389             ORA #$00
A109 A7C863           (./generated-code/):00115 [5]     394             STA 99,U
A10C A6C850           (./generated-code/):00116 [5]     399             LDA 80,U
A10F 840F             (./generated-code/):00117 [2]     401             ANDA #$0F
A111 8A00             (./generated-code/):00118 [2]     403             ORA #$00
A113 A7C850           (./generated-code/):00119 [5]     408             STA 80,U
A116 A6C83D           (./generated-code/):00120 [5]     413             LDA 61,U
A119 840F             (./generated-code/):00121 [2]     415             ANDA #$0F
A11B 8A10             (./generated-code/):00122 [2]     417             ORA #$10
A11D A7C83D           (./generated-code/):00123 [5]     422             STA 61,U
A120 A6C828           (./generated-code/):00124 [5]     427             LDA 40,U
A123 840F             (./generated-code/):00125 [2]     429             ANDA #$0F
A125 8A00             (./generated-code/):00126 [2]     431             ORA #$00
A127 A7C828           (./generated-code/):00127 [5]     436             STA 40,U
A12A A6C814           (./generated-code/):00128 [5]     441             LDA 20,U
A12D 840F             (./generated-code/):00129 [2]     443             ANDA #$0F
A12F 8A00             (./generated-code/):00130 [2]     445             ORA #$00
A131 A7C814           (./generated-code/):00131 [5]     450             STA 20,U
A134 A65F             (./generated-code/):00132 [5]     455             LDA -1,U
A136 84F0             (./generated-code/):00133 [2]     457             ANDA #$F0
A138 8A00             (./generated-code/):00134 [2]     459             ORA #$00
A13A A75F             (./generated-code/):00135 [5]     464             STA -1,U
A13C A6C8D7           (./generated-code/):00136 [5]     469             LDA -41,U
A13F 84F0             (./generated-code/):00137 [2]     471             ANDA #$F0
A141 8A00             (./generated-code/):00138 [2]     473             ORA #$00
A143 A7C8D7           (./generated-code/):00139 [5]     478             STA -41,U
A146 A6C8C4           (./generated-code/):00140 [5]     483             LDA -60,U
A149 84F0             (./generated-code/):00141 [2]     485             ANDA #$F0
A14B 8A00             (./generated-code/):00142 [2]     487             ORA #$00
A14D A7C8C4           (./generated-code/):00143 [5]     492             STA -60,U
A150 A6C8AF           (./generated-code/):00144 [5]     497             LDA -81,U
A153 84F0             (./generated-code/):00145 [2]     499             ANDA #$F0
A155 8A00             (./generated-code/):00146 [2]     501             ORA #$00
A157 A7C8AF           (./generated-code/):00147 [5]     506             STA -81,U
A15A A6C89C           (./generated-code/):00148 [5]     511             LDA -100,U
A15D 84F0             (./generated-code/):00149 [2]     513             ANDA #$F0
A15F 8A00             (./generated-code/):00150 [2]     515             ORA #$00
A161 A7C89C           (./generated-code/):00151 [5]     520             STA -100,U
A164 33C9EDAC         (./generated-code/):00152 [8]     528             LEAU -4692,U
                      (./generated-code/):00153                 
A168 A6C828           (./generated-code/):00154 [5]     533             LDA 40,U
A16B 840F             (./generated-code/):00155 [2]     535             ANDA #$0F
A16D 8A10             (./generated-code/):00156 [2]     537             ORA #$10
A16F A7C828           (./generated-code/):00157 [5]     542             STA 40,U
A172 A6C8D8           (./generated-code/):00158 [5]     547             LDA -40,U
A175 840F             (./generated-code/):00159 [2]     549             ANDA #$0F
A177 8A10             (./generated-code/):00160 [2]     551             ORA #$10
A179 A7C8D8           (./generated-code/):00161 [5]     556             STA -40,U
A17C 8611             (./generated-code/):00162 [2]     558             LDA #$11
A17E A7C4             (./generated-code/):00163 [4]     562             STA ,U
A180 33C9FDD2         (./generated-code/):00164 [8]     570             LEAU -558,U
                      (./generated-code/):00165                 
A184 A6C829           (./generated-code/):00166 [5]     575             LDA 41,U
A187 84F0             (./generated-code/):00167 [2]     577             ANDA #$F0
A189 8A01             (./generated-code/):00168 [2]     579             ORA #$01
A18B A7C829           (./generated-code/):00169 [5]     584             STA 41,U
A18E A6C827           (./generated-code/):00170 [5]     589             LDA 39,U
A191 840F             (./generated-code/):00171 [2]     591             ANDA #$0F
A193 8A00             (./generated-code/):00172 [2]     593             ORA #$00
A195 A7C827           (./generated-code/):00173 [5]     598             STA 39,U
A198 A65F             (./generated-code/):00174 [5]     603             LDA -1,U
A19A 84F0             (./generated-code/):00175 [2]     605             ANDA #$F0
A19C 8A00             (./generated-code/):00176 [2]     607             ORA #$00
A19E A75F             (./generated-code/):00177 [5]     612             STA -1,U
A1A0 A6C8DA           (./generated-code/):00178 [5]     617             LDA -38,U
A1A3 840F             (./generated-code/):00179 [2]     619             ANDA #$0F
A1A5 8A10             (./generated-code/):00180 [2]     621             ORA #$10
A1A7 A7C8DA           (./generated-code/):00181 [5]     626             STA -38,U
A1AA A6C8D7           (./generated-code/):00182 [5]     631             LDA -41,U
A1AD 84F0             (./generated-code/):00183 [2]     633             ANDA #$F0
A1AF 8A00             (./generated-code/):00184 [2]     635             ORA #$00
A1B1 A7C8D7           (./generated-code/):00185 [5]     640             STA -41,U
A1B4 A6C8B2           (./generated-code/):00186 [5]     645             LDA -78,U
A1B7 840F             (./generated-code/):00187 [2]     647             ANDA #$0F
A1B9 8A10             (./generated-code/):00188 [2]     649             ORA #$10
A1BB A7C8B2           (./generated-code/):00189 [5]     654             STA -78,U
A1BE A6C88A           (./generated-code/):00190 [5]     659             LDA -118,U
A1C1 840F             (./generated-code/):00191 [2]     661             ANDA #$0F
A1C3 8A10             (./generated-code/):00192 [2]     663             ORA #$10
A1C5 A7C88A           (./generated-code/):00193 [5]     668             STA -118,U
A1C8 A6C888           (./generated-code/):00194 [5]     673             LDA -120,U
A1CB 840F             (./generated-code/):00195 [2]     675             ANDA #$0F
A1CD 8A00             (./generated-code/):00196 [2]     677             ORA #$00
A1CF A7C888           (./generated-code/):00197 [5]     682             STA -120,U
A1D2 8611             (./generated-code/):00198 [2]     684             LDA #$11
A1D4 A7C879           (./generated-code/):00199 [5]     689             STA 121,U
A1D7 A7C851           (./generated-code/):00200 [5]     694             STA 81,U
A1DA 33C9FEE8         (./generated-code/):00201 [8]     702             LEAU -280,U
                      (./generated-code/):00202                 
A1DE E7C878           (./generated-code/):00203 [5]     707             STB 120,U
A1E1 E7C8D9           (./generated-code/):00204 [5]     712             STB -39,U
A1E4 E7C8B1           (./generated-code/):00205 [5]     717             STB -79,U
A1E7 E7C889           (./generated-code/):00206 [5]     722             STB -119,U
A1EA A6C852           (./generated-code/):00207 [5]     727             LDA 82,U
A1ED 840F             (./generated-code/):00208 [2]     729             ANDA #$0F
A1EF 8A00             (./generated-code/):00209 [2]     731             ORA #$00
A1F1 A7C852           (./generated-code/):00210 [5]     736             STA 82,U
A1F4 A6C850           (./generated-code/):00211 [5]     741             LDA 80,U
A1F7 84F0             (./generated-code/):00212 [2]     743             ANDA #$F0
A1F9 8A00             (./generated-code/):00213 [2]     745             ORA #$00
A1FB A7C850           (./generated-code/):00214 [5]     750             STA 80,U
A1FE A6C828           (./generated-code/):00215 [5]     755             LDA 40,U
A201 84F0             (./generated-code/):00216 [2]     757             ANDA #$F0
A203 8A00             (./generated-code/):00217 [2]     759             ORA #$00
A205 A7C828           (./generated-code/):00218 [5]     764             STA 40,U
A208 A641             (./generated-code/):00219 [5]     769             LDA 1,U
A20A 840F             (./generated-code/):00220 [2]     771             ANDA #$0F
A20C 8A00             (./generated-code/):00221 [2]     773             ORA #$00
A20E A741             (./generated-code/):00222 [5]     778             STA 1,U
A210 33C9FF61         (./generated-code/):00223 [8]     786             LEAU -159,U
                      (./generated-code/):00224                 
A214 A6C4             (./generated-code/):00225 [4]     790             LDA ,U
A216 84F0             (./generated-code/):00226 [2]     792             ANDA #$F0
A218 8A00             (./generated-code/):00227 [2]     794             ORA #$00
A21A A7C4             (./generated-code/):00228 [4]     798             STA ,U
                      (./generated-code/):00229                 
A21C DEFC             (./generated-code/):00230 [5]     803             LDU <glb_screen_location_1
A21E 33C90A1B         (./generated-code/):00231 [8]     811             LEAU 2587,U
                      (./generated-code/):00232                 
A222 8600             (./generated-code/):00233 [2]     813             LDA #$00
A224 A7C850           (./generated-code/):00234 [5]     818             STA 80,U
A227 A7C8B1           (./generated-code/):00235 [5]     823             STA -79,U
A22A A6C878           (./generated-code/):00236 [5]     828             LDA 120,U
A22D 840F             (./generated-code/):00237 [2]     830             ANDA #$0F
A22F 8A00             (./generated-code/):00238 [2]     832             ORA #$00
A231 A7C878           (./generated-code/):00239 [5]     837             STA 120,U
A234 A6C868           (./generated-code/):00240 [5]     842             LDA 104,U
A237 84F0             (./generated-code/):00241 [2]     844             ANDA #$F0
A239 8A00             (./generated-code/):00242 [2]     846             ORA #$00
A23B A7C868           (./generated-code/):00243 [5]     851             STA 104,U
A23E A6C840           (./generated-code/):00244 [5]     856             LDA 64,U
A241 84F0             (./generated-code/):00245 [2]     858             ANDA #$F0
A243 8A00             (./generated-code/):00246 [2]     860             ORA #$00
A245 A7C840           (./generated-code/):00247 [5]     865             STA 64,U
A248 A6C828           (./generated-code/):00248 [5]     870             LDA 40,U
A24B 84F0             (./generated-code/):00249 [2]     872             ANDA #$F0
A24D 8A00             (./generated-code/):00250 [2]     874             ORA #$00
A24F A7C828           (./generated-code/):00251 [5]     879             STA 40,U
A252 A6C818           (./generated-code/):00252 [5]     884             LDA 24,U
A255 840F             (./generated-code/):00253 [2]     886             ANDA #$0F
A257 8A00             (./generated-code/):00254 [2]     888             ORA #$00
A259 A7C818           (./generated-code/):00255 [5]     893             STA 24,U
A25C A6C8C9           (./generated-code/):00256 [5]     898             LDA -55,U
A25F 84F0             (./generated-code/):00257 [2]     900             ANDA #$F0
A261 8A00             (./generated-code/):00258 [2]     902             ORA #$00
A263 A7C8C9           (./generated-code/):00259 [5]     907             STA -55,U
A266 A6C8AF           (./generated-code/):00260 [5]     912             LDA -81,U
A269 84F0             (./generated-code/):00261 [2]     914             ANDA #$F0
A26B 8A00             (./generated-code/):00262 [2]     916             ORA #$00
A26D A7C8AF           (./generated-code/):00263 [5]     921             STA -81,U
A270 A6C89F           (./generated-code/):00264 [5]     926             LDA -97,U
A273 84F0             (./generated-code/):00265 [2]     928             ANDA #$F0
A275 8A00             (./generated-code/):00266 [2]     930             ORA #$00
A277 A7C89F           (./generated-code/):00267 [5]     935             STA -97,U
A27A A6C889           (./generated-code/):00268 [5]     940             LDA -119,U
A27D 84F0             (./generated-code/):00269 [2]     942             ANDA #$F0
A27F 8A00             (./generated-code/):00270 [2]     944             ORA #$00
A281 A7C889           (./generated-code/):00271 [5]     949             STA -119,U
A284 33C9FF12         (./generated-code/):00272 [8]     957             LEAU -238,U
                      (./generated-code/):00273                 
A288 A6C865           (./generated-code/):00274 [5]     962             LDA 101,U
A28B 840F             (./generated-code/):00275 [2]     964             ANDA #$0F
A28D 8A00             (./generated-code/):00276 [2]     966             ORA #$00
A28F A7C865           (./generated-code/):00277 [5]     971             STA 101,U
A292 A6C83F           (./generated-code/):00278 [5]     976             LDA 63,U
A295 84F0             (./generated-code/):00279 [2]     978             ANDA #$F0
A297 8A01             (./generated-code/):00280 [2]     980             ORA #$01
A299 A7C83F           (./generated-code/):00281 [5]     985             STA 63,U
A29C A6C825           (./generated-code/):00282 [5]     990             LDA 37,U
A29F 84F0             (./generated-code/):00283 [2]     992             ANDA #$F0
A2A1 8A01             (./generated-code/):00284 [2]     994             ORA #$01
A2A3 A7C825           (./generated-code/):00285 [5]     999             STA 37,U
A2A6 A6C817           (./generated-code/):00286 [5]     1004            LDA 23,U
A2A9 840F             (./generated-code/):00287 [2]     1006            ANDA #$0F
A2AB 8A10             (./generated-code/):00288 [2]     1008            ORA #$10
A2AD A7C817           (./generated-code/):00289 [5]     1013            STA 23,U
A2B0 A6C4             (./generated-code/):00290 [4]     1017            LDA ,U
A2B2 840F             (./generated-code/):00291 [2]     1019            ANDA #$0F
A2B4 8A00             (./generated-code/):00292 [2]     1021            ORA #$00
A2B6 A7C4             (./generated-code/):00293 [4]     1025            STA ,U
A2B8 A6C8EF           (./generated-code/):00294 [5]     1030            LDA -17,U
A2BB 840F             (./generated-code/):00295 [2]     1032            ANDA #$0F
A2BD 8A10             (./generated-code/):00296 [2]     1034            ORA #$10
A2BF A7C8EF           (./generated-code/):00297 [5]     1039            STA -17,U
A2C2 A6C8AE           (./generated-code/):00298 [5]     1044            LDA -82,U
A2C5 840F             (./generated-code/):00299 [2]     1046            ANDA #$0F
A2C7 8A10             (./generated-code/):00300 [2]     1048            ORA #$10
A2C9 A7C8AE           (./generated-code/):00301 [5]     1053            STA -82,U
A2CC A6C89C           (./generated-code/):00302 [5]     1058            LDA -100,U
A2CF 840F             (./generated-code/):00303 [2]     1060            ANDA #$0F
A2D1 8A10             (./generated-code/):00304 [2]     1062            ORA #$10
A2D3 A7C89C           (./generated-code/):00305 [5]     1067            STA -100,U
A2D6 33C9FEC0         (./generated-code/):00306 [8]     1075            LEAU -320,U
                      (./generated-code/):00307                 
A2DA A6C879           (./generated-code/):00308 [5]     1080            LDA 121,U
A2DD 840F             (./generated-code/):00309 [2]     1082            ANDA #$0F
A2DF 8A10             (./generated-code/):00310 [2]     1084            ORA #$10
A2E1 A7C879           (./generated-code/):00311 [5]     1089            STA 121,U
A2E4 A6C863           (./generated-code/):00312 [5]     1094            LDA 99,U
A2E7 84F0             (./generated-code/):00313 [2]     1096            ANDA #$F0
A2E9 8A01             (./generated-code/):00314 [2]     1098            ORA #$01
A2EB A7C863           (./generated-code/):00315 [5]     1103            STA 99,U
A2EE A6C829           (./generated-code/):00316 [5]     1108            LDA 41,U
A2F1 84F0             (./generated-code/):00317 [2]     1110            ANDA #$F0
A2F3 8A01             (./generated-code/):00318 [2]     1112            ORA #$01
A2F5 A7C829           (./generated-code/):00319 [5]     1117            STA 41,U
A2F8 A6C827           (./generated-code/):00320 [5]     1122            LDA 39,U
A2FB 840F             (./generated-code/):00321 [2]     1124            ANDA #$0F
A2FD 8A00             (./generated-code/):00322 [2]     1126            ORA #$00
A2FF A7C827           (./generated-code/):00323 [5]     1131            STA 39,U
A302 A6C815           (./generated-code/):00324 [5]     1136            LDA 21,U
A305 84F0             (./generated-code/):00325 [2]     1138            ANDA #$F0
A307 8A00             (./generated-code/):00326 [2]     1140            ORA #$00
A309 A7C815           (./generated-code/):00327 [5]     1145            STA 21,U
A30C A65F             (./generated-code/):00328 [5]     1150            LDA -1,U
A30E 84F0             (./generated-code/):00329 [2]     1152            ANDA #$F0
A310 8A00             (./generated-code/):00330 [2]     1154            ORA #$00
A312 A75F             (./generated-code/):00331 [5]     1159            STA -1,U
A314 A6C8ED           (./generated-code/):00332 [5]     1164            LDA -19,U
A317 840F             (./generated-code/):00333 [2]     1166            ANDA #$0F
A319 8A00             (./generated-code/):00334 [2]     1168            ORA #$00
A31B A7C8ED           (./generated-code/):00335 [5]     1173            STA -19,U
A31E A6C8EB           (./generated-code/):00336 [5]     1178            LDA -21,U
A321 840F             (./generated-code/):00337 [2]     1180            ANDA #$0F
A323 8A10             (./generated-code/):00338 [2]     1182            ORA #$10
A325 A7C8EB           (./generated-code/):00339 [5]     1187            STA -21,U
A328 A6C89B           (./generated-code/):00340 [5]     1192            LDA -101,U
A32B 840F             (./generated-code/):00341 [2]     1194            ANDA #$0F
A32D 8A10             (./generated-code/):00342 [2]     1196            ORA #$10
A32F A7C89B           (./generated-code/):00343 [5]     1201            STA -101,U
A332 A6C888           (./generated-code/):00344 [5]     1206            LDA -120,U
A335 840F             (./generated-code/):00345 [2]     1208            ANDA #$0F
A337 8A00             (./generated-code/):00346 [2]     1210            ORA #$00
A339 A7C888           (./generated-code/):00347 [5]     1215            STA -120,U
A33C 8611             (./generated-code/):00348 [2]     1217            LDA #$11
A33E A7C851           (./generated-code/):00349 [5]     1222            STA 81,U
A341 A7C83B           (./generated-code/):00350 [5]     1227            STA 59,U
A344 A7C813           (./generated-code/):00351 [5]     1232            STA 19,U
A347 33C9FF2E         (./generated-code/):00352 [8]     1240            LEAU -210,U
                      (./generated-code/):00353                 
A34B ECC845           (./generated-code/):00354 [6]     1246            LDD 69,U
A34E 8611             (./generated-code/):00355 [2]     1248            LDA #$11
A350 C4F0             (./generated-code/):00356 [2]     1250            ANDB #$F0
A352 CA00             (./generated-code/):00357 [2]     1252            ORB #$00
A354 EDC845           (./generated-code/):00358 [6]     1258            STD 69,U
A357 8600             (./generated-code/):00359 [2]     1260            LDA #$00
A359 A7C832           (./generated-code/):00360 [5]     1265            STA 50,U
A35C ECC81D           (./generated-code/):00361 [6]     1271            LDD 29,U
A35F 84F0             (./generated-code/):00362 [2]     1273            ANDA #$F0
A361 8A01             (./generated-code/):00363 [2]     1275            ORA #$01
A363 C600             (./generated-code/):00364 [2]     1277            LDB #$00
A365 EDC81D           (./generated-code/):00365 [6]     1283            STD 29,U
A368 EC4A             (./generated-code/):00366 [6]     1289            LDD 10,U
A36A 84F0             (./generated-code/):00367 [2]     1291            ANDA #$F0
A36C C4F0             (./generated-code/):00368 [2]     1293            ANDB #$F0
A36E C30001           (./generated-code/):00369 [4]     1297            ADDD #$0001
A371 ED4A             (./generated-code/):00370 [6]     1303            STD 10,U
A373 EC55             (./generated-code/):00371 [6]     1309            LDD -11,U
A375 84F0             (./generated-code/):00372 [2]     1311            ANDA #$F0
A377 C40F             (./generated-code/):00373 [2]     1313            ANDB #$0F
A379 C30100           (./generated-code/):00374 [4]     1317            ADDD #$0100
A37C ED55             (./generated-code/):00375 [6]     1323            STD -11,U
A37E A6C8E3           (./generated-code/):00376 [5]     1328            LDA -29,U
A381 84F0             (./generated-code/):00377 [2]     1330            ANDA #$F0
A383 8A01             (./generated-code/):00378 [2]     1332            ORA #$01
A385 A7C8E3           (./generated-code/):00379 [5]     1337            STA -29,U
A388 A6C8CE           (./generated-code/):00380 [5]     1342            LDA -50,U
A38B 840F             (./generated-code/):00381 [2]     1344            ANDA #$0F
A38D 8A00             (./generated-code/):00382 [2]     1346            ORA #$00
A38F A7C8CE           (./generated-code/):00383 [5]     1351            STA -50,U
A392 A6C8BB           (./generated-code/):00384 [5]     1356            LDA -69,U
A395 84F0             (./generated-code/):00385 [2]     1358            ANDA #$F0
A397 8A01             (./generated-code/):00386 [2]     1360            ORA #$01
A399 A7C8BB           (./generated-code/):00387 [5]     1365            STA -69,U
A39C 33C9ED16         (./generated-code/):00388 [8]     1373            LEAU -4842,U
                      (./generated-code/):00389                 
A3A0 A6C865           (./generated-code/):00390 [5]     1378            LDA 101,U
A3A3 84F0             (./generated-code/):00391 [2]     1380            ANDA #$F0
A3A5 8A00             (./generated-code/):00392 [2]     1382            ORA #$00
A3A7 A7C865           (./generated-code/):00393 [5]     1387            STA 101,U
A3AA A6C83C           (./generated-code/):00394 [5]     1392            LDA 60,U
A3AD 84F0             (./generated-code/):00395 [2]     1394            ANDA #$F0
A3AF 8A01             (./generated-code/):00396 [2]     1396            ORA #$01
A3B1 A7C83C           (./generated-code/):00397 [5]     1401            STA 60,U
A3B4 A6C814           (./generated-code/):00398 [5]     1406            LDA 20,U
A3B7 84F0             (./generated-code/):00399 [2]     1408            ANDA #$F0
A3B9 8A01             (./generated-code/):00400 [2]     1410            ORA #$01
A3BB A7C814           (./generated-code/):00401 [5]     1415            STA 20,U
A3BE A6C8EC           (./generated-code/):00402 [5]     1420            LDA -20,U
A3C1 84F0             (./generated-code/):00403 [2]     1422            ANDA #$F0
A3C3 8A01             (./generated-code/):00404 [2]     1424            ORA #$01
A3C5 A7C8EC           (./generated-code/):00405 [5]     1429            STA -20,U
A3C8 A6C89C           (./generated-code/):00406 [5]     1434            LDA -100,U
A3CB 840F             (./generated-code/):00407 [2]     1436            ANDA #$0F
A3CD 8A10             (./generated-code/):00408 [2]     1438            ORA #$10
A3CF A7C89C           (./generated-code/):00409 [5]     1443            STA -100,U
A3D2 33C9FEAE         (./generated-code/):00410 [8]     1451            LEAU -338,U
                      (./generated-code/):00411                 
A3D6 8611             (./generated-code/):00412 [2]     1453            LDA #$11
A3D8 A7C8B2           (./generated-code/):00413 [5]     1458            STA -78,U
A3DB A7C88A           (./generated-code/):00414 [5]     1463            STA -118,U
A3DE A6C879           (./generated-code/):00415 [5]     1468            LDA 121,U
A3E1 840F             (./generated-code/):00416 [2]     1470            ANDA #$0F
A3E3 8A10             (./generated-code/):00417 [2]     1472            ORA #$10
A3E5 A7C879           (./generated-code/):00418 [5]     1477            STA 121,U
A3E8 A6C851           (./generated-code/):00419 [5]     1482            LDA 81,U
A3EB 84F0             (./generated-code/):00420 [2]     1484            ANDA #$F0
A3ED 8A01             (./generated-code/):00421 [2]     1486            ORA #$01
A3EF A7C851           (./generated-code/):00422 [5]     1491            STA 81,U
A3F2 A6C827           (./generated-code/):00423 [5]     1496            LDA 39,U
A3F5 840F             (./generated-code/):00424 [2]     1498            ANDA #$0F
A3F7 8A00             (./generated-code/):00425 [2]     1500            ORA #$00
A3F9 A7C827           (./generated-code/):00426 [5]     1505            STA 39,U
A3FC A65F             (./generated-code/):00427 [5]     1510            LDA -1,U
A3FE 84F0             (./generated-code/):00428 [2]     1512            ANDA #$F0
A400 8A00             (./generated-code/):00429 [2]     1514            ORA #$00
A402 A75F             (./generated-code/):00430 [5]     1519            STA -1,U
A404 A6C8DA           (./generated-code/):00431 [5]     1524            LDA -38,U
A407 840F             (./generated-code/):00432 [2]     1526            ANDA #$0F
A409 8A10             (./generated-code/):00433 [2]     1528            ORA #$10
A40B A7C8DA           (./generated-code/):00434 [5]     1533            STA -38,U
A40E A6C888           (./generated-code/):00435 [5]     1538            LDA -120,U
A411 840F             (./generated-code/):00436 [2]     1540            ANDA #$0F
A413 8A00             (./generated-code/):00437 [2]     1542            ORA #$00
A415 A7C888           (./generated-code/):00438 [5]     1547            STA -120,U
A418 33C9FEE9         (./generated-code/):00439 [8]     1555            LEAU -279,U
                      (./generated-code/):00440                 
A41C A6C879           (./generated-code/):00441 [5]     1560            LDA 121,U
A41F 84F0             (./generated-code/):00442 [2]     1562            ANDA #$F0
A421 8A01             (./generated-code/):00443 [2]     1564            ORA #$01
A423 A7C879           (./generated-code/):00444 [5]     1569            STA 121,U
A426 A6C851           (./generated-code/):00445 [5]     1574            LDA 81,U
A429 84F0             (./generated-code/):00446 [2]     1576            ANDA #$F0
A42B 8A01             (./generated-code/):00447 [2]     1578            ORA #$01
A42D A7C851           (./generated-code/):00448 [5]     1583            STA 81,U
A430 A6C84F           (./generated-code/):00449 [5]     1588            LDA 79,U
A433 84F0             (./generated-code/):00450 [2]     1590            ANDA #$F0
A435 8A00             (./generated-code/):00451 [2]     1592            ORA #$00
A437 A7C84F           (./generated-code/):00452 [5]     1597            STA 79,U
A43A A6C4             (./generated-code/):00453 [4]     1601            LDA ,U
A43C 840F             (./generated-code/):00454 [2]     1603            ANDA #$0F
A43E 8A00             (./generated-code/):00455 [2]     1605            ORA #$00
A440 A7C4             (./generated-code/):00456 [4]     1609            STA ,U
A442 8600             (./generated-code/):00457 [2]     1611            LDA #$00
A444 A7C877           (./generated-code/):00458 [5]     1616            STA 119,U
A447 A7C8B0           (./generated-code/):00459 [5]     1621            STA -80,U
A44A A7C888           (./generated-code/):00460 [5]     1626            STA -120,U
A44D ECC8D8           (./generated-code/):00461 [6]     1632            LDD -40,U
A450 8600             (./generated-code/):00462 [2]     1634            LDA #$00
A452 C4F0             (./generated-code/):00463 [2]     1636            ANDB #$F0
A454 CA00             (./generated-code/):00464 [2]     1638            ORB #$00
A456 EDC8D8           (./generated-code/):00465 [6]     1644            STD -40,U
A459 33C9FF61         (./generated-code/):00466 [8]     1652            LEAU -159,U
                      (./generated-code/):00467                 
A45D A6C4             (./generated-code/):00468 [4]     1656            LDA ,U
A45F 840F             (./generated-code/):00469 [2]     1658            ANDA #$0F
A461 8A00             (./generated-code/):00470 [2]     1660            ORA #$00
A463 A7C4             (./generated-code/):00471 [4]     1664            STA ,U
A465 39               (./generated-code/):00472 [5]     1669            RTS
                      (./generated-code/):00473                 
