                      (./generated-code/):00001                 INCLUDE "./engine/constants.asm"
                      (./engine/constant):00001         * ---------------------------------------------------------------------------
                      (./engine/constant):00002         * Constants
                      (./engine/constant):00003         *
                      (./engine/constant):00004         * Naming convention
                      (./engine/constant):00005         * -----------------
                      (./engine/constant):00006         * - lower case
                      (./engine/constant):00007         * - underscore-separated names
                      (./engine/constant):00008         *
                      (./engine/constant):00009         * ---------------------------------------------------------------------------
                      (./engine/constant):00010         
                      (./engine/constant):00011          ifndef CONSTANTS_ASM
     0001             (./engine/constant):00012         CONSTANTS_ASM equ 1
                      (./engine/constant):00013         
                      (./engine/constant):00014         * ===========================================================================
                      (./engine/constant):00015         * TO8 Registers
                      (./engine/constant):00016         * ===========================================================================
                      (./engine/constant):00017         
                      (./engine/constant):00018         ; Disk routine registers (ROM)
                      (./engine/constant):00019         
     6049             (./engine/constant):00020         dk_drive                      equ $6049
     604A             (./engine/constant):00021         dk_track                      equ $604A
     604B             (./engine/constant):00022         dk_track_lsb                  equ $604B
     604C             (./engine/constant):00023         dk_sector                     equ $604C
     604F             (./engine/constant):00024         dk_write_location             equ $604F
                      (./engine/constant):00025         
                      (./engine/constant):00026         * ===========================================================================
                      (./engine/constant):00027         * Globals
                      (./engine/constant):00028         * ===========================================================================
                      (./engine/constant):00029         
                      (./engine/constant):00030         ; compilated sprite
     9FFE             (./engine/constant):00031         glb_register_s                equ $9FFE  ; reverved space to store S from ROM routines
                      (./engine/constant):00032         
                      (./engine/constant):00033         ; DrawSprites
     9FFC             (./engine/constant):00034         glb_screen_location_1         equ $9FFC  ; start address for rendering of current sprite Part1     
     9FFA             (./engine/constant):00035         glb_screen_location_2         equ $9FFA  ; start address for rendering of current sprite Part2 (Must follow Part1)
                      (./engine/constant):00036         
                      (./engine/constant):00037         ; CheckSpritesRefresh
     9FF9             (./engine/constant):00038         glb_cur_priority              equ $9FF9
     9FF7             (./engine/constant):00039         glb_cur_ptr_sub_obj_erase     equ $9FF7
     9FF5             (./engine/constant):00040         glb_cur_ptr_sub_obj_draw      equ $9FF5
                      (./engine/constant):00041         
     9FF3             (./engine/constant):00042         glb_camera_x_pos              equ $9FF3 ; camera x position in palyfield coordinates
     9FF1             (./engine/constant):00043         glb_camera_y_pos              equ $9FF1 ; camera y position in palyfield coordinates
     9FEF             (./engine/constant):00044         glb_camera_x_min_pos          equ $9FEF
     9FED             (./engine/constant):00045         glb_camera_y_min_pos          equ $9FED
     9FEB             (./engine/constant):00046         glb_camera_x_max_pos          equ $9FEB
     9FE9             (./engine/constant):00047         glb_camera_y_max_pos          equ $9FE9
     9FE8             (./engine/constant):00048         glb_camera_x_offset           equ $9FE8
     9FE7             (./engine/constant):00049         glb_camera_y_offset           equ $9FE7 
     9FE6             (./engine/constant):00050         glb_force_sprite_refresh      equ $9FE6
     9FE5             (./engine/constant):00051         glb_camera_move               equ $9FE5
     9FE4             (./engine/constant):00052         glb_alphaTiles                equ $9FE4
     9FE3             (./engine/constant):00053         glb_timer_second              equ $9FE3
     9FE2             (./engine/constant):00054         glb_timer_minute              equ $9FE2
     9FE2             (./engine/constant):00055         glb_timer                     equ $9FE2 
     9FE1             (./engine/constant):00056         glb_timer_frame               equ $9FE1
                      (./engine/constant):00057         
                      (./engine/constant):00058         ; BankSwitch
     9FE0             (./engine/constant):00059         glb_Page                      equ $9FE0
     9FB0             (./engine/constant):00060         dp_engine                     equ $9FB0 ; engine and user routines tmp var space
     9F00             (./engine/constant):00061         dp                            equ $9F00 ; free user tmp var space
     9F00             (./engine/constant):00062         glb_system_stack              equ $9F00
                      (./engine/constant):00063         
                      (./engine/constant):00064         * ===========================================================================
                      (./engine/constant):00065         * Display Constants
                      (./engine/constant):00066         * ===========================================================================
                      (./engine/constant):00067         
     00A0             (./engine/constant):00068         screen_width                  equ 160    ; in pixel
     001C             (./engine/constant):00069         screen_top                    equ 28     ; in pixel
     00E3             (./engine/constant):00070         screen_bottom                 equ 28+199 ; in pixel
     0030             (./engine/constant):00071         screen_left                   equ 48     ; in pixel
     00CF             (./engine/constant):00072         screen_right                  equ 48+159 ; in pixel
     0008             (./engine/constant):00073         nb_priority_levels            equ 8      ; number of priority levels (need code change if modified)
                      (./engine/constant):00074         
                      (./engine/constant):00075         * ===========================================================================
                      (./engine/constant):00076         * Images Constants
                      (./engine/constant):00077         * ===========================================================================
                      (./engine/constant):00078         
     0004             (./engine/constant):00079         image_x_size                  equ 4
     0005             (./engine/constant):00080         image_y_size                  equ 5
     0006             (./engine/constant):00081         image_center_offset           equ 6
                      (./engine/constant):00082         
     0004             (./engine/constant):00083         image_subset_x1_offset        equ 4
     0005             (./engine/constant):00084         image_subset_y1_offset        equ 5
                      (./engine/constant):00085         
     0000             (./engine/constant):00086         page_draw_routine             equ 0
     0001             (./engine/constant):00087         draw_routine                  equ 1
     0003             (./engine/constant):00088         page_erase_routine            equ 3
     0004             (./engine/constant):00089         erase_routine                 equ 4
     0006             (./engine/constant):00090         erase_nb_cell                 equ 6
                      (./engine/constant):00091         
                      (./engine/constant):00092         * ===========================================================================
                      (./engine/constant):00093         * Sound Constants
                      (./engine/constant):00094         * ===========================================================================
                      (./engine/constant):00095         
     0000             (./engine/constant):00096         sound_page        equ 0
     0001             (./engine/constant):00097         sound_start_addr  equ 1
     0003             (./engine/constant):00098         sound_end_addr    equ 3
     0005             (./engine/constant):00099         sound_meta_size   equ 5
                      (./engine/constant):00100         
                      (./engine/constant):00101         * ===========================================================================
                      (./engine/constant):00102         * Object Constants
                      (./engine/constant):00103         * ===========================================================================
                      (./engine/constant):00104         
                      (./engine/constant):00105         ; ext_variables_size should be declared in game source code
                      (./engine/constant):00106         
     0022             (./engine/constant):00107         object_base_size              equ 34  ; the size of an object without ext_vars - DEPENDENCY ClearObj routine
     003B             (./engine/constant):00108         object_rsvd_size              equ 59  ; the size of an object without ext_vars - DEPENDENCY ClearObj routine
     ????             (./engine/constant):00109         object_rsvd                   equ object_base_size+ext_variables_size
     ????             (./engine/constant):00110         object_size                   equ object_base_size+ext_variables_size+object_rsvd_size ; the size of a dynamic object
     ????             (./engine/constant):00111         next_object                   equ object_size
     0022             (./engine/constant):00112         ext_variables                 equ object_base_size ; start of reserved space for additionnal variables
                      (./engine/constant):00113         
     0000             (./engine/constant):00114         id                            equ 0           ; reference to object model id (ObjID_) (0: free slot)
     0001             (./engine/constant):00115         subtype                       equ 1           ; reference to object subtype (Sub_) DEPENDENCY subtype must follow id
     0002             (./engine/constant):00116         render_flags                  equ 2
                      (./engine/constant):00117         
                      (./engine/constant):00118         ; bit 7 = onscreen flag, bit 0 = x mirror, bit 1 = y mirror, bit 2 = coordinate system, bit 6 = render subobjects
                      (./engine/constant):00119         
                      (./engine/constant):00120         * --- render_flags bitfield variables ---
     0001             (./engine/constant):00121         render_xmirror_mask           equ $01 ; (bit 0) DEPENDENCY should be bit 0 - tell display engine to mirror sprite on horizontal axis
     0002             (./engine/constant):00122         render_ymirror_mask           equ $02 ; (bit 1) DEPENDENCY should be bit 1 - tell display engine to mirror sprite on vertical axis
     0004             (./engine/constant):00123         render_overlay_mask           equ $04 ; (bit 2) DEPENDENCY should be bit 2 - compilated sprite with no background save
     0008             (./engine/constant):00124         render_playfieldcoord_mask    equ $08 ; (bit 3) tell display engine to use playfield (1) or screen (0) coordinates
     0010             (./engine/constant):00125         render_xloop_mask             equ $10 ; (bit 4) (in screen coordinate) tell display engine to hide sprite when x is out of screen (0) or to display (1)  
     0020             (./engine/constant):00126         render_todelete_mask          equ $20 ; (bit 5) tell display engine to delete sprite and clear OST for this object
     0040             (./engine/constant):00127         render_subobjects             equ $40 ; (bit 6) tell display engine to render subobjects for this object
     0080             (./engine/constant):00128         render_hide_mask              equ $80 ; (bit 7) tell display engine to hide sprite (keep priority and mapping_frame)
                      (./engine/constant):00129         
     0003             (./engine/constant):00130         priority                      equ 3           ; display priority (0: nothing to display, 1:front, ..., 8:back)
     0004             (./engine/constant):00131         anim                          equ 4  ; and 5  ; reference to current animation (Ani_)
     0006             (./engine/constant):00132         prev_anim                     equ 6  ; and 7  ; reference to previous animation (Ani_)
     0008             (./engine/constant):00133         anim_frame                    equ 8           ; index of current frame in animation
     0009             (./engine/constant):00134         anim_frame_duration           equ 9           ; number of frames for each image in animation, range: 00-7F (0-127), 0 means display only during one frame
     000A             (./engine/constant):00135         anim_flags                    equ 10          ; byte offset to reference an anim_flags LUT (adv) / store a link flag (non adv)
                      (./engine/constant):00136         
                      (./engine/constant):00137         * --- anim_flags bitfield variables ---
     0001             (./engine/constant):00138         anim_link_mask                equ $01 ; (bit 0) if set, allow the load of a new animation without reseting anim_frame and anim_frame_duration
                      (./engine/constant):00139         
     000B             (./engine/constant):00140         status_flags                  equ 11          ; orientation of sprite, is applied to animation xmirror flag during AnimateSprite
                      (./engine/constant):00141         
                      (./engine/constant):00142         * --- status_flags bitfield variables ---
     0001             (./engine/constant):00143         status_xflip_mask             equ $01 ; (bit 0) X Flip
     0002             (./engine/constant):00144         status_yflip_mask             equ $02 ; (bit 1) Y Flip
                      (./engine/constant):00145         
     000C             (./engine/constant):00146         image_set                     equ 12 ; and 13 ; reference to current image (Img_) (0000 if no image)
     000E             (./engine/constant):00147         x_pos                         equ 14 ; and 15 ; x playfield coordinate
     0010             (./engine/constant):00148         x_sub                         equ 16          ; x subpixel (1/256 of a pixel), must follow x_pos in data structure
     0011             (./engine/constant):00149         y_pos                         equ 17 ; and 18 ; y playfield coordinate
     0013             (./engine/constant):00150         y_sub                         equ 19          ; y subpixel (1/256 of a pixel), must follow y_pos in data structure
     0014             (./engine/constant):00151         xy_pixel                      equ 20          ; x and y screen coordinate
     0014             (./engine/constant):00152         x_pixel                       equ 20          ; x screen coordinate
     0015             (./engine/constant):00153         y_pixel                       equ 21          ; y screen coordinate, must follow x_pixel
     0016             (./engine/constant):00154         x_vel                         equ 22 ; and 23 ; horizontal velocity
     0018             (./engine/constant):00155         y_vel                         equ 24 ; and 25 ; vertical velocity
     001A             (./engine/constant):00156         x_acl                         equ 26 ; and 27 ; horizontal gravity
     001C             (./engine/constant):00157         y_acl                         equ 28 ; and 29 ; vertical gravity
     001E             (./engine/constant):00158         routine                       equ 30          ; index of current object routine
     001F             (./engine/constant):00159         routine_secondary             equ 31          ; index of current secondary routine
     0020             (./engine/constant):00160         routine_tertiary              equ 32          ; index of current tertiary routine
     0021             (./engine/constant):00161         routine_quaternary            equ 33          ; index of current quaternary routine
                      (./engine/constant):00162         
                      (./engine/constant):00163         * ---------------------------------------------------------------------------
                      (./engine/constant):00164         * reserved variables (read/write by engine)
                      (./engine/constant):00165         
     ????             (./engine/constant):00166         rsv_render_flags              equ object_rsvd
                      (./engine/constant):00167         
                      (./engine/constant):00168         * --- rsv_render_flags bitfield variables ---
     0001             (./engine/constant):00169         rsv_render_checkrefresh_mask  equ $01 ; (bit 0) if erasesprite and display sprite flag are processed for this frame
     0002             (./engine/constant):00170         rsv_render_erasesprite_mask   equ $02 ; (bit 1) if a sprite need to be cleared on screen
     0004             (./engine/constant):00171         rsv_render_displaysprite_mask equ $04 ; (bit 2) if a sprite need to be rendered on screen
     0008             (./engine/constant):00172         rsv_render_outofrange_mask    equ $08 ; (bit 3) if a sprite is out of range for full rendering in screen
     0080             (./engine/constant):00173         rsv_render_onscreen_mask      equ $80 ; (bit 7) DEPENDENCY should be bit 7 - has been rendered on last screen buffer (may be 0 or 1)
                      (./engine/constant):00174         
     ????             (./engine/constant):00175         rsv_prev_anim                 equ object_rsvd+1 ; and +2 ; reference to previous animation (Ani_) w * UTILE ?
     ????             (./engine/constant):00176         rsv_image_center_offset       equ object_rsvd+3 ; 0 or 1 offset that indicate if image center is even or odd (DRS_XYToAddress)
     ????             (./engine/constant):00177         rsv_image_subset              equ object_rsvd+4 ; and +5 ; reference to current image regarding mirror flags w
     ????             (./engine/constant):00178         rsv_mapping_frame             equ object_rsvd+6 ; and +7 ; reference to current image regarding mirror flags, overlay flag and x precision w
     ????             (./engine/constant):00179         rsv_erase_nb_cell             equ object_rsvd+8 ; b 
     ????             (./engine/constant):00180         rsv_page_draw_routine         equ object_rsvd+9 ; b
     ????             (./engine/constant):00181         rsv_draw_routine              equ object_rsvd+10 ; and +11 ; w
     ????             (./engine/constant):00182         rsv_page_erase_routine        equ object_rsvd+12 ; b
     ????             (./engine/constant):00183         rsv_erase_routine             equ object_rsvd+13 ; and +14 ; w 
     ????             (./engine/constant):00184         rsv_xy1_pixel                 equ object_rsvd+15 ;
     ????             (./engine/constant):00185         rsv_x1_pixel                  equ object_rsvd+15 ; x+x_offset-(x_size/2) screen coordinate
     ????             (./engine/constant):00186         rsv_y1_pixel                  equ object_rsvd+16 ; y+y_offset-(y_size/2) screen coordinate, must follow rsv_x1_pixel
     ????             (./engine/constant):00187         rsv_xy2_pixel                 equ object_rsvd+17 ;
     ????             (./engine/constant):00188         rsv_x2_pixel                  equ object_rsvd+17 ; x+x_offset+(x_size/2) screen coordinate
     ????             (./engine/constant):00189         rsv_y2_pixel                  equ object_rsvd+18 ; y+y_offset+(y_size/2) screen coordinate, must follow rsv_x2_pixel
                      (./engine/constant):00190         
                      (./engine/constant):00191         * ---------------------------------------------------------------------------
                      (./engine/constant):00192         * reserved variables (engine) - buffer specific
                      (./engine/constant):00193         
     ????             (./engine/constant):00194         rsv_buffer_0                  equ object_rsvd+19 ; Start index of buffer 0 variables
     ????             (./engine/constant):00195         rsv_priority_0                equ object_rsvd+19 ; internal value that hold priority in video buffer 0
     ????             (./engine/constant):00196         rsv_priority_prev_obj_0       equ object_rsvd+20 ; and +21 ; previous object (OST address) in display priority list for video buffer 0 (0000 if none) w
     ????             (./engine/constant):00197         rsv_priority_next_obj_0       equ object_rsvd+22 ; and +23 ; next object (OST address) in display priority list for video buffer 0 (0000 if none) w
     ????             (./engine/constant):00198         rsv_prev_mapping_frame_0      equ object_rsvd+24 ; and object_rsvd+25 ; reference to previous image in video buffer 0 w
     ????             (./engine/constant):00199         rsv_prev_erase_nb_cell_0      equ object_rsvd+26 : b
     ????             (./engine/constant):00200         rsv_prev_page_erase_routine_0 equ object_rsvd+27 ; b
     ????             (./engine/constant):00201         rsv_prev_erase_routine_0      equ object_rsvd+28 ; and object_rsvd+29 ; w
     ????             (./engine/constant):00202         rsv_bgdata_0                  equ object_rsvd+30 ; and +31 ; address of background data in screen 0 w
     ????             (./engine/constant):00203         rsv_prev_xy_pixel_0           equ object_rsvd+32 ;
     ????             (./engine/constant):00204         rsv_prev_x_pixel_0            equ object_rsvd+32 ; previous x screen coordinate b
     ????             (./engine/constant):00205         rsv_prev_y_pixel_0            equ object_rsvd+33 ; previous y screen coordinate b, must follow x_pixel
     ????             (./engine/constant):00206         rsv_prev_xy1_pixel_0          equ object_rsvd+34 ;
     ????             (./engine/constant):00207         rsv_prev_x1_pixel_0           equ object_rsvd+34 ; previous x+x_offset-(x_size/2) screen coordinate b
     ????             (./engine/constant):00208         rsv_prev_y1_pixel_0           equ object_rsvd+35 ; previous y+y_offset-(y_size/2) screen coordinate b, must follow x1_pixel
     ????             (./engine/constant):00209         rsv_prev_xy2_pixel_0          equ object_rsvd+36 ;
     ????             (./engine/constant):00210         rsv_prev_x2_pixel_0           equ object_rsvd+36 ; previous x+x_offset+(x_size/2) screen coordinate b
     ????             (./engine/constant):00211         rsv_prev_y2_pixel_0           equ object_rsvd+37 ; previous y+y_offset+(y_size/2) screen coordinate b, must follow x2_pixel
     ????             (./engine/constant):00212         rsv_prev_render_flags_0       equ object_rsvd+38 ;
                      (./engine/constant):00213         * --- rsv_prev_render_flags_0 bitfield variables ---
     0001             (./engine/constant):00214         rsv_prev_render_overlay_mask  equ $01 ; (bit 0) if a sprite has been rendered with compilated sprite and no background save on screen buffer 0/1
     0080             (./engine/constant):00215         rsv_prev_render_onscreen_mask equ $80 ; (bit 7) DEPENDENCY should be bit 7 - has been rendered on screen buffer 0/1
                      (./engine/constant):00216         
     ????             (./engine/constant):00217         rsv_buffer_1                  equ object_rsvd+39 ; Start index of buffer 1 variables
     ????             (./engine/constant):00218         rsv_priority_1                equ object_rsvd+39 ; internal value that hold priority in video buffer 1
     ????             (./engine/constant):00219         rsv_priority_prev_obj_1       equ object_rsvd+40 ; and +41 ; previous object (OST address) in display priority list for video buffer 1 (0000 if none) w
     ????             (./engine/constant):00220         rsv_priority_next_obj_1       equ object_rsvd+42 ; and +43 ; next object (OST address) in display priority list for video buffer 1 (0000 if none) w
     ????             (./engine/constant):00221         rsv_prev_mapping_frame_1      equ object_rsvd+44 ; and +45 ; reference to previous image in video buffer 1 w
     ????             (./engine/constant):00222         rsv_prev_erase_nb_cell_1      equ object_rsvd+46 ; b
     ????             (./engine/constant):00223         rsv_prev_page_erase_routine_1 equ object_rsvd+47 ; b
     ????             (./engine/constant):00224         rsv_prev_erase_routine_1      equ object_rsvd+48 ; and +49 ; w
     ????             (./engine/constant):00225         rsv_bgdata_1                  equ object_rsvd+50 ; and +51 ; address of background data in screen 1 w
     ????             (./engine/constant):00226         rsv_prev_xy_pixel_1           equ object_rsvd+52 ;
     ????             (./engine/constant):00227         rsv_prev_x_pixel_1            equ object_rsvd+52 ; previous x screen coordinate b
     ????             (./engine/constant):00228         rsv_prev_y_pixel_1            equ object_rsvd+53 ; previous y screen coordinate b, must follow x_pixel
     ????             (./engine/constant):00229         rsv_prev_xy1_pixel_1          equ object_rsvd+54 ;
     ????             (./engine/constant):00230         rsv_prev_x1_pixel_1           equ object_rsvd+54 ; previous x+x_size screen coordinate b
     ????             (./engine/constant):00231         rsv_prev_y1_pixel_1           equ object_rsvd+55 ; previous y+y_size screen coordinate b, must follow x_pixel
     ????             (./engine/constant):00232         rsv_prev_xy2_pixel_1          equ object_rsvd+56 ;
     ????             (./engine/constant):00233         rsv_prev_x2_pixel_1           equ object_rsvd+56 ; previous x+x_size screen coordinate b
     ????             (./engine/constant):00234         rsv_prev_y2_pixel_1           equ object_rsvd+57 ; previous y+y_size screen coordinate b, must follow x_pixel
     ????             (./engine/constant):00235         rsv_prev_render_flags_1       equ object_rsvd+58 ;
                      (./engine/constant):00236         
     0000             (./engine/constant):00237         buf_priority                  equ 0  ; offset for each rsv_buffer variables
     0001             (./engine/constant):00238         buf_priority_prev_obj         equ 1  ;
     0003             (./engine/constant):00239         buf_priority_next_obj         equ 3  ;
     0005             (./engine/constant):00240         buf_prev_mapping_frame        equ 5  ;
     0007             (./engine/constant):00241         buf_erase_nb_cell             equ 7  ;
     0008             (./engine/constant):00242         buf_page_erase_routine        equ 8 ;
     0009             (./engine/constant):00243         buf_erase_routine             equ 9 ;
     000B             (./engine/constant):00244         buf_bgdata                    equ 11 ;
     000D             (./engine/constant):00245         buf_prev_xy_pixel             equ 13 ;
     000D             (./engine/constant):00246         buf_prev_x_pixel              equ 13 ;
     000E             (./engine/constant):00247         buf_prev_y_pixel              equ 14 ;
     000F             (./engine/constant):00248         buf_prev_xy1_pixel            equ 15 ;
     000F             (./engine/constant):00249         buf_prev_x1_pixel             equ 15 ;
     0010             (./engine/constant):00250         buf_prev_y1_pixel             equ 16 ;
     0011             (./engine/constant):00251         buf_prev_xy2_pixel            equ 17 ;
     0011             (./engine/constant):00252         buf_prev_x2_pixel             equ 17 ;
     0012             (./engine/constant):00253         buf_prev_y2_pixel             equ 18 ;
     0013             (./engine/constant):00254         buf_prev_render_flags         equ 19 ;
                      (./engine/constant):00255         
                      (./engine/constant):00256          endc
                      (./generated-code/):00002                 ORG $A000
     FF               (./generated-code/):00003                 SETDP $FF
                      (./generated-code/):00004                 OPT C,CT
A000                  (./generated-code/):00005                 DRAW_Img_0019_0
A000 33C90F14         (./generated-code/):00006 [8]     8               LEAU 3860,U
                      (./generated-code/):00007                 
A004 A6C87C           (./generated-code/):00008 [5]     13              LDA 124,U
A007 840F             (./generated-code/):00009 [2]     15              ANDA #$0F
A009 8A10             (./generated-code/):00010 [2]     17              ORA #$10
A00B A7C87C           (./generated-code/):00011 [5]     22              STA 124,U
A00E A6C824           (./generated-code/):00012 [5]     27              LDA 36,U
A011 840F             (./generated-code/):00013 [2]     29              ANDA #$0F
A013 8A40             (./generated-code/):00014 [2]     31              ORA #$40
A015 A7C824           (./generated-code/):00015 [5]     36              STA 36,U
A018 A65C             (./generated-code/):00016 [5]     41              LDA -4,U
A01A 84F0             (./generated-code/):00017 [2]     43              ANDA #$F0
A01C 8A04             (./generated-code/):00018 [2]     45              ORA #$04
A01E A75C             (./generated-code/):00019 [5]     50              STA -4,U
A020 A6C8D5           (./generated-code/):00020 [5]     55              LDA -43,U
A023 840F             (./generated-code/):00021 [2]     57              ANDA #$0F
A025 8A40             (./generated-code/):00022 [2]     59              ORA #$40
A027 A7C8D5           (./generated-code/):00023 [5]     64              STA -43,U
A02A A6C8AD           (./generated-code/):00024 [5]     69              LDA -83,U
A02D 840F             (./generated-code/):00025 [2]     71              ANDA #$0F
A02F 8A40             (./generated-code/):00026 [2]     73              ORA #$40
A031 A7C8AD           (./generated-code/):00027 [5]     78              STA -83,U
A034 A6C88B           (./generated-code/):00028 [5]     83              LDA -117,U
A037 840F             (./generated-code/):00029 [2]     85              ANDA #$0F
A039 8A40             (./generated-code/):00030 [2]     87              ORA #$40
A03B A7C88B           (./generated-code/):00031 [5]     92              STA -117,U
A03E A6C885           (./generated-code/):00032 [5]     97              LDA -123,U
A041 840F             (./generated-code/):00033 [2]     99              ANDA #$0F
A043 8A30             (./generated-code/):00034 [2]     101             ORA #$30
A045 A7C885           (./generated-code/):00035 [5]     106             STA -123,U
A048 33C9FF23         (./generated-code/):00036 [8]     114             LEAU -221,U
                      (./generated-code/):00037                 
A04C A6C840           (./generated-code/):00038 [5]     119             LDA 64,U
A04F 840F             (./generated-code/):00039 [2]     121             ANDA #$0F
A051 8A10             (./generated-code/):00040 [2]     123             ORA #$10
A053 A7C840           (./generated-code/):00041 [5]     128             STA 64,U
A056 A6C818           (./generated-code/):00042 [5]     133             LDA 24,U
A059 84F0             (./generated-code/):00043 [2]     135             ANDA #$F0
A05B 8A01             (./generated-code/):00044 [2]     137             ORA #$01
A05D A7C818           (./generated-code/):00045 [5]     142             STA 24,U
A060 A650             (./generated-code/):00046 [5]     147             LDA -16,U
A062 84F0             (./generated-code/):00047 [2]     149             ANDA #$F0
A064 8A01             (./generated-code/):00048 [2]     151             ORA #$01
A066 A750             (./generated-code/):00049 [5]     156             STA -16,U
A068 A6C8E9           (./generated-code/):00050 [5]     161             LDA -23,U
A06B 840F             (./generated-code/):00051 [2]     163             ANDA #$0F
A06D 8A10             (./generated-code/):00052 [2]     165             ORA #$10
A06F A7C8E9           (./generated-code/):00053 [5]     170             STA -23,U
A072 A6C8C1           (./generated-code/):00054 [5]     175             LDA -63,U
A075 84F0             (./generated-code/):00055 [2]     177             ANDA #$F0
A077 8A01             (./generated-code/):00056 [2]     179             ORA #$01
A079 A7C8C1           (./generated-code/):00057 [5]     184             STA -63,U
                      (./generated-code/):00058                 
A07C DEFC             (./generated-code/):00059 [5]     189             LDU <glb_screen_location_1
A07E 33C90F37         (./generated-code/):00060 [8]     197             LEAU 3895,U
                      (./generated-code/):00061                 
A082 8644             (./generated-code/):00062 [2]     199             LDA #$44
A084 A7C889           (./generated-code/):00063 [5]     204             STA -119,U
A087 A6C828           (./generated-code/):00064 [5]     209             LDA 40,U
A08A 84F0             (./generated-code/):00065 [2]     211             ANDA #$F0
A08C 8A01             (./generated-code/):00066 [2]     213             ORA #$01
A08E A7C828           (./generated-code/):00067 [5]     218             STA 40,U
A091 A6C4             (./generated-code/):00068 [4]     222             LDA ,U
A093 84F0             (./generated-code/):00069 [2]     224             ANDA #$F0
A095 8A01             (./generated-code/):00070 [2]     226             ORA #$01
A097 A7C4             (./generated-code/):00071 [4]     230             STA ,U
A099 A6C8E0           (./generated-code/):00072 [5]     235             LDA -32,U
A09C 840F             (./generated-code/):00073 [2]     237             ANDA #$0F
A09E 8A40             (./generated-code/):00074 [2]     239             ORA #$40
A0A0 A7C8E0           (./generated-code/):00075 [5]     244             STA -32,U
A0A3 8614             (./generated-code/):00076 [2]     246             LDA #$14
A0A5 A7C878           (./generated-code/):00077 [5]     251             STA 120,U
A0A8 33C9FF18         (./generated-code/):00078 [8]     259             LEAU -232,U
                      (./generated-code/):00079                 
A0AC A6C849           (./generated-code/):00080 [5]     264             LDA 73,U
A0AF 840F             (./generated-code/):00081 [2]     266             ANDA #$0F
A0B1 8A10             (./generated-code/):00082 [2]     268             ORA #$10
A0B3 A7C849           (./generated-code/):00083 [5]     273             STA 73,U
A0B6 A6C828           (./generated-code/):00084 [5]     278             LDA 40,U
A0B9 84F0             (./generated-code/):00085 [2]     280             ANDA #$F0
A0BB 8A01             (./generated-code/):00086 [2]     282             ORA #$01
A0BD A7C828           (./generated-code/):00087 [5]     287             STA 40,U
A0C0 A659             (./generated-code/):00088 [5]     292             LDA -7,U
A0C2 84F0             (./generated-code/):00089 [2]     294             ANDA #$F0
A0C4 8A03             (./generated-code/):00090 [2]     296             ORA #$03
A0C6 A759             (./generated-code/):00091 [5]     301             STA -7,U
A0C8 A6C8D7           (./generated-code/):00092 [5]     306             LDA -41,U
A0CB 84F0             (./generated-code/):00093 [2]     308             ANDA #$F0
A0CD 8A03             (./generated-code/):00094 [2]     310             ORA #$03
A0CF A7C8D7           (./generated-code/):00095 [5]     315             STA -41,U
A0D2 A6C8B0           (./generated-code/):00096 [5]     320             LDA -80,U
A0D5 840F             (./generated-code/):00097 [2]     322             ANDA #$0F
A0D7 8A10             (./generated-code/):00098 [2]     324             ORA #$10
A0D9 A7C8B0           (./generated-code/):00099 [5]     329             STA -80,U
A0DC ECC84F           (./generated-code/):00100 [6]     335             LDD 79,U
A0DF 8634             (./generated-code/):00101 [2]     337             LDA #$34
A0E1 C4F0             (./generated-code/):00102 [2]     339             ANDB #$F0
A0E3 CA01             (./generated-code/):00103 [2]     341             ORB #$01
A0E5 EDC84F           (./generated-code/):00104 [6]     347             STD 79,U
A0E8 39               (./generated-code/):00105 [5]     352             RTS
                      (./generated-code/):00106                 
