                      (./generated-code/):00001                 INCLUDE "./engine/constants.asm"
                      (./engine/constant):00001         * ---------------------------------------------------------------------------
                      (./engine/constant):00002         * Constants
                      (./engine/constant):00003         *
                      (./engine/constant):00004         * Naming convention
                      (./engine/constant):00005         * -----------------
                      (./engine/constant):00006         * - lower case
                      (./engine/constant):00007         * - underscore-separated names
                      (./engine/constant):00008         *
                      (./engine/constant):00009         * ---------------------------------------------------------------------------
                      (./engine/constant):00010         
                      (./engine/constant):00011          ifndef CONSTANTS_ASM
     0001             (./engine/constant):00012         CONSTANTS_ASM equ 1
                      (./engine/constant):00013         
                      (./engine/constant):00014         * ===========================================================================
                      (./engine/constant):00015         * TO8 Registers
                      (./engine/constant):00016         * ===========================================================================
                      (./engine/constant):00017         
                      (./engine/constant):00018         ; Disk routine registers (ROM)
                      (./engine/constant):00019         
     6049             (./engine/constant):00020         dk_drive                      equ $6049
     604A             (./engine/constant):00021         dk_track                      equ $604A
     604B             (./engine/constant):00022         dk_track_lsb                  equ $604B
     604C             (./engine/constant):00023         dk_sector                     equ $604C
     604F             (./engine/constant):00024         dk_write_location             equ $604F
                      (./engine/constant):00025         
                      (./engine/constant):00026         * ===========================================================================
                      (./engine/constant):00027         * Globals
                      (./engine/constant):00028         * ===========================================================================
                      (./engine/constant):00029         
                      (./engine/constant):00030         ; compilated sprite
     9FFE             (./engine/constant):00031         glb_register_s                equ $9FFE  ; reverved space to store S from ROM routines
                      (./engine/constant):00032         
                      (./engine/constant):00033         ; DrawSprites
     9FFC             (./engine/constant):00034         glb_screen_location_1         equ $9FFC  ; start address for rendering of current sprite Part1     
     9FFA             (./engine/constant):00035         glb_screen_location_2         equ $9FFA  ; start address for rendering of current sprite Part2 (Must follow Part1)
                      (./engine/constant):00036         
                      (./engine/constant):00037         ; CheckSpritesRefresh
     9FF9             (./engine/constant):00038         glb_cur_priority              equ $9FF9
     9FF7             (./engine/constant):00039         glb_cur_ptr_sub_obj_erase     equ $9FF7
     9FF5             (./engine/constant):00040         glb_cur_ptr_sub_obj_draw      equ $9FF5
                      (./engine/constant):00041         
     9FF3             (./engine/constant):00042         glb_camera_x_pos              equ $9FF3 ; camera x position in palyfield coordinates
     9FF1             (./engine/constant):00043         glb_camera_y_pos              equ $9FF1 ; camera y position in palyfield coordinates
     9FEF             (./engine/constant):00044         glb_camera_x_min_pos          equ $9FEF
     9FED             (./engine/constant):00045         glb_camera_y_min_pos          equ $9FED
     9FEB             (./engine/constant):00046         glb_camera_x_max_pos          equ $9FEB
     9FE9             (./engine/constant):00047         glb_camera_y_max_pos          equ $9FE9
     9FE8             (./engine/constant):00048         glb_camera_x_offset           equ $9FE8
     9FE7             (./engine/constant):00049         glb_camera_y_offset           equ $9FE7 
     9FE6             (./engine/constant):00050         glb_force_sprite_refresh      equ $9FE6
     9FE5             (./engine/constant):00051         glb_camera_move               equ $9FE5
     9FE4             (./engine/constant):00052         glb_alphaTiles                equ $9FE4
     9FE3             (./engine/constant):00053         glb_timer_second              equ $9FE3
     9FE2             (./engine/constant):00054         glb_timer_minute              equ $9FE2
     9FE2             (./engine/constant):00055         glb_timer                     equ $9FE2 
     9FE1             (./engine/constant):00056         glb_timer_frame               equ $9FE1
                      (./engine/constant):00057         
                      (./engine/constant):00058         ; BankSwitch
     9FE0             (./engine/constant):00059         glb_Page                      equ $9FE0
     9FB0             (./engine/constant):00060         dp_engine                     equ $9FB0 ; engine and user routines tmp var space
     9F00             (./engine/constant):00061         dp                            equ $9F00 ; free user tmp var space
     9F00             (./engine/constant):00062         glb_system_stack              equ $9F00
                      (./engine/constant):00063         
                      (./engine/constant):00064         * ===========================================================================
                      (./engine/constant):00065         * Display Constants
                      (./engine/constant):00066         * ===========================================================================
                      (./engine/constant):00067         
     00A0             (./engine/constant):00068         screen_width                  equ 160    ; in pixel
     001C             (./engine/constant):00069         screen_top                    equ 28     ; in pixel
     00E3             (./engine/constant):00070         screen_bottom                 equ 28+199 ; in pixel
     0030             (./engine/constant):00071         screen_left                   equ 48     ; in pixel
     00CF             (./engine/constant):00072         screen_right                  equ 48+159 ; in pixel
     0008             (./engine/constant):00073         nb_priority_levels            equ 8      ; number of priority levels (need code change if modified)
                      (./engine/constant):00074         
                      (./engine/constant):00075         * ===========================================================================
                      (./engine/constant):00076         * Images Constants
                      (./engine/constant):00077         * ===========================================================================
                      (./engine/constant):00078         
     0004             (./engine/constant):00079         image_x_size                  equ 4
     0005             (./engine/constant):00080         image_y_size                  equ 5
     0006             (./engine/constant):00081         image_center_offset           equ 6
                      (./engine/constant):00082         
     0004             (./engine/constant):00083         image_subset_x1_offset        equ 4
     0005             (./engine/constant):00084         image_subset_y1_offset        equ 5
                      (./engine/constant):00085         
     0000             (./engine/constant):00086         page_draw_routine             equ 0
     0001             (./engine/constant):00087         draw_routine                  equ 1
     0003             (./engine/constant):00088         page_erase_routine            equ 3
     0004             (./engine/constant):00089         erase_routine                 equ 4
     0006             (./engine/constant):00090         erase_nb_cell                 equ 6
                      (./engine/constant):00091         
                      (./engine/constant):00092         * ===========================================================================
                      (./engine/constant):00093         * Sound Constants
                      (./engine/constant):00094         * ===========================================================================
                      (./engine/constant):00095         
     0000             (./engine/constant):00096         sound_page        equ 0
     0001             (./engine/constant):00097         sound_start_addr  equ 1
     0003             (./engine/constant):00098         sound_end_addr    equ 3
     0005             (./engine/constant):00099         sound_meta_size   equ 5
                      (./engine/constant):00100         
                      (./engine/constant):00101         * ===========================================================================
                      (./engine/constant):00102         * Object Constants
                      (./engine/constant):00103         * ===========================================================================
                      (./engine/constant):00104         
                      (./engine/constant):00105         ; ext_variables_size should be declared in game source code
                      (./engine/constant):00106         
     0022             (./engine/constant):00107         object_base_size              equ 34  ; the size of an object without ext_vars - DEPENDENCY ClearObj routine
     003B             (./engine/constant):00108         object_rsvd_size              equ 59  ; the size of an object without ext_vars - DEPENDENCY ClearObj routine
     ????             (./engine/constant):00109         object_rsvd                   equ object_base_size+ext_variables_size
     ????             (./engine/constant):00110         object_size                   equ object_base_size+ext_variables_size+object_rsvd_size ; the size of a dynamic object
     ????             (./engine/constant):00111         next_object                   equ object_size
     0022             (./engine/constant):00112         ext_variables                 equ object_base_size ; start of reserved space for additionnal variables
                      (./engine/constant):00113         
     0000             (./engine/constant):00114         id                            equ 0           ; reference to object model id (ObjID_) (0: free slot)
     0001             (./engine/constant):00115         subtype                       equ 1           ; reference to object subtype (Sub_) DEPENDENCY subtype must follow id
     0002             (./engine/constant):00116         render_flags                  equ 2
                      (./engine/constant):00117         
                      (./engine/constant):00118         ; bit 7 = onscreen flag, bit 0 = x mirror, bit 1 = y mirror, bit 2 = coordinate system, bit 6 = render subobjects
                      (./engine/constant):00119         
                      (./engine/constant):00120         * --- render_flags bitfield variables ---
     0001             (./engine/constant):00121         render_xmirror_mask           equ $01 ; (bit 0) DEPENDENCY should be bit 0 - tell display engine to mirror sprite on horizontal axis
     0002             (./engine/constant):00122         render_ymirror_mask           equ $02 ; (bit 1) DEPENDENCY should be bit 1 - tell display engine to mirror sprite on vertical axis
     0004             (./engine/constant):00123         render_overlay_mask           equ $04 ; (bit 2) DEPENDENCY should be bit 2 - compilated sprite with no background save
     0008             (./engine/constant):00124         render_playfieldcoord_mask    equ $08 ; (bit 3) tell display engine to use playfield (1) or screen (0) coordinates
     0010             (./engine/constant):00125         render_xloop_mask             equ $10 ; (bit 4) (in screen coordinate) tell display engine to hide sprite when x is out of screen (0) or to display (1)  
     0020             (./engine/constant):00126         render_todelete_mask          equ $20 ; (bit 5) tell display engine to delete sprite and clear OST for this object
     0040             (./engine/constant):00127         render_subobjects             equ $40 ; (bit 6) tell display engine to render subobjects for this object
     0080             (./engine/constant):00128         render_hide_mask              equ $80 ; (bit 7) tell display engine to hide sprite (keep priority and mapping_frame)
                      (./engine/constant):00129         
     0003             (./engine/constant):00130         priority                      equ 3           ; display priority (0: nothing to display, 1:front, ..., 8:back)
     0004             (./engine/constant):00131         anim                          equ 4  ; and 5  ; reference to current animation (Ani_)
     0006             (./engine/constant):00132         prev_anim                     equ 6  ; and 7  ; reference to previous animation (Ani_)
     0008             (./engine/constant):00133         anim_frame                    equ 8           ; index of current frame in animation
     0009             (./engine/constant):00134         anim_frame_duration           equ 9           ; number of frames for each image in animation, range: 00-7F (0-127), 0 means display only during one frame
     000A             (./engine/constant):00135         anim_flags                    equ 10          ; byte offset to reference an anim_flags LUT (adv) / store a link flag (non adv)
                      (./engine/constant):00136         
                      (./engine/constant):00137         * --- anim_flags bitfield variables ---
     0001             (./engine/constant):00138         anim_link_mask                equ $01 ; (bit 0) if set, allow the load of a new animation without reseting anim_frame and anim_frame_duration
                      (./engine/constant):00139         
     000B             (./engine/constant):00140         status_flags                  equ 11          ; orientation of sprite, is applied to animation xmirror flag during AnimateSprite
                      (./engine/constant):00141         
                      (./engine/constant):00142         * --- status_flags bitfield variables ---
     0001             (./engine/constant):00143         status_xflip_mask             equ $01 ; (bit 0) X Flip
     0002             (./engine/constant):00144         status_yflip_mask             equ $02 ; (bit 1) Y Flip
                      (./engine/constant):00145         
     000C             (./engine/constant):00146         image_set                     equ 12 ; and 13 ; reference to current image (Img_) (0000 if no image)
     000E             (./engine/constant):00147         x_pos                         equ 14 ; and 15 ; x playfield coordinate
     0010             (./engine/constant):00148         x_sub                         equ 16          ; x subpixel (1/256 of a pixel), must follow x_pos in data structure
     0011             (./engine/constant):00149         y_pos                         equ 17 ; and 18 ; y playfield coordinate
     0013             (./engine/constant):00150         y_sub                         equ 19          ; y subpixel (1/256 of a pixel), must follow y_pos in data structure
     0014             (./engine/constant):00151         xy_pixel                      equ 20          ; x and y screen coordinate
     0014             (./engine/constant):00152         x_pixel                       equ 20          ; x screen coordinate
     0015             (./engine/constant):00153         y_pixel                       equ 21          ; y screen coordinate, must follow x_pixel
     0016             (./engine/constant):00154         x_vel                         equ 22 ; and 23 ; horizontal velocity
     0018             (./engine/constant):00155         y_vel                         equ 24 ; and 25 ; vertical velocity
     001A             (./engine/constant):00156         x_acl                         equ 26 ; and 27 ; horizontal gravity
     001C             (./engine/constant):00157         y_acl                         equ 28 ; and 29 ; vertical gravity
     001E             (./engine/constant):00158         routine                       equ 30          ; index of current object routine
     001F             (./engine/constant):00159         routine_secondary             equ 31          ; index of current secondary routine
     0020             (./engine/constant):00160         routine_tertiary              equ 32          ; index of current tertiary routine
     0021             (./engine/constant):00161         routine_quaternary            equ 33          ; index of current quaternary routine
                      (./engine/constant):00162         
                      (./engine/constant):00163         * ---------------------------------------------------------------------------
                      (./engine/constant):00164         * reserved variables (read/write by engine)
                      (./engine/constant):00165         
     ????             (./engine/constant):00166         rsv_render_flags              equ object_rsvd
                      (./engine/constant):00167         
                      (./engine/constant):00168         * --- rsv_render_flags bitfield variables ---
     0001             (./engine/constant):00169         rsv_render_checkrefresh_mask  equ $01 ; (bit 0) if erasesprite and display sprite flag are processed for this frame
     0002             (./engine/constant):00170         rsv_render_erasesprite_mask   equ $02 ; (bit 1) if a sprite need to be cleared on screen
     0004             (./engine/constant):00171         rsv_render_displaysprite_mask equ $04 ; (bit 2) if a sprite need to be rendered on screen
     0008             (./engine/constant):00172         rsv_render_outofrange_mask    equ $08 ; (bit 3) if a sprite is out of range for full rendering in screen
     0080             (./engine/constant):00173         rsv_render_onscreen_mask      equ $80 ; (bit 7) DEPENDENCY should be bit 7 - has been rendered on last screen buffer (may be 0 or 1)
                      (./engine/constant):00174         
     ????             (./engine/constant):00175         rsv_prev_anim                 equ object_rsvd+1 ; and +2 ; reference to previous animation (Ani_) w * UTILE ?
     ????             (./engine/constant):00176         rsv_image_center_offset       equ object_rsvd+3 ; 0 or 1 offset that indicate if image center is even or odd (DRS_XYToAddress)
     ????             (./engine/constant):00177         rsv_image_subset              equ object_rsvd+4 ; and +5 ; reference to current image regarding mirror flags w
     ????             (./engine/constant):00178         rsv_mapping_frame             equ object_rsvd+6 ; and +7 ; reference to current image regarding mirror flags, overlay flag and x precision w
     ????             (./engine/constant):00179         rsv_erase_nb_cell             equ object_rsvd+8 ; b 
     ????             (./engine/constant):00180         rsv_page_draw_routine         equ object_rsvd+9 ; b
     ????             (./engine/constant):00181         rsv_draw_routine              equ object_rsvd+10 ; and +11 ; w
     ????             (./engine/constant):00182         rsv_page_erase_routine        equ object_rsvd+12 ; b
     ????             (./engine/constant):00183         rsv_erase_routine             equ object_rsvd+13 ; and +14 ; w 
     ????             (./engine/constant):00184         rsv_xy1_pixel                 equ object_rsvd+15 ;
     ????             (./engine/constant):00185         rsv_x1_pixel                  equ object_rsvd+15 ; x+x_offset-(x_size/2) screen coordinate
     ????             (./engine/constant):00186         rsv_y1_pixel                  equ object_rsvd+16 ; y+y_offset-(y_size/2) screen coordinate, must follow rsv_x1_pixel
     ????             (./engine/constant):00187         rsv_xy2_pixel                 equ object_rsvd+17 ;
     ????             (./engine/constant):00188         rsv_x2_pixel                  equ object_rsvd+17 ; x+x_offset+(x_size/2) screen coordinate
     ????             (./engine/constant):00189         rsv_y2_pixel                  equ object_rsvd+18 ; y+y_offset+(y_size/2) screen coordinate, must follow rsv_x2_pixel
                      (./engine/constant):00190         
                      (./engine/constant):00191         * ---------------------------------------------------------------------------
                      (./engine/constant):00192         * reserved variables (engine) - buffer specific
                      (./engine/constant):00193         
     ????             (./engine/constant):00194         rsv_buffer_0                  equ object_rsvd+19 ; Start index of buffer 0 variables
     ????             (./engine/constant):00195         rsv_priority_0                equ object_rsvd+19 ; internal value that hold priority in video buffer 0
     ????             (./engine/constant):00196         rsv_priority_prev_obj_0       equ object_rsvd+20 ; and +21 ; previous object (OST address) in display priority list for video buffer 0 (0000 if none) w
     ????             (./engine/constant):00197         rsv_priority_next_obj_0       equ object_rsvd+22 ; and +23 ; next object (OST address) in display priority list for video buffer 0 (0000 if none) w
     ????             (./engine/constant):00198         rsv_prev_mapping_frame_0      equ object_rsvd+24 ; and object_rsvd+25 ; reference to previous image in video buffer 0 w
     ????             (./engine/constant):00199         rsv_prev_erase_nb_cell_0      equ object_rsvd+26 : b
     ????             (./engine/constant):00200         rsv_prev_page_erase_routine_0 equ object_rsvd+27 ; b
     ????             (./engine/constant):00201         rsv_prev_erase_routine_0      equ object_rsvd+28 ; and object_rsvd+29 ; w
     ????             (./engine/constant):00202         rsv_bgdata_0                  equ object_rsvd+30 ; and +31 ; address of background data in screen 0 w
     ????             (./engine/constant):00203         rsv_prev_xy_pixel_0           equ object_rsvd+32 ;
     ????             (./engine/constant):00204         rsv_prev_x_pixel_0            equ object_rsvd+32 ; previous x screen coordinate b
     ????             (./engine/constant):00205         rsv_prev_y_pixel_0            equ object_rsvd+33 ; previous y screen coordinate b, must follow x_pixel
     ????             (./engine/constant):00206         rsv_prev_xy1_pixel_0          equ object_rsvd+34 ;
     ????             (./engine/constant):00207         rsv_prev_x1_pixel_0           equ object_rsvd+34 ; previous x+x_offset-(x_size/2) screen coordinate b
     ????             (./engine/constant):00208         rsv_prev_y1_pixel_0           equ object_rsvd+35 ; previous y+y_offset-(y_size/2) screen coordinate b, must follow x1_pixel
     ????             (./engine/constant):00209         rsv_prev_xy2_pixel_0          equ object_rsvd+36 ;
     ????             (./engine/constant):00210         rsv_prev_x2_pixel_0           equ object_rsvd+36 ; previous x+x_offset+(x_size/2) screen coordinate b
     ????             (./engine/constant):00211         rsv_prev_y2_pixel_0           equ object_rsvd+37 ; previous y+y_offset+(y_size/2) screen coordinate b, must follow x2_pixel
     ????             (./engine/constant):00212         rsv_prev_render_flags_0       equ object_rsvd+38 ;
                      (./engine/constant):00213         * --- rsv_prev_render_flags_0 bitfield variables ---
     0001             (./engine/constant):00214         rsv_prev_render_overlay_mask  equ $01 ; (bit 0) if a sprite has been rendered with compilated sprite and no background save on screen buffer 0/1
     0080             (./engine/constant):00215         rsv_prev_render_onscreen_mask equ $80 ; (bit 7) DEPENDENCY should be bit 7 - has been rendered on screen buffer 0/1
                      (./engine/constant):00216         
     ????             (./engine/constant):00217         rsv_buffer_1                  equ object_rsvd+39 ; Start index of buffer 1 variables
     ????             (./engine/constant):00218         rsv_priority_1                equ object_rsvd+39 ; internal value that hold priority in video buffer 1
     ????             (./engine/constant):00219         rsv_priority_prev_obj_1       equ object_rsvd+40 ; and +41 ; previous object (OST address) in display priority list for video buffer 1 (0000 if none) w
     ????             (./engine/constant):00220         rsv_priority_next_obj_1       equ object_rsvd+42 ; and +43 ; next object (OST address) in display priority list for video buffer 1 (0000 if none) w
     ????             (./engine/constant):00221         rsv_prev_mapping_frame_1      equ object_rsvd+44 ; and +45 ; reference to previous image in video buffer 1 w
     ????             (./engine/constant):00222         rsv_prev_erase_nb_cell_1      equ object_rsvd+46 ; b
     ????             (./engine/constant):00223         rsv_prev_page_erase_routine_1 equ object_rsvd+47 ; b
     ????             (./engine/constant):00224         rsv_prev_erase_routine_1      equ object_rsvd+48 ; and +49 ; w
     ????             (./engine/constant):00225         rsv_bgdata_1                  equ object_rsvd+50 ; and +51 ; address of background data in screen 1 w
     ????             (./engine/constant):00226         rsv_prev_xy_pixel_1           equ object_rsvd+52 ;
     ????             (./engine/constant):00227         rsv_prev_x_pixel_1            equ object_rsvd+52 ; previous x screen coordinate b
     ????             (./engine/constant):00228         rsv_prev_y_pixel_1            equ object_rsvd+53 ; previous y screen coordinate b, must follow x_pixel
     ????             (./engine/constant):00229         rsv_prev_xy1_pixel_1          equ object_rsvd+54 ;
     ????             (./engine/constant):00230         rsv_prev_x1_pixel_1           equ object_rsvd+54 ; previous x+x_size screen coordinate b
     ????             (./engine/constant):00231         rsv_prev_y1_pixel_1           equ object_rsvd+55 ; previous y+y_size screen coordinate b, must follow x_pixel
     ????             (./engine/constant):00232         rsv_prev_xy2_pixel_1          equ object_rsvd+56 ;
     ????             (./engine/constant):00233         rsv_prev_x2_pixel_1           equ object_rsvd+56 ; previous x+x_size screen coordinate b
     ????             (./engine/constant):00234         rsv_prev_y2_pixel_1           equ object_rsvd+57 ; previous y+y_size screen coordinate b, must follow x_pixel
     ????             (./engine/constant):00235         rsv_prev_render_flags_1       equ object_rsvd+58 ;
                      (./engine/constant):00236         
     0000             (./engine/constant):00237         buf_priority                  equ 0  ; offset for each rsv_buffer variables
     0001             (./engine/constant):00238         buf_priority_prev_obj         equ 1  ;
     0003             (./engine/constant):00239         buf_priority_next_obj         equ 3  ;
     0005             (./engine/constant):00240         buf_prev_mapping_frame        equ 5  ;
     0007             (./engine/constant):00241         buf_erase_nb_cell             equ 7  ;
     0008             (./engine/constant):00242         buf_page_erase_routine        equ 8 ;
     0009             (./engine/constant):00243         buf_erase_routine             equ 9 ;
     000B             (./engine/constant):00244         buf_bgdata                    equ 11 ;
     000D             (./engine/constant):00245         buf_prev_xy_pixel             equ 13 ;
     000D             (./engine/constant):00246         buf_prev_x_pixel              equ 13 ;
     000E             (./engine/constant):00247         buf_prev_y_pixel              equ 14 ;
     000F             (./engine/constant):00248         buf_prev_xy1_pixel            equ 15 ;
     000F             (./engine/constant):00249         buf_prev_x1_pixel             equ 15 ;
     0010             (./engine/constant):00250         buf_prev_y1_pixel             equ 16 ;
     0011             (./engine/constant):00251         buf_prev_xy2_pixel            equ 17 ;
     0011             (./engine/constant):00252         buf_prev_x2_pixel             equ 17 ;
     0012             (./engine/constant):00253         buf_prev_y2_pixel             equ 18 ;
     0013             (./engine/constant):00254         buf_prev_render_flags         equ 19 ;
                      (./engine/constant):00255         
                      (./engine/constant):00256          endc
                      (./generated-code/):00002                 ORG $A000
     FF               (./generated-code/):00003                 SETDP $FF
                      (./generated-code/):00004                 OPT C,CT
A000                  (./generated-code/):00005                 DRAW_Img_0058_0
A000 33C90A33         (./generated-code/):00006 [8]     8               LEAU 2611,U
                      (./generated-code/):00007                 
A004 8611             (./generated-code/):00008 [2]     10              LDA #$11
A006 A7C829           (./generated-code/):00009 [5]     15              STA 41,U
A009 A7C8E8           (./generated-code/):00010 [5]     20              STA -24,U
A00C A7C889           (./generated-code/):00011 [5]     25              STA -119,U
A00F A6C851           (./generated-code/):00012 [5]     30              LDA 81,U
A012 840F             (./generated-code/):00013 [2]     32              ANDA #$0F
A014 8A10             (./generated-code/):00014 [2]     34              ORA #$10
A016 A7C851           (./generated-code/):00015 [5]     39              STA 81,U
A019 A6C839           (./generated-code/):00016 [5]     44              LDA 57,U
A01C 840F             (./generated-code/):00017 [2]     46              ANDA #$0F
A01E 8A10             (./generated-code/):00018 [2]     48              ORA #$10
A020 A7C839           (./generated-code/):00019 [5]     53              STA 57,U
A023 A641             (./generated-code/):00020 [5]     58              LDA 1,U
A025 84F0             (./generated-code/):00021 [2]     60              ANDA #$F0
A027 8A01             (./generated-code/):00022 [2]     62              ORA #$01
A029 A741             (./generated-code/):00023 [5]     67              STA 1,U
A02B A6C8D9           (./generated-code/):00024 [5]     72              LDA -39,U
A02E 84F0             (./generated-code/):00025 [2]     74              ANDA #$F0
A030 8A01             (./generated-code/):00026 [2]     76              ORA #$01
A032 A7C8D9           (./generated-code/):00027 [5]     81              STA -39,U
A035 A6C8C0           (./generated-code/):00028 [5]     86              LDA -64,U
A038 84F0             (./generated-code/):00029 [2]     88              ANDA #$F0
A03A 8A01             (./generated-code/):00030 [2]     90              ORA #$01
A03C A7C8C0           (./generated-code/):00031 [5]     95              STA -64,U
A03F A6C8B1           (./generated-code/):00032 [5]     100             LDA -79,U
A042 84F0             (./generated-code/):00033 [2]     102             ANDA #$F0
A044 8A01             (./generated-code/):00034 [2]     104             ORA #$01
A046 A7C8B1           (./generated-code/):00035 [5]     109             STA -79,U
A049 A6C898           (./generated-code/):00036 [5]     114             LDA -104,U
A04C 84F0             (./generated-code/):00037 [2]     116             ANDA #$F0
A04E 8A01             (./generated-code/):00038 [2]     118             ORA #$01
A050 A7C898           (./generated-code/):00039 [5]     123             STA -104,U
A053 8600             (./generated-code/):00040 [2]     125             LDA #$00
A055 A7C878           (./generated-code/):00041 [5]     130             STA 120,U
A058 A7C861           (./generated-code/):00042 [5]     135             STA 97,U
A05B 8601             (./generated-code/):00043 [2]     137             LDA #$01
A05D A7C810           (./generated-code/):00044 [5]     142             STA 16,U
A060 33C9FEF0         (./generated-code/):00045 [8]     150             LEAU -272,U
                      (./generated-code/):00046                 
A064 8611             (./generated-code/):00047 [2]     152             LDA #$11
A066 A7C871           (./generated-code/):00048 [5]     157             STA 113,U
A069 A7C849           (./generated-code/):00049 [5]     162             STA 73,U
A06C 8610             (./generated-code/):00050 [2]     164             LDA #$10
A06E A7C821           (./generated-code/):00051 [5]     169             STA 33,U
A071 A6C90080         (./generated-code/):00052 [8]     177             LDA 128,U
A075 84F0             (./generated-code/):00053 [2]     179             ANDA #$F0
A077 8A01             (./generated-code/):00054 [2]     181             ORA #$01
A079 A7C90080         (./generated-code/):00055 [8]     189             STA 128,U
A07D A6C858           (./generated-code/):00056 [5]     194             LDA 88,U
A080 84F0             (./generated-code/):00057 [2]     196             ANDA #$F0
A082 8A01             (./generated-code/):00058 [2]     198             ORA #$01
A084 A7C858           (./generated-code/):00059 [5]     203             STA 88,U
A087 A6C830           (./generated-code/):00060 [5]     208             LDA 48,U
A08A 84F0             (./generated-code/):00061 [2]     210             ANDA #$F0
A08C 8A01             (./generated-code/):00062 [2]     212             ORA #$01
A08E A7C830           (./generated-code/):00063 [5]     217             STA 48,U
A091 A648             (./generated-code/):00064 [5]     222             LDA 8,U
A093 84F0             (./generated-code/):00065 [2]     224             ANDA #$F0
A095 8A00             (./generated-code/):00066 [2]     226             ORA #$00
A097 A748             (./generated-code/):00067 [5]     231             STA 8,U
A099 A659             (./generated-code/):00068 [5]     236             LDA -7,U
A09B 840F             (./generated-code/):00069 [2]     238             ANDA #$0F
A09D 8A10             (./generated-code/):00070 [2]     240             ORA #$10
A09F A759             (./generated-code/):00071 [5]     245             STA -7,U
A0A1 A6C8E2           (./generated-code/):00072 [5]     250             LDA -30,U
A0A4 840F             (./generated-code/):00073 [2]     252             ANDA #$0F
A0A6 8A10             (./generated-code/):00074 [2]     254             ORA #$10
A0A8 A7C8E2           (./generated-code/):00075 [5]     259             STA -30,U
A0AB A6C8D1           (./generated-code/):00076 [5]     264             LDA -47,U
A0AE 840F             (./generated-code/):00077 [2]     266             ANDA #$0F
A0B0 8A10             (./generated-code/):00078 [2]     268             ORA #$10
A0B2 A7C8D1           (./generated-code/):00079 [5]     273             STA -47,U
A0B5 A6C8BA           (./generated-code/):00080 [5]     278             LDA -70,U
A0B8 840F             (./generated-code/):00081 [2]     280             ANDA #$0F
A0BA 8A10             (./generated-code/):00082 [2]     282             ORA #$10
A0BC A7C8BA           (./generated-code/):00083 [5]     287             STA -70,U
A0BF A6C8A9           (./generated-code/):00084 [5]     292             LDA -87,U
A0C2 840F             (./generated-code/):00085 [2]     294             ANDA #$0F
A0C4 8A10             (./generated-code/):00086 [2]     296             ORA #$10
A0C6 A7C8A9           (./generated-code/):00087 [5]     301             STA -87,U
A0C9 A6C892           (./generated-code/):00088 [5]     306             LDA -110,U
A0CC 840F             (./generated-code/):00089 [2]     308             ANDA #$0F
A0CE 8A10             (./generated-code/):00090 [2]     310             ORA #$10
A0D0 A7C892           (./generated-code/):00091 [5]     315             STA -110,U
A0D3 A6C881           (./generated-code/):00092 [5]     320             LDA -127,U
A0D6 840F             (./generated-code/):00093 [2]     322             ANDA #$0F
A0D8 8A00             (./generated-code/):00094 [2]     324             ORA #$00
A0DA A7C881           (./generated-code/):00095 [5]     329             STA -127,U
A0DD 33C9FEF2         (./generated-code/):00096 [8]     337             LEAU -270,U
                      (./generated-code/):00097                 
A0E1 A6C878           (./generated-code/):00098 [5]     342             LDA 120,U
A0E4 840F             (./generated-code/):00099 [2]     344             ANDA #$0F
A0E6 8A10             (./generated-code/):00100 [2]     346             ORA #$10
A0E8 A7C878           (./generated-code/):00101 [5]     351             STA 120,U
A0EB A6C867           (./generated-code/):00102 [5]     356             LDA 103,U
A0EE 840F             (./generated-code/):00103 [2]     358             ANDA #$0F
A0F0 8A00             (./generated-code/):00104 [2]     360             ORA #$00
A0F2 A7C867           (./generated-code/):00105 [5]     365             STA 103,U
A0F5 A6C850           (./generated-code/):00106 [5]     370             LDA 80,U
A0F8 840F             (./generated-code/):00107 [2]     372             ANDA #$0F
A0FA 8A10             (./generated-code/):00108 [2]     374             ORA #$10
A0FC A7C850           (./generated-code/):00109 [5]     379             STA 80,U
A0FF A6C83F           (./generated-code/):00110 [5]     384             LDA 63,U
A102 840F             (./generated-code/):00111 [2]     386             ANDA #$0F
A104 8A00             (./generated-code/):00112 [2]     388             ORA #$00
A106 A7C83F           (./generated-code/):00113 [5]     393             STA 63,U
A109 A6C828           (./generated-code/):00114 [5]     398             LDA 40,U
A10C 840F             (./generated-code/):00115 [2]     400             ANDA #$0F
A10E 8A10             (./generated-code/):00116 [2]     402             ORA #$10
A110 A7C828           (./generated-code/):00117 [5]     407             STA 40,U
A113 A6C4             (./generated-code/):00118 [4]     411             LDA ,U
A115 840F             (./generated-code/):00119 [2]     413             ANDA #$0F
A117 8A10             (./generated-code/):00120 [2]     415             ORA #$10
A119 A7C4             (./generated-code/):00121 [4]     419             STA ,U
A11B A6C8ED           (./generated-code/):00122 [5]     424             LDA -19,U
A11E 84F0             (./generated-code/):00123 [2]     426             ANDA #$F0
A120 8A01             (./generated-code/):00124 [2]     428             ORA #$01
A122 A7C8ED           (./generated-code/):00125 [5]     433             STA -19,U
A125 A6C8C5           (./generated-code/):00126 [5]     438             LDA -59,U
A128 84F0             (./generated-code/):00127 [2]     440             ANDA #$F0
A12A 8A01             (./generated-code/):00128 [2]     442             ORA #$01
A12C A7C8C5           (./generated-code/):00129 [5]     447             STA -59,U
A12F A6C89D           (./generated-code/):00130 [5]     452             LDA -99,U
A132 84F0             (./generated-code/):00131 [2]     454             ANDA #$F0
A134 8A01             (./generated-code/):00132 [2]     456             ORA #$01
A136 A7C89D           (./generated-code/):00133 [5]     461             STA -99,U
A139 8611             (./generated-code/):00134 [2]     463             LDA #$11
A13B A7C8D8           (./generated-code/):00135 [5]     468             STA -40,U
A13E A7C8B0           (./generated-code/):00136 [5]     473             STA -80,U
A141 ECC887           (./generated-code/):00137 [6]     479             LDD -121,U
A144 840F             (./generated-code/):00138 [2]     481             ANDA #$0F
A146 C4F0             (./generated-code/):00139 [2]     483             ANDB #$F0
A148 C30001           (./generated-code/):00140 [4]     487             ADDD #$0001
A14B EDC887           (./generated-code/):00141 [6]     493             STD -121,U
A14E 33C9FF25         (./generated-code/):00142 [8]     501             LEAU -219,U
                      (./generated-code/):00143                 
A152 ECC812           (./generated-code/):00144 [6]     507             LDD 18,U
A155 8600             (./generated-code/):00145 [2]     509             LDA #$00
A157 C4F0             (./generated-code/):00146 [2]     511             ANDB #$F0
A159 CA01             (./generated-code/):00147 [2]     513             ORB #$01
A15B EDC812           (./generated-code/):00148 [6]     519             STD 18,U
A15E ECC8EA           (./generated-code/):00149 [6]     525             LDD -22,U
A161 8600             (./generated-code/):00150 [2]     527             LDA #$00
A163 C4F0             (./generated-code/):00151 [2]     529             ANDB #$F0
A165 CA01             (./generated-code/):00152 [2]     531             ORB #$01
A167 EDC8EA           (./generated-code/):00153 [6]     537             STD -22,U
A16A ECC83A           (./generated-code/):00154 [6]     543             LDD 58,U
A16D 840F             (./generated-code/):00155 [2]     545             ANDA #$0F
A16F C4F0             (./generated-code/):00156 [2]     547             ANDB #$F0
A171 C30001           (./generated-code/):00157 [4]     551             ADDD #$0001
A174 EDC83A           (./generated-code/):00158 [6]     557             STD 58,U
A177 ECC8C2           (./generated-code/):00159 [6]     563             LDD -62,U
A17A 840F             (./generated-code/):00160 [2]     565             ANDA #$0F
A17C C40F             (./generated-code/):00161 [2]     567             ANDB #$0F
A17E C30010           (./generated-code/):00162 [4]     571             ADDD #$0010
A181 EDC8C2           (./generated-code/):00163 [6]     577             STD -62,U
A184 A6C850           (./generated-code/):00164 [5]     582             LDA 80,U
A187 84F0             (./generated-code/):00165 [2]     584             ANDA #$F0
A189 8A01             (./generated-code/):00166 [2]     586             ORA #$01
A18B A7C850           (./generated-code/):00167 [5]     591             STA 80,U
A18E A6C828           (./generated-code/):00168 [5]     596             LDA 40,U
A191 84F0             (./generated-code/):00169 [2]     598             ANDA #$F0
A193 8A01             (./generated-code/):00170 [2]     600             ORA #$01
A195 A7C828           (./generated-code/):00171 [5]     605             STA 40,U
A198 A6C4             (./generated-code/):00172 [4]     609             LDA ,U
A19A 84F0             (./generated-code/):00173 [2]     611             ANDA #$F0
A19C 8A01             (./generated-code/):00174 [2]     613             ORA #$01
A19E A7C4             (./generated-code/):00175 [4]     617             STA ,U
A1A0 A6C8D9           (./generated-code/):00176 [5]     622             LDA -39,U
A1A3 840F             (./generated-code/):00177 [2]     624             ANDA #$0F
A1A5 8A10             (./generated-code/):00178 [2]     626             ORA #$10
A1A7 A7C8D9           (./generated-code/):00179 [5]     631             STA -39,U
A1AA A6C8B1           (./generated-code/):00180 [5]     636             LDA -79,U
A1AD 840F             (./generated-code/):00181 [2]     638             ANDA #$0F
A1AF 8A10             (./generated-code/):00182 [2]     640             ORA #$10
A1B1 A7C8B1           (./generated-code/):00183 [5]     645             STA -79,U
A1B4 33C9EBA5         (./generated-code/):00184 [8]     653             LEAU -5211,U
                      (./generated-code/):00185                 
A1B8 ECC878           (./generated-code/):00186 [6]     659             LDD 120,U
A1BB 84F0             (./generated-code/):00187 [2]     661             ANDA #$F0
A1BD C40F             (./generated-code/):00188 [2]     663             ANDB #$0F
A1BF C30110           (./generated-code/):00189 [4]     667             ADDD #$0110
A1C2 EDC878           (./generated-code/):00190 [6]     673             STD 120,U
A1C5 A6C8D8           (./generated-code/):00191 [5]     678             LDA -40,U
A1C8 840F             (./generated-code/):00192 [2]     680             ANDA #$0F
A1CA 8A10             (./generated-code/):00193 [2]     682             ORA #$10
A1CC A7C8D8           (./generated-code/):00194 [5]     687             STA -40,U
A1CF A6C8B0           (./generated-code/):00195 [5]     692             LDA -80,U
A1D2 840F             (./generated-code/):00196 [2]     694             ANDA #$0F
A1D4 8A10             (./generated-code/):00197 [2]     696             ORA #$10
A1D6 A7C8B0           (./generated-code/):00198 [5]     701             STA -80,U
A1D9 A6C888           (./generated-code/):00199 [5]     706             LDA -120,U
A1DC 840F             (./generated-code/):00200 [2]     708             ANDA #$0F
A1DE 8A10             (./generated-code/):00201 [2]     710             ORA #$10
A1E0 A7C888           (./generated-code/):00202 [5]     715             STA -120,U
A1E3 8611             (./generated-code/):00203 [2]     717             LDA #$11
A1E5 A7C828           (./generated-code/):00204 [5]     722             STA 40,U
A1E8 A7C4             (./generated-code/):00205 [4]     726             STA ,U
A1EA CC1110           (./generated-code/):00206 [3]     729             LDD #$1110
A1ED EDC850           (./generated-code/):00207 [6]     735             STD 80,U
A1F0 33C9FEE8         (./generated-code/):00208 [8]     743             LEAU -280,U
                      (./generated-code/):00209                 
A1F4 A7C878           (./generated-code/):00210 [5]     748             STA 120,U
A1F7 A7C850           (./generated-code/):00211 [5]     753             STA 80,U
A1FA A7C828           (./generated-code/):00212 [5]     758             STA 40,U
A1FD A6C8D8           (./generated-code/):00213 [5]     763             LDA -40,U
A200 84F0             (./generated-code/):00214 [2]     765             ANDA #$F0
A202 8A01             (./generated-code/):00215 [2]     767             ORA #$01
A204 A7C8D8           (./generated-code/):00216 [5]     772             STA -40,U
A207 A6C8B0           (./generated-code/):00217 [5]     777             LDA -80,U
A20A 84F0             (./generated-code/):00218 [2]     779             ANDA #$F0
A20C 8A01             (./generated-code/):00219 [2]     781             ORA #$01
A20E A7C8B0           (./generated-code/):00220 [5]     786             STA -80,U
A211 A6C888           (./generated-code/):00221 [5]     791             LDA -120,U
A214 84F0             (./generated-code/):00222 [2]     793             ANDA #$F0
A216 8A01             (./generated-code/):00223 [2]     795             ORA #$01
A218 A7C888           (./generated-code/):00224 [5]     800             STA -120,U
A21B 8601             (./generated-code/):00225 [2]     802             LDA #$01
A21D A7C4             (./generated-code/):00226 [4]     806             STA ,U
A21F 33C9FF38         (./generated-code/):00227 [8]     814             LEAU -200,U
                      (./generated-code/):00228                 
A223 A6C828           (./generated-code/):00229 [5]     819             LDA 40,U
A226 84F0             (./generated-code/):00230 [2]     821             ANDA #$F0
A228 8A00             (./generated-code/):00231 [2]     823             ORA #$00
A22A A7C828           (./generated-code/):00232 [5]     828             STA 40,U
A22D A6C4             (./generated-code/):00233 [4]     832             LDA ,U
A22F 84F0             (./generated-code/):00234 [2]     834             ANDA #$F0
A231 8A00             (./generated-code/):00235 [2]     836             ORA #$00
A233 A7C4             (./generated-code/):00236 [4]     840             STA ,U
A235 A6C8D8           (./generated-code/):00237 [5]     845             LDA -40,U
A238 84F0             (./generated-code/):00238 [2]     847             ANDA #$F0
A23A 8A00             (./generated-code/):00239 [2]     849             ORA #$00
A23C A7C8D8           (./generated-code/):00240 [5]     854             STA -40,U
                      (./generated-code/):00241                 
A23F DEFC             (./generated-code/):00242 [5]     859             LDU <glb_screen_location_1
A241 33C90A33         (./generated-code/):00243 [8]     867             LEAU 2611,U
                      (./generated-code/):00244                 
A245 A6C878           (./generated-code/):00245 [5]     872             LDA 120,U
A248 840F             (./generated-code/):00246 [2]     874             ANDA #$0F
A24A 8A00             (./generated-code/):00247 [2]     876             ORA #$00
A24C A7C878           (./generated-code/):00248 [5]     881             STA 120,U
A24F A6C861           (./generated-code/):00249 [5]     886             LDA 97,U
A252 840F             (./generated-code/):00250 [2]     888             ANDA #$0F
A254 8A00             (./generated-code/):00251 [2]     890             ORA #$00
A256 A7C861           (./generated-code/):00252 [5]     895             STA 97,U
A259 A6C838           (./generated-code/):00253 [5]     900             LDA 56,U
A25C 84F0             (./generated-code/):00254 [2]     902             ANDA #$F0
A25E 8A01             (./generated-code/):00255 [2]     904             ORA #$01
A260 A7C838           (./generated-code/):00256 [5]     909             STA 56,U
A263 A6C829           (./generated-code/):00257 [5]     914             LDA 41,U
A266 840F             (./generated-code/):00258 [2]     916             ANDA #$0F
A268 8A00             (./generated-code/):00259 [2]     918             ORA #$00
A26A A7C829           (./generated-code/):00260 [5]     923             STA 41,U
A26D A6C810           (./generated-code/):00261 [5]     928             LDA 16,U
A270 840F             (./generated-code/):00262 [2]     930             ANDA #$0F
A272 8A10             (./generated-code/):00263 [2]     932             ORA #$10
A274 A7C810           (./generated-code/):00264 [5]     937             STA 16,U
A277 A641             (./generated-code/):00265 [5]     942             LDA 1,U
A279 840F             (./generated-code/):00266 [2]     944             ANDA #$0F
A27B 8A10             (./generated-code/):00267 [2]     946             ORA #$10
A27D A741             (./generated-code/):00268 [5]     951             STA 1,U
A27F A6C8D9           (./generated-code/):00269 [5]     956             LDA -39,U
A282 840F             (./generated-code/):00270 [2]     958             ANDA #$0F
A284 8A10             (./generated-code/):00271 [2]     960             ORA #$10
A286 A7C8D9           (./generated-code/):00272 [5]     965             STA -39,U
A289 A6C8C0           (./generated-code/):00273 [5]     970             LDA -64,U
A28C 840F             (./generated-code/):00274 [2]     972             ANDA #$0F
A28E 8A10             (./generated-code/):00275 [2]     974             ORA #$10
A290 A7C8C0           (./generated-code/):00276 [5]     979             STA -64,U
A293 A6C8B1           (./generated-code/):00277 [5]     984             LDA -79,U
A296 840F             (./generated-code/):00278 [2]     986             ANDA #$0F
A298 8A10             (./generated-code/):00279 [2]     988             ORA #$10
A29A A7C8B1           (./generated-code/):00280 [5]     993             STA -79,U
A29D A6C898           (./generated-code/):00281 [5]     998             LDA -104,U
A2A0 840F             (./generated-code/):00282 [2]     1000            ANDA #$0F
A2A2 8A10             (./generated-code/):00283 [2]     1002            ORA #$10
A2A4 A7C898           (./generated-code/):00284 [5]     1007            STA -104,U
A2A7 A6C889           (./generated-code/):00285 [5]     1012            LDA -119,U
A2AA 840F             (./generated-code/):00286 [2]     1014            ANDA #$0F
A2AC 8A10             (./generated-code/):00287 [2]     1016            ORA #$10
A2AE A7C889           (./generated-code/):00288 [5]     1021            STA -119,U
A2B1 ECC8E8           (./generated-code/):00289 [6]     1027            LDD -24,U
A2B4 840F             (./generated-code/):00290 [2]     1029            ANDA #$0F
A2B6 C4F0             (./generated-code/):00291 [2]     1031            ANDB #$F0
A2B8 C31001           (./generated-code/):00292 [4]     1035            ADDD #$1001
A2BB EDC8E8           (./generated-code/):00293 [6]     1041            STD -24,U
A2BE 8611             (./generated-code/):00294 [2]     1043            LDA #$11
A2C0 A7C850           (./generated-code/):00295 [5]     1048            STA 80,U
A2C3 33C9FEF8         (./generated-code/):00296 [8]     1056            LEAU -264,U
                      (./generated-code/):00297                 
A2C7 A6C878           (./generated-code/):00298 [5]     1061            LDA 120,U
A2CA 840F             (./generated-code/):00299 [2]     1063            ANDA #$0F
A2CC 8A10             (./generated-code/):00300 [2]     1065            ORA #$10
A2CE A7C878           (./generated-code/):00301 [5]     1070            STA 120,U
A2D1 A6C867           (./generated-code/):00302 [5]     1075            LDA 103,U
A2D4 84F0             (./generated-code/):00303 [2]     1077            ANDA #$F0
A2D6 8A01             (./generated-code/):00304 [2]     1079            ORA #$01
A2D8 A7C867           (./generated-code/):00305 [5]     1084            STA 103,U
A2DB A6C850           (./generated-code/):00306 [5]     1089            LDA 80,U
A2DE 840F             (./generated-code/):00307 [2]     1091            ANDA #$0F
A2E0 8A10             (./generated-code/):00308 [2]     1093            ORA #$10
A2E2 A7C850           (./generated-code/):00309 [5]     1098            STA 80,U
A2E5 A6C83F           (./generated-code/):00310 [5]     1103            LDA 63,U
A2E8 84F0             (./generated-code/):00311 [2]     1105            ANDA #$F0
A2EA 8A01             (./generated-code/):00312 [2]     1107            ORA #$01
A2EC A7C83F           (./generated-code/):00313 [5]     1112            STA 63,U
A2EF A6C828           (./generated-code/):00314 [5]     1117            LDA 40,U
A2F2 840F             (./generated-code/):00315 [2]     1119            ANDA #$0F
A2F4 8A10             (./generated-code/):00316 [2]     1121            ORA #$10
A2F6 A7C828           (./generated-code/):00317 [5]     1126            STA 40,U
A2F9 A6C817           (./generated-code/):00318 [5]     1131            LDA 23,U
A2FC 84F0             (./generated-code/):00319 [2]     1133            ANDA #$F0
A2FE 8A01             (./generated-code/):00320 [2]     1135            ORA #$01
A300 A7C817           (./generated-code/):00321 [5]     1140            STA 23,U
A303 A6C4             (./generated-code/):00322 [4]     1144            LDA ,U
A305 840F             (./generated-code/):00323 [2]     1146            ANDA #$0F
A307 8A10             (./generated-code/):00324 [2]     1148            ORA #$10
A309 A7C4             (./generated-code/):00325 [4]     1152            STA ,U
A30B A6C8D8           (./generated-code/):00326 [5]     1157            LDA -40,U
A30E 840F             (./generated-code/):00327 [2]     1159            ANDA #$0F
A310 8A10             (./generated-code/):00328 [2]     1161            ORA #$10
A312 A7C8D8           (./generated-code/):00329 [5]     1166            STA -40,U
A315 A6C8C7           (./generated-code/):00330 [5]     1171            LDA -57,U
A318 840F             (./generated-code/):00331 [2]     1173            ANDA #$0F
A31A 8A10             (./generated-code/):00332 [2]     1175            ORA #$10
A31C A7C8C7           (./generated-code/):00333 [5]     1180            STA -57,U
A31F A6C8B0           (./generated-code/):00334 [5]     1185            LDA -80,U
A322 840F             (./generated-code/):00335 [2]     1187            ANDA #$0F
A324 8A00             (./generated-code/):00336 [2]     1189            ORA #$00
A326 A7C8B0           (./generated-code/):00337 [5]     1194            STA -80,U
A329 A6C89F           (./generated-code/):00338 [5]     1199            LDA -97,U
A32C 840F             (./generated-code/):00339 [2]     1201            ANDA #$0F
A32E 8A10             (./generated-code/):00340 [2]     1203            ORA #$10
A330 A7C89F           (./generated-code/):00341 [5]     1208            STA -97,U
A333 A6C888           (./generated-code/):00342 [5]     1213            LDA -120,U
A336 840F             (./generated-code/):00343 [2]     1215            ANDA #$0F
A338 8A00             (./generated-code/):00344 [2]     1217            ORA #$00
A33A A7C888           (./generated-code/):00345 [5]     1222            STA -120,U
A33D 8611             (./generated-code/):00346 [2]     1224            LDA #$11
A33F A7C8EF           (./generated-code/):00347 [5]     1229            STA -17,U
A342 33C9FF00         (./generated-code/):00348 [8]     1237            LEAU -256,U
                      (./generated-code/):00349                 
A346 A6C860           (./generated-code/):00350 [5]     1242            LDA 96,U
A349 84F0             (./generated-code/):00351 [2]     1244            ANDA #$F0
A34B 8A01             (./generated-code/):00352 [2]     1246            ORA #$01
A34D A7C860           (./generated-code/):00353 [5]     1251            STA 96,U
A350 A6C838           (./generated-code/):00354 [5]     1256            LDA 56,U
A353 84F0             (./generated-code/):00355 [2]     1258            ANDA #$F0
A355 8A01             (./generated-code/):00356 [2]     1260            ORA #$01
A357 A7C838           (./generated-code/):00357 [5]     1265            STA 56,U
A35A A6C810           (./generated-code/):00358 [5]     1270            LDA 16,U
A35D 84F0             (./generated-code/):00359 [2]     1272            ANDA #$F0
A35F 8A00             (./generated-code/):00360 [2]     1274            ORA #$00
A361 A7C810           (./generated-code/):00361 [5]     1279            STA 16,U
A364 A6C8E8           (./generated-code/):00362 [5]     1284            LDA -24,U
A367 84F0             (./generated-code/):00363 [2]     1286            ANDA #$F0
A369 8A00             (./generated-code/):00364 [2]     1288            ORA #$00
A36B A7C8E8           (./generated-code/):00365 [5]     1293            STA -24,U
A36E A6C8C0           (./generated-code/):00366 [5]     1298            LDA -64,U
A371 84F0             (./generated-code/):00367 [2]     1300            ANDA #$F0
A373 8A00             (./generated-code/):00368 [2]     1302            ORA #$00
A375 A7C8C0           (./generated-code/):00369 [5]     1307            STA -64,U
A378 A6C898           (./generated-code/):00370 [5]     1312            LDA -104,U
A37B 84F0             (./generated-code/):00371 [2]     1314            ANDA #$F0
A37D 8A00             (./generated-code/):00372 [2]     1316            ORA #$00
A37F A7C898           (./generated-code/):00373 [5]     1321            STA -104,U
A382 A6C888           (./generated-code/):00374 [5]     1326            LDA -120,U
A385 840F             (./generated-code/):00375 [2]     1328            ANDA #$0F
A387 8A00             (./generated-code/):00376 [2]     1330            ORA #$00
A389 A7C888           (./generated-code/):00377 [5]     1335            STA -120,U
A38C ECC877           (./generated-code/):00378 [6]     1341            LDD 119,U
A38F 840F             (./generated-code/):00379 [2]     1343            ANDA #$0F
A391 C4F0             (./generated-code/):00380 [2]     1345            ANDB #$F0
A393 C31001           (./generated-code/):00381 [4]     1349            ADDD #$1001
A396 EDC877           (./generated-code/):00382 [6]     1355            STD 119,U
A399 ECC84F           (./generated-code/):00383 [6]     1361            LDD 79,U
A39C 840F             (./generated-code/):00384 [2]     1363            ANDA #$0F
A39E C4F0             (./generated-code/):00385 [2]     1365            ANDB #$F0
A3A0 C31001           (./generated-code/):00386 [4]     1369            ADDD #$1001
A3A3 EDC84F           (./generated-code/):00387 [6]     1375            STD 79,U
A3A6 ECC827           (./generated-code/):00388 [6]     1381            LDD 39,U
A3A9 840F             (./generated-code/):00389 [2]     1383            ANDA #$0F
A3AB C4F0             (./generated-code/):00390 [2]     1385            ANDB #$F0
A3AD C31000           (./generated-code/):00391 [4]     1389            ADDD #$1000
A3B0 EDC827           (./generated-code/):00392 [6]     1395            STD 39,U
A3B3 EC5F             (./generated-code/):00393 [6]     1401            LDD -1,U
A3B5 840F             (./generated-code/):00394 [2]     1403            ANDA #$0F
A3B7 C4F0             (./generated-code/):00395 [2]     1405            ANDB #$F0
A3B9 C31000           (./generated-code/):00396 [4]     1409            ADDD #$1000
A3BC ED5F             (./generated-code/):00397 [6]     1415            STD -1,U
A3BE ECC8D7           (./generated-code/):00398 [6]     1421            LDD -41,U
A3C1 840F             (./generated-code/):00399 [2]     1423            ANDA #$0F
A3C3 C4F0             (./generated-code/):00400 [2]     1425            ANDB #$F0
A3C5 C31000           (./generated-code/):00401 [4]     1429            ADDD #$1000
A3C8 EDC8D7           (./generated-code/):00402 [6]     1435            STD -41,U
A3CB ECC8AF           (./generated-code/):00403 [6]     1441            LDD -81,U
A3CE 840F             (./generated-code/):00404 [2]     1443            ANDA #$0F
A3D0 C4F0             (./generated-code/):00405 [2]     1445            ANDB #$F0
A3D2 C31000           (./generated-code/):00406 [4]     1449            ADDD #$1000
A3D5 EDC8AF           (./generated-code/):00407 [6]     1455            STD -81,U
A3D8 33C9FF04         (./generated-code/):00408 [8]     1463            LEAU -252,U
                      (./generated-code/):00409                 
A3DC ECC8E3           (./generated-code/):00410 [6]     1469            LDD -29,U
A3DF 8611             (./generated-code/):00411 [2]     1471            LDA #$11
A3E1 C40F             (./generated-code/):00412 [2]     1473            ANDB #$0F
A3E3 CA00             (./generated-code/):00413 [2]     1475            ORB #$00
A3E5 EDC8E3           (./generated-code/):00414 [6]     1481            STD -29,U
A3E8 A6C85C           (./generated-code/):00415 [5]     1486            LDA 92,U
A3EB 840F             (./generated-code/):00416 [2]     1488            ANDA #$0F
A3ED 8A00             (./generated-code/):00417 [2]     1490            ORA #$00
A3EF A7C85C           (./generated-code/):00418 [5]     1495            STA 92,U
A3F2 A6C834           (./generated-code/):00419 [5]     1500            LDA 52,U
A3F5 840F             (./generated-code/):00420 [2]     1502            ANDA #$0F
A3F7 8A00             (./generated-code/):00421 [2]     1504            ORA #$00
A3F9 A7C834           (./generated-code/):00422 [5]     1509            STA 52,U
A3FC A6C81E           (./generated-code/):00423 [5]     1514            LDA 30,U
A3FF 840F             (./generated-code/):00424 [2]     1516            ANDA #$0F
A401 8A10             (./generated-code/):00425 [2]     1518            ORA #$10
A403 A7C81E           (./generated-code/):00426 [5]     1523            STA 30,U
A406 A64C             (./generated-code/):00427 [5]     1528            LDA 12,U
A408 840F             (./generated-code/):00428 [2]     1530            ANDA #$0F
A40A 8A00             (./generated-code/):00429 [2]     1532            ORA #$00
A40C A74C             (./generated-code/):00430 [5]     1537            STA 12,U
A40E A656             (./generated-code/):00431 [5]     1542            LDA -10,U
A410 840F             (./generated-code/):00432 [2]     1544            ANDA #$0F
A412 8A10             (./generated-code/):00433 [2]     1546            ORA #$10
A414 A756             (./generated-code/):00434 [5]     1551            STA -10,U
A416 A6C8A5           (./generated-code/):00435 [5]     1556            LDA -91,U
A419 840F             (./generated-code/):00436 [2]     1558            ANDA #$0F
A41B 8A10             (./generated-code/):00437 [2]     1560            ORA #$10
A41D A7C8A5           (./generated-code/):00438 [5]     1565            STA -91,U
A420 8611             (./generated-code/):00439 [2]     1567            LDA #$11
A422 A7C8CD           (./generated-code/):00440 [5]     1572            STA -51,U
A425 33C9EBD7         (./generated-code/):00441 [8]     1580            LEAU -5161,U
                      (./generated-code/):00442                 
A429 A7C851           (./generated-code/):00443 [5]     1585            STA 81,U
A42C A7C829           (./generated-code/):00444 [5]     1590            STA 41,U
A42F A6C879           (./generated-code/):00445 [5]     1595            LDA 121,U
A432 840F             (./generated-code/):00446 [2]     1597            ANDA #$0F
A434 8A10             (./generated-code/):00447 [2]     1599            ORA #$10
A436 A7C879           (./generated-code/):00448 [5]     1604            STA 121,U
A439 A6C8D8           (./generated-code/):00449 [5]     1609            LDA -40,U
A43C 84F0             (./generated-code/):00450 [2]     1611            ANDA #$F0
A43E 8A01             (./generated-code/):00451 [2]     1613            ORA #$01
A440 A7C8D8           (./generated-code/):00452 [5]     1618            STA -40,U
A443 A6C8B0           (./generated-code/):00453 [5]     1623            LDA -80,U
A446 84F0             (./generated-code/):00454 [2]     1625            ANDA #$F0
A448 8A01             (./generated-code/):00455 [2]     1627            ORA #$01
A44A A7C8B0           (./generated-code/):00456 [5]     1632            STA -80,U
A44D A6C888           (./generated-code/):00457 [5]     1637            LDA -120,U
A450 84F0             (./generated-code/):00458 [2]     1639            ANDA #$F0
A452 8A01             (./generated-code/):00459 [2]     1641            ORA #$01
A454 A7C888           (./generated-code/):00460 [5]     1646            STA -120,U
A457 CC1111           (./generated-code/):00461 [3]     1649            LDD #$1111
A45A EDC4             (./generated-code/):00462 [5]     1654            STD ,U
A45C 33C9FE72         (./generated-code/):00463 [8]     1662            LEAU -398,U
                      (./generated-code/):00464                 
A460 ECC8AF           (./generated-code/):00465 [6]     1668            LDD -81,U
A463 840F             (./generated-code/):00466 [2]     1670            ANDA #$0F
A465 C4F0             (./generated-code/):00467 [2]     1672            ANDB #$F0
A467 C31001           (./generated-code/):00468 [4]     1676            ADDD #$1001
A46A EDC8AF           (./generated-code/):00469 [6]     1682            STD -81,U
A46D ECC887           (./generated-code/):00470 [6]     1688            LDD -121,U
A470 840F             (./generated-code/):00471 [2]     1690            ANDA #$0F
A472 C4F0             (./generated-code/):00472 [2]     1692            ANDB #$F0
A474 C31001           (./generated-code/):00473 [4]     1696            ADDD #$1001
A477 EDC887           (./generated-code/):00474 [6]     1702            STD -121,U
A47A A6C878           (./generated-code/):00475 [5]     1707            LDA 120,U
A47D 840F             (./generated-code/):00476 [2]     1709            ANDA #$0F
A47F 8A10             (./generated-code/):00477 [2]     1711            ORA #$10
A481 A7C878           (./generated-code/):00478 [5]     1716            STA 120,U
A484 A6C850           (./generated-code/):00479 [5]     1721            LDA 80,U
A487 840F             (./generated-code/):00480 [2]     1723            ANDA #$0F
A489 8A10             (./generated-code/):00481 [2]     1725            ORA #$10
A48B A7C850           (./generated-code/):00482 [5]     1730            STA 80,U
A48E A6C828           (./generated-code/):00483 [5]     1735            LDA 40,U
A491 840F             (./generated-code/):00484 [2]     1737            ANDA #$0F
A493 8A10             (./generated-code/):00485 [2]     1739            ORA #$10
A495 A7C828           (./generated-code/):00486 [5]     1744            STA 40,U
A498 A6C8D8           (./generated-code/):00487 [5]     1749            LDA -40,U
A49B 84F0             (./generated-code/):00488 [2]     1751            ANDA #$F0
A49D 8A01             (./generated-code/):00489 [2]     1753            ORA #$01
A49F A7C8D8           (./generated-code/):00490 [5]     1758            STA -40,U
A4A2 33C9FF38         (./generated-code/):00491 [8]     1766            LEAU -200,U
                      (./generated-code/):00492                 
A4A6 ECC827           (./generated-code/):00493 [6]     1772            LDD 39,U
A4A9 840F             (./generated-code/):00494 [2]     1774            ANDA #$0F
A4AB C4F0             (./generated-code/):00495 [2]     1776            ANDB #$F0
A4AD C30001           (./generated-code/):00496 [4]     1780            ADDD #$0001
A4B0 EDC827           (./generated-code/):00497 [6]     1786            STD 39,U
A4B3 EC5F             (./generated-code/):00498 [6]     1792            LDD -1,U
A4B5 840F             (./generated-code/):00499 [2]     1794            ANDA #$0F
A4B7 C4F0             (./generated-code/):00500 [2]     1796            ANDB #$F0
A4B9 C30001           (./generated-code/):00501 [4]     1800            ADDD #$0001
A4BC ED5F             (./generated-code/):00502 [6]     1806            STD -1,U
A4BE ECC8D7           (./generated-code/):00503 [6]     1812            LDD -41,U
A4C1 840F             (./generated-code/):00504 [2]     1814            ANDA #$0F
A4C3 C4F0             (./generated-code/):00505 [2]     1816            ANDB #$F0
A4C5 C30001           (./generated-code/):00506 [4]     1820            ADDD #$0001
A4C8 EDC8D7           (./generated-code/):00507 [6]     1826            STD -41,U
A4CB 39               (./generated-code/):00508 [5]     1831            RTS
                      (./generated-code/):00509                 
