                      (./generated-code/):00001                 INCLUDE "./engine/constants.asm"
                      (./engine/constant):00001         * ---------------------------------------------------------------------------
                      (./engine/constant):00002         * Constants
                      (./engine/constant):00003         *
                      (./engine/constant):00004         * Naming convention
                      (./engine/constant):00005         * -----------------
                      (./engine/constant):00006         * - lower case
                      (./engine/constant):00007         * - underscore-separated names
                      (./engine/constant):00008         *
                      (./engine/constant):00009         * ---------------------------------------------------------------------------
                      (./engine/constant):00010         
                      (./engine/constant):00011          ifndef CONSTANTS_ASM
     0001             (./engine/constant):00012         CONSTANTS_ASM equ 1
                      (./engine/constant):00013         
                      (./engine/constant):00014         * ===========================================================================
                      (./engine/constant):00015         * TO8 Registers
                      (./engine/constant):00016         * ===========================================================================
                      (./engine/constant):00017         
                      (./engine/constant):00018         ; Disk routine registers (ROM)
                      (./engine/constant):00019         
     6049             (./engine/constant):00020         dk_drive                      equ $6049
     604A             (./engine/constant):00021         dk_track                      equ $604A
     604B             (./engine/constant):00022         dk_track_lsb                  equ $604B
     604C             (./engine/constant):00023         dk_sector                     equ $604C
     604F             (./engine/constant):00024         dk_write_location             equ $604F
                      (./engine/constant):00025         
                      (./engine/constant):00026         * ===========================================================================
                      (./engine/constant):00027         * Globals
                      (./engine/constant):00028         * ===========================================================================
                      (./engine/constant):00029         
                      (./engine/constant):00030         ; compilated sprite
     9FFE             (./engine/constant):00031         glb_register_s                equ $9FFE  ; reverved space to store S from ROM routines
                      (./engine/constant):00032         
                      (./engine/constant):00033         ; DrawSprites
     9FFC             (./engine/constant):00034         glb_screen_location_1         equ $9FFC  ; start address for rendering of current sprite Part1     
     9FFA             (./engine/constant):00035         glb_screen_location_2         equ $9FFA  ; start address for rendering of current sprite Part2 (Must follow Part1)
                      (./engine/constant):00036         
                      (./engine/constant):00037         ; CheckSpritesRefresh
     9FF9             (./engine/constant):00038         glb_cur_priority              equ $9FF9
     9FF7             (./engine/constant):00039         glb_cur_ptr_sub_obj_erase     equ $9FF7
     9FF5             (./engine/constant):00040         glb_cur_ptr_sub_obj_draw      equ $9FF5
                      (./engine/constant):00041         
     9FF3             (./engine/constant):00042         glb_camera_x_pos              equ $9FF3 ; camera x position in palyfield coordinates
     9FF1             (./engine/constant):00043         glb_camera_y_pos              equ $9FF1 ; camera y position in palyfield coordinates
     9FEF             (./engine/constant):00044         glb_camera_x_min_pos          equ $9FEF
     9FED             (./engine/constant):00045         glb_camera_y_min_pos          equ $9FED
     9FEB             (./engine/constant):00046         glb_camera_x_max_pos          equ $9FEB
     9FE9             (./engine/constant):00047         glb_camera_y_max_pos          equ $9FE9
     9FE8             (./engine/constant):00048         glb_camera_x_offset           equ $9FE8
     9FE7             (./engine/constant):00049         glb_camera_y_offset           equ $9FE7 
     9FE6             (./engine/constant):00050         glb_force_sprite_refresh      equ $9FE6
     9FE5             (./engine/constant):00051         glb_camera_move               equ $9FE5
     9FE4             (./engine/constant):00052         glb_alphaTiles                equ $9FE4
     9FE3             (./engine/constant):00053         glb_timer_second              equ $9FE3
     9FE2             (./engine/constant):00054         glb_timer_minute              equ $9FE2
     9FE2             (./engine/constant):00055         glb_timer                     equ $9FE2 
     9FE1             (./engine/constant):00056         glb_timer_frame               equ $9FE1
                      (./engine/constant):00057         
                      (./engine/constant):00058         ; BankSwitch
     9FE0             (./engine/constant):00059         glb_Page                      equ $9FE0
     9FB0             (./engine/constant):00060         dp_engine                     equ $9FB0 ; engine and user routines tmp var space
     9F00             (./engine/constant):00061         dp                            equ $9F00 ; free user tmp var space
     9F00             (./engine/constant):00062         glb_system_stack              equ $9F00
                      (./engine/constant):00063         
                      (./engine/constant):00064         * ===========================================================================
                      (./engine/constant):00065         * Display Constants
                      (./engine/constant):00066         * ===========================================================================
                      (./engine/constant):00067         
     00A0             (./engine/constant):00068         screen_width                  equ 160    ; in pixel
     001C             (./engine/constant):00069         screen_top                    equ 28     ; in pixel
     00E3             (./engine/constant):00070         screen_bottom                 equ 28+199 ; in pixel
     0030             (./engine/constant):00071         screen_left                   equ 48     ; in pixel
     00CF             (./engine/constant):00072         screen_right                  equ 48+159 ; in pixel
     0008             (./engine/constant):00073         nb_priority_levels            equ 8      ; number of priority levels (need code change if modified)
                      (./engine/constant):00074         
                      (./engine/constant):00075         * ===========================================================================
                      (./engine/constant):00076         * Images Constants
                      (./engine/constant):00077         * ===========================================================================
                      (./engine/constant):00078         
     0004             (./engine/constant):00079         image_x_size                  equ 4
     0005             (./engine/constant):00080         image_y_size                  equ 5
     0006             (./engine/constant):00081         image_center_offset           equ 6
                      (./engine/constant):00082         
     0004             (./engine/constant):00083         image_subset_x1_offset        equ 4
     0005             (./engine/constant):00084         image_subset_y1_offset        equ 5
                      (./engine/constant):00085         
     0000             (./engine/constant):00086         page_draw_routine             equ 0
     0001             (./engine/constant):00087         draw_routine                  equ 1
     0003             (./engine/constant):00088         page_erase_routine            equ 3
     0004             (./engine/constant):00089         erase_routine                 equ 4
     0006             (./engine/constant):00090         erase_nb_cell                 equ 6
                      (./engine/constant):00091         
                      (./engine/constant):00092         * ===========================================================================
                      (./engine/constant):00093         * Sound Constants
                      (./engine/constant):00094         * ===========================================================================
                      (./engine/constant):00095         
     0000             (./engine/constant):00096         sound_page        equ 0
     0001             (./engine/constant):00097         sound_start_addr  equ 1
     0003             (./engine/constant):00098         sound_end_addr    equ 3
     0005             (./engine/constant):00099         sound_meta_size   equ 5
                      (./engine/constant):00100         
                      (./engine/constant):00101         * ===========================================================================
                      (./engine/constant):00102         * Object Constants
                      (./engine/constant):00103         * ===========================================================================
                      (./engine/constant):00104         
                      (./engine/constant):00105         ; ext_variables_size should be declared in game source code
                      (./engine/constant):00106         
     0022             (./engine/constant):00107         object_base_size              equ 34  ; the size of an object without ext_vars - DEPENDENCY ClearObj routine
     003B             (./engine/constant):00108         object_rsvd_size              equ 59  ; the size of an object without ext_vars - DEPENDENCY ClearObj routine
     ????             (./engine/constant):00109         object_rsvd                   equ object_base_size+ext_variables_size
     ????             (./engine/constant):00110         object_size                   equ object_base_size+ext_variables_size+object_rsvd_size ; the size of a dynamic object
     ????             (./engine/constant):00111         next_object                   equ object_size
     0022             (./engine/constant):00112         ext_variables                 equ object_base_size ; start of reserved space for additionnal variables
                      (./engine/constant):00113         
     0000             (./engine/constant):00114         id                            equ 0           ; reference to object model id (ObjID_) (0: free slot)
     0001             (./engine/constant):00115         subtype                       equ 1           ; reference to object subtype (Sub_) DEPENDENCY subtype must follow id
     0002             (./engine/constant):00116         render_flags                  equ 2
                      (./engine/constant):00117         
                      (./engine/constant):00118         ; bit 7 = onscreen flag, bit 0 = x mirror, bit 1 = y mirror, bit 2 = coordinate system, bit 6 = render subobjects
                      (./engine/constant):00119         
                      (./engine/constant):00120         * --- render_flags bitfield variables ---
     0001             (./engine/constant):00121         render_xmirror_mask           equ $01 ; (bit 0) DEPENDENCY should be bit 0 - tell display engine to mirror sprite on horizontal axis
     0002             (./engine/constant):00122         render_ymirror_mask           equ $02 ; (bit 1) DEPENDENCY should be bit 1 - tell display engine to mirror sprite on vertical axis
     0004             (./engine/constant):00123         render_overlay_mask           equ $04 ; (bit 2) DEPENDENCY should be bit 2 - compilated sprite with no background save
     0008             (./engine/constant):00124         render_playfieldcoord_mask    equ $08 ; (bit 3) tell display engine to use playfield (1) or screen (0) coordinates
     0010             (./engine/constant):00125         render_xloop_mask             equ $10 ; (bit 4) (in screen coordinate) tell display engine to hide sprite when x is out of screen (0) or to display (1)  
     0020             (./engine/constant):00126         render_todelete_mask          equ $20 ; (bit 5) tell display engine to delete sprite and clear OST for this object
     0040             (./engine/constant):00127         render_subobjects             equ $40 ; (bit 6) tell display engine to render subobjects for this object
     0080             (./engine/constant):00128         render_hide_mask              equ $80 ; (bit 7) tell display engine to hide sprite (keep priority and mapping_frame)
                      (./engine/constant):00129         
     0003             (./engine/constant):00130         priority                      equ 3           ; display priority (0: nothing to display, 1:front, ..., 8:back)
     0004             (./engine/constant):00131         anim                          equ 4  ; and 5  ; reference to current animation (Ani_)
     0006             (./engine/constant):00132         prev_anim                     equ 6  ; and 7  ; reference to previous animation (Ani_)
     0008             (./engine/constant):00133         anim_frame                    equ 8           ; index of current frame in animation
     0009             (./engine/constant):00134         anim_frame_duration           equ 9           ; number of frames for each image in animation, range: 00-7F (0-127), 0 means display only during one frame
     000A             (./engine/constant):00135         anim_flags                    equ 10          ; byte offset to reference an anim_flags LUT (adv) / store a link flag (non adv)
                      (./engine/constant):00136         
                      (./engine/constant):00137         * --- anim_flags bitfield variables ---
     0001             (./engine/constant):00138         anim_link_mask                equ $01 ; (bit 0) if set, allow the load of a new animation without reseting anim_frame and anim_frame_duration
                      (./engine/constant):00139         
     000B             (./engine/constant):00140         status_flags                  equ 11          ; orientation of sprite, is applied to animation xmirror flag during AnimateSprite
                      (./engine/constant):00141         
                      (./engine/constant):00142         * --- status_flags bitfield variables ---
     0001             (./engine/constant):00143         status_xflip_mask             equ $01 ; (bit 0) X Flip
     0002             (./engine/constant):00144         status_yflip_mask             equ $02 ; (bit 1) Y Flip
                      (./engine/constant):00145         
     000C             (./engine/constant):00146         image_set                     equ 12 ; and 13 ; reference to current image (Img_) (0000 if no image)
     000E             (./engine/constant):00147         x_pos                         equ 14 ; and 15 ; x playfield coordinate
     0010             (./engine/constant):00148         x_sub                         equ 16          ; x subpixel (1/256 of a pixel), must follow x_pos in data structure
     0011             (./engine/constant):00149         y_pos                         equ 17 ; and 18 ; y playfield coordinate
     0013             (./engine/constant):00150         y_sub                         equ 19          ; y subpixel (1/256 of a pixel), must follow y_pos in data structure
     0014             (./engine/constant):00151         xy_pixel                      equ 20          ; x and y screen coordinate
     0014             (./engine/constant):00152         x_pixel                       equ 20          ; x screen coordinate
     0015             (./engine/constant):00153         y_pixel                       equ 21          ; y screen coordinate, must follow x_pixel
     0016             (./engine/constant):00154         x_vel                         equ 22 ; and 23 ; horizontal velocity
     0018             (./engine/constant):00155         y_vel                         equ 24 ; and 25 ; vertical velocity
     001A             (./engine/constant):00156         x_acl                         equ 26 ; and 27 ; horizontal gravity
     001C             (./engine/constant):00157         y_acl                         equ 28 ; and 29 ; vertical gravity
     001E             (./engine/constant):00158         routine                       equ 30          ; index of current object routine
     001F             (./engine/constant):00159         routine_secondary             equ 31          ; index of current secondary routine
     0020             (./engine/constant):00160         routine_tertiary              equ 32          ; index of current tertiary routine
     0021             (./engine/constant):00161         routine_quaternary            equ 33          ; index of current quaternary routine
                      (./engine/constant):00162         
                      (./engine/constant):00163         * ---------------------------------------------------------------------------
                      (./engine/constant):00164         * reserved variables (read/write by engine)
                      (./engine/constant):00165         
     ????             (./engine/constant):00166         rsv_render_flags              equ object_rsvd
                      (./engine/constant):00167         
                      (./engine/constant):00168         * --- rsv_render_flags bitfield variables ---
     0001             (./engine/constant):00169         rsv_render_checkrefresh_mask  equ $01 ; (bit 0) if erasesprite and display sprite flag are processed for this frame
     0002             (./engine/constant):00170         rsv_render_erasesprite_mask   equ $02 ; (bit 1) if a sprite need to be cleared on screen
     0004             (./engine/constant):00171         rsv_render_displaysprite_mask equ $04 ; (bit 2) if a sprite need to be rendered on screen
     0008             (./engine/constant):00172         rsv_render_outofrange_mask    equ $08 ; (bit 3) if a sprite is out of range for full rendering in screen
     0080             (./engine/constant):00173         rsv_render_onscreen_mask      equ $80 ; (bit 7) DEPENDENCY should be bit 7 - has been rendered on last screen buffer (may be 0 or 1)
                      (./engine/constant):00174         
     ????             (./engine/constant):00175         rsv_prev_anim                 equ object_rsvd+1 ; and +2 ; reference to previous animation (Ani_) w * UTILE ?
     ????             (./engine/constant):00176         rsv_image_center_offset       equ object_rsvd+3 ; 0 or 1 offset that indicate if image center is even or odd (DRS_XYToAddress)
     ????             (./engine/constant):00177         rsv_image_subset              equ object_rsvd+4 ; and +5 ; reference to current image regarding mirror flags w
     ????             (./engine/constant):00178         rsv_mapping_frame             equ object_rsvd+6 ; and +7 ; reference to current image regarding mirror flags, overlay flag and x precision w
     ????             (./engine/constant):00179         rsv_erase_nb_cell             equ object_rsvd+8 ; b 
     ????             (./engine/constant):00180         rsv_page_draw_routine         equ object_rsvd+9 ; b
     ????             (./engine/constant):00181         rsv_draw_routine              equ object_rsvd+10 ; and +11 ; w
     ????             (./engine/constant):00182         rsv_page_erase_routine        equ object_rsvd+12 ; b
     ????             (./engine/constant):00183         rsv_erase_routine             equ object_rsvd+13 ; and +14 ; w 
     ????             (./engine/constant):00184         rsv_xy1_pixel                 equ object_rsvd+15 ;
     ????             (./engine/constant):00185         rsv_x1_pixel                  equ object_rsvd+15 ; x+x_offset-(x_size/2) screen coordinate
     ????             (./engine/constant):00186         rsv_y1_pixel                  equ object_rsvd+16 ; y+y_offset-(y_size/2) screen coordinate, must follow rsv_x1_pixel
     ????             (./engine/constant):00187         rsv_xy2_pixel                 equ object_rsvd+17 ;
     ????             (./engine/constant):00188         rsv_x2_pixel                  equ object_rsvd+17 ; x+x_offset+(x_size/2) screen coordinate
     ????             (./engine/constant):00189         rsv_y2_pixel                  equ object_rsvd+18 ; y+y_offset+(y_size/2) screen coordinate, must follow rsv_x2_pixel
                      (./engine/constant):00190         
                      (./engine/constant):00191         * ---------------------------------------------------------------------------
                      (./engine/constant):00192         * reserved variables (engine) - buffer specific
                      (./engine/constant):00193         
     ????             (./engine/constant):00194         rsv_buffer_0                  equ object_rsvd+19 ; Start index of buffer 0 variables
     ????             (./engine/constant):00195         rsv_priority_0                equ object_rsvd+19 ; internal value that hold priority in video buffer 0
     ????             (./engine/constant):00196         rsv_priority_prev_obj_0       equ object_rsvd+20 ; and +21 ; previous object (OST address) in display priority list for video buffer 0 (0000 if none) w
     ????             (./engine/constant):00197         rsv_priority_next_obj_0       equ object_rsvd+22 ; and +23 ; next object (OST address) in display priority list for video buffer 0 (0000 if none) w
     ????             (./engine/constant):00198         rsv_prev_mapping_frame_0      equ object_rsvd+24 ; and object_rsvd+25 ; reference to previous image in video buffer 0 w
     ????             (./engine/constant):00199         rsv_prev_erase_nb_cell_0      equ object_rsvd+26 : b
     ????             (./engine/constant):00200         rsv_prev_page_erase_routine_0 equ object_rsvd+27 ; b
     ????             (./engine/constant):00201         rsv_prev_erase_routine_0      equ object_rsvd+28 ; and object_rsvd+29 ; w
     ????             (./engine/constant):00202         rsv_bgdata_0                  equ object_rsvd+30 ; and +31 ; address of background data in screen 0 w
     ????             (./engine/constant):00203         rsv_prev_xy_pixel_0           equ object_rsvd+32 ;
     ????             (./engine/constant):00204         rsv_prev_x_pixel_0            equ object_rsvd+32 ; previous x screen coordinate b
     ????             (./engine/constant):00205         rsv_prev_y_pixel_0            equ object_rsvd+33 ; previous y screen coordinate b, must follow x_pixel
     ????             (./engine/constant):00206         rsv_prev_xy1_pixel_0          equ object_rsvd+34 ;
     ????             (./engine/constant):00207         rsv_prev_x1_pixel_0           equ object_rsvd+34 ; previous x+x_offset-(x_size/2) screen coordinate b
     ????             (./engine/constant):00208         rsv_prev_y1_pixel_0           equ object_rsvd+35 ; previous y+y_offset-(y_size/2) screen coordinate b, must follow x1_pixel
     ????             (./engine/constant):00209         rsv_prev_xy2_pixel_0          equ object_rsvd+36 ;
     ????             (./engine/constant):00210         rsv_prev_x2_pixel_0           equ object_rsvd+36 ; previous x+x_offset+(x_size/2) screen coordinate b
     ????             (./engine/constant):00211         rsv_prev_y2_pixel_0           equ object_rsvd+37 ; previous y+y_offset+(y_size/2) screen coordinate b, must follow x2_pixel
     ????             (./engine/constant):00212         rsv_prev_render_flags_0       equ object_rsvd+38 ;
                      (./engine/constant):00213         * --- rsv_prev_render_flags_0 bitfield variables ---
     0001             (./engine/constant):00214         rsv_prev_render_overlay_mask  equ $01 ; (bit 0) if a sprite has been rendered with compilated sprite and no background save on screen buffer 0/1
     0080             (./engine/constant):00215         rsv_prev_render_onscreen_mask equ $80 ; (bit 7) DEPENDENCY should be bit 7 - has been rendered on screen buffer 0/1
                      (./engine/constant):00216         
     ????             (./engine/constant):00217         rsv_buffer_1                  equ object_rsvd+39 ; Start index of buffer 1 variables
     ????             (./engine/constant):00218         rsv_priority_1                equ object_rsvd+39 ; internal value that hold priority in video buffer 1
     ????             (./engine/constant):00219         rsv_priority_prev_obj_1       equ object_rsvd+40 ; and +41 ; previous object (OST address) in display priority list for video buffer 1 (0000 if none) w
     ????             (./engine/constant):00220         rsv_priority_next_obj_1       equ object_rsvd+42 ; and +43 ; next object (OST address) in display priority list for video buffer 1 (0000 if none) w
     ????             (./engine/constant):00221         rsv_prev_mapping_frame_1      equ object_rsvd+44 ; and +45 ; reference to previous image in video buffer 1 w
     ????             (./engine/constant):00222         rsv_prev_erase_nb_cell_1      equ object_rsvd+46 ; b
     ????             (./engine/constant):00223         rsv_prev_page_erase_routine_1 equ object_rsvd+47 ; b
     ????             (./engine/constant):00224         rsv_prev_erase_routine_1      equ object_rsvd+48 ; and +49 ; w
     ????             (./engine/constant):00225         rsv_bgdata_1                  equ object_rsvd+50 ; and +51 ; address of background data in screen 1 w
     ????             (./engine/constant):00226         rsv_prev_xy_pixel_1           equ object_rsvd+52 ;
     ????             (./engine/constant):00227         rsv_prev_x_pixel_1            equ object_rsvd+52 ; previous x screen coordinate b
     ????             (./engine/constant):00228         rsv_prev_y_pixel_1            equ object_rsvd+53 ; previous y screen coordinate b, must follow x_pixel
     ????             (./engine/constant):00229         rsv_prev_xy1_pixel_1          equ object_rsvd+54 ;
     ????             (./engine/constant):00230         rsv_prev_x1_pixel_1           equ object_rsvd+54 ; previous x+x_size screen coordinate b
     ????             (./engine/constant):00231         rsv_prev_y1_pixel_1           equ object_rsvd+55 ; previous y+y_size screen coordinate b, must follow x_pixel
     ????             (./engine/constant):00232         rsv_prev_xy2_pixel_1          equ object_rsvd+56 ;
     ????             (./engine/constant):00233         rsv_prev_x2_pixel_1           equ object_rsvd+56 ; previous x+x_size screen coordinate b
     ????             (./engine/constant):00234         rsv_prev_y2_pixel_1           equ object_rsvd+57 ; previous y+y_size screen coordinate b, must follow x_pixel
     ????             (./engine/constant):00235         rsv_prev_render_flags_1       equ object_rsvd+58 ;
                      (./engine/constant):00236         
     0000             (./engine/constant):00237         buf_priority                  equ 0  ; offset for each rsv_buffer variables
     0001             (./engine/constant):00238         buf_priority_prev_obj         equ 1  ;
     0003             (./engine/constant):00239         buf_priority_next_obj         equ 3  ;
     0005             (./engine/constant):00240         buf_prev_mapping_frame        equ 5  ;
     0007             (./engine/constant):00241         buf_erase_nb_cell             equ 7  ;
     0008             (./engine/constant):00242         buf_page_erase_routine        equ 8 ;
     0009             (./engine/constant):00243         buf_erase_routine             equ 9 ;
     000B             (./engine/constant):00244         buf_bgdata                    equ 11 ;
     000D             (./engine/constant):00245         buf_prev_xy_pixel             equ 13 ;
     000D             (./engine/constant):00246         buf_prev_x_pixel              equ 13 ;
     000E             (./engine/constant):00247         buf_prev_y_pixel              equ 14 ;
     000F             (./engine/constant):00248         buf_prev_xy1_pixel            equ 15 ;
     000F             (./engine/constant):00249         buf_prev_x1_pixel             equ 15 ;
     0010             (./engine/constant):00250         buf_prev_y1_pixel             equ 16 ;
     0011             (./engine/constant):00251         buf_prev_xy2_pixel            equ 17 ;
     0011             (./engine/constant):00252         buf_prev_x2_pixel             equ 17 ;
     0012             (./engine/constant):00253         buf_prev_y2_pixel             equ 18 ;
     0013             (./engine/constant):00254         buf_prev_render_flags         equ 19 ;
                      (./engine/constant):00255         
                      (./engine/constant):00256          endc
                      (./generated-code/):00002                 ORG $A000
     FF               (./generated-code/):00003                 SETDP $FF
                      (./generated-code/):00004                 OPT C,CT
A000                  (./generated-code/):00005                 DRAW_Img_0127_0
A000 33C90423         (./generated-code/):00006 [8]     8               LEAU 1059,U
                      (./generated-code/):00007                 
A004 ECC811           (./generated-code/):00008 [6]     14              LDD 17,U
A007 840F             (./generated-code/):00009 [2]     16              ANDA #$0F
A009 8A00             (./generated-code/):00010 [2]     18              ORA #$00
A00B C614             (./generated-code/):00011 [2]     20              LDB #$14
A00D EDC811           (./generated-code/):00012 [6]     26              STD 17,U
A010 A6C862           (./generated-code/):00013 [5]     31              LDA 98,U
A013 840F             (./generated-code/):00014 [2]     33              ANDA #$0F
A015 8A00             (./generated-code/):00015 [2]     35              ORA #$00
A017 A7C862           (./generated-code/):00016 [5]     40              STA 98,U
A01A A6C8C7           (./generated-code/):00017 [5]     45              LDA -57,U
A01D 84F0             (./generated-code/):00018 [2]     47              ANDA #$F0
A01F 8A04             (./generated-code/):00019 [2]     49              ORA #$04
A021 A7C8C7           (./generated-code/):00020 [5]     54              STA -57,U
A024 A6C8C2           (./generated-code/):00021 [5]     59              LDA -62,U
A027 840F             (./generated-code/):00022 [2]     61              ANDA #$0F
A029 8A10             (./generated-code/):00023 [2]     63              ORA #$10
A02B A7C8C2           (./generated-code/):00024 [5]     68              STA -62,U
A02E A6C89F           (./generated-code/):00025 [5]     73              LDA -97,U
A031 84F0             (./generated-code/):00026 [2]     75              ANDA #$F0
A033 8A04             (./generated-code/):00027 [2]     77              ORA #$04
A035 A7C89F           (./generated-code/):00028 [5]     82              STA -97,U
A038 E7C8EA           (./generated-code/):00029 [5]     87              STB -22,U
A03B 33C9FEED         (./generated-code/):00030 [8]     95              LEAU -275,U
                      (./generated-code/):00031                 
A03F ECC863           (./generated-code/):00032 [6]     101             LDD 99,U
A042 840F             (./generated-code/):00033 [2]     103             ANDA #$0F
A044 C40F             (./generated-code/):00034 [2]     105             ANDB #$0F
A046 C31000           (./generated-code/):00035 [4]     109             ADDD #$1000
A049 EDC863           (./generated-code/):00036 [6]     115             STD 99,U
A04C ECC8EA           (./generated-code/):00037 [6]     121             LDD -22,U
A04F 840F             (./generated-code/):00038 [2]     123             ANDA #$0F
A051 C4F0             (./generated-code/):00039 [2]     125             ANDB #$F0
A053 C34001           (./generated-code/):00040 [4]     129             ADDD #$4001
A056 EDC8EA           (./generated-code/):00041 [6]     135             STD -22,U
A059 ECC89B           (./generated-code/):00042 [6]     141             LDD -101,U
A05C 84F0             (./generated-code/):00043 [2]     143             ANDA #$F0
A05E C4F0             (./generated-code/):00044 [2]     145             ANDB #$F0
A060 C30100           (./generated-code/):00045 [4]     149             ADDD #$0100
A063 EDC89B           (./generated-code/):00046 [6]     155             STD -101,U
A066 8611             (./generated-code/):00047 [2]     157             LDA #$11
A068 A7C813           (./generated-code/):00048 [5]     162             STA 19,U
A06B A6C83B           (./generated-code/):00049 [5]     167             LDA 59,U
A06E 840F             (./generated-code/):00050 [2]     169             ANDA #$0F
A070 8A10             (./generated-code/):00051 [2]     171             ORA #$10
A072 A7C83B           (./generated-code/):00052 [5]     176             STA 59,U
A075 A6C8C3           (./generated-code/):00053 [5]     181             LDA -61,U
A078 84F0             (./generated-code/):00054 [2]     183             ANDA #$F0
A07A 8A01             (./generated-code/):00055 [2]     185             ORA #$01
A07C A7C8C3           (./generated-code/):00056 [5]     190             STA -61,U
A07F 33C9FEB9         (./generated-code/):00057 [8]     198             LEAU -327,U
                      (./generated-code/):00058                 
A083 ECC862           (./generated-code/):00059 [6]     204             LDD 98,U
A086 84F0             (./generated-code/):00060 [2]     206             ANDA #$F0
A088 C4F0             (./generated-code/):00061 [2]     208             ANDB #$F0
A08A C30001           (./generated-code/):00062 [4]     212             ADDD #$0001
A08D EDC862           (./generated-code/):00063 [6]     218             STD 98,U
A090 ECC8C2           (./generated-code/):00064 [6]     224             LDD -62,U
A093 840F             (./generated-code/):00065 [2]     226             ANDA #$0F
A095 C40F             (./generated-code/):00066 [2]     228             ANDB #$0F
A097 C30010           (./generated-code/):00067 [4]     232             ADDD #$0010
A09A EDC8C2           (./generated-code/):00068 [6]     238             STD -62,U
A09D ECC89A           (./generated-code/):00069 [6]     244             LDD -102,U
A0A0 840F             (./generated-code/):00070 [2]     246             ANDA #$0F
A0A2 C40F             (./generated-code/):00071 [2]     248             ANDB #$0F
A0A4 C30010           (./generated-code/):00072 [4]     252             ADDD #$0010
A0A7 EDC89A           (./generated-code/):00073 [6]     258             STD -102,U
A0AA A6C865           (./generated-code/):00074 [5]     263             LDA 101,U
A0AD 840F             (./generated-code/):00075 [2]     265             ANDA #$0F
A0AF 8A40             (./generated-code/):00076 [2]     267             ORA #$40
A0B1 A7C865           (./generated-code/):00077 [5]     272             STA 101,U
A0B4 A6C83B           (./generated-code/):00078 [5]     277             LDA 59,U
A0B7 84F0             (./generated-code/):00079 [2]     279             ANDA #$F0
A0B9 8A01             (./generated-code/):00080 [2]     281             ORA #$01
A0BB A7C83B           (./generated-code/):00081 [5]     286             STA 59,U
A0BE A6C8ED           (./generated-code/):00082 [5]     291             LDA -19,U
A0C1 84F0             (./generated-code/):00083 [2]     293             ANDA #$F0
A0C3 8A04             (./generated-code/):00084 [2]     295             ORA #$04
A0C5 A7C8ED           (./generated-code/):00085 [5]     300             STA -19,U
A0C8 A6C8EB           (./generated-code/):00086 [5]     305             LDA -21,U
A0CB 840F             (./generated-code/):00087 [2]     307             ANDA #$0F
A0CD 8A10             (./generated-code/):00088 [2]     309             ORA #$10
A0CF A7C8EB           (./generated-code/):00089 [5]     314             STA -21,U
A0D2 8611             (./generated-code/):00090 [2]     316             LDA #$11
A0D4 A7C813           (./generated-code/):00091 [5]     321             STA 19,U
A0D7 33C9FEDB         (./generated-code/):00092 [8]     329             LEAU -293,U
                      (./generated-code/):00093                 
A0DB A6C879           (./generated-code/):00094 [5]     334             LDA 121,U
A0DE 840F             (./generated-code/):00095 [2]     336             ANDA #$0F
A0E0 8A00             (./generated-code/):00096 [2]     338             ORA #$00
A0E2 A7C879           (./generated-code/):00097 [5]     343             STA 121,U
A0E5 A6C850           (./generated-code/):00098 [5]     348             LDA 80,U
A0E8 840F             (./generated-code/):00099 [2]     350             ANDA #$0F
A0EA 8A10             (./generated-code/):00100 [2]     352             ORA #$10
A0EC A7C850           (./generated-code/):00101 [5]     357             STA 80,U
A0EF A6C84D           (./generated-code/):00102 [5]     362             LDA 77,U
A0F2 84F0             (./generated-code/):00103 [2]     364             ANDA #$F0
A0F4 8A00             (./generated-code/):00104 [2]     366             ORA #$00
A0F6 A7C84D           (./generated-code/):00105 [5]     371             STA 77,U
A0F9 A6C828           (./generated-code/):00106 [5]     376             LDA 40,U
A0FC 840F             (./generated-code/):00107 [2]     378             ANDA #$0F
A0FE 8A10             (./generated-code/):00108 [2]     380             ORA #$10
A100 A7C828           (./generated-code/):00109 [5]     385             STA 40,U
A103 A6C4             (./generated-code/):00110 [4]     389             LDA ,U
A105 840F             (./generated-code/):00111 [2]     391             ANDA #$0F
A107 8A10             (./generated-code/):00112 [2]     393             ORA #$10
A109 A7C4             (./generated-code/):00113 [4]     397             STA ,U
A10B A6C8D8           (./generated-code/):00114 [5]     402             LDA -40,U
A10E 840F             (./generated-code/):00115 [2]     404             ANDA #$0F
A110 8A10             (./generated-code/):00116 [2]     406             ORA #$10
A112 A7C8D8           (./generated-code/):00117 [5]     411             STA -40,U
A115 A6C8B1           (./generated-code/):00118 [5]     416             LDA -79,U
A118 84F0             (./generated-code/):00119 [2]     418             ANDA #$F0
A11A 8A00             (./generated-code/):00120 [2]     420             ORA #$00
A11C A7C8B1           (./generated-code/):00121 [5]     425             STA -79,U
A11F A6C888           (./generated-code/):00122 [5]     430             LDA -120,U
A122 84F0             (./generated-code/):00123 [2]     432             ANDA #$F0
A124 8A01             (./generated-code/):00124 [2]     434             ORA #$01
A126 A7C888           (./generated-code/):00125 [5]     439             STA -120,U
A129 33C9FEE3         (./generated-code/):00126 [8]     447             LEAU -285,U
                      (./generated-code/):00127                 
A12D ECC8AB           (./generated-code/):00128 [6]     453             LDD -85,U
A130 840F             (./generated-code/):00129 [2]     455             ANDA #$0F
A132 C4F0             (./generated-code/):00130 [2]     457             ANDB #$F0
A134 C30001           (./generated-code/):00131 [4]     461             ADDD #$0001
A137 EDC8AB           (./generated-code/):00132 [6]     467             STD -85,U
A13A ECC883           (./generated-code/):00133 [6]     473             LDD -125,U
A13D 840F             (./generated-code/):00134 [2]     475             ANDA #$0F
A13F C4F0             (./generated-code/):00135 [2]     477             ANDB #$F0
A141 C30004           (./generated-code/):00136 [4]     481             ADDD #$0004
A144 EDC883           (./generated-code/):00137 [6]     487             STD -125,U
A147 A6C87D           (./generated-code/):00138 [5]     492             LDA 125,U
A14A 84F0             (./generated-code/):00139 [2]     494             ANDA #$F0
A14C 8A01             (./generated-code/):00140 [2]     496             ORA #$01
A14E A7C87D           (./generated-code/):00141 [5]     501             STA 125,U
A151 A6C873           (./generated-code/):00142 [5]     506             LDA 115,U
A154 84F0             (./generated-code/):00143 [2]     508             ANDA #$F0
A156 8A00             (./generated-code/):00144 [2]     510             ORA #$00
A158 A7C873           (./generated-code/):00145 [5]     515             STA 115,U
A15B A6C855           (./generated-code/):00146 [5]     520             LDA 85,U
A15E 84F0             (./generated-code/):00147 [2]     522             ANDA #$F0
A160 8A01             (./generated-code/):00148 [2]     524             ORA #$01
A162 A7C855           (./generated-code/):00149 [5]     529             STA 85,U
A165 A6C84B           (./generated-code/):00150 [5]     534             LDA 75,U
A168 84F0             (./generated-code/):00151 [2]     536             ANDA #$F0
A16A 8A00             (./generated-code/):00152 [2]     538             ORA #$00
A16C A7C84B           (./generated-code/):00153 [5]     543             STA 75,U
A16F A6C82D           (./generated-code/):00154 [5]     548             LDA 45,U
A172 84F0             (./generated-code/):00155 [2]     550             ANDA #$F0
A174 8A01             (./generated-code/):00156 [2]     552             ORA #$01
A176 A7C82D           (./generated-code/):00157 [5]     557             STA 45,U
A179 A6C828           (./generated-code/):00158 [5]     562             LDA 40,U
A17C 840F             (./generated-code/):00159 [2]     564             ANDA #$0F
A17E 8A00             (./generated-code/):00160 [2]     566             ORA #$00
A180 A7C828           (./generated-code/):00161 [5]     571             STA 40,U
A183 A6C824           (./generated-code/):00162 [5]     576             LDA 36,U
A186 84F0             (./generated-code/):00163 [2]     578             ANDA #$F0
A188 8A01             (./generated-code/):00164 [2]     580             ORA #$01
A18A A7C824           (./generated-code/):00165 [5]     585             STA 36,U
A18D A65C             (./generated-code/):00166 [5]     590             LDA -4,U
A18F 84F0             (./generated-code/):00167 [2]     592             ANDA #$F0
A191 8A01             (./generated-code/):00168 [2]     594             ORA #$01
A193 A75C             (./generated-code/):00169 [5]     599             STA -4,U
A195 A6C8D4           (./generated-code/):00170 [5]     604             LDA -44,U
A198 84F0             (./generated-code/):00171 [2]     606             ANDA #$F0
A19A 8A01             (./generated-code/):00172 [2]     608             ORA #$01
A19C A7C8D4           (./generated-code/):00173 [5]     613             STA -44,U
A19F A6C88D           (./generated-code/):00174 [5]     618             LDA -115,U
A1A2 84F0             (./generated-code/):00175 [2]     620             ANDA #$F0
A1A4 8A04             (./generated-code/):00176 [2]     622             ORA #$04
A1A6 A7C88D           (./generated-code/):00177 [5]     627             STA -115,U
A1A9 A6C888           (./generated-code/):00178 [5]     632             LDA -120,U
A1AC 84F0             (./generated-code/):00179 [2]     634             ANDA #$F0
A1AE 8A00             (./generated-code/):00180 [2]     636             ORA #$00
A1B0 A7C888           (./generated-code/):00181 [5]     641             STA -120,U
A1B3 33C9FEE9         (./generated-code/):00182 [8]     649             LEAU -279,U
                      (./generated-code/):00183                 
A1B7 8644             (./generated-code/):00184 [2]     651             LDA #$44
A1B9 A7C87C           (./generated-code/):00185 [5]     656             STA 124,U
A1BC A7C853           (./generated-code/):00186 [5]     661             STA 83,U
A1BF A7C825           (./generated-code/):00187 [5]     666             STA 37,U
A1C2 A75E             (./generated-code/):00188 [5]     671             STA -2,U
A1C4 A6C877           (./generated-code/):00189 [5]     676             LDA 119,U
A1C7 84F0             (./generated-code/):00190 [2]     678             ANDA #$F0
A1C9 8A00             (./generated-code/):00191 [2]     680             ORA #$00
A1CB A7C877           (./generated-code/):00192 [5]     685             STA 119,U
A1CE A6C82A           (./generated-code/):00193 [5]     690             LDA 42,U
A1D1 84F0             (./generated-code/):00194 [2]     692             ANDA #$F0
A1D3 8A04             (./generated-code/):00195 [2]     694             ORA #$04
A1D5 A7C82A           (./generated-code/):00196 [5]     699             STA 42,U
A1D8 A6C828           (./generated-code/):00197 [5]     704             LDA 40,U
A1DB 84F0             (./generated-code/):00198 [2]     706             ANDA #$F0
A1DD 8A00             (./generated-code/):00199 [2]     708             ORA #$00
A1DF A7C828           (./generated-code/):00200 [5]     713             STA 40,U
A1E2 A644             (./generated-code/):00201 [5]     718             LDA 4,U
A1E4 84F0             (./generated-code/):00202 [2]     720             ANDA #$F0
A1E6 8A00             (./generated-code/):00203 [2]     722             ORA #$00
A1E8 A744             (./generated-code/):00204 [5]     727             STA 4,U
A1EA A6C4             (./generated-code/):00205 [4]     731             LDA ,U
A1EC 84F0             (./generated-code/):00206 [2]     733             ANDA #$F0
A1EE 8A00             (./generated-code/):00207 [2]     735             ORA #$00
A1F0 A7C4             (./generated-code/):00208 [4]     739             STA ,U
A1F2 A65B             (./generated-code/):00209 [5]     744             LDA -5,U
A1F4 84F0             (./generated-code/):00210 [2]     746             ANDA #$F0
A1F6 8A00             (./generated-code/):00211 [2]     748             ORA #$00
A1F8 A75B             (./generated-code/):00212 [5]     753             STA -5,U
A1FA A6C8DB           (./generated-code/):00213 [5]     758             LDA -37,U
A1FD 84F0             (./generated-code/):00214 [2]     760             ANDA #$F0
A1FF 8A00             (./generated-code/):00215 [2]     762             ORA #$00
A201 A7C8DB           (./generated-code/):00216 [5]     767             STA -37,U
A204 A6C8D9           (./generated-code/):00217 [5]     772             LDA -39,U
A207 840F             (./generated-code/):00218 [2]     774             ANDA #$0F
A209 8A40             (./generated-code/):00219 [2]     776             ORA #$40
A20B A7C8D9           (./generated-code/):00220 [5]     781             STA -39,U
A20E A6C8D7           (./generated-code/):00221 [5]     786             LDA -41,U
A211 840F             (./generated-code/):00222 [2]     788             ANDA #$0F
A213 8A40             (./generated-code/):00223 [2]     790             ORA #$40
A215 A7C8D7           (./generated-code/):00224 [5]     795             STA -41,U
A218 A6C8B3           (./generated-code/):00225 [5]     800             LDA -77,U
A21B 840F             (./generated-code/):00226 [2]     802             ANDA #$0F
A21D 8A00             (./generated-code/):00227 [2]     804             ORA #$00
A21F A7C8B3           (./generated-code/):00228 [5]     809             STA -77,U
A222 A6C885           (./generated-code/):00229 [5]     814             LDA -123,U
A225 84F0             (./generated-code/):00230 [2]     816             ANDA #$F0
A227 8A00             (./generated-code/):00231 [2]     818             ORA #$00
A229 A7C885           (./generated-code/):00232 [5]     823             STA -123,U
A22C ECC84C           (./generated-code/):00233 [6]     829             LDD 76,U
A22F 84F0             (./generated-code/):00234 [2]     831             ANDA #$F0
A231 C40F             (./generated-code/):00235 [2]     833             ANDB #$0F
A233 C30440           (./generated-code/):00236 [4]     837             ADDD #$0440
A236 EDC84C           (./generated-code/):00237 [6]     843             STD 76,U
A239 ECC873           (./generated-code/):00238 [6]     849             LDD 115,U
A23C 84F0             (./generated-code/):00239 [2]     851             ANDA #$F0
A23E 8A04             (./generated-code/):00240 [2]     853             ORA #$04
A240 C644             (./generated-code/):00241 [2]     855             LDB #$44
A242 EDC873           (./generated-code/):00242 [6]     861             STD 115,U
A245 8600             (./generated-code/):00243 [2]     863             LDA #$00
A247 A7C82D           (./generated-code/):00244 [5]     868             STA 45,U
A24A A7C8D4           (./generated-code/):00245 [5]     873             STA -44,U
A24D A7C8AD           (./generated-code/):00246 [5]     878             STA -83,U
A250 C600             (./generated-code/):00247 [2]     880             LDB #$00
A252 EDC889           (./generated-code/):00248 [6]     886             STD -119,U
A255 ECC886           (./generated-code/):00249 [6]     892             LDD -122,U
A258 8600             (./generated-code/):00250 [2]     894             LDA #$00
A25A C40F             (./generated-code/):00251 [2]     896             ANDB #$0F
A25C CA00             (./generated-code/):00252 [2]     898             ORB #$00
A25E EDC886           (./generated-code/):00253 [6]     904             STD -122,U
A261 33C9FF24         (./generated-code/):00254 [8]     912             LEAU -220,U
                      (./generated-code/):00255                 
A265 A7C83D           (./generated-code/):00256 [5]     917             STA 61,U
A268 A6C8EC           (./generated-code/):00257 [5]     922             LDA -20,U
A26B 840F             (./generated-code/):00258 [2]     924             ANDA #$0F
A26D 8A10             (./generated-code/):00259 [2]     926             ORA #$10
A26F A7C8EC           (./generated-code/):00260 [5]     931             STA -20,U
A272 A6C8C4           (./generated-code/):00261 [5]     936             LDA -60,U
A275 840F             (./generated-code/):00262 [2]     938             ANDA #$0F
A277 8A10             (./generated-code/):00263 [2]     940             ORA #$10
A279 A7C8C4           (./generated-code/):00264 [5]     945             STA -60,U
A27C ECC814           (./generated-code/):00265 [6]     951             LDD 20,U
A27F 840F             (./generated-code/):00266 [2]     953             ANDA #$0F
A281 C40F             (./generated-code/):00267 [2]     955             ANDB #$0F
A283 C31000           (./generated-code/):00268 [4]     959             ADDD #$1000
A286 EDC814           (./generated-code/):00269 [6]     965             STD 20,U
A289 ECC83A           (./generated-code/):00270 [6]     971             LDD 58,U
A28C 8600             (./generated-code/):00271 [2]     973             LDA #$00
A28E C40F             (./generated-code/):00272 [2]     975             ANDB #$0F
A290 CA00             (./generated-code/):00273 [2]     977             ORB #$00
A292 EDC83A           (./generated-code/):00274 [6]     983             STD 58,U
A295 33C9FE33         (./generated-code/):00275 [8]     991             LEAU -461,U
                      (./generated-code/):00276                 
A299 ECC8D7           (./generated-code/):00277 [6]     997             LDD -41,U
A29C 84F0             (./generated-code/):00278 [2]     999             ANDA #$F0
A29E C4F0             (./generated-code/):00279 [2]     1001            ANDB #$F0
A2A0 C30001           (./generated-code/):00280 [4]     1005            ADDD #$0001
A2A3 EDC8D7           (./generated-code/):00281 [6]     1011            STD -41,U
A2A6 A6C87A           (./generated-code/):00282 [5]     1016            LDA 122,U
A2A9 840F             (./generated-code/):00283 [2]     1018            ANDA #$0F
A2AB 8A40             (./generated-code/):00284 [2]     1020            ORA #$40
A2AD A7C87A           (./generated-code/):00285 [5]     1025            STA 122,U
A2B0 A6C82A           (./generated-code/):00286 [5]     1030            LDA 42,U
A2B3 84F0             (./generated-code/):00287 [2]     1032            ANDA #$F0
A2B5 8A04             (./generated-code/):00288 [2]     1034            ORA #$04
A2B7 A7C82A           (./generated-code/):00289 [5]     1039            STA 42,U
A2BA A6C828           (./generated-code/):00290 [5]     1044            LDA 40,U
A2BD 84F0             (./generated-code/):00291 [2]     1046            ANDA #$F0
A2BF 8A01             (./generated-code/):00292 [2]     1048            ORA #$01
A2C1 A7C828           (./generated-code/):00293 [5]     1053            STA 40,U
A2C4 A6C4             (./generated-code/):00294 [4]     1057            LDA ,U
A2C6 84F0             (./generated-code/):00295 [2]     1059            ANDA #$F0
A2C8 8A01             (./generated-code/):00296 [2]     1061            ORA #$01
A2CA A7C4             (./generated-code/):00297 [4]     1065            STA ,U
A2CC A6C887           (./generated-code/):00298 [5]     1070            LDA -121,U
A2CF 840F             (./generated-code/):00299 [2]     1072            ANDA #$0F
A2D1 8A00             (./generated-code/):00300 [2]     1074            ORA #$00
A2D3 A7C887           (./generated-code/):00301 [5]     1079            STA -121,U
A2D6 33C9FF24         (./generated-code/):00302 [8]     1087            LEAU -220,U
                      (./generated-code/):00303                 
A2DA A6C814           (./generated-code/):00304 [5]     1092            LDA 20,U
A2DD 840F             (./generated-code/):00305 [2]     1094            ANDA #$0F
A2DF 8A10             (./generated-code/):00306 [2]     1096            ORA #$10
A2E1 A7C814           (./generated-code/):00307 [5]     1101            STA 20,U
A2E4 A6C8EC           (./generated-code/):00308 [5]     1106            LDA -20,U
A2E7 840F             (./generated-code/):00309 [2]     1108            ANDA #$0F
A2E9 8A10             (./generated-code/):00310 [2]     1110            ORA #$10
A2EB A7C8EC           (./generated-code/):00311 [5]     1115            STA -20,U
A2EE A6C8C4           (./generated-code/):00312 [5]     1120            LDA -60,U
A2F1 840F             (./generated-code/):00313 [2]     1122            ANDA #$0F
A2F3 8A10             (./generated-code/):00314 [2]     1124            ORA #$10
A2F5 A7C8C4           (./generated-code/):00315 [5]     1129            STA -60,U
A2F8 ECC83B           (./generated-code/):00316 [6]     1135            LDD 59,U
A2FB 840F             (./generated-code/):00317 [2]     1137            ANDA #$0F
A2FD C40F             (./generated-code/):00318 [2]     1139            ANDB #$0F
A2FF C30010           (./generated-code/):00319 [4]     1143            ADDD #$0010
A302 EDC83B           (./generated-code/):00320 [6]     1149            STD 59,U
A305 33C9FE85         (./generated-code/):00321 [8]     1157            LEAU -379,U
                      (./generated-code/):00322                 
A309 A6C87A           (./generated-code/):00323 [5]     1162            LDA 122,U
A30C 840F             (./generated-code/):00324 [2]     1164            ANDA #$0F
A30E 8A00             (./generated-code/):00325 [2]     1166            ORA #$00
A310 A7C87A           (./generated-code/):00326 [5]     1171            STA 122,U
A313 A65D             (./generated-code/):00327 [5]     1176            LDA -3,U
A315 84F0             (./generated-code/):00328 [2]     1178            ANDA #$F0
A317 8A00             (./generated-code/):00329 [2]     1180            ORA #$00
A319 A75D             (./generated-code/):00330 [5]     1185            STA -3,U
A31B A6C8D5           (./generated-code/):00331 [5]     1190            LDA -43,U
A31E 84F0             (./generated-code/):00332 [2]     1192            ANDA #$F0
A320 8A00             (./generated-code/):00333 [2]     1194            ORA #$00
A322 A7C8D5           (./generated-code/):00334 [5]     1199            STA -43,U
A325 A6C8B2           (./generated-code/):00335 [5]     1204            LDA -78,U
A328 84F0             (./generated-code/):00336 [2]     1206            ANDA #$F0
A32A 8A00             (./generated-code/):00337 [2]     1208            ORA #$00
A32C A7C8B2           (./generated-code/):00338 [5]     1213            STA -78,U
A32F A6C88A           (./generated-code/):00339 [5]     1218            LDA -118,U
A332 84F0             (./generated-code/):00340 [2]     1220            ANDA #$F0
A334 8A00             (./generated-code/):00341 [2]     1222            ORA #$00
A336 A7C88A           (./generated-code/):00342 [5]     1227            STA -118,U
A339 A6C886           (./generated-code/):00343 [5]     1232            LDA -122,U
A33C 84F0             (./generated-code/):00344 [2]     1234            ANDA #$F0
A33E 8A01             (./generated-code/):00345 [2]     1236            ORA #$01
A340 A7C886           (./generated-code/):00346 [5]     1241            STA -122,U
A343 ECC8AD           (./generated-code/):00347 [6]     1247            LDD -83,U
A346 84F0             (./generated-code/):00348 [2]     1249            ANDA #$F0
A348 C4F0             (./generated-code/):00349 [2]     1251            ANDB #$F0
A34A C30001           (./generated-code/):00350 [4]     1255            ADDD #$0001
A34D EDC8AD           (./generated-code/):00351 [6]     1261            STD -83,U
A350 33C9FEC0         (./generated-code/):00352 [8]     1269            LEAU -320,U
                      (./generated-code/):00353                 
A354 8644             (./generated-code/):00354 [2]     1271            LDA #$44
A356 A7C877           (./generated-code/):00355 [5]     1276            STA 119,U
A359 A741             (./generated-code/):00356 [5]     1281            STA 1,U
A35B A6C875           (./generated-code/):00357 [5]     1286            LDA 117,U
A35E 840F             (./generated-code/):00358 [2]     1288            ANDA #$0F
A360 8A00             (./generated-code/):00359 [2]     1290            ORA #$00
A362 A7C875           (./generated-code/):00360 [5]     1295            STA 117,U
A365 A6C84D           (./generated-code/):00361 [5]     1300            LDA 77,U
A368 840F             (./generated-code/):00362 [2]     1302            ANDA #$0F
A36A 8A00             (./generated-code/):00363 [2]     1304            ORA #$00
A36C A7C84D           (./generated-code/):00364 [5]     1309            STA 77,U
A36F A6C828           (./generated-code/):00365 [5]     1314            LDA 40,U
A372 84F0             (./generated-code/):00366 [2]     1316            ANDA #$F0
A374 8A04             (./generated-code/):00367 [2]     1318            ORA #$04
A376 A7C828           (./generated-code/):00368 [5]     1323            STA 40,U
A379 A6C8DA           (./generated-code/):00369 [5]     1328            LDA -38,U
A37C 840F             (./generated-code/):00370 [2]     1330            ANDA #$0F
A37E 8A40             (./generated-code/):00371 [2]     1332            ORA #$40
A380 A7C8DA           (./generated-code/):00372 [5]     1337            STA -38,U
A383 ECC84F           (./generated-code/):00373 [6]     1343            LDD 79,U
A386 84F0             (./generated-code/):00374 [2]     1345            ANDA #$F0
A388 C40F             (./generated-code/):00375 [2]     1347            ANDB #$0F
A38A C30440           (./generated-code/):00376 [4]     1351            ADDD #$0440
A38D EDC84F           (./generated-code/):00377 [6]     1357            STD 79,U
A390 CC0000           (./generated-code/):00378 [3]     1360            LDD #$0000
A393 EDC889           (./generated-code/):00379 [6]     1366            STD -119,U
A396 A7C8D7           (./generated-code/):00380 [5]     1371            STA -41,U
A399 A7C8B0           (./generated-code/):00381 [5]     1376            STA -80,U
A39C 33C9FF62         (./generated-code/):00382 [8]     1384            LEAU -158,U
                      (./generated-code/):00383                 
A3A0 EC5F             (./generated-code/):00384 [6]     1390            LDD -1,U
A3A2 84F0             (./generated-code/):00385 [2]     1392            ANDA #$F0
A3A4 C40F             (./generated-code/):00386 [2]     1394            ANDB #$0F
A3A6 C30000           (./generated-code/):00387 [4]     1398            ADDD #$0000
A3A9 ED5F             (./generated-code/):00388 [6]     1404            STD -1,U
                      (./generated-code/):00389                 
A3AB DEFC             (./generated-code/):00390 [5]     1409            LDU <glb_screen_location_1
A3AD 33C9040F         (./generated-code/):00391 [8]     1417            LEAU 1039,U
                      (./generated-code/):00392                 
A3B1 A6C87B           (./generated-code/):00393 [5]     1422            LDA 123,U
A3B4 84F0             (./generated-code/):00394 [2]     1424            ANDA #$F0
A3B6 8A00             (./generated-code/):00395 [2]     1426            ORA #$00
A3B8 A7C87B           (./generated-code/):00396 [5]     1431            STA 123,U
A3BB A6C8DB           (./generated-code/):00397 [5]     1436            LDA -37,U
A3BE 84F0             (./generated-code/):00398 [2]     1438            ANDA #$F0
A3C0 8A01             (./generated-code/):00399 [2]     1440            ORA #$01
A3C2 A7C8DB           (./generated-code/):00400 [5]     1445            STA -37,U
A3C5 A6C885           (./generated-code/):00401 [5]     1450            LDA -123,U
A3C8 84F0             (./generated-code/):00402 [2]     1452            ANDA #$F0
A3CA 8A01             (./generated-code/):00403 [2]     1454            ORA #$01
A3CC A7C885           (./generated-code/):00404 [5]     1459            STA -123,U
A3CF ECC82B           (./generated-code/):00405 [6]     1465            LDD 43,U
A3D2 8641             (./generated-code/):00406 [2]     1467            LDA #$41
A3D4 C4F0             (./generated-code/):00407 [2]     1469            ANDB #$F0
A3D6 CA00             (./generated-code/):00408 [2]     1471            ORB #$00
A3D8 EDC82B           (./generated-code/):00409 [6]     1477            STD 43,U
A3DB A743             (./generated-code/):00410 [5]     1482            STA 3,U
A3DD ECC8D5           (./generated-code/):00411 [6]     1488            LDD -43,U
A3E0 84F0             (./generated-code/):00412 [2]     1490            ANDA #$F0
A3E2 C40F             (./generated-code/):00413 [2]     1492            ANDB #$0F
A3E4 C30140           (./generated-code/):00414 [4]     1496            ADDD #$0140
A3E7 EDC8D5           (./generated-code/):00415 [6]     1502            STD -43,U
A3EA ECC8AD           (./generated-code/):00416 [6]     1508            LDD -83,U
A3ED 84F0             (./generated-code/):00417 [2]     1510            ANDA #$F0
A3EF C40F             (./generated-code/):00418 [2]     1512            ANDB #$0F
A3F1 C30140           (./generated-code/):00419 [4]     1516            ADDD #$0140
A3F4 EDC8AD           (./generated-code/):00420 [6]     1522            STD -83,U
A3F7 33C9FEE7         (./generated-code/):00421 [8]     1530            LEAU -281,U
                      (./generated-code/):00422                 
A3FB A6C875           (./generated-code/):00423 [5]     1535            LDA 117,U
A3FE 84F0             (./generated-code/):00424 [2]     1537            ANDA #$F0
A400 8A00             (./generated-code/):00425 [2]     1539            ORA #$00
A402 A7C875           (./generated-code/):00426 [5]     1544            STA 117,U
A405 A6C826           (./generated-code/):00427 [5]     1549            LDA 38,U
A408 840F             (./generated-code/):00428 [2]     1551            ANDA #$0F
A40A 8A10             (./generated-code/):00429 [2]     1553            ORA #$10
A40C A7C826           (./generated-code/):00430 [5]     1558            STA 38,U
A40F A6C8D6           (./generated-code/):00431 [5]     1563            LDA -42,U
A412 840F             (./generated-code/):00432 [2]     1565            ANDA #$0F
A414 8A10             (./generated-code/):00433 [2]     1567            ORA #$10
A416 A7C8D6           (./generated-code/):00434 [5]     1572            STA -42,U
A419 A6C8AE           (./generated-code/):00435 [5]     1577            LDA -82,U
A41C 840F             (./generated-code/):00436 [2]     1579            ANDA #$0F
A41E 8A10             (./generated-code/):00437 [2]     1581            ORA #$10
A420 A7C8AE           (./generated-code/):00438 [5]     1586            STA -82,U
A423 A6C88B           (./generated-code/):00439 [5]     1591            LDA -117,U
A426 84F0             (./generated-code/):00440 [2]     1593            ANDA #$F0
A428 8A04             (./generated-code/):00441 [2]     1595            ORA #$04
A42A A7C88B           (./generated-code/):00442 [5]     1600            STA -117,U
A42D EC5E             (./generated-code/):00443 [6]     1606            LDD -2,U
A42F 840F             (./generated-code/):00444 [2]     1608            ANDA #$0F
A431 C4F0             (./generated-code/):00445 [2]     1610            ANDB #$F0
A433 C31004           (./generated-code/):00446 [4]     1614            ADDD #$1004
A436 ED5E             (./generated-code/):00447 [6]     1620            STD -2,U
A438 33C9FEDA         (./generated-code/):00448 [8]     1628            LEAU -294,U
                      (./generated-code/):00449                 
A43C ECC863           (./generated-code/):00450 [6]     1634            LDD 99,U
A43F 840F             (./generated-code/):00451 [2]     1636            ANDA #$0F
A441 C40F             (./generated-code/):00452 [2]     1638            ANDB #$0F
A443 C31000           (./generated-code/):00453 [4]     1642            ADDD #$1000
A446 EDC863           (./generated-code/):00454 [6]     1648            STD 99,U
A449 ECC8C3           (./generated-code/):00455 [6]     1654            LDD -61,U
A44C 84F0             (./generated-code/):00456 [2]     1656            ANDA #$F0
A44E C4F0             (./generated-code/):00457 [2]     1658            ANDB #$F0
A450 C30100           (./generated-code/):00458 [4]     1662            ADDD #$0100
A453 EDC8C3           (./generated-code/):00459 [6]     1668            STD -61,U
A456 ECC89B           (./generated-code/):00460 [6]     1674            LDD -101,U
A459 84F0             (./generated-code/):00461 [2]     1676            ANDA #$F0
A45B C4F0             (./generated-code/):00462 [2]     1678            ANDB #$F0
A45D C30100           (./generated-code/):00463 [4]     1682            ADDD #$0100
A460 EDC89B           (./generated-code/):00464 [6]     1688            STD -101,U
A463 8611             (./generated-code/):00465 [2]     1690            LDA #$11
A465 A7C813           (./generated-code/):00466 [5]     1695            STA 19,U
A468 A6C83B           (./generated-code/):00467 [5]     1700            LDA 59,U
A46B 840F             (./generated-code/):00468 [2]     1702            ANDA #$0F
A46D 8A10             (./generated-code/):00469 [2]     1704            ORA #$10
A46F A7C83B           (./generated-code/):00470 [5]     1709            STA 59,U
A472 A6C8EB           (./generated-code/):00471 [5]     1714            LDA -21,U
A475 84F0             (./generated-code/):00472 [2]     1716            ANDA #$F0
A477 8A01             (./generated-code/):00473 [2]     1718            ORA #$01
A479 A7C8EB           (./generated-code/):00474 [5]     1723            STA -21,U
A47C A6C8E9           (./generated-code/):00475 [5]     1728            LDA -23,U
A47F 840F             (./generated-code/):00476 [2]     1730            ANDA #$0F
A481 8A40             (./generated-code/):00477 [2]     1732            ORA #$40
A483 A7C8E9           (./generated-code/):00478 [5]     1737            STA -23,U
A486 33C9FECA         (./generated-code/):00479 [8]     1745            LEAU -310,U
                      (./generated-code/):00480                 
A48A 8611             (./generated-code/):00481 [2]     1747            LDA #$11
A48C A741             (./generated-code/):00482 [5]     1752            STA 1,U
A48E A7C8D9           (./generated-code/):00483 [5]     1757            STA -39,U
A491 A6C878           (./generated-code/):00484 [5]     1762            LDA 120,U
A494 84F0             (./generated-code/):00485 [2]     1764            ANDA #$F0
A496 8A00             (./generated-code/):00486 [2]     1766            ORA #$00
A498 A7C878           (./generated-code/):00487 [5]     1771            STA 120,U
A49B A6C854           (./generated-code/):00488 [5]     1776            LDA 84,U
A49E 840F             (./generated-code/):00489 [2]     1778            ANDA #$0F
A4A0 8A00             (./generated-code/):00490 [2]     1780            ORA #$00
A4A2 A7C854           (./generated-code/):00491 [5]     1785            STA 84,U
A4A5 A6C851           (./generated-code/):00492 [5]     1790            LDA 81,U
A4A8 84F0             (./generated-code/):00493 [2]     1792            ANDA #$F0
A4AA 8A01             (./generated-code/):00494 [2]     1794            ORA #$01
A4AC A7C851           (./generated-code/):00495 [5]     1799            STA 81,U
A4AF A6C829           (./generated-code/):00496 [5]     1804            LDA 41,U
A4B2 84F0             (./generated-code/):00497 [2]     1806            ANDA #$F0
A4B4 8A01             (./generated-code/):00498 [2]     1808            ORA #$01
A4B6 A7C829           (./generated-code/):00499 [5]     1813            STA 41,U
A4B9 A6C889           (./generated-code/):00500 [5]     1818            LDA -119,U
A4BC 840F             (./generated-code/):00501 [2]     1820            ANDA #$0F
A4BE 8A10             (./generated-code/):00502 [2]     1822            ORA #$10
A4C0 A7C889           (./generated-code/):00503 [5]     1827            STA -119,U
A4C3 ECC8B0           (./generated-code/):00504 [6]     1833            LDD -80,U
A4C6 840F             (./generated-code/):00505 [2]     1835            ANDA #$0F
A4C8 C40F             (./generated-code/):00506 [2]     1837            ANDB #$0F
A4CA C30010           (./generated-code/):00507 [4]     1841            ADDD #$0010
A4CD EDC8B0           (./generated-code/):00508 [6]     1847            STD -80,U
A4D0 33C9FEE9         (./generated-code/):00509 [8]     1855            LEAU -279,U
                      (./generated-code/):00510                 
A4D4 A6C878           (./generated-code/):00511 [5]     1860            LDA 120,U
A4D7 840F             (./generated-code/):00512 [2]     1862            ANDA #$0F
A4D9 8A10             (./generated-code/):00513 [2]     1864            ORA #$10
A4DB A7C878           (./generated-code/):00514 [5]     1869            STA 120,U
A4DE A6C82D           (./generated-code/):00515 [5]     1874            LDA 45,U
A4E1 84F0             (./generated-code/):00516 [2]     1876            ANDA #$F0
A4E3 8A00             (./generated-code/):00517 [2]     1878            ORA #$00
A4E5 A7C82D           (./generated-code/):00518 [5]     1883            STA 45,U
A4E8 A6C8DD           (./generated-code/):00519 [5]     1888            LDA -35,U
A4EB 840F             (./generated-code/):00520 [2]     1890            ANDA #$0F
A4ED 8A00             (./generated-code/):00521 [2]     1892            ORA #$00
A4EF A7C8DD           (./generated-code/):00522 [5]     1897            STA -35,U
A4F2 A6C8B5           (./generated-code/):00523 [5]     1902            LDA -75,U
A4F5 840F             (./generated-code/):00524 [2]     1904            ANDA #$0F
A4F7 8A00             (./generated-code/):00525 [2]     1906            ORA #$00
A4F9 A7C8B5           (./generated-code/):00526 [5]     1911            STA -75,U
A4FC A6C888           (./generated-code/):00527 [5]     1916            LDA -120,U
A4FF 840F             (./generated-code/):00528 [2]     1918            ANDA #$0F
A501 8A40             (./generated-code/):00529 [2]     1920            ORA #$40
A503 A7C888           (./generated-code/):00530 [5]     1925            STA -120,U
A506 ECC831           (./generated-code/):00531 [6]     1931            LDD 49,U
A509 840F             (./generated-code/):00532 [2]     1933            ANDA #$0F
A50B C40F             (./generated-code/):00533 [2]     1935            ANDB #$0F
A50D C31000           (./generated-code/):00534 [4]     1939            ADDD #$1000
A510 EDC831           (./generated-code/):00535 [6]     1945            STD 49,U
A513 EC49             (./generated-code/):00536 [6]     1951            LDD 9,U
A515 840F             (./generated-code/):00537 [2]     1953            ANDA #$0F
A517 C40F             (./generated-code/):00538 [2]     1955            ANDB #$0F
A519 C31000           (./generated-code/):00539 [4]     1959            ADDD #$1000
A51C ED49             (./generated-code/):00540 [6]     1965            STD 9,U
A51E ECC8E1           (./generated-code/):00541 [6]     1971            LDD -31,U
A521 840F             (./generated-code/):00542 [2]     1973            ANDA #$0F
A523 C40F             (./generated-code/):00543 [2]     1975            ANDB #$0F
A525 C31000           (./generated-code/):00544 [4]     1979            ADDD #$1000
A528 EDC8E1           (./generated-code/):00545 [6]     1985            STD -31,U
A52B ECC8B9           (./generated-code/):00546 [6]     1991            LDD -71,U
A52E 840F             (./generated-code/):00547 [2]     1993            ANDA #$0F
A530 C4F0             (./generated-code/):00548 [2]     1995            ANDB #$F0
A532 C31000           (./generated-code/):00549 [4]     1999            ADDD #$1000
A535 EDC8B9           (./generated-code/):00550 [6]     2005            STD -71,U
A538 ECC891           (./generated-code/):00551 [6]     2011            LDD -111,U
A53B 840F             (./generated-code/):00552 [2]     2013            ANDA #$0F
A53D C4F0             (./generated-code/):00553 [2]     2015            ANDB #$F0
A53F C34000           (./generated-code/):00554 [4]     2019            ADDD #$4000
A542 EDC891           (./generated-code/):00555 [6]     2025            STD -111,U
A545 33C9FEEE         (./generated-code/):00556 [8]     2033            LEAU -274,U
                      (./generated-code/):00557                 
A549 A6C826           (./generated-code/):00558 [5]     2038            LDA 38,U
A54C 840F             (./generated-code/):00559 [2]     2040            ANDA #$0F
A54E 8A00             (./generated-code/):00560 [2]     2042            ORA #$00
A550 A7C826           (./generated-code/):00561 [5]     2047            STA 38,U
A553 A6C824           (./generated-code/):00562 [5]     2052            LDA 36,U
A556 840F             (./generated-code/):00563 [2]     2054            ANDA #$0F
A558 8A40             (./generated-code/):00564 [2]     2056            ORA #$40
A55A A7C824           (./generated-code/):00565 [5]     2061            STA 36,U
A55D A643             (./generated-code/):00566 [5]     2066            LDA 3,U
A55F 840F             (./generated-code/):00567 [2]     2068            ANDA #$0F
A561 8A00             (./generated-code/):00568 [2]     2070            ORA #$00
A563 A743             (./generated-code/):00569 [5]     2075            STA 3,U
A565 A65E             (./generated-code/):00570 [5]     2080            LDA -2,U
A567 840F             (./generated-code/):00571 [2]     2082            ANDA #$0F
A569 8A00             (./generated-code/):00572 [2]     2084            ORA #$00
A56B A75E             (./generated-code/):00573 [5]     2089            STA -2,U
A56D A65A             (./generated-code/):00574 [5]     2094            LDA -6,U
A56F 840F             (./generated-code/):00575 [2]     2096            ANDA #$0F
A571 8A00             (./generated-code/):00576 [2]     2098            ORA #$00
A573 A75A             (./generated-code/):00577 [5]     2103            STA -6,U
A575 A6C8D7           (./generated-code/):00578 [5]     2108            LDA -41,U
A578 84F0             (./generated-code/):00579 [2]     2110            ANDA #$F0
A57A 8A04             (./generated-code/):00580 [2]     2112            ORA #$04
A57C A7C8D7           (./generated-code/):00581 [5]     2117            STA -41,U
A57F A6C8D5           (./generated-code/):00582 [5]     2122            LDA -43,U
A582 84F0             (./generated-code/):00583 [2]     2124            ANDA #$F0
A584 8A04             (./generated-code/):00584 [2]     2126            ORA #$04
A586 A7C8D5           (./generated-code/):00585 [5]     2131            STA -43,U
A589 A6C8D3           (./generated-code/):00586 [5]     2136            LDA -45,U
A58C 840F             (./generated-code/):00587 [2]     2138            ANDA #$0F
A58E 8A00             (./generated-code/):00588 [2]     2140            ORA #$00
A590 A7C8D3           (./generated-code/):00589 [5]     2145            STA -45,U
A593 A6C8AB           (./generated-code/):00590 [5]     2150            LDA -85,U
A596 84F0             (./generated-code/):00591 [2]     2152            ANDA #$F0
A598 8A00             (./generated-code/):00592 [2]     2154            ORA #$00
A59A A7C8AB           (./generated-code/):00593 [5]     2159            STA -85,U
A59D 8644             (./generated-code/):00594 [2]     2161            LDA #$44
A59F A7C872           (./generated-code/):00595 [5]     2166            STA 114,U
A5A2 A7C84B           (./generated-code/):00596 [5]     2171            STA 75,U
A5A5 A7C829           (./generated-code/):00597 [5]     2176            STA 41,U
A5A8 A7C4             (./generated-code/):00598 [4]     2180            STA ,U
A5AA ECC851           (./generated-code/):00599 [6]     2186            LDD 81,U
A5AD 84F0             (./generated-code/):00600 [2]     2188            ANDA #$F0
A5AF C40F             (./generated-code/):00601 [2]     2190            ANDB #$0F
A5B1 C30440           (./generated-code/):00602 [4]     2194            ADDD #$0440
A5B4 EDC851           (./generated-code/):00603 [6]     2200            STD 81,U
A5B7 ECC87A           (./generated-code/):00604 [6]     2206            LDD 122,U
A5BA 8644             (./generated-code/):00605 [2]     2208            LDA #$44
A5BC C40F             (./generated-code/):00606 [2]     2210            ANDB #$0F
A5BE CA40             (./generated-code/):00607 [2]     2212            ORB #$40
A5C0 EDC87A           (./generated-code/):00608 [6]     2218            STD 122,U
A5C3 ECC888           (./generated-code/):00609 [6]     2224            LDD -120,U
A5C6 8600             (./generated-code/):00610 [2]     2226            LDA #$00
A5C8 C40F             (./generated-code/):00611 [2]     2228            ANDB #$0F
A5CA CA00             (./generated-code/):00612 [2]     2230            ORB #$00
A5CC EDC888           (./generated-code/):00613 [6]     2236            STD -120,U
A5CF A7C821           (./generated-code/):00614 [5]     2241            STA 33,U
A5D2 A7C8DA           (./generated-code/):00615 [5]     2246            STA -38,U
A5D5 A7C8B1           (./generated-code/):00616 [5]     2251            STA -79,U
A5D8 A7C887           (./generated-code/):00617 [5]     2256            STA -121,U
A5DB CC0000           (./generated-code/):00618 [3]     2259            LDD #$0000
A5DE EDC884           (./generated-code/):00619 [6]     2265            STD -124,U
A5E1 33C9FEE7         (./generated-code/):00620 [8]     2273            LEAU -281,U
                      (./generated-code/):00621                 
A5E5 A6C850           (./generated-code/):00622 [5]     2278            LDA 80,U
A5E8 840F             (./generated-code/):00623 [2]     2280            ANDA #$0F
A5EA 8A40             (./generated-code/):00624 [2]     2282            ORA #$40
A5EC A7C850           (./generated-code/):00625 [5]     2287            STA 80,U
A5EF A6C84E           (./generated-code/):00626 [5]     2292            LDA 78,U
A5F2 84F0             (./generated-code/):00627 [2]     2294            ANDA #$F0
A5F4 8A00             (./generated-code/):00628 [2]     2296            ORA #$00
A5F6 A7C84E           (./generated-code/):00629 [5]     2301            STA 78,U
A5F9 A6C828           (./generated-code/):00630 [5]     2306            LDA 40,U
A5FC 840F             (./generated-code/):00631 [2]     2308            ANDA #$0F
A5FE 8A40             (./generated-code/):00632 [2]     2310            ORA #$40
A600 A7C828           (./generated-code/):00633 [5]     2315            STA 40,U
A603 A6C887           (./generated-code/):00634 [5]     2320            LDA -121,U
A606 84F0             (./generated-code/):00635 [2]     2322            ANDA #$F0
A608 8A01             (./generated-code/):00636 [2]     2324            ORA #$01
A60A A7C887           (./generated-code/):00637 [5]     2329            STA -121,U
A60D E7C876           (./generated-code/):00638 [5]     2334            STB 118,U
A610 ECC878           (./generated-code/):00639 [6]     2340            LDD 120,U
A613 84F0             (./generated-code/):00640 [2]     2342            ANDA #$F0
A615 C40F             (./generated-code/):00641 [2]     2344            ANDB #$0F
A617 C30000           (./generated-code/):00642 [4]     2348            ADDD #$0000
A61A EDC878           (./generated-code/):00643 [6]     2354            STD 120,U
A61D ECC8D7           (./generated-code/):00644 [6]     2360            LDD -41,U
A620 84F0             (./generated-code/):00645 [2]     2362            ANDA #$F0
A622 C4F0             (./generated-code/):00646 [2]     2364            ANDB #$F0
A624 C30104           (./generated-code/):00647 [4]     2368            ADDD #$0104
A627 EDC8D7           (./generated-code/):00648 [6]     2374            STD -41,U
A62A ECC8AF           (./generated-code/):00649 [6]     2380            LDD -81,U
A62D 84F0             (./generated-code/):00650 [2]     2382            ANDA #$F0
A62F C4F0             (./generated-code/):00651 [2]     2384            ANDB #$F0
A631 C30104           (./generated-code/):00652 [4]     2388            ADDD #$0104
A634 EDC8AF           (./generated-code/):00653 [6]     2394            STD -81,U
A637 33C9FED3         (./generated-code/):00654 [8]     2402            LEAU -301,U
                      (./generated-code/):00655                 
A63B ECC83B           (./generated-code/):00656 [6]     2408            LDD 59,U
A63E 840F             (./generated-code/):00657 [2]     2410            ANDA #$0F
A640 C40F             (./generated-code/):00658 [2]     2412            ANDB #$0F
A642 C30010           (./generated-code/):00659 [4]     2416            ADDD #$0010
A645 EDC83B           (./generated-code/):00660 [6]     2422            STD 59,U
A648 A6C814           (./generated-code/):00661 [5]     2427            LDA 20,U
A64B 840F             (./generated-code/):00662 [2]     2429            ANDA #$0F
A64D 8A10             (./generated-code/):00663 [2]     2431            ORA #$10
A64F A7C814           (./generated-code/):00664 [5]     2436            STA 20,U
A652 A6C8EC           (./generated-code/):00665 [5]     2441            LDA -20,U
A655 840F             (./generated-code/):00666 [2]     2443            ANDA #$0F
A657 8A10             (./generated-code/):00667 [2]     2445            ORA #$10
A659 A7C8EC           (./generated-code/):00668 [5]     2450            STA -20,U
A65C A6C8C4           (./generated-code/):00669 [5]     2455            LDA -60,U
A65F 840F             (./generated-code/):00670 [2]     2457            ANDA #$0F
A661 8A10             (./generated-code/):00671 [2]     2459            ORA #$10
A663 A7C8C4           (./generated-code/):00672 [5]     2464            STA -60,U
A666 33C9FDE2         (./generated-code/):00673 [8]     2472            LEAU -542,U
                      (./generated-code/):00674                 
A66A ECC850           (./generated-code/):00675 [6]     2478            LDD 80,U
A66D 84F0             (./generated-code/):00676 [2]     2480            ANDA #$F0
A66F C4F0             (./generated-code/):00677 [2]     2482            ANDB #$F0
A671 C30001           (./generated-code/):00678 [4]     2486            ADDD #$0001
A674 EDC850           (./generated-code/):00679 [6]     2492            STD 80,U
A677 ECC888           (./generated-code/):00680 [6]     2498            LDD -120,U
A67A 840F             (./generated-code/):00681 [2]     2500            ANDA #$0F
A67C C40F             (./generated-code/):00682 [2]     2502            ANDB #$0F
A67E C30010           (./generated-code/):00683 [4]     2506            ADDD #$0010
A681 EDC888           (./generated-code/):00684 [6]     2512            STD -120,U
A684 A6C878           (./generated-code/):00685 [5]     2517            LDA 120,U
A687 84F0             (./generated-code/):00686 [2]     2519            ANDA #$F0
A689 8A00             (./generated-code/):00687 [2]     2521            ORA #$00
A68B A7C878           (./generated-code/):00688 [5]     2526            STA 120,U
A68E A6C829           (./generated-code/):00689 [5]     2531            LDA 41,U
A691 84F0             (./generated-code/):00690 [2]     2533            ANDA #$F0
A693 8A01             (./generated-code/):00691 [2]     2535            ORA #$01
A695 A7C829           (./generated-code/):00692 [5]     2540            STA 41,U
A698 A641             (./generated-code/):00693 [5]     2545            LDA 1,U
A69A 84F0             (./generated-code/):00694 [2]     2547            ANDA #$F0
A69C 8A01             (./generated-code/):00695 [2]     2549            ORA #$01
A69E A741             (./generated-code/):00696 [5]     2554            STA 1,U
A6A0 8611             (./generated-code/):00697 [2]     2556            LDA #$11
A6A2 A7C8D9           (./generated-code/):00698 [5]     2561            STA -39,U
A6A5 ECC8B0           (./generated-code/):00699 [6]     2567            LDD -80,U
A6A8 840F             (./generated-code/):00700 [2]     2569            ANDA #$0F
A6AA 8A00             (./generated-code/):00701 [2]     2571            ORA #$00
A6AC C611             (./generated-code/):00702 [2]     2573            LDB #$11
A6AE EDC8B0           (./generated-code/):00703 [6]     2579            STD -80,U
A6B1 33C9FEE9         (./generated-code/):00704 [8]     2587            LEAU -279,U
                      (./generated-code/):00705                 
A6B5 8644             (./generated-code/):00706 [2]     2589            LDA #$44
A6B7 A7C8D8           (./generated-code/):00707 [5]     2594            STA -40,U
A6BA A7C889           (./generated-code/):00708 [5]     2599            STA -119,U
A6BD A6C878           (./generated-code/):00709 [5]     2604            LDA 120,U
A6C0 840F             (./generated-code/):00710 [2]     2606            ANDA #$0F
A6C2 8A10             (./generated-code/):00711 [2]     2608            ORA #$10
A6C4 A7C878           (./generated-code/):00712 [5]     2613            STA 120,U
A6C7 A6C8DC           (./generated-code/):00713 [5]     2618            LDA -36,U
A6CA 840F             (./generated-code/):00714 [2]     2620            ANDA #$0F
A6CC 8A00             (./generated-code/):00715 [2]     2622            ORA #$00
A6CE A7C8DC           (./generated-code/):00716 [5]     2627            STA -36,U
A6D1 A6C8B4           (./generated-code/):00717 [5]     2632            LDA -76,U
A6D4 840F             (./generated-code/):00718 [2]     2634            ANDA #$0F
A6D6 8A00             (./generated-code/):00719 [2]     2636            ORA #$00
A6D8 A7C8B4           (./generated-code/):00720 [5]     2641            STA -76,U
A6DB ECC8B0           (./generated-code/):00721 [6]     2647            LDD -80,U
A6DE 8644             (./generated-code/):00722 [2]     2649            LDA #$44
A6E0 C40F             (./generated-code/):00723 [2]     2651            ANDB #$0F
A6E2 CA40             (./generated-code/):00724 [2]     2653            ORB #$40
A6E4 EDC8B0           (./generated-code/):00725 [6]     2659            STD -80,U
A6E7 33C9FEEA         (./generated-code/):00726 [8]     2667            LEAU -278,U
                      (./generated-code/):00727                 
A6EB A7C878           (./generated-code/):00728 [5]     2672            STA 120,U
A6EE 8600             (./generated-code/):00729 [2]     2674            LDA #$00
A6F0 A7C84E           (./generated-code/):00730 [5]     2679            STA 78,U
A6F3 A7C8D8           (./generated-code/):00731 [5]     2684            STA -40,U
A6F6 A7C8B1           (./generated-code/):00732 [5]     2689            STA -79,U
A6F9 A6C875           (./generated-code/):00733 [5]     2694            LDA 117,U
A6FC 84F0             (./generated-code/):00734 [2]     2696            ANDA #$F0
A6FE 8A00             (./generated-code/):00735 [2]     2698            ORA #$00
A700 A7C875           (./generated-code/):00736 [5]     2703            STA 117,U
A703 A6C827           (./generated-code/):00737 [5]     2708            LDA 39,U
A706 840F             (./generated-code/):00738 [2]     2710            ANDA #$0F
A708 8A00             (./generated-code/):00739 [2]     2712            ORA #$00
A70A A7C827           (./generated-code/):00740 [5]     2717            STA 39,U
A70D A642             (./generated-code/):00741 [5]     2722            LDA 2,U
A70F 84F0             (./generated-code/):00742 [2]     2724            ANDA #$F0
A711 8A00             (./generated-code/):00743 [2]     2726            ORA #$00
A713 A742             (./generated-code/):00744 [5]     2731            STA 2,U
A715 A65F             (./generated-code/):00745 [5]     2736            LDA -1,U
A717 84F0             (./generated-code/):00746 [2]     2738            ANDA #$F0
A719 8A00             (./generated-code/):00747 [2]     2740            ORA #$00
A71B A75F             (./generated-code/):00748 [5]     2745            STA -1,U
A71D A6C889           (./generated-code/):00749 [5]     2750            LDA -119,U
A720 84F0             (./generated-code/):00750 [2]     2752            ANDA #$F0
A722 8A00             (./generated-code/):00751 [2]     2754            ORA #$00
A724 A7C889           (./generated-code/):00752 [5]     2759            STA -119,U
A727 ECC829           (./generated-code/):00753 [6]     2765            LDD 41,U
A72A 84F0             (./generated-code/):00754 [2]     2767            ANDA #$F0
A72C C4F0             (./generated-code/):00755 [2]     2769            ANDB #$F0
A72E C30400           (./generated-code/):00756 [4]     2773            ADDD #$0400
A731 EDC829           (./generated-code/):00757 [6]     2779            STD 41,U
A734 ECC8D9           (./generated-code/):00758 [6]     2785            LDD -39,U
A737 84F0             (./generated-code/):00759 [2]     2787            ANDA #$F0
A739 C40F             (./generated-code/):00760 [2]     2789            ANDB #$0F
A73B C30000           (./generated-code/):00761 [4]     2793            ADDD #$0000
A73E EDC8D9           (./generated-code/):00762 [6]     2799            STD -39,U
A741 39               (./generated-code/):00763 [5]     2804            RTS
                      (./generated-code/):00764                 
