                      (./generated-code/):00001                 INCLUDE "./engine/constants.asm"
                      (./engine/constant):00001         * ---------------------------------------------------------------------------
                      (./engine/constant):00002         * Constants
                      (./engine/constant):00003         *
                      (./engine/constant):00004         * Naming convention
                      (./engine/constant):00005         * -----------------
                      (./engine/constant):00006         * - lower case
                      (./engine/constant):00007         * - underscore-separated names
                      (./engine/constant):00008         *
                      (./engine/constant):00009         * ---------------------------------------------------------------------------
                      (./engine/constant):00010         
                      (./engine/constant):00011          ifndef CONSTANTS_ASM
     0001             (./engine/constant):00012         CONSTANTS_ASM equ 1
                      (./engine/constant):00013         
                      (./engine/constant):00014         * ===========================================================================
                      (./engine/constant):00015         * TO8 Registers
                      (./engine/constant):00016         * ===========================================================================
                      (./engine/constant):00017         
                      (./engine/constant):00018         ; Disk routine registers (ROM)
                      (./engine/constant):00019         
     6049             (./engine/constant):00020         dk_drive                      equ $6049
     604A             (./engine/constant):00021         dk_track                      equ $604A
     604B             (./engine/constant):00022         dk_track_lsb                  equ $604B
     604C             (./engine/constant):00023         dk_sector                     equ $604C
     604F             (./engine/constant):00024         dk_write_location             equ $604F
                      (./engine/constant):00025         
                      (./engine/constant):00026         * ===========================================================================
                      (./engine/constant):00027         * Globals
                      (./engine/constant):00028         * ===========================================================================
                      (./engine/constant):00029         
                      (./engine/constant):00030         ; compilated sprite
     9FFE             (./engine/constant):00031         glb_register_s                equ $9FFE  ; reverved space to store S from ROM routines
                      (./engine/constant):00032         
                      (./engine/constant):00033         ; DrawSprites
     9FFC             (./engine/constant):00034         glb_screen_location_1         equ $9FFC  ; start address for rendering of current sprite Part1     
     9FFA             (./engine/constant):00035         glb_screen_location_2         equ $9FFA  ; start address for rendering of current sprite Part2 (Must follow Part1)
                      (./engine/constant):00036         
                      (./engine/constant):00037         ; CheckSpritesRefresh
     9FF9             (./engine/constant):00038         glb_cur_priority              equ $9FF9
     9FF7             (./engine/constant):00039         glb_cur_ptr_sub_obj_erase     equ $9FF7
     9FF5             (./engine/constant):00040         glb_cur_ptr_sub_obj_draw      equ $9FF5
                      (./engine/constant):00041         
     9FF3             (./engine/constant):00042         glb_camera_x_pos              equ $9FF3 ; camera x position in palyfield coordinates
     9FF1             (./engine/constant):00043         glb_camera_y_pos              equ $9FF1 ; camera y position in palyfield coordinates
     9FEF             (./engine/constant):00044         glb_camera_x_min_pos          equ $9FEF
     9FED             (./engine/constant):00045         glb_camera_y_min_pos          equ $9FED
     9FEB             (./engine/constant):00046         glb_camera_x_max_pos          equ $9FEB
     9FE9             (./engine/constant):00047         glb_camera_y_max_pos          equ $9FE9
     9FE8             (./engine/constant):00048         glb_camera_x_offset           equ $9FE8
     9FE7             (./engine/constant):00049         glb_camera_y_offset           equ $9FE7 
     9FE6             (./engine/constant):00050         glb_force_sprite_refresh      equ $9FE6
     9FE5             (./engine/constant):00051         glb_camera_move               equ $9FE5
     9FE4             (./engine/constant):00052         glb_alphaTiles                equ $9FE4
     9FE3             (./engine/constant):00053         glb_timer_second              equ $9FE3
     9FE2             (./engine/constant):00054         glb_timer_minute              equ $9FE2
     9FE2             (./engine/constant):00055         glb_timer                     equ $9FE2 
     9FE1             (./engine/constant):00056         glb_timer_frame               equ $9FE1
                      (./engine/constant):00057         
                      (./engine/constant):00058         ; BankSwitch
     9FE0             (./engine/constant):00059         glb_Page                      equ $9FE0
     9FB0             (./engine/constant):00060         dp_engine                     equ $9FB0 ; engine and user routines tmp var space
     9F00             (./engine/constant):00061         dp                            equ $9F00 ; free user tmp var space
     9F00             (./engine/constant):00062         glb_system_stack              equ $9F00
                      (./engine/constant):00063         
                      (./engine/constant):00064         * ===========================================================================
                      (./engine/constant):00065         * Display Constants
                      (./engine/constant):00066         * ===========================================================================
                      (./engine/constant):00067         
     00A0             (./engine/constant):00068         screen_width                  equ 160    ; in pixel
     001C             (./engine/constant):00069         screen_top                    equ 28     ; in pixel
     00E3             (./engine/constant):00070         screen_bottom                 equ 28+199 ; in pixel
     0030             (./engine/constant):00071         screen_left                   equ 48     ; in pixel
     00CF             (./engine/constant):00072         screen_right                  equ 48+159 ; in pixel
     0008             (./engine/constant):00073         nb_priority_levels            equ 8      ; number of priority levels (need code change if modified)
                      (./engine/constant):00074         
                      (./engine/constant):00075         * ===========================================================================
                      (./engine/constant):00076         * Images Constants
                      (./engine/constant):00077         * ===========================================================================
                      (./engine/constant):00078         
     0004             (./engine/constant):00079         image_x_size                  equ 4
     0005             (./engine/constant):00080         image_y_size                  equ 5
     0006             (./engine/constant):00081         image_center_offset           equ 6
                      (./engine/constant):00082         
     0004             (./engine/constant):00083         image_subset_x1_offset        equ 4
     0005             (./engine/constant):00084         image_subset_y1_offset        equ 5
                      (./engine/constant):00085         
     0000             (./engine/constant):00086         page_draw_routine             equ 0
     0001             (./engine/constant):00087         draw_routine                  equ 1
     0003             (./engine/constant):00088         page_erase_routine            equ 3
     0004             (./engine/constant):00089         erase_routine                 equ 4
     0006             (./engine/constant):00090         erase_nb_cell                 equ 6
                      (./engine/constant):00091         
                      (./engine/constant):00092         * ===========================================================================
                      (./engine/constant):00093         * Sound Constants
                      (./engine/constant):00094         * ===========================================================================
                      (./engine/constant):00095         
     0000             (./engine/constant):00096         sound_page        equ 0
     0001             (./engine/constant):00097         sound_start_addr  equ 1
     0003             (./engine/constant):00098         sound_end_addr    equ 3
     0005             (./engine/constant):00099         sound_meta_size   equ 5
                      (./engine/constant):00100         
                      (./engine/constant):00101         * ===========================================================================
                      (./engine/constant):00102         * Object Constants
                      (./engine/constant):00103         * ===========================================================================
                      (./engine/constant):00104         
                      (./engine/constant):00105         ; ext_variables_size should be declared in game source code
                      (./engine/constant):00106         
     0022             (./engine/constant):00107         object_base_size              equ 34  ; the size of an object without ext_vars - DEPENDENCY ClearObj routine
     003B             (./engine/constant):00108         object_rsvd_size              equ 59  ; the size of an object without ext_vars - DEPENDENCY ClearObj routine
     ????             (./engine/constant):00109         object_rsvd                   equ object_base_size+ext_variables_size
     ????             (./engine/constant):00110         object_size                   equ object_base_size+ext_variables_size+object_rsvd_size ; the size of a dynamic object
     ????             (./engine/constant):00111         next_object                   equ object_size
     0022             (./engine/constant):00112         ext_variables                 equ object_base_size ; start of reserved space for additionnal variables
                      (./engine/constant):00113         
     0000             (./engine/constant):00114         id                            equ 0           ; reference to object model id (ObjID_) (0: free slot)
     0001             (./engine/constant):00115         subtype                       equ 1           ; reference to object subtype (Sub_) DEPENDENCY subtype must follow id
     0002             (./engine/constant):00116         render_flags                  equ 2
                      (./engine/constant):00117         
                      (./engine/constant):00118         ; bit 7 = onscreen flag, bit 0 = x mirror, bit 1 = y mirror, bit 2 = coordinate system, bit 6 = render subobjects
                      (./engine/constant):00119         
                      (./engine/constant):00120         * --- render_flags bitfield variables ---
     0001             (./engine/constant):00121         render_xmirror_mask           equ $01 ; (bit 0) DEPENDENCY should be bit 0 - tell display engine to mirror sprite on horizontal axis
     0002             (./engine/constant):00122         render_ymirror_mask           equ $02 ; (bit 1) DEPENDENCY should be bit 1 - tell display engine to mirror sprite on vertical axis
     0004             (./engine/constant):00123         render_overlay_mask           equ $04 ; (bit 2) DEPENDENCY should be bit 2 - compilated sprite with no background save
     0008             (./engine/constant):00124         render_playfieldcoord_mask    equ $08 ; (bit 3) tell display engine to use playfield (1) or screen (0) coordinates
     0010             (./engine/constant):00125         render_xloop_mask             equ $10 ; (bit 4) (in screen coordinate) tell display engine to hide sprite when x is out of screen (0) or to display (1)  
     0020             (./engine/constant):00126         render_todelete_mask          equ $20 ; (bit 5) tell display engine to delete sprite and clear OST for this object
     0040             (./engine/constant):00127         render_subobjects             equ $40 ; (bit 6) tell display engine to render subobjects for this object
     0080             (./engine/constant):00128         render_hide_mask              equ $80 ; (bit 7) tell display engine to hide sprite (keep priority and mapping_frame)
                      (./engine/constant):00129         
     0003             (./engine/constant):00130         priority                      equ 3           ; display priority (0: nothing to display, 1:front, ..., 8:back)
     0004             (./engine/constant):00131         anim                          equ 4  ; and 5  ; reference to current animation (Ani_)
     0006             (./engine/constant):00132         prev_anim                     equ 6  ; and 7  ; reference to previous animation (Ani_)
     0008             (./engine/constant):00133         anim_frame                    equ 8           ; index of current frame in animation
     0009             (./engine/constant):00134         anim_frame_duration           equ 9           ; number of frames for each image in animation, range: 00-7F (0-127), 0 means display only during one frame
     000A             (./engine/constant):00135         anim_flags                    equ 10          ; byte offset to reference an anim_flags LUT (adv) / store a link flag (non adv)
                      (./engine/constant):00136         
                      (./engine/constant):00137         * --- anim_flags bitfield variables ---
     0001             (./engine/constant):00138         anim_link_mask                equ $01 ; (bit 0) if set, allow the load of a new animation without reseting anim_frame and anim_frame_duration
                      (./engine/constant):00139         
     000B             (./engine/constant):00140         status_flags                  equ 11          ; orientation of sprite, is applied to animation xmirror flag during AnimateSprite
                      (./engine/constant):00141         
                      (./engine/constant):00142         * --- status_flags bitfield variables ---
     0001             (./engine/constant):00143         status_xflip_mask             equ $01 ; (bit 0) X Flip
     0002             (./engine/constant):00144         status_yflip_mask             equ $02 ; (bit 1) Y Flip
                      (./engine/constant):00145         
     000C             (./engine/constant):00146         image_set                     equ 12 ; and 13 ; reference to current image (Img_) (0000 if no image)
     000E             (./engine/constant):00147         x_pos                         equ 14 ; and 15 ; x playfield coordinate
     0010             (./engine/constant):00148         x_sub                         equ 16          ; x subpixel (1/256 of a pixel), must follow x_pos in data structure
     0011             (./engine/constant):00149         y_pos                         equ 17 ; and 18 ; y playfield coordinate
     0013             (./engine/constant):00150         y_sub                         equ 19          ; y subpixel (1/256 of a pixel), must follow y_pos in data structure
     0014             (./engine/constant):00151         xy_pixel                      equ 20          ; x and y screen coordinate
     0014             (./engine/constant):00152         x_pixel                       equ 20          ; x screen coordinate
     0015             (./engine/constant):00153         y_pixel                       equ 21          ; y screen coordinate, must follow x_pixel
     0016             (./engine/constant):00154         x_vel                         equ 22 ; and 23 ; horizontal velocity
     0018             (./engine/constant):00155         y_vel                         equ 24 ; and 25 ; vertical velocity
     001A             (./engine/constant):00156         x_acl                         equ 26 ; and 27 ; horizontal gravity
     001C             (./engine/constant):00157         y_acl                         equ 28 ; and 29 ; vertical gravity
     001E             (./engine/constant):00158         routine                       equ 30          ; index of current object routine
     001F             (./engine/constant):00159         routine_secondary             equ 31          ; index of current secondary routine
     0020             (./engine/constant):00160         routine_tertiary              equ 32          ; index of current tertiary routine
     0021             (./engine/constant):00161         routine_quaternary            equ 33          ; index of current quaternary routine
                      (./engine/constant):00162         
                      (./engine/constant):00163         * ---------------------------------------------------------------------------
                      (./engine/constant):00164         * reserved variables (read/write by engine)
                      (./engine/constant):00165         
     ????             (./engine/constant):00166         rsv_render_flags              equ object_rsvd
                      (./engine/constant):00167         
                      (./engine/constant):00168         * --- rsv_render_flags bitfield variables ---
     0001             (./engine/constant):00169         rsv_render_checkrefresh_mask  equ $01 ; (bit 0) if erasesprite and display sprite flag are processed for this frame
     0002             (./engine/constant):00170         rsv_render_erasesprite_mask   equ $02 ; (bit 1) if a sprite need to be cleared on screen
     0004             (./engine/constant):00171         rsv_render_displaysprite_mask equ $04 ; (bit 2) if a sprite need to be rendered on screen
     0008             (./engine/constant):00172         rsv_render_outofrange_mask    equ $08 ; (bit 3) if a sprite is out of range for full rendering in screen
     0080             (./engine/constant):00173         rsv_render_onscreen_mask      equ $80 ; (bit 7) DEPENDENCY should be bit 7 - has been rendered on last screen buffer (may be 0 or 1)
                      (./engine/constant):00174         
     ????             (./engine/constant):00175         rsv_prev_anim                 equ object_rsvd+1 ; and +2 ; reference to previous animation (Ani_) w * UTILE ?
     ????             (./engine/constant):00176         rsv_image_center_offset       equ object_rsvd+3 ; 0 or 1 offset that indicate if image center is even or odd (DRS_XYToAddress)
     ????             (./engine/constant):00177         rsv_image_subset              equ object_rsvd+4 ; and +5 ; reference to current image regarding mirror flags w
     ????             (./engine/constant):00178         rsv_mapping_frame             equ object_rsvd+6 ; and +7 ; reference to current image regarding mirror flags, overlay flag and x precision w
     ????             (./engine/constant):00179         rsv_erase_nb_cell             equ object_rsvd+8 ; b 
     ????             (./engine/constant):00180         rsv_page_draw_routine         equ object_rsvd+9 ; b
     ????             (./engine/constant):00181         rsv_draw_routine              equ object_rsvd+10 ; and +11 ; w
     ????             (./engine/constant):00182         rsv_page_erase_routine        equ object_rsvd+12 ; b
     ????             (./engine/constant):00183         rsv_erase_routine             equ object_rsvd+13 ; and +14 ; w 
     ????             (./engine/constant):00184         rsv_xy1_pixel                 equ object_rsvd+15 ;
     ????             (./engine/constant):00185         rsv_x1_pixel                  equ object_rsvd+15 ; x+x_offset-(x_size/2) screen coordinate
     ????             (./engine/constant):00186         rsv_y1_pixel                  equ object_rsvd+16 ; y+y_offset-(y_size/2) screen coordinate, must follow rsv_x1_pixel
     ????             (./engine/constant):00187         rsv_xy2_pixel                 equ object_rsvd+17 ;
     ????             (./engine/constant):00188         rsv_x2_pixel                  equ object_rsvd+17 ; x+x_offset+(x_size/2) screen coordinate
     ????             (./engine/constant):00189         rsv_y2_pixel                  equ object_rsvd+18 ; y+y_offset+(y_size/2) screen coordinate, must follow rsv_x2_pixel
                      (./engine/constant):00190         
                      (./engine/constant):00191         * ---------------------------------------------------------------------------
                      (./engine/constant):00192         * reserved variables (engine) - buffer specific
                      (./engine/constant):00193         
     ????             (./engine/constant):00194         rsv_buffer_0                  equ object_rsvd+19 ; Start index of buffer 0 variables
     ????             (./engine/constant):00195         rsv_priority_0                equ object_rsvd+19 ; internal value that hold priority in video buffer 0
     ????             (./engine/constant):00196         rsv_priority_prev_obj_0       equ object_rsvd+20 ; and +21 ; previous object (OST address) in display priority list for video buffer 0 (0000 if none) w
     ????             (./engine/constant):00197         rsv_priority_next_obj_0       equ object_rsvd+22 ; and +23 ; next object (OST address) in display priority list for video buffer 0 (0000 if none) w
     ????             (./engine/constant):00198         rsv_prev_mapping_frame_0      equ object_rsvd+24 ; and object_rsvd+25 ; reference to previous image in video buffer 0 w
     ????             (./engine/constant):00199         rsv_prev_erase_nb_cell_0      equ object_rsvd+26 : b
     ????             (./engine/constant):00200         rsv_prev_page_erase_routine_0 equ object_rsvd+27 ; b
     ????             (./engine/constant):00201         rsv_prev_erase_routine_0      equ object_rsvd+28 ; and object_rsvd+29 ; w
     ????             (./engine/constant):00202         rsv_bgdata_0                  equ object_rsvd+30 ; and +31 ; address of background data in screen 0 w
     ????             (./engine/constant):00203         rsv_prev_xy_pixel_0           equ object_rsvd+32 ;
     ????             (./engine/constant):00204         rsv_prev_x_pixel_0            equ object_rsvd+32 ; previous x screen coordinate b
     ????             (./engine/constant):00205         rsv_prev_y_pixel_0            equ object_rsvd+33 ; previous y screen coordinate b, must follow x_pixel
     ????             (./engine/constant):00206         rsv_prev_xy1_pixel_0          equ object_rsvd+34 ;
     ????             (./engine/constant):00207         rsv_prev_x1_pixel_0           equ object_rsvd+34 ; previous x+x_offset-(x_size/2) screen coordinate b
     ????             (./engine/constant):00208         rsv_prev_y1_pixel_0           equ object_rsvd+35 ; previous y+y_offset-(y_size/2) screen coordinate b, must follow x1_pixel
     ????             (./engine/constant):00209         rsv_prev_xy2_pixel_0          equ object_rsvd+36 ;
     ????             (./engine/constant):00210         rsv_prev_x2_pixel_0           equ object_rsvd+36 ; previous x+x_offset+(x_size/2) screen coordinate b
     ????             (./engine/constant):00211         rsv_prev_y2_pixel_0           equ object_rsvd+37 ; previous y+y_offset+(y_size/2) screen coordinate b, must follow x2_pixel
     ????             (./engine/constant):00212         rsv_prev_render_flags_0       equ object_rsvd+38 ;
                      (./engine/constant):00213         * --- rsv_prev_render_flags_0 bitfield variables ---
     0001             (./engine/constant):00214         rsv_prev_render_overlay_mask  equ $01 ; (bit 0) if a sprite has been rendered with compilated sprite and no background save on screen buffer 0/1
     0080             (./engine/constant):00215         rsv_prev_render_onscreen_mask equ $80 ; (bit 7) DEPENDENCY should be bit 7 - has been rendered on screen buffer 0/1
                      (./engine/constant):00216         
     ????             (./engine/constant):00217         rsv_buffer_1                  equ object_rsvd+39 ; Start index of buffer 1 variables
     ????             (./engine/constant):00218         rsv_priority_1                equ object_rsvd+39 ; internal value that hold priority in video buffer 1
     ????             (./engine/constant):00219         rsv_priority_prev_obj_1       equ object_rsvd+40 ; and +41 ; previous object (OST address) in display priority list for video buffer 1 (0000 if none) w
     ????             (./engine/constant):00220         rsv_priority_next_obj_1       equ object_rsvd+42 ; and +43 ; next object (OST address) in display priority list for video buffer 1 (0000 if none) w
     ????             (./engine/constant):00221         rsv_prev_mapping_frame_1      equ object_rsvd+44 ; and +45 ; reference to previous image in video buffer 1 w
     ????             (./engine/constant):00222         rsv_prev_erase_nb_cell_1      equ object_rsvd+46 ; b
     ????             (./engine/constant):00223         rsv_prev_page_erase_routine_1 equ object_rsvd+47 ; b
     ????             (./engine/constant):00224         rsv_prev_erase_routine_1      equ object_rsvd+48 ; and +49 ; w
     ????             (./engine/constant):00225         rsv_bgdata_1                  equ object_rsvd+50 ; and +51 ; address of background data in screen 1 w
     ????             (./engine/constant):00226         rsv_prev_xy_pixel_1           equ object_rsvd+52 ;
     ????             (./engine/constant):00227         rsv_prev_x_pixel_1            equ object_rsvd+52 ; previous x screen coordinate b
     ????             (./engine/constant):00228         rsv_prev_y_pixel_1            equ object_rsvd+53 ; previous y screen coordinate b, must follow x_pixel
     ????             (./engine/constant):00229         rsv_prev_xy1_pixel_1          equ object_rsvd+54 ;
     ????             (./engine/constant):00230         rsv_prev_x1_pixel_1           equ object_rsvd+54 ; previous x+x_size screen coordinate b
     ????             (./engine/constant):00231         rsv_prev_y1_pixel_1           equ object_rsvd+55 ; previous y+y_size screen coordinate b, must follow x_pixel
     ????             (./engine/constant):00232         rsv_prev_xy2_pixel_1          equ object_rsvd+56 ;
     ????             (./engine/constant):00233         rsv_prev_x2_pixel_1           equ object_rsvd+56 ; previous x+x_size screen coordinate b
     ????             (./engine/constant):00234         rsv_prev_y2_pixel_1           equ object_rsvd+57 ; previous y+y_size screen coordinate b, must follow x_pixel
     ????             (./engine/constant):00235         rsv_prev_render_flags_1       equ object_rsvd+58 ;
                      (./engine/constant):00236         
     0000             (./engine/constant):00237         buf_priority                  equ 0  ; offset for each rsv_buffer variables
     0001             (./engine/constant):00238         buf_priority_prev_obj         equ 1  ;
     0003             (./engine/constant):00239         buf_priority_next_obj         equ 3  ;
     0005             (./engine/constant):00240         buf_prev_mapping_frame        equ 5  ;
     0007             (./engine/constant):00241         buf_erase_nb_cell             equ 7  ;
     0008             (./engine/constant):00242         buf_page_erase_routine        equ 8 ;
     0009             (./engine/constant):00243         buf_erase_routine             equ 9 ;
     000B             (./engine/constant):00244         buf_bgdata                    equ 11 ;
     000D             (./engine/constant):00245         buf_prev_xy_pixel             equ 13 ;
     000D             (./engine/constant):00246         buf_prev_x_pixel              equ 13 ;
     000E             (./engine/constant):00247         buf_prev_y_pixel              equ 14 ;
     000F             (./engine/constant):00248         buf_prev_xy1_pixel            equ 15 ;
     000F             (./engine/constant):00249         buf_prev_x1_pixel             equ 15 ;
     0010             (./engine/constant):00250         buf_prev_y1_pixel             equ 16 ;
     0011             (./engine/constant):00251         buf_prev_xy2_pixel            equ 17 ;
     0011             (./engine/constant):00252         buf_prev_x2_pixel             equ 17 ;
     0012             (./engine/constant):00253         buf_prev_y2_pixel             equ 18 ;
     0013             (./engine/constant):00254         buf_prev_render_flags         equ 19 ;
                      (./engine/constant):00255         
                      (./engine/constant):00256          endc
                      (./generated-code/):00002                 ORG $A000
     FF               (./generated-code/):00003                 SETDP $FF
                      (./generated-code/):00004                 OPT C,CT
A000                  (./generated-code/):00005                 DRAW_Img_0104_0
A000 33C904D7         (./generated-code/):00006 [8]     8               LEAU 1239,U
                      (./generated-code/):00007                 
A004 A6C87D           (./generated-code/):00008 [5]     13              LDA 125,U
A007 840F             (./generated-code/):00009 [2]     15              ANDA #$0F
A009 8A00             (./generated-code/):00010 [2]     17              ORA #$00
A00B A7C87D           (./generated-code/):00011 [5]     22              STA 125,U
A00E A6C84C           (./generated-code/):00012 [5]     27              LDA 76,U
A011 84F0             (./generated-code/):00013 [2]     29              ANDA #$F0
A013 8A00             (./generated-code/):00014 [2]     31              ORA #$00
A015 A7C84C           (./generated-code/):00015 [5]     36              STA 76,U
A018 A6C8D3           (./generated-code/):00016 [5]     41              LDA -45,U
A01B 84F0             (./generated-code/):00017 [2]     43              ANDA #$F0
A01D 8A00             (./generated-code/):00018 [2]     45              ORA #$00
A01F A7C8D3           (./generated-code/):00019 [5]     50              STA -45,U
A022 A6C8B6           (./generated-code/):00020 [5]     55              LDA -74,U
A025 84F0             (./generated-code/):00021 [2]     57              ANDA #$F0
A027 8A00             (./generated-code/):00022 [2]     59              ORA #$00
A029 A7C8B6           (./generated-code/):00023 [5]     64              STA -74,U
A02C A6C8AD           (./generated-code/):00024 [5]     69              LDA -83,U
A02F 84F0             (./generated-code/):00025 [2]     71              ANDA #$F0
A031 8A01             (./generated-code/):00026 [2]     73              ORA #$01
A033 A7C8AD           (./generated-code/):00027 [5]     78              STA -83,U
A036 A6C8AB           (./generated-code/):00028 [5]     83              LDA -85,U
A039 84F0             (./generated-code/):00029 [2]     85              ANDA #$F0
A03B 8A00             (./generated-code/):00030 [2]     87              ORA #$00
A03D A7C8AB           (./generated-code/):00031 [5]     92              STA -85,U
A040 A6C88E           (./generated-code/):00032 [5]     97              LDA -114,U
A043 84F0             (./generated-code/):00033 [2]     99              ANDA #$F0
A045 8A00             (./generated-code/):00034 [2]     101             ORA #$00
A047 A7C88E           (./generated-code/):00035 [5]     106             STA -114,U
A04A A6C885           (./generated-code/):00036 [5]     111             LDA -123,U
A04D 84F0             (./generated-code/):00037 [2]     113             ANDA #$F0
A04F 8A01             (./generated-code/):00038 [2]     115             ORA #$01
A051 A7C885           (./generated-code/):00039 [5]     120             STA -123,U
A054 A6C883           (./generated-code/):00040 [5]     125             LDA -125,U
A057 84F0             (./generated-code/):00041 [2]     127             ANDA #$F0
A059 8A00             (./generated-code/):00042 [2]     129             ORA #$00
A05B A7C883           (./generated-code/):00043 [5]     134             STA -125,U
A05E ECC8D4           (./generated-code/):00044 [6]     140             LDD -44,U
A061 840F             (./generated-code/):00045 [2]     142             ANDA #$0F
A063 8A00             (./generated-code/):00046 [2]     144             ORA #$00
A065 C611             (./generated-code/):00047 [2]     146             LDB #$11
A067 EDC8D4           (./generated-code/):00048 [6]     152             STD -44,U
A06A ECC824           (./generated-code/):00049 [6]     158             LDD 36,U
A06D 8600             (./generated-code/):00050 [2]     160             LDA #$00
A06F C4F0             (./generated-code/):00051 [2]     162             ANDB #$F0
A071 CA01             (./generated-code/):00052 [2]     164             ORB #$01
A073 EDC824           (./generated-code/):00053 [6]     170             STD 36,U
A076 EC45             (./generated-code/):00054 [6]     176             LDD 5,U
A078 84F0             (./generated-code/):00055 [2]     178             ANDA #$F0
A07A C40F             (./generated-code/):00056 [2]     180             ANDB #$0F
A07C C30000           (./generated-code/):00057 [4]     184             ADDD #$0000
A07F ED45             (./generated-code/):00058 [6]     190             STD 5,U
A081 CC0011           (./generated-code/):00059 [3]     193             LDD #$0011
A084 ED5C             (./generated-code/):00060 [6]     199             STD -4,U
A086 A7C855           (./generated-code/):00061 [5]     204             STA 85,U
A089 A7C82D           (./generated-code/):00062 [5]     209             STA 45,U
A08C A7C8DE           (./generated-code/):00063 [5]     214             STA -34,U
A08F 33C9FEE9         (./generated-code/):00064 [8]     222             LEAU -279,U
                      (./generated-code/):00065                 
A093 A6C87B           (./generated-code/):00066 [5]     227             LDA 123,U
A096 84F0             (./generated-code/):00067 [2]     229             ANDA #$F0
A098 8A01             (./generated-code/):00068 [2]     231             ORA #$01
A09A A7C87B           (./generated-code/):00069 [5]     236             STA 123,U
A09D A6C872           (./generated-code/):00070 [5]     241             LDA 114,U
A0A0 84F0             (./generated-code/):00071 [2]     243             ANDA #$F0
A0A2 8A00             (./generated-code/):00072 [2]     245             ORA #$00
A0A4 A7C872           (./generated-code/):00073 [5]     250             STA 114,U
A0A7 A6C853           (./generated-code/):00074 [5]     255             LDA 83,U
A0AA 84F0             (./generated-code/):00075 [2]     257             ANDA #$F0
A0AC 8A01             (./generated-code/):00076 [2]     259             ORA #$01
A0AE A7C853           (./generated-code/):00077 [5]     264             STA 83,U
A0B1 A6C84A           (./generated-code/):00078 [5]     269             LDA 74,U
A0B4 84F0             (./generated-code/):00079 [2]     271             ANDA #$F0
A0B6 8A00             (./generated-code/):00080 [2]     273             ORA #$00
A0B8 A7C84A           (./generated-code/):00081 [5]     278             STA 74,U
A0BB A6C82D           (./generated-code/):00082 [5]     283             LDA 45,U
A0BE 840F             (./generated-code/):00083 [2]     285             ANDA #$0F
A0C0 8A00             (./generated-code/):00084 [2]     287             ORA #$00
A0C2 A7C82D           (./generated-code/):00085 [5]     292             STA 45,U
A0C5 A6C82B           (./generated-code/):00086 [5]     297             LDA 43,U
A0C8 840F             (./generated-code/):00087 [2]     299             ANDA #$0F
A0CA 8A10             (./generated-code/):00088 [2]     301             ORA #$10
A0CC A7C82B           (./generated-code/):00089 [5]     306             STA 43,U
A0CF A6C823           (./generated-code/):00090 [5]     311             LDA 35,U
A0D2 840F             (./generated-code/):00091 [2]     313             ANDA #$0F
A0D4 8A20             (./generated-code/):00092 [2]     315             ORA #$20
A0D6 A7C823           (./generated-code/):00093 [5]     320             STA 35,U
A0D9 A645             (./generated-code/):00094 [5]     325             LDA 5,U
A0DB 840F             (./generated-code/):00095 [2]     327             ANDA #$0F
A0DD 8A00             (./generated-code/):00096 [2]     329             ORA #$00
A0DF A745             (./generated-code/):00097 [5]     334             STA 5,U
A0E1 A643             (./generated-code/):00098 [5]     339             LDA 3,U
A0E3 840F             (./generated-code/):00099 [2]     341             ANDA #$0F
A0E5 8A10             (./generated-code/):00100 [2]     343             ORA #$10
A0E7 A743             (./generated-code/):00101 [5]     348             STA 3,U
A0E9 A65B             (./generated-code/):00102 [5]     353             LDA -5,U
A0EB 840F             (./generated-code/):00103 [2]     355             ANDA #$0F
A0ED 8A20             (./generated-code/):00104 [2]     357             ORA #$20
A0EF A75B             (./generated-code/):00105 [5]     362             STA -5,U
A0F1 A6C8DD           (./generated-code/):00106 [5]     367             LDA -35,U
A0F4 840F             (./generated-code/):00107 [2]     369             ANDA #$0F
A0F6 8A00             (./generated-code/):00108 [2]     371             ORA #$00
A0F8 A7C8DD           (./generated-code/):00109 [5]     376             STA -35,U
A0FB A6C8D3           (./generated-code/):00110 [5]     381             LDA -45,U
A0FE 840F             (./generated-code/):00111 [2]     383             ANDA #$0F
A100 8A20             (./generated-code/):00112 [2]     385             ORA #$20
A102 A7C8D3           (./generated-code/):00113 [5]     390             STA -45,U
A105 A6C8B5           (./generated-code/):00114 [5]     395             LDA -75,U
A108 840F             (./generated-code/):00115 [2]     397             ANDA #$0F
A10A 8A00             (./generated-code/):00116 [2]     399             ORA #$00
A10C A7C8B5           (./generated-code/):00117 [5]     404             STA -75,U
A10F A6C8AB           (./generated-code/):00118 [5]     409             LDA -85,U
A112 840F             (./generated-code/):00119 [2]     411             ANDA #$0F
A114 8A00             (./generated-code/):00120 [2]     413             ORA #$00
A116 A7C8AB           (./generated-code/):00121 [5]     418             STA -85,U
A119 A6C88D           (./generated-code/):00122 [5]     423             LDA -115,U
A11C 840F             (./generated-code/):00123 [2]     425             ANDA #$0F
A11E 8A00             (./generated-code/):00124 [2]     427             ORA #$00
A120 A7C88D           (./generated-code/):00125 [5]     432             STA -115,U
A123 A6C883           (./generated-code/):00126 [5]     437             LDA -125,U
A126 840F             (./generated-code/):00127 [2]     439             ANDA #$0F
A128 8A00             (./generated-code/):00128 [2]     441             ORA #$00
A12A A7C883           (./generated-code/):00129 [5]     446             STA -125,U
A12D 8620             (./generated-code/):00130 [2]     448             LDA #$20
A12F A7C87D           (./generated-code/):00131 [5]     453             STA 125,U
A132 8600             (./generated-code/):00132 [2]     455             LDA #$00
A134 A7C855           (./generated-code/):00133 [5]     460             STA 85,U
A137 33C9FEE8         (./generated-code/):00134 [8]     468             LEAU -280,U
                      (./generated-code/):00135                 
A13B 8602             (./generated-code/):00136 [2]     470             LDA #$02
A13D A7C873           (./generated-code/):00137 [5]     475             STA 115,U
A140 A7C84B           (./generated-code/):00138 [5]     480             STA 75,U
A143 A7C823           (./generated-code/):00139 [5]     485             STA 35,U
A146 A75B             (./generated-code/):00140 [5]     490             STA -5,U
A148 A7C8D3           (./generated-code/):00141 [5]     495             STA -45,U
A14B A6C87D           (./generated-code/):00142 [5]     500             LDA 125,U
A14E 840F             (./generated-code/):00143 [2]     502             ANDA #$0F
A150 8A00             (./generated-code/):00144 [2]     504             ORA #$00
A152 A7C87D           (./generated-code/):00145 [5]     509             STA 125,U
A155 A6C855           (./generated-code/):00146 [5]     514             LDA 85,U
A158 840F             (./generated-code/):00147 [2]     516             ANDA #$0F
A15A 8A00             (./generated-code/):00148 [2]     518             ORA #$00
A15C A7C855           (./generated-code/):00149 [5]     523             STA 85,U
A15F A6C84D           (./generated-code/):00150 [5]     528             LDA 77,U
A162 840F             (./generated-code/):00151 [2]     530             ANDA #$0F
A164 8A10             (./generated-code/):00152 [2]     532             ORA #$10
A166 A7C84D           (./generated-code/):00153 [5]     537             STA 77,U
A169 A6C825           (./generated-code/):00154 [5]     542             LDA 37,U
A16C 840F             (./generated-code/):00155 [2]     544             ANDA #$0F
A16E 8A10             (./generated-code/):00156 [2]     546             ORA #$10
A170 A7C825           (./generated-code/):00157 [5]     551             STA 37,U
A173 A644             (./generated-code/):00158 [5]     556             LDA 4,U
A175 84F0             (./generated-code/):00159 [2]     558             ANDA #$F0
A177 8A02             (./generated-code/):00160 [2]     560             ORA #$02
A179 A744             (./generated-code/):00161 [5]     565             STA 4,U
A17B A6C8DC           (./generated-code/):00162 [5]     570             LDA -36,U
A17E 84F0             (./generated-code/):00163 [2]     572             ANDA #$F0
A180 8A02             (./generated-code/):00164 [2]     574             ORA #$02
A182 A7C8DC           (./generated-code/):00165 [5]     579             STA -36,U
A185 A6C8AB           (./generated-code/):00166 [5]     584             LDA -85,U
A188 840F             (./generated-code/):00167 [2]     586             ANDA #$0F
A18A 8A00             (./generated-code/):00168 [2]     588             ORA #$00
A18C A7C8AB           (./generated-code/):00169 [5]     593             STA -85,U
A18F A6C883           (./generated-code/):00170 [5]     598             LDA -125,U
A192 840F             (./generated-code/):00171 [2]     600             ANDA #$0F
A194 8A00             (./generated-code/):00172 [2]     602             ORA #$00
A196 A7C883           (./generated-code/):00173 [5]     607             STA -125,U
A199 33C9FEE6         (./generated-code/):00174 [8]     615             LEAU -282,U
                      (./generated-code/):00175                 
A19D 8600             (./generated-code/):00176 [2]     617             LDA #$00
A19F A7C875           (./generated-code/):00177 [5]     622             STA 117,U
A1A2 A6C87C           (./generated-code/):00178 [5]     627             LDA 124,U
A1A5 84F0             (./generated-code/):00179 [2]     629             ANDA #$F0
A1A7 8A00             (./generated-code/):00180 [2]     631             ORA #$00
A1A9 A7C87C           (./generated-code/):00181 [5]     636             STA 124,U
A1AC A6C854           (./generated-code/):00182 [5]     641             LDA 84,U
A1AF 84F0             (./generated-code/):00183 [2]     643             ANDA #$F0
A1B1 8A00             (./generated-code/):00184 [2]     645             ORA #$00
A1B3 A7C854           (./generated-code/):00185 [5]     650             STA 84,U
A1B6 A6C84D           (./generated-code/):00186 [5]     655             LDA 77,U
A1B9 84F0             (./generated-code/):00187 [2]     657             ANDA #$F0
A1BB 8A00             (./generated-code/):00188 [2]     659             ORA #$00
A1BD A7C84D           (./generated-code/):00189 [5]     664             STA 77,U
A1C0 A6C82C           (./generated-code/):00190 [5]     669             LDA 44,U
A1C3 84F0             (./generated-code/):00191 [2]     671             ANDA #$F0
A1C5 8A00             (./generated-code/):00192 [2]     673             ORA #$00
A1C7 A7C82C           (./generated-code/):00193 [5]     678             STA 44,U
A1CA A6C825           (./generated-code/):00194 [5]     683             LDA 37,U
A1CD 84F0             (./generated-code/):00195 [2]     685             ANDA #$F0
A1CF 8A00             (./generated-code/):00196 [2]     687             ORA #$00
A1D1 A7C825           (./generated-code/):00197 [5]     692             STA 37,U
A1D4 A65D             (./generated-code/):00198 [5]     697             LDA -3,U
A1D6 84F0             (./generated-code/):00199 [2]     699             ANDA #$F0
A1D8 8A00             (./generated-code/):00200 [2]     701             ORA #$00
A1DA A75D             (./generated-code/):00201 [5]     706             STA -3,U
A1DC A6C8DE           (./generated-code/):00202 [5]     711             LDA -34,U
A1DF 84F0             (./generated-code/):00203 [2]     713             ANDA #$F0
A1E1 8A00             (./generated-code/):00204 [2]     715             ORA #$00
A1E3 A7C8DE           (./generated-code/):00205 [5]     720             STA -34,U
A1E6 A6C8DC           (./generated-code/):00206 [5]     725             LDA -36,U
A1E9 840F             (./generated-code/):00207 [2]     727             ANDA #$0F
A1EB 8A00             (./generated-code/):00208 [2]     729             ORA #$00
A1ED A7C8DC           (./generated-code/):00209 [5]     734             STA -36,U
A1F0 A6C8D5           (./generated-code/):00210 [5]     739             LDA -43,U
A1F3 84F0             (./generated-code/):00211 [2]     741             ANDA #$F0
A1F5 8A00             (./generated-code/):00212 [2]     743             ORA #$00
A1F7 A7C8D5           (./generated-code/):00213 [5]     748             STA -43,U
A1FA A6C8B6           (./generated-code/):00214 [5]     753             LDA -74,U
A1FD 84F0             (./generated-code/):00215 [2]     755             ANDA #$F0
A1FF 8A00             (./generated-code/):00216 [2]     757             ORA #$00
A201 A7C8B6           (./generated-code/):00217 [5]     762             STA -74,U
A204 A6C8B4           (./generated-code/):00218 [5]     767             LDA -76,U
A207 840F             (./generated-code/):00219 [2]     769             ANDA #$0F
A209 8A00             (./generated-code/):00220 [2]     771             ORA #$00
A20B A7C8B4           (./generated-code/):00221 [5]     776             STA -76,U
A20E A6C8AD           (./generated-code/):00222 [5]     781             LDA -83,U
A211 84F0             (./generated-code/):00223 [2]     783             ANDA #$F0
A213 8A00             (./generated-code/):00224 [2]     785             ORA #$00
A215 A7C8AD           (./generated-code/):00225 [5]     790             STA -83,U
A218 A6C88E           (./generated-code/):00226 [5]     795             LDA -114,U
A21B 84F0             (./generated-code/):00227 [2]     797             ANDA #$F0
A21D 8A00             (./generated-code/):00228 [2]     799             ORA #$00
A21F A7C88E           (./generated-code/):00229 [5]     804             STA -114,U
A222 A6C88C           (./generated-code/):00230 [5]     809             LDA -116,U
A225 840F             (./generated-code/):00231 [2]     811             ANDA #$0F
A227 8A00             (./generated-code/):00232 [2]     813             ORA #$00
A229 A7C88C           (./generated-code/):00233 [5]     818             STA -116,U
A22C A6C885           (./generated-code/):00234 [5]     823             LDA -123,U
A22F 84F0             (./generated-code/):00235 [2]     825             ANDA #$F0
A231 8A00             (./generated-code/):00236 [2]     827             ORA #$00
A233 A7C885           (./generated-code/):00237 [5]     832             STA -123,U
A236 33C9FEEA         (./generated-code/):00238 [8]     840             LEAU -278,U
                      (./generated-code/):00239                 
A23A ECC8DB           (./generated-code/):00240 [6]     846             LDD -37,U
A23D 84F0             (./generated-code/):00241 [2]     848             ANDA #$F0
A23F C40F             (./generated-code/):00242 [2]     850             ANDB #$0F
A241 C30100           (./generated-code/):00243 [4]     854             ADDD #$0100
A244 EDC8DB           (./generated-code/):00244 [6]     860             STD -37,U
A247 ECC8B3           (./generated-code/):00245 [6]     866             LDD -77,U
A24A 84F0             (./generated-code/):00246 [2]     868             ANDA #$F0
A24C C40F             (./generated-code/):00247 [2]     870             ANDB #$0F
A24E C30100           (./generated-code/):00248 [4]     874             ADDD #$0100
A251 EDC8B3           (./generated-code/):00249 [6]     880             STD -77,U
A254 A6C87C           (./generated-code/):00250 [5]     885             LDA 124,U
A257 84F0             (./generated-code/):00251 [2]     887             ANDA #$F0
A259 8A00             (./generated-code/):00252 [2]     889             ORA #$00
A25B A7C87C           (./generated-code/):00253 [5]     894             STA 124,U
A25E A6C87A           (./generated-code/):00254 [5]     899             LDA 122,U
A261 840F             (./generated-code/):00255 [2]     901             ANDA #$0F
A263 8A00             (./generated-code/):00256 [2]     903             ORA #$00
A265 A7C87A           (./generated-code/):00257 [5]     908             STA 122,U
A268 A6C873           (./generated-code/):00258 [5]     913             LDA 115,U
A26B 84F0             (./generated-code/):00259 [2]     915             ANDA #$F0
A26D 8A00             (./generated-code/):00260 [2]     917             ORA #$00
A26F A7C873           (./generated-code/):00261 [5]     922             STA 115,U
A272 A65E             (./generated-code/):00262 [5]     927             LDA -2,U
A274 840F             (./generated-code/):00263 [2]     929             ANDA #$0F
A276 8A00             (./generated-code/):00264 [2]     931             ORA #$00
A278 A75E             (./generated-code/):00265 [5]     936             STA -2,U
A27A A6C8D6           (./generated-code/):00266 [5]     941             LDA -42,U
A27D 840F             (./generated-code/):00267 [2]     943             ANDA #$0F
A27F 8A00             (./generated-code/):00268 [2]     945             ORA #$00
A281 A7C8D6           (./generated-code/):00269 [5]     950             STA -42,U
A284 A6C884           (./generated-code/):00270 [5]     955             LDA -124,U
A287 840F             (./generated-code/):00271 [2]     957             ANDA #$0F
A289 8A00             (./generated-code/):00272 [2]     959             ORA #$00
A28B A7C884           (./generated-code/):00273 [5]     964             STA -124,U
A28E ECC88A           (./generated-code/):00274 [6]     970             LDD -118,U
A291 840F             (./generated-code/):00275 [2]     972             ANDA #$0F
A293 8A10             (./generated-code/):00276 [2]     974             ORA #$10
A295 C611             (./generated-code/):00277 [2]     976             LDB #$11
A297 EDC88A           (./generated-code/):00278 [6]     982             STD -118,U
A29A 33C9FF24         (./generated-code/):00279 [8]     990             LEAU -220,U
                      (./generated-code/):00280                 
A29E CC1111           (./generated-code/):00281 [3]     993             LDD #$1111
A2A1 EDC83E           (./generated-code/):00282 [6]     999             STD 62,U
A2A4 C612             (./generated-code/):00283 [2]     1001            LDB #$12
A2A6 EDC816           (./generated-code/):00284 [6]     1007            STD 22,U
A2A9 ECC811           (./generated-code/):00285 [6]     1013            LDD 17,U
A2AC 8611             (./generated-code/):00286 [2]     1015            LDA #$11
A2AE C40F             (./generated-code/):00287 [2]     1017            ANDB #$0F
A2B0 CA10             (./generated-code/):00288 [2]     1019            ORB #$10
A2B2 EDC811           (./generated-code/):00289 [6]     1025            STD 17,U
A2B5 ECC839           (./generated-code/):00290 [6]     1031            LDD 57,U
A2B8 84F0             (./generated-code/):00291 [2]     1033            ANDA #$F0
A2BA C40F             (./generated-code/):00292 [2]     1035            ANDB #$0F
A2BC C30110           (./generated-code/):00293 [4]     1039            ADDD #$0110
A2BF EDC839           (./generated-code/):00294 [6]     1045            STD 57,U
A2C2 ECC8EE           (./generated-code/):00295 [6]     1051            LDD -18,U
A2C5 84F0             (./generated-code/):00296 [2]     1053            ANDA #$F0
A2C7 8A01             (./generated-code/):00297 [2]     1055            ORA #$01
A2C9 C612             (./generated-code/):00298 [2]     1057            LDB #$12
A2CB EDC8EE           (./generated-code/):00299 [6]     1063            STD -18,U
A2CE 8611             (./generated-code/):00300 [2]     1065            LDA #$11
A2D0 A7C8E9           (./generated-code/):00301 [5]     1070            STA -23,U
A2D3 A7C8C1           (./generated-code/):00302 [5]     1075            STA -63,U
A2D6 A6C8C7           (./generated-code/):00303 [5]     1080            LDA -57,U
A2D9 840F             (./generated-code/):00304 [2]     1082            ANDA #$0F
A2DB 8A20             (./generated-code/):00305 [2]     1084            ORA #$20
A2DD A7C8C7           (./generated-code/):00306 [5]     1089            STA -57,U
A2E0 33C9FE0A         (./generated-code/):00307 [8]     1097            LEAU -502,U
                      (./generated-code/):00308                 
A2E4 8611             (./generated-code/):00309 [2]     1099            LDA #$11
A2E6 A7C879           (./generated-code/):00310 [5]     1104            STA 121,U
A2E9 A7C828           (./generated-code/):00311 [5]     1109            STA 40,U
A2EC A6C8D8           (./generated-code/):00312 [5]     1114            LDA -40,U
A2EF 840F             (./generated-code/):00313 [2]     1116            ANDA #$0F
A2F1 8A20             (./generated-code/):00314 [2]     1118            ORA #$20
A2F3 A7C8D8           (./generated-code/):00315 [5]     1123            STA -40,U
A2F6 A6C8B0           (./generated-code/):00316 [5]     1128            LDA -80,U
A2F9 840F             (./generated-code/):00317 [2]     1130            ANDA #$0F
A2FB 8A00             (./generated-code/):00318 [2]     1132            ORA #$00
A2FD A7C8B0           (./generated-code/):00319 [5]     1137            STA -80,U
A300 A6C88A           (./generated-code/):00320 [5]     1142            LDA -118,U
A303 840F             (./generated-code/):00321 [2]     1144            ANDA #$0F
A305 8A10             (./generated-code/):00322 [2]     1146            ORA #$10
A307 A7C88A           (./generated-code/):00323 [5]     1151            STA -118,U
A30A 8602             (./generated-code/):00324 [2]     1153            LDA #$02
A30C A7C888           (./generated-code/):00325 [5]     1158            STA -120,U
A30F 33C9FEE9         (./generated-code/):00326 [8]     1166            LEAU -279,U
                      (./generated-code/):00327                 
A313 A7C877           (./generated-code/):00328 [5]     1171            STA 119,U
A316 A7C84F           (./generated-code/):00329 [5]     1176            STA 79,U
A319 8600             (./generated-code/):00330 [2]     1178            LDA #$00
A31B A7C827           (./generated-code/):00331 [5]     1183            STA 39,U
A31E A75F             (./generated-code/):00332 [5]     1188            STA -1,U
A320 A7C8D7           (./generated-code/):00333 [5]     1193            STA -41,U
A323 A6C879           (./generated-code/):00334 [5]     1198            LDA 121,U
A326 840F             (./generated-code/):00335 [2]     1200            ANDA #$0F
A328 8A10             (./generated-code/):00336 [2]     1202            ORA #$10
A32A A7C879           (./generated-code/):00337 [5]     1207            STA 121,U
A32D A6C851           (./generated-code/):00338 [5]     1212            LDA 81,U
A330 840F             (./generated-code/):00339 [2]     1214            ANDA #$0F
A332 8A10             (./generated-code/):00340 [2]     1216            ORA #$10
A334 A7C851           (./generated-code/):00341 [5]     1221            STA 81,U
A337 A6C8B1           (./generated-code/):00342 [5]     1226            LDA -79,U
A33A 84F0             (./generated-code/):00343 [2]     1228            ANDA #$F0
A33C 8A01             (./generated-code/):00344 [2]     1230            ORA #$01
A33E A7C8B1           (./generated-code/):00345 [5]     1235            STA -79,U
A341 A6C8AF           (./generated-code/):00346 [5]     1240            LDA -81,U
A344 84F0             (./generated-code/):00347 [2]     1242            ANDA #$F0
A346 8A00             (./generated-code/):00348 [2]     1244            ORA #$00
A348 A7C8AF           (./generated-code/):00349 [5]     1249            STA -81,U
A34B A6C887           (./generated-code/):00350 [5]     1254            LDA -121,U
A34E 84F0             (./generated-code/):00351 [2]     1256            ANDA #$F0
A350 8A00             (./generated-code/):00352 [2]     1258            ORA #$00
A352 A7C887           (./generated-code/):00353 [5]     1263            STA -121,U
A355 33C9FEFB         (./generated-code/):00354 [8]     1271            LEAU -261,U
                      (./generated-code/):00355                 
A359 A6C864           (./generated-code/):00356 [5]     1276            LDA 100,U
A35C 84F0             (./generated-code/):00357 [2]     1278            ANDA #$F0
A35E 8A00             (./generated-code/):00358 [2]     1280            ORA #$00
A360 A7C864           (./generated-code/):00359 [5]     1285            STA 100,U
A363 A6C83C           (./generated-code/):00360 [5]     1290            LDA 60,U
A366 84F0             (./generated-code/):00361 [2]     1292            ANDA #$F0
A368 8A00             (./generated-code/):00362 [2]     1294            ORA #$00
A36A A7C83C           (./generated-code/):00363 [5]     1299            STA 60,U
A36D A6C89D           (./generated-code/):00364 [5]     1304            LDA -99,U
A370 840F             (./generated-code/):00365 [2]     1306            ANDA #$0F
A372 8A20             (./generated-code/):00366 [2]     1308            ORA #$20
A374 A7C89D           (./generated-code/):00367 [5]     1313            STA -99,U
A377 33C9FE86         (./generated-code/):00368 [8]     1321            LEAU -378,U
                      (./generated-code/):00369                 
A37B 8600             (./generated-code/):00370 [2]     1323            LDA #$00
A37D A7C829           (./generated-code/):00371 [5]     1328            STA 41,U
A380 A6C879           (./generated-code/):00372 [5]     1333            LDA 121,U
A383 840F             (./generated-code/):00373 [2]     1335            ANDA #$0F
A385 8A00             (./generated-code/):00374 [2]     1337            ORA #$00
A387 A7C879           (./generated-code/):00375 [5]     1342            STA 121,U
A38A A6C851           (./generated-code/):00376 [5]     1347            LDA 81,U
A38D 840F             (./generated-code/):00377 [2]     1349            ANDA #$0F
A38F 8A00             (./generated-code/):00378 [2]     1351            ORA #$00
A391 A7C851           (./generated-code/):00379 [5]     1356            STA 81,U
A394 A6C84F           (./generated-code/):00380 [5]     1361            LDA 79,U
A397 84F0             (./generated-code/):00381 [2]     1363            ANDA #$F0
A399 8A01             (./generated-code/):00382 [2]     1365            ORA #$01
A39B A7C84F           (./generated-code/):00383 [5]     1370            STA 79,U
A39E A641             (./generated-code/):00384 [5]     1375            LDA 1,U
A3A0 84F0             (./generated-code/):00385 [2]     1377            ANDA #$F0
A3A2 8A00             (./generated-code/):00386 [2]     1379            ORA #$00
A3A4 A741             (./generated-code/):00387 [5]     1384            STA 1,U
A3A6 A6C8D9           (./generated-code/):00388 [5]     1389            LDA -39,U
A3A9 84F0             (./generated-code/):00389 [2]     1391            ANDA #$F0
A3AB 8A00             (./generated-code/):00390 [2]     1393            ORA #$00
A3AD A7C8D9           (./generated-code/):00391 [5]     1398            STA -39,U
A3B0 A6C8B1           (./generated-code/):00392 [5]     1403            LDA -79,U
A3B3 84F0             (./generated-code/):00393 [2]     1405            ANDA #$F0
A3B5 8A00             (./generated-code/):00394 [2]     1407            ORA #$00
A3B7 A7C8B1           (./generated-code/):00395 [5]     1412            STA -79,U
A3BA A6C887           (./generated-code/):00396 [5]     1417            LDA -121,U
A3BD 840F             (./generated-code/):00397 [2]     1419            ANDA #$0F
A3BF 8A00             (./generated-code/):00398 [2]     1421            ORA #$00
A3C1 A7C887           (./generated-code/):00399 [5]     1426            STA -121,U
A3C4 33C9FF10         (./generated-code/):00400 [8]     1434            LEAU -240,U
                      (./generated-code/):00401                 
A3C8 A6C84F           (./generated-code/):00402 [5]     1439            LDA 79,U
A3CB 840F             (./generated-code/):00403 [2]     1441            ANDA #$0F
A3CD 8A00             (./generated-code/):00404 [2]     1443            ORA #$00
A3CF A7C84F           (./generated-code/):00405 [5]     1448            STA 79,U
A3D2 8600             (./generated-code/):00406 [2]     1450            LDA #$00
A3D4 A7C827           (./generated-code/):00407 [5]     1455            STA 39,U
A3D7 EC5F             (./generated-code/):00408 [6]     1461            LDD -1,U
A3D9 84F0             (./generated-code/):00409 [2]     1463            ANDA #$F0
A3DB C40F             (./generated-code/):00410 [2]     1465            ANDB #$0F
A3DD C30010           (./generated-code/):00411 [4]     1469            ADDD #$0010
A3E0 ED5F             (./generated-code/):00412 [6]     1475            STD -1,U
A3E2 ECC8D7           (./generated-code/):00413 [6]     1481            LDD -41,U
A3E5 84F0             (./generated-code/):00414 [2]     1483            ANDA #$F0
A3E7 C40F             (./generated-code/):00415 [2]     1485            ANDB #$0F
A3E9 C30010           (./generated-code/):00416 [4]     1489            ADDD #$0010
A3EC EDC8D7           (./generated-code/):00417 [6]     1495            STD -41,U
A3EF ECC8B0           (./generated-code/):00418 [6]     1501            LDD -80,U
A3F2 840F             (./generated-code/):00419 [2]     1503            ANDA #$0F
A3F4 C40F             (./generated-code/):00420 [2]     1505            ANDB #$0F
A3F6 C31000           (./generated-code/):00421 [4]     1509            ADDD #$1000
A3F9 EDC8B0           (./generated-code/):00422 [6]     1515            STD -80,U
                      (./generated-code/):00423                 
A3FC DEFC             (./generated-code/):00424 [5]     1520            LDU <glb_screen_location_1
A3FE 33C904D2         (./generated-code/):00425 [8]     1528            LEAU 1234,U
                      (./generated-code/):00426                 
A402 A6C879           (./generated-code/):00427 [5]     1533            LDA 121,U
A405 840F             (./generated-code/):00428 [2]     1535            ANDA #$0F
A407 8A00             (./generated-code/):00429 [2]     1537            ORA #$00
A409 A7C879           (./generated-code/):00430 [5]     1542            STA 121,U
A40C A6C8B0           (./generated-code/):00431 [5]     1547            LDA -80,U
A40F 840F             (./generated-code/):00432 [2]     1549            ANDA #$0F
A411 8A00             (./generated-code/):00433 [2]     1551            ORA #$00
A413 A7C8B0           (./generated-code/):00434 [5]     1556            STA -80,U
A416 A6C888           (./generated-code/):00435 [5]     1561            LDA -120,U
A419 840F             (./generated-code/):00436 [2]     1563            ANDA #$0F
A41B 8A00             (./generated-code/):00437 [2]     1565            ORA #$00
A41D A7C888           (./generated-code/):00438 [5]     1570            STA -120,U
A420 ECC4             (./generated-code/):00439 [5]     1575            LDD ,U
A422 8600             (./generated-code/):00440 [2]     1577            LDA #$00
A424 C40F             (./generated-code/):00441 [2]     1579            ANDB #$0F
A426 CA00             (./generated-code/):00442 [2]     1581            ORB #$00
A428 EDC4             (./generated-code/):00443 [5]     1586            STD ,U
A42A ECC831           (./generated-code/):00444 [6]     1592            LDD 49,U
A42D 840F             (./generated-code/):00445 [2]     1594            ANDA #$0F
A42F C40F             (./generated-code/):00446 [2]     1596            ANDB #$0F
A431 C31000           (./generated-code/):00447 [4]     1600            ADDD #$1000
A434 EDC831           (./generated-code/):00448 [6]     1606            STD 49,U
A437 ECC8E1           (./generated-code/):00449 [6]     1612            LDD -31,U
A43A 840F             (./generated-code/):00450 [2]     1614            ANDA #$0F
A43C C4F0             (./generated-code/):00451 [2]     1616            ANDB #$F0
A43E C31000           (./generated-code/):00452 [4]     1620            ADDD #$1000
A441 EDC8E1           (./generated-code/):00453 [6]     1626            STD -31,U
A444 EC49             (./generated-code/):00454 [6]     1632            LDD 9,U
A446 840F             (./generated-code/):00455 [2]     1634            ANDA #$0F
A448 8A10             (./generated-code/):00456 [2]     1636            ORA #$10
A44A C600             (./generated-code/):00457 [2]     1638            LDB #$00
A44C ED49             (./generated-code/):00458 [6]     1644            STD 9,U
A44E E7C851           (./generated-code/):00459 [5]     1649            STB 81,U
A451 E7C829           (./generated-code/):00460 [5]     1654            STB 41,U
A454 E7C8D8           (./generated-code/):00461 [5]     1659            STB -40,U
A457 33C9FEE9         (./generated-code/):00462 [8]     1667            LEAU -279,U
                      (./generated-code/):00463                 
A45B A6C879           (./generated-code/):00464 [5]     1672            LDA 121,U
A45E 840F             (./generated-code/):00465 [2]     1674            ANDA #$0F
A460 8A10             (./generated-code/):00466 [2]     1676            ORA #$10
A462 A7C879           (./generated-code/):00467 [5]     1681            STA 121,U
A465 A6C851           (./generated-code/):00468 [5]     1686            LDA 81,U
A468 840F             (./generated-code/):00469 [2]     1688            ANDA #$0F
A46A 8A10             (./generated-code/):00470 [2]     1690            ORA #$10
A46C A7C851           (./generated-code/):00471 [5]     1695            STA 81,U
A46F A6C831           (./generated-code/):00472 [5]     1700            LDA 49,U
A472 84F0             (./generated-code/):00473 [2]     1702            ANDA #$F0
A474 8A02             (./generated-code/):00474 [2]     1704            ORA #$02
A476 A7C831           (./generated-code/):00475 [5]     1709            STA 49,U
A479 A6C829           (./generated-code/):00476 [5]     1714            LDA 41,U
A47C 840F             (./generated-code/):00477 [2]     1716            ANDA #$0F
A47E 8A10             (./generated-code/):00478 [2]     1718            ORA #$10
A480 A7C829           (./generated-code/):00479 [5]     1723            STA 41,U
A483 A649             (./generated-code/):00480 [5]     1728            LDA 9,U
A485 84F0             (./generated-code/):00481 [2]     1730            ANDA #$F0
A487 8A02             (./generated-code/):00482 [2]     1732            ORA #$02
A489 A749             (./generated-code/):00483 [5]     1737            STA 9,U
A48B A641             (./generated-code/):00484 [5]     1742            LDA 1,U
A48D 840F             (./generated-code/):00485 [2]     1744            ANDA #$0F
A48F 8A10             (./generated-code/):00486 [2]     1746            ORA #$10
A491 A741             (./generated-code/):00487 [5]     1751            STA 1,U
A493 A6C8E1           (./generated-code/):00488 [5]     1756            LDA -31,U
A496 84F0             (./generated-code/):00489 [2]     1758            ANDA #$F0
A498 8A02             (./generated-code/):00490 [2]     1760            ORA #$02
A49A A7C8E1           (./generated-code/):00491 [5]     1765            STA -31,U
A49D A6C8B9           (./generated-code/):00492 [5]     1770            LDA -71,U
A4A0 84F0             (./generated-code/):00493 [2]     1772            ANDA #$F0
A4A2 8A00             (./generated-code/):00494 [2]     1774            ORA #$00
A4A4 A7C8B9           (./generated-code/):00495 [5]     1779            STA -71,U
A4A7 A6C8B1           (./generated-code/):00496 [5]     1784            LDA -79,U
A4AA 84F0             (./generated-code/):00497 [2]     1786            ANDA #$F0
A4AC 8A01             (./generated-code/):00498 [2]     1788            ORA #$01
A4AE A7C8B1           (./generated-code/):00499 [5]     1793            STA -79,U
A4B1 A6C8AF           (./generated-code/):00500 [5]     1798            LDA -81,U
A4B4 84F0             (./generated-code/):00501 [2]     1800            ANDA #$F0
A4B6 8A00             (./generated-code/):00502 [2]     1802            ORA #$00
A4B8 A7C8AF           (./generated-code/):00503 [5]     1807            STA -81,U
A4BB A6C891           (./generated-code/):00504 [5]     1812            LDA -111,U
A4BE 84F0             (./generated-code/):00505 [2]     1814            ANDA #$F0
A4C0 8A00             (./generated-code/):00506 [2]     1816            ORA #$00
A4C2 A7C891           (./generated-code/):00507 [5]     1821            STA -111,U
A4C5 A6C889           (./generated-code/):00508 [5]     1826            LDA -119,U
A4C8 84F0             (./generated-code/):00509 [2]     1828            ANDA #$F0
A4CA 8A01             (./generated-code/):00510 [2]     1830            ORA #$01
A4CC A7C889           (./generated-code/):00511 [5]     1835            STA -119,U
A4CF A6C887           (./generated-code/):00512 [5]     1840            LDA -121,U
A4D2 84F0             (./generated-code/):00513 [2]     1842            ANDA #$F0
A4D4 8A00             (./generated-code/):00514 [2]     1844            ORA #$00
A4D6 A7C887           (./generated-code/):00515 [5]     1849            STA -121,U
A4D9 8602             (./generated-code/):00516 [2]     1851            LDA #$02
A4DB A7C877           (./generated-code/):00517 [5]     1856            STA 119,U
A4DE E7C84F           (./generated-code/):00518 [5]     1861            STB 79,U
A4E1 E7C827           (./generated-code/):00519 [5]     1866            STB 39,U
A4E4 E75F             (./generated-code/):00520 [5]     1871            STB -1,U
A4E6 E7C8D7           (./generated-code/):00521 [5]     1876            STB -41,U
A4E9 33C9FEEC         (./generated-code/):00522 [8]     1884            LEAU -276,U
                      (./generated-code/):00523                 
A4ED 8620             (./generated-code/):00524 [2]     1886            LDA #$20
A4EF A7C87D           (./generated-code/):00525 [5]     1891            STA 125,U
A4F2 A7C855           (./generated-code/):00526 [5]     1896            STA 85,U
A4F5 A7C82D           (./generated-code/):00527 [5]     1901            STA 45,U
A4F8 A6C875           (./generated-code/):00528 [5]     1906            LDA 117,U
A4FB 84F0             (./generated-code/):00529 [2]     1908            ANDA #$F0
A4FD 8A01             (./generated-code/):00530 [2]     1910            ORA #$01
A4FF A7C875           (./generated-code/):00531 [5]     1915            STA 117,U
A502 A6C873           (./generated-code/):00532 [5]     1920            LDA 115,U
A505 84F0             (./generated-code/):00533 [2]     1922            ANDA #$F0
A507 8A00             (./generated-code/):00534 [2]     1924            ORA #$00
A509 A7C873           (./generated-code/):00535 [5]     1929            STA 115,U
A50C A6C84B           (./generated-code/):00536 [5]     1934            LDA 75,U
A50F 84F0             (./generated-code/):00537 [2]     1936            ANDA #$F0
A511 8A00             (./generated-code/):00538 [2]     1938            ORA #$00
A513 A7C84B           (./generated-code/):00539 [5]     1943            STA 75,U
A516 A6C823           (./generated-code/):00540 [5]     1948            LDA 35,U
A519 84F0             (./generated-code/):00541 [2]     1950            ANDA #$F0
A51B 8A00             (./generated-code/):00542 [2]     1952            ORA #$00
A51D A7C823           (./generated-code/):00543 [5]     1957            STA 35,U
A520 A645             (./generated-code/):00544 [5]     1962            LDA 5,U
A522 84F0             (./generated-code/):00545 [2]     1964            ANDA #$F0
A524 8A00             (./generated-code/):00546 [2]     1966            ORA #$00
A526 A745             (./generated-code/):00547 [5]     1971            STA 5,U
A528 A65B             (./generated-code/):00548 [5]     1976            LDA -5,U
A52A 84F0             (./generated-code/):00549 [2]     1978            ANDA #$F0
A52C 8A00             (./generated-code/):00550 [2]     1980            ORA #$00
A52E A75B             (./generated-code/):00551 [5]     1985            STA -5,U
A530 A6C8DD           (./generated-code/):00552 [5]     1990            LDA -35,U
A533 84F0             (./generated-code/):00553 [2]     1992            ANDA #$F0
A535 8A00             (./generated-code/):00554 [2]     1994            ORA #$00
A537 A7C8DD           (./generated-code/):00555 [5]     1999            STA -35,U
A53A A6C8D3           (./generated-code/):00556 [5]     2004            LDA -45,U
A53D 84F0             (./generated-code/):00557 [2]     2006            ANDA #$F0
A53F 8A00             (./generated-code/):00558 [2]     2008            ORA #$00
A541 A7C8D3           (./generated-code/):00559 [5]     2013            STA -45,U
A544 A6C8B3           (./generated-code/):00560 [5]     2018            LDA -77,U
A547 840F             (./generated-code/):00561 [2]     2020            ANDA #$0F
A549 8A00             (./generated-code/):00562 [2]     2022            ORA #$00
A54B A7C8B3           (./generated-code/):00563 [5]     2027            STA -77,U
A54E A6C88B           (./generated-code/):00564 [5]     2032            LDA -117,U
A551 840F             (./generated-code/):00565 [2]     2034            ANDA #$0F
A553 8A00             (./generated-code/):00566 [2]     2036            ORA #$00
A555 A7C88B           (./generated-code/):00567 [5]     2041            STA -117,U
A558 A6C884           (./generated-code/):00568 [5]     2046            LDA -124,U
A55B 840F             (./generated-code/):00569 [2]     2048            ANDA #$0F
A55D 8A20             (./generated-code/):00570 [2]     2050            ORA #$20
A55F A7C884           (./generated-code/):00571 [5]     2055            STA -124,U
A562 33C9FEE9         (./generated-code/):00572 [8]     2063            LEAU -279,U
                      (./generated-code/):00573                 
A566 A6C87C           (./generated-code/):00574 [5]     2068            LDA 124,U
A569 840F             (./generated-code/):00575 [2]     2070            ANDA #$0F
A56B 8A00             (./generated-code/):00576 [2]     2072            ORA #$00
A56D A7C87C           (./generated-code/):00577 [5]     2077            STA 124,U
A570 A6C873           (./generated-code/):00578 [5]     2082            LDA 115,U
A573 840F             (./generated-code/):00579 [2]     2084            ANDA #$0F
A575 8A20             (./generated-code/):00580 [2]     2086            ORA #$20
A577 A7C873           (./generated-code/):00581 [5]     2091            STA 115,U
A57A A6C854           (./generated-code/):00582 [5]     2096            LDA 84,U
A57D 840F             (./generated-code/):00583 [2]     2098            ANDA #$0F
A57F 8A00             (./generated-code/):00584 [2]     2100            ORA #$00
A581 A7C854           (./generated-code/):00585 [5]     2105            STA 84,U
A584 A6C84B           (./generated-code/):00586 [5]     2110            LDA 75,U
A587 84F0             (./generated-code/):00587 [2]     2112            ANDA #$F0
A589 8A02             (./generated-code/):00588 [2]     2114            ORA #$02
A58B A7C84B           (./generated-code/):00589 [5]     2119            STA 75,U
A58E A6C82C           (./generated-code/):00590 [5]     2124            LDA 44,U
A591 840F             (./generated-code/):00591 [2]     2126            ANDA #$0F
A593 8A00             (./generated-code/):00592 [2]     2128            ORA #$00
A595 A7C82C           (./generated-code/):00593 [5]     2133            STA 44,U
A598 A6C825           (./generated-code/):00594 [5]     2138            LDA 37,U
A59B 840F             (./generated-code/):00595 [2]     2140            ANDA #$0F
A59D 8A00             (./generated-code/):00596 [2]     2142            ORA #$00
A59F A7C825           (./generated-code/):00597 [5]     2147            STA 37,U
A5A2 A6C823           (./generated-code/):00598 [5]     2152            LDA 35,U
A5A5 84F0             (./generated-code/):00599 [2]     2154            ANDA #$F0
A5A7 8A02             (./generated-code/):00600 [2]     2156            ORA #$02
A5A9 A7C823           (./generated-code/):00601 [5]     2161            STA 35,U
A5AC A644             (./generated-code/):00602 [5]     2166            LDA 4,U
A5AE 840F             (./generated-code/):00603 [2]     2168            ANDA #$0F
A5B0 8A00             (./generated-code/):00604 [2]     2170            ORA #$00
A5B2 A744             (./generated-code/):00605 [5]     2175            STA 4,U
A5B4 A6C8B3           (./generated-code/):00606 [5]     2180            LDA -77,U
A5B7 84F0             (./generated-code/):00607 [2]     2182            ANDA #$F0
A5B9 8A01             (./generated-code/):00608 [2]     2184            ORA #$01
A5BB A7C8B3           (./generated-code/):00609 [5]     2189            STA -77,U
A5BE A6C88B           (./generated-code/):00610 [5]     2194            LDA -117,U
A5C1 84F0             (./generated-code/):00611 [2]     2196            ANDA #$F0
A5C3 8A01             (./generated-code/):00612 [2]     2198            ORA #$01
A5C5 A7C88B           (./generated-code/):00613 [5]     2203            STA -117,U
A5C8 A6C889           (./generated-code/):00614 [5]     2208            LDA -119,U
A5CB 84F0             (./generated-code/):00615 [2]     2210            ANDA #$F0
A5CD 8A00             (./generated-code/):00616 [2]     2212            ORA #$00
A5CF A7C889           (./generated-code/):00617 [5]     2217            STA -119,U
A5D2 A6C885           (./generated-code/):00618 [5]     2222            LDA -123,U
A5D5 84F0             (./generated-code/):00619 [2]     2224            ANDA #$F0
A5D7 8A00             (./generated-code/):00620 [2]     2226            ORA #$00
A5D9 A7C885           (./generated-code/):00621 [5]     2231            STA -123,U
A5DC 33C9FEE8         (./generated-code/):00622 [8]     2239            LEAU -280,U
                      (./generated-code/):00623                 
A5E0 A6C87B           (./generated-code/):00624 [5]     2244            LDA 123,U
A5E3 840F             (./generated-code/):00625 [2]     2246            ANDA #$0F
A5E5 8A10             (./generated-code/):00626 [2]     2248            ORA #$10
A5E7 A7C87B           (./generated-code/):00627 [5]     2253            STA 123,U
A5EA A6C879           (./generated-code/):00628 [5]     2258            LDA 121,U
A5ED 84F0             (./generated-code/):00629 [2]     2260            ANDA #$F0
A5EF 8A00             (./generated-code/):00630 [2]     2262            ORA #$00
A5F1 A7C879           (./generated-code/):00631 [5]     2267            STA 121,U
A5F4 A6C875           (./generated-code/):00632 [5]     2272            LDA 117,U
A5F7 84F0             (./generated-code/):00633 [2]     2274            ANDA #$F0
A5F9 8A00             (./generated-code/):00634 [2]     2276            ORA #$00
A5FB A7C875           (./generated-code/):00635 [5]     2281            STA 117,U
A5FE A6C853           (./generated-code/):00636 [5]     2286            LDA 83,U
A601 840F             (./generated-code/):00637 [2]     2288            ANDA #$0F
A603 8A10             (./generated-code/):00638 [2]     2290            ORA #$10
A605 A7C853           (./generated-code/):00639 [5]     2295            STA 83,U
A608 A6C851           (./generated-code/):00640 [5]     2300            LDA 81,U
A60B 84F0             (./generated-code/):00641 [2]     2302            ANDA #$F0
A60D 8A00             (./generated-code/):00642 [2]     2304            ORA #$00
A60F A7C851           (./generated-code/):00643 [5]     2309            STA 81,U
A612 A6C84B           (./generated-code/):00644 [5]     2314            LDA 75,U
A615 840F             (./generated-code/):00645 [2]     2316            ANDA #$0F
A617 8A00             (./generated-code/):00646 [2]     2318            ORA #$00
A619 A7C84B           (./generated-code/):00647 [5]     2323            STA 75,U
A61C A6C829           (./generated-code/):00648 [5]     2328            LDA 41,U
A61F 84F0             (./generated-code/):00649 [2]     2330            ANDA #$F0
A621 8A00             (./generated-code/):00650 [2]     2332            ORA #$00
A623 A7C829           (./generated-code/):00651 [5]     2337            STA 41,U
A626 A6C823           (./generated-code/):00652 [5]     2342            LDA 35,U
A629 840F             (./generated-code/):00653 [2]     2344            ANDA #$0F
A62B 8A00             (./generated-code/):00654 [2]     2346            ORA #$00
A62D A7C823           (./generated-code/):00655 [5]     2351            STA 35,U
A630 A65B             (./generated-code/):00656 [5]     2356            LDA -5,U
A632 840F             (./generated-code/):00657 [2]     2358            ANDA #$0F
A634 8A00             (./generated-code/):00658 [2]     2360            ORA #$00
A636 A75B             (./generated-code/):00659 [5]     2365            STA -5,U
A638 A6C8D9           (./generated-code/):00660 [5]     2370            LDA -39,U
A63B 840F             (./generated-code/):00661 [2]     2372            ANDA #$0F
A63D 8A00             (./generated-code/):00662 [2]     2374            ORA #$00
A63F A7C8D9           (./generated-code/):00663 [5]     2379            STA -39,U
A642 A6C889           (./generated-code/):00664 [5]     2384            LDA -119,U
A645 84F0             (./generated-code/):00665 [2]     2386            ANDA #$F0
A647 8A01             (./generated-code/):00666 [2]     2388            ORA #$01
A649 A7C889           (./generated-code/):00667 [5]     2393            STA -119,U
A64C E741             (./generated-code/):00668 [5]     2398            STB 1,U
A64E E7C8D3           (./generated-code/):00669 [5]     2403            STB -45,U
A651 E7C8AB           (./generated-code/):00670 [5]     2408            STB -85,U
A654 ECC884           (./generated-code/):00671 [6]     2414            LDD -124,U
A657 840F             (./generated-code/):00672 [2]     2416            ANDA #$0F
A659 C4F0             (./generated-code/):00673 [2]     2418            ANDB #$F0
A65B C31001           (./generated-code/):00674 [4]     2422            ADDD #$1001
A65E EDC884           (./generated-code/):00675 [6]     2428            STD -124,U
A661 33C9FF0E         (./generated-code/):00676 [8]     2436            LEAU -242,U
                      (./generated-code/):00677                 
A665 A6C853           (./generated-code/):00678 [5]     2441            LDA 83,U
A668 84F0             (./generated-code/):00679 [2]     2443            ANDA #$F0
A66A 8A01             (./generated-code/):00680 [2]     2445            ORA #$01
A66C A7C853           (./generated-code/):00681 [5]     2450            STA 83,U
A66F A6C8D6           (./generated-code/):00682 [5]     2455            LDA -42,U
A672 84F0             (./generated-code/):00683 [2]     2457            ANDA #$F0
A674 8A01             (./generated-code/):00684 [2]     2459            ORA #$01
A676 A7C8D6           (./generated-code/):00685 [5]     2464            STA -42,U
A679 A6C8AE           (./generated-code/):00686 [5]     2469            LDA -82,U
A67C 84F0             (./generated-code/):00687 [2]     2471            ANDA #$F0
A67E 8A01             (./generated-code/):00688 [2]     2473            ORA #$01
A680 A7C8AE           (./generated-code/):00689 [5]     2478            STA -82,U
A683 ECC82B           (./generated-code/):00690 [6]     2484            LDD 43,U
A686 84F0             (./generated-code/):00691 [2]     2486            ANDA #$F0
A688 C40F             (./generated-code/):00692 [2]     2488            ANDB #$0F
A68A C30110           (./generated-code/):00693 [4]     2492            ADDD #$0110
A68D EDC82B           (./generated-code/):00694 [6]     2498            STD 43,U
A690 ECC84E           (./generated-code/):00695 [6]     2504            LDD 78,U
A693 840F             (./generated-code/):00696 [2]     2506            ANDA #$0F
A695 8A10             (./generated-code/):00697 [2]     2508            ORA #$10
A697 C611             (./generated-code/):00698 [2]     2510            LDB #$11
A699 EDC84E           (./generated-code/):00699 [6]     2516            STD 78,U
A69C ECC826           (./generated-code/):00700 [6]     2522            LDD 38,U
A69F 840F             (./generated-code/):00701 [2]     2524            ANDA #$0F
A6A1 8A20             (./generated-code/):00702 [2]     2526            ORA #$20
A6A3 C611             (./generated-code/):00703 [2]     2528            LDB #$11
A6A5 EDC826           (./generated-code/):00704 [6]     2534            STD 38,U
A6A8 E744             (./generated-code/):00705 [5]     2539            STB 4,U
A6AA E7C8DC           (./generated-code/):00706 [5]     2544            STB -36,U
A6AD EC5E             (./generated-code/):00707 [6]     2550            LDD -2,U
A6AF 8621             (./generated-code/):00708 [2]     2552            LDA #$21
A6B1 C40F             (./generated-code/):00709 [2]     2554            ANDB #$0F
A6B3 CA10             (./generated-code/):00710 [2]     2556            ORB #$10
A6B5 ED5E             (./generated-code/):00711 [6]     2562            STD -2,U
A6B7 33C9FE48         (./generated-code/):00712 [8]     2570            LEAU -440,U
                      (./generated-code/):00713                 
A6BB ECC828           (./generated-code/):00714 [6]     2576            LDD 40,U
A6BE 8611             (./generated-code/):00715 [2]     2578            LDA #$11
A6C0 C40F             (./generated-code/):00716 [2]     2580            ANDB #$0F
A6C2 CA10             (./generated-code/):00717 [2]     2582            ORB #$10
A6C4 EDC828           (./generated-code/):00718 [6]     2588            STD 40,U
A6C7 A6C879           (./generated-code/):00719 [5]     2593            LDA 121,U
A6CA 840F             (./generated-code/):00720 [2]     2595            ANDA #$0F
A6CC 8A10             (./generated-code/):00721 [2]     2597            ORA #$10
A6CE A7C879           (./generated-code/):00722 [5]     2602            STA 121,U
A6D1 A6C851           (./generated-code/):00723 [5]     2607            LDA 81,U
A6D4 840F             (./generated-code/):00724 [2]     2609            ANDA #$0F
A6D6 8A10             (./generated-code/):00725 [2]     2611            ORA #$10
A6D8 A7C851           (./generated-code/):00726 [5]     2616            STA 81,U
A6DB A641             (./generated-code/):00727 [5]     2621            LDA 1,U
A6DD 840F             (./generated-code/):00728 [2]     2623            ANDA #$0F
A6DF 8A10             (./generated-code/):00729 [2]     2625            ORA #$10
A6E1 A741             (./generated-code/):00730 [5]     2630            STA 1,U
A6E3 A6C8B1           (./generated-code/):00731 [5]     2635            LDA -79,U
A6E6 84F0             (./generated-code/):00732 [2]     2637            ANDA #$F0
A6E8 8A01             (./generated-code/):00733 [2]     2639            ORA #$01
A6EA A7C8B1           (./generated-code/):00734 [5]     2644            STA -79,U
A6ED A6C8AF           (./generated-code/):00735 [5]     2649            LDA -81,U
A6F0 84F0             (./generated-code/):00736 [2]     2651            ANDA #$F0
A6F2 8A00             (./generated-code/):00737 [2]     2653            ORA #$00
A6F4 A7C8AF           (./generated-code/):00738 [5]     2658            STA -81,U
A6F7 A6C889           (./generated-code/):00739 [5]     2663            LDA -119,U
A6FA 84F0             (./generated-code/):00740 [2]     2665            ANDA #$F0
A6FC 8A01             (./generated-code/):00741 [2]     2667            ORA #$01
A6FE A7C889           (./generated-code/):00742 [5]     2672            STA -119,U
A701 A6C887           (./generated-code/):00743 [5]     2677            LDA -121,U
A704 84F0             (./generated-code/):00744 [2]     2679            ANDA #$F0
A706 8A00             (./generated-code/):00745 [2]     2681            ORA #$00
A708 A7C887           (./generated-code/):00746 [5]     2686            STA -121,U
A70B 33C9FEE8         (./generated-code/):00747 [8]     2694            LEAU -280,U
                      (./generated-code/):00748                 
A70F A6C879           (./generated-code/):00749 [5]     2699            LDA 121,U
A712 84F0             (./generated-code/):00750 [2]     2701            ANDA #$F0
A714 8A01             (./generated-code/):00751 [2]     2703            ORA #$01
A716 A7C879           (./generated-code/):00752 [5]     2708            STA 121,U
A719 A6C8B0           (./generated-code/):00753 [5]     2713            LDA -80,U
A71C 840F             (./generated-code/):00754 [2]     2715            ANDA #$0F
A71E 8A20             (./generated-code/):00755 [2]     2717            ORA #$20
A720 A7C8B0           (./generated-code/):00756 [5]     2722            STA -80,U
A723 A6C888           (./generated-code/):00757 [5]     2727            LDA -120,U
A726 840F             (./generated-code/):00758 [2]     2729            ANDA #$0F
A728 8A20             (./generated-code/):00759 [2]     2731            ORA #$20
A72A A7C888           (./generated-code/):00760 [5]     2736            STA -120,U
A72D 33C9FEE8         (./generated-code/):00761 [8]     2744            LEAU -280,U
                      (./generated-code/):00762                 
A731 A6C878           (./generated-code/):00763 [5]     2749            LDA 120,U
A734 840F             (./generated-code/):00764 [2]     2751            ANDA #$0F
A736 8A20             (./generated-code/):00765 [2]     2753            ORA #$20
A738 A7C878           (./generated-code/):00766 [5]     2758            STA 120,U
A73B A6C828           (./generated-code/):00767 [5]     2763            LDA 40,U
A73E 84F0             (./generated-code/):00768 [2]     2765            ANDA #$F0
A740 8A02             (./generated-code/):00769 [2]     2767            ORA #$02
A742 A7C828           (./generated-code/):00770 [5]     2772            STA 40,U
A745 A6C4             (./generated-code/):00771 [4]     2776            LDA ,U
A747 84F0             (./generated-code/):00772 [2]     2778            ANDA #$F0
A749 8A02             (./generated-code/):00773 [2]     2780            ORA #$02
A74B A7C4             (./generated-code/):00774 [4]     2784            STA ,U
A74D A6C8DA           (./generated-code/):00775 [5]     2789            LDA -38,U
A750 840F             (./generated-code/):00776 [2]     2791            ANDA #$0F
A752 8A00             (./generated-code/):00777 [2]     2793            ORA #$00
A754 A7C8DA           (./generated-code/):00778 [5]     2798            STA -38,U
A757 A6C8B0           (./generated-code/):00779 [5]     2803            LDA -80,U
A75A 840F             (./generated-code/):00780 [2]     2805            ANDA #$0F
A75C 8A00             (./generated-code/):00781 [2]     2807            ORA #$00
A75E A7C8B0           (./generated-code/):00782 [5]     2812            STA -80,U
A761 A6C88A           (./generated-code/):00783 [5]     2817            LDA -118,U
A764 84F0             (./generated-code/):00784 [2]     2819            ANDA #$F0
A766 8A00             (./generated-code/):00785 [2]     2821            ORA #$00
A768 A7C88A           (./generated-code/):00786 [5]     2826            STA -118,U
A76B A6C888           (./generated-code/):00787 [5]     2831            LDA -120,U
A76E 840F             (./generated-code/):00788 [2]     2833            ANDA #$0F
A770 8A00             (./generated-code/):00789 [2]     2835            ORA #$00
A772 A7C888           (./generated-code/):00790 [5]     2840            STA -120,U
A775 8622             (./generated-code/):00791 [2]     2842            LDA #$22
A777 A7C850           (./generated-code/):00792 [5]     2847            STA 80,U
A77A 33C9FEE9         (./generated-code/):00793 [8]     2855            LEAU -279,U
                      (./generated-code/):00794                 
A77E A6C879           (./generated-code/):00795 [5]     2860            LDA 121,U
A781 84F0             (./generated-code/):00796 [2]     2862            ANDA #$F0
A783 8A00             (./generated-code/):00797 [2]     2864            ORA #$00
A785 A7C879           (./generated-code/):00798 [5]     2869            STA 121,U
A788 A6C877           (./generated-code/):00799 [5]     2874            LDA 119,U
A78B 840F             (./generated-code/):00800 [2]     2876            ANDA #$0F
A78D 8A00             (./generated-code/):00801 [2]     2878            ORA #$00
A78F A7C877           (./generated-code/):00802 [5]     2883            STA 119,U
A792 A6C84F           (./generated-code/):00803 [5]     2888            LDA 79,U
A795 840F             (./generated-code/):00804 [2]     2890            ANDA #$0F
A797 8A00             (./generated-code/):00805 [2]     2892            ORA #$00
A799 A7C84F           (./generated-code/):00806 [5]     2897            STA 79,U
A79C A6C827           (./generated-code/):00807 [5]     2902            LDA 39,U
A79F 84F0             (./generated-code/):00808 [2]     2904            ANDA #$F0
A7A1 8A00             (./generated-code/):00809 [2]     2906            ORA #$00
A7A3 A7C827           (./generated-code/):00810 [5]     2911            STA 39,U
A7A6 A65F             (./generated-code/):00811 [5]     2916            LDA -1,U
A7A8 84F0             (./generated-code/):00812 [2]     2918            ANDA #$F0
A7AA 8A00             (./generated-code/):00813 [2]     2920            ORA #$00
A7AC A75F             (./generated-code/):00814 [5]     2925            STA -1,U
A7AE A6C8D7           (./generated-code/):00815 [5]     2930            LDA -41,U
A7B1 84F0             (./generated-code/):00816 [2]     2932            ANDA #$F0
A7B3 8A00             (./generated-code/):00817 [2]     2934            ORA #$00
A7B5 A7C8D7           (./generated-code/):00818 [5]     2939            STA -41,U
A7B8 A6C888           (./generated-code/):00819 [5]     2944            LDA -120,U
A7BB 840F             (./generated-code/):00820 [2]     2946            ANDA #$0F
A7BD 8A10             (./generated-code/):00821 [2]     2948            ORA #$10
A7BF A7C888           (./generated-code/):00822 [5]     2953            STA -120,U
A7C2 33C9FE99         (./generated-code/):00823 [8]     2961            LEAU -359,U
                      (./generated-code/):00824                 
A7C6 8601             (./generated-code/):00825 [2]     2963            LDA #$01
A7C8 A75F             (./generated-code/):00826 [5]     2968            STA -1,U
A7CA A6C879           (./generated-code/):00827 [5]     2973            LDA 121,U
A7CD 840F             (./generated-code/):00828 [2]     2975            ANDA #$0F
A7CF 8A00             (./generated-code/):00829 [2]     2977            ORA #$00
A7D1 A7C879           (./generated-code/):00830 [5]     2982            STA 121,U
A7D4 A6C851           (./generated-code/):00831 [5]     2987            LDA 81,U
A7D7 840F             (./generated-code/):00832 [2]     2989            ANDA #$0F
A7D9 8A00             (./generated-code/):00833 [2]     2991            ORA #$00
A7DB A7C851           (./generated-code/):00834 [5]     2996            STA 81,U
A7DE A6C84F           (./generated-code/):00835 [5]     3001            LDA 79,U
A7E1 84F0             (./generated-code/):00836 [2]     3003            ANDA #$F0
A7E3 8A01             (./generated-code/):00837 [2]     3005            ORA #$01
A7E5 A7C84F           (./generated-code/):00838 [5]     3010            STA 79,U
A7E8 A6C829           (./generated-code/):00839 [5]     3015            LDA 41,U
A7EB 840F             (./generated-code/):00840 [2]     3017            ANDA #$0F
A7ED 8A00             (./generated-code/):00841 [2]     3019            ORA #$00
A7EF A7C829           (./generated-code/):00842 [5]     3024            STA 41,U
A7F2 A6C827           (./generated-code/):00843 [5]     3029            LDA 39,U
A7F5 84F0             (./generated-code/):00844 [2]     3031            ANDA #$F0
A7F7 8A01             (./generated-code/):00845 [2]     3033            ORA #$01
A7F9 A7C827           (./generated-code/):00846 [5]     3038            STA 39,U
A7FC A641             (./generated-code/):00847 [5]     3043            LDA 1,U
A7FE 840F             (./generated-code/):00848 [2]     3045            ANDA #$0F
A800 8A00             (./generated-code/):00849 [2]     3047            ORA #$00
A802 A741             (./generated-code/):00850 [5]     3052            STA 1,U
A804 A6C8D7           (./generated-code/):00851 [5]     3057            LDA -41,U
A807 840F             (./generated-code/):00852 [2]     3059            ANDA #$0F
A809 8A00             (./generated-code/):00853 [2]     3061            ORA #$00
A80B A7C8D7           (./generated-code/):00854 [5]     3066            STA -41,U
A80E A6C888           (./generated-code/):00855 [5]     3071            LDA -120,U
A811 84F0             (./generated-code/):00856 [2]     3073            ANDA #$F0
A813 8A00             (./generated-code/):00857 [2]     3075            ORA #$00
A815 A7C888           (./generated-code/):00858 [5]     3080            STA -120,U
A818 39               (./generated-code/):00859 [5]     3085            RTS
                      (./generated-code/):00860                 
