                      (./generated-code/):00001                 INCLUDE "./engine/constants.asm"
                      (./engine/constant):00001         * ---------------------------------------------------------------------------
                      (./engine/constant):00002         * Constants
                      (./engine/constant):00003         *
                      (./engine/constant):00004         * Naming convention
                      (./engine/constant):00005         * -----------------
                      (./engine/constant):00006         * - lower case
                      (./engine/constant):00007         * - underscore-separated names
                      (./engine/constant):00008         *
                      (./engine/constant):00009         * ---------------------------------------------------------------------------
                      (./engine/constant):00010         
                      (./engine/constant):00011          ifndef CONSTANTS_ASM
     0001             (./engine/constant):00012         CONSTANTS_ASM equ 1
                      (./engine/constant):00013         
                      (./engine/constant):00014         * ===========================================================================
                      (./engine/constant):00015         * TO8 Registers
                      (./engine/constant):00016         * ===========================================================================
                      (./engine/constant):00017         
                      (./engine/constant):00018         ; Disk routine registers (ROM)
                      (./engine/constant):00019         
     6049             (./engine/constant):00020         dk_drive                      equ $6049
     604A             (./engine/constant):00021         dk_track                      equ $604A
     604B             (./engine/constant):00022         dk_track_lsb                  equ $604B
     604C             (./engine/constant):00023         dk_sector                     equ $604C
     604F             (./engine/constant):00024         dk_write_location             equ $604F
                      (./engine/constant):00025         
                      (./engine/constant):00026         * ===========================================================================
                      (./engine/constant):00027         * Globals
                      (./engine/constant):00028         * ===========================================================================
                      (./engine/constant):00029         
                      (./engine/constant):00030         ; compilated sprite
     9FFE             (./engine/constant):00031         glb_register_s                equ $9FFE  ; reverved space to store S from ROM routines
                      (./engine/constant):00032         
                      (./engine/constant):00033         ; DrawSprites
     9FFC             (./engine/constant):00034         glb_screen_location_1         equ $9FFC  ; start address for rendering of current sprite Part1     
     9FFA             (./engine/constant):00035         glb_screen_location_2         equ $9FFA  ; start address for rendering of current sprite Part2 (Must follow Part1)
                      (./engine/constant):00036         
                      (./engine/constant):00037         ; CheckSpritesRefresh
     9FF9             (./engine/constant):00038         glb_cur_priority              equ $9FF9
     9FF7             (./engine/constant):00039         glb_cur_ptr_sub_obj_erase     equ $9FF7
     9FF5             (./engine/constant):00040         glb_cur_ptr_sub_obj_draw      equ $9FF5
                      (./engine/constant):00041         
     9FF3             (./engine/constant):00042         glb_camera_x_pos              equ $9FF3 ; camera x position in palyfield coordinates
     9FF1             (./engine/constant):00043         glb_camera_y_pos              equ $9FF1 ; camera y position in palyfield coordinates
     9FEF             (./engine/constant):00044         glb_camera_x_min_pos          equ $9FEF
     9FED             (./engine/constant):00045         glb_camera_y_min_pos          equ $9FED
     9FEB             (./engine/constant):00046         glb_camera_x_max_pos          equ $9FEB
     9FE9             (./engine/constant):00047         glb_camera_y_max_pos          equ $9FE9
     9FE8             (./engine/constant):00048         glb_camera_x_offset           equ $9FE8
     9FE7             (./engine/constant):00049         glb_camera_y_offset           equ $9FE7 
     9FE6             (./engine/constant):00050         glb_force_sprite_refresh      equ $9FE6
     9FE5             (./engine/constant):00051         glb_camera_move               equ $9FE5
     9FE4             (./engine/constant):00052         glb_alphaTiles                equ $9FE4
     9FE3             (./engine/constant):00053         glb_timer_second              equ $9FE3
     9FE2             (./engine/constant):00054         glb_timer_minute              equ $9FE2
     9FE2             (./engine/constant):00055         glb_timer                     equ $9FE2 
     9FE1             (./engine/constant):00056         glb_timer_frame               equ $9FE1
                      (./engine/constant):00057         
                      (./engine/constant):00058         ; BankSwitch
     9FE0             (./engine/constant):00059         glb_Page                      equ $9FE0
     9FB0             (./engine/constant):00060         dp_engine                     equ $9FB0 ; engine and user routines tmp var space
     9F00             (./engine/constant):00061         dp                            equ $9F00 ; free user tmp var space
     9F00             (./engine/constant):00062         glb_system_stack              equ $9F00
                      (./engine/constant):00063         
                      (./engine/constant):00064         * ===========================================================================
                      (./engine/constant):00065         * Display Constants
                      (./engine/constant):00066         * ===========================================================================
                      (./engine/constant):00067         
     00A0             (./engine/constant):00068         screen_width                  equ 160    ; in pixel
     001C             (./engine/constant):00069         screen_top                    equ 28     ; in pixel
     00E3             (./engine/constant):00070         screen_bottom                 equ 28+199 ; in pixel
     0030             (./engine/constant):00071         screen_left                   equ 48     ; in pixel
     00CF             (./engine/constant):00072         screen_right                  equ 48+159 ; in pixel
     0008             (./engine/constant):00073         nb_priority_levels            equ 8      ; number of priority levels (need code change if modified)
                      (./engine/constant):00074         
                      (./engine/constant):00075         * ===========================================================================
                      (./engine/constant):00076         * Images Constants
                      (./engine/constant):00077         * ===========================================================================
                      (./engine/constant):00078         
     0004             (./engine/constant):00079         image_x_size                  equ 4
     0005             (./engine/constant):00080         image_y_size                  equ 5
     0006             (./engine/constant):00081         image_center_offset           equ 6
                      (./engine/constant):00082         
     0004             (./engine/constant):00083         image_subset_x1_offset        equ 4
     0005             (./engine/constant):00084         image_subset_y1_offset        equ 5
                      (./engine/constant):00085         
     0000             (./engine/constant):00086         page_draw_routine             equ 0
     0001             (./engine/constant):00087         draw_routine                  equ 1
     0003             (./engine/constant):00088         page_erase_routine            equ 3
     0004             (./engine/constant):00089         erase_routine                 equ 4
     0006             (./engine/constant):00090         erase_nb_cell                 equ 6
                      (./engine/constant):00091         
                      (./engine/constant):00092         * ===========================================================================
                      (./engine/constant):00093         * Sound Constants
                      (./engine/constant):00094         * ===========================================================================
                      (./engine/constant):00095         
     0000             (./engine/constant):00096         sound_page        equ 0
     0001             (./engine/constant):00097         sound_start_addr  equ 1
     0003             (./engine/constant):00098         sound_end_addr    equ 3
     0005             (./engine/constant):00099         sound_meta_size   equ 5
                      (./engine/constant):00100         
                      (./engine/constant):00101         * ===========================================================================
                      (./engine/constant):00102         * Object Constants
                      (./engine/constant):00103         * ===========================================================================
                      (./engine/constant):00104         
                      (./engine/constant):00105         ; ext_variables_size should be declared in game source code
                      (./engine/constant):00106         
     0022             (./engine/constant):00107         object_base_size              equ 34  ; the size of an object without ext_vars - DEPENDENCY ClearObj routine
     003B             (./engine/constant):00108         object_rsvd_size              equ 59  ; the size of an object without ext_vars - DEPENDENCY ClearObj routine
     ????             (./engine/constant):00109         object_rsvd                   equ object_base_size+ext_variables_size
     ????             (./engine/constant):00110         object_size                   equ object_base_size+ext_variables_size+object_rsvd_size ; the size of a dynamic object
     ????             (./engine/constant):00111         next_object                   equ object_size
     0022             (./engine/constant):00112         ext_variables                 equ object_base_size ; start of reserved space for additionnal variables
                      (./engine/constant):00113         
     0000             (./engine/constant):00114         id                            equ 0           ; reference to object model id (ObjID_) (0: free slot)
     0001             (./engine/constant):00115         subtype                       equ 1           ; reference to object subtype (Sub_) DEPENDENCY subtype must follow id
     0002             (./engine/constant):00116         render_flags                  equ 2
                      (./engine/constant):00117         
                      (./engine/constant):00118         ; bit 7 = onscreen flag, bit 0 = x mirror, bit 1 = y mirror, bit 2 = coordinate system, bit 6 = render subobjects
                      (./engine/constant):00119         
                      (./engine/constant):00120         * --- render_flags bitfield variables ---
     0001             (./engine/constant):00121         render_xmirror_mask           equ $01 ; (bit 0) DEPENDENCY should be bit 0 - tell display engine to mirror sprite on horizontal axis
     0002             (./engine/constant):00122         render_ymirror_mask           equ $02 ; (bit 1) DEPENDENCY should be bit 1 - tell display engine to mirror sprite on vertical axis
     0004             (./engine/constant):00123         render_overlay_mask           equ $04 ; (bit 2) DEPENDENCY should be bit 2 - compilated sprite with no background save
     0008             (./engine/constant):00124         render_playfieldcoord_mask    equ $08 ; (bit 3) tell display engine to use playfield (1) or screen (0) coordinates
     0010             (./engine/constant):00125         render_xloop_mask             equ $10 ; (bit 4) (in screen coordinate) tell display engine to hide sprite when x is out of screen (0) or to display (1)  
     0020             (./engine/constant):00126         render_todelete_mask          equ $20 ; (bit 5) tell display engine to delete sprite and clear OST for this object
     0040             (./engine/constant):00127         render_subobjects             equ $40 ; (bit 6) tell display engine to render subobjects for this object
     0080             (./engine/constant):00128         render_hide_mask              equ $80 ; (bit 7) tell display engine to hide sprite (keep priority and mapping_frame)
                      (./engine/constant):00129         
     0003             (./engine/constant):00130         priority                      equ 3           ; display priority (0: nothing to display, 1:front, ..., 8:back)
     0004             (./engine/constant):00131         anim                          equ 4  ; and 5  ; reference to current animation (Ani_)
     0006             (./engine/constant):00132         prev_anim                     equ 6  ; and 7  ; reference to previous animation (Ani_)
     0008             (./engine/constant):00133         anim_frame                    equ 8           ; index of current frame in animation
     0009             (./engine/constant):00134         anim_frame_duration           equ 9           ; number of frames for each image in animation, range: 00-7F (0-127), 0 means display only during one frame
     000A             (./engine/constant):00135         anim_flags                    equ 10          ; byte offset to reference an anim_flags LUT (adv) / store a link flag (non adv)
                      (./engine/constant):00136         
                      (./engine/constant):00137         * --- anim_flags bitfield variables ---
     0001             (./engine/constant):00138         anim_link_mask                equ $01 ; (bit 0) if set, allow the load of a new animation without reseting anim_frame and anim_frame_duration
                      (./engine/constant):00139         
     000B             (./engine/constant):00140         status_flags                  equ 11          ; orientation of sprite, is applied to animation xmirror flag during AnimateSprite
                      (./engine/constant):00141         
                      (./engine/constant):00142         * --- status_flags bitfield variables ---
     0001             (./engine/constant):00143         status_xflip_mask             equ $01 ; (bit 0) X Flip
     0002             (./engine/constant):00144         status_yflip_mask             equ $02 ; (bit 1) Y Flip
                      (./engine/constant):00145         
     000C             (./engine/constant):00146         image_set                     equ 12 ; and 13 ; reference to current image (Img_) (0000 if no image)
     000E             (./engine/constant):00147         x_pos                         equ 14 ; and 15 ; x playfield coordinate
     0010             (./engine/constant):00148         x_sub                         equ 16          ; x subpixel (1/256 of a pixel), must follow x_pos in data structure
     0011             (./engine/constant):00149         y_pos                         equ 17 ; and 18 ; y playfield coordinate
     0013             (./engine/constant):00150         y_sub                         equ 19          ; y subpixel (1/256 of a pixel), must follow y_pos in data structure
     0014             (./engine/constant):00151         xy_pixel                      equ 20          ; x and y screen coordinate
     0014             (./engine/constant):00152         x_pixel                       equ 20          ; x screen coordinate
     0015             (./engine/constant):00153         y_pixel                       equ 21          ; y screen coordinate, must follow x_pixel
     0016             (./engine/constant):00154         x_vel                         equ 22 ; and 23 ; horizontal velocity
     0018             (./engine/constant):00155         y_vel                         equ 24 ; and 25 ; vertical velocity
     001A             (./engine/constant):00156         x_acl                         equ 26 ; and 27 ; horizontal gravity
     001C             (./engine/constant):00157         y_acl                         equ 28 ; and 29 ; vertical gravity
     001E             (./engine/constant):00158         routine                       equ 30          ; index of current object routine
     001F             (./engine/constant):00159         routine_secondary             equ 31          ; index of current secondary routine
     0020             (./engine/constant):00160         routine_tertiary              equ 32          ; index of current tertiary routine
     0021             (./engine/constant):00161         routine_quaternary            equ 33          ; index of current quaternary routine
                      (./engine/constant):00162         
                      (./engine/constant):00163         * ---------------------------------------------------------------------------
                      (./engine/constant):00164         * reserved variables (read/write by engine)
                      (./engine/constant):00165         
     ????             (./engine/constant):00166         rsv_render_flags              equ object_rsvd
                      (./engine/constant):00167         
                      (./engine/constant):00168         * --- rsv_render_flags bitfield variables ---
     0001             (./engine/constant):00169         rsv_render_checkrefresh_mask  equ $01 ; (bit 0) if erasesprite and display sprite flag are processed for this frame
     0002             (./engine/constant):00170         rsv_render_erasesprite_mask   equ $02 ; (bit 1) if a sprite need to be cleared on screen
     0004             (./engine/constant):00171         rsv_render_displaysprite_mask equ $04 ; (bit 2) if a sprite need to be rendered on screen
     0008             (./engine/constant):00172         rsv_render_outofrange_mask    equ $08 ; (bit 3) if a sprite is out of range for full rendering in screen
     0080             (./engine/constant):00173         rsv_render_onscreen_mask      equ $80 ; (bit 7) DEPENDENCY should be bit 7 - has been rendered on last screen buffer (may be 0 or 1)
                      (./engine/constant):00174         
     ????             (./engine/constant):00175         rsv_prev_anim                 equ object_rsvd+1 ; and +2 ; reference to previous animation (Ani_) w * UTILE ?
     ????             (./engine/constant):00176         rsv_image_center_offset       equ object_rsvd+3 ; 0 or 1 offset that indicate if image center is even or odd (DRS_XYToAddress)
     ????             (./engine/constant):00177         rsv_image_subset              equ object_rsvd+4 ; and +5 ; reference to current image regarding mirror flags w
     ????             (./engine/constant):00178         rsv_mapping_frame             equ object_rsvd+6 ; and +7 ; reference to current image regarding mirror flags, overlay flag and x precision w
     ????             (./engine/constant):00179         rsv_erase_nb_cell             equ object_rsvd+8 ; b 
     ????             (./engine/constant):00180         rsv_page_draw_routine         equ object_rsvd+9 ; b
     ????             (./engine/constant):00181         rsv_draw_routine              equ object_rsvd+10 ; and +11 ; w
     ????             (./engine/constant):00182         rsv_page_erase_routine        equ object_rsvd+12 ; b
     ????             (./engine/constant):00183         rsv_erase_routine             equ object_rsvd+13 ; and +14 ; w 
     ????             (./engine/constant):00184         rsv_xy1_pixel                 equ object_rsvd+15 ;
     ????             (./engine/constant):00185         rsv_x1_pixel                  equ object_rsvd+15 ; x+x_offset-(x_size/2) screen coordinate
     ????             (./engine/constant):00186         rsv_y1_pixel                  equ object_rsvd+16 ; y+y_offset-(y_size/2) screen coordinate, must follow rsv_x1_pixel
     ????             (./engine/constant):00187         rsv_xy2_pixel                 equ object_rsvd+17 ;
     ????             (./engine/constant):00188         rsv_x2_pixel                  equ object_rsvd+17 ; x+x_offset+(x_size/2) screen coordinate
     ????             (./engine/constant):00189         rsv_y2_pixel                  equ object_rsvd+18 ; y+y_offset+(y_size/2) screen coordinate, must follow rsv_x2_pixel
                      (./engine/constant):00190         
                      (./engine/constant):00191         * ---------------------------------------------------------------------------
                      (./engine/constant):00192         * reserved variables (engine) - buffer specific
                      (./engine/constant):00193         
     ????             (./engine/constant):00194         rsv_buffer_0                  equ object_rsvd+19 ; Start index of buffer 0 variables
     ????             (./engine/constant):00195         rsv_priority_0                equ object_rsvd+19 ; internal value that hold priority in video buffer 0
     ????             (./engine/constant):00196         rsv_priority_prev_obj_0       equ object_rsvd+20 ; and +21 ; previous object (OST address) in display priority list for video buffer 0 (0000 if none) w
     ????             (./engine/constant):00197         rsv_priority_next_obj_0       equ object_rsvd+22 ; and +23 ; next object (OST address) in display priority list for video buffer 0 (0000 if none) w
     ????             (./engine/constant):00198         rsv_prev_mapping_frame_0      equ object_rsvd+24 ; and object_rsvd+25 ; reference to previous image in video buffer 0 w
     ????             (./engine/constant):00199         rsv_prev_erase_nb_cell_0      equ object_rsvd+26 : b
     ????             (./engine/constant):00200         rsv_prev_page_erase_routine_0 equ object_rsvd+27 ; b
     ????             (./engine/constant):00201         rsv_prev_erase_routine_0      equ object_rsvd+28 ; and object_rsvd+29 ; w
     ????             (./engine/constant):00202         rsv_bgdata_0                  equ object_rsvd+30 ; and +31 ; address of background data in screen 0 w
     ????             (./engine/constant):00203         rsv_prev_xy_pixel_0           equ object_rsvd+32 ;
     ????             (./engine/constant):00204         rsv_prev_x_pixel_0            equ object_rsvd+32 ; previous x screen coordinate b
     ????             (./engine/constant):00205         rsv_prev_y_pixel_0            equ object_rsvd+33 ; previous y screen coordinate b, must follow x_pixel
     ????             (./engine/constant):00206         rsv_prev_xy1_pixel_0          equ object_rsvd+34 ;
     ????             (./engine/constant):00207         rsv_prev_x1_pixel_0           equ object_rsvd+34 ; previous x+x_offset-(x_size/2) screen coordinate b
     ????             (./engine/constant):00208         rsv_prev_y1_pixel_0           equ object_rsvd+35 ; previous y+y_offset-(y_size/2) screen coordinate b, must follow x1_pixel
     ????             (./engine/constant):00209         rsv_prev_xy2_pixel_0          equ object_rsvd+36 ;
     ????             (./engine/constant):00210         rsv_prev_x2_pixel_0           equ object_rsvd+36 ; previous x+x_offset+(x_size/2) screen coordinate b
     ????             (./engine/constant):00211         rsv_prev_y2_pixel_0           equ object_rsvd+37 ; previous y+y_offset+(y_size/2) screen coordinate b, must follow x2_pixel
     ????             (./engine/constant):00212         rsv_prev_render_flags_0       equ object_rsvd+38 ;
                      (./engine/constant):00213         * --- rsv_prev_render_flags_0 bitfield variables ---
     0001             (./engine/constant):00214         rsv_prev_render_overlay_mask  equ $01 ; (bit 0) if a sprite has been rendered with compilated sprite and no background save on screen buffer 0/1
     0080             (./engine/constant):00215         rsv_prev_render_onscreen_mask equ $80 ; (bit 7) DEPENDENCY should be bit 7 - has been rendered on screen buffer 0/1
                      (./engine/constant):00216         
     ????             (./engine/constant):00217         rsv_buffer_1                  equ object_rsvd+39 ; Start index of buffer 1 variables
     ????             (./engine/constant):00218         rsv_priority_1                equ object_rsvd+39 ; internal value that hold priority in video buffer 1
     ????             (./engine/constant):00219         rsv_priority_prev_obj_1       equ object_rsvd+40 ; and +41 ; previous object (OST address) in display priority list for video buffer 1 (0000 if none) w
     ????             (./engine/constant):00220         rsv_priority_next_obj_1       equ object_rsvd+42 ; and +43 ; next object (OST address) in display priority list for video buffer 1 (0000 if none) w
     ????             (./engine/constant):00221         rsv_prev_mapping_frame_1      equ object_rsvd+44 ; and +45 ; reference to previous image in video buffer 1 w
     ????             (./engine/constant):00222         rsv_prev_erase_nb_cell_1      equ object_rsvd+46 ; b
     ????             (./engine/constant):00223         rsv_prev_page_erase_routine_1 equ object_rsvd+47 ; b
     ????             (./engine/constant):00224         rsv_prev_erase_routine_1      equ object_rsvd+48 ; and +49 ; w
     ????             (./engine/constant):00225         rsv_bgdata_1                  equ object_rsvd+50 ; and +51 ; address of background data in screen 1 w
     ????             (./engine/constant):00226         rsv_prev_xy_pixel_1           equ object_rsvd+52 ;
     ????             (./engine/constant):00227         rsv_prev_x_pixel_1            equ object_rsvd+52 ; previous x screen coordinate b
     ????             (./engine/constant):00228         rsv_prev_y_pixel_1            equ object_rsvd+53 ; previous y screen coordinate b, must follow x_pixel
     ????             (./engine/constant):00229         rsv_prev_xy1_pixel_1          equ object_rsvd+54 ;
     ????             (./engine/constant):00230         rsv_prev_x1_pixel_1           equ object_rsvd+54 ; previous x+x_size screen coordinate b
     ????             (./engine/constant):00231         rsv_prev_y1_pixel_1           equ object_rsvd+55 ; previous y+y_size screen coordinate b, must follow x_pixel
     ????             (./engine/constant):00232         rsv_prev_xy2_pixel_1          equ object_rsvd+56 ;
     ????             (./engine/constant):00233         rsv_prev_x2_pixel_1           equ object_rsvd+56 ; previous x+x_size screen coordinate b
     ????             (./engine/constant):00234         rsv_prev_y2_pixel_1           equ object_rsvd+57 ; previous y+y_size screen coordinate b, must follow x_pixel
     ????             (./engine/constant):00235         rsv_prev_render_flags_1       equ object_rsvd+58 ;
                      (./engine/constant):00236         
     0000             (./engine/constant):00237         buf_priority                  equ 0  ; offset for each rsv_buffer variables
     0001             (./engine/constant):00238         buf_priority_prev_obj         equ 1  ;
     0003             (./engine/constant):00239         buf_priority_next_obj         equ 3  ;
     0005             (./engine/constant):00240         buf_prev_mapping_frame        equ 5  ;
     0007             (./engine/constant):00241         buf_erase_nb_cell             equ 7  ;
     0008             (./engine/constant):00242         buf_page_erase_routine        equ 8 ;
     0009             (./engine/constant):00243         buf_erase_routine             equ 9 ;
     000B             (./engine/constant):00244         buf_bgdata                    equ 11 ;
     000D             (./engine/constant):00245         buf_prev_xy_pixel             equ 13 ;
     000D             (./engine/constant):00246         buf_prev_x_pixel              equ 13 ;
     000E             (./engine/constant):00247         buf_prev_y_pixel              equ 14 ;
     000F             (./engine/constant):00248         buf_prev_xy1_pixel            equ 15 ;
     000F             (./engine/constant):00249         buf_prev_x1_pixel             equ 15 ;
     0010             (./engine/constant):00250         buf_prev_y1_pixel             equ 16 ;
     0011             (./engine/constant):00251         buf_prev_xy2_pixel            equ 17 ;
     0011             (./engine/constant):00252         buf_prev_x2_pixel             equ 17 ;
     0012             (./engine/constant):00253         buf_prev_y2_pixel             equ 18 ;
     0013             (./engine/constant):00254         buf_prev_render_flags         equ 19 ;
                      (./engine/constant):00255         
                      (./engine/constant):00256          endc
                      (./generated-code/):00002                 ORG $A000
     FF               (./generated-code/):00003                 SETDP $FF
                      (./generated-code/):00004                 OPT C,CT
A000                  (./generated-code/):00005                 DRAW_Img_0056_0
A000 33C90A93         (./generated-code/):00006 [8]     8               LEAU 2707,U
                      (./generated-code/):00007                 
A004 ECC818           (./generated-code/):00008 [6]     14              LDD 24,U
A007 84F0             (./generated-code/):00009 [2]     16              ANDA #$F0
A009 C4F0             (./generated-code/):00010 [2]     18              ANDB #$F0
A00B C30100           (./generated-code/):00011 [4]     22              ADDD #$0100
A00E EDC818           (./generated-code/):00012 [6]     28              STD 24,U
A011 EC50             (./generated-code/):00013 [6]     34              LDD -16,U
A013 84F0             (./generated-code/):00014 [2]     36              ANDA #$F0
A015 C4F0             (./generated-code/):00015 [2]     38              ANDB #$F0
A017 C30103           (./generated-code/):00016 [4]     42              ADDD #$0103
A01A ED50             (./generated-code/):00017 [6]     48              STD -16,U
A01C ECC8C8           (./generated-code/):00018 [6]     54              LDD -56,U
A01F 84F0             (./generated-code/):00019 [2]     56              ANDA #$F0
A021 C4F0             (./generated-code/):00020 [2]     58              ANDB #$F0
A023 C30103           (./generated-code/):00021 [4]     62              ADDD #$0103
A026 EDC8C8           (./generated-code/):00022 [6]     68              STD -56,U
A029 ECC8A0           (./generated-code/):00023 [6]     74              LDD -96,U
A02C 84F0             (./generated-code/):00024 [2]     76              ANDA #$F0
A02E C4F0             (./generated-code/):00025 [2]     78              ANDB #$F0
A030 C30103           (./generated-code/):00026 [4]     82              ADDD #$0103
A033 EDC8A0           (./generated-code/):00027 [6]     88              STD -96,U
A036 8600             (./generated-code/):00028 [2]     90              LDA #$00
A038 A7C869           (./generated-code/):00029 [5]     95              STA 105,U
A03B ECC850           (./generated-code/):00030 [6]     101             LDD 80,U
A03E 84F0             (./generated-code/):00031 [2]     103             ANDA #$F0
A040 8A00             (./generated-code/):00032 [2]     105             ORA #$00
A042 C600             (./generated-code/):00033 [2]     107             LDB #$00
A044 EDC850           (./generated-code/):00034 [6]     113             STD 80,U
A047 ECC840           (./generated-code/):00035 [6]     119             LDD 64,U
A04A 84F0             (./generated-code/):00036 [2]     121             ANDA #$F0
A04C 8A01             (./generated-code/):00037 [2]     123             ORA #$01
A04E C600             (./generated-code/):00038 [2]     125             LDB #$00
A050 EDC840           (./generated-code/):00039 [6]     131             STD 64,U
A053 ECC828           (./generated-code/):00040 [6]     137             LDD 40,U
A056 84F0             (./generated-code/):00041 [2]     139             ANDA #$F0
A058 8A00             (./generated-code/):00042 [2]     141             ORA #$00
A05A C600             (./generated-code/):00043 [2]     143             LDB #$00
A05C EDC828           (./generated-code/):00044 [6]     149             STD 40,U
A05F A6C879           (./generated-code/):00045 [5]     154             LDA 121,U
A062 84F0             (./generated-code/):00046 [2]     156             ANDA #$F0
A064 8A00             (./generated-code/):00047 [2]     158             ORA #$00
A066 A7C879           (./generated-code/):00048 [5]     163             STA 121,U
A069 A6C4             (./generated-code/):00049 [4]     167             LDA ,U
A06B 84F0             (./generated-code/):00050 [2]     169             ANDA #$F0
A06D 8A00             (./generated-code/):00051 [2]     171             ORA #$00
A06F A7C4             (./generated-code/):00052 [4]     175             STA ,U
A071 A6C8D8           (./generated-code/):00053 [5]     180             LDA -40,U
A074 84F0             (./generated-code/):00054 [2]     182             ANDA #$F0
A076 8A03             (./generated-code/):00055 [2]     184             ORA #$03
A078 A7C8D8           (./generated-code/):00056 [5]     189             STA -40,U
A07B A6C8B0           (./generated-code/):00057 [5]     194             LDA -80,U
A07E 84F0             (./generated-code/):00058 [2]     196             ANDA #$F0
A080 8A03             (./generated-code/):00059 [2]     198             ORA #$03
A082 A7C8B0           (./generated-code/):00060 [5]     203             STA -80,U
A085 A6C888           (./generated-code/):00061 [5]     208             LDA -120,U
A088 84F0             (./generated-code/):00062 [2]     210             ANDA #$F0
A08A 8A03             (./generated-code/):00063 [2]     212             ORA #$03
A08C A7C888           (./generated-code/):00064 [5]     217             STA -120,U
A08F 33C9FF01         (./generated-code/):00065 [8]     225             LEAU -255,U
                      (./generated-code/):00066                 
A093 A6C85F           (./generated-code/):00067 [5]     230             LDA 95,U
A096 84F0             (./generated-code/):00068 [2]     232             ANDA #$F0
A098 8A03             (./generated-code/):00069 [2]     234             ORA #$03
A09A A7C85F           (./generated-code/):00070 [5]     239             STA 95,U
A09D A6C837           (./generated-code/):00071 [5]     244             LDA 55,U
A0A0 84F0             (./generated-code/):00072 [2]     246             ANDA #$F0
A0A2 8A03             (./generated-code/):00073 [2]     248             ORA #$03
A0A4 A7C837           (./generated-code/):00074 [5]     253             STA 55,U
A0A7 A64F             (./generated-code/):00075 [5]     258             LDA 15,U
A0A9 84F0             (./generated-code/):00076 [2]     260             ANDA #$F0
A0AB 8A03             (./generated-code/):00077 [2]     262             ORA #$03
A0AD A74F             (./generated-code/):00078 [5]     267             STA 15,U
A0AF A6C8E7           (./generated-code/):00079 [5]     272             LDA -25,U
A0B2 84F0             (./generated-code/):00080 [2]     274             ANDA #$F0
A0B4 8A03             (./generated-code/):00081 [2]     276             ORA #$03
A0B6 A7C8E7           (./generated-code/):00082 [5]     281             STA -25,U
A0B9 A6C8BF           (./generated-code/):00083 [5]     286             LDA -65,U
A0BC 84F0             (./generated-code/):00084 [2]     288             ANDA #$F0
A0BE 8A03             (./generated-code/):00085 [2]     290             ORA #$03
A0C0 A7C8BF           (./generated-code/):00086 [5]     295             STA -65,U
A0C3 A6C897           (./generated-code/):00087 [5]     300             LDA -105,U
A0C6 84F0             (./generated-code/):00088 [2]     302             ANDA #$F0
A0C8 8A03             (./generated-code/):00089 [2]     304             ORA #$03
A0CA A7C897           (./generated-code/):00090 [5]     309             STA -105,U
A0CD ECC877           (./generated-code/):00091 [6]     315             LDD 119,U
A0D0 84F0             (./generated-code/):00092 [2]     317             ANDA #$F0
A0D2 C4F0             (./generated-code/):00093 [2]     319             ANDB #$F0
A0D4 C30103           (./generated-code/):00094 [4]     323             ADDD #$0103
A0D7 EDC877           (./generated-code/):00095 [6]     329             STD 119,U
A0DA ECC84F           (./generated-code/):00096 [6]     335             LDD 79,U
A0DD 8611             (./generated-code/):00097 [2]     337             LDA #$11
A0DF C4F0             (./generated-code/):00098 [2]     339             ANDB #$F0
A0E1 CA03             (./generated-code/):00099 [2]     341             ORB #$03
A0E3 EDC84F           (./generated-code/):00100 [6]     347             STD 79,U
A0E6 ECC827           (./generated-code/):00101 [6]     353             LDD 39,U
A0E9 8611             (./generated-code/):00102 [2]     355             LDA #$11
A0EB C4F0             (./generated-code/):00103 [2]     357             ANDB #$F0
A0ED CA03             (./generated-code/):00104 [2]     359             ORB #$03
A0EF EDC827           (./generated-code/):00105 [6]     365             STD 39,U
A0F2 EC5F             (./generated-code/):00106 [6]     371             LDD -1,U
A0F4 8611             (./generated-code/):00107 [2]     373             LDA #$11
A0F6 C4F0             (./generated-code/):00108 [2]     375             ANDB #$F0
A0F8 CA03             (./generated-code/):00109 [2]     377             ORB #$03
A0FA ED5F             (./generated-code/):00110 [6]     383             STD -1,U
A0FC ECC8D7           (./generated-code/):00111 [6]     389             LDD -41,U
A0FF 8611             (./generated-code/):00112 [2]     391             LDA #$11
A101 C4F0             (./generated-code/):00113 [2]     393             ANDB #$F0
A103 CA03             (./generated-code/):00114 [2]     395             ORB #$03
A105 EDC8D7           (./generated-code/):00115 [6]     401             STD -41,U
A108 ECC8AF           (./generated-code/):00116 [6]     407             LDD -81,U
A10B 8611             (./generated-code/):00117 [2]     409             LDA #$11
A10D C4F0             (./generated-code/):00118 [2]     411             ANDB #$F0
A10F CA03             (./generated-code/):00119 [2]     413             ORB #$03
A111 EDC8AF           (./generated-code/):00120 [6]     419             STD -81,U
A114 ECC887           (./generated-code/):00121 [6]     425             LDD -121,U
A117 8611             (./generated-code/):00122 [2]     427             LDA #$11
A119 C4F0             (./generated-code/):00123 [2]     429             ANDB #$F0
A11B CA00             (./generated-code/):00124 [2]     431             ORB #$00
A11D EDC887           (./generated-code/):00125 [6]     437             STD -121,U
A120 33C9FEEF         (./generated-code/):00126 [8]     445             LEAU -273,U
                      (./generated-code/):00127                 
A124 A6C90080         (./generated-code/):00128 [8]     453             LDA 128,U
A128 84F0             (./generated-code/):00129 [2]     455             ANDA #$F0
A12A 8A00             (./generated-code/):00130 [2]     457             ORA #$00
A12C A7C90080         (./generated-code/):00131 [8]     465             STA 128,U
A130 A6C858           (./generated-code/):00132 [5]     470             LDA 88,U
A133 84F0             (./generated-code/):00133 [2]     472             ANDA #$F0
A135 8A00             (./generated-code/):00134 [2]     474             ORA #$00
A137 A7C858           (./generated-code/):00135 [5]     479             STA 88,U
A13A 8611             (./generated-code/):00136 [2]     481             LDA #$11
A13C A7C848           (./generated-code/):00137 [5]     486             STA 72,U
A13F A7C820           (./generated-code/):00138 [5]     491             STA 32,U
A142 A758             (./generated-code/):00139 [5]     496             STA -8,U
A144 A7C8D0           (./generated-code/):00140 [5]     501             STA -48,U
A147 A7C8A8           (./generated-code/):00141 [5]     506             STA -88,U
A14A ECC870           (./generated-code/):00142 [6]     512             LDD 112,U
A14D 8611             (./generated-code/):00143 [2]     514             LDA #$11
A14F C4F0             (./generated-code/):00144 [2]     516             ANDB #$F0
A151 CA00             (./generated-code/):00145 [2]     518             ORB #$00
A153 EDC870           (./generated-code/):00146 [6]     524             STD 112,U
A156 ECC880           (./generated-code/):00147 [6]     530             LDD -128,U
A159 8611             (./generated-code/):00148 [2]     532             LDA #$11
A15B C40F             (./generated-code/):00149 [2]     534             ANDB #$0F
A15D CA30             (./generated-code/):00150 [2]     536             ORB #$30
A15F EDC880           (./generated-code/):00151 [6]     542             STD -128,U
A162 33C9FEFD         (./generated-code/):00152 [8]     550             LEAU -259,U
                      (./generated-code/):00153                 
A166 ECC85B           (./generated-code/):00154 [6]     556             LDD 91,U
A169 8611             (./generated-code/):00155 [2]     558             LDA #$11
A16B C40F             (./generated-code/):00156 [2]     560             ANDB #$0F
A16D CA30             (./generated-code/):00157 [2]     562             ORB #$30
A16F EDC85B           (./generated-code/):00158 [6]     568             STD 91,U
A172 ECC833           (./generated-code/):00159 [6]     574             LDD 51,U
A175 8611             (./generated-code/):00160 [2]     576             LDA #$11
A177 C40F             (./generated-code/):00161 [2]     578             ANDB #$0F
A179 CA30             (./generated-code/):00162 [2]     580             ORB #$30
A17B EDC833           (./generated-code/):00163 [6]     586             STD 51,U
A17E EC4B             (./generated-code/):00164 [6]     592             LDD 11,U
A180 8611             (./generated-code/):00165 [2]     594             LDA #$11
A182 C40F             (./generated-code/):00166 [2]     596             ANDB #$0F
A184 CA00             (./generated-code/):00167 [2]     598             ORB #$00
A186 ED4B             (./generated-code/):00168 [6]     604             STD 11,U
A188 ECC8E3           (./generated-code/):00169 [6]     610             LDD -29,U
A18B 8611             (./generated-code/):00170 [2]     612             LDA #$11
A18D C40F             (./generated-code/):00171 [2]     614             ANDB #$0F
A18F CA00             (./generated-code/):00172 [2]     616             ORB #$00
A191 EDC8E3           (./generated-code/):00173 [6]     622             STD -29,U
A194 A7C8BB           (./generated-code/):00174 [5]     627             STA -69,U
A197 A7C8A4           (./generated-code/):00175 [5]     632             STA -92,U
A19A 33C9EA97         (./generated-code/):00176 [8]     640             LEAU -5481,U
                      (./generated-code/):00177                 
A19E A6C878           (./generated-code/):00178 [5]     645             LDA 120,U
A1A1 840F             (./generated-code/):00179 [2]     647             ANDA #$0F
A1A3 8A30             (./generated-code/):00180 [2]     649             ORA #$30
A1A5 A7C878           (./generated-code/):00181 [5]     654             STA 120,U
A1A8 A6C850           (./generated-code/):00182 [5]     659             LDA 80,U
A1AB 840F             (./generated-code/):00183 [2]     661             ANDA #$0F
A1AD 8A30             (./generated-code/):00184 [2]     663             ORA #$30
A1AF A7C850           (./generated-code/):00185 [5]     668             STA 80,U
A1B2 A6C828           (./generated-code/):00186 [5]     673             LDA 40,U
A1B5 840F             (./generated-code/):00187 [2]     675             ANDA #$0F
A1B7 8A30             (./generated-code/):00188 [2]     677             ORA #$30
A1B9 A7C828           (./generated-code/):00189 [5]     682             STA 40,U
A1BC A6C8D8           (./generated-code/):00190 [5]     687             LDA -40,U
A1BF 84F0             (./generated-code/):00191 [2]     689             ANDA #$F0
A1C1 8A03             (./generated-code/):00192 [2]     691             ORA #$03
A1C3 A7C8D8           (./generated-code/):00193 [5]     696             STA -40,U
A1C6 A6C8B0           (./generated-code/):00194 [5]     701             LDA -80,U
A1C9 84F0             (./generated-code/):00195 [2]     703             ANDA #$F0
A1CB 8A03             (./generated-code/):00196 [2]     705             ORA #$03
A1CD A7C8B0           (./generated-code/):00197 [5]     710             STA -80,U
A1D0 A6C888           (./generated-code/):00198 [5]     715             LDA -120,U
A1D3 84F0             (./generated-code/):00199 [2]     717             ANDA #$F0
A1D5 8A03             (./generated-code/):00200 [2]     719             ORA #$03
A1D7 A7C888           (./generated-code/):00201 [5]     724             STA -120,U
A1DA 33C9FEFC         (./generated-code/):00202 [8]     732             LEAU -260,U
                      (./generated-code/):00203                 
A1DE A6C864           (./generated-code/):00204 [5]     737             LDA 100,U
A1E1 84F0             (./generated-code/):00205 [2]     739             ANDA #$F0
A1E3 8A03             (./generated-code/):00206 [2]     741             ORA #$03
A1E5 A7C864           (./generated-code/):00207 [5]     746             STA 100,U
A1E8 A6C83C           (./generated-code/):00208 [5]     751             LDA 60,U
A1EB 84F0             (./generated-code/):00209 [2]     753             ANDA #$F0
A1ED 8A03             (./generated-code/):00210 [2]     755             ORA #$03
A1EF A7C83C           (./generated-code/):00211 [5]     760             STA 60,U
A1F2 A6C814           (./generated-code/):00212 [5]     765             LDA 20,U
A1F5 84F0             (./generated-code/):00213 [2]     767             ANDA #$F0
A1F7 8A03             (./generated-code/):00214 [2]     769             ORA #$03
A1F9 A7C814           (./generated-code/):00215 [5]     774             STA 20,U
A1FC A6C89C           (./generated-code/):00216 [5]     779             LDA -100,U
A1FF 84F0             (./generated-code/):00217 [2]     781             ANDA #$F0
A201 8A03             (./generated-code/):00218 [2]     783             ORA #$03
A203 A7C89C           (./generated-code/):00219 [5]     788             STA -100,U
                      (./generated-code/):00220                 
A206 DEFC             (./generated-code/):00221 [5]     793             LDU <glb_screen_location_1
A208 33C90A83         (./generated-code/):00222 [8]     801             LEAU 2691,U
                      (./generated-code/):00223                 
A20C 8600             (./generated-code/):00224 [2]     803             LDA #$00
A20E A7C878           (./generated-code/):00225 [5]     808             STA 120,U
A211 A7C860           (./generated-code/):00226 [5]     813             STA 96,U
A214 A7C850           (./generated-code/):00227 [5]     818             STA 80,U
A217 A7C838           (./generated-code/):00228 [5]     823             STA 56,U
A21A A6C8D9           (./generated-code/):00229 [5]     828             LDA -39,U
A21D 840F             (./generated-code/):00230 [2]     830             ANDA #$0F
A21F 8A30             (./generated-code/):00231 [2]     832             ORA #$30
A221 A7C8D9           (./generated-code/):00232 [5]     837             STA -39,U
A224 A6C8B1           (./generated-code/):00233 [5]     842             LDA -79,U
A227 840F             (./generated-code/):00234 [2]     844             ANDA #$0F
A229 8A30             (./generated-code/):00235 [2]     846             ORA #$30
A22B A7C8B1           (./generated-code/):00236 [5]     851             STA -79,U
A22E A6C889           (./generated-code/):00237 [5]     856             LDA -119,U
A231 840F             (./generated-code/):00238 [2]     858             ANDA #$0F
A233 8A30             (./generated-code/):00239 [2]     860             ORA #$30
A235 A7C889           (./generated-code/):00240 [5]     865             STA -119,U
A238 33C9FED1         (./generated-code/):00241 [8]     873             LEAU -303,U
                      (./generated-code/):00242                 
A23C A6C878           (./generated-code/):00243 [5]     878             LDA 120,U
A23F 840F             (./generated-code/):00244 [2]     880             ANDA #$0F
A241 8A10             (./generated-code/):00245 [2]     882             ORA #$10
A243 A7C878           (./generated-code/):00246 [5]     887             STA 120,U
A246 ECC84F           (./generated-code/):00247 [6]     893             LDD 79,U
A249 840F             (./generated-code/):00248 [2]     895             ANDA #$0F
A24B C40F             (./generated-code/):00249 [2]     897             ANDB #$0F
A24D C33010           (./generated-code/):00250 [4]     901             ADDD #$3010
A250 EDC84F           (./generated-code/):00251 [6]     907             STD 79,U
A253 ECC827           (./generated-code/):00252 [6]     913             LDD 39,U
A256 840F             (./generated-code/):00253 [2]     915             ANDA #$0F
A258 C40F             (./generated-code/):00254 [2]     917             ANDB #$0F
A25A C33010           (./generated-code/):00255 [4]     921             ADDD #$3010
A25D EDC827           (./generated-code/):00256 [6]     927             STD 39,U
A260 EC5F             (./generated-code/):00257 [6]     933             LDD -1,U
A262 840F             (./generated-code/):00258 [2]     935             ANDA #$0F
A264 C40F             (./generated-code/):00259 [2]     937             ANDB #$0F
A266 C33010           (./generated-code/):00260 [4]     941             ADDD #$3010
A269 ED5F             (./generated-code/):00261 [6]     947             STD -1,U
A26B ECC8D7           (./generated-code/):00262 [6]     953             LDD -41,U
A26E 840F             (./generated-code/):00263 [2]     955             ANDA #$0F
A270 C40F             (./generated-code/):00264 [2]     957             ANDB #$0F
A272 C33010           (./generated-code/):00265 [4]     961             ADDD #$3010
A275 EDC8D7           (./generated-code/):00266 [6]     967             STD -41,U
A278 ECC8AF           (./generated-code/):00267 [6]     973             LDD -81,U
A27B 840F             (./generated-code/):00268 [2]     975             ANDA #$0F
A27D C40F             (./generated-code/):00269 [2]     977             ANDB #$0F
A27F C33010           (./generated-code/):00270 [4]     981             ADDD #$3010
A282 EDC8AF           (./generated-code/):00271 [6]     987             STD -81,U
A285 ECC887           (./generated-code/):00272 [6]     993             LDD -121,U
A288 840F             (./generated-code/):00273 [2]     995             ANDA #$0F
A28A C40F             (./generated-code/):00274 [2]     997             ANDB #$0F
A28C C33010           (./generated-code/):00275 [4]     1001            ADDD #$3010
A28F EDC887           (./generated-code/):00276 [6]     1007            STD -121,U
A292 33C9FEE8         (./generated-code/):00277 [8]     1015            LEAU -280,U
                      (./generated-code/):00278                 
A296 ECC8AF           (./generated-code/):00279 [6]     1021            LDD -81,U
A299 840F             (./generated-code/):00280 [2]     1023            ANDA #$0F
A29B 8A00             (./generated-code/):00281 [2]     1025            ORA #$00
A29D C611             (./generated-code/):00282 [2]     1027            LDB #$11
A29F EDC8AF           (./generated-code/):00283 [6]     1033            STD -81,U
A2A2 ECC887           (./generated-code/):00284 [6]     1039            LDD -121,U
A2A5 840F             (./generated-code/):00285 [2]     1041            ANDA #$0F
A2A7 8A00             (./generated-code/):00286 [2]     1043            ORA #$00
A2A9 C611             (./generated-code/):00287 [2]     1045            LDB #$11
A2AB EDC887           (./generated-code/):00288 [6]     1051            STD -121,U
A2AE ECC877           (./generated-code/):00289 [6]     1057            LDD 119,U
A2B1 840F             (./generated-code/):00290 [2]     1059            ANDA #$0F
A2B3 C40F             (./generated-code/):00291 [2]     1061            ANDB #$0F
A2B5 C33010           (./generated-code/):00292 [4]     1065            ADDD #$3010
A2B8 EDC877           (./generated-code/):00293 [6]     1071            STD 119,U
A2BB ECC84F           (./generated-code/):00294 [6]     1077            LDD 79,U
A2BE 840F             (./generated-code/):00295 [2]     1079            ANDA #$0F
A2C0 C40F             (./generated-code/):00296 [2]     1081            ANDB #$0F
A2C2 C33010           (./generated-code/):00297 [4]     1085            ADDD #$3010
A2C5 EDC84F           (./generated-code/):00298 [6]     1091            STD 79,U
A2C8 ECC827           (./generated-code/):00299 [6]     1097            LDD 39,U
A2CB 840F             (./generated-code/):00300 [2]     1099            ANDA #$0F
A2CD C40F             (./generated-code/):00301 [2]     1101            ANDB #$0F
A2CF C33010           (./generated-code/):00302 [4]     1105            ADDD #$3010
A2D2 EDC827           (./generated-code/):00303 [6]     1111            STD 39,U
A2D5 EC5F             (./generated-code/):00304 [6]     1117            LDD -1,U
A2D7 840F             (./generated-code/):00305 [2]     1119            ANDA #$0F
A2D9 C40F             (./generated-code/):00306 [2]     1121            ANDB #$0F
A2DB C30010           (./generated-code/):00307 [4]     1125            ADDD #$0010
A2DE ED5F             (./generated-code/):00308 [6]     1131            STD -1,U
A2E0 ECC8D7           (./generated-code/):00309 [6]     1137            LDD -41,U
A2E3 840F             (./generated-code/):00310 [2]     1139            ANDA #$0F
A2E5 C40F             (./generated-code/):00311 [2]     1141            ANDB #$0F
A2E7 C30010           (./generated-code/):00312 [4]     1145            ADDD #$0010
A2EA EDC8D7           (./generated-code/):00313 [6]     1151            STD -41,U
A2ED 33C9FF24         (./generated-code/):00314 [8]     1159            LEAU -220,U
                      (./generated-code/):00315                 
A2F1 ECC83B           (./generated-code/):00316 [6]     1165            LDD 59,U
A2F4 840F             (./generated-code/):00317 [2]     1167            ANDA #$0F
A2F6 8A00             (./generated-code/):00318 [2]     1169            ORA #$00
A2F8 C611             (./generated-code/):00319 [2]     1171            LDB #$11
A2FA EDC83B           (./generated-code/):00320 [6]     1177            STD 59,U
A2FD ECC813           (./generated-code/):00321 [6]     1183            LDD 19,U
A300 840F             (./generated-code/):00322 [2]     1185            ANDA #$0F
A302 8A00             (./generated-code/):00323 [2]     1187            ORA #$00
A304 C611             (./generated-code/):00324 [2]     1189            LDB #$11
A306 EDC813           (./generated-code/):00325 [6]     1195            STD 19,U
A309 ECC8EB           (./generated-code/):00326 [6]     1201            LDD -21,U
A30C 840F             (./generated-code/):00327 [2]     1203            ANDA #$0F
A30E 8A00             (./generated-code/):00328 [2]     1205            ORA #$00
A310 C611             (./generated-code/):00329 [2]     1207            LDB #$11
A312 EDC8EB           (./generated-code/):00330 [6]     1213            STD -21,U
A315 E7C8DB           (./generated-code/):00331 [5]     1218            STB -37,U
A318 CC0111           (./generated-code/):00332 [3]     1221            LDD #$0111
A31B EDC8C3           (./generated-code/):00333 [6]     1227            STD -61,U
A31E 39               (./generated-code/):00334 [5]     1232            RTS
                      (./generated-code/):00335                 
