                      (./generated-code/):00001                 INCLUDE "./engine/constants.asm"
                      (./engine/constant):00001         * ---------------------------------------------------------------------------
                      (./engine/constant):00002         * Constants
                      (./engine/constant):00003         *
                      (./engine/constant):00004         * Naming convention
                      (./engine/constant):00005         * -----------------
                      (./engine/constant):00006         * - lower case
                      (./engine/constant):00007         * - underscore-separated names
                      (./engine/constant):00008         *
                      (./engine/constant):00009         * ---------------------------------------------------------------------------
                      (./engine/constant):00010         
                      (./engine/constant):00011          ifndef CONSTANTS_ASM
     0001             (./engine/constant):00012         CONSTANTS_ASM equ 1
                      (./engine/constant):00013         
                      (./engine/constant):00014         * ===========================================================================
                      (./engine/constant):00015         * TO8 Registers
                      (./engine/constant):00016         * ===========================================================================
                      (./engine/constant):00017         
                      (./engine/constant):00018         ; Disk routine registers (ROM)
                      (./engine/constant):00019         
     6049             (./engine/constant):00020         dk_drive                      equ $6049
     604A             (./engine/constant):00021         dk_track                      equ $604A
     604B             (./engine/constant):00022         dk_track_lsb                  equ $604B
     604C             (./engine/constant):00023         dk_sector                     equ $604C
     604F             (./engine/constant):00024         dk_write_location             equ $604F
                      (./engine/constant):00025         
                      (./engine/constant):00026         * ===========================================================================
                      (./engine/constant):00027         * Globals
                      (./engine/constant):00028         * ===========================================================================
                      (./engine/constant):00029         
                      (./engine/constant):00030         ; compilated sprite
     9FFE             (./engine/constant):00031         glb_register_s                equ $9FFE  ; reverved space to store S from ROM routines
                      (./engine/constant):00032         
                      (./engine/constant):00033         ; DrawSprites
     9FFC             (./engine/constant):00034         glb_screen_location_1         equ $9FFC  ; start address for rendering of current sprite Part1     
     9FFA             (./engine/constant):00035         glb_screen_location_2         equ $9FFA  ; start address for rendering of current sprite Part2 (Must follow Part1)
                      (./engine/constant):00036         
                      (./engine/constant):00037         ; CheckSpritesRefresh
     9FF9             (./engine/constant):00038         glb_cur_priority              equ $9FF9
     9FF7             (./engine/constant):00039         glb_cur_ptr_sub_obj_erase     equ $9FF7
     9FF5             (./engine/constant):00040         glb_cur_ptr_sub_obj_draw      equ $9FF5
                      (./engine/constant):00041         
     9FF3             (./engine/constant):00042         glb_camera_x_pos              equ $9FF3 ; camera x position in palyfield coordinates
     9FF1             (./engine/constant):00043         glb_camera_y_pos              equ $9FF1 ; camera y position in palyfield coordinates
     9FEF             (./engine/constant):00044         glb_camera_x_min_pos          equ $9FEF
     9FED             (./engine/constant):00045         glb_camera_y_min_pos          equ $9FED
     9FEB             (./engine/constant):00046         glb_camera_x_max_pos          equ $9FEB
     9FE9             (./engine/constant):00047         glb_camera_y_max_pos          equ $9FE9
     9FE8             (./engine/constant):00048         glb_camera_x_offset           equ $9FE8
     9FE7             (./engine/constant):00049         glb_camera_y_offset           equ $9FE7 
     9FE6             (./engine/constant):00050         glb_force_sprite_refresh      equ $9FE6
     9FE5             (./engine/constant):00051         glb_camera_move               equ $9FE5
     9FE4             (./engine/constant):00052         glb_alphaTiles                equ $9FE4
     9FE3             (./engine/constant):00053         glb_timer_second              equ $9FE3
     9FE2             (./engine/constant):00054         glb_timer_minute              equ $9FE2
     9FE2             (./engine/constant):00055         glb_timer                     equ $9FE2 
     9FE1             (./engine/constant):00056         glb_timer_frame               equ $9FE1
                      (./engine/constant):00057         
                      (./engine/constant):00058         ; BankSwitch
     9FE0             (./engine/constant):00059         glb_Page                      equ $9FE0
     9FB0             (./engine/constant):00060         dp_engine                     equ $9FB0 ; engine and user routines tmp var space
     9F00             (./engine/constant):00061         dp                            equ $9F00 ; free user tmp var space
     9F00             (./engine/constant):00062         glb_system_stack              equ $9F00
                      (./engine/constant):00063         
                      (./engine/constant):00064         * ===========================================================================
                      (./engine/constant):00065         * Display Constants
                      (./engine/constant):00066         * ===========================================================================
                      (./engine/constant):00067         
     00A0             (./engine/constant):00068         screen_width                  equ 160    ; in pixel
     001C             (./engine/constant):00069         screen_top                    equ 28     ; in pixel
     00E3             (./engine/constant):00070         screen_bottom                 equ 28+199 ; in pixel
     0030             (./engine/constant):00071         screen_left                   equ 48     ; in pixel
     00CF             (./engine/constant):00072         screen_right                  equ 48+159 ; in pixel
     0008             (./engine/constant):00073         nb_priority_levels            equ 8      ; number of priority levels (need code change if modified)
                      (./engine/constant):00074         
                      (./engine/constant):00075         * ===========================================================================
                      (./engine/constant):00076         * Images Constants
                      (./engine/constant):00077         * ===========================================================================
                      (./engine/constant):00078         
     0004             (./engine/constant):00079         image_x_size                  equ 4
     0005             (./engine/constant):00080         image_y_size                  equ 5
     0006             (./engine/constant):00081         image_center_offset           equ 6
                      (./engine/constant):00082         
     0004             (./engine/constant):00083         image_subset_x1_offset        equ 4
     0005             (./engine/constant):00084         image_subset_y1_offset        equ 5
                      (./engine/constant):00085         
     0000             (./engine/constant):00086         page_draw_routine             equ 0
     0001             (./engine/constant):00087         draw_routine                  equ 1
     0003             (./engine/constant):00088         page_erase_routine            equ 3
     0004             (./engine/constant):00089         erase_routine                 equ 4
     0006             (./engine/constant):00090         erase_nb_cell                 equ 6
                      (./engine/constant):00091         
                      (./engine/constant):00092         * ===========================================================================
                      (./engine/constant):00093         * Sound Constants
                      (./engine/constant):00094         * ===========================================================================
                      (./engine/constant):00095         
     0000             (./engine/constant):00096         sound_page        equ 0
     0001             (./engine/constant):00097         sound_start_addr  equ 1
     0003             (./engine/constant):00098         sound_end_addr    equ 3
     0005             (./engine/constant):00099         sound_meta_size   equ 5
                      (./engine/constant):00100         
                      (./engine/constant):00101         * ===========================================================================
                      (./engine/constant):00102         * Object Constants
                      (./engine/constant):00103         * ===========================================================================
                      (./engine/constant):00104         
                      (./engine/constant):00105         ; ext_variables_size should be declared in game source code
                      (./engine/constant):00106         
     0022             (./engine/constant):00107         object_base_size              equ 34  ; the size of an object without ext_vars - DEPENDENCY ClearObj routine
     003B             (./engine/constant):00108         object_rsvd_size              equ 59  ; the size of an object without ext_vars - DEPENDENCY ClearObj routine
     ????             (./engine/constant):00109         object_rsvd                   equ object_base_size+ext_variables_size
     ????             (./engine/constant):00110         object_size                   equ object_base_size+ext_variables_size+object_rsvd_size ; the size of a dynamic object
     ????             (./engine/constant):00111         next_object                   equ object_size
     0022             (./engine/constant):00112         ext_variables                 equ object_base_size ; start of reserved space for additionnal variables
                      (./engine/constant):00113         
     0000             (./engine/constant):00114         id                            equ 0           ; reference to object model id (ObjID_) (0: free slot)
     0001             (./engine/constant):00115         subtype                       equ 1           ; reference to object subtype (Sub_) DEPENDENCY subtype must follow id
     0002             (./engine/constant):00116         render_flags                  equ 2
                      (./engine/constant):00117         
                      (./engine/constant):00118         ; bit 7 = onscreen flag, bit 0 = x mirror, bit 1 = y mirror, bit 2 = coordinate system, bit 6 = render subobjects
                      (./engine/constant):00119         
                      (./engine/constant):00120         * --- render_flags bitfield variables ---
     0001             (./engine/constant):00121         render_xmirror_mask           equ $01 ; (bit 0) DEPENDENCY should be bit 0 - tell display engine to mirror sprite on horizontal axis
     0002             (./engine/constant):00122         render_ymirror_mask           equ $02 ; (bit 1) DEPENDENCY should be bit 1 - tell display engine to mirror sprite on vertical axis
     0004             (./engine/constant):00123         render_overlay_mask           equ $04 ; (bit 2) DEPENDENCY should be bit 2 - compilated sprite with no background save
     0008             (./engine/constant):00124         render_playfieldcoord_mask    equ $08 ; (bit 3) tell display engine to use playfield (1) or screen (0) coordinates
     0010             (./engine/constant):00125         render_xloop_mask             equ $10 ; (bit 4) (in screen coordinate) tell display engine to hide sprite when x is out of screen (0) or to display (1)  
     0020             (./engine/constant):00126         render_todelete_mask          equ $20 ; (bit 5) tell display engine to delete sprite and clear OST for this object
     0040             (./engine/constant):00127         render_subobjects             equ $40 ; (bit 6) tell display engine to render subobjects for this object
     0080             (./engine/constant):00128         render_hide_mask              equ $80 ; (bit 7) tell display engine to hide sprite (keep priority and mapping_frame)
                      (./engine/constant):00129         
     0003             (./engine/constant):00130         priority                      equ 3           ; display priority (0: nothing to display, 1:front, ..., 8:back)
     0004             (./engine/constant):00131         anim                          equ 4  ; and 5  ; reference to current animation (Ani_)
     0006             (./engine/constant):00132         prev_anim                     equ 6  ; and 7  ; reference to previous animation (Ani_)
     0008             (./engine/constant):00133         anim_frame                    equ 8           ; index of current frame in animation
     0009             (./engine/constant):00134         anim_frame_duration           equ 9           ; number of frames for each image in animation, range: 00-7F (0-127), 0 means display only during one frame
     000A             (./engine/constant):00135         anim_flags                    equ 10          ; byte offset to reference an anim_flags LUT (adv) / store a link flag (non adv)
                      (./engine/constant):00136         
                      (./engine/constant):00137         * --- anim_flags bitfield variables ---
     0001             (./engine/constant):00138         anim_link_mask                equ $01 ; (bit 0) if set, allow the load of a new animation without reseting anim_frame and anim_frame_duration
                      (./engine/constant):00139         
     000B             (./engine/constant):00140         status_flags                  equ 11          ; orientation of sprite, is applied to animation xmirror flag during AnimateSprite
                      (./engine/constant):00141         
                      (./engine/constant):00142         * --- status_flags bitfield variables ---
     0001             (./engine/constant):00143         status_xflip_mask             equ $01 ; (bit 0) X Flip
     0002             (./engine/constant):00144         status_yflip_mask             equ $02 ; (bit 1) Y Flip
                      (./engine/constant):00145         
     000C             (./engine/constant):00146         image_set                     equ 12 ; and 13 ; reference to current image (Img_) (0000 if no image)
     000E             (./engine/constant):00147         x_pos                         equ 14 ; and 15 ; x playfield coordinate
     0010             (./engine/constant):00148         x_sub                         equ 16          ; x subpixel (1/256 of a pixel), must follow x_pos in data structure
     0011             (./engine/constant):00149         y_pos                         equ 17 ; and 18 ; y playfield coordinate
     0013             (./engine/constant):00150         y_sub                         equ 19          ; y subpixel (1/256 of a pixel), must follow y_pos in data structure
     0014             (./engine/constant):00151         xy_pixel                      equ 20          ; x and y screen coordinate
     0014             (./engine/constant):00152         x_pixel                       equ 20          ; x screen coordinate
     0015             (./engine/constant):00153         y_pixel                       equ 21          ; y screen coordinate, must follow x_pixel
     0016             (./engine/constant):00154         x_vel                         equ 22 ; and 23 ; horizontal velocity
     0018             (./engine/constant):00155         y_vel                         equ 24 ; and 25 ; vertical velocity
     001A             (./engine/constant):00156         x_acl                         equ 26 ; and 27 ; horizontal gravity
     001C             (./engine/constant):00157         y_acl                         equ 28 ; and 29 ; vertical gravity
     001E             (./engine/constant):00158         routine                       equ 30          ; index of current object routine
     001F             (./engine/constant):00159         routine_secondary             equ 31          ; index of current secondary routine
     0020             (./engine/constant):00160         routine_tertiary              equ 32          ; index of current tertiary routine
     0021             (./engine/constant):00161         routine_quaternary            equ 33          ; index of current quaternary routine
                      (./engine/constant):00162         
                      (./engine/constant):00163         * ---------------------------------------------------------------------------
                      (./engine/constant):00164         * reserved variables (read/write by engine)
                      (./engine/constant):00165         
     ????             (./engine/constant):00166         rsv_render_flags              equ object_rsvd
                      (./engine/constant):00167         
                      (./engine/constant):00168         * --- rsv_render_flags bitfield variables ---
     0001             (./engine/constant):00169         rsv_render_checkrefresh_mask  equ $01 ; (bit 0) if erasesprite and display sprite flag are processed for this frame
     0002             (./engine/constant):00170         rsv_render_erasesprite_mask   equ $02 ; (bit 1) if a sprite need to be cleared on screen
     0004             (./engine/constant):00171         rsv_render_displaysprite_mask equ $04 ; (bit 2) if a sprite need to be rendered on screen
     0008             (./engine/constant):00172         rsv_render_outofrange_mask    equ $08 ; (bit 3) if a sprite is out of range for full rendering in screen
     0080             (./engine/constant):00173         rsv_render_onscreen_mask      equ $80 ; (bit 7) DEPENDENCY should be bit 7 - has been rendered on last screen buffer (may be 0 or 1)
                      (./engine/constant):00174         
     ????             (./engine/constant):00175         rsv_prev_anim                 equ object_rsvd+1 ; and +2 ; reference to previous animation (Ani_) w * UTILE ?
     ????             (./engine/constant):00176         rsv_image_center_offset       equ object_rsvd+3 ; 0 or 1 offset that indicate if image center is even or odd (DRS_XYToAddress)
     ????             (./engine/constant):00177         rsv_image_subset              equ object_rsvd+4 ; and +5 ; reference to current image regarding mirror flags w
     ????             (./engine/constant):00178         rsv_mapping_frame             equ object_rsvd+6 ; and +7 ; reference to current image regarding mirror flags, overlay flag and x precision w
     ????             (./engine/constant):00179         rsv_erase_nb_cell             equ object_rsvd+8 ; b 
     ????             (./engine/constant):00180         rsv_page_draw_routine         equ object_rsvd+9 ; b
     ????             (./engine/constant):00181         rsv_draw_routine              equ object_rsvd+10 ; and +11 ; w
     ????             (./engine/constant):00182         rsv_page_erase_routine        equ object_rsvd+12 ; b
     ????             (./engine/constant):00183         rsv_erase_routine             equ object_rsvd+13 ; and +14 ; w 
     ????             (./engine/constant):00184         rsv_xy1_pixel                 equ object_rsvd+15 ;
     ????             (./engine/constant):00185         rsv_x1_pixel                  equ object_rsvd+15 ; x+x_offset-(x_size/2) screen coordinate
     ????             (./engine/constant):00186         rsv_y1_pixel                  equ object_rsvd+16 ; y+y_offset-(y_size/2) screen coordinate, must follow rsv_x1_pixel
     ????             (./engine/constant):00187         rsv_xy2_pixel                 equ object_rsvd+17 ;
     ????             (./engine/constant):00188         rsv_x2_pixel                  equ object_rsvd+17 ; x+x_offset+(x_size/2) screen coordinate
     ????             (./engine/constant):00189         rsv_y2_pixel                  equ object_rsvd+18 ; y+y_offset+(y_size/2) screen coordinate, must follow rsv_x2_pixel
                      (./engine/constant):00190         
                      (./engine/constant):00191         * ---------------------------------------------------------------------------
                      (./engine/constant):00192         * reserved variables (engine) - buffer specific
                      (./engine/constant):00193         
     ????             (./engine/constant):00194         rsv_buffer_0                  equ object_rsvd+19 ; Start index of buffer 0 variables
     ????             (./engine/constant):00195         rsv_priority_0                equ object_rsvd+19 ; internal value that hold priority in video buffer 0
     ????             (./engine/constant):00196         rsv_priority_prev_obj_0       equ object_rsvd+20 ; and +21 ; previous object (OST address) in display priority list for video buffer 0 (0000 if none) w
     ????             (./engine/constant):00197         rsv_priority_next_obj_0       equ object_rsvd+22 ; and +23 ; next object (OST address) in display priority list for video buffer 0 (0000 if none) w
     ????             (./engine/constant):00198         rsv_prev_mapping_frame_0      equ object_rsvd+24 ; and object_rsvd+25 ; reference to previous image in video buffer 0 w
     ????             (./engine/constant):00199         rsv_prev_erase_nb_cell_0      equ object_rsvd+26 : b
     ????             (./engine/constant):00200         rsv_prev_page_erase_routine_0 equ object_rsvd+27 ; b
     ????             (./engine/constant):00201         rsv_prev_erase_routine_0      equ object_rsvd+28 ; and object_rsvd+29 ; w
     ????             (./engine/constant):00202         rsv_bgdata_0                  equ object_rsvd+30 ; and +31 ; address of background data in screen 0 w
     ????             (./engine/constant):00203         rsv_prev_xy_pixel_0           equ object_rsvd+32 ;
     ????             (./engine/constant):00204         rsv_prev_x_pixel_0            equ object_rsvd+32 ; previous x screen coordinate b
     ????             (./engine/constant):00205         rsv_prev_y_pixel_0            equ object_rsvd+33 ; previous y screen coordinate b, must follow x_pixel
     ????             (./engine/constant):00206         rsv_prev_xy1_pixel_0          equ object_rsvd+34 ;
     ????             (./engine/constant):00207         rsv_prev_x1_pixel_0           equ object_rsvd+34 ; previous x+x_offset-(x_size/2) screen coordinate b
     ????             (./engine/constant):00208         rsv_prev_y1_pixel_0           equ object_rsvd+35 ; previous y+y_offset-(y_size/2) screen coordinate b, must follow x1_pixel
     ????             (./engine/constant):00209         rsv_prev_xy2_pixel_0          equ object_rsvd+36 ;
     ????             (./engine/constant):00210         rsv_prev_x2_pixel_0           equ object_rsvd+36 ; previous x+x_offset+(x_size/2) screen coordinate b
     ????             (./engine/constant):00211         rsv_prev_y2_pixel_0           equ object_rsvd+37 ; previous y+y_offset+(y_size/2) screen coordinate b, must follow x2_pixel
     ????             (./engine/constant):00212         rsv_prev_render_flags_0       equ object_rsvd+38 ;
                      (./engine/constant):00213         * --- rsv_prev_render_flags_0 bitfield variables ---
     0001             (./engine/constant):00214         rsv_prev_render_overlay_mask  equ $01 ; (bit 0) if a sprite has been rendered with compilated sprite and no background save on screen buffer 0/1
     0080             (./engine/constant):00215         rsv_prev_render_onscreen_mask equ $80 ; (bit 7) DEPENDENCY should be bit 7 - has been rendered on screen buffer 0/1
                      (./engine/constant):00216         
     ????             (./engine/constant):00217         rsv_buffer_1                  equ object_rsvd+39 ; Start index of buffer 1 variables
     ????             (./engine/constant):00218         rsv_priority_1                equ object_rsvd+39 ; internal value that hold priority in video buffer 1
     ????             (./engine/constant):00219         rsv_priority_prev_obj_1       equ object_rsvd+40 ; and +41 ; previous object (OST address) in display priority list for video buffer 1 (0000 if none) w
     ????             (./engine/constant):00220         rsv_priority_next_obj_1       equ object_rsvd+42 ; and +43 ; next object (OST address) in display priority list for video buffer 1 (0000 if none) w
     ????             (./engine/constant):00221         rsv_prev_mapping_frame_1      equ object_rsvd+44 ; and +45 ; reference to previous image in video buffer 1 w
     ????             (./engine/constant):00222         rsv_prev_erase_nb_cell_1      equ object_rsvd+46 ; b
     ????             (./engine/constant):00223         rsv_prev_page_erase_routine_1 equ object_rsvd+47 ; b
     ????             (./engine/constant):00224         rsv_prev_erase_routine_1      equ object_rsvd+48 ; and +49 ; w
     ????             (./engine/constant):00225         rsv_bgdata_1                  equ object_rsvd+50 ; and +51 ; address of background data in screen 1 w
     ????             (./engine/constant):00226         rsv_prev_xy_pixel_1           equ object_rsvd+52 ;
     ????             (./engine/constant):00227         rsv_prev_x_pixel_1            equ object_rsvd+52 ; previous x screen coordinate b
     ????             (./engine/constant):00228         rsv_prev_y_pixel_1            equ object_rsvd+53 ; previous y screen coordinate b, must follow x_pixel
     ????             (./engine/constant):00229         rsv_prev_xy1_pixel_1          equ object_rsvd+54 ;
     ????             (./engine/constant):00230         rsv_prev_x1_pixel_1           equ object_rsvd+54 ; previous x+x_size screen coordinate b
     ????             (./engine/constant):00231         rsv_prev_y1_pixel_1           equ object_rsvd+55 ; previous y+y_size screen coordinate b, must follow x_pixel
     ????             (./engine/constant):00232         rsv_prev_xy2_pixel_1          equ object_rsvd+56 ;
     ????             (./engine/constant):00233         rsv_prev_x2_pixel_1           equ object_rsvd+56 ; previous x+x_size screen coordinate b
     ????             (./engine/constant):00234         rsv_prev_y2_pixel_1           equ object_rsvd+57 ; previous y+y_size screen coordinate b, must follow x_pixel
     ????             (./engine/constant):00235         rsv_prev_render_flags_1       equ object_rsvd+58 ;
                      (./engine/constant):00236         
     0000             (./engine/constant):00237         buf_priority                  equ 0  ; offset for each rsv_buffer variables
     0001             (./engine/constant):00238         buf_priority_prev_obj         equ 1  ;
     0003             (./engine/constant):00239         buf_priority_next_obj         equ 3  ;
     0005             (./engine/constant):00240         buf_prev_mapping_frame        equ 5  ;
     0007             (./engine/constant):00241         buf_erase_nb_cell             equ 7  ;
     0008             (./engine/constant):00242         buf_page_erase_routine        equ 8 ;
     0009             (./engine/constant):00243         buf_erase_routine             equ 9 ;
     000B             (./engine/constant):00244         buf_bgdata                    equ 11 ;
     000D             (./engine/constant):00245         buf_prev_xy_pixel             equ 13 ;
     000D             (./engine/constant):00246         buf_prev_x_pixel              equ 13 ;
     000E             (./engine/constant):00247         buf_prev_y_pixel              equ 14 ;
     000F             (./engine/constant):00248         buf_prev_xy1_pixel            equ 15 ;
     000F             (./engine/constant):00249         buf_prev_x1_pixel             equ 15 ;
     0010             (./engine/constant):00250         buf_prev_y1_pixel             equ 16 ;
     0011             (./engine/constant):00251         buf_prev_xy2_pixel            equ 17 ;
     0011             (./engine/constant):00252         buf_prev_x2_pixel             equ 17 ;
     0012             (./engine/constant):00253         buf_prev_y2_pixel             equ 18 ;
     0013             (./engine/constant):00254         buf_prev_render_flags         equ 19 ;
                      (./engine/constant):00255         
                      (./engine/constant):00256          endc
                      (./generated-code/):00002                 ORG $A000
     FF               (./generated-code/):00003                 SETDP $FF
                      (./generated-code/):00004                 OPT C,CT
A000                  (./generated-code/):00005                 DRAW_Img_0090_0
A000 33C9077E         (./generated-code/):00006 [8]     8               LEAU 1918,U
                      (./generated-code/):00007                 
A004 ECC824           (./generated-code/):00008 [6]     14              LDD 36,U
A007 84F0             (./generated-code/):00009 [2]     16              ANDA #$F0
A009 8A00             (./generated-code/):00010 [2]     18              ORA #$00
A00B C600             (./generated-code/):00011 [2]     20              LDB #$00
A00D EDC824           (./generated-code/):00012 [6]     26              STD 36,U
A010 ECC8AA           (./generated-code/):00013 [6]     32              LDD -86,U
A013 84F0             (./generated-code/):00014 [2]     34              ANDA #$F0
A015 8A00             (./generated-code/):00015 [2]     36              ORA #$00
A017 C600             (./generated-code/):00016 [2]     38              LDB #$00
A019 EDC8AA           (./generated-code/):00017 [6]     44              STD -86,U
A01C ECC891           (./generated-code/):00018 [6]     50              LDD -111,U
A01F 84F0             (./generated-code/):00019 [2]     52              ANDA #$F0
A021 8A00             (./generated-code/):00020 [2]     54              ORA #$00
A023 C600             (./generated-code/):00021 [2]     56              LDB #$00
A025 EDC891           (./generated-code/):00022 [6]     62              STD -111,U
A028 ECC885           (./generated-code/):00023 [6]     68              LDD -123,U
A02B 84F0             (./generated-code/):00024 [2]     70              ANDA #$F0
A02D 8A01             (./generated-code/):00025 [2]     72              ORA #$01
A02F C611             (./generated-code/):00026 [2]     74              LDB #$11
A031 EDC885           (./generated-code/):00027 [6]     80              STD -123,U
A034 8600             (./generated-code/):00028 [2]     82              LDA #$00
A036 A7C856           (./generated-code/):00029 [5]     87              STA 86,U
A039 A7C84D           (./generated-code/):00030 [5]     92              STA 77,U
A03C A7C8E0           (./generated-code/):00031 [5]     97              STA -32,U
A03F A7C8B9           (./generated-code/):00032 [5]     102             STA -71,U
A042 A7C882           (./generated-code/):00033 [5]     107             STA -126,U
A045 C600             (./generated-code/):00034 [2]     109             LDB #$00
A047 EDC82E           (./generated-code/):00035 [6]     115             STD 46,U
A04A A6C87E           (./generated-code/):00036 [5]     120             LDA 126,U
A04D 840F             (./generated-code/):00037 [2]     122             ANDA #$0F
A04F 8A00             (./generated-code/):00038 [2]     124             ORA #$00
A051 A7C87E           (./generated-code/):00039 [5]     129             STA 126,U
A054 A645             (./generated-code/):00040 [5]     134             LDA 5,U
A056 84F0             (./generated-code/):00041 [2]     136             ANDA #$F0
A058 8A00             (./generated-code/):00042 [2]     138             ORA #$00
A05A A745             (./generated-code/):00043 [5]     143             STA 5,U
A05C A6C8DD           (./generated-code/):00044 [5]     148             LDA -35,U
A05F 840F             (./generated-code/):00045 [2]     150             ANDA #$0F
A061 8A00             (./generated-code/):00046 [2]     152             ORA #$00
A063 A7C8DD           (./generated-code/):00047 [5]     157             STA -35,U
A066 EC47             (./generated-code/):00048 [6]     163             LDD 7,U
A068 8600             (./generated-code/):00049 [2]     165             LDA #$00
A06A C40F             (./generated-code/):00050 [2]     167             ANDB #$0F
A06C CA00             (./generated-code/):00051 [2]     169             ORB #$00
A06E ED47             (./generated-code/):00052 [6]     175             STD 7,U
A070 EC5C             (./generated-code/):00053 [6]     181             LDD -4,U
A072 8600             (./generated-code/):00054 [2]     183             LDA #$00
A074 C40F             (./generated-code/):00055 [2]     185             ANDB #$0F
A076 CA00             (./generated-code/):00056 [2]     187             ORB #$00
A078 ED5C             (./generated-code/):00057 [6]     193             STD -4,U
A07A ECC8D3           (./generated-code/):00058 [6]     199             LDD -45,U
A07D 8600             (./generated-code/):00059 [2]     201             LDA #$00
A07F C40F             (./generated-code/):00060 [2]     203             ANDB #$0F
A081 CA00             (./generated-code/):00061 [2]     205             ORB #$00
A083 EDC8D3           (./generated-code/):00062 [6]     211             STD -45,U
A086 8611             (./generated-code/):00063 [2]     213             LDA #$11
A088 A7C8B5           (./generated-code/):00064 [5]     218             STA -75,U
A08B A7C8AE           (./generated-code/):00065 [5]     223             STA -82,U
A08E CC1111           (./generated-code/):00066 [3]     226             LDD #$1111
A091 EDC88D           (./generated-code/):00067 [6]     232             STD -115,U
A094 33C9FEEC         (./generated-code/):00068 [8]     240             LEAU -276,U
                      (./generated-code/):00069                 
A098 8600             (./generated-code/):00070 [2]     242             LDA #$00
A09A A7C87E           (./generated-code/):00071 [5]     247             STA 126,U
A09D A7C86D           (./generated-code/):00072 [5]     252             STA 109,U
A0A0 8611             (./generated-code/):00073 [2]     254             LDA #$11
A0A2 EDC87A           (./generated-code/):00074 [6]     260             STD 122,U
A0A5 EDC853           (./generated-code/):00075 [6]     266             STD 83,U
A0A8 ED56             (./generated-code/):00076 [6]     272             STD -10,U
A0AA A6C879           (./generated-code/):00077 [5]     277             LDA 121,U
A0AD 840F             (./generated-code/):00078 [2]     279             ANDA #$0F
A0AF 8A40             (./generated-code/):00079 [2]     281             ORA #$40
A0B1 A7C879           (./generated-code/):00080 [5]     286             STA 121,U
A0B4 A641             (./generated-code/):00081 [5]     291             LDA 1,U
A0B6 84F0             (./generated-code/):00082 [2]     293             ANDA #$F0
A0B8 8A04             (./generated-code/):00083 [2]     295             ORA #$04
A0BA A741             (./generated-code/):00084 [5]     300             STA 1,U
A0BC A65A             (./generated-code/):00085 [5]     305             LDA -6,U
A0BE 84F0             (./generated-code/):00086 [2]     307             ANDA #$F0
A0C0 8A04             (./generated-code/):00087 [2]     309             ORA #$04
A0C2 A75A             (./generated-code/):00088 [5]     314             STA -6,U
A0C4 A6C8DD           (./generated-code/):00089 [5]     319             LDA -35,U
A0C7 84F0             (./generated-code/):00090 [2]     321             ANDA #$F0
A0C9 8A01             (./generated-code/):00091 [2]     323             ORA #$01
A0CB A7C8DD           (./generated-code/):00092 [5]     328             STA -35,U
A0CE A6C8D9           (./generated-code/):00093 [5]     333             LDA -39,U
A0D1 84F0             (./generated-code/):00094 [2]     335             ANDA #$F0
A0D3 8A04             (./generated-code/):00095 [2]     337             ORA #$04
A0D5 A7C8D9           (./generated-code/):00096 [5]     342             STA -39,U
A0D8 A6C8D2           (./generated-code/):00097 [5]     347             LDA -46,U
A0DB 84F0             (./generated-code/):00098 [2]     349             ANDA #$F0
A0DD 8A04             (./generated-code/):00099 [2]     351             ORA #$04
A0DF A7C8D2           (./generated-code/):00100 [5]     356             STA -46,U
A0E2 A6C8AA           (./generated-code/):00101 [5]     361             LDA -86,U
A0E5 84F0             (./generated-code/):00102 [2]     363             ANDA #$F0
A0E7 8A04             (./generated-code/):00103 [2]     365             ORA #$04
A0E9 A7C8AA           (./generated-code/):00104 [5]     370             STA -86,U
A0EC ECC870           (./generated-code/):00105 [6]     376             LDD 112,U
A0EF 84F0             (./generated-code/):00106 [2]     378             ANDA #$F0
A0F1 8A01             (./generated-code/):00107 [2]     380             ORA #$01
A0F3 C611             (./generated-code/):00108 [2]     382             LDB #$11
A0F5 EDC870           (./generated-code/):00109 [6]     388             STD 112,U
A0F8 EC44             (./generated-code/):00110 [6]     394             LDD 4,U
A0FA 84F0             (./generated-code/):00111 [2]     396             ANDA #$F0
A0FC 8A01             (./generated-code/):00112 [2]     398             ORA #$01
A0FE C611             (./generated-code/):00113 [2]     400             LDB #$11
A100 ED44             (./generated-code/):00114 [6]     406             STD 4,U
A102 8644             (./generated-code/):00115 [2]     408             LDA #$44
A104 A7C851           (./generated-code/):00116 [5]     413             STA 81,U
A107 A7C829           (./generated-code/):00117 [5]     418             STA 41,U
A10A A7C882           (./generated-code/):00118 [5]     423             STA -126,U
A10D ECC848           (./generated-code/):00119 [6]     429             LDD 72,U
A110 8611             (./generated-code/):00120 [2]     431             LDA #$11
A112 C40F             (./generated-code/):00121 [2]     433             ANDB #$0F
A114 CA10             (./generated-code/):00122 [2]     435             ORB #$10
A116 EDC848           (./generated-code/):00123 [6]     441             STD 72,U
A119 ECC82C           (./generated-code/):00124 [6]     447             LDD 44,U
A11C 8611             (./generated-code/):00125 [2]     449             LDA #$11
A11E C40F             (./generated-code/):00126 [2]     451             ANDB #$0F
A120 CA10             (./generated-code/):00127 [2]     453             ORB #$10
A122 EDC82C           (./generated-code/):00128 [6]     459             STD 44,U
A125 ECC81F           (./generated-code/):00129 [6]     465             LDD 31,U
A128 8611             (./generated-code/):00130 [2]     467             LDA #$11
A12A C40F             (./generated-code/):00131 [2]     469             ANDB #$0F
A12C CA10             (./generated-code/):00132 [2]     471             ORB #$10
A12E EDC81F           (./generated-code/):00133 [6]     477             STD 31,U
A131 A7C8CE           (./generated-code/):00134 [5]     482             STA -50,U
A134 33C9FF05         (./generated-code/):00135 [8]     490             LEAU -251,U
                      (./generated-code/):00136                 
A138 ECC828           (./generated-code/):00137 [6]     496             LDD 40,U
A13B 84F0             (./generated-code/):00138 [2]     498             ANDA #$F0
A13D C40F             (./generated-code/):00139 [2]     500             ANDB #$0F
A13F C30140           (./generated-code/):00140 [4]     504             ADDD #$0140
A142 EDC828           (./generated-code/):00141 [6]     510             STD 40,U
A145 A6C878           (./generated-code/):00142 [5]     515             LDA 120,U
A148 840F             (./generated-code/):00143 [2]     517             ANDA #$0F
A14A 8A10             (./generated-code/):00144 [2]     519             ORA #$10
A14C A7C878           (./generated-code/):00145 [5]     524             STA 120,U
A14F A6C855           (./generated-code/):00146 [5]     529             LDA 85,U
A152 840F             (./generated-code/):00147 [2]     531             ANDA #$0F
A154 8A40             (./generated-code/):00148 [2]     533             ORA #$40
A156 A7C855           (./generated-code/):00149 [5]     538             STA 85,U
A159 A6C851           (./generated-code/):00150 [5]     543             LDA 81,U
A15C 840F             (./generated-code/):00151 [2]     545             ANDA #$0F
A15E 8A40             (./generated-code/):00152 [2]     547             ORA #$40
A160 A7C851           (./generated-code/):00153 [5]     552             STA 81,U
A163 A6C82D           (./generated-code/):00154 [5]     557             LDA 45,U
A166 840F             (./generated-code/):00155 [2]     559             ANDA #$0F
A168 8A40             (./generated-code/):00156 [2]     561             ORA #$40
A16A A7C82D           (./generated-code/):00157 [5]     566             STA 45,U
A16D A645             (./generated-code/):00158 [5]     571             LDA 5,U
A16F 840F             (./generated-code/):00159 [2]     573             ANDA #$0F
A171 8A40             (./generated-code/):00160 [2]     575             ORA #$40
A173 A745             (./generated-code/):00161 [5]     580             STA 5,U
A175 A6C898           (./generated-code/):00162 [5]     585             LDA -104,U
A178 84F0             (./generated-code/):00163 [2]     587             ANDA #$F0
A17A 8A04             (./generated-code/):00164 [2]     589             ORA #$04
A17C A7C898           (./generated-code/):00165 [5]     594             STA -104,U
A17F A6C889           (./generated-code/):00166 [5]     599             LDA -119,U
A182 84F0             (./generated-code/):00167 [2]     601             ANDA #$F0
A184 8A04             (./generated-code/):00168 [2]     603             ORA #$04
A186 A7C889           (./generated-code/):00169 [5]     608             STA -119,U
A189 33C9FEEF         (./generated-code/):00170 [8]     616             LEAU -273,U
                      (./generated-code/):00171                 
A18D A6C87E           (./generated-code/):00172 [5]     621             LDA 126,U
A190 840F             (./generated-code/):00173 [2]     623             ANDA #$0F
A192 8A40             (./generated-code/):00174 [2]     625             ORA #$40
A194 A7C87E           (./generated-code/):00175 [5]     630             STA 126,U
A197 A6C856           (./generated-code/):00176 [5]     635             LDA 86,U
A19A 840F             (./generated-code/):00177 [2]     637             ANDA #$0F
A19C 8A40             (./generated-code/):00178 [2]     639             ORA #$40
A19E A7C856           (./generated-code/):00179 [5]     644             STA 86,U
A1A1 A6C82E           (./generated-code/):00180 [5]     649             LDA 46,U
A1A4 840F             (./generated-code/):00181 [2]     651             ANDA #$0F
A1A6 8A40             (./generated-code/):00182 [2]     653             ORA #$40
A1A8 A7C82E           (./generated-code/):00183 [5]     658             STA 46,U
A1AB A646             (./generated-code/):00184 [5]     663             LDA 6,U
A1AD 840F             (./generated-code/):00185 [2]     665             ANDA #$0F
A1AF 8A40             (./generated-code/):00186 [2]     667             ORA #$40
A1B1 A746             (./generated-code/):00187 [5]     672             STA 6,U
A1B3 A6C8E1           (./generated-code/):00188 [5]     677             LDA -31,U
A1B6 840F             (./generated-code/):00189 [2]     679             ANDA #$0F
A1B8 8A40             (./generated-code/):00190 [2]     681             ORA #$40
A1BA A7C8E1           (./generated-code/):00191 [5]     686             STA -31,U
A1BD A6C8DE           (./generated-code/):00192 [5]     691             LDA -34,U
A1C0 84F0             (./generated-code/):00193 [2]     693             ANDA #$F0
A1C2 8A04             (./generated-code/):00194 [2]     695             ORA #$04
A1C4 A7C8DE           (./generated-code/):00195 [5]     700             STA -34,U
A1C7 A6C8D5           (./generated-code/):00196 [5]     705             LDA -43,U
A1CA 84F0             (./generated-code/):00197 [2]     707             ANDA #$F0
A1CC 8A04             (./generated-code/):00198 [2]     709             ORA #$04
A1CE A7C8D5           (./generated-code/):00199 [5]     714             STA -43,U
A1D1 A6C8B6           (./generated-code/):00200 [5]     719             LDA -74,U
A1D4 84F0             (./generated-code/):00201 [2]     721             ANDA #$F0
A1D6 8A04             (./generated-code/):00202 [2]     723             ORA #$04
A1D8 A7C8B6           (./generated-code/):00203 [5]     728             STA -74,U
A1DB A6C8AD           (./generated-code/):00204 [5]     733             LDA -83,U
A1DE 84F0             (./generated-code/):00205 [2]     735             ANDA #$F0
A1E0 8A04             (./generated-code/):00206 [2]     737             ORA #$04
A1E2 A7C8AD           (./generated-code/):00207 [5]     742             STA -83,U
A1E5 A6C88E           (./generated-code/):00208 [5]     747             LDA -114,U
A1E8 84F0             (./generated-code/):00209 [2]     749             ANDA #$F0
A1EA 8A04             (./generated-code/):00210 [2]     751             ORA #$04
A1EC A7C88E           (./generated-code/):00211 [5]     756             STA -114,U
A1EF A6C885           (./generated-code/):00212 [5]     761             LDA -123,U
A1F2 84F0             (./generated-code/):00213 [2]     763             ANDA #$F0
A1F4 8A04             (./generated-code/):00214 [2]     765             ORA #$04
A1F6 A7C885           (./generated-code/):00215 [5]     770             STA -123,U
A1F9 A6C882           (./generated-code/):00216 [5]     775             LDA -126,U
A1FC 840F             (./generated-code/):00217 [2]     777             ANDA #$0F
A1FE 8A00             (./generated-code/):00218 [2]     779             ORA #$00
A200 A7C882           (./generated-code/):00219 [5]     784             STA -126,U
A203 33C9FEE8         (./generated-code/):00220 [8]     792             LEAU -280,U
                      (./generated-code/):00221                 
A207 A6C87E           (./generated-code/):00222 [5]     797             LDA 126,U
A20A 84F0             (./generated-code/):00223 [2]     799             ANDA #$F0
A20C 8A04             (./generated-code/):00224 [2]     801             ORA #$04
A20E A7C87E           (./generated-code/):00225 [5]     806             STA 126,U
A211 A6C875           (./generated-code/):00226 [5]     811             LDA 117,U
A214 84F0             (./generated-code/):00227 [2]     813             ANDA #$F0
A216 8A04             (./generated-code/):00228 [2]     815             ORA #$04
A218 A7C875           (./generated-code/):00229 [5]     820             STA 117,U
A21B A6C825           (./generated-code/):00230 [5]     825             LDA 37,U
A21E 840F             (./generated-code/):00231 [2]     827             ANDA #$0F
A220 8A40             (./generated-code/):00232 [2]     829             ORA #$40
A222 A7C825           (./generated-code/):00233 [5]     834             STA 37,U
A225 A649             (./generated-code/):00234 [5]     839             LDA 9,U
A227 84F0             (./generated-code/):00235 [2]     841             ANDA #$F0
A229 8A00             (./generated-code/):00236 [2]     843             ORA #$00
A22B A749             (./generated-code/):00237 [5]     848             STA 9,U
A22D A65D             (./generated-code/):00238 [5]     853             LDA -3,U
A22F 840F             (./generated-code/):00239 [2]     855             ANDA #$0F
A231 8A40             (./generated-code/):00240 [2]     857             ORA #$40
A233 A75D             (./generated-code/):00241 [5]     862             STA -3,U
A235 A65A             (./generated-code/):00242 [5]     867             LDA -6,U
A237 84F0             (./generated-code/):00243 [2]     869             ANDA #$F0
A239 8A00             (./generated-code/):00244 [2]     871             ORA #$00
A23B A75A             (./generated-code/):00245 [5]     876             STA -6,U
A23D A6C8E1           (./generated-code/):00246 [5]     881             LDA -31,U
A240 84F0             (./generated-code/):00247 [2]     883             ANDA #$F0
A242 8A00             (./generated-code/):00248 [2]     885             ORA #$00
A244 A7C8E1           (./generated-code/):00249 [5]     890             STA -31,U
A247 A6C8D5           (./generated-code/):00250 [5]     895             LDA -43,U
A24A 840F             (./generated-code/):00251 [2]     897             ANDA #$0F
A24C 8A40             (./generated-code/):00252 [2]     899             ORA #$40
A24E A7C8D5           (./generated-code/):00253 [5]     904             STA -43,U
A251 A6C8D2           (./generated-code/):00254 [5]     909             LDA -46,U
A254 84F0             (./generated-code/):00255 [2]     911             ANDA #$F0
A256 8A00             (./generated-code/):00256 [2]     913             ORA #$00
A258 A7C8D2           (./generated-code/):00257 [5]     918             STA -46,U
A25B A6C8AD           (./generated-code/):00258 [5]     923             LDA -83,U
A25E 840F             (./generated-code/):00259 [2]     925             ANDA #$0F
A260 8A40             (./generated-code/):00260 [2]     927             ORA #$40
A262 A7C8AD           (./generated-code/):00261 [5]     932             STA -83,U
A265 A6C883           (./generated-code/):00262 [5]     937             LDA -125,U
A268 84F0             (./generated-code/):00263 [2]     939             ANDA #$F0
A26A 8A01             (./generated-code/):00264 [2]     941             ORA #$01
A26C A7C883           (./generated-code/):00265 [5]     946             STA -125,U
A26F 33C9FEEA         (./generated-code/):00266 [8]     954             LEAU -278,U
                      (./generated-code/):00267                 
A273 ECC881           (./generated-code/):00268 [6]     960             LDD -127,U
A276 840F             (./generated-code/):00269 [2]     962             ANDA #$0F
A278 C4F0             (./generated-code/):00270 [2]     964             ANDB #$F0
A27A C30004           (./generated-code/):00271 [4]     968             ADDD #$0004
A27D EDC881           (./generated-code/):00272 [6]     974             STD -127,U
A280 A6C87F           (./generated-code/):00273 [5]     979             LDA 127,U
A283 840F             (./generated-code/):00274 [2]     981             ANDA #$0F
A285 8A00             (./generated-code/):00275 [2]     983             ORA #$00
A287 A7C87F           (./generated-code/):00276 [5]     988             STA 127,U
A28A A6C87D           (./generated-code/):00277 [5]     993             LDA 125,U
A28D 840F             (./generated-code/):00278 [2]     995             ANDA #$0F
A28F 8A40             (./generated-code/):00279 [2]     997             ORA #$40
A291 A7C87D           (./generated-code/):00280 [5]     1002            STA 125,U
A294 A6C857           (./generated-code/):00281 [5]     1007            LDA 87,U
A297 840F             (./generated-code/):00282 [2]     1009            ANDA #$0F
A299 8A00             (./generated-code/):00283 [2]     1011            ORA #$00
A29B A7C857           (./generated-code/):00284 [5]     1016            STA 87,U
A29E A6C855           (./generated-code/):00285 [5]     1021            LDA 85,U
A2A1 840F             (./generated-code/):00286 [2]     1023            ANDA #$0F
A2A3 8A40             (./generated-code/):00287 [2]     1025            ORA #$40
A2A5 A7C855           (./generated-code/):00288 [5]     1030            STA 85,U
A2A8 A6C82F           (./generated-code/):00289 [5]     1035            LDA 47,U
A2AB 840F             (./generated-code/):00290 [2]     1037            ANDA #$0F
A2AD 8A00             (./generated-code/):00291 [2]     1039            ORA #$00
A2AF A7C82F           (./generated-code/):00292 [5]     1044            STA 47,U
A2B2 A6C82D           (./generated-code/):00293 [5]     1049            LDA 45,U
A2B5 840F             (./generated-code/):00294 [2]     1051            ANDA #$0F
A2B7 8A40             (./generated-code/):00295 [2]     1053            ORA #$40
A2B9 A7C82D           (./generated-code/):00296 [5]     1058            STA 45,U
A2BC A6C8B5           (./generated-code/):00297 [5]     1063            LDA -75,U
A2BF 84F0             (./generated-code/):00298 [2]     1065            ANDA #$F0
A2C1 8A04             (./generated-code/):00299 [2]     1067            ORA #$04
A2C3 A7C8B5           (./generated-code/):00300 [5]     1072            STA -75,U
A2C6 A6C8AA           (./generated-code/):00301 [5]     1077            LDA -86,U
A2C9 84F0             (./generated-code/):00302 [2]     1079            ANDA #$F0
A2CB 8A04             (./generated-code/):00303 [2]     1081            ORA #$04
A2CD A7C8AA           (./generated-code/):00304 [5]     1086            STA -86,U
A2D0 A6C88D           (./generated-code/):00305 [5]     1091            LDA -115,U
A2D3 84F0             (./generated-code/):00306 [2]     1093            ANDA #$F0
A2D5 8A04             (./generated-code/):00307 [2]     1095            ORA #$04
A2D7 A7C88D           (./generated-code/):00308 [5]     1100            STA -115,U
A2DA 33C9FF0F         (./generated-code/):00309 [8]     1108            LEAU -241,U
                      (./generated-code/):00310                 
A2DE A6C856           (./generated-code/):00311 [5]     1113            LDA 86,U
A2E1 84F0             (./generated-code/):00312 [2]     1115            ANDA #$F0
A2E3 8A04             (./generated-code/):00313 [2]     1117            ORA #$04
A2E5 A7C856           (./generated-code/):00314 [5]     1122            STA 86,U
A2E8 A647             (./generated-code/):00315 [5]     1127            LDA 7,U
A2EA 84F0             (./generated-code/):00316 [2]     1129            ANDA #$F0
A2EC 8A01             (./generated-code/):00317 [2]     1131            ORA #$01
A2EE A747             (./generated-code/):00318 [5]     1136            STA 7,U
A2F0 A65B             (./generated-code/):00319 [5]     1141            LDA -5,U
A2F2 840F             (./generated-code/):00320 [2]     1143            ANDA #$0F
A2F4 8A40             (./generated-code/):00321 [2]     1145            ORA #$40
A2F6 A75B             (./generated-code/):00322 [5]     1150            STA -5,U
A2F8 A6C8D3           (./generated-code/):00323 [5]     1155            LDA -45,U
A2FB 840F             (./generated-code/):00324 [2]     1157            ANDA #$0F
A2FD 8A10             (./generated-code/):00325 [2]     1159            ORA #$10
A2FF A7C8D3           (./generated-code/):00326 [5]     1164            STA -45,U
A302 A6C8AB           (./generated-code/):00327 [5]     1169            LDA -85,U
A305 840F             (./generated-code/):00328 [2]     1171            ANDA #$0F
A307 8A10             (./generated-code/):00329 [2]     1173            ORA #$10
A309 A7C8AB           (./generated-code/):00330 [5]     1178            STA -85,U
A30C 8600             (./generated-code/):00331 [2]     1180            LDA #$00
A30E A7C822           (./generated-code/):00332 [5]     1185            STA 34,U
A311 ECC84A           (./generated-code/):00333 [6]     1191            LDD 74,U
A314 840F             (./generated-code/):00334 [2]     1193            ANDA #$0F
A316 C4F0             (./generated-code/):00335 [2]     1195            ANDB #$F0
A318 C30004           (./generated-code/):00336 [4]     1199            ADDD #$0004
A31B EDC84A           (./generated-code/):00337 [6]     1205            STD 74,U
A31E 33C9F9AC         (./generated-code/):00338 [8]     1213            LEAU -1620,U
                      (./generated-code/):00339                 
A322 8611             (./generated-code/):00340 [2]     1215            LDA #$11
A324 A7C8C3           (./generated-code/):00341 [5]     1220            STA -61,U
A327 A7C89A           (./generated-code/):00342 [5]     1225            STA -102,U
A32A A6C867           (./generated-code/):00343 [5]     1230            LDA 103,U
A32D 84F0             (./generated-code/):00344 [2]     1232            ANDA #$F0
A32F 8A01             (./generated-code/):00345 [2]     1234            ORA #$01
A331 A7C867           (./generated-code/):00346 [5]     1239            STA 103,U
A334 A6C89E           (./generated-code/):00347 [5]     1244            LDA -98,U
A337 84F0             (./generated-code/):00348 [2]     1246            ANDA #$F0
A339 8A04             (./generated-code/):00349 [2]     1248            ORA #$04
A33B A7C89E           (./generated-code/):00350 [5]     1253            STA -98,U
A33E 33C9FED2         (./generated-code/):00351 [8]     1261            LEAU -302,U
                      (./generated-code/):00352                 
A342 ECC8B0           (./generated-code/):00353 [6]     1267            LDD -80,U
A345 84F0             (./generated-code/):00354 [2]     1269            ANDA #$F0
A347 C40F             (./generated-code/):00355 [2]     1271            ANDB #$0F
A349 C30140           (./generated-code/):00356 [4]     1275            ADDD #$0140
A34C EDC8B0           (./generated-code/):00357 [6]     1281            STD -80,U
A34F A6C878           (./generated-code/):00358 [5]     1286            LDA 120,U
A352 840F             (./generated-code/):00359 [2]     1288            ANDA #$0F
A354 8A10             (./generated-code/):00360 [2]     1290            ORA #$10
A356 A7C878           (./generated-code/):00361 [5]     1295            STA 120,U
A359 A6C8DD           (./generated-code/):00362 [5]     1300            LDA -35,U
A35C 84F0             (./generated-code/):00363 [2]     1302            ANDA #$F0
A35E 8A00             (./generated-code/):00364 [2]     1304            ORA #$00
A360 A7C8DD           (./generated-code/):00365 [5]     1309            STA -35,U
A363 A6C8D9           (./generated-code/):00366 [5]     1314            LDA -39,U
A366 840F             (./generated-code/):00367 [2]     1316            ANDA #$0F
A368 8A40             (./generated-code/):00368 [2]     1318            ORA #$40
A36A A7C8D9           (./generated-code/):00369 [5]     1323            STA -39,U
A36D A6C889           (./generated-code/):00370 [5]     1328            LDA -119,U
A370 84F0             (./generated-code/):00371 [2]     1330            ANDA #$F0
A372 8A04             (./generated-code/):00372 [2]     1332            ORA #$04
A374 A7C889           (./generated-code/):00373 [5]     1337            STA -119,U
A377 33C9FF61         (./generated-code/):00374 [8]     1345            LEAU -159,U
                      (./generated-code/):00375                 
A37B A6C4             (./generated-code/):00376 [4]     1349            LDA ,U
A37D 84F0             (./generated-code/):00377 [2]     1351            ANDA #$F0
A37F 8A04             (./generated-code/):00378 [2]     1353            ORA #$04
A381 A7C4             (./generated-code/):00379 [4]     1357            STA ,U
A383 33C9FE70         (./generated-code/):00380 [8]     1365            LEAU -400,U
                      (./generated-code/):00381                 
A387 ECC8D8           (./generated-code/):00382 [6]     1371            LDD -40,U
A38A 84F0             (./generated-code/):00383 [2]     1373            ANDA #$F0
A38C C40F             (./generated-code/):00384 [2]     1375            ANDB #$0F
A38E C30040           (./generated-code/):00385 [4]     1379            ADDD #$0040
A391 EDC8D8           (./generated-code/):00386 [6]     1385            STD -40,U
A394 A6C828           (./generated-code/):00387 [5]     1390            LDA 40,U
A397 840F             (./generated-code/):00388 [2]     1392            ANDA #$0F
A399 8A00             (./generated-code/):00389 [2]     1394            ORA #$00
A39B A7C828           (./generated-code/):00390 [5]     1399            STA 40,U
A39E 33C9FDD1         (./generated-code/):00391 [8]     1407            LEAU -559,U
                      (./generated-code/):00392                 
A3A2 A6C878           (./generated-code/):00393 [5]     1412            LDA 120,U
A3A5 840F             (./generated-code/):00394 [2]     1414            ANDA #$0F
A3A7 8A00             (./generated-code/):00395 [2]     1416            ORA #$00
A3A9 A7C878           (./generated-code/):00396 [5]     1421            STA 120,U
A3AC A6C850           (./generated-code/):00397 [5]     1426            LDA 80,U
A3AF 840F             (./generated-code/):00398 [2]     1428            ANDA #$0F
A3B1 8A00             (./generated-code/):00399 [2]     1430            ORA #$00
A3B3 A7C850           (./generated-code/):00400 [5]     1435            STA 80,U
A3B6 A6C828           (./generated-code/):00401 [5]     1440            LDA 40,U
A3B9 840F             (./generated-code/):00402 [2]     1442            ANDA #$0F
A3BB 8A00             (./generated-code/):00403 [2]     1444            ORA #$00
A3BD A7C828           (./generated-code/):00404 [5]     1449            STA 40,U
A3C0 A6C8B0           (./generated-code/):00405 [5]     1454            LDA -80,U
A3C3 84F0             (./generated-code/):00406 [2]     1456            ANDA #$F0
A3C5 8A00             (./generated-code/):00407 [2]     1458            ORA #$00
A3C7 A7C8B0           (./generated-code/):00408 [5]     1463            STA -80,U
A3CA ECC8D8           (./generated-code/):00409 [6]     1469            LDD -40,U
A3CD 84F0             (./generated-code/):00410 [2]     1471            ANDA #$F0
A3CF C40F             (./generated-code/):00411 [2]     1473            ANDB #$0F
A3D1 C30010           (./generated-code/):00412 [4]     1477            ADDD #$0010
A3D4 EDC8D8           (./generated-code/):00413 [6]     1483            STD -40,U
A3D7 ECC888           (./generated-code/):00414 [6]     1489            LDD -120,U
A3DA 84F0             (./generated-code/):00415 [2]     1491            ANDA #$F0
A3DC C4F0             (./generated-code/):00416 [2]     1493            ANDB #$F0
A3DE C30000           (./generated-code/):00417 [4]     1497            ADDD #$0000
A3E1 EDC888           (./generated-code/):00418 [6]     1503            STD -120,U
A3E4 33C9FF61         (./generated-code/):00419 [8]     1511            LEAU -159,U
                      (./generated-code/):00420                 
A3E8 A6C4             (./generated-code/):00421 [4]     1515            LDA ,U
A3EA 840F             (./generated-code/):00422 [2]     1517            ANDA #$0F
A3EC 8A00             (./generated-code/):00423 [2]     1519            ORA #$00
A3EE A7C4             (./generated-code/):00424 [4]     1523            STA ,U
                      (./generated-code/):00425                 
A3F0 DEFC             (./generated-code/):00426 [5]     1528            LDU <glb_screen_location_1
A3F2 33C90779         (./generated-code/):00427 [8]     1536            LEAU 1913,U
                      (./generated-code/):00428                 
A3F6 8600             (./generated-code/):00429 [2]     1538            LDA #$00
A3F8 A7C852           (./generated-code/):00430 [5]     1543            STA 82,U
A3FB A7C8AF           (./generated-code/):00431 [5]     1548            STA -81,U
A3FE A7C896           (./generated-code/):00432 [5]     1553            STA -106,U
A401 A7C886           (./generated-code/):00433 [5]     1558            STA -122,U
A404 ECC85A           (./generated-code/):00434 [6]     1564            LDD 90,U
A407 84F0             (./generated-code/):00435 [2]     1566            ANDA #$F0
A409 C40F             (./generated-code/):00436 [2]     1568            ANDB #$0F
A40B C30000           (./generated-code/):00437 [4]     1572            ADDD #$0000
A40E EDC85A           (./generated-code/):00438 [6]     1578            STD 90,U
A411 A6C87A           (./generated-code/):00439 [5]     1583            LDA 122,U
A414 840F             (./generated-code/):00440 [2]     1585            ANDA #$0F
A416 8A00             (./generated-code/):00441 [2]     1587            ORA #$00
A418 A7C87A           (./generated-code/):00442 [5]     1592            STA 122,U
A41B A6C8DB           (./generated-code/):00443 [5]     1597            LDA -37,U
A41E 840F             (./generated-code/):00444 [2]     1599            ANDA #$0F
A420 8A00             (./generated-code/):00445 [2]     1601            ORA #$00
A422 A7C8DB           (./generated-code/):00446 [5]     1606            STA -37,U
A425 A6C8B3           (./generated-code/):00447 [5]     1611            LDA -77,U
A428 840F             (./generated-code/):00448 [2]     1613            ANDA #$0F
A42A 8A10             (./generated-code/):00449 [2]     1615            ORA #$10
A42C A7C8B3           (./generated-code/):00450 [5]     1620            STA -77,U
A42F ECC832           (./generated-code/):00451 [6]     1626            LDD 50,U
A432 84F0             (./generated-code/):00452 [2]     1628            ANDA #$F0
A434 8A00             (./generated-code/):00453 [2]     1630            ORA #$00
A436 C600             (./generated-code/):00454 [2]     1632            LDB #$00
A438 EDC832           (./generated-code/):00455 [6]     1638            STD 50,U
A43B EC4B             (./generated-code/):00456 [6]     1644            LDD 11,U
A43D 84F0             (./generated-code/):00457 [2]     1646            ANDA #$F0
A43F 8A00             (./generated-code/):00458 [2]     1648            ORA #$00
A441 C600             (./generated-code/):00459 [2]     1650            LDB #$00
A443 ED4B             (./generated-code/):00460 [6]     1656            STD 11,U
A445 ECC8D7           (./generated-code/):00461 [6]     1662            LDD -41,U
A448 84F0             (./generated-code/):00462 [2]     1664            ANDA #$F0
A44A 8A00             (./generated-code/):00463 [2]     1666            ORA #$00
A44C C600             (./generated-code/):00464 [2]     1668            LDB #$00
A44E EDC8D7           (./generated-code/):00465 [6]     1674            STD -41,U
A451 CC0000           (./generated-code/):00466 [3]     1677            LDD #$0000
A454 EDC829           (./generated-code/):00467 [6]     1683            STD 41,U
A457 EDC4             (./generated-code/):00468 [5]     1688            STD ,U
A459 EDC8E4           (./generated-code/):00469 [6]     1694            STD -28,U
A45C ECC8BD           (./generated-code/):00470 [6]     1700            LDD -67,U
A45F 8600             (./generated-code/):00471 [2]     1702            LDA #$00
A461 C40F             (./generated-code/):00472 [2]     1704            ANDB #$0F
A463 CA00             (./generated-code/):00473 [2]     1706            ORB #$00
A465 EDC8BD           (./generated-code/):00474 [6]     1712            STD -67,U
A468 ECC892           (./generated-code/):00475 [6]     1718            LDD -110,U
A46B 8611             (./generated-code/):00476 [2]     1720            LDA #$11
A46D C40F             (./generated-code/):00477 [2]     1722            ANDB #$0F
A46F CA10             (./generated-code/):00478 [2]     1724            ORB #$10
A471 EDC892           (./generated-code/):00479 [6]     1730            STD -110,U
A474 ECC88A           (./generated-code/):00480 [6]     1736            LDD -118,U
A477 8611             (./generated-code/):00481 [2]     1738            LDA #$11
A479 C40F             (./generated-code/):00482 [2]     1740            ANDB #$0F
A47B CA10             (./generated-code/):00483 [2]     1742            ORB #$10
A47D EDC88A           (./generated-code/):00484 [6]     1748            STD -118,U
A480 A7C8BA           (./generated-code/):00485 [5]     1753            STA -70,U
A483 33C9FEF4         (./generated-code/):00486 [8]     1761            LEAU -268,U
                      (./generated-code/):00487                 
A487 8600             (./generated-code/):00488 [2]     1763            LDA #$00
A489 A7C87B           (./generated-code/):00489 [5]     1768            STA 123,U
A48C ECC876           (./generated-code/):00490 [6]     1774            LDD 118,U
A48F 84F0             (./generated-code/):00491 [2]     1776            ANDA #$F0
A491 8A01             (./generated-code/):00492 [2]     1778            ORA #$01
A493 C611             (./generated-code/):00493 [2]     1780            LDB #$11
A495 EDC876           (./generated-code/):00494 [6]     1786            STD 118,U
A498 ECC84F           (./generated-code/):00495 [6]     1792            LDD 79,U
A49B 84F0             (./generated-code/):00496 [2]     1794            ANDA #$F0
A49D 8A01             (./generated-code/):00497 [2]     1796            ORA #$01
A49F C611             (./generated-code/):00498 [2]     1798            LDB #$11
A4A1 EDC84F           (./generated-code/):00499 [6]     1804            STD 79,U
A4A4 ECC81B           (./generated-code/):00500 [6]     1810            LDD 27,U
A4A7 84F0             (./generated-code/):00501 [2]     1812            ANDA #$F0
A4A9 8A01             (./generated-code/):00502 [2]     1814            ORA #$01
A4AB C611             (./generated-code/):00503 [2]     1816            LDB #$11
A4AD EDC81B           (./generated-code/):00504 [6]     1822            STD 27,U
A4B0 EC52             (./generated-code/):00505 [6]     1828            LDD -14,U
A4B2 84F0             (./generated-code/):00506 [2]     1830            ANDA #$F0
A4B4 8A01             (./generated-code/):00507 [2]     1832            ORA #$01
A4B6 C611             (./generated-code/):00508 [2]     1834            LDB #$11
A4B8 ED52             (./generated-code/):00509 [6]     1840            STD -14,U
A4BA ECC86E           (./generated-code/):00510 [6]     1846            LDD 110,U
A4BD 8611             (./generated-code/):00511 [2]     1848            LDA #$11
A4BF C40F             (./generated-code/):00512 [2]     1850            ANDB #$0F
A4C1 CA40             (./generated-code/):00513 [2]     1852            ORB #$40
A4C3 EDC86E           (./generated-code/):00514 [6]     1858            STD 110,U
A4C6 A6C847           (./generated-code/):00515 [5]     1863            LDA 71,U
A4C9 840F             (./generated-code/):00516 [2]     1865            ANDA #$0F
A4CB 8A40             (./generated-code/):00517 [2]     1867            ORA #$40
A4CD A7C847           (./generated-code/):00518 [5]     1872            STA 71,U
A4D0 A6C841           (./generated-code/):00519 [5]     1877            LDA 65,U
A4D3 84F0             (./generated-code/):00520 [2]     1879            ANDA #$F0
A4D5 8A01             (./generated-code/):00521 [2]     1881            ORA #$01
A4D7 A7C841           (./generated-code/):00522 [5]     1886            STA 65,U
A4DA A6C81F           (./generated-code/):00523 [5]     1891            LDA 31,U
A4DD 840F             (./generated-code/):00524 [2]     1893            ANDA #$0F
A4DF 8A40             (./generated-code/):00525 [2]     1895            ORA #$40
A4E1 A7C81F           (./generated-code/):00526 [5]     1900            STA 31,U
A4E4 A6C8B2           (./generated-code/):00527 [5]     1905            LDA -78,U
A4E7 84F0             (./generated-code/):00528 [2]     1907            ANDA #$F0
A4E9 8A04             (./generated-code/):00529 [2]     1909            ORA #$04
A4EB A7C8B2           (./generated-code/):00530 [5]     1914            STA -78,U
A4EE A6C8A2           (./generated-code/):00531 [5]     1919            LDA -94,U
A4F1 84F0             (./generated-code/):00532 [2]     1921            ANDA #$F0
A4F3 8A04             (./generated-code/):00533 [2]     1923            ORA #$04
A4F5 A7C8A2           (./generated-code/):00534 [5]     1928            STA -94,U
A4F8 A6C88B           (./generated-code/):00535 [5]     1933            LDA -117,U
A4FB 840F             (./generated-code/):00536 [2]     1935            ANDA #$0F
A4FD 8A10             (./generated-code/):00537 [2]     1937            ORA #$10
A4FF A7C88B           (./generated-code/):00538 [5]     1942            STA -117,U
A502 A6C886           (./generated-code/):00539 [5]     1947            LDA -122,U
A505 840F             (./generated-code/):00540 [2]     1949            ANDA #$0F
A507 8A40             (./generated-code/):00541 [2]     1951            ORA #$40
A509 A7C886           (./generated-code/):00542 [5]     1956            STA -122,U
A50C ECC869           (./generated-code/):00543 [6]     1962            LDD 105,U
A50F 84F0             (./generated-code/):00544 [2]     1964            ANDA #$F0
A511 C40F             (./generated-code/):00545 [2]     1966            ANDB #$0F
A513 C30000           (./generated-code/):00546 [4]     1970            ADDD #$0000
A516 EDC869           (./generated-code/):00547 [6]     1976            STD 105,U
A519 ECC8CA           (./generated-code/):00548 [6]     1982            LDD -54,U
A51C 84F0             (./generated-code/):00549 [2]     1984            ANDA #$F0
A51E C40F             (./generated-code/):00550 [2]     1986            ANDB #$0F
A520 C30110           (./generated-code/):00551 [4]     1990            ADDD #$0110
A523 EDC8CA           (./generated-code/):00552 [6]     1996            STD -54,U
A526 8611             (./generated-code/):00553 [2]     1998            LDA #$11
A528 A7C86D           (./generated-code/):00554 [5]     2003            STA 109,U
A52B A7C8DA           (./generated-code/):00555 [5]     2008            STA -38,U
A52E CC1111           (./generated-code/):00556 [3]     2011            LDD #$1111
A531 EDC844           (./generated-code/):00557 [6]     2017            STD 68,U
A534 EDC828           (./generated-code/):00558 [6]     2023            STD 40,U
A537 ED41             (./generated-code/):00559 [6]     2029            STD 1,U
A539 33C9FEE2         (./generated-code/):00560 [8]     2037            LEAU -286,U
                      (./generated-code/):00561                 
A53D 8644             (./generated-code/):00562 [2]     2039            LDA #$44
A53F A7C854           (./generated-code/):00563 [5]     2044            STA 84,U
A542 A7C82C           (./generated-code/):00564 [5]     2049            STA 44,U
A545 A7C884           (./generated-code/):00565 [5]     2054            STA -124,U
A548 A6C87C           (./generated-code/):00566 [5]     2059            LDA 124,U
A54B 840F             (./generated-code/):00567 [2]     2061            ANDA #$0F
A54D 8A40             (./generated-code/):00568 [2]     2063            ORA #$40
A54F A7C87C           (./generated-code/):00569 [5]     2068            STA 124,U
A552 A6C830           (./generated-code/):00570 [5]     2073            LDA 48,U
A555 840F             (./generated-code/):00571 [2]     2075            ANDA #$0F
A557 8A40             (./generated-code/):00572 [2]     2077            ORA #$40
A559 A7C830           (./generated-code/):00573 [5]     2082            STA 48,U
A55C A648             (./generated-code/):00574 [5]     2087            LDA 8,U
A55E 840F             (./generated-code/):00575 [2]     2089            ANDA #$0F
A560 8A40             (./generated-code/):00576 [2]     2091            ORA #$40
A562 A748             (./generated-code/):00577 [5]     2096            STA 8,U
A564 A644             (./generated-code/):00578 [5]     2101            LDA 4,U
A566 84F0             (./generated-code/):00579 [2]     2103            ANDA #$F0
A568 8A04             (./generated-code/):00580 [2]     2105            ORA #$04
A56A A744             (./generated-code/):00581 [5]     2110            STA 4,U
A56C A65C             (./generated-code/):00582 [5]     2115            LDA -4,U
A56E 84F0             (./generated-code/):00583 [2]     2117            ANDA #$F0
A570 8A04             (./generated-code/):00584 [2]     2119            ORA #$04
A572 A75C             (./generated-code/):00585 [5]     2124            STA -4,U
A574 A6C8DC           (./generated-code/):00586 [5]     2129            LDA -36,U
A577 84F0             (./generated-code/):00587 [2]     2131            ANDA #$F0
A579 8A04             (./generated-code/):00588 [2]     2133            ORA #$04
A57B A7C8DC           (./generated-code/):00589 [5]     2138            STA -36,U
A57E A6C8D4           (./generated-code/):00590 [5]     2143            LDA -44,U
A581 84F0             (./generated-code/):00591 [2]     2145            ANDA #$F0
A583 8A04             (./generated-code/):00592 [2]     2147            ORA #$04
A585 A7C8D4           (./generated-code/):00593 [5]     2152            STA -44,U
A588 A6C8AC           (./generated-code/):00594 [5]     2157            LDA -84,U
A58B 84F0             (./generated-code/):00595 [2]     2159            ANDA #$F0
A58D 8A04             (./generated-code/):00596 [2]     2161            ORA #$04
A58F A7C8AC           (./generated-code/):00597 [5]     2166            STA -84,U
A592 33C9FEE8         (./generated-code/):00598 [8]     2174            LEAU -280,U
                      (./generated-code/):00599                 
A596 A6C874           (./generated-code/):00600 [5]     2179            LDA 116,U
A599 840F             (./generated-code/):00601 [2]     2181            ANDA #$0F
A59B 8A40             (./generated-code/):00602 [2]     2183            ORA #$40
A59D A7C874           (./generated-code/):00603 [5]     2188            STA 116,U
A5A0 A6C871           (./generated-code/):00604 [5]     2193            LDA 113,U
A5A3 840F             (./generated-code/):00605 [2]     2195            ANDA #$0F
A5A5 8A40             (./generated-code/):00606 [2]     2197            ORA #$40
A5A7 A7C871           (./generated-code/):00607 [5]     2202            STA 113,U
A5AA A6C84C           (./generated-code/):00608 [5]     2207            LDA 76,U
A5AD 840F             (./generated-code/):00609 [2]     2209            ANDA #$0F
A5AF 8A40             (./generated-code/):00610 [2]     2211            ORA #$40
A5B1 A7C84C           (./generated-code/):00611 [5]     2216            STA 76,U
A5B4 A6C824           (./generated-code/):00612 [5]     2221            LDA 36,U
A5B7 840F             (./generated-code/):00613 [2]     2223            ANDA #$0F
A5B9 8A40             (./generated-code/):00614 [2]     2225            ORA #$40
A5BB A7C824           (./generated-code/):00615 [5]     2230            STA 36,U
A5BE A648             (./generated-code/):00616 [5]     2235            LDA 8,U
A5C0 84F0             (./generated-code/):00617 [2]     2237            ANDA #$F0
A5C2 8A00             (./generated-code/):00618 [2]     2239            ORA #$00
A5C4 A748             (./generated-code/):00619 [5]     2244            STA 8,U
A5C6 A658             (./generated-code/):00620 [5]     2249            LDA -8,U
A5C8 84F0             (./generated-code/):00621 [2]     2251            ANDA #$F0
A5CA 8A00             (./generated-code/):00622 [2]     2253            ORA #$00
A5CC A758             (./generated-code/):00623 [5]     2258            STA -8,U
A5CE A6C8B7           (./generated-code/):00624 [5]     2263            LDA -73,U
A5D1 84F0             (./generated-code/):00625 [2]     2265            ANDA #$F0
A5D3 8A04             (./generated-code/):00626 [2]     2267            ORA #$04
A5D5 A7C8B7           (./generated-code/):00627 [5]     2272            STA -73,U
A5D8 A6C8A9           (./generated-code/):00628 [5]     2277            LDA -87,U
A5DB 84F0             (./generated-code/):00629 [2]     2279            ANDA #$F0
A5DD 8A04             (./generated-code/):00630 [2]     2281            ORA #$04
A5DF A7C8A9           (./generated-code/):00631 [5]     2286            STA -87,U
A5E2 A6C88D           (./generated-code/):00632 [5]     2291            LDA -115,U
A5E5 840F             (./generated-code/):00633 [2]     2293            ANDA #$0F
A5E7 8A40             (./generated-code/):00634 [2]     2295            ORA #$40
A5E9 A7C88D           (./generated-code/):00635 [5]     2300            STA -115,U
A5EC 33C9FEE9         (./generated-code/):00636 [8]     2308            LEAU -279,U
                      (./generated-code/):00637                 
A5F0 A6C87F           (./generated-code/):00638 [5]     2313            LDA 127,U
A5F3 840F             (./generated-code/):00639 [2]     2315            ANDA #$0F
A5F5 8A00             (./generated-code/):00640 [2]     2317            ORA #$00
A5F7 A7C87F           (./generated-code/):00641 [5]     2322            STA 127,U
A5FA A6C87C           (./generated-code/):00642 [5]     2327            LDA 124,U
A5FD 840F             (./generated-code/):00643 [2]     2329            ANDA #$0F
A5FF 8A40             (./generated-code/):00644 [2]     2331            ORA #$40
A601 A7C87C           (./generated-code/):00645 [5]     2336            STA 124,U
A604 A6C857           (./generated-code/):00646 [5]     2341            LDA 87,U
A607 840F             (./generated-code/):00647 [2]     2343            ANDA #$0F
A609 8A00             (./generated-code/):00648 [2]     2345            ORA #$00
A60B A7C857           (./generated-code/):00649 [5]     2350            STA 87,U
A60E A6C854           (./generated-code/):00650 [5]     2355            LDA 84,U
A611 840F             (./generated-code/):00651 [2]     2357            ANDA #$0F
A613 8A40             (./generated-code/):00652 [2]     2359            ORA #$40
A615 A7C854           (./generated-code/):00653 [5]     2364            STA 84,U
A618 A6C82C           (./generated-code/):00654 [5]     2369            LDA 44,U
A61B 840F             (./generated-code/):00655 [2]     2371            ANDA #$0F
A61D 8A40             (./generated-code/):00656 [2]     2373            ORA #$40
A61F A7C82C           (./generated-code/):00657 [5]     2378            STA 44,U
A622 A644             (./generated-code/):00658 [5]     2383            LDA 4,U
A624 84F0             (./generated-code/):00659 [2]     2385            ANDA #$F0
A626 8A04             (./generated-code/):00660 [2]     2387            ORA #$04
A628 A744             (./generated-code/):00661 [5]     2392            STA 4,U
A62A A65A             (./generated-code/):00662 [5]     2397            LDA -6,U
A62C 84F0             (./generated-code/):00663 [2]     2399            ANDA #$F0
A62E 8A04             (./generated-code/):00664 [2]     2401            ORA #$04
A630 A75A             (./generated-code/):00665 [5]     2406            STA -6,U
A632 A6C8DC           (./generated-code/):00666 [5]     2411            LDA -36,U
A635 84F0             (./generated-code/):00667 [2]     2413            ANDA #$F0
A637 8A04             (./generated-code/):00668 [2]     2415            ORA #$04
A639 A7C8DC           (./generated-code/):00669 [5]     2420            STA -36,U
A63C A6C8D2           (./generated-code/):00670 [5]     2425            LDA -46,U
A63F 84F0             (./generated-code/):00671 [2]     2427            ANDA #$F0
A641 8A04             (./generated-code/):00672 [2]     2429            ORA #$04
A643 A7C8D2           (./generated-code/):00673 [5]     2434            STA -46,U
A646 A6C8D0           (./generated-code/):00674 [5]     2439            LDA -48,U
A649 840F             (./generated-code/):00675 [2]     2441            ANDA #$0F
A64B 8A00             (./generated-code/):00676 [2]     2443            ORA #$00
A64D A7C8D0           (./generated-code/):00677 [5]     2448            STA -48,U
A650 A6C8B4           (./generated-code/):00678 [5]     2453            LDA -76,U
A653 84F0             (./generated-code/):00679 [2]     2455            ANDA #$F0
A655 8A04             (./generated-code/):00680 [2]     2457            ORA #$04
A657 A7C8B4           (./generated-code/):00681 [5]     2462            STA -76,U
A65A A6C8AA           (./generated-code/):00682 [5]     2467            LDA -86,U
A65D 84F0             (./generated-code/):00683 [2]     2469            ANDA #$F0
A65F 8A04             (./generated-code/):00684 [2]     2471            ORA #$04
A661 A7C8AA           (./generated-code/):00685 [5]     2476            STA -86,U
A664 A6C8A8           (./generated-code/):00686 [5]     2481            LDA -88,U
A667 840F             (./generated-code/):00687 [2]     2483            ANDA #$0F
A669 8A00             (./generated-code/):00688 [2]     2485            ORA #$00
A66B A7C8A8           (./generated-code/):00689 [5]     2490            STA -88,U
A66E A6C88C           (./generated-code/):00690 [5]     2495            LDA -116,U
A671 84F0             (./generated-code/):00691 [2]     2497            ANDA #$F0
A673 8A04             (./generated-code/):00692 [2]     2499            ORA #$04
A675 A7C88C           (./generated-code/):00693 [5]     2504            STA -116,U
A678 A6C882           (./generated-code/):00694 [5]     2509            LDA -126,U
A67B 84F0             (./generated-code/):00695 [2]     2511            ANDA #$F0
A67D 8A04             (./generated-code/):00696 [2]     2513            ORA #$04
A67F A7C882           (./generated-code/):00697 [5]     2518            STA -126,U
A682 33C9FEC6         (./generated-code/):00698 [8]     2526            LEAU -314,U
                      (./generated-code/):00699                 
A686 A6C878           (./generated-code/):00700 [5]     2531            LDA 120,U
A689 84F0             (./generated-code/):00701 [2]     2533            ANDA #$F0
A68B 8A00             (./generated-code/):00702 [2]     2535            ORA #$00
A68D A7C878           (./generated-code/):00703 [5]     2540            STA 120,U
A690 A6C86C           (./generated-code/):00704 [5]     2545            LDA 108,U
A693 840F             (./generated-code/):00705 [2]     2547            ANDA #$0F
A695 8A40             (./generated-code/):00706 [2]     2549            ORA #$40
A697 A7C86C           (./generated-code/):00707 [5]     2554            STA 108,U
A69A A6C86A           (./generated-code/):00708 [5]     2559            LDA 106,U
A69D 84F0             (./generated-code/):00709 [2]     2561            ANDA #$F0
A69F 8A00             (./generated-code/):00710 [2]     2563            ORA #$00
A6A1 A7C86A           (./generated-code/):00711 [5]     2568            STA 106,U
A6A4 A6C850           (./generated-code/):00712 [5]     2573            LDA 80,U
A6A7 84F0             (./generated-code/):00713 [2]     2575            ANDA #$F0
A6A9 8A00             (./generated-code/):00714 [2]     2577            ORA #$00
A6AB A7C850           (./generated-code/):00715 [5]     2582            STA 80,U
A6AE A6C844           (./generated-code/):00716 [5]     2587            LDA 68,U
A6B1 840F             (./generated-code/):00717 [2]     2589            ANDA #$0F
A6B3 8A40             (./generated-code/):00718 [2]     2591            ORA #$40
A6B5 A7C844           (./generated-code/):00719 [5]     2596            STA 68,U
A6B8 A6C842           (./generated-code/):00720 [5]     2601            LDA 66,U
A6BB 84F0             (./generated-code/):00721 [2]     2603            ANDA #$F0
A6BD 8A00             (./generated-code/):00722 [2]     2605            ORA #$00
A6BF A7C842           (./generated-code/):00723 [5]     2610            STA 66,U
A6C2 A6C828           (./generated-code/):00724 [5]     2615            LDA 40,U
A6C5 84F0             (./generated-code/):00725 [2]     2617            ANDA #$F0
A6C7 8A00             (./generated-code/):00726 [2]     2619            ORA #$00
A6C9 A7C828           (./generated-code/):00727 [5]     2624            STA 40,U
A6CC A6C81C           (./generated-code/):00728 [5]     2629            LDA 28,U
A6CF 840F             (./generated-code/):00729 [2]     2631            ANDA #$0F
A6D1 8A40             (./generated-code/):00730 [2]     2633            ORA #$40
A6D3 A7C81C           (./generated-code/):00731 [5]     2638            STA 28,U
A6D6 A6C81A           (./generated-code/):00732 [5]     2643            LDA 26,U
A6D9 84F0             (./generated-code/):00733 [2]     2645            ANDA #$F0
A6DB 8A00             (./generated-code/):00734 [2]     2647            ORA #$00
A6DD A7C81A           (./generated-code/):00735 [5]     2652            STA 26,U
A6E0 A654             (./generated-code/):00736 [5]     2657            LDA -12,U
A6E2 840F             (./generated-code/):00737 [2]     2659            ANDA #$0F
A6E4 8A40             (./generated-code/):00738 [2]     2661            ORA #$40
A6E6 A754             (./generated-code/):00739 [5]     2666            STA -12,U
A6E8 A6C8D8           (./generated-code/):00740 [5]     2671            LDA -40,U
A6EB 840F             (./generated-code/):00741 [2]     2673            ANDA #$0F
A6ED 8A00             (./generated-code/):00742 [2]     2675            ORA #$00
A6EF A7C8D8           (./generated-code/):00743 [5]     2680            STA -40,U
A6F2 A6C8CB           (./generated-code/):00744 [5]     2685            LDA -53,U
A6F5 84F0             (./generated-code/):00745 [2]     2687            ANDA #$F0
A6F7 8A01             (./generated-code/):00746 [2]     2689            ORA #$01
A6F9 A7C8CB           (./generated-code/):00747 [5]     2694            STA -53,U
A6FC A6C8B0           (./generated-code/):00748 [5]     2699            LDA -80,U
A6FF 840F             (./generated-code/):00749 [2]     2701            ANDA #$0F
A701 8A00             (./generated-code/):00750 [2]     2703            ORA #$00
A703 A7C8B0           (./generated-code/):00751 [5]     2708            STA -80,U
A706 ECC887           (./generated-code/):00752 [6]     2714            LDD -121,U
A709 84F0             (./generated-code/):00753 [2]     2716            ANDA #$F0
A70B C40F             (./generated-code/):00754 [2]     2718            ANDB #$0F
A70D C30100           (./generated-code/):00755 [4]     2722            ADDD #$0100
A710 EDC887           (./generated-code/):00756 [6]     2728            STD -121,U
A713 33C9FF37         (./generated-code/):00757 [8]     2736            LEAU -201,U
                      (./generated-code/):00758                 
A717 A6C828           (./generated-code/):00759 [5]     2741            LDA 40,U
A71A 840F             (./generated-code/):00760 [2]     2743            ANDA #$0F
A71C 8A40             (./generated-code/):00761 [2]     2745            ORA #$40
A71E A7C828           (./generated-code/):00762 [5]     2750            STA 40,U
A721 A6C4             (./generated-code/):00763 [4]     2754            LDA ,U
A723 840F             (./generated-code/):00764 [2]     2756            ANDA #$0F
A725 8A10             (./generated-code/):00765 [2]     2758            ORA #$10
A727 A7C4             (./generated-code/):00766 [4]     2762            STA ,U
A729 A654             (./generated-code/):00767 [5]     2767            LDA -12,U
A72B 84F0             (./generated-code/):00768 [2]     2769            ANDA #$F0
A72D 8A01             (./generated-code/):00769 [2]     2771            ORA #$01
A72F A754             (./generated-code/):00770 [5]     2776            STA -12,U
A731 A6C8D8           (./generated-code/):00771 [5]     2781            LDA -40,U
A734 840F             (./generated-code/):00772 [2]     2783            ANDA #$0F
A736 8A10             (./generated-code/):00773 [2]     2785            ORA #$10
A738 A7C8D8           (./generated-code/):00774 [5]     2790            STA -40,U
A73B 33C9F9E2         (./generated-code/):00775 [8]     2798            LEAU -1566,U
                      (./generated-code/):00776                 
A73F 8611             (./generated-code/):00777 [2]     2800            LDA #$11
A741 A7C8D7           (./generated-code/):00778 [5]     2805            STA -41,U
A744 A6C87A           (./generated-code/):00779 [5]     2810            LDA 122,U
A747 84F0             (./generated-code/):00780 [2]     2812            ANDA #$F0
A749 8A00             (./generated-code/):00781 [2]     2814            ORA #$00
A74B A7C87A           (./generated-code/):00782 [5]     2819            STA 122,U
A74E A6C82B           (./generated-code/):00783 [5]     2824            LDA 43,U
A751 840F             (./generated-code/):00784 [2]     2826            ANDA #$0F
A753 8A10             (./generated-code/):00785 [2]     2828            ORA #$10
A755 A7C82B           (./generated-code/):00786 [5]     2833            STA 43,U
A758 A6C4             (./generated-code/):00787 [4]     2837            LDA ,U
A75A 840F             (./generated-code/):00788 [2]     2839            ANDA #$0F
A75C 8A10             (./generated-code/):00789 [2]     2841            ORA #$10
A75E A7C4             (./generated-code/):00790 [4]     2845            STA ,U
A760 A6C8AE           (./generated-code/):00791 [5]     2850            LDA -82,U
A763 84F0             (./generated-code/):00792 [2]     2852            ANDA #$F0
A765 8A01             (./generated-code/):00793 [2]     2854            ORA #$01
A767 A7C8AE           (./generated-code/):00794 [5]     2859            STA -82,U
A76A ECC885           (./generated-code/):00795 [6]     2865            LDD -123,U
A76D 84F0             (./generated-code/):00796 [2]     2867            ANDA #$F0
A76F C40F             (./generated-code/):00797 [2]     2869            ANDB #$0F
A771 C30110           (./generated-code/):00798 [4]     2873            ADDD #$0110
A774 EDC885           (./generated-code/):00799 [6]     2879            STD -123,U
A777 33C9FE96         (./generated-code/):00800 [8]     2887            LEAU -362,U
                      (./generated-code/):00801                 
A77B A6C879           (./generated-code/):00802 [5]     2892            LDA 121,U
A77E 84F0             (./generated-code/):00803 [2]     2894            ANDA #$F0
A780 8A04             (./generated-code/):00804 [2]     2896            ORA #$04
A782 A7C879           (./generated-code/):00805 [5]     2901            STA 121,U
A785 A6C888           (./generated-code/):00806 [5]     2906            LDA -120,U
A788 840F             (./generated-code/):00807 [2]     2908            ANDA #$0F
A78A 8A10             (./generated-code/):00808 [2]     2910            ORA #$10
A78C A7C888           (./generated-code/):00809 [5]     2915            STA -120,U
A78F 33C9FEAE         (./generated-code/):00810 [8]     2923            LEAU -338,U
                      (./generated-code/):00811                 
A793 A6C83E           (./generated-code/):00812 [5]     2928            LDA 62,U
A796 84F0             (./generated-code/):00813 [2]     2930            ANDA #$F0
A798 8A00             (./generated-code/):00814 [2]     2932            ORA #$00
A79A A7C83E           (./generated-code/):00815 [5]     2937            STA 62,U
A79D A6C83B           (./generated-code/):00816 [5]     2942            LDA 59,U
A7A0 840F             (./generated-code/):00817 [2]     2944            ANDA #$0F
A7A2 8A40             (./generated-code/):00818 [2]     2946            ORA #$40
A7A4 A7C83B           (./generated-code/):00819 [5]     2951            STA 59,U
A7A7 A6C8EB           (./generated-code/):00820 [5]     2956            LDA -21,U
A7AA 84F0             (./generated-code/):00821 [2]     2958            ANDA #$F0
A7AC 8A04             (./generated-code/):00822 [2]     2960            ORA #$04
A7AE A7C8EB           (./generated-code/):00823 [5]     2965            STA -21,U
A7B1 A6C8C3           (./generated-code/):00824 [5]     2970            LDA -61,U
A7B4 84F0             (./generated-code/):00825 [2]     2972            ANDA #$F0
A7B6 8A04             (./generated-code/):00826 [2]     2974            ORA #$04
A7B8 A7C8C3           (./generated-code/):00827 [5]     2979            STA -61,U
A7BB 33C9FE20         (./generated-code/):00828 [8]     2987            LEAU -480,U
                      (./generated-code/):00829                 
A7BF A6C863           (./generated-code/):00830 [5]     2992            LDA 99,U
A7C2 840F             (./generated-code/):00831 [2]     2994            ANDA #$0F
A7C4 8A00             (./generated-code/):00832 [2]     2996            ORA #$00
A7C6 A7C863           (./generated-code/):00833 [5]     3001            STA 99,U
A7C9 A6C83B           (./generated-code/):00834 [5]     3006            LDA 59,U
A7CC 840F             (./generated-code/):00835 [2]     3008            ANDA #$0F
A7CE 8A00             (./generated-code/):00836 [2]     3010            ORA #$00
A7D0 A7C83B           (./generated-code/):00837 [5]     3015            STA 59,U
A7D3 A6C813           (./generated-code/):00838 [5]     3020            LDA 19,U
A7D6 84F0             (./generated-code/):00839 [2]     3022            ANDA #$F0
A7D8 8A00             (./generated-code/):00840 [2]     3024            ORA #$00
A7DA A7C813           (./generated-code/):00841 [5]     3029            STA 19,U
A7DD A6C8EB           (./generated-code/):00842 [5]     3034            LDA -21,U
A7E0 84F0             (./generated-code/):00843 [2]     3036            ANDA #$F0
A7E2 8A00             (./generated-code/):00844 [2]     3038            ORA #$00
A7E4 A7C8EB           (./generated-code/):00845 [5]     3043            STA -21,U
A7E7 A6C89D           (./generated-code/):00846 [5]     3048            LDA -99,U
A7EA 84F0             (./generated-code/):00847 [2]     3050            ANDA #$F0
A7EC 8A00             (./generated-code/):00848 [2]     3052            ORA #$00
A7EE A7C89D           (./generated-code/):00849 [5]     3057            STA -99,U
A7F1 33C9FEC0         (./generated-code/):00850 [8]     3065            LEAU -320,U
                      (./generated-code/):00851                 
A7F5 A6C865           (./generated-code/):00852 [5]     3070            LDA 101,U
A7F8 840F             (./generated-code/):00853 [2]     3072            ANDA #$0F
A7FA 8A00             (./generated-code/):00854 [2]     3074            ORA #$00
A7FC A7C865           (./generated-code/):00855 [5]     3079            STA 101,U
A7FF A6C8C4           (./generated-code/):00856 [5]     3084            LDA -60,U
A802 840F             (./generated-code/):00857 [2]     3086            ANDA #$0F
A804 8A00             (./generated-code/):00858 [2]     3088            ORA #$00
A806 A7C8C4           (./generated-code/):00859 [5]     3093            STA -60,U
A809 A6C89C           (./generated-code/):00860 [5]     3098            LDA -100,U
A80C 84F0             (./generated-code/):00861 [2]     3100            ANDA #$F0
A80E 8A00             (./generated-code/):00862 [2]     3102            ORA #$00
A810 A7C89C           (./generated-code/):00863 [5]     3107            STA -100,U
A813 39               (./generated-code/):00864 [5]     3112            RTS
                      (./generated-code/):00865                 
