                      (./generated-code/):00001                 INCLUDE "./engine/constants.asm"
                      (./engine/constant):00001         * ---------------------------------------------------------------------------
                      (./engine/constant):00002         * Constants
                      (./engine/constant):00003         *
                      (./engine/constant):00004         * Naming convention
                      (./engine/constant):00005         * -----------------
                      (./engine/constant):00006         * - lower case
                      (./engine/constant):00007         * - underscore-separated names
                      (./engine/constant):00008         *
                      (./engine/constant):00009         * ---------------------------------------------------------------------------
                      (./engine/constant):00010         
                      (./engine/constant):00011          ifndef CONSTANTS_ASM
     0001             (./engine/constant):00012         CONSTANTS_ASM equ 1
                      (./engine/constant):00013         
                      (./engine/constant):00014         * ===========================================================================
                      (./engine/constant):00015         * TO8 Registers
                      (./engine/constant):00016         * ===========================================================================
                      (./engine/constant):00017         
                      (./engine/constant):00018         ; Disk routine registers (ROM)
                      (./engine/constant):00019         
     6049             (./engine/constant):00020         dk_drive                      equ $6049
     604A             (./engine/constant):00021         dk_track                      equ $604A
     604B             (./engine/constant):00022         dk_track_lsb                  equ $604B
     604C             (./engine/constant):00023         dk_sector                     equ $604C
     604F             (./engine/constant):00024         dk_write_location             equ $604F
                      (./engine/constant):00025         
                      (./engine/constant):00026         * ===========================================================================
                      (./engine/constant):00027         * Globals
                      (./engine/constant):00028         * ===========================================================================
                      (./engine/constant):00029         
                      (./engine/constant):00030         ; compilated sprite
     9FFE             (./engine/constant):00031         glb_register_s                equ $9FFE  ; reverved space to store S from ROM routines
                      (./engine/constant):00032         
                      (./engine/constant):00033         ; DrawSprites
     9FFC             (./engine/constant):00034         glb_screen_location_1         equ $9FFC  ; start address for rendering of current sprite Part1     
     9FFA             (./engine/constant):00035         glb_screen_location_2         equ $9FFA  ; start address for rendering of current sprite Part2 (Must follow Part1)
                      (./engine/constant):00036         
                      (./engine/constant):00037         ; CheckSpritesRefresh
     9FF9             (./engine/constant):00038         glb_cur_priority              equ $9FF9
     9FF7             (./engine/constant):00039         glb_cur_ptr_sub_obj_erase     equ $9FF7
     9FF5             (./engine/constant):00040         glb_cur_ptr_sub_obj_draw      equ $9FF5
                      (./engine/constant):00041         
     9FF3             (./engine/constant):00042         glb_camera_x_pos              equ $9FF3 ; camera x position in palyfield coordinates
     9FF1             (./engine/constant):00043         glb_camera_y_pos              equ $9FF1 ; camera y position in palyfield coordinates
     9FEF             (./engine/constant):00044         glb_camera_x_min_pos          equ $9FEF
     9FED             (./engine/constant):00045         glb_camera_y_min_pos          equ $9FED
     9FEB             (./engine/constant):00046         glb_camera_x_max_pos          equ $9FEB
     9FE9             (./engine/constant):00047         glb_camera_y_max_pos          equ $9FE9
     9FE8             (./engine/constant):00048         glb_camera_x_offset           equ $9FE8
     9FE7             (./engine/constant):00049         glb_camera_y_offset           equ $9FE7 
     9FE6             (./engine/constant):00050         glb_force_sprite_refresh      equ $9FE6
     9FE5             (./engine/constant):00051         glb_camera_move               equ $9FE5
     9FE4             (./engine/constant):00052         glb_alphaTiles                equ $9FE4
     9FE3             (./engine/constant):00053         glb_timer_second              equ $9FE3
     9FE2             (./engine/constant):00054         glb_timer_minute              equ $9FE2
     9FE2             (./engine/constant):00055         glb_timer                     equ $9FE2 
     9FE1             (./engine/constant):00056         glb_timer_frame               equ $9FE1
                      (./engine/constant):00057         
                      (./engine/constant):00058         ; BankSwitch
     9FE0             (./engine/constant):00059         glb_Page                      equ $9FE0
     9FB0             (./engine/constant):00060         dp_engine                     equ $9FB0 ; engine and user routines tmp var space
     9F00             (./engine/constant):00061         dp                            equ $9F00 ; free user tmp var space
     9F00             (./engine/constant):00062         glb_system_stack              equ $9F00
                      (./engine/constant):00063         
                      (./engine/constant):00064         * ===========================================================================
                      (./engine/constant):00065         * Display Constants
                      (./engine/constant):00066         * ===========================================================================
                      (./engine/constant):00067         
     00A0             (./engine/constant):00068         screen_width                  equ 160    ; in pixel
     001C             (./engine/constant):00069         screen_top                    equ 28     ; in pixel
     00E3             (./engine/constant):00070         screen_bottom                 equ 28+199 ; in pixel
     0030             (./engine/constant):00071         screen_left                   equ 48     ; in pixel
     00CF             (./engine/constant):00072         screen_right                  equ 48+159 ; in pixel
     0008             (./engine/constant):00073         nb_priority_levels            equ 8      ; number of priority levels (need code change if modified)
                      (./engine/constant):00074         
                      (./engine/constant):00075         * ===========================================================================
                      (./engine/constant):00076         * Images Constants
                      (./engine/constant):00077         * ===========================================================================
                      (./engine/constant):00078         
     0004             (./engine/constant):00079         image_x_size                  equ 4
     0005             (./engine/constant):00080         image_y_size                  equ 5
     0006             (./engine/constant):00081         image_center_offset           equ 6
                      (./engine/constant):00082         
     0004             (./engine/constant):00083         image_subset_x1_offset        equ 4
     0005             (./engine/constant):00084         image_subset_y1_offset        equ 5
                      (./engine/constant):00085         
     0000             (./engine/constant):00086         page_draw_routine             equ 0
     0001             (./engine/constant):00087         draw_routine                  equ 1
     0003             (./engine/constant):00088         page_erase_routine            equ 3
     0004             (./engine/constant):00089         erase_routine                 equ 4
     0006             (./engine/constant):00090         erase_nb_cell                 equ 6
                      (./engine/constant):00091         
                      (./engine/constant):00092         * ===========================================================================
                      (./engine/constant):00093         * Sound Constants
                      (./engine/constant):00094         * ===========================================================================
                      (./engine/constant):00095         
     0000             (./engine/constant):00096         sound_page        equ 0
     0001             (./engine/constant):00097         sound_start_addr  equ 1
     0003             (./engine/constant):00098         sound_end_addr    equ 3
     0005             (./engine/constant):00099         sound_meta_size   equ 5
                      (./engine/constant):00100         
                      (./engine/constant):00101         * ===========================================================================
                      (./engine/constant):00102         * Object Constants
                      (./engine/constant):00103         * ===========================================================================
                      (./engine/constant):00104         
                      (./engine/constant):00105         ; ext_variables_size should be declared in game source code
                      (./engine/constant):00106         
     0022             (./engine/constant):00107         object_base_size              equ 34  ; the size of an object without ext_vars - DEPENDENCY ClearObj routine
     003B             (./engine/constant):00108         object_rsvd_size              equ 59  ; the size of an object without ext_vars - DEPENDENCY ClearObj routine
     ????             (./engine/constant):00109         object_rsvd                   equ object_base_size+ext_variables_size
     ????             (./engine/constant):00110         object_size                   equ object_base_size+ext_variables_size+object_rsvd_size ; the size of a dynamic object
     ????             (./engine/constant):00111         next_object                   equ object_size
     0022             (./engine/constant):00112         ext_variables                 equ object_base_size ; start of reserved space for additionnal variables
                      (./engine/constant):00113         
     0000             (./engine/constant):00114         id                            equ 0           ; reference to object model id (ObjID_) (0: free slot)
     0001             (./engine/constant):00115         subtype                       equ 1           ; reference to object subtype (Sub_) DEPENDENCY subtype must follow id
     0002             (./engine/constant):00116         render_flags                  equ 2
                      (./engine/constant):00117         
                      (./engine/constant):00118         ; bit 7 = onscreen flag, bit 0 = x mirror, bit 1 = y mirror, bit 2 = coordinate system, bit 6 = render subobjects
                      (./engine/constant):00119         
                      (./engine/constant):00120         * --- render_flags bitfield variables ---
     0001             (./engine/constant):00121         render_xmirror_mask           equ $01 ; (bit 0) DEPENDENCY should be bit 0 - tell display engine to mirror sprite on horizontal axis
     0002             (./engine/constant):00122         render_ymirror_mask           equ $02 ; (bit 1) DEPENDENCY should be bit 1 - tell display engine to mirror sprite on vertical axis
     0004             (./engine/constant):00123         render_overlay_mask           equ $04 ; (bit 2) DEPENDENCY should be bit 2 - compilated sprite with no background save
     0008             (./engine/constant):00124         render_playfieldcoord_mask    equ $08 ; (bit 3) tell display engine to use playfield (1) or screen (0) coordinates
     0010             (./engine/constant):00125         render_xloop_mask             equ $10 ; (bit 4) (in screen coordinate) tell display engine to hide sprite when x is out of screen (0) or to display (1)  
     0020             (./engine/constant):00126         render_todelete_mask          equ $20 ; (bit 5) tell display engine to delete sprite and clear OST for this object
     0040             (./engine/constant):00127         render_subobjects             equ $40 ; (bit 6) tell display engine to render subobjects for this object
     0080             (./engine/constant):00128         render_hide_mask              equ $80 ; (bit 7) tell display engine to hide sprite (keep priority and mapping_frame)
                      (./engine/constant):00129         
     0003             (./engine/constant):00130         priority                      equ 3           ; display priority (0: nothing to display, 1:front, ..., 8:back)
     0004             (./engine/constant):00131         anim                          equ 4  ; and 5  ; reference to current animation (Ani_)
     0006             (./engine/constant):00132         prev_anim                     equ 6  ; and 7  ; reference to previous animation (Ani_)
     0008             (./engine/constant):00133         anim_frame                    equ 8           ; index of current frame in animation
     0009             (./engine/constant):00134         anim_frame_duration           equ 9           ; number of frames for each image in animation, range: 00-7F (0-127), 0 means display only during one frame
     000A             (./engine/constant):00135         anim_flags                    equ 10          ; byte offset to reference an anim_flags LUT (adv) / store a link flag (non adv)
                      (./engine/constant):00136         
                      (./engine/constant):00137         * --- anim_flags bitfield variables ---
     0001             (./engine/constant):00138         anim_link_mask                equ $01 ; (bit 0) if set, allow the load of a new animation without reseting anim_frame and anim_frame_duration
                      (./engine/constant):00139         
     000B             (./engine/constant):00140         status_flags                  equ 11          ; orientation of sprite, is applied to animation xmirror flag during AnimateSprite
                      (./engine/constant):00141         
                      (./engine/constant):00142         * --- status_flags bitfield variables ---
     0001             (./engine/constant):00143         status_xflip_mask             equ $01 ; (bit 0) X Flip
     0002             (./engine/constant):00144         status_yflip_mask             equ $02 ; (bit 1) Y Flip
                      (./engine/constant):00145         
     000C             (./engine/constant):00146         image_set                     equ 12 ; and 13 ; reference to current image (Img_) (0000 if no image)
     000E             (./engine/constant):00147         x_pos                         equ 14 ; and 15 ; x playfield coordinate
     0010             (./engine/constant):00148         x_sub                         equ 16          ; x subpixel (1/256 of a pixel), must follow x_pos in data structure
     0011             (./engine/constant):00149         y_pos                         equ 17 ; and 18 ; y playfield coordinate
     0013             (./engine/constant):00150         y_sub                         equ 19          ; y subpixel (1/256 of a pixel), must follow y_pos in data structure
     0014             (./engine/constant):00151         xy_pixel                      equ 20          ; x and y screen coordinate
     0014             (./engine/constant):00152         x_pixel                       equ 20          ; x screen coordinate
     0015             (./engine/constant):00153         y_pixel                       equ 21          ; y screen coordinate, must follow x_pixel
     0016             (./engine/constant):00154         x_vel                         equ 22 ; and 23 ; horizontal velocity
     0018             (./engine/constant):00155         y_vel                         equ 24 ; and 25 ; vertical velocity
     001A             (./engine/constant):00156         x_acl                         equ 26 ; and 27 ; horizontal gravity
     001C             (./engine/constant):00157         y_acl                         equ 28 ; and 29 ; vertical gravity
     001E             (./engine/constant):00158         routine                       equ 30          ; index of current object routine
     001F             (./engine/constant):00159         routine_secondary             equ 31          ; index of current secondary routine
     0020             (./engine/constant):00160         routine_tertiary              equ 32          ; index of current tertiary routine
     0021             (./engine/constant):00161         routine_quaternary            equ 33          ; index of current quaternary routine
                      (./engine/constant):00162         
                      (./engine/constant):00163         * ---------------------------------------------------------------------------
                      (./engine/constant):00164         * reserved variables (read/write by engine)
                      (./engine/constant):00165         
     ????             (./engine/constant):00166         rsv_render_flags              equ object_rsvd
                      (./engine/constant):00167         
                      (./engine/constant):00168         * --- rsv_render_flags bitfield variables ---
     0001             (./engine/constant):00169         rsv_render_checkrefresh_mask  equ $01 ; (bit 0) if erasesprite and display sprite flag are processed for this frame
     0002             (./engine/constant):00170         rsv_render_erasesprite_mask   equ $02 ; (bit 1) if a sprite need to be cleared on screen
     0004             (./engine/constant):00171         rsv_render_displaysprite_mask equ $04 ; (bit 2) if a sprite need to be rendered on screen
     0008             (./engine/constant):00172         rsv_render_outofrange_mask    equ $08 ; (bit 3) if a sprite is out of range for full rendering in screen
     0080             (./engine/constant):00173         rsv_render_onscreen_mask      equ $80 ; (bit 7) DEPENDENCY should be bit 7 - has been rendered on last screen buffer (may be 0 or 1)
                      (./engine/constant):00174         
     ????             (./engine/constant):00175         rsv_prev_anim                 equ object_rsvd+1 ; and +2 ; reference to previous animation (Ani_) w * UTILE ?
     ????             (./engine/constant):00176         rsv_image_center_offset       equ object_rsvd+3 ; 0 or 1 offset that indicate if image center is even or odd (DRS_XYToAddress)
     ????             (./engine/constant):00177         rsv_image_subset              equ object_rsvd+4 ; and +5 ; reference to current image regarding mirror flags w
     ????             (./engine/constant):00178         rsv_mapping_frame             equ object_rsvd+6 ; and +7 ; reference to current image regarding mirror flags, overlay flag and x precision w
     ????             (./engine/constant):00179         rsv_erase_nb_cell             equ object_rsvd+8 ; b 
     ????             (./engine/constant):00180         rsv_page_draw_routine         equ object_rsvd+9 ; b
     ????             (./engine/constant):00181         rsv_draw_routine              equ object_rsvd+10 ; and +11 ; w
     ????             (./engine/constant):00182         rsv_page_erase_routine        equ object_rsvd+12 ; b
     ????             (./engine/constant):00183         rsv_erase_routine             equ object_rsvd+13 ; and +14 ; w 
     ????             (./engine/constant):00184         rsv_xy1_pixel                 equ object_rsvd+15 ;
     ????             (./engine/constant):00185         rsv_x1_pixel                  equ object_rsvd+15 ; x+x_offset-(x_size/2) screen coordinate
     ????             (./engine/constant):00186         rsv_y1_pixel                  equ object_rsvd+16 ; y+y_offset-(y_size/2) screen coordinate, must follow rsv_x1_pixel
     ????             (./engine/constant):00187         rsv_xy2_pixel                 equ object_rsvd+17 ;
     ????             (./engine/constant):00188         rsv_x2_pixel                  equ object_rsvd+17 ; x+x_offset+(x_size/2) screen coordinate
     ????             (./engine/constant):00189         rsv_y2_pixel                  equ object_rsvd+18 ; y+y_offset+(y_size/2) screen coordinate, must follow rsv_x2_pixel
                      (./engine/constant):00190         
                      (./engine/constant):00191         * ---------------------------------------------------------------------------
                      (./engine/constant):00192         * reserved variables (engine) - buffer specific
                      (./engine/constant):00193         
     ????             (./engine/constant):00194         rsv_buffer_0                  equ object_rsvd+19 ; Start index of buffer 0 variables
     ????             (./engine/constant):00195         rsv_priority_0                equ object_rsvd+19 ; internal value that hold priority in video buffer 0
     ????             (./engine/constant):00196         rsv_priority_prev_obj_0       equ object_rsvd+20 ; and +21 ; previous object (OST address) in display priority list for video buffer 0 (0000 if none) w
     ????             (./engine/constant):00197         rsv_priority_next_obj_0       equ object_rsvd+22 ; and +23 ; next object (OST address) in display priority list for video buffer 0 (0000 if none) w
     ????             (./engine/constant):00198         rsv_prev_mapping_frame_0      equ object_rsvd+24 ; and object_rsvd+25 ; reference to previous image in video buffer 0 w
     ????             (./engine/constant):00199         rsv_prev_erase_nb_cell_0      equ object_rsvd+26 : b
     ????             (./engine/constant):00200         rsv_prev_page_erase_routine_0 equ object_rsvd+27 ; b
     ????             (./engine/constant):00201         rsv_prev_erase_routine_0      equ object_rsvd+28 ; and object_rsvd+29 ; w
     ????             (./engine/constant):00202         rsv_bgdata_0                  equ object_rsvd+30 ; and +31 ; address of background data in screen 0 w
     ????             (./engine/constant):00203         rsv_prev_xy_pixel_0           equ object_rsvd+32 ;
     ????             (./engine/constant):00204         rsv_prev_x_pixel_0            equ object_rsvd+32 ; previous x screen coordinate b
     ????             (./engine/constant):00205         rsv_prev_y_pixel_0            equ object_rsvd+33 ; previous y screen coordinate b, must follow x_pixel
     ????             (./engine/constant):00206         rsv_prev_xy1_pixel_0          equ object_rsvd+34 ;
     ????             (./engine/constant):00207         rsv_prev_x1_pixel_0           equ object_rsvd+34 ; previous x+x_offset-(x_size/2) screen coordinate b
     ????             (./engine/constant):00208         rsv_prev_y1_pixel_0           equ object_rsvd+35 ; previous y+y_offset-(y_size/2) screen coordinate b, must follow x1_pixel
     ????             (./engine/constant):00209         rsv_prev_xy2_pixel_0          equ object_rsvd+36 ;
     ????             (./engine/constant):00210         rsv_prev_x2_pixel_0           equ object_rsvd+36 ; previous x+x_offset+(x_size/2) screen coordinate b
     ????             (./engine/constant):00211         rsv_prev_y2_pixel_0           equ object_rsvd+37 ; previous y+y_offset+(y_size/2) screen coordinate b, must follow x2_pixel
     ????             (./engine/constant):00212         rsv_prev_render_flags_0       equ object_rsvd+38 ;
                      (./engine/constant):00213         * --- rsv_prev_render_flags_0 bitfield variables ---
     0001             (./engine/constant):00214         rsv_prev_render_overlay_mask  equ $01 ; (bit 0) if a sprite has been rendered with compilated sprite and no background save on screen buffer 0/1
     0080             (./engine/constant):00215         rsv_prev_render_onscreen_mask equ $80 ; (bit 7) DEPENDENCY should be bit 7 - has been rendered on screen buffer 0/1
                      (./engine/constant):00216         
     ????             (./engine/constant):00217         rsv_buffer_1                  equ object_rsvd+39 ; Start index of buffer 1 variables
     ????             (./engine/constant):00218         rsv_priority_1                equ object_rsvd+39 ; internal value that hold priority in video buffer 1
     ????             (./engine/constant):00219         rsv_priority_prev_obj_1       equ object_rsvd+40 ; and +41 ; previous object (OST address) in display priority list for video buffer 1 (0000 if none) w
     ????             (./engine/constant):00220         rsv_priority_next_obj_1       equ object_rsvd+42 ; and +43 ; next object (OST address) in display priority list for video buffer 1 (0000 if none) w
     ????             (./engine/constant):00221         rsv_prev_mapping_frame_1      equ object_rsvd+44 ; and +45 ; reference to previous image in video buffer 1 w
     ????             (./engine/constant):00222         rsv_prev_erase_nb_cell_1      equ object_rsvd+46 ; b
     ????             (./engine/constant):00223         rsv_prev_page_erase_routine_1 equ object_rsvd+47 ; b
     ????             (./engine/constant):00224         rsv_prev_erase_routine_1      equ object_rsvd+48 ; and +49 ; w
     ????             (./engine/constant):00225         rsv_bgdata_1                  equ object_rsvd+50 ; and +51 ; address of background data in screen 1 w
     ????             (./engine/constant):00226         rsv_prev_xy_pixel_1           equ object_rsvd+52 ;
     ????             (./engine/constant):00227         rsv_prev_x_pixel_1            equ object_rsvd+52 ; previous x screen coordinate b
     ????             (./engine/constant):00228         rsv_prev_y_pixel_1            equ object_rsvd+53 ; previous y screen coordinate b, must follow x_pixel
     ????             (./engine/constant):00229         rsv_prev_xy1_pixel_1          equ object_rsvd+54 ;
     ????             (./engine/constant):00230         rsv_prev_x1_pixel_1           equ object_rsvd+54 ; previous x+x_size screen coordinate b
     ????             (./engine/constant):00231         rsv_prev_y1_pixel_1           equ object_rsvd+55 ; previous y+y_size screen coordinate b, must follow x_pixel
     ????             (./engine/constant):00232         rsv_prev_xy2_pixel_1          equ object_rsvd+56 ;
     ????             (./engine/constant):00233         rsv_prev_x2_pixel_1           equ object_rsvd+56 ; previous x+x_size screen coordinate b
     ????             (./engine/constant):00234         rsv_prev_y2_pixel_1           equ object_rsvd+57 ; previous y+y_size screen coordinate b, must follow x_pixel
     ????             (./engine/constant):00235         rsv_prev_render_flags_1       equ object_rsvd+58 ;
                      (./engine/constant):00236         
     0000             (./engine/constant):00237         buf_priority                  equ 0  ; offset for each rsv_buffer variables
     0001             (./engine/constant):00238         buf_priority_prev_obj         equ 1  ;
     0003             (./engine/constant):00239         buf_priority_next_obj         equ 3  ;
     0005             (./engine/constant):00240         buf_prev_mapping_frame        equ 5  ;
     0007             (./engine/constant):00241         buf_erase_nb_cell             equ 7  ;
     0008             (./engine/constant):00242         buf_page_erase_routine        equ 8 ;
     0009             (./engine/constant):00243         buf_erase_routine             equ 9 ;
     000B             (./engine/constant):00244         buf_bgdata                    equ 11 ;
     000D             (./engine/constant):00245         buf_prev_xy_pixel             equ 13 ;
     000D             (./engine/constant):00246         buf_prev_x_pixel              equ 13 ;
     000E             (./engine/constant):00247         buf_prev_y_pixel              equ 14 ;
     000F             (./engine/constant):00248         buf_prev_xy1_pixel            equ 15 ;
     000F             (./engine/constant):00249         buf_prev_x1_pixel             equ 15 ;
     0010             (./engine/constant):00250         buf_prev_y1_pixel             equ 16 ;
     0011             (./engine/constant):00251         buf_prev_xy2_pixel            equ 17 ;
     0011             (./engine/constant):00252         buf_prev_x2_pixel             equ 17 ;
     0012             (./engine/constant):00253         buf_prev_y2_pixel             equ 18 ;
     0013             (./engine/constant):00254         buf_prev_render_flags         equ 19 ;
                      (./engine/constant):00255         
                      (./engine/constant):00256          endc
                      (./generated-code/):00002                 ORG $A000
     FF               (./generated-code/):00003                 SETDP $FF
                      (./generated-code/):00004                 OPT C,CT
A000                  (./generated-code/):00005                 DRAW_Img_0108_0
A000 33C90435         (./generated-code/):00006 [8]     8               LEAU 1077,U
                      (./generated-code/):00007                 
A004 A6C878           (./generated-code/):00008 [5]     13              LDA 120,U
A007 840F             (./generated-code/):00009 [2]     15              ANDA #$0F
A009 8A00             (./generated-code/):00010 [2]     17              ORA #$00
A00B A7C878           (./generated-code/):00011 [5]     22              STA 120,U
A00E A6C850           (./generated-code/):00012 [5]     27              LDA 80,U
A011 840F             (./generated-code/):00013 [2]     29              ANDA #$0F
A013 8A00             (./generated-code/):00014 [2]     31              ORA #$00
A015 A7C850           (./generated-code/):00015 [5]     36              STA 80,U
A018 A647             (./generated-code/):00016 [5]     41              LDA 7,U
A01A 840F             (./generated-code/):00017 [2]     43              ANDA #$0F
A01C 8A00             (./generated-code/):00018 [2]     45              ORA #$00
A01E A747             (./generated-code/):00019 [5]     50              STA 7,U
A020 A6C4             (./generated-code/):00020 [4]     54              LDA ,U
A022 84F0             (./generated-code/):00021 [2]     56              ANDA #$F0
A024 8A01             (./generated-code/):00022 [2]     58              ORA #$01
A026 A7C4             (./generated-code/):00023 [4]     62              STA ,U
A028 A6C8DF           (./generated-code/):00024 [5]     67              LDA -33,U
A02B 840F             (./generated-code/):00025 [2]     69              ANDA #$0F
A02D 8A00             (./generated-code/):00026 [2]     71              ORA #$00
A02F A7C8DF           (./generated-code/):00027 [5]     76              STA -33,U
A032 A6C8D8           (./generated-code/):00028 [5]     81              LDA -40,U
A035 84F0             (./generated-code/):00029 [2]     83              ANDA #$F0
A037 8A01             (./generated-code/):00030 [2]     85              ORA #$01
A039 A7C8D8           (./generated-code/):00031 [5]     90              STA -40,U
A03C A6C8B7           (./generated-code/):00032 [5]     95              LDA -73,U
A03F 840F             (./generated-code/):00033 [2]     97              ANDA #$0F
A041 8A00             (./generated-code/):00034 [2]     99              ORA #$00
A043 A7C8B7           (./generated-code/):00035 [5]     104             STA -73,U
A046 A6C8B0           (./generated-code/):00036 [5]     109             LDA -80,U
A049 84F0             (./generated-code/):00037 [2]     111             ANDA #$F0
A04B 8A01             (./generated-code/):00038 [2]     113             ORA #$01
A04D A7C8B0           (./generated-code/):00039 [5]     118             STA -80,U
A050 A6C88F           (./generated-code/):00040 [5]     123             LDA -113,U
A053 840F             (./generated-code/):00041 [2]     125             ANDA #$0F
A055 8A00             (./generated-code/):00042 [2]     127             ORA #$00
A057 A7C88F           (./generated-code/):00043 [5]     132             STA -113,U
A05A A6C888           (./generated-code/):00044 [5]     137             LDA -120,U
A05D 84F0             (./generated-code/):00045 [2]     139             ANDA #$F0
A05F 8A01             (./generated-code/):00046 [2]     141             ORA #$01
A061 A7C888           (./generated-code/):00047 [5]     146             STA -120,U
A064 8600             (./generated-code/):00048 [2]     148             LDA #$00
A066 A7C856           (./generated-code/):00049 [5]     153             STA 86,U
A069 ECC82E           (./generated-code/):00050 [6]     159             LDD 46,U
A06C 8600             (./generated-code/):00051 [2]     161             LDA #$00
A06E C40F             (./generated-code/):00052 [2]     163             ANDB #$0F
A070 CA00             (./generated-code/):00053 [2]     165             ORB #$00
A072 EDC82E           (./generated-code/):00054 [6]     171             STD 46,U
A075 ECC827           (./generated-code/):00055 [6]     177             LDD 39,U
A078 8600             (./generated-code/):00056 [2]     179             LDA #$00
A07A C40F             (./generated-code/):00057 [2]     181             ANDB #$0F
A07C CA00             (./generated-code/):00058 [2]     183             ORB #$00
A07E EDC827           (./generated-code/):00059 [6]     189             STD 39,U
A081 33C9FEEB         (./generated-code/):00060 [8]     197             LEAU -277,U
                      (./generated-code/):00061                 
A085 A6C87C           (./generated-code/):00062 [5]     202             LDA 124,U
A088 840F             (./generated-code/):00063 [2]     204             ANDA #$0F
A08A 8A00             (./generated-code/):00064 [2]     206             ORA #$00
A08C A7C87C           (./generated-code/):00065 [5]     211             STA 124,U
A08F A6C875           (./generated-code/):00066 [5]     216             LDA 117,U
A092 84F0             (./generated-code/):00067 [2]     218             ANDA #$F0
A094 8A01             (./generated-code/):00068 [2]     220             ORA #$01
A096 A7C875           (./generated-code/):00069 [5]     225             STA 117,U
A099 A6C854           (./generated-code/):00070 [5]     230             LDA 84,U
A09C 840F             (./generated-code/):00071 [2]     232             ANDA #$0F
A09E 8A00             (./generated-code/):00072 [2]     234             ORA #$00
A0A0 A7C854           (./generated-code/):00073 [5]     239             STA 84,U
A0A3 A6C84D           (./generated-code/):00074 [5]     244             LDA 77,U
A0A6 84F0             (./generated-code/):00075 [2]     246             ANDA #$F0
A0A8 8A01             (./generated-code/):00076 [2]     248             ORA #$01
A0AA A7C84D           (./generated-code/):00077 [5]     253             STA 77,U
A0AD A6C82C           (./generated-code/):00078 [5]     258             LDA 44,U
A0B0 840F             (./generated-code/):00079 [2]     260             ANDA #$0F
A0B2 8A00             (./generated-code/):00080 [2]     262             ORA #$00
A0B4 A7C82C           (./generated-code/):00081 [5]     267             STA 44,U
A0B7 A6C825           (./generated-code/):00082 [5]     272             LDA 37,U
A0BA 84F0             (./generated-code/):00083 [2]     274             ANDA #$F0
A0BC 8A01             (./generated-code/):00084 [2]     276             ORA #$01
A0BE A7C825           (./generated-code/):00085 [5]     281             STA 37,U
A0C1 A644             (./generated-code/):00086 [5]     286             LDA 4,U
A0C3 840F             (./generated-code/):00087 [2]     288             ANDA #$0F
A0C5 8A00             (./generated-code/):00088 [2]     290             ORA #$00
A0C7 A744             (./generated-code/):00089 [5]     295             STA 4,U
A0C9 A65D             (./generated-code/):00090 [5]     300             LDA -3,U
A0CB 84F0             (./generated-code/):00091 [2]     302             ANDA #$F0
A0CD 8A01             (./generated-code/):00092 [2]     304             ORA #$01
A0CF A75D             (./generated-code/):00093 [5]     309             STA -3,U
A0D1 A6C8DC           (./generated-code/):00094 [5]     314             LDA -36,U
A0D4 840F             (./generated-code/):00095 [2]     316             ANDA #$0F
A0D6 8A00             (./generated-code/):00096 [2]     318             ORA #$00
A0D8 A7C8DC           (./generated-code/):00097 [5]     323             STA -36,U
A0DB A6C8D5           (./generated-code/):00098 [5]     328             LDA -43,U
A0DE 84F0             (./generated-code/):00099 [2]     330             ANDA #$F0
A0E0 8A01             (./generated-code/):00100 [2]     332             ORA #$01
A0E2 A7C8D5           (./generated-code/):00101 [5]     337             STA -43,U
A0E5 A6C8B4           (./generated-code/):00102 [5]     342             LDA -76,U
A0E8 840F             (./generated-code/):00103 [2]     344             ANDA #$0F
A0EA 8A00             (./generated-code/):00104 [2]     346             ORA #$00
A0EC A7C8B4           (./generated-code/):00105 [5]     351             STA -76,U
A0EF A6C8B2           (./generated-code/):00106 [5]     356             LDA -78,U
A0F2 84F0             (./generated-code/):00107 [2]     358             ANDA #$F0
A0F4 8A02             (./generated-code/):00108 [2]     360             ORA #$02
A0F6 A7C8B2           (./generated-code/):00109 [5]     365             STA -78,U
A0F9 A6C8AD           (./generated-code/):00110 [5]     370             LDA -83,U
A0FC 84F0             (./generated-code/):00111 [2]     372             ANDA #$F0
A0FE 8A01             (./generated-code/):00112 [2]     374             ORA #$01
A100 A7C8AD           (./generated-code/):00113 [5]     379             STA -83,U
A103 A6C88C           (./generated-code/):00114 [5]     384             LDA -116,U
A106 840F             (./generated-code/):00115 [2]     386             ANDA #$0F
A108 8A00             (./generated-code/):00116 [2]     388             ORA #$00
A10A A7C88C           (./generated-code/):00117 [5]     393             STA -116,U
A10D A6C88A           (./generated-code/):00118 [5]     398             LDA -118,U
A110 84F0             (./generated-code/):00119 [2]     400             ANDA #$F0
A112 8A02             (./generated-code/):00120 [2]     402             ORA #$02
A114 A7C88A           (./generated-code/):00121 [5]     407             STA -118,U
A117 A6C885           (./generated-code/):00122 [5]     412             LDA -123,U
A11A 84F0             (./generated-code/):00123 [2]     414             ANDA #$F0
A11C 8A01             (./generated-code/):00124 [2]     416             ORA #$01
A11E A7C885           (./generated-code/):00125 [5]     421             STA -123,U
A121 33C9FF13         (./generated-code/):00126 [8]     429             LEAU -237,U
                      (./generated-code/):00127                 
A125 A6C851           (./generated-code/):00128 [5]     434             LDA 81,U
A128 840F             (./generated-code/):00129 [2]     436             ANDA #$0F
A12A 8A00             (./generated-code/):00130 [2]     438             ORA #$00
A12C A7C851           (./generated-code/):00131 [5]     443             STA 81,U
A12F A6C84F           (./generated-code/):00132 [5]     448             LDA 79,U
A132 84F0             (./generated-code/):00133 [2]     450             ANDA #$F0
A134 8A02             (./generated-code/):00134 [2]     452             ORA #$02
A136 A7C84F           (./generated-code/):00135 [5]     457             STA 79,U
A139 A6C829           (./generated-code/):00136 [5]     462             LDA 41,U
A13C 840F             (./generated-code/):00137 [2]     464             ANDA #$0F
A13E 8A00             (./generated-code/):00138 [2]     466             ORA #$00
A140 A7C829           (./generated-code/):00139 [5]     471             STA 41,U
A143 A6C827           (./generated-code/):00140 [5]     476             LDA 39,U
A146 84F0             (./generated-code/):00141 [2]     478             ANDA #$F0
A148 8A02             (./generated-code/):00142 [2]     480             ORA #$02
A14A A7C827           (./generated-code/):00143 [5]     485             STA 39,U
A14D A641             (./generated-code/):00144 [5]     490             LDA 1,U
A14F 840F             (./generated-code/):00145 [2]     492             ANDA #$0F
A151 8A00             (./generated-code/):00146 [2]     494             ORA #$00
A153 A741             (./generated-code/):00147 [5]     499             STA 1,U
A155 A65F             (./generated-code/):00148 [5]     504             LDA -1,U
A157 84F0             (./generated-code/):00149 [2]     506             ANDA #$F0
A159 8A02             (./generated-code/):00150 [2]     508             ORA #$02
A15B A75F             (./generated-code/):00151 [5]     513             STA -1,U
A15D A6C8D9           (./generated-code/):00152 [5]     518             LDA -39,U
A160 840F             (./generated-code/):00153 [2]     520             ANDA #$0F
A162 8A00             (./generated-code/):00154 [2]     522             ORA #$00
A164 A7C8D9           (./generated-code/):00155 [5]     527             STA -39,U
A167 A6C8D7           (./generated-code/):00156 [5]     532             LDA -41,U
A16A 84F0             (./generated-code/):00157 [2]     534             ANDA #$F0
A16C 8A02             (./generated-code/):00158 [2]     536             ORA #$02
A16E A7C8D7           (./generated-code/):00159 [5]     541             STA -41,U
A171 A6C8AF           (./generated-code/):00160 [5]     546             LDA -81,U
A174 84F0             (./generated-code/):00161 [2]     548             ANDA #$F0
A176 8A02             (./generated-code/):00162 [2]     550             ORA #$02
A178 A7C8AF           (./generated-code/):00163 [5]     555             STA -81,U
A17B 33C9FE6C         (./generated-code/):00164 [8]     563             LEAU -404,U
                      (./generated-code/):00165                 
A17F A6C87B           (./generated-code/):00166 [5]     568             LDA 123,U
A182 84F0             (./generated-code/):00167 [2]     570             ANDA #$F0
A184 8A02             (./generated-code/):00168 [2]     572             ORA #$02
A186 A7C87B           (./generated-code/):00169 [5]     577             STA 123,U
A189 A6C853           (./generated-code/):00170 [5]     582             LDA 83,U
A18C 84F0             (./generated-code/):00171 [2]     584             ANDA #$F0
A18E 8A02             (./generated-code/):00172 [2]     586             ORA #$02
A190 A7C853           (./generated-code/):00173 [5]     591             STA 83,U
A193 A6C82B           (./generated-code/):00174 [5]     596             LDA 43,U
A196 84F0             (./generated-code/):00175 [2]     598             ANDA #$F0
A198 8A02             (./generated-code/):00176 [2]     600             ORA #$02
A19A A7C82B           (./generated-code/):00177 [5]     605             STA 43,U
A19D A643             (./generated-code/):00178 [5]     610             LDA 3,U
A19F 84F0             (./generated-code/):00179 [2]     612             ANDA #$F0
A1A1 8A02             (./generated-code/):00180 [2]     614             ORA #$02
A1A3 A743             (./generated-code/):00181 [5]     619             STA 3,U
A1A5 A6C8DB           (./generated-code/):00182 [5]     624             LDA -37,U
A1A8 84F0             (./generated-code/):00183 [2]     626             ANDA #$F0
A1AA 8A02             (./generated-code/):00184 [2]     628             ORA #$02
A1AC A7C8DB           (./generated-code/):00185 [5]     633             STA -37,U
A1AF A6C8B3           (./generated-code/):00186 [5]     638             LDA -77,U
A1B2 84F0             (./generated-code/):00187 [2]     640             ANDA #$F0
A1B4 8A02             (./generated-code/):00188 [2]     642             ORA #$02
A1B6 A7C8B3           (./generated-code/):00189 [5]     647             STA -77,U
A1B9 A6C8AD           (./generated-code/):00190 [5]     652             LDA -83,U
A1BC 840F             (./generated-code/):00191 [2]     654             ANDA #$0F
A1BE 8A10             (./generated-code/):00192 [2]     656             ORA #$10
A1C0 A7C8AD           (./generated-code/):00193 [5]     661             STA -83,U
A1C3 A6C88B           (./generated-code/):00194 [5]     666             LDA -117,U
A1C6 84F0             (./generated-code/):00195 [2]     668             ANDA #$F0
A1C8 8A02             (./generated-code/):00196 [2]     670             ORA #$02
A1CA A7C88B           (./generated-code/):00197 [5]     675             STA -117,U
A1CD A6C885           (./generated-code/):00198 [5]     680             LDA -123,U
A1D0 840F             (./generated-code/):00199 [2]     682             ANDA #$0F
A1D2 8A10             (./generated-code/):00200 [2]     684             ORA #$10
A1D4 A7C885           (./generated-code/):00201 [5]     689             STA -123,U
A1D7 33C9FEE8         (./generated-code/):00202 [8]     697             LEAU -280,U
                      (./generated-code/):00203                 
A1DB A6C87B           (./generated-code/):00204 [5]     702             LDA 123,U
A1DE 84F0             (./generated-code/):00205 [2]     704             ANDA #$F0
A1E0 8A00             (./generated-code/):00206 [2]     706             ORA #$00
A1E2 A7C87B           (./generated-code/):00207 [5]     711             STA 123,U
A1E5 A6C875           (./generated-code/):00208 [5]     716             LDA 117,U
A1E8 840F             (./generated-code/):00209 [2]     718             ANDA #$0F
A1EA 8A10             (./generated-code/):00210 [2]     720             ORA #$10
A1EC A7C875           (./generated-code/):00211 [5]     725             STA 117,U
A1EF A6C853           (./generated-code/):00212 [5]     730             LDA 83,U
A1F2 84F0             (./generated-code/):00213 [2]     732             ANDA #$F0
A1F4 8A00             (./generated-code/):00214 [2]     734             ORA #$00
A1F6 A7C853           (./generated-code/):00215 [5]     739             STA 83,U
A1F9 A6C84D           (./generated-code/):00216 [5]     744             LDA 77,U
A1FC 840F             (./generated-code/):00217 [2]     746             ANDA #$0F
A1FE 8A10             (./generated-code/):00218 [2]     748             ORA #$10
A200 A7C84D           (./generated-code/):00219 [5]     753             STA 77,U
A203 A6C82B           (./generated-code/):00220 [5]     758             LDA 43,U
A206 84F0             (./generated-code/):00221 [2]     760             ANDA #$F0
A208 8A00             (./generated-code/):00222 [2]     762             ORA #$00
A20A A7C82B           (./generated-code/):00223 [5]     767             STA 43,U
A20D A6C825           (./generated-code/):00224 [5]     772             LDA 37,U
A210 840F             (./generated-code/):00225 [2]     774             ANDA #$0F
A212 8A10             (./generated-code/):00226 [2]     776             ORA #$10
A214 A7C825           (./generated-code/):00227 [5]     781             STA 37,U
A217 A643             (./generated-code/):00228 [5]     786             LDA 3,U
A219 84F0             (./generated-code/):00229 [2]     788             ANDA #$F0
A21B 8A00             (./generated-code/):00230 [2]     790             ORA #$00
A21D A743             (./generated-code/):00231 [5]     795             STA 3,U
A21F A65D             (./generated-code/):00232 [5]     800             LDA -3,U
A221 840F             (./generated-code/):00233 [2]     802             ANDA #$0F
A223 8A10             (./generated-code/):00234 [2]     804             ORA #$10
A225 A75D             (./generated-code/):00235 [5]     809             STA -3,U
A227 A6C8DB           (./generated-code/):00236 [5]     814             LDA -37,U
A22A 84F0             (./generated-code/):00237 [2]     816             ANDA #$F0
A22C 8A00             (./generated-code/):00238 [2]     818             ORA #$00
A22E A7C8DB           (./generated-code/):00239 [5]     823             STA -37,U
A231 A6C8D5           (./generated-code/):00240 [5]     828             LDA -43,U
A234 840F             (./generated-code/):00241 [2]     830             ANDA #$0F
A236 8A10             (./generated-code/):00242 [2]     832             ORA #$10
A238 A7C8D5           (./generated-code/):00243 [5]     837             STA -43,U
A23B A6C8B3           (./generated-code/):00244 [5]     842             LDA -77,U
A23E 84F0             (./generated-code/):00245 [2]     844             ANDA #$F0
A240 8A00             (./generated-code/):00246 [2]     846             ORA #$00
A242 A7C8B3           (./generated-code/):00247 [5]     851             STA -77,U
A245 A6C88B           (./generated-code/):00248 [5]     856             LDA -117,U
A248 84F0             (./generated-code/):00249 [2]     858             ANDA #$F0
A24A 8A00             (./generated-code/):00250 [2]     860             ORA #$00
A24C A7C88B           (./generated-code/):00251 [5]     865             STA -117,U
A24F 8611             (./generated-code/):00252 [2]     867             LDA #$11
A251 A7C8AD           (./generated-code/):00253 [5]     872             STA -83,U
A254 A7C885           (./generated-code/):00254 [5]     877             STA -123,U
A257 33C9FEEA         (./generated-code/):00255 [8]     885             LEAU -278,U
                      (./generated-code/):00256                 
A25B A6C879           (./generated-code/):00257 [5]     890             LDA 121,U
A25E 84F0             (./generated-code/):00258 [2]     892             ANDA #$F0
A260 8A00             (./generated-code/):00259 [2]     894             ORA #$00
A262 A7C879           (./generated-code/):00260 [5]     899             STA 121,U
A265 A6C8AF           (./generated-code/):00261 [5]     904             LDA -81,U
A268 840F             (./generated-code/):00262 [2]     906             ANDA #$0F
A26A 8A00             (./generated-code/):00263 [2]     908             ORA #$00
A26C A7C8AF           (./generated-code/):00264 [5]     913             STA -81,U
A26F CC1111           (./generated-code/):00265 [3]     916             LDD #$1111
A272 EDC84B           (./generated-code/):00266 [6]     922             STD 75,U
A275 EDC823           (./generated-code/):00267 [6]     928             STD 35,U
A278 A7C873           (./generated-code/):00268 [5]     933             STA 115,U
A27B A7C852           (./generated-code/):00269 [5]     938             STA 82,U
A27E A7C82A           (./generated-code/):00270 [5]     943             STA 42,U
A281 ECC886           (./generated-code/):00271 [6]     949             LDD -122,U
A284 840F             (./generated-code/):00272 [2]     951             ANDA #$0F
A286 C4F0             (./generated-code/):00273 [2]     953             ANDB #$F0
A288 C30001           (./generated-code/):00274 [4]     957             ADDD #$0001
A28B EDC886           (./generated-code/):00275 [6]     963             STD -122,U
A28E 33C9FEE6         (./generated-code/):00276 [8]     971             LEAU -282,U
                      (./generated-code/):00277                 
A292 ECC878           (./generated-code/):00278 [6]     977             LDD 120,U
A295 840F             (./generated-code/):00279 [2]     979             ANDA #$0F
A297 C4F0             (./generated-code/):00280 [2]     981             ANDB #$F0
A299 C30001           (./generated-code/):00281 [4]     985             ADDD #$0001
A29C EDC878           (./generated-code/):00282 [6]     991             STD 120,U
A29F A6C850           (./generated-code/):00283 [5]     996             LDA 80,U
A2A2 840F             (./generated-code/):00284 [2]     998             ANDA #$0F
A2A4 8A00             (./generated-code/):00285 [2]     1000            ORA #$00
A2A6 A7C850           (./generated-code/):00286 [5]     1005            STA 80,U
A2A9 A6C828           (./generated-code/):00287 [5]     1010            LDA 40,U
A2AC 840F             (./generated-code/):00288 [2]     1012            ANDA #$0F
A2AE 8A00             (./generated-code/):00289 [2]     1014            ORA #$00
A2B0 A7C828           (./generated-code/):00290 [5]     1019            STA 40,U
A2B3 A6C4             (./generated-code/):00291 [4]     1023            LDA ,U
A2B5 840F             (./generated-code/):00292 [2]     1025            ANDA #$0F
A2B7 8A00             (./generated-code/):00293 [2]     1027            ORA #$00
A2B9 A7C4             (./generated-code/):00294 [4]     1031            STA ,U
A2BB A6C8D8           (./generated-code/):00295 [5]     1036            LDA -40,U
A2BE 840F             (./generated-code/):00296 [2]     1038            ANDA #$0F
A2C0 8A00             (./generated-code/):00297 [2]     1040            ORA #$00
A2C2 A7C8D8           (./generated-code/):00298 [5]     1045            STA -40,U
A2C5 A6C8B0           (./generated-code/):00299 [5]     1050            LDA -80,U
A2C8 840F             (./generated-code/):00300 [2]     1052            ANDA #$0F
A2CA 8A00             (./generated-code/):00301 [2]     1054            ORA #$00
A2CC A7C8B0           (./generated-code/):00302 [5]     1059            STA -80,U
A2CF A6C888           (./generated-code/):00303 [5]     1064            LDA -120,U
A2D2 840F             (./generated-code/):00304 [2]     1066            ANDA #$0F
A2D4 8A00             (./generated-code/):00305 [2]     1068            ORA #$00
A2D6 A7C888           (./generated-code/):00306 [5]     1073            STA -120,U
A2D9 33C9FEE8         (./generated-code/):00307 [8]     1081            LEAU -280,U
                      (./generated-code/):00308                 
A2DD A6C878           (./generated-code/):00309 [5]     1086            LDA 120,U
A2E0 840F             (./generated-code/):00310 [2]     1088            ANDA #$0F
A2E2 8A00             (./generated-code/):00311 [2]     1090            ORA #$00
A2E4 A7C878           (./generated-code/):00312 [5]     1095            STA 120,U
A2E7 A6C850           (./generated-code/):00313 [5]     1100            LDA 80,U
A2EA 840F             (./generated-code/):00314 [2]     1102            ANDA #$0F
A2EC 8A20             (./generated-code/):00315 [2]     1104            ORA #$20
A2EE A7C850           (./generated-code/):00316 [5]     1109            STA 80,U
A2F1 A6C828           (./generated-code/):00317 [5]     1114            LDA 40,U
A2F4 840F             (./generated-code/):00318 [2]     1116            ANDA #$0F
A2F6 8A20             (./generated-code/):00319 [2]     1118            ORA #$20
A2F8 A7C828           (./generated-code/):00320 [5]     1123            STA 40,U
A2FB A6C4             (./generated-code/):00321 [4]     1127            LDA ,U
A2FD 840F             (./generated-code/):00322 [2]     1129            ANDA #$0F
A2FF 8A20             (./generated-code/):00323 [2]     1131            ORA #$20
A301 A7C4             (./generated-code/):00324 [4]     1135            STA ,U
A303 A6C8D8           (./generated-code/):00325 [5]     1140            LDA -40,U
A306 840F             (./generated-code/):00326 [2]     1142            ANDA #$0F
A308 8A20             (./generated-code/):00327 [2]     1144            ORA #$20
A30A A7C8D8           (./generated-code/):00328 [5]     1149            STA -40,U
A30D A6C8B0           (./generated-code/):00329 [5]     1154            LDA -80,U
A310 840F             (./generated-code/):00330 [2]     1156            ANDA #$0F
A312 8A20             (./generated-code/):00331 [2]     1158            ORA #$20
A314 A7C8B0           (./generated-code/):00332 [5]     1163            STA -80,U
A317 A6C888           (./generated-code/):00333 [5]     1168            LDA -120,U
A31A 840F             (./generated-code/):00334 [2]     1170            ANDA #$0F
A31C 8A20             (./generated-code/):00335 [2]     1172            ORA #$20
A31E A7C888           (./generated-code/):00336 [5]     1177            STA -120,U
A321 33C9FF38         (./generated-code/):00337 [8]     1185            LEAU -200,U
                      (./generated-code/):00338                 
A325 A6C828           (./generated-code/):00339 [5]     1190            LDA 40,U
A328 840F             (./generated-code/):00340 [2]     1192            ANDA #$0F
A32A 8A20             (./generated-code/):00341 [2]     1194            ORA #$20
A32C A7C828           (./generated-code/):00342 [5]     1199            STA 40,U
A32F A6C4             (./generated-code/):00343 [4]     1203            LDA ,U
A331 840F             (./generated-code/):00344 [2]     1205            ANDA #$0F
A333 8A20             (./generated-code/):00345 [2]     1207            ORA #$20
A335 A7C4             (./generated-code/):00346 [4]     1211            STA ,U
A337 A6C8D8           (./generated-code/):00347 [5]     1216            LDA -40,U
A33A 840F             (./generated-code/):00348 [2]     1218            ANDA #$0F
A33C 8A20             (./generated-code/):00349 [2]     1220            ORA #$20
A33E A7C8D8           (./generated-code/):00350 [5]     1225            STA -40,U
A341 33C9FE98         (./generated-code/):00351 [8]     1233            LEAU -360,U
                      (./generated-code/):00352                 
A345 A6C828           (./generated-code/):00353 [5]     1238            LDA 40,U
A348 840F             (./generated-code/):00354 [2]     1240            ANDA #$0F
A34A 8A20             (./generated-code/):00355 [2]     1242            ORA #$20
A34C A7C828           (./generated-code/):00356 [5]     1247            STA 40,U
A34F A6C4             (./generated-code/):00357 [4]     1251            LDA ,U
A351 840F             (./generated-code/):00358 [2]     1253            ANDA #$0F
A353 8A20             (./generated-code/):00359 [2]     1255            ORA #$20
A355 A7C4             (./generated-code/):00360 [4]     1259            STA ,U
A357 A6C8D8           (./generated-code/):00361 [5]     1264            LDA -40,U
A35A 840F             (./generated-code/):00362 [2]     1266            ANDA #$0F
A35C 8A20             (./generated-code/):00363 [2]     1268            ORA #$20
A35E A7C8D8           (./generated-code/):00364 [5]     1273            STA -40,U
A361 33C9FE84         (./generated-code/):00365 [8]     1281            LEAU -380,U
                      (./generated-code/):00366                 
A365 A6C83C           (./generated-code/):00367 [5]     1286            LDA 60,U
A368 84F0             (./generated-code/):00368 [2]     1288            ANDA #$F0
A36A 8A01             (./generated-code/):00369 [2]     1290            ORA #$01
A36C A7C83C           (./generated-code/):00370 [5]     1295            STA 60,U
A36F A6C814           (./generated-code/):00371 [5]     1300            LDA 20,U
A372 84F0             (./generated-code/):00372 [2]     1302            ANDA #$F0
A374 8A01             (./generated-code/):00373 [2]     1304            ORA #$01
A376 A7C814           (./generated-code/):00374 [5]     1309            STA 20,U
A379 A6C8EC           (./generated-code/):00375 [5]     1314            LDA -20,U
A37C 84F0             (./generated-code/):00376 [2]     1316            ANDA #$F0
A37E 8A01             (./generated-code/):00377 [2]     1318            ORA #$01
A380 A7C8EC           (./generated-code/):00378 [5]     1323            STA -20,U
A383 ECC8C4           (./generated-code/):00379 [6]     1329            LDD -60,U
A386 84F0             (./generated-code/):00380 [2]     1331            ANDA #$F0
A388 8A01             (./generated-code/):00381 [2]     1333            ORA #$01
A38A C611             (./generated-code/):00382 [2]     1335            LDB #$11
A38C EDC8C4           (./generated-code/):00383 [6]     1341            STD -60,U
                      (./generated-code/):00384                 
A38F DEFC             (./generated-code/):00385 [5]     1346            LDU <glb_screen_location_1
A391 33C90436         (./generated-code/):00386 [8]     1354            LEAU 1078,U
                      (./generated-code/):00387                 
A395 8600             (./generated-code/):00388 [2]     1356            LDA #$00
A397 A7C84E           (./generated-code/):00389 [5]     1361            STA 78,U
A39A A75D             (./generated-code/):00390 [5]     1366            STA -3,U
A39C A7C8D5           (./generated-code/):00391 [5]     1371            STA -43,U
A39F A7C8AD           (./generated-code/):00392 [5]     1376            STA -83,U
A3A2 A7C885           (./generated-code/):00393 [5]     1381            STA -123,U
A3A5 A6C87C           (./generated-code/):00394 [5]     1386            LDA 124,U
A3A8 84F0             (./generated-code/):00395 [2]     1388            ANDA #$F0
A3AA 8A00             (./generated-code/):00396 [2]     1390            ORA #$00
A3AC A7C87C           (./generated-code/):00397 [5]     1395            STA 124,U
A3AF A6C854           (./generated-code/):00398 [5]     1400            LDA 84,U
A3B2 84F0             (./generated-code/):00399 [2]     1402            ANDA #$F0
A3B4 8A00             (./generated-code/):00400 [2]     1404            ORA #$00
A3B6 A7C854           (./generated-code/):00401 [5]     1409            STA 84,U
A3B9 A644             (./generated-code/):00402 [5]     1414            LDA 4,U
A3BB 840F             (./generated-code/):00403 [2]     1416            ANDA #$0F
A3BD 8A10             (./generated-code/):00404 [2]     1418            ORA #$10
A3BF A744             (./generated-code/):00405 [5]     1423            STA 4,U
A3C1 A6C8DC           (./generated-code/):00406 [5]     1428            LDA -36,U
A3C4 840F             (./generated-code/):00407 [2]     1430            ANDA #$0F
A3C6 8A10             (./generated-code/):00408 [2]     1432            ORA #$10
A3C8 A7C8DC           (./generated-code/):00409 [5]     1437            STA -36,U
A3CB A6C8B4           (./generated-code/):00410 [5]     1442            LDA -76,U
A3CE 840F             (./generated-code/):00411 [2]     1444            ANDA #$0F
A3D0 8A10             (./generated-code/):00412 [2]     1446            ORA #$10
A3D2 A7C8B4           (./generated-code/):00413 [5]     1451            STA -76,U
A3D5 A6C88C           (./generated-code/):00414 [5]     1456            LDA -116,U
A3D8 840F             (./generated-code/):00415 [2]     1458            ANDA #$0F
A3DA 8A10             (./generated-code/):00416 [2]     1460            ORA #$10
A3DC A7C88C           (./generated-code/):00417 [5]     1465            STA -116,U
A3DF ECC82C           (./generated-code/):00418 [6]     1471            LDD 44,U
A3E2 84F0             (./generated-code/):00419 [2]     1473            ANDA #$F0
A3E4 8A00             (./generated-code/):00420 [2]     1475            ORA #$00
A3E6 C600             (./generated-code/):00421 [2]     1477            LDB #$00
A3E8 EDC82C           (./generated-code/):00422 [6]     1483            STD 44,U
A3EB CC0000           (./generated-code/):00423 [3]     1486            LDD #$0000
A3EE EDC825           (./generated-code/):00424 [6]     1492            STD 37,U
A3F1 33C9FEE8         (./generated-code/):00425 [8]     1500            LEAU -280,U
                      (./generated-code/):00426                 
A3F5 A6C87C           (./generated-code/):00427 [5]     1505            LDA 124,U
A3F8 840F             (./generated-code/):00428 [2]     1507            ANDA #$0F
A3FA 8A10             (./generated-code/):00429 [2]     1509            ORA #$10
A3FC A7C87C           (./generated-code/):00430 [5]     1514            STA 124,U
A3FF A6C875           (./generated-code/):00431 [5]     1519            LDA 117,U
A402 84F0             (./generated-code/):00432 [2]     1521            ANDA #$F0
A404 8A00             (./generated-code/):00433 [2]     1523            ORA #$00
A406 A7C875           (./generated-code/):00434 [5]     1528            STA 117,U
A409 A6C854           (./generated-code/):00435 [5]     1533            LDA 84,U
A40C 840F             (./generated-code/):00436 [2]     1535            ANDA #$0F
A40E 8A10             (./generated-code/):00437 [2]     1537            ORA #$10
A410 A7C854           (./generated-code/):00438 [5]     1542            STA 84,U
A413 A6C84D           (./generated-code/):00439 [5]     1547            LDA 77,U
A416 84F0             (./generated-code/):00440 [2]     1549            ANDA #$F0
A418 8A00             (./generated-code/):00441 [2]     1551            ORA #$00
A41A A7C84D           (./generated-code/):00442 [5]     1556            STA 77,U
A41D A6C82C           (./generated-code/):00443 [5]     1561            LDA 44,U
A420 840F             (./generated-code/):00444 [2]     1563            ANDA #$0F
A422 8A10             (./generated-code/):00445 [2]     1565            ORA #$10
A424 A7C82C           (./generated-code/):00446 [5]     1570            STA 44,U
A427 A6C825           (./generated-code/):00447 [5]     1575            LDA 37,U
A42A 84F0             (./generated-code/):00448 [2]     1577            ANDA #$F0
A42C 8A00             (./generated-code/):00449 [2]     1579            ORA #$00
A42E A7C825           (./generated-code/):00450 [5]     1584            STA 37,U
A431 A644             (./generated-code/):00451 [5]     1589            LDA 4,U
A433 840F             (./generated-code/):00452 [2]     1591            ANDA #$0F
A435 8A10             (./generated-code/):00453 [2]     1593            ORA #$10
A437 A744             (./generated-code/):00454 [5]     1598            STA 4,U
A439 A65D             (./generated-code/):00455 [5]     1603            LDA -3,U
A43B 84F0             (./generated-code/):00456 [2]     1605            ANDA #$F0
A43D 8A00             (./generated-code/):00457 [2]     1607            ORA #$00
A43F A75D             (./generated-code/):00458 [5]     1612            STA -3,U
A441 A6C8DC           (./generated-code/):00459 [5]     1617            LDA -36,U
A444 840F             (./generated-code/):00460 [2]     1619            ANDA #$0F
A446 8A10             (./generated-code/):00461 [2]     1621            ORA #$10
A448 A7C8DC           (./generated-code/):00462 [5]     1626            STA -36,U
A44B A6C8D5           (./generated-code/):00463 [5]     1631            LDA -43,U
A44E 84F0             (./generated-code/):00464 [2]     1633            ANDA #$F0
A450 8A00             (./generated-code/):00465 [2]     1635            ORA #$00
A452 A7C8D5           (./generated-code/):00466 [5]     1640            STA -43,U
A455 A6C8B4           (./generated-code/):00467 [5]     1645            LDA -76,U
A458 840F             (./generated-code/):00468 [2]     1647            ANDA #$0F
A45A 8A10             (./generated-code/):00469 [2]     1649            ORA #$10
A45C A7C8B4           (./generated-code/):00470 [5]     1654            STA -76,U
A45F A6C8AF           (./generated-code/):00471 [5]     1659            LDA -81,U
A462 840F             (./generated-code/):00472 [2]     1661            ANDA #$0F
A464 8A20             (./generated-code/):00473 [2]     1663            ORA #$20
A466 A7C8AF           (./generated-code/):00474 [5]     1668            STA -81,U
A469 A6C8AD           (./generated-code/):00475 [5]     1673            LDA -83,U
A46C 84F0             (./generated-code/):00476 [2]     1675            ANDA #$F0
A46E 8A00             (./generated-code/):00477 [2]     1677            ORA #$00
A470 A7C8AD           (./generated-code/):00478 [5]     1682            STA -83,U
A473 A6C88C           (./generated-code/):00479 [5]     1687            LDA -116,U
A476 840F             (./generated-code/):00480 [2]     1689            ANDA #$0F
A478 8A10             (./generated-code/):00481 [2]     1691            ORA #$10
A47A A7C88C           (./generated-code/):00482 [5]     1696            STA -116,U
A47D A6C887           (./generated-code/):00483 [5]     1701            LDA -121,U
A480 840F             (./generated-code/):00484 [2]     1703            ANDA #$0F
A482 8A20             (./generated-code/):00485 [2]     1705            ORA #$20
A484 A7C887           (./generated-code/):00486 [5]     1710            STA -121,U
A487 A6C885           (./generated-code/):00487 [5]     1715            LDA -123,U
A48A 84F0             (./generated-code/):00488 [2]     1717            ANDA #$F0
A48C 8A00             (./generated-code/):00489 [2]     1719            ORA #$00
A48E A7C885           (./generated-code/):00490 [5]     1724            STA -123,U
A491 33C9FF0F         (./generated-code/):00491 [8]     1732            LEAU -241,U
                      (./generated-code/):00492                 
A495 A6C850           (./generated-code/):00493 [5]     1737            LDA 80,U
A498 840F             (./generated-code/):00494 [2]     1739            ANDA #$0F
A49A 8A20             (./generated-code/):00495 [2]     1741            ORA #$20
A49C A7C850           (./generated-code/):00496 [5]     1746            STA 80,U
A49F A6C84E           (./generated-code/):00497 [5]     1751            LDA 78,U
A4A2 84F0             (./generated-code/):00498 [2]     1753            ANDA #$F0
A4A4 8A00             (./generated-code/):00499 [2]     1755            ORA #$00
A4A6 A7C84E           (./generated-code/):00500 [5]     1760            STA 78,U
A4A9 A6C828           (./generated-code/):00501 [5]     1765            LDA 40,U
A4AC 840F             (./generated-code/):00502 [2]     1767            ANDA #$0F
A4AE 8A20             (./generated-code/):00503 [2]     1769            ORA #$20
A4B0 A7C828           (./generated-code/):00504 [5]     1774            STA 40,U
A4B3 A6C826           (./generated-code/):00505 [5]     1779            LDA 38,U
A4B6 84F0             (./generated-code/):00506 [2]     1781            ANDA #$F0
A4B8 8A00             (./generated-code/):00507 [2]     1783            ORA #$00
A4BA A7C826           (./generated-code/):00508 [5]     1788            STA 38,U
A4BD A6C4             (./generated-code/):00509 [4]     1792            LDA ,U
A4BF 840F             (./generated-code/):00510 [2]     1794            ANDA #$0F
A4C1 8A20             (./generated-code/):00511 [2]     1796            ORA #$20
A4C3 A7C4             (./generated-code/):00512 [4]     1800            STA ,U
A4C5 A65E             (./generated-code/):00513 [5]     1805            LDA -2,U
A4C7 84F0             (./generated-code/):00514 [2]     1807            ANDA #$F0
A4C9 8A00             (./generated-code/):00515 [2]     1809            ORA #$00
A4CB A75E             (./generated-code/):00516 [5]     1814            STA -2,U
A4CD A6C8D8           (./generated-code/):00517 [5]     1819            LDA -40,U
A4D0 840F             (./generated-code/):00518 [2]     1821            ANDA #$0F
A4D2 8A20             (./generated-code/):00519 [2]     1823            ORA #$20
A4D4 A7C8D8           (./generated-code/):00520 [5]     1828            STA -40,U
A4D7 A6C8D6           (./generated-code/):00521 [5]     1833            LDA -42,U
A4DA 84F0             (./generated-code/):00522 [2]     1835            ANDA #$F0
A4DC 8A00             (./generated-code/):00523 [2]     1837            ORA #$00
A4DE A7C8D6           (./generated-code/):00524 [5]     1842            STA -42,U
A4E1 A6C8B0           (./generated-code/):00525 [5]     1847            LDA -80,U
A4E4 840F             (./generated-code/):00526 [2]     1849            ANDA #$0F
A4E6 8A20             (./generated-code/):00527 [2]     1851            ORA #$20
A4E8 A7C8B0           (./generated-code/):00528 [5]     1856            STA -80,U
A4EB 33C9FE70         (./generated-code/):00529 [8]     1864            LEAU -400,U
                      (./generated-code/):00530                 
A4EF A6C878           (./generated-code/):00531 [5]     1869            LDA 120,U
A4F2 840F             (./generated-code/):00532 [2]     1871            ANDA #$0F
A4F4 8A20             (./generated-code/):00533 [2]     1873            ORA #$20
A4F6 A7C878           (./generated-code/):00534 [5]     1878            STA 120,U
A4F9 A6C850           (./generated-code/):00535 [5]     1883            LDA 80,U
A4FC 840F             (./generated-code/):00536 [2]     1885            ANDA #$0F
A4FE 8A20             (./generated-code/):00537 [2]     1887            ORA #$20
A500 A7C850           (./generated-code/):00538 [5]     1892            STA 80,U
A503 A6C828           (./generated-code/):00539 [5]     1897            LDA 40,U
A506 840F             (./generated-code/):00540 [2]     1899            ANDA #$0F
A508 8A20             (./generated-code/):00541 [2]     1901            ORA #$20
A50A A7C828           (./generated-code/):00542 [5]     1906            STA 40,U
A50D A6C4             (./generated-code/):00543 [4]     1910            LDA ,U
A50F 840F             (./generated-code/):00544 [2]     1912            ANDA #$0F
A511 8A20             (./generated-code/):00545 [2]     1914            ORA #$20
A513 A7C4             (./generated-code/):00546 [4]     1918            STA ,U
A515 A6C8D8           (./generated-code/):00547 [5]     1923            LDA -40,U
A518 840F             (./generated-code/):00548 [2]     1925            ANDA #$0F
A51A 8A20             (./generated-code/):00549 [2]     1927            ORA #$20
A51C A7C8D8           (./generated-code/):00550 [5]     1932            STA -40,U
A51F A6C8B6           (./generated-code/):00551 [5]     1937            LDA -74,U
A522 84F0             (./generated-code/):00552 [2]     1939            ANDA #$F0
A524 8A01             (./generated-code/):00553 [2]     1941            ORA #$01
A526 A7C8B6           (./generated-code/):00554 [5]     1946            STA -74,U
A529 A6C8B0           (./generated-code/):00555 [5]     1951            LDA -80,U
A52C 840F             (./generated-code/):00556 [2]     1953            ANDA #$0F
A52E 8A20             (./generated-code/):00557 [2]     1955            ORA #$20
A530 A7C8B0           (./generated-code/):00558 [5]     1960            STA -80,U
A533 A6C88E           (./generated-code/):00559 [5]     1965            LDA -114,U
A536 84F0             (./generated-code/):00560 [2]     1967            ANDA #$F0
A538 8A01             (./generated-code/):00561 [2]     1969            ORA #$01
A53A A7C88E           (./generated-code/):00562 [5]     1974            STA -114,U
A53D A6C888           (./generated-code/):00563 [5]     1979            LDA -120,U
A540 840F             (./generated-code/):00564 [2]     1981            ANDA #$0F
A542 8A20             (./generated-code/):00565 [2]     1983            ORA #$20
A544 A7C888           (./generated-code/):00566 [5]     1988            STA -120,U
A547 33C9FEEB         (./generated-code/):00567 [8]     1996            LEAU -277,U
                      (./generated-code/):00568                 
A54B 8611             (./generated-code/):00569 [2]     1998            LDA #$11
A54D A7C8B3           (./generated-code/):00570 [5]     2003            STA -77,U
A550 A7C88B           (./generated-code/):00571 [5]     2008            STA -117,U
A553 A6C87B           (./generated-code/):00572 [5]     2013            LDA 123,U
A556 84F0             (./generated-code/):00573 [2]     2015            ANDA #$F0
A558 8A01             (./generated-code/):00574 [2]     2017            ORA #$01
A55A A7C87B           (./generated-code/):00575 [5]     2022            STA 123,U
A55D A6C875           (./generated-code/):00576 [5]     2027            LDA 117,U
A560 840F             (./generated-code/):00577 [2]     2029            ANDA #$0F
A562 8A00             (./generated-code/):00578 [2]     2031            ORA #$00
A564 A7C875           (./generated-code/):00579 [5]     2036            STA 117,U
A567 A6C853           (./generated-code/):00580 [5]     2041            LDA 83,U
A56A 84F0             (./generated-code/):00581 [2]     2043            ANDA #$F0
A56C 8A01             (./generated-code/):00582 [2]     2045            ORA #$01
A56E A7C853           (./generated-code/):00583 [5]     2050            STA 83,U
A571 A6C84D           (./generated-code/):00584 [5]     2055            LDA 77,U
A574 840F             (./generated-code/):00585 [2]     2057            ANDA #$0F
A576 8A00             (./generated-code/):00586 [2]     2059            ORA #$00
A578 A7C84D           (./generated-code/):00587 [5]     2064            STA 77,U
A57B A6C82B           (./generated-code/):00588 [5]     2069            LDA 43,U
A57E 84F0             (./generated-code/):00589 [2]     2071            ANDA #$F0
A580 8A01             (./generated-code/):00590 [2]     2073            ORA #$01
A582 A7C82B           (./generated-code/):00591 [5]     2078            STA 43,U
A585 A6C825           (./generated-code/):00592 [5]     2083            LDA 37,U
A588 840F             (./generated-code/):00593 [2]     2085            ANDA #$0F
A58A 8A00             (./generated-code/):00594 [2]     2087            ORA #$00
A58C A7C825           (./generated-code/):00595 [5]     2092            STA 37,U
A58F A643             (./generated-code/):00596 [5]     2097            LDA 3,U
A591 84F0             (./generated-code/):00597 [2]     2099            ANDA #$F0
A593 8A01             (./generated-code/):00598 [2]     2101            ORA #$01
A595 A743             (./generated-code/):00599 [5]     2106            STA 3,U
A597 A65D             (./generated-code/):00600 [5]     2111            LDA -3,U
A599 840F             (./generated-code/):00601 [2]     2113            ANDA #$0F
A59B 8A00             (./generated-code/):00602 [2]     2115            ORA #$00
A59D A75D             (./generated-code/):00603 [5]     2120            STA -3,U
A59F A6C8DB           (./generated-code/):00604 [5]     2125            LDA -37,U
A5A2 84F0             (./generated-code/):00605 [2]     2127            ANDA #$F0
A5A4 8A01             (./generated-code/):00606 [2]     2129            ORA #$01
A5A6 A7C8DB           (./generated-code/):00607 [5]     2134            STA -37,U
A5A9 A6C8D5           (./generated-code/):00608 [5]     2139            LDA -43,U
A5AC 840F             (./generated-code/):00609 [2]     2141            ANDA #$0F
A5AE 8A00             (./generated-code/):00610 [2]     2143            ORA #$00
A5B0 A7C8D5           (./generated-code/):00611 [5]     2148            STA -43,U
A5B3 A6C8AD           (./generated-code/):00612 [5]     2153            LDA -83,U
A5B6 840F             (./generated-code/):00613 [2]     2155            ANDA #$0F
A5B8 8A00             (./generated-code/):00614 [2]     2157            ORA #$00
A5BA A7C8AD           (./generated-code/):00615 [5]     2162            STA -83,U
A5BD A6C885           (./generated-code/):00616 [5]     2167            LDA -123,U
A5C0 840F             (./generated-code/):00617 [2]     2169            ANDA #$0F
A5C2 8A00             (./generated-code/):00618 [2]     2171            ORA #$00
A5C4 A7C885           (./generated-code/):00619 [5]     2176            STA -123,U
A5C7 33C9FEE8         (./generated-code/):00620 [8]     2184            LEAU -280,U
                      (./generated-code/):00621                 
A5CB E7C8AF           (./generated-code/):00622 [5]     2189            STB -81,U
A5CE A6C875           (./generated-code/):00623 [5]     2194            LDA 117,U
A5D1 840F             (./generated-code/):00624 [2]     2196            ANDA #$0F
A5D3 8A00             (./generated-code/):00625 [2]     2198            ORA #$00
A5D5 A7C875           (./generated-code/):00626 [5]     2203            STA 117,U
A5D8 A6C886           (./generated-code/):00627 [5]     2208            LDA -122,U
A5DB 84F0             (./generated-code/):00628 [2]     2210            ANDA #$F0
A5DD 8A00             (./generated-code/):00629 [2]     2212            ORA #$00
A5DF A7C886           (./generated-code/):00630 [5]     2217            STA -122,U
A5E2 CC1111           (./generated-code/):00631 [3]     2220            LDD #$1111
A5E5 EDC852           (./generated-code/):00632 [6]     2226            STD 82,U
A5E8 EDC82A           (./generated-code/):00633 [6]     2232            STD 42,U
A5EB A7C87B           (./generated-code/):00634 [5]     2237            STA 123,U
A5EE A7C84C           (./generated-code/):00635 [5]     2242            STA 76,U
A5F1 A7C824           (./generated-code/):00636 [5]     2247            STA 36,U
A5F4 33C9FF22         (./generated-code/):00637 [8]     2255            LEAU -222,U
                      (./generated-code/):00638                 
A5F8 A6C83C           (./generated-code/):00639 [5]     2260            LDA 60,U
A5FB 84F0             (./generated-code/):00640 [2]     2262            ANDA #$F0
A5FD 8A00             (./generated-code/):00641 [2]     2264            ORA #$00
A5FF A7C83C           (./generated-code/):00642 [5]     2269            STA 60,U
A602 A6C814           (./generated-code/):00643 [5]     2274            LDA 20,U
A605 84F0             (./generated-code/):00644 [2]     2276            ANDA #$F0
A607 8A00             (./generated-code/):00645 [2]     2278            ORA #$00
A609 A7C814           (./generated-code/):00646 [5]     2283            STA 20,U
A60C A6C8EC           (./generated-code/):00647 [5]     2288            LDA -20,U
A60F 84F0             (./generated-code/):00648 [2]     2290            ANDA #$F0
A611 8A00             (./generated-code/):00649 [2]     2292            ORA #$00
A613 A7C8EC           (./generated-code/):00650 [5]     2297            STA -20,U
A616 A6C8C4           (./generated-code/):00651 [5]     2302            LDA -60,U
A619 84F0             (./generated-code/):00652 [2]     2304            ANDA #$F0
A61B 8A00             (./generated-code/):00653 [2]     2306            ORA #$00
A61D A7C8C4           (./generated-code/):00654 [5]     2311            STA -60,U
A620 33C9FE86         (./generated-code/):00655 [8]     2319            LEAU -378,U
                      (./generated-code/):00656                 
A624 A6C878           (./generated-code/):00657 [5]     2324            LDA 120,U
A627 840F             (./generated-code/):00658 [2]     2326            ANDA #$0F
A629 8A20             (./generated-code/):00659 [2]     2328            ORA #$20
A62B A7C878           (./generated-code/):00660 [5]     2333            STA 120,U
A62E A6C850           (./generated-code/):00661 [5]     2338            LDA 80,U
A631 840F             (./generated-code/):00662 [2]     2340            ANDA #$0F
A633 8A20             (./generated-code/):00663 [2]     2342            ORA #$20
A635 A7C850           (./generated-code/):00664 [5]     2347            STA 80,U
A638 A6C828           (./generated-code/):00665 [5]     2352            LDA 40,U
A63B 840F             (./generated-code/):00666 [2]     2354            ANDA #$0F
A63D 8A20             (./generated-code/):00667 [2]     2356            ORA #$20
A63F A7C828           (./generated-code/):00668 [5]     2361            STA 40,U
A642 A6C4             (./generated-code/):00669 [4]     2365            LDA ,U
A644 840F             (./generated-code/):00670 [2]     2367            ANDA #$0F
A646 8A20             (./generated-code/):00671 [2]     2369            ORA #$20
A648 A7C4             (./generated-code/):00672 [4]     2373            STA ,U
A64A A6C8D8           (./generated-code/):00673 [5]     2378            LDA -40,U
A64D 840F             (./generated-code/):00674 [2]     2380            ANDA #$0F
A64F 8A20             (./generated-code/):00675 [2]     2382            ORA #$20
A651 A7C8D8           (./generated-code/):00676 [5]     2387            STA -40,U
A654 A6C8B0           (./generated-code/):00677 [5]     2392            LDA -80,U
A657 840F             (./generated-code/):00678 [2]     2394            ANDA #$0F
A659 8A20             (./generated-code/):00679 [2]     2396            ORA #$20
A65B A7C8B0           (./generated-code/):00680 [5]     2401            STA -80,U
A65E A6C888           (./generated-code/):00681 [5]     2406            LDA -120,U
A661 840F             (./generated-code/):00682 [2]     2408            ANDA #$0F
A663 8A20             (./generated-code/):00683 [2]     2410            ORA #$20
A665 A7C888           (./generated-code/):00684 [5]     2415            STA -120,U
A668 33C9FEE8         (./generated-code/):00685 [8]     2423            LEAU -280,U
                      (./generated-code/):00686                 
A66C A6C878           (./generated-code/):00687 [5]     2428            LDA 120,U
A66F 840F             (./generated-code/):00688 [2]     2430            ANDA #$0F
A671 8A20             (./generated-code/):00689 [2]     2432            ORA #$20
A673 A7C878           (./generated-code/):00690 [5]     2437            STA 120,U
A676 A6C8B0           (./generated-code/):00691 [5]     2442            LDA -80,U
A679 840F             (./generated-code/):00692 [2]     2444            ANDA #$0F
A67B 8A20             (./generated-code/):00693 [2]     2446            ORA #$20
A67D A7C8B0           (./generated-code/):00694 [5]     2451            STA -80,U
A680 A6C888           (./generated-code/):00695 [5]     2456            LDA -120,U
A683 840F             (./generated-code/):00696 [2]     2458            ANDA #$0F
A685 8A20             (./generated-code/):00697 [2]     2460            ORA #$20
A687 A7C888           (./generated-code/):00698 [5]     2465            STA -120,U
A68A 33C9FEE8         (./generated-code/):00699 [8]     2473            LEAU -280,U
                      (./generated-code/):00700                 
A68E 8600             (./generated-code/):00701 [2]     2475            LDA #$00
A690 A7C8B0           (./generated-code/):00702 [5]     2480            STA -80,U
A693 A7C888           (./generated-code/):00703 [5]     2485            STA -120,U
A696 A6C878           (./generated-code/):00704 [5]     2490            LDA 120,U
A699 840F             (./generated-code/):00705 [2]     2492            ANDA #$0F
A69B 8A20             (./generated-code/):00706 [2]     2494            ORA #$20
A69D A7C878           (./generated-code/):00707 [5]     2499            STA 120,U
A6A0 A6C850           (./generated-code/):00708 [5]     2504            LDA 80,U
A6A3 840F             (./generated-code/):00709 [2]     2506            ANDA #$0F
A6A5 8A20             (./generated-code/):00710 [2]     2508            ORA #$20
A6A7 A7C850           (./generated-code/):00711 [5]     2513            STA 80,U
A6AA A6C828           (./generated-code/):00712 [5]     2518            LDA 40,U
A6AD 840F             (./generated-code/):00713 [2]     2520            ANDA #$0F
A6AF 8A20             (./generated-code/):00714 [2]     2522            ORA #$20
A6B1 A7C828           (./generated-code/):00715 [5]     2527            STA 40,U
A6B4 A6C4             (./generated-code/):00716 [4]     2531            LDA ,U
A6B6 840F             (./generated-code/):00717 [2]     2533            ANDA #$0F
A6B8 8A20             (./generated-code/):00718 [2]     2535            ORA #$20
A6BA A7C4             (./generated-code/):00719 [4]     2539            STA ,U
A6BC A6C8D8           (./generated-code/):00720 [5]     2544            LDA -40,U
A6BF 840F             (./generated-code/):00721 [2]     2546            ANDA #$0F
A6C1 8A00             (./generated-code/):00722 [2]     2548            ORA #$00
A6C3 A7C8D8           (./generated-code/):00723 [5]     2553            STA -40,U
A6C6 33C9FEE7         (./generated-code/):00724 [8]     2561            LEAU -281,U
                      (./generated-code/):00725                 
A6CA A6C888           (./generated-code/):00726 [5]     2566            LDA -120,U
A6CD 84F0             (./generated-code/):00727 [2]     2568            ANDA #$F0
A6CF 8A01             (./generated-code/):00728 [2]     2570            ORA #$01
A6D1 A7C888           (./generated-code/):00729 [5]     2575            STA -120,U
A6D4 8600             (./generated-code/):00730 [2]     2577            LDA #$00
A6D6 A7C879           (./generated-code/):00731 [5]     2582            STA 121,U
A6D9 A7C851           (./generated-code/):00732 [5]     2587            STA 81,U
A6DC A7C829           (./generated-code/):00733 [5]     2592            STA 41,U
A6DF A741             (./generated-code/):00734 [5]     2597            STA 1,U
A6E1 A7C8D9           (./generated-code/):00735 [5]     2602            STA -39,U
A6E4 A7C8B1           (./generated-code/):00736 [5]     2607            STA -79,U
A6E7 39               (./generated-code/):00737 [5]     2612            RTS
                      (./generated-code/):00738                 
