                      (./generated-code/):00001                 INCLUDE "./engine/constants.asm"
                      (./engine/constant):00001         * ---------------------------------------------------------------------------
                      (./engine/constant):00002         * Constants
                      (./engine/constant):00003         *
                      (./engine/constant):00004         * Naming convention
                      (./engine/constant):00005         * -----------------
                      (./engine/constant):00006         * - lower case
                      (./engine/constant):00007         * - underscore-separated names
                      (./engine/constant):00008         *
                      (./engine/constant):00009         * ---------------------------------------------------------------------------
                      (./engine/constant):00010         
                      (./engine/constant):00011          ifndef CONSTANTS_ASM
     0001             (./engine/constant):00012         CONSTANTS_ASM equ 1
                      (./engine/constant):00013         
                      (./engine/constant):00014         * ===========================================================================
                      (./engine/constant):00015         * TO8 Registers
                      (./engine/constant):00016         * ===========================================================================
                      (./engine/constant):00017         
                      (./engine/constant):00018         ; Disk routine registers (ROM)
                      (./engine/constant):00019         
     6049             (./engine/constant):00020         dk_drive                      equ $6049
     604A             (./engine/constant):00021         dk_track                      equ $604A
     604B             (./engine/constant):00022         dk_track_lsb                  equ $604B
     604C             (./engine/constant):00023         dk_sector                     equ $604C
     604F             (./engine/constant):00024         dk_write_location             equ $604F
                      (./engine/constant):00025         
                      (./engine/constant):00026         * ===========================================================================
                      (./engine/constant):00027         * Globals
                      (./engine/constant):00028         * ===========================================================================
                      (./engine/constant):00029         
                      (./engine/constant):00030         ; compilated sprite
     9FFE             (./engine/constant):00031         glb_register_s                equ $9FFE  ; reverved space to store S from ROM routines
                      (./engine/constant):00032         
                      (./engine/constant):00033         ; DrawSprites
     9FFC             (./engine/constant):00034         glb_screen_location_1         equ $9FFC  ; start address for rendering of current sprite Part1     
     9FFA             (./engine/constant):00035         glb_screen_location_2         equ $9FFA  ; start address for rendering of current sprite Part2 (Must follow Part1)
                      (./engine/constant):00036         
                      (./engine/constant):00037         ; CheckSpritesRefresh
     9FF9             (./engine/constant):00038         glb_cur_priority              equ $9FF9
     9FF7             (./engine/constant):00039         glb_cur_ptr_sub_obj_erase     equ $9FF7
     9FF5             (./engine/constant):00040         glb_cur_ptr_sub_obj_draw      equ $9FF5
                      (./engine/constant):00041         
     9FF3             (./engine/constant):00042         glb_camera_x_pos              equ $9FF3 ; camera x position in palyfield coordinates
     9FF1             (./engine/constant):00043         glb_camera_y_pos              equ $9FF1 ; camera y position in palyfield coordinates
     9FEF             (./engine/constant):00044         glb_camera_x_min_pos          equ $9FEF
     9FED             (./engine/constant):00045         glb_camera_y_min_pos          equ $9FED
     9FEB             (./engine/constant):00046         glb_camera_x_max_pos          equ $9FEB
     9FE9             (./engine/constant):00047         glb_camera_y_max_pos          equ $9FE9
     9FE8             (./engine/constant):00048         glb_camera_x_offset           equ $9FE8
     9FE7             (./engine/constant):00049         glb_camera_y_offset           equ $9FE7 
     9FE6             (./engine/constant):00050         glb_force_sprite_refresh      equ $9FE6
     9FE5             (./engine/constant):00051         glb_camera_move               equ $9FE5
     9FE4             (./engine/constant):00052         glb_alphaTiles                equ $9FE4
     9FE3             (./engine/constant):00053         glb_timer_second              equ $9FE3
     9FE2             (./engine/constant):00054         glb_timer_minute              equ $9FE2
     9FE2             (./engine/constant):00055         glb_timer                     equ $9FE2 
     9FE1             (./engine/constant):00056         glb_timer_frame               equ $9FE1
                      (./engine/constant):00057         
                      (./engine/constant):00058         ; BankSwitch
     9FE0             (./engine/constant):00059         glb_Page                      equ $9FE0
     9FB0             (./engine/constant):00060         dp_engine                     equ $9FB0 ; engine and user routines tmp var space
     9F00             (./engine/constant):00061         dp                            equ $9F00 ; free user tmp var space
     9F00             (./engine/constant):00062         glb_system_stack              equ $9F00
                      (./engine/constant):00063         
                      (./engine/constant):00064         * ===========================================================================
                      (./engine/constant):00065         * Display Constants
                      (./engine/constant):00066         * ===========================================================================
                      (./engine/constant):00067         
     00A0             (./engine/constant):00068         screen_width                  equ 160    ; in pixel
     001C             (./engine/constant):00069         screen_top                    equ 28     ; in pixel
     00E3             (./engine/constant):00070         screen_bottom                 equ 28+199 ; in pixel
     0030             (./engine/constant):00071         screen_left                   equ 48     ; in pixel
     00CF             (./engine/constant):00072         screen_right                  equ 48+159 ; in pixel
     0008             (./engine/constant):00073         nb_priority_levels            equ 8      ; number of priority levels (need code change if modified)
                      (./engine/constant):00074         
                      (./engine/constant):00075         * ===========================================================================
                      (./engine/constant):00076         * Images Constants
                      (./engine/constant):00077         * ===========================================================================
                      (./engine/constant):00078         
     0004             (./engine/constant):00079         image_x_size                  equ 4
     0005             (./engine/constant):00080         image_y_size                  equ 5
     0006             (./engine/constant):00081         image_center_offset           equ 6
                      (./engine/constant):00082         
     0004             (./engine/constant):00083         image_subset_x1_offset        equ 4
     0005             (./engine/constant):00084         image_subset_y1_offset        equ 5
                      (./engine/constant):00085         
     0000             (./engine/constant):00086         page_draw_routine             equ 0
     0001             (./engine/constant):00087         draw_routine                  equ 1
     0003             (./engine/constant):00088         page_erase_routine            equ 3
     0004             (./engine/constant):00089         erase_routine                 equ 4
     0006             (./engine/constant):00090         erase_nb_cell                 equ 6
                      (./engine/constant):00091         
                      (./engine/constant):00092         * ===========================================================================
                      (./engine/constant):00093         * Sound Constants
                      (./engine/constant):00094         * ===========================================================================
                      (./engine/constant):00095         
     0000             (./engine/constant):00096         sound_page        equ 0
     0001             (./engine/constant):00097         sound_start_addr  equ 1
     0003             (./engine/constant):00098         sound_end_addr    equ 3
     0005             (./engine/constant):00099         sound_meta_size   equ 5
                      (./engine/constant):00100         
                      (./engine/constant):00101         * ===========================================================================
                      (./engine/constant):00102         * Object Constants
                      (./engine/constant):00103         * ===========================================================================
                      (./engine/constant):00104         
                      (./engine/constant):00105         ; ext_variables_size should be declared in game source code
                      (./engine/constant):00106         
     0022             (./engine/constant):00107         object_base_size              equ 34  ; the size of an object without ext_vars - DEPENDENCY ClearObj routine
     003B             (./engine/constant):00108         object_rsvd_size              equ 59  ; the size of an object without ext_vars - DEPENDENCY ClearObj routine
     ????             (./engine/constant):00109         object_rsvd                   equ object_base_size+ext_variables_size
     ????             (./engine/constant):00110         object_size                   equ object_base_size+ext_variables_size+object_rsvd_size ; the size of a dynamic object
     ????             (./engine/constant):00111         next_object                   equ object_size
     0022             (./engine/constant):00112         ext_variables                 equ object_base_size ; start of reserved space for additionnal variables
                      (./engine/constant):00113         
     0000             (./engine/constant):00114         id                            equ 0           ; reference to object model id (ObjID_) (0: free slot)
     0001             (./engine/constant):00115         subtype                       equ 1           ; reference to object subtype (Sub_) DEPENDENCY subtype must follow id
     0002             (./engine/constant):00116         render_flags                  equ 2
                      (./engine/constant):00117         
                      (./engine/constant):00118         ; bit 7 = onscreen flag, bit 0 = x mirror, bit 1 = y mirror, bit 2 = coordinate system, bit 6 = render subobjects
                      (./engine/constant):00119         
                      (./engine/constant):00120         * --- render_flags bitfield variables ---
     0001             (./engine/constant):00121         render_xmirror_mask           equ $01 ; (bit 0) DEPENDENCY should be bit 0 - tell display engine to mirror sprite on horizontal axis
     0002             (./engine/constant):00122         render_ymirror_mask           equ $02 ; (bit 1) DEPENDENCY should be bit 1 - tell display engine to mirror sprite on vertical axis
     0004             (./engine/constant):00123         render_overlay_mask           equ $04 ; (bit 2) DEPENDENCY should be bit 2 - compilated sprite with no background save
     0008             (./engine/constant):00124         render_playfieldcoord_mask    equ $08 ; (bit 3) tell display engine to use playfield (1) or screen (0) coordinates
     0010             (./engine/constant):00125         render_xloop_mask             equ $10 ; (bit 4) (in screen coordinate) tell display engine to hide sprite when x is out of screen (0) or to display (1)  
     0020             (./engine/constant):00126         render_todelete_mask          equ $20 ; (bit 5) tell display engine to delete sprite and clear OST for this object
     0040             (./engine/constant):00127         render_subobjects             equ $40 ; (bit 6) tell display engine to render subobjects for this object
     0080             (./engine/constant):00128         render_hide_mask              equ $80 ; (bit 7) tell display engine to hide sprite (keep priority and mapping_frame)
                      (./engine/constant):00129         
     0003             (./engine/constant):00130         priority                      equ 3           ; display priority (0: nothing to display, 1:front, ..., 8:back)
     0004             (./engine/constant):00131         anim                          equ 4  ; and 5  ; reference to current animation (Ani_)
     0006             (./engine/constant):00132         prev_anim                     equ 6  ; and 7  ; reference to previous animation (Ani_)
     0008             (./engine/constant):00133         anim_frame                    equ 8           ; index of current frame in animation
     0009             (./engine/constant):00134         anim_frame_duration           equ 9           ; number of frames for each image in animation, range: 00-7F (0-127), 0 means display only during one frame
     000A             (./engine/constant):00135         anim_flags                    equ 10          ; byte offset to reference an anim_flags LUT (adv) / store a link flag (non adv)
                      (./engine/constant):00136         
                      (./engine/constant):00137         * --- anim_flags bitfield variables ---
     0001             (./engine/constant):00138         anim_link_mask                equ $01 ; (bit 0) if set, allow the load of a new animation without reseting anim_frame and anim_frame_duration
                      (./engine/constant):00139         
     000B             (./engine/constant):00140         status_flags                  equ 11          ; orientation of sprite, is applied to animation xmirror flag during AnimateSprite
                      (./engine/constant):00141         
                      (./engine/constant):00142         * --- status_flags bitfield variables ---
     0001             (./engine/constant):00143         status_xflip_mask             equ $01 ; (bit 0) X Flip
     0002             (./engine/constant):00144         status_yflip_mask             equ $02 ; (bit 1) Y Flip
                      (./engine/constant):00145         
     000C             (./engine/constant):00146         image_set                     equ 12 ; and 13 ; reference to current image (Img_) (0000 if no image)
     000E             (./engine/constant):00147         x_pos                         equ 14 ; and 15 ; x playfield coordinate
     0010             (./engine/constant):00148         x_sub                         equ 16          ; x subpixel (1/256 of a pixel), must follow x_pos in data structure
     0011             (./engine/constant):00149         y_pos                         equ 17 ; and 18 ; y playfield coordinate
     0013             (./engine/constant):00150         y_sub                         equ 19          ; y subpixel (1/256 of a pixel), must follow y_pos in data structure
     0014             (./engine/constant):00151         xy_pixel                      equ 20          ; x and y screen coordinate
     0014             (./engine/constant):00152         x_pixel                       equ 20          ; x screen coordinate
     0015             (./engine/constant):00153         y_pixel                       equ 21          ; y screen coordinate, must follow x_pixel
     0016             (./engine/constant):00154         x_vel                         equ 22 ; and 23 ; horizontal velocity
     0018             (./engine/constant):00155         y_vel                         equ 24 ; and 25 ; vertical velocity
     001A             (./engine/constant):00156         x_acl                         equ 26 ; and 27 ; horizontal gravity
     001C             (./engine/constant):00157         y_acl                         equ 28 ; and 29 ; vertical gravity
     001E             (./engine/constant):00158         routine                       equ 30          ; index of current object routine
     001F             (./engine/constant):00159         routine_secondary             equ 31          ; index of current secondary routine
     0020             (./engine/constant):00160         routine_tertiary              equ 32          ; index of current tertiary routine
     0021             (./engine/constant):00161         routine_quaternary            equ 33          ; index of current quaternary routine
                      (./engine/constant):00162         
                      (./engine/constant):00163         * ---------------------------------------------------------------------------
                      (./engine/constant):00164         * reserved variables (read/write by engine)
                      (./engine/constant):00165         
     ????             (./engine/constant):00166         rsv_render_flags              equ object_rsvd
                      (./engine/constant):00167         
                      (./engine/constant):00168         * --- rsv_render_flags bitfield variables ---
     0001             (./engine/constant):00169         rsv_render_checkrefresh_mask  equ $01 ; (bit 0) if erasesprite and display sprite flag are processed for this frame
     0002             (./engine/constant):00170         rsv_render_erasesprite_mask   equ $02 ; (bit 1) if a sprite need to be cleared on screen
     0004             (./engine/constant):00171         rsv_render_displaysprite_mask equ $04 ; (bit 2) if a sprite need to be rendered on screen
     0008             (./engine/constant):00172         rsv_render_outofrange_mask    equ $08 ; (bit 3) if a sprite is out of range for full rendering in screen
     0080             (./engine/constant):00173         rsv_render_onscreen_mask      equ $80 ; (bit 7) DEPENDENCY should be bit 7 - has been rendered on last screen buffer (may be 0 or 1)
                      (./engine/constant):00174         
     ????             (./engine/constant):00175         rsv_prev_anim                 equ object_rsvd+1 ; and +2 ; reference to previous animation (Ani_) w * UTILE ?
     ????             (./engine/constant):00176         rsv_image_center_offset       equ object_rsvd+3 ; 0 or 1 offset that indicate if image center is even or odd (DRS_XYToAddress)
     ????             (./engine/constant):00177         rsv_image_subset              equ object_rsvd+4 ; and +5 ; reference to current image regarding mirror flags w
     ????             (./engine/constant):00178         rsv_mapping_frame             equ object_rsvd+6 ; and +7 ; reference to current image regarding mirror flags, overlay flag and x precision w
     ????             (./engine/constant):00179         rsv_erase_nb_cell             equ object_rsvd+8 ; b 
     ????             (./engine/constant):00180         rsv_page_draw_routine         equ object_rsvd+9 ; b
     ????             (./engine/constant):00181         rsv_draw_routine              equ object_rsvd+10 ; and +11 ; w
     ????             (./engine/constant):00182         rsv_page_erase_routine        equ object_rsvd+12 ; b
     ????             (./engine/constant):00183         rsv_erase_routine             equ object_rsvd+13 ; and +14 ; w 
     ????             (./engine/constant):00184         rsv_xy1_pixel                 equ object_rsvd+15 ;
     ????             (./engine/constant):00185         rsv_x1_pixel                  equ object_rsvd+15 ; x+x_offset-(x_size/2) screen coordinate
     ????             (./engine/constant):00186         rsv_y1_pixel                  equ object_rsvd+16 ; y+y_offset-(y_size/2) screen coordinate, must follow rsv_x1_pixel
     ????             (./engine/constant):00187         rsv_xy2_pixel                 equ object_rsvd+17 ;
     ????             (./engine/constant):00188         rsv_x2_pixel                  equ object_rsvd+17 ; x+x_offset+(x_size/2) screen coordinate
     ????             (./engine/constant):00189         rsv_y2_pixel                  equ object_rsvd+18 ; y+y_offset+(y_size/2) screen coordinate, must follow rsv_x2_pixel
                      (./engine/constant):00190         
                      (./engine/constant):00191         * ---------------------------------------------------------------------------
                      (./engine/constant):00192         * reserved variables (engine) - buffer specific
                      (./engine/constant):00193         
     ????             (./engine/constant):00194         rsv_buffer_0                  equ object_rsvd+19 ; Start index of buffer 0 variables
     ????             (./engine/constant):00195         rsv_priority_0                equ object_rsvd+19 ; internal value that hold priority in video buffer 0
     ????             (./engine/constant):00196         rsv_priority_prev_obj_0       equ object_rsvd+20 ; and +21 ; previous object (OST address) in display priority list for video buffer 0 (0000 if none) w
     ????             (./engine/constant):00197         rsv_priority_next_obj_0       equ object_rsvd+22 ; and +23 ; next object (OST address) in display priority list for video buffer 0 (0000 if none) w
     ????             (./engine/constant):00198         rsv_prev_mapping_frame_0      equ object_rsvd+24 ; and object_rsvd+25 ; reference to previous image in video buffer 0 w
     ????             (./engine/constant):00199         rsv_prev_erase_nb_cell_0      equ object_rsvd+26 : b
     ????             (./engine/constant):00200         rsv_prev_page_erase_routine_0 equ object_rsvd+27 ; b
     ????             (./engine/constant):00201         rsv_prev_erase_routine_0      equ object_rsvd+28 ; and object_rsvd+29 ; w
     ????             (./engine/constant):00202         rsv_bgdata_0                  equ object_rsvd+30 ; and +31 ; address of background data in screen 0 w
     ????             (./engine/constant):00203         rsv_prev_xy_pixel_0           equ object_rsvd+32 ;
     ????             (./engine/constant):00204         rsv_prev_x_pixel_0            equ object_rsvd+32 ; previous x screen coordinate b
     ????             (./engine/constant):00205         rsv_prev_y_pixel_0            equ object_rsvd+33 ; previous y screen coordinate b, must follow x_pixel
     ????             (./engine/constant):00206         rsv_prev_xy1_pixel_0          equ object_rsvd+34 ;
     ????             (./engine/constant):00207         rsv_prev_x1_pixel_0           equ object_rsvd+34 ; previous x+x_offset-(x_size/2) screen coordinate b
     ????             (./engine/constant):00208         rsv_prev_y1_pixel_0           equ object_rsvd+35 ; previous y+y_offset-(y_size/2) screen coordinate b, must follow x1_pixel
     ????             (./engine/constant):00209         rsv_prev_xy2_pixel_0          equ object_rsvd+36 ;
     ????             (./engine/constant):00210         rsv_prev_x2_pixel_0           equ object_rsvd+36 ; previous x+x_offset+(x_size/2) screen coordinate b
     ????             (./engine/constant):00211         rsv_prev_y2_pixel_0           equ object_rsvd+37 ; previous y+y_offset+(y_size/2) screen coordinate b, must follow x2_pixel
     ????             (./engine/constant):00212         rsv_prev_render_flags_0       equ object_rsvd+38 ;
                      (./engine/constant):00213         * --- rsv_prev_render_flags_0 bitfield variables ---
     0001             (./engine/constant):00214         rsv_prev_render_overlay_mask  equ $01 ; (bit 0) if a sprite has been rendered with compilated sprite and no background save on screen buffer 0/1
     0080             (./engine/constant):00215         rsv_prev_render_onscreen_mask equ $80 ; (bit 7) DEPENDENCY should be bit 7 - has been rendered on screen buffer 0/1
                      (./engine/constant):00216         
     ????             (./engine/constant):00217         rsv_buffer_1                  equ object_rsvd+39 ; Start index of buffer 1 variables
     ????             (./engine/constant):00218         rsv_priority_1                equ object_rsvd+39 ; internal value that hold priority in video buffer 1
     ????             (./engine/constant):00219         rsv_priority_prev_obj_1       equ object_rsvd+40 ; and +41 ; previous object (OST address) in display priority list for video buffer 1 (0000 if none) w
     ????             (./engine/constant):00220         rsv_priority_next_obj_1       equ object_rsvd+42 ; and +43 ; next object (OST address) in display priority list for video buffer 1 (0000 if none) w
     ????             (./engine/constant):00221         rsv_prev_mapping_frame_1      equ object_rsvd+44 ; and +45 ; reference to previous image in video buffer 1 w
     ????             (./engine/constant):00222         rsv_prev_erase_nb_cell_1      equ object_rsvd+46 ; b
     ????             (./engine/constant):00223         rsv_prev_page_erase_routine_1 equ object_rsvd+47 ; b
     ????             (./engine/constant):00224         rsv_prev_erase_routine_1      equ object_rsvd+48 ; and +49 ; w
     ????             (./engine/constant):00225         rsv_bgdata_1                  equ object_rsvd+50 ; and +51 ; address of background data in screen 1 w
     ????             (./engine/constant):00226         rsv_prev_xy_pixel_1           equ object_rsvd+52 ;
     ????             (./engine/constant):00227         rsv_prev_x_pixel_1            equ object_rsvd+52 ; previous x screen coordinate b
     ????             (./engine/constant):00228         rsv_prev_y_pixel_1            equ object_rsvd+53 ; previous y screen coordinate b, must follow x_pixel
     ????             (./engine/constant):00229         rsv_prev_xy1_pixel_1          equ object_rsvd+54 ;
     ????             (./engine/constant):00230         rsv_prev_x1_pixel_1           equ object_rsvd+54 ; previous x+x_size screen coordinate b
     ????             (./engine/constant):00231         rsv_prev_y1_pixel_1           equ object_rsvd+55 ; previous y+y_size screen coordinate b, must follow x_pixel
     ????             (./engine/constant):00232         rsv_prev_xy2_pixel_1          equ object_rsvd+56 ;
     ????             (./engine/constant):00233         rsv_prev_x2_pixel_1           equ object_rsvd+56 ; previous x+x_size screen coordinate b
     ????             (./engine/constant):00234         rsv_prev_y2_pixel_1           equ object_rsvd+57 ; previous y+y_size screen coordinate b, must follow x_pixel
     ????             (./engine/constant):00235         rsv_prev_render_flags_1       equ object_rsvd+58 ;
                      (./engine/constant):00236         
     0000             (./engine/constant):00237         buf_priority                  equ 0  ; offset for each rsv_buffer variables
     0001             (./engine/constant):00238         buf_priority_prev_obj         equ 1  ;
     0003             (./engine/constant):00239         buf_priority_next_obj         equ 3  ;
     0005             (./engine/constant):00240         buf_prev_mapping_frame        equ 5  ;
     0007             (./engine/constant):00241         buf_erase_nb_cell             equ 7  ;
     0008             (./engine/constant):00242         buf_page_erase_routine        equ 8 ;
     0009             (./engine/constant):00243         buf_erase_routine             equ 9 ;
     000B             (./engine/constant):00244         buf_bgdata                    equ 11 ;
     000D             (./engine/constant):00245         buf_prev_xy_pixel             equ 13 ;
     000D             (./engine/constant):00246         buf_prev_x_pixel              equ 13 ;
     000E             (./engine/constant):00247         buf_prev_y_pixel              equ 14 ;
     000F             (./engine/constant):00248         buf_prev_xy1_pixel            equ 15 ;
     000F             (./engine/constant):00249         buf_prev_x1_pixel             equ 15 ;
     0010             (./engine/constant):00250         buf_prev_y1_pixel             equ 16 ;
     0011             (./engine/constant):00251         buf_prev_xy2_pixel            equ 17 ;
     0011             (./engine/constant):00252         buf_prev_x2_pixel             equ 17 ;
     0012             (./engine/constant):00253         buf_prev_y2_pixel             equ 18 ;
     0013             (./engine/constant):00254         buf_prev_render_flags         equ 19 ;
                      (./engine/constant):00255         
                      (./engine/constant):00256          endc
                      (./generated-code/):00002                 ORG $A000
     FF               (./generated-code/):00003                 SETDP $FF
                      (./generated-code/):00004                 OPT C,CT
A000                  (./generated-code/):00005                 DRAW_Img_0160_0
A000 33C9054F         (./generated-code/):00006 [8]     8               LEAU 1359,U
                      (./generated-code/):00007                 
A004 A6C853           (./generated-code/):00008 [5]     13              LDA 83,U
A007 840F             (./generated-code/):00009 [2]     15              ANDA #$0F
A009 8A00             (./generated-code/):00010 [2]     17              ORA #$00
A00B A7C853           (./generated-code/):00011 [5]     22              STA 83,U
A00E A6C82B           (./generated-code/):00012 [5]     27              LDA 43,U
A011 840F             (./generated-code/):00013 [2]     29              ANDA #$0F
A013 8A00             (./generated-code/):00014 [2]     31              ORA #$00
A015 A7C82B           (./generated-code/):00015 [5]     36              STA 43,U
A018 A643             (./generated-code/):00016 [5]     41              LDA 3,U
A01A 840F             (./generated-code/):00017 [2]     43              ANDA #$0F
A01C 8A00             (./generated-code/):00018 [2]     45              ORA #$00
A01E A743             (./generated-code/):00019 [5]     50              STA 3,U
A020 A6C8DB           (./generated-code/):00020 [5]     55              LDA -37,U
A023 840F             (./generated-code/):00021 [2]     57              ANDA #$0F
A025 8A00             (./generated-code/):00022 [2]     59              ORA #$00
A027 A7C8DB           (./generated-code/):00023 [5]     64              STA -37,U
A02A A6C8B3           (./generated-code/):00024 [5]     69              LDA -77,U
A02D 840F             (./generated-code/):00025 [2]     71              ANDA #$0F
A02F 8A00             (./generated-code/):00026 [2]     73              ORA #$00
A031 A7C8B3           (./generated-code/):00027 [5]     78              STA -77,U
A034 A6C88B           (./generated-code/):00028 [5]     83              LDA -117,U
A037 840F             (./generated-code/):00029 [2]     85              ANDA #$0F
A039 8A00             (./generated-code/):00030 [2]     87              ORA #$00
A03B A7C88B           (./generated-code/):00031 [5]     92              STA -117,U
A03E CC1111           (./generated-code/):00032 [3]     95              LDD #$1111
A041 EDC875           (./generated-code/):00033 [6]     101             STD 117,U
A044 ECC87B           (./generated-code/):00034 [6]     107             LDD 123,U
A047 84F0             (./generated-code/):00035 [2]     109             ANDA #$F0
A049 8A01             (./generated-code/):00036 [2]     111             ORA #$01
A04B C611             (./generated-code/):00037 [2]     113             LDB #$11
A04D EDC87B           (./generated-code/):00038 [6]     119             STD 123,U
A050 E7C84D           (./generated-code/):00039 [5]     124             STB 77,U
A053 E7C825           (./generated-code/):00040 [5]     129             STB 37,U
A056 E75D             (./generated-code/):00041 [5]     134             STB -3,U
A058 E7C8D5           (./generated-code/):00042 [5]     139             STB -43,U
A05B E7C8AD           (./generated-code/):00043 [5]     144             STB -83,U
A05E E7C885           (./generated-code/):00044 [5]     149             STB -123,U
A061 33C9FEE5         (./generated-code/):00045 [8]     157             LEAU -283,U
                      (./generated-code/):00046                 
A065 A6C4             (./generated-code/):00047 [4]     161             LDA ,U
A067 840F             (./generated-code/):00048 [2]     163             ANDA #$0F
A069 8A10             (./generated-code/):00049 [2]     165             ORA #$10
A06B A7C4             (./generated-code/):00050 [4]     169             STA ,U
A06D A6C8D8           (./generated-code/):00051 [5]     174             LDA -40,U
A070 840F             (./generated-code/):00052 [2]     176             ANDA #$0F
A072 8A10             (./generated-code/):00053 [2]     178             ORA #$10
A074 A7C8D8           (./generated-code/):00054 [5]     183             STA -40,U
A077 A6C8B0           (./generated-code/):00055 [5]     188             LDA -80,U
A07A 840F             (./generated-code/):00056 [2]     190             ANDA #$0F
A07C 8A10             (./generated-code/):00057 [2]     192             ORA #$10
A07E A7C8B0           (./generated-code/):00058 [5]     197             STA -80,U
A081 A6C888           (./generated-code/):00059 [5]     202             LDA -120,U
A084 840F             (./generated-code/):00060 [2]     204             ANDA #$0F
A086 8A10             (./generated-code/):00061 [2]     206             ORA #$10
A088 A7C888           (./generated-code/):00062 [5]     211             STA -120,U
A08B E7C878           (./generated-code/):00063 [5]     216             STB 120,U
A08E E7C850           (./generated-code/):00064 [5]     221             STB 80,U
A091 E7C828           (./generated-code/):00065 [5]     226             STB 40,U
A094 33C9FEE8         (./generated-code/):00066 [8]     234             LEAU -280,U
                      (./generated-code/):00067                 
A098 A6C878           (./generated-code/):00068 [5]     239             LDA 120,U
A09B 840F             (./generated-code/):00069 [2]     241             ANDA #$0F
A09D 8A10             (./generated-code/):00070 [2]     243             ORA #$10
A09F A7C878           (./generated-code/):00071 [5]     248             STA 120,U
A0A2 A6C850           (./generated-code/):00072 [5]     253             LDA 80,U
A0A5 840F             (./generated-code/):00073 [2]     255             ANDA #$0F
A0A7 8A10             (./generated-code/):00074 [2]     257             ORA #$10
A0A9 A7C850           (./generated-code/):00075 [5]     262             STA 80,U
A0AC A6C828           (./generated-code/):00076 [5]     267             LDA 40,U
A0AF 840F             (./generated-code/):00077 [2]     269             ANDA #$0F
A0B1 8A10             (./generated-code/):00078 [2]     271             ORA #$10
A0B3 A7C828           (./generated-code/):00079 [5]     276             STA 40,U
A0B6 A646             (./generated-code/):00080 [5]     281             LDA 6,U
A0B8 84F0             (./generated-code/):00081 [2]     283             ANDA #$F0
A0BA 8A03             (./generated-code/):00082 [2]     285             ORA #$03
A0BC A746             (./generated-code/):00083 [5]     290             STA 6,U
A0BE A6C4             (./generated-code/):00084 [4]     294             LDA ,U
A0C0 840F             (./generated-code/):00085 [2]     296             ANDA #$0F
A0C2 8A10             (./generated-code/):00086 [2]     298             ORA #$10
A0C4 A7C4             (./generated-code/):00087 [4]     302             STA ,U
A0C6 A6C8DE           (./generated-code/):00088 [5]     307             LDA -34,U
A0C9 84F0             (./generated-code/):00089 [2]     309             ANDA #$F0
A0CB 8A03             (./generated-code/):00090 [2]     311             ORA #$03
A0CD A7C8DE           (./generated-code/):00091 [5]     316             STA -34,U
A0D0 A6C8D8           (./generated-code/):00092 [5]     321             LDA -40,U
A0D3 840F             (./generated-code/):00093 [2]     323             ANDA #$0F
A0D5 8A10             (./generated-code/):00094 [2]     325             ORA #$10
A0D7 A7C8D8           (./generated-code/):00095 [5]     330             STA -40,U
A0DA A6C8B6           (./generated-code/):00096 [5]     335             LDA -74,U
A0DD 84F0             (./generated-code/):00097 [2]     337             ANDA #$F0
A0DF 8A03             (./generated-code/):00098 [2]     339             ORA #$03
A0E1 A7C8B6           (./generated-code/):00099 [5]     344             STA -74,U
A0E4 A6C8B0           (./generated-code/):00100 [5]     349             LDA -80,U
A0E7 840F             (./generated-code/):00101 [2]     351             ANDA #$0F
A0E9 8A10             (./generated-code/):00102 [2]     353             ORA #$10
A0EB A7C8B0           (./generated-code/):00103 [5]     358             STA -80,U
A0EE A6C88E           (./generated-code/):00104 [5]     363             LDA -114,U
A0F1 84F0             (./generated-code/):00105 [2]     365             ANDA #$F0
A0F3 8A03             (./generated-code/):00106 [2]     367             ORA #$03
A0F5 A7C88E           (./generated-code/):00107 [5]     372             STA -114,U
A0F8 A6C888           (./generated-code/):00108 [5]     377             LDA -120,U
A0FB 840F             (./generated-code/):00109 [2]     379             ANDA #$0F
A0FD 8A10             (./generated-code/):00110 [2]     381             ORA #$10
A0FF A7C888           (./generated-code/):00111 [5]     386             STA -120,U
A102 33C9FEEC         (./generated-code/):00112 [8]     394             LEAU -276,U
                      (./generated-code/):00113                 
A106 A6C87C           (./generated-code/):00114 [5]     399             LDA 124,U
A109 840F             (./generated-code/):00115 [2]     401             ANDA #$0F
A10B 8A00             (./generated-code/):00116 [2]     403             ORA #$00
A10D A7C87C           (./generated-code/):00117 [5]     408             STA 124,U
A110 A6C87A           (./generated-code/):00118 [5]     413             LDA 122,U
A113 84F0             (./generated-code/):00119 [2]     415             ANDA #$F0
A115 8A03             (./generated-code/):00120 [2]     417             ORA #$03
A117 A7C87A           (./generated-code/):00121 [5]     422             STA 122,U
A11A A6C874           (./generated-code/):00122 [5]     427             LDA 116,U
A11D 840F             (./generated-code/):00123 [2]     429             ANDA #$0F
A11F 8A10             (./generated-code/):00124 [2]     431             ORA #$10
A121 A7C874           (./generated-code/):00125 [5]     436             STA 116,U
A124 A6C854           (./generated-code/):00126 [5]     441             LDA 84,U
A127 840F             (./generated-code/):00127 [2]     443             ANDA #$0F
A129 8A00             (./generated-code/):00128 [2]     445             ORA #$00
A12B A7C854           (./generated-code/):00129 [5]     450             STA 84,U
A12E A6C852           (./generated-code/):00130 [5]     455             LDA 82,U
A131 84F0             (./generated-code/):00131 [2]     457             ANDA #$F0
A133 8A03             (./generated-code/):00132 [2]     459             ORA #$03
A135 A7C852           (./generated-code/):00133 [5]     464             STA 82,U
A138 A6C84C           (./generated-code/):00134 [5]     469             LDA 76,U
A13B 840F             (./generated-code/):00135 [2]     471             ANDA #$0F
A13D 8A10             (./generated-code/):00136 [2]     473             ORA #$10
A13F A7C84C           (./generated-code/):00137 [5]     478             STA 76,U
A142 A6C82C           (./generated-code/):00138 [5]     483             LDA 44,U
A145 840F             (./generated-code/):00139 [2]     485             ANDA #$0F
A147 8A00             (./generated-code/):00140 [2]     487             ORA #$00
A149 A7C82C           (./generated-code/):00141 [5]     492             STA 44,U
A14C A6C82A           (./generated-code/):00142 [5]     497             LDA 42,U
A14F 84F0             (./generated-code/):00143 [2]     499             ANDA #$F0
A151 8A03             (./generated-code/):00144 [2]     501             ORA #$03
A153 A7C82A           (./generated-code/):00145 [5]     506             STA 42,U
A156 A6C824           (./generated-code/):00146 [5]     511             LDA 36,U
A159 840F             (./generated-code/):00147 [2]     513             ANDA #$0F
A15B 8A10             (./generated-code/):00148 [2]     515             ORA #$10
A15D A7C824           (./generated-code/):00149 [5]     520             STA 36,U
A160 A644             (./generated-code/):00150 [5]     525             LDA 4,U
A162 840F             (./generated-code/):00151 [2]     527             ANDA #$0F
A164 8A00             (./generated-code/):00152 [2]     529             ORA #$00
A166 A744             (./generated-code/):00153 [5]     534             STA 4,U
A168 A642             (./generated-code/):00154 [5]     539             LDA 2,U
A16A 84F0             (./generated-code/):00155 [2]     541             ANDA #$F0
A16C 8A03             (./generated-code/):00156 [2]     543             ORA #$03
A16E A742             (./generated-code/):00157 [5]     548             STA 2,U
A170 A65C             (./generated-code/):00158 [5]     553             LDA -4,U
A172 840F             (./generated-code/):00159 [2]     555             ANDA #$0F
A174 8A10             (./generated-code/):00160 [2]     557             ORA #$10
A176 A75C             (./generated-code/):00161 [5]     562             STA -4,U
A178 A6C8DA           (./generated-code/):00162 [5]     567             LDA -38,U
A17B 84F0             (./generated-code/):00163 [2]     569             ANDA #$F0
A17D 8A03             (./generated-code/):00164 [2]     571             ORA #$03
A17F A7C8DA           (./generated-code/):00165 [5]     576             STA -38,U
A182 A6C8D4           (./generated-code/):00166 [5]     581             LDA -44,U
A185 840F             (./generated-code/):00167 [2]     583             ANDA #$0F
A187 8A10             (./generated-code/):00168 [2]     585             ORA #$10
A189 A7C8D4           (./generated-code/):00169 [5]     590             STA -44,U
A18C A6C8B2           (./generated-code/):00170 [5]     595             LDA -78,U
A18F 84F0             (./generated-code/):00171 [2]     597             ANDA #$F0
A191 8A03             (./generated-code/):00172 [2]     599             ORA #$03
A193 A7C8B2           (./generated-code/):00173 [5]     604             STA -78,U
A196 A6C8AC           (./generated-code/):00174 [5]     609             LDA -84,U
A199 840F             (./generated-code/):00175 [2]     611             ANDA #$0F
A19B 8A10             (./generated-code/):00176 [2]     613             ORA #$10
A19D A7C8AC           (./generated-code/):00177 [5]     618             STA -84,U
A1A0 A6C88A           (./generated-code/):00178 [5]     623             LDA -118,U
A1A3 84F0             (./generated-code/):00179 [2]     625             ANDA #$F0
A1A5 8A03             (./generated-code/):00180 [2]     627             ORA #$03
A1A7 A7C88A           (./generated-code/):00181 [5]     632             STA -118,U
A1AA A6C884           (./generated-code/):00182 [5]     637             LDA -124,U
A1AD 840F             (./generated-code/):00183 [2]     639             ANDA #$0F
A1AF 8A10             (./generated-code/):00184 [2]     641             ORA #$10
A1B1 A7C884           (./generated-code/):00185 [5]     646             STA -124,U
A1B4 33C9FEEA         (./generated-code/):00186 [8]     654             LEAU -278,U
                      (./generated-code/):00187                 
A1B8 A6C878           (./generated-code/):00188 [5]     659             LDA 120,U
A1BB 84F0             (./generated-code/):00189 [2]     661             ANDA #$F0
A1BD 8A03             (./generated-code/):00190 [2]     663             ORA #$03
A1BF A7C878           (./generated-code/):00191 [5]     668             STA 120,U
A1C2 A6C850           (./generated-code/):00192 [5]     673             LDA 80,U
A1C5 84F0             (./generated-code/):00193 [2]     675             ANDA #$F0
A1C7 8A03             (./generated-code/):00194 [2]     677             ORA #$03
A1C9 A7C850           (./generated-code/):00195 [5]     682             STA 80,U
A1CC A6C828           (./generated-code/):00196 [5]     687             LDA 40,U
A1CF 84F0             (./generated-code/):00197 [2]     689             ANDA #$F0
A1D1 8A03             (./generated-code/):00198 [2]     691             ORA #$03
A1D3 A7C828           (./generated-code/):00199 [5]     696             STA 40,U
A1D6 A6C4             (./generated-code/):00200 [4]     700             LDA ,U
A1D8 84F0             (./generated-code/):00201 [2]     702             ANDA #$F0
A1DA 8A03             (./generated-code/):00202 [2]     704             ORA #$03
A1DC A7C4             (./generated-code/):00203 [4]     708             STA ,U
A1DE A6C8DA           (./generated-code/):00204 [5]     713             LDA -38,U
A1E1 84F0             (./generated-code/):00205 [2]     715             ANDA #$F0
A1E3 8A00             (./generated-code/):00206 [2]     717             ORA #$00
A1E5 A7C8DA           (./generated-code/):00207 [5]     722             STA -38,U
A1E8 A6C8D8           (./generated-code/):00208 [5]     727             LDA -40,U
A1EB 84F0             (./generated-code/):00209 [2]     729             ANDA #$F0
A1ED 8A03             (./generated-code/):00210 [2]     731             ORA #$03
A1EF A7C8D8           (./generated-code/):00211 [5]     736             STA -40,U
A1F2 A6C8B2           (./generated-code/):00212 [5]     741             LDA -78,U
A1F5 84F0             (./generated-code/):00213 [2]     743             ANDA #$F0
A1F7 8A00             (./generated-code/):00214 [2]     745             ORA #$00
A1F9 A7C8B2           (./generated-code/):00215 [5]     750             STA -78,U
A1FC A6C8B0           (./generated-code/):00216 [5]     755             LDA -80,U
A1FF 84F0             (./generated-code/):00217 [2]     757             ANDA #$F0
A201 8A03             (./generated-code/):00218 [2]     759             ORA #$03
A203 A7C8B0           (./generated-code/):00219 [5]     764             STA -80,U
A206 A6C88A           (./generated-code/):00220 [5]     769             LDA -118,U
A209 84F0             (./generated-code/):00221 [2]     771             ANDA #$F0
A20B 8A00             (./generated-code/):00222 [2]     773             ORA #$00
A20D A7C88A           (./generated-code/):00223 [5]     778             STA -118,U
A210 A6C888           (./generated-code/):00224 [5]     783             LDA -120,U
A213 84F0             (./generated-code/):00225 [2]     785             ANDA #$F0
A215 8A03             (./generated-code/):00226 [2]     787             ORA #$03
A217 A7C888           (./generated-code/):00227 [5]     792             STA -120,U
A21A 33C9FEE7         (./generated-code/):00228 [8]     800             LEAU -281,U
                      (./generated-code/):00229                 
A21E A6C87B           (./generated-code/):00230 [5]     805             LDA 123,U
A221 840F             (./generated-code/):00231 [2]     807             ANDA #$0F
A223 8A00             (./generated-code/):00232 [2]     809             ORA #$00
A225 A7C87B           (./generated-code/):00233 [5]     814             STA 123,U
A228 A6C879           (./generated-code/):00234 [5]     819             LDA 121,U
A22B 84F0             (./generated-code/):00235 [2]     821             ANDA #$F0
A22D 8A03             (./generated-code/):00236 [2]     823             ORA #$03
A22F A7C879           (./generated-code/):00237 [5]     828             STA 121,U
A232 A6C886           (./generated-code/):00238 [5]     833             LDA -122,U
A235 84F0             (./generated-code/):00239 [2]     835             ANDA #$F0
A237 8A01             (./generated-code/):00240 [2]     837             ORA #$01
A239 A7C886           (./generated-code/):00241 [5]     842             STA -122,U
A23C ECC8AE           (./generated-code/):00242 [6]     848             LDD -82,U
A23F 84F0             (./generated-code/):00243 [2]     850             ANDA #$F0
A241 8A01             (./generated-code/):00244 [2]     852             ORA #$01
A243 C611             (./generated-code/):00245 [2]     854             LDB #$11
A245 EDC8AE           (./generated-code/):00246 [6]     860             STD -82,U
A248 EC5B             (./generated-code/):00247 [6]     866             LDD -5,U
A24A 8611             (./generated-code/):00248 [2]     868             LDA #$11
A24C C40F             (./generated-code/):00249 [2]     870             ANDB #$0F
A24E CA10             (./generated-code/):00250 [2]     872             ORB #$10
A250 ED5B             (./generated-code/):00251 [6]     878             STD -5,U
A252 A742             (./generated-code/):00252 [5]     883             STA 2,U
A254 33C9FEE6         (./generated-code/):00253 [8]     891             LEAU -282,U
                      (./generated-code/):00254                 
A258 8631             (./generated-code/):00255 [2]     893             LDA #$31
A25A A7C888           (./generated-code/):00256 [5]     898             STA -120,U
A25D A6C878           (./generated-code/):00257 [5]     903             LDA 120,U
A260 84F0             (./generated-code/):00258 [2]     905             ANDA #$F0
A262 8A01             (./generated-code/):00259 [2]     907             ORA #$01
A264 A7C878           (./generated-code/):00260 [5]     912             STA 120,U
A267 A6C850           (./generated-code/):00261 [5]     917             LDA 80,U
A26A 84F0             (./generated-code/):00262 [2]     919             ANDA #$F0
A26C 8A01             (./generated-code/):00263 [2]     921             ORA #$01
A26E A7C850           (./generated-code/):00264 [5]     926             STA 80,U
A271 A6C828           (./generated-code/):00265 [5]     931             LDA 40,U
A274 84F0             (./generated-code/):00266 [2]     933             ANDA #$F0
A276 8A01             (./generated-code/):00267 [2]     935             ORA #$01
A278 A7C828           (./generated-code/):00268 [5]     940             STA 40,U
A27B A6C4             (./generated-code/):00269 [4]     944             LDA ,U
A27D 84F0             (./generated-code/):00270 [2]     946             ANDA #$F0
A27F 8A01             (./generated-code/):00271 [2]     948             ORA #$01
A281 A7C4             (./generated-code/):00272 [4]     952             STA ,U
A283 A6C8D8           (./generated-code/):00273 [5]     957             LDA -40,U
A286 84F0             (./generated-code/):00274 [2]     959             ANDA #$F0
A288 8A01             (./generated-code/):00275 [2]     961             ORA #$01
A28A A7C8D8           (./generated-code/):00276 [5]     966             STA -40,U
A28D A6C8B0           (./generated-code/):00277 [5]     971             LDA -80,U
A290 84F0             (./generated-code/):00278 [2]     973             ANDA #$F0
A292 8A01             (./generated-code/):00279 [2]     975             ORA #$01
A294 A7C8B0           (./generated-code/):00280 [5]     980             STA -80,U
A297 33C9FEFC         (./generated-code/):00281 [8]     988             LEAU -260,U
                      (./generated-code/):00282                 
A29B 8631             (./generated-code/):00283 [2]     990             LDA #$31
A29D A7C864           (./generated-code/):00284 [5]     995             STA 100,U
A2A0 A6C83C           (./generated-code/):00285 [5]     1000            LDA 60,U
A2A3 840F             (./generated-code/):00286 [2]     1002            ANDA #$0F
A2A5 8A30             (./generated-code/):00287 [2]     1004            ORA #$30
A2A7 A7C83C           (./generated-code/):00288 [5]     1009            STA 60,U
A2AA A6C814           (./generated-code/):00289 [5]     1014            LDA 20,U
A2AD 840F             (./generated-code/):00290 [2]     1016            ANDA #$0F
A2AF 8A30             (./generated-code/):00291 [2]     1018            ORA #$30
A2B1 A7C814           (./generated-code/):00292 [5]     1023            STA 20,U
A2B4 A6C8EC           (./generated-code/):00293 [5]     1028            LDA -20,U
A2B7 840F             (./generated-code/):00294 [2]     1030            ANDA #$0F
A2B9 8A30             (./generated-code/):00295 [2]     1032            ORA #$30
A2BB A7C8EC           (./generated-code/):00296 [5]     1037            STA -20,U
A2BE A6C8C4           (./generated-code/):00297 [5]     1042            LDA -60,U
A2C1 840F             (./generated-code/):00298 [2]     1044            ANDA #$0F
A2C3 8A30             (./generated-code/):00299 [2]     1046            ORA #$30
A2C5 A7C8C4           (./generated-code/):00300 [5]     1051            STA -60,U
A2C8 A6C89C           (./generated-code/):00301 [5]     1056            LDA -100,U
A2CB 840F             (./generated-code/):00302 [2]     1058            ANDA #$0F
A2CD 8A30             (./generated-code/):00303 [2]     1060            ORA #$30
A2CF A7C89C           (./generated-code/):00304 [5]     1065            STA -100,U
A2D2 33C9FBDD         (./generated-code/):00305 [8]     1073            LEAU -1059,U
                      (./generated-code/):00306                 
A2D6 EC5F             (./generated-code/):00307 [6]     1079            LDD -1,U
A2D8 84F0             (./generated-code/):00308 [2]     1081            ANDA #$F0
A2DA 8A01             (./generated-code/):00309 [2]     1083            ORA #$01
A2DC C611             (./generated-code/):00310 [2]     1085            LDB #$11
A2DE ED5F             (./generated-code/):00311 [6]     1091            STD -1,U
                      (./generated-code/):00312                 
A2E0 DEFC             (./generated-code/):00313 [5]     1096            LDU <glb_screen_location_1
A2E2 33C90550         (./generated-code/):00314 [8]     1104            LEAU 1360,U
                      (./generated-code/):00315                 
A2E6 ECC874           (./generated-code/):00316 [6]     1110            LDD 116,U
A2E9 8611             (./generated-code/):00317 [2]     1112            LDA #$11
A2EB C40F             (./generated-code/):00318 [2]     1114            ANDB #$0F
A2ED CA10             (./generated-code/):00319 [2]     1116            ORB #$10
A2EF EDC874           (./generated-code/):00320 [6]     1122            STD 116,U
A2F2 CC1111           (./generated-code/):00321 [3]     1125            LDD #$1111
A2F5 EDC87A           (./generated-code/):00322 [6]     1131            STD 122,U
A2F8 A7C853           (./generated-code/):00323 [5]     1136            STA 83,U
A2FB A7C82B           (./generated-code/):00324 [5]     1141            STA 43,U
A2FE A743             (./generated-code/):00325 [5]     1146            STA 3,U
A300 A7C8DB           (./generated-code/):00326 [5]     1151            STA -37,U
A303 A7C8B3           (./generated-code/):00327 [5]     1156            STA -77,U
A306 A7C88B           (./generated-code/):00328 [5]     1161            STA -117,U
A309 A6C84D           (./generated-code/):00329 [5]     1166            LDA 77,U
A30C 84F0             (./generated-code/):00330 [2]     1168            ANDA #$F0
A30E 8A00             (./generated-code/):00331 [2]     1170            ORA #$00
A310 A7C84D           (./generated-code/):00332 [5]     1175            STA 77,U
A313 A6C825           (./generated-code/):00333 [5]     1180            LDA 37,U
A316 84F0             (./generated-code/):00334 [2]     1182            ANDA #$F0
A318 8A00             (./generated-code/):00335 [2]     1184            ORA #$00
A31A A7C825           (./generated-code/):00336 [5]     1189            STA 37,U
A31D A65D             (./generated-code/):00337 [5]     1194            LDA -3,U
A31F 84F0             (./generated-code/):00338 [2]     1196            ANDA #$F0
A321 8A00             (./generated-code/):00339 [2]     1198            ORA #$00
A323 A75D             (./generated-code/):00340 [5]     1203            STA -3,U
A325 A6C8D5           (./generated-code/):00341 [5]     1208            LDA -43,U
A328 84F0             (./generated-code/):00342 [2]     1210            ANDA #$F0
A32A 8A00             (./generated-code/):00343 [2]     1212            ORA #$00
A32C A7C8D5           (./generated-code/):00344 [5]     1217            STA -43,U
A32F A6C8AD           (./generated-code/):00345 [5]     1222            LDA -83,U
A332 84F0             (./generated-code/):00346 [2]     1224            ANDA #$F0
A334 8A00             (./generated-code/):00347 [2]     1226            ORA #$00
A336 A7C8AD           (./generated-code/):00348 [5]     1231            STA -83,U
A339 A6C885           (./generated-code/):00349 [5]     1236            LDA -123,U
A33C 84F0             (./generated-code/):00350 [2]     1238            ANDA #$F0
A33E 8A00             (./generated-code/):00351 [2]     1240            ORA #$00
A340 A7C885           (./generated-code/):00352 [5]     1245            STA -123,U
A343 33C9FEEB         (./generated-code/):00353 [8]     1253            LEAU -277,U
                      (./generated-code/):00354                 
A347 A6C4             (./generated-code/):00355 [4]     1257            LDA ,U
A349 84F0             (./generated-code/):00356 [2]     1259            ANDA #$F0
A34B 8A01             (./generated-code/):00357 [2]     1261            ORA #$01
A34D A7C4             (./generated-code/):00358 [4]     1265            STA ,U
A34F A6C8D8           (./generated-code/):00359 [5]     1270            LDA -40,U
A352 84F0             (./generated-code/):00360 [2]     1272            ANDA #$F0
A354 8A01             (./generated-code/):00361 [2]     1274            ORA #$01
A356 A7C8D8           (./generated-code/):00362 [5]     1279            STA -40,U
A359 A6C8B0           (./generated-code/):00363 [5]     1284            LDA -80,U
A35C 84F0             (./generated-code/):00364 [2]     1286            ANDA #$F0
A35E 8A01             (./generated-code/):00365 [2]     1288            ORA #$01
A360 A7C8B0           (./generated-code/):00366 [5]     1293            STA -80,U
A363 A6C888           (./generated-code/):00367 [5]     1298            LDA -120,U
A366 84F0             (./generated-code/):00368 [2]     1300            ANDA #$F0
A368 8A01             (./generated-code/):00369 [2]     1302            ORA #$01
A36A A7C888           (./generated-code/):00370 [5]     1307            STA -120,U
A36D E7C878           (./generated-code/):00371 [5]     1312            STB 120,U
A370 E7C850           (./generated-code/):00372 [5]     1317            STB 80,U
A373 E7C828           (./generated-code/):00373 [5]     1322            STB 40,U
A376 33C9FEE5         (./generated-code/):00374 [8]     1330            LEAU -283,U
                      (./generated-code/):00375                 
A37A A6C87B           (./generated-code/):00376 [5]     1335            LDA 123,U
A37D 84F0             (./generated-code/):00377 [2]     1337            ANDA #$F0
A37F 8A01             (./generated-code/):00378 [2]     1339            ORA #$01
A381 A7C87B           (./generated-code/):00379 [5]     1344            STA 123,U
A384 A6C853           (./generated-code/):00380 [5]     1349            LDA 83,U
A387 84F0             (./generated-code/):00381 [2]     1351            ANDA #$F0
A389 8A01             (./generated-code/):00382 [2]     1353            ORA #$01
A38B A7C853           (./generated-code/):00383 [5]     1358            STA 83,U
A38E A6C82B           (./generated-code/):00384 [5]     1363            LDA 43,U
A391 84F0             (./generated-code/):00385 [2]     1365            ANDA #$F0
A393 8A01             (./generated-code/):00386 [2]     1367            ORA #$01
A395 A7C82B           (./generated-code/):00387 [5]     1372            STA 43,U
A398 A643             (./generated-code/):00388 [5]     1377            LDA 3,U
A39A 84F0             (./generated-code/):00389 [2]     1379            ANDA #$F0
A39C 8A01             (./generated-code/):00390 [2]     1381            ORA #$01
A39E A743             (./generated-code/):00391 [5]     1386            STA 3,U
A3A0 A65D             (./generated-code/):00392 [5]     1391            LDA -3,U
A3A2 840F             (./generated-code/):00393 [2]     1393            ANDA #$0F
A3A4 8A30             (./generated-code/):00394 [2]     1395            ORA #$30
A3A6 A75D             (./generated-code/):00395 [5]     1400            STA -3,U
A3A8 A6C8DB           (./generated-code/):00396 [5]     1405            LDA -37,U
A3AB 84F0             (./generated-code/):00397 [2]     1407            ANDA #$F0
A3AD 8A01             (./generated-code/):00398 [2]     1409            ORA #$01
A3AF A7C8DB           (./generated-code/):00399 [5]     1414            STA -37,U
A3B2 A6C8D5           (./generated-code/):00400 [5]     1419            LDA -43,U
A3B5 840F             (./generated-code/):00401 [2]     1421            ANDA #$0F
A3B7 8A30             (./generated-code/):00402 [2]     1423            ORA #$30
A3B9 A7C8D5           (./generated-code/):00403 [5]     1428            STA -43,U
A3BC A6C8B3           (./generated-code/):00404 [5]     1433            LDA -77,U
A3BF 84F0             (./generated-code/):00405 [2]     1435            ANDA #$F0
A3C1 8A01             (./generated-code/):00406 [2]     1437            ORA #$01
A3C3 A7C8B3           (./generated-code/):00407 [5]     1442            STA -77,U
A3C6 A6C8AD           (./generated-code/):00408 [5]     1447            LDA -83,U
A3C9 840F             (./generated-code/):00409 [2]     1449            ANDA #$0F
A3CB 8A30             (./generated-code/):00410 [2]     1451            ORA #$30
A3CD A7C8AD           (./generated-code/):00411 [5]     1456            STA -83,U
A3D0 A6C88B           (./generated-code/):00412 [5]     1461            LDA -117,U
A3D3 84F0             (./generated-code/):00413 [2]     1463            ANDA #$F0
A3D5 8A01             (./generated-code/):00414 [2]     1465            ORA #$01
A3D7 A7C88B           (./generated-code/):00415 [5]     1470            STA -117,U
A3DA A6C885           (./generated-code/):00416 [5]     1475            LDA -123,U
A3DD 840F             (./generated-code/):00417 [2]     1477            ANDA #$0F
A3DF 8A30             (./generated-code/):00418 [2]     1479            ORA #$30
A3E1 A7C885           (./generated-code/):00419 [5]     1484            STA -123,U
A3E4 33C9FEE7         (./generated-code/):00420 [8]     1492            LEAU -281,U
                      (./generated-code/):00421                 
A3E8 A6C87C           (./generated-code/):00422 [5]     1497            LDA 124,U
A3EB 84F0             (./generated-code/):00423 [2]     1499            ANDA #$F0
A3ED 8A01             (./generated-code/):00424 [2]     1501            ORA #$01
A3EF A7C87C           (./generated-code/):00425 [5]     1506            STA 124,U
A3F2 A6C876           (./generated-code/):00426 [5]     1511            LDA 118,U
A3F5 840F             (./generated-code/):00427 [2]     1513            ANDA #$0F
A3F7 8A30             (./generated-code/):00428 [2]     1515            ORA #$30
A3F9 A7C876           (./generated-code/):00429 [5]     1520            STA 118,U
A3FC A6C874           (./generated-code/):00430 [5]     1525            LDA 116,U
A3FF 84F0             (./generated-code/):00431 [2]     1527            ANDA #$F0
A401 8A00             (./generated-code/):00432 [2]     1529            ORA #$00
A403 A7C874           (./generated-code/):00433 [5]     1534            STA 116,U
A406 A6C854           (./generated-code/):00434 [5]     1539            LDA 84,U
A409 84F0             (./generated-code/):00435 [2]     1541            ANDA #$F0
A40B 8A01             (./generated-code/):00436 [2]     1543            ORA #$01
A40D A7C854           (./generated-code/):00437 [5]     1548            STA 84,U
A410 A6C84E           (./generated-code/):00438 [5]     1553            LDA 78,U
A413 840F             (./generated-code/):00439 [2]     1555            ANDA #$0F
A415 8A30             (./generated-code/):00440 [2]     1557            ORA #$30
A417 A7C84E           (./generated-code/):00441 [5]     1562            STA 78,U
A41A A6C84C           (./generated-code/):00442 [5]     1567            LDA 76,U
A41D 84F0             (./generated-code/):00443 [2]     1569            ANDA #$F0
A41F 8A00             (./generated-code/):00444 [2]     1571            ORA #$00
A421 A7C84C           (./generated-code/):00445 [5]     1576            STA 76,U
A424 A6C82C           (./generated-code/):00446 [5]     1581            LDA 44,U
A427 84F0             (./generated-code/):00447 [2]     1583            ANDA #$F0
A429 8A01             (./generated-code/):00448 [2]     1585            ORA #$01
A42B A7C82C           (./generated-code/):00449 [5]     1590            STA 44,U
A42E A6C826           (./generated-code/):00450 [5]     1595            LDA 38,U
A431 840F             (./generated-code/):00451 [2]     1597            ANDA #$0F
A433 8A30             (./generated-code/):00452 [2]     1599            ORA #$30
A435 A7C826           (./generated-code/):00453 [5]     1604            STA 38,U
A438 A6C824           (./generated-code/):00454 [5]     1609            LDA 36,U
A43B 84F0             (./generated-code/):00455 [2]     1611            ANDA #$F0
A43D 8A00             (./generated-code/):00456 [2]     1613            ORA #$00
A43F A7C824           (./generated-code/):00457 [5]     1618            STA 36,U
A442 A644             (./generated-code/):00458 [5]     1623            LDA 4,U
A444 84F0             (./generated-code/):00459 [2]     1625            ANDA #$F0
A446 8A01             (./generated-code/):00460 [2]     1627            ORA #$01
A448 A744             (./generated-code/):00461 [5]     1632            STA 4,U
A44A A65E             (./generated-code/):00462 [5]     1637            LDA -2,U
A44C 840F             (./generated-code/):00463 [2]     1639            ANDA #$0F
A44E 8A30             (./generated-code/):00464 [2]     1641            ORA #$30
A450 A75E             (./generated-code/):00465 [5]     1646            STA -2,U
A452 A65C             (./generated-code/):00466 [5]     1651            LDA -4,U
A454 84F0             (./generated-code/):00467 [2]     1653            ANDA #$F0
A456 8A00             (./generated-code/):00468 [2]     1655            ORA #$00
A458 A75C             (./generated-code/):00469 [5]     1660            STA -4,U
A45A A6C8DC           (./generated-code/):00470 [5]     1665            LDA -36,U
A45D 84F0             (./generated-code/):00471 [2]     1667            ANDA #$F0
A45F 8A01             (./generated-code/):00472 [2]     1669            ORA #$01
A461 A7C8DC           (./generated-code/):00473 [5]     1674            STA -36,U
A464 A6C8D6           (./generated-code/):00474 [5]     1679            LDA -42,U
A467 840F             (./generated-code/):00475 [2]     1681            ANDA #$0F
A469 8A30             (./generated-code/):00476 [2]     1683            ORA #$30
A46B A7C8D6           (./generated-code/):00477 [5]     1688            STA -42,U
A46E A6C8B4           (./generated-code/):00478 [5]     1693            LDA -76,U
A471 84F0             (./generated-code/):00479 [2]     1695            ANDA #$F0
A473 8A01             (./generated-code/):00480 [2]     1697            ORA #$01
A475 A7C8B4           (./generated-code/):00481 [5]     1702            STA -76,U
A478 A6C8AE           (./generated-code/):00482 [5]     1707            LDA -82,U
A47B 840F             (./generated-code/):00483 [2]     1709            ANDA #$0F
A47D 8A30             (./generated-code/):00484 [2]     1711            ORA #$30
A47F A7C8AE           (./generated-code/):00485 [5]     1716            STA -82,U
A482 A6C8AC           (./generated-code/):00486 [5]     1721            LDA -84,U
A485 840F             (./generated-code/):00487 [2]     1723            ANDA #$0F
A487 8A00             (./generated-code/):00488 [2]     1725            ORA #$00
A489 A7C8AC           (./generated-code/):00489 [5]     1730            STA -84,U
A48C A6C88C           (./generated-code/):00490 [5]     1735            LDA -116,U
A48F 84F0             (./generated-code/):00491 [2]     1737            ANDA #$F0
A491 8A01             (./generated-code/):00492 [2]     1739            ORA #$01
A493 A7C88C           (./generated-code/):00493 [5]     1744            STA -116,U
A496 A6C886           (./generated-code/):00494 [5]     1749            LDA -122,U
A499 840F             (./generated-code/):00495 [2]     1751            ANDA #$0F
A49B 8A30             (./generated-code/):00496 [2]     1753            ORA #$30
A49D A7C886           (./generated-code/):00497 [5]     1758            STA -122,U
A4A0 A6C884           (./generated-code/):00498 [5]     1763            LDA -124,U
A4A3 840F             (./generated-code/):00499 [2]     1765            ANDA #$0F
A4A5 8A00             (./generated-code/):00500 [2]     1767            ORA #$00
A4A7 A7C884           (./generated-code/):00501 [5]     1772            STA -124,U
A4AA 33C9FEE5         (./generated-code/):00502 [8]     1780            LEAU -283,U
                      (./generated-code/):00503                 
A4AE A6C879           (./generated-code/):00504 [5]     1785            LDA 121,U
A4B1 840F             (./generated-code/):00505 [2]     1787            ANDA #$0F
A4B3 8A30             (./generated-code/):00506 [2]     1789            ORA #$30
A4B5 A7C879           (./generated-code/):00507 [5]     1794            STA 121,U
A4B8 A6C877           (./generated-code/):00508 [5]     1799            LDA 119,U
A4BB 840F             (./generated-code/):00509 [2]     1801            ANDA #$0F
A4BD 8A00             (./generated-code/):00510 [2]     1803            ORA #$00
A4BF A7C877           (./generated-code/):00511 [5]     1808            STA 119,U
A4C2 A6C851           (./generated-code/):00512 [5]     1813            LDA 81,U
A4C5 840F             (./generated-code/):00513 [2]     1815            ANDA #$0F
A4C7 8A30             (./generated-code/):00514 [2]     1817            ORA #$30
A4C9 A7C851           (./generated-code/):00515 [5]     1822            STA 81,U
A4CC A6C84F           (./generated-code/):00516 [5]     1827            LDA 79,U
A4CF 840F             (./generated-code/):00517 [2]     1829            ANDA #$0F
A4D1 8A00             (./generated-code/):00518 [2]     1831            ORA #$00
A4D3 A7C84F           (./generated-code/):00519 [5]     1836            STA 79,U
A4D6 A6C829           (./generated-code/):00520 [5]     1841            LDA 41,U
A4D9 840F             (./generated-code/):00521 [2]     1843            ANDA #$0F
A4DB 8A30             (./generated-code/):00522 [2]     1845            ORA #$30
A4DD A7C829           (./generated-code/):00523 [5]     1850            STA 41,U
A4E0 A6C827           (./generated-code/):00524 [5]     1855            LDA 39,U
A4E3 840F             (./generated-code/):00525 [2]     1857            ANDA #$0F
A4E5 8A00             (./generated-code/):00526 [2]     1859            ORA #$00
A4E7 A7C827           (./generated-code/):00527 [5]     1864            STA 39,U
A4EA A641             (./generated-code/):00528 [5]     1869            LDA 1,U
A4EC 840F             (./generated-code/):00529 [2]     1871            ANDA #$0F
A4EE 8A30             (./generated-code/):00530 [2]     1873            ORA #$30
A4F0 A741             (./generated-code/):00531 [5]     1878            STA 1,U
A4F2 A65F             (./generated-code/):00532 [5]     1883            LDA -1,U
A4F4 840F             (./generated-code/):00533 [2]     1885            ANDA #$0F
A4F6 8A00             (./generated-code/):00534 [2]     1887            ORA #$00
A4F8 A75F             (./generated-code/):00535 [5]     1892            STA -1,U
A4FA A6C8D9           (./generated-code/):00536 [5]     1897            LDA -39,U
A4FD 840F             (./generated-code/):00537 [2]     1899            ANDA #$0F
A4FF 8A30             (./generated-code/):00538 [2]     1901            ORA #$30
A501 A7C8D9           (./generated-code/):00539 [5]     1906            STA -39,U
A504 A6C8D7           (./generated-code/):00540 [5]     1911            LDA -41,U
A507 840F             (./generated-code/):00541 [2]     1913            ANDA #$0F
A509 8A00             (./generated-code/):00542 [2]     1915            ORA #$00
A50B A7C8D7           (./generated-code/):00543 [5]     1920            STA -41,U
A50E A6C8B1           (./generated-code/):00544 [5]     1925            LDA -79,U
A511 840F             (./generated-code/):00545 [2]     1927            ANDA #$0F
A513 8A30             (./generated-code/):00546 [2]     1929            ORA #$30
A515 A7C8B1           (./generated-code/):00547 [5]     1934            STA -79,U
A518 A6C8AF           (./generated-code/):00548 [5]     1939            LDA -81,U
A51B 840F             (./generated-code/):00549 [2]     1941            ANDA #$0F
A51D 8A00             (./generated-code/):00550 [2]     1943            ORA #$00
A51F A7C8AF           (./generated-code/):00551 [5]     1948            STA -81,U
A522 A6C889           (./generated-code/):00552 [5]     1953            LDA -119,U
A525 840F             (./generated-code/):00553 [2]     1955            ANDA #$0F
A527 8A30             (./generated-code/):00554 [2]     1957            ORA #$30
A529 A7C889           (./generated-code/):00555 [5]     1962            STA -119,U
A52C A6C887           (./generated-code/):00556 [5]     1967            LDA -121,U
A52F 840F             (./generated-code/):00557 [2]     1969            ANDA #$0F
A531 8A00             (./generated-code/):00558 [2]     1971            ORA #$00
A533 A7C887           (./generated-code/):00559 [5]     1976            STA -121,U
A536 33C9FEEA         (./generated-code/):00560 [8]     1984            LEAU -278,U
                      (./generated-code/):00561                 
A53A A6C877           (./generated-code/):00562 [5]     1989            LDA 119,U
A53D 840F             (./generated-code/):00563 [2]     1991            ANDA #$0F
A53F 8A30             (./generated-code/):00564 [2]     1993            ORA #$30
A541 A7C877           (./generated-code/):00565 [5]     1998            STA 119,U
A544 A6C88A           (./generated-code/):00566 [5]     2003            LDA -118,U
A547 84F0             (./generated-code/):00567 [2]     2005            ANDA #$F0
A549 8A00             (./generated-code/):00568 [2]     2007            ORA #$00
A54B A7C88A           (./generated-code/):00569 [5]     2012            STA -118,U
A54E 8600             (./generated-code/):00570 [2]     2014            LDA #$00
A550 A7C875           (./generated-code/):00571 [5]     2019            STA 117,U
A553 ECC8B1           (./generated-code/):00572 [6]     2025            LDD -79,U
A556 8611             (./generated-code/):00573 [2]     2027            LDA #$11
A558 C40F             (./generated-code/):00574 [2]     2029            ANDB #$0F
A55A CA10             (./generated-code/):00575 [2]     2031            ORB #$10
A55C EDC8B1           (./generated-code/):00576 [6]     2037            STD -79,U
A55F A75E             (./generated-code/):00577 [5]     2042            STA -2,U
A561 EC44             (./generated-code/):00578 [6]     2048            LDD 4,U
A563 84F0             (./generated-code/):00579 [2]     2050            ANDA #$F0
A565 8A01             (./generated-code/):00580 [2]     2052            ORA #$01
A567 C611             (./generated-code/):00581 [2]     2054            LDB #$11
A569 ED44             (./generated-code/):00582 [6]     2060            STD 4,U
A56B 33C9FEEA         (./generated-code/):00583 [8]     2068            LEAU -278,U
                      (./generated-code/):00584                 
A56F A6C878           (./generated-code/):00585 [5]     2073            LDA 120,U
A572 84F0             (./generated-code/):00586 [2]     2075            ANDA #$F0
A574 8A00             (./generated-code/):00587 [2]     2077            ORA #$00
A576 A7C878           (./generated-code/):00588 [5]     2082            STA 120,U
A579 A6C850           (./generated-code/):00589 [5]     2087            LDA 80,U
A57C 84F0             (./generated-code/):00590 [2]     2089            ANDA #$F0
A57E 8A00             (./generated-code/):00591 [2]     2091            ORA #$00
A580 A7C850           (./generated-code/):00592 [5]     2096            STA 80,U
A583 A6C828           (./generated-code/):00593 [5]     2101            LDA 40,U
A586 84F0             (./generated-code/):00594 [2]     2103            ANDA #$F0
A588 8A00             (./generated-code/):00595 [2]     2105            ORA #$00
A58A A7C828           (./generated-code/):00596 [5]     2110            STA 40,U
A58D A6C4             (./generated-code/):00597 [4]     2114            LDA ,U
A58F 84F0             (./generated-code/):00598 [2]     2116            ANDA #$F0
A591 8A00             (./generated-code/):00599 [2]     2118            ORA #$00
A593 A7C4             (./generated-code/):00600 [4]     2122            STA ,U
A595 A6C8D8           (./generated-code/):00601 [5]     2127            LDA -40,U
A598 84F0             (./generated-code/):00602 [2]     2129            ANDA #$F0
A59A 8A00             (./generated-code/):00603 [2]     2131            ORA #$00
A59C A7C8D8           (./generated-code/):00604 [5]     2136            STA -40,U
A59F A6C8B0           (./generated-code/):00605 [5]     2141            LDA -80,U
A5A2 84F0             (./generated-code/):00606 [2]     2143            ANDA #$F0
A5A4 8A00             (./generated-code/):00607 [2]     2145            ORA #$00
A5A6 A7C8B0           (./generated-code/):00608 [5]     2150            STA -80,U
A5A9 A6C888           (./generated-code/):00609 [5]     2155            LDA -120,U
A5AC 84F0             (./generated-code/):00610 [2]     2157            ANDA #$F0
A5AE 8A00             (./generated-code/):00611 [2]     2159            ORA #$00
A5B0 A7C888           (./generated-code/):00612 [5]     2164            STA -120,U
A5B3 33C9FEE8         (./generated-code/):00613 [8]     2172            LEAU -280,U
                      (./generated-code/):00614                 
A5B7 A6C878           (./generated-code/):00615 [5]     2177            LDA 120,U
A5BA 84F0             (./generated-code/):00616 [2]     2179            ANDA #$F0
A5BC 8A00             (./generated-code/):00617 [2]     2181            ORA #$00
A5BE A7C878           (./generated-code/):00618 [5]     2186            STA 120,U
A5C1 A6C850           (./generated-code/):00619 [5]     2191            LDA 80,U
A5C4 84F0             (./generated-code/):00620 [2]     2193            ANDA #$F0
A5C6 8A00             (./generated-code/):00621 [2]     2195            ORA #$00
A5C8 A7C850           (./generated-code/):00622 [5]     2200            STA 80,U
A5CB A6C828           (./generated-code/):00623 [5]     2205            LDA 40,U
A5CE 84F0             (./generated-code/):00624 [2]     2207            ANDA #$F0
A5D0 8A00             (./generated-code/):00625 [2]     2209            ORA #$00
A5D2 A7C828           (./generated-code/):00626 [5]     2214            STA 40,U
A5D5 A6C4             (./generated-code/):00627 [4]     2218            LDA ,U
A5D7 84F0             (./generated-code/):00628 [2]     2220            ANDA #$F0
A5D9 8A00             (./generated-code/):00629 [2]     2222            ORA #$00
A5DB A7C4             (./generated-code/):00630 [4]     2226            STA ,U
A5DD A6C8D8           (./generated-code/):00631 [5]     2231            LDA -40,U
A5E0 84F0             (./generated-code/):00632 [2]     2233            ANDA #$F0
A5E2 8A00             (./generated-code/):00633 [2]     2235            ORA #$00
A5E4 A7C8D8           (./generated-code/):00634 [5]     2240            STA -40,U
A5E7 A6C8B0           (./generated-code/):00635 [5]     2245            LDA -80,U
A5EA 84F0             (./generated-code/):00636 [2]     2247            ANDA #$F0
A5EC 8A00             (./generated-code/):00637 [2]     2249            ORA #$00
A5EE A7C8B0           (./generated-code/):00638 [5]     2254            STA -80,U
A5F1 A6C888           (./generated-code/):00639 [5]     2259            LDA -120,U
A5F4 84F0             (./generated-code/):00640 [2]     2261            ANDA #$F0
A5F6 8A00             (./generated-code/):00641 [2]     2263            ORA #$00
A5F8 A7C888           (./generated-code/):00642 [5]     2268            STA -120,U
A5FB 33C9FEE8         (./generated-code/):00643 [8]     2276            LEAU -280,U
                      (./generated-code/):00644                 
A5FF A6C878           (./generated-code/):00645 [5]     2281            LDA 120,U
A602 84F0             (./generated-code/):00646 [2]     2283            ANDA #$F0
A604 8A00             (./generated-code/):00647 [2]     2285            ORA #$00
A606 A7C878           (./generated-code/):00648 [5]     2290            STA 120,U
A609 A6C4             (./generated-code/):00649 [4]     2294            LDA ,U
A60B 840F             (./generated-code/):00650 [2]     2296            ANDA #$0F
A60D 8A30             (./generated-code/):00651 [2]     2298            ORA #$30
A60F A7C4             (./generated-code/):00652 [4]     2302            STA ,U
A611 A6C8D8           (./generated-code/):00653 [5]     2307            LDA -40,U
A614 840F             (./generated-code/):00654 [2]     2309            ANDA #$0F
A616 8A30             (./generated-code/):00655 [2]     2311            ORA #$30
A618 A7C8D8           (./generated-code/):00656 [5]     2316            STA -40,U
A61B A6C8B0           (./generated-code/):00657 [5]     2321            LDA -80,U
A61E 840F             (./generated-code/):00658 [2]     2323            ANDA #$0F
A620 8A30             (./generated-code/):00659 [2]     2325            ORA #$30
A622 A7C8B0           (./generated-code/):00660 [5]     2330            STA -80,U
A625 A6C888           (./generated-code/):00661 [5]     2335            LDA -120,U
A628 840F             (./generated-code/):00662 [2]     2337            ANDA #$0F
A62A 8A30             (./generated-code/):00663 [2]     2339            ORA #$30
A62C A7C888           (./generated-code/):00664 [5]     2344            STA -120,U
A62F 8630             (./generated-code/):00665 [2]     2346            LDA #$30
A631 A7C850           (./generated-code/):00666 [5]     2351            STA 80,U
A634 A7C828           (./generated-code/):00667 [5]     2356            STA 40,U
A637 33C9FEE7         (./generated-code/):00668 [8]     2364            LEAU -281,U
                      (./generated-code/):00669                 
A63B A6C879           (./generated-code/):00670 [5]     2369            LDA 121,U
A63E 840F             (./generated-code/):00671 [2]     2371            ANDA #$0F
A640 8A30             (./generated-code/):00672 [2]     2373            ORA #$30
A642 A7C879           (./generated-code/):00673 [5]     2378            STA 121,U
A645 A6C851           (./generated-code/):00674 [5]     2383            LDA 81,U
A648 840F             (./generated-code/):00675 [2]     2385            ANDA #$0F
A64A 8A30             (./generated-code/):00676 [2]     2387            ORA #$30
A64C A7C851           (./generated-code/):00677 [5]     2392            STA 81,U
A64F A6C829           (./generated-code/):00678 [5]     2397            LDA 41,U
A652 840F             (./generated-code/):00679 [2]     2399            ANDA #$0F
A654 8A30             (./generated-code/):00680 [2]     2401            ORA #$30
A656 A7C829           (./generated-code/):00681 [5]     2406            STA 41,U
A659 A641             (./generated-code/):00682 [5]     2411            LDA 1,U
A65B 840F             (./generated-code/):00683 [2]     2413            ANDA #$0F
A65D 8A30             (./generated-code/):00684 [2]     2415            ORA #$30
A65F A741             (./generated-code/):00685 [5]     2420            STA 1,U
A661 A65F             (./generated-code/):00686 [5]     2425            LDA -1,U
A663 84F0             (./generated-code/):00687 [2]     2427            ANDA #$F0
A665 8A00             (./generated-code/):00688 [2]     2429            ORA #$00
A667 A75F             (./generated-code/):00689 [5]     2434            STA -1,U
A669 A6C8D9           (./generated-code/):00690 [5]     2439            LDA -39,U
A66C 840F             (./generated-code/):00691 [2]     2441            ANDA #$0F
A66E 8A30             (./generated-code/):00692 [2]     2443            ORA #$30
A670 A7C8D9           (./generated-code/):00693 [5]     2448            STA -39,U
A673 A6C8D7           (./generated-code/):00694 [5]     2453            LDA -41,U
A676 84F0             (./generated-code/):00695 [2]     2455            ANDA #$F0
A678 8A00             (./generated-code/):00696 [2]     2457            ORA #$00
A67A A7C8D7           (./generated-code/):00697 [5]     2462            STA -41,U
A67D A6C8B1           (./generated-code/):00698 [5]     2467            LDA -79,U
A680 840F             (./generated-code/):00699 [2]     2469            ANDA #$0F
A682 8A30             (./generated-code/):00700 [2]     2471            ORA #$30
A684 A7C8B1           (./generated-code/):00701 [5]     2476            STA -79,U
A687 A6C8AF           (./generated-code/):00702 [5]     2481            LDA -81,U
A68A 84F0             (./generated-code/):00703 [2]     2483            ANDA #$F0
A68C 8A00             (./generated-code/):00704 [2]     2485            ORA #$00
A68E A7C8AF           (./generated-code/):00705 [5]     2490            STA -81,U
A691 A6C889           (./generated-code/):00706 [5]     2495            LDA -119,U
A694 840F             (./generated-code/):00707 [2]     2497            ANDA #$0F
A696 8A30             (./generated-code/):00708 [2]     2499            ORA #$30
A698 A7C889           (./generated-code/):00709 [5]     2504            STA -119,U
A69B A6C887           (./generated-code/):00710 [5]     2509            LDA -121,U
A69E 84F0             (./generated-code/):00711 [2]     2511            ANDA #$F0
A6A0 8A00             (./generated-code/):00712 [2]     2513            ORA #$00
A6A2 A7C887           (./generated-code/):00713 [5]     2518            STA -121,U
A6A5 33C9FEFC         (./generated-code/):00714 [8]     2526            LEAU -260,U
                      (./generated-code/):00715                 
A6A9 8600             (./generated-code/):00716 [2]     2528            LDA #$00
A6AB A7C813           (./generated-code/):00717 [5]     2533            STA 19,U
A6AE A7C8EB           (./generated-code/):00718 [5]     2538            STA -21,U
A6B1 A7C8C3           (./generated-code/):00719 [5]     2543            STA -61,U
A6B4 A6C865           (./generated-code/):00720 [5]     2548            LDA 101,U
A6B7 840F             (./generated-code/):00721 [2]     2550            ANDA #$0F
A6B9 8A30             (./generated-code/):00722 [2]     2552            ORA #$30
A6BB A7C865           (./generated-code/):00723 [5]     2557            STA 101,U
A6BE A6C863           (./generated-code/):00724 [5]     2562            LDA 99,U
A6C1 84F0             (./generated-code/):00725 [2]     2564            ANDA #$F0
A6C3 8A00             (./generated-code/):00726 [2]     2566            ORA #$00
A6C5 A7C863           (./generated-code/):00727 [5]     2571            STA 99,U
A6C8 A6C83D           (./generated-code/):00728 [5]     2576            LDA 61,U
A6CB 840F             (./generated-code/):00729 [2]     2578            ANDA #$0F
A6CD 8A30             (./generated-code/):00730 [2]     2580            ORA #$30
A6CF A7C83D           (./generated-code/):00731 [5]     2585            STA 61,U
A6D2 A6C83B           (./generated-code/):00732 [5]     2590            LDA 59,U
A6D5 84F0             (./generated-code/):00733 [2]     2592            ANDA #$F0
A6D7 8A00             (./generated-code/):00734 [2]     2594            ORA #$00
A6D9 A7C83B           (./generated-code/):00735 [5]     2599            STA 59,U
A6DC A6C815           (./generated-code/):00736 [5]     2604            LDA 21,U
A6DF 840F             (./generated-code/):00737 [2]     2606            ANDA #$0F
A6E1 8A30             (./generated-code/):00738 [2]     2608            ORA #$30
A6E3 A7C815           (./generated-code/):00739 [5]     2613            STA 21,U
A6E6 A6C8ED           (./generated-code/):00740 [5]     2618            LDA -19,U
A6E9 840F             (./generated-code/):00741 [2]     2620            ANDA #$0F
A6EB 8A30             (./generated-code/):00742 [2]     2622            ORA #$30
A6ED A7C8ED           (./generated-code/):00743 [5]     2627            STA -19,U
A6F0 A6C8C5           (./generated-code/):00744 [5]     2632            LDA -59,U
A6F3 840F             (./generated-code/):00745 [2]     2634            ANDA #$0F
A6F5 8A30             (./generated-code/):00746 [2]     2636            ORA #$30
A6F7 A7C8C5           (./generated-code/):00747 [5]     2641            STA -59,U
A6FA A6C89D           (./generated-code/):00748 [5]     2646            LDA -99,U
A6FD 840F             (./generated-code/):00749 [2]     2648            ANDA #$0F
A6FF 8A30             (./generated-code/):00750 [2]     2650            ORA #$30
A701 A7C89D           (./generated-code/):00751 [5]     2655            STA -99,U
A704 A6C89B           (./generated-code/):00752 [5]     2660            LDA -101,U
A707 84F0             (./generated-code/):00753 [2]     2662            ANDA #$F0
A709 8A00             (./generated-code/):00754 [2]     2664            ORA #$00
A70B A7C89B           (./generated-code/):00755 [5]     2669            STA -101,U
A70E 33C9FF24         (./generated-code/):00756 [8]     2677            LEAU -220,U
                      (./generated-code/):00757                 
A712 E7C4             (./generated-code/):00758 [4]     2681            STB ,U
A714 39               (./generated-code/):00759 [5]     2686            RTS
                      (./generated-code/):00760                 
