                      (./generated-code/):00001                 INCLUDE "./Engine/Constants.asm"
                      (./Engine/Constant):00001         * ---------------------------------------------------------------------------
                      (./Engine/Constant):00002         * Constants
                      (./Engine/Constant):00003         *
                      (./Engine/Constant):00004         * Naming convention
                      (./Engine/Constant):00005         * -----------------
                      (./Engine/Constant):00006         * - lower case
                      (./Engine/Constant):00007         * - underscore-separated names
                      (./Engine/Constant):00008         *
                      (./Engine/Constant):00009         * ---------------------------------------------------------------------------
                      (./Engine/Constant):00010         
                      (./Engine/Constant):00011         * ===========================================================================
                      (./Engine/Constant):00012         * TO8 Registers
                      (./Engine/Constant):00013         * ===========================================================================
                      (./Engine/Constant):00014         
                      (./Engine/Constant):00015         ; Disk routine registers (ROM)
                      (./Engine/Constant):00016         
     6049             (./Engine/Constant):00017         dk_drive                      equ $6049
     604A             (./Engine/Constant):00018         dk_track                      equ $604A
     604B             (./Engine/Constant):00019         dk_track_lsb                  equ $604B
     604C             (./Engine/Constant):00020         dk_sector                     equ $604C
     604F             (./Engine/Constant):00021         dk_write_location             equ $604F
                      (./Engine/Constant):00022         
                      (./Engine/Constant):00023         * ===========================================================================
                      (./Engine/Constant):00024         * Globals
                      (./Engine/Constant):00025         * ===========================================================================
                      (./Engine/Constant):00026         
     009F             (./Engine/Constant):00027         glb_direct_page               equ $9F    ; direct page for globals
                      (./Engine/Constant):00028         
                      (./Engine/Constant):00029         ; compilated sprite
     9FFE             (./Engine/Constant):00030         glb_register_s                equ $9FFE  ; reverved space to store S from ROM routines
                      (./Engine/Constant):00031         
                      (./Engine/Constant):00032         ; DrawSprites
     9FFC             (./Engine/Constant):00033         glb_screen_location_1         equ $9FFC  ; start address for rendering of current sprite Part1     
     9FFA             (./Engine/Constant):00034         glb_screen_location_2         equ $9FFA  ; start address for rendering of current sprite Part2 (Must follow Part1)
                      (./Engine/Constant):00035         
                      (./Engine/Constant):00036         ; CheckSpritesRefresh
     9FF9             (./Engine/Constant):00037         glb_cur_priority              equ $9FF9
     9FF7             (./Engine/Constant):00038         glb_cur_ptr_sub_obj_erase     equ $9FF7
     9FF5             (./Engine/Constant):00039         glb_cur_ptr_sub_obj_draw      equ $9FF5
     9FF3             (./Engine/Constant):00040         glb_camera_x_pos              equ $9FF3 ; camera x position in palyfield coordinates
     9FF1             (./Engine/Constant):00041         glb_camera_y_pos              equ $9FF1 ; camera y position in palyfield coordinates
     9FEF             (./Engine/Constant):00042         glb_camera_x_min_pos          equ $9FEF
     9FED             (./Engine/Constant):00043         glb_camera_y_min_pos          equ $9FED
     9FEB             (./Engine/Constant):00044         glb_camera_x_max_pos          equ $9FEB
     9FE9             (./Engine/Constant):00045         glb_camera_y_max_pos          equ $9FE9
     9FE8             (./Engine/Constant):00046         glb_force_sprite_refresh      equ $9FE8
     9FE7             (./Engine/Constant):00047         glb_camera_move               equ $9FE7
     9FE6             (./Engine/Constant):00048         glb_alphaTiles                equ $9FE6
     9F00             (./Engine/Constant):00049         glb_tmp_var                   equ $9F00 ; custom tmp var space for routine
     9F00             (./Engine/Constant):00050         glb_system_stack              equ $9F00
                      (./Engine/Constant):00051         
                      (./Engine/Constant):00052         * ===========================================================================
                      (./Engine/Constant):00053         * Display Constants
                      (./Engine/Constant):00054         * ===========================================================================
                      (./Engine/Constant):00055         
     00A0             (./Engine/Constant):00056         screen_width                  equ 160    ; in pixel
     001C             (./Engine/Constant):00057         screen_top                    equ 28     ; in pixel
     00E3             (./Engine/Constant):00058         screen_bottom                 equ 28+199 ; in pixel
     0030             (./Engine/Constant):00059         screen_left                   equ 48     ; in pixel
     00CF             (./Engine/Constant):00060         screen_right                  equ 48+159 ; in pixel
     0008             (./Engine/Constant):00061         nb_priority_levels            equ 8      ; number of priority levels (need code change if modified)
                      (./Engine/Constant):00062         
                      (./Engine/Constant):00063         * ===========================================================================
                      (./Engine/Constant):00064         * Images Constants
                      (./Engine/Constant):00065         * ===========================================================================
                      (./Engine/Constant):00066         
     0004             (./Engine/Constant):00067         image_x_size                  equ 4
     0005             (./Engine/Constant):00068         image_y_size                  equ 5
     0006             (./Engine/Constant):00069         image_center_offset           equ 6
                      (./Engine/Constant):00070         
     0004             (./Engine/Constant):00071         image_subset_x1_offset        equ 4
     0005             (./Engine/Constant):00072         image_subset_y1_offset        equ 5
                      (./Engine/Constant):00073         
     0000             (./Engine/Constant):00074         page_draw_routine             equ 0
     0001             (./Engine/Constant):00075         draw_routine                  equ 1
     0003             (./Engine/Constant):00076         page_erase_routine            equ 3
     0004             (./Engine/Constant):00077         erase_routine                 equ 4
     0006             (./Engine/Constant):00078         erase_nb_cell                 equ 6
                      (./Engine/Constant):00079         
                      (./Engine/Constant):00080         * ===========================================================================
                      (./Engine/Constant):00081         * Sound Constants
                      (./Engine/Constant):00082         * ===========================================================================
                      (./Engine/Constant):00083         
     0000             (./Engine/Constant):00084         sound_page        equ 0
     0001             (./Engine/Constant):00085         sound_start_addr  equ 1
     0003             (./Engine/Constant):00086         sound_end_addr    equ 3
     0005             (./Engine/Constant):00087         sound_meta_size   equ 5
                      (./Engine/Constant):00088         
                      (./Engine/Constant):00089         * ===========================================================================
                      (./Engine/Constant):00090         * Object Constants
                      (./Engine/Constant):00091         * ===========================================================================
                      (./Engine/Constant):00092         
     005D             (./Engine/Constant):00093         object_core_size              equ 93  ; the size of an object without ext_vars - DEPENDENCY ClearObj routine
     ????             (./Engine/Constant):00094         object_size                   equ object_core_size+ext_variables_size ; the size of a dynamic object
     ????             (./Engine/Constant):00095         next_object                   equ object_size
     005D             (./Engine/Constant):00096         ext_variables                 equ object_core_size ; start of reserved space for additionnal variables
                      (./Engine/Constant):00097         
     0000             (./Engine/Constant):00098         id                            equ 0           ; reference to object model id (ObjID_) (0: free slot)
     0001             (./Engine/Constant):00099         subtype                       equ 1           ; reference to object subtype (Sub_)
     0002             (./Engine/Constant):00100         render_flags                  equ 2
                      (./Engine/Constant):00101         
                      (./Engine/Constant):00102         * --- render_flags bitfield variables ---
     0001             (./Engine/Constant):00103         render_xmirror_mask           equ $01 ; (bit 0) DEPENDENCY should be bit 0 - tell display engine to mirror sprite on horizontal axis
     0002             (./Engine/Constant):00104         render_ymirror_mask           equ $02 ; (bit 1) DEPENDENCY should be bit 1 - tell display engine to mirror sprite on vertical axis
     0004             (./Engine/Constant):00105         render_overlay_mask           equ $04 ; (bit 2) DEPENDENCY should be bit 2 - compilated sprite with no background save
     0008             (./Engine/Constant):00106         render_motionless_mask        equ $08 ; (bit 3) tell display engine to compute sub image and position check only once until the flag is removed  
     0010             (./Engine/Constant):00107         render_playfieldcoord_mask    equ $10 ; (bit 4) tell display engine to use playfield (1) or screen (0) coordinates
     0020             (./Engine/Constant):00108         render_hide_mask              equ $20 ; (bit 5) tell display engine to hide sprite (keep priority and mapping_frame)
     0040             (./Engine/Constant):00109         render_todelete_mask          equ $40 ; (bit 6) tell display engine to delete sprite and clear OST for this object
     0080             (./Engine/Constant):00110         render_xloop_mask             equ $80 ; (bit 7) (screen coordinate) tell display engine to hide sprite when x is out of screen (0) or to display (1)  
                      (./Engine/Constant):00111          
     0003             (./Engine/Constant):00112         priority                      equ 3           ; display priority (0: nothing to display, 1:front, ..., 8:back)
     0004             (./Engine/Constant):00113         anim                          equ 4  ; and 5  ; reference to current animation (Ani_)
     0006             (./Engine/Constant):00114         prev_anim                     equ 6  ; and 7  ; reference to previous animation (Ani_)
     0008             (./Engine/Constant):00115         anim_frame                    equ 8           ; index of current frame in animation
     0009             (./Engine/Constant):00116         anim_frame_duration           equ 9           ; number of frames for each image in animation, range: 00-7F (0-127), 0 means display only during one frame
     000A             (./Engine/Constant):00117         anim_flags                    equ 10          ; byte offset to reference an anim_flags LUT (adv) / store a link flag (non adv)
                      (./Engine/Constant):00118         
                      (./Engine/Constant):00119         * --- anim_flags bitfield variables ---
     0001             (./Engine/Constant):00120         anim_link_mask                equ $01 ; (bit 0) if set, allow the load of a new animation without reseting anim_frame and anim_frame_duration
                      (./Engine/Constant):00121         
     000B             (./Engine/Constant):00122         status_flags                  equ 11          ; orientation of sprite, is applied to animation xmirror flag during AnimateSprite
                      (./Engine/Constant):00123         
                      (./Engine/Constant):00124         * --- status_flags bitfield variables ---
     0001             (./Engine/Constant):00125         status_xflip_mask             equ $01 ; (bit 0) X Flip
     0002             (./Engine/Constant):00126         status_yflip_mask             equ $02 ; (bit 1) Y Flip
                      (./Engine/Constant):00127         
     000C             (./Engine/Constant):00128         image_set                     equ 12 ; and 13 ; reference to current image (Img_) (0000 if no image)
     000E             (./Engine/Constant):00129         x_pos                         equ 14 ; and 15 ; x playfield coordinate
     0010             (./Engine/Constant):00130         x_sub                         equ 16          ; x subpixel (1/256 of a pixel), must follow x_pos in data structure
     0011             (./Engine/Constant):00131         y_pos                         equ 17 ; and 18 ; y playfield coordinate
     0013             (./Engine/Constant):00132         y_sub                         equ 19          ; y subpixel (1/256 of a pixel), must follow y_pos in data structure
     0014             (./Engine/Constant):00133         xy_pixel                      equ 20          ; x and y screen coordinate
     0014             (./Engine/Constant):00134         x_pixel                       equ 20          ; x screen coordinate
     0015             (./Engine/Constant):00135         y_pixel                       equ 21          ; y screen coordinate, must follow x_pixel
                      (./Engine/Constant):00136         ;x_offset                      equ 93          ; x screen coordinate offset that is applied at rendering
                      (./Engine/Constant):00137         ;y_offset                      equ 94          ; x screen coordinate offset that is applied at rendering
     0016             (./Engine/Constant):00138         x_vel                         equ 22 ; and 23 ; horizontal velocity
     0018             (./Engine/Constant):00139         y_vel                         equ 24 ; and 25 ; vertical velocity
     001A             (./Engine/Constant):00140         x_acl                         equ 26 ; and 27 ; horizontal gravity
     001C             (./Engine/Constant):00141         y_acl                         equ 28 ; and 29 ; vertical gravity
     001E             (./Engine/Constant):00142         routine                       equ 30          ; index of current object routine
     001F             (./Engine/Constant):00143         routine_secondary             equ 31          ; index of current secondary routine
     0020             (./Engine/Constant):00144         routine_tertiary              equ 32          ; index of current tertiary routine
     0021             (./Engine/Constant):00145         routine_quaternary            equ 33          ; index of current quaternary routine
                      (./Engine/Constant):00146         
                      (./Engine/Constant):00147         * ---------------------------------------------------------------------------
                      (./Engine/Constant):00148         * reserved variables (update by engine)
                      (./Engine/Constant):00149         
     0022             (./Engine/Constant):00150         rsv_render_flags              equ 34
                      (./Engine/Constant):00151         
                      (./Engine/Constant):00152         * --- rsv_render_flags bitfield variables ---
     0001             (./Engine/Constant):00153         rsv_render_checkrefresh_mask  equ $01 ; (bit 0) if erasesprite and display sprite flag are processed for this frame
     0002             (./Engine/Constant):00154         rsv_render_erasesprite_mask   equ $02 ; (bit 1) if a sprite need to be cleared on screen
     0004             (./Engine/Constant):00155         rsv_render_displaysprite_mask equ $04 ; (bit 2) if a sprite need to be rendered on screen
     0008             (./Engine/Constant):00156         rsv_render_outofrange_mask    equ $08 ; (bit 3) if a sprite is out of range for full rendering in screen
     0080             (./Engine/Constant):00157         rsv_render_onscreen_mask      equ $80 ; (bit 7) DEPENDENCY should be bit 7 - has been rendered on last screen buffer (may be 0 or 1)
                      (./Engine/Constant):00158         
     0023             (./Engine/Constant):00159         rsv_prev_anim                 equ 35 ; and 36 ; reference to previous animation (Ani_) w * UTILE ?
     0025             (./Engine/Constant):00160         rsv_image_center_offset       equ 37 ; 0 or 1 offset that indicate if image center is even or odd (DRS_XYToAddress)
     0026             (./Engine/Constant):00161         rsv_image_subset              equ 38 ; and 39 ; reference to current image regarding mirror flags w
     0028             (./Engine/Constant):00162         rsv_mapping_frame             equ 40 ; and 41 ; reference to current image regarding mirror flags, overlay flag and x precision w
     002A             (./Engine/Constant):00163         rsv_erase_nb_cell             equ 42 ; b 
     002B             (./Engine/Constant):00164         rsv_page_draw_routine         equ 43 ; b
     002C             (./Engine/Constant):00165         rsv_draw_routine              equ 44 ; and 45 ; w
     002E             (./Engine/Constant):00166         rsv_page_erase_routine        equ 46 ; b
     002F             (./Engine/Constant):00167         rsv_erase_routine             equ 47 ; and 48 ; w 
     0031             (./Engine/Constant):00168         rsv_xy1_pixel                 equ 49 ;
     0031             (./Engine/Constant):00169         rsv_x1_pixel                  equ 49 ; x+x_offset-(x_size/2) screen coordinate
     0032             (./Engine/Constant):00170         rsv_y1_pixel                  equ 50 ; y+y_offset-(y_size/2) screen coordinate, must follow rsv_x1_pixel
     0033             (./Engine/Constant):00171         rsv_xy2_pixel                 equ 51 ;
     0033             (./Engine/Constant):00172         rsv_x2_pixel                  equ 51 ; x+x_offset+(x_size/2) screen coordinate
     0034             (./Engine/Constant):00173         rsv_y2_pixel                  equ 52 ; y+y_offset+(y_size/2) screen coordinate, must follow rsv_x2_pixel
                      (./Engine/Constant):00174         
                      (./Engine/Constant):00175         * ---------------------------------------------------------------------------
                      (./Engine/Constant):00176         * reserved variables (engine) - buffer specific
                      (./Engine/Constant):00177         
     0035             (./Engine/Constant):00178         rsv_buffer_0                  equ 53 ; Start index of buffer 0 variables
     0035             (./Engine/Constant):00179         rsv_priority_0                equ 53 ; internal value that hold priority in video buffer 0
     0036             (./Engine/Constant):00180         rsv_priority_prev_obj_0       equ 54 ; and 55 ; previous object (OST address) in display priority list for video buffer 0 (0000 if none) w
     0038             (./Engine/Constant):00181         rsv_priority_next_obj_0       equ 56 ; and 57 ; next object (OST address) in display priority list for video buffer 0 (0000 if none) w
     003A             (./Engine/Constant):00182         rsv_prev_mapping_frame_0      equ 58 ; and 59 ; reference to previous image in video buffer 0 w
     003C             (./Engine/Constant):00183         rsv_prev_erase_nb_cell_0      equ 60 : b
     003D             (./Engine/Constant):00184         rsv_prev_page_erase_routine_0 equ 61 ; b
     003E             (./Engine/Constant):00185         rsv_prev_erase_routine_0      equ 62 ; and 63 ; w
     0040             (./Engine/Constant):00186         rsv_bgdata_0                  equ 64 ; and 65 ; address of background data in screen 0 w
     0042             (./Engine/Constant):00187         rsv_prev_xy_pixel_0           equ 66 ;
     0042             (./Engine/Constant):00188         rsv_prev_x_pixel_0            equ 66 ; previous x screen coordinate b
     0043             (./Engine/Constant):00189         rsv_prev_y_pixel_0            equ 67 ; previous y screen coordinate b, must follow x_pixel
     0044             (./Engine/Constant):00190         rsv_prev_xy1_pixel_0          equ 68 ;
     0044             (./Engine/Constant):00191         rsv_prev_x1_pixel_0           equ 68 ; previous x+x_offset-(x_size/2) screen coordinate b
     0045             (./Engine/Constant):00192         rsv_prev_y1_pixel_0           equ 69 ; previous y+y_offset-(y_size/2) screen coordinate b, must follow x1_pixel
     0046             (./Engine/Constant):00193         rsv_prev_xy2_pixel_0          equ 70 ;
     0046             (./Engine/Constant):00194         rsv_prev_x2_pixel_0           equ 70 ; previous x+x_offset+(x_size/2) screen coordinate b
     0047             (./Engine/Constant):00195         rsv_prev_y2_pixel_0           equ 71 ; previous y+y_offset+(y_size/2) screen coordinate b, must follow x2_pixel
     0048             (./Engine/Constant):00196         rsv_prev_render_flags_0       equ 72 ;
                      (./Engine/Constant):00197         * --- rsv_prev_render_flags_0 bitfield variables ---
     0001             (./Engine/Constant):00198         rsv_prev_render_overlay_mask  equ $01 ; (bit 0) if a sprite has been rendered with compilated sprite and no background save on screen buffer 0/1
     0080             (./Engine/Constant):00199         rsv_prev_render_onscreen_mask equ $80 ; (bit 7) DEPENDENCY should be bit 7 - has been rendered on screen buffer 0/1
                      (./Engine/Constant):00200         
     0049             (./Engine/Constant):00201         rsv_buffer_1                  equ 73 ; Start index of buffer 1 variables
     0049             (./Engine/Constant):00202         rsv_priority_1                equ 73 ; internal value that hold priority in video buffer 1
     004A             (./Engine/Constant):00203         rsv_priority_prev_obj_1       equ 74 ; and 75 ; previous object (OST address) in display priority list for video buffer 1 (0000 if none) w
     004C             (./Engine/Constant):00204         rsv_priority_next_obj_1       equ 76 ; and 77 ; next object (OST address) in display priority list for video buffer 1 (0000 if none) w
     004E             (./Engine/Constant):00205         rsv_prev_mapping_frame_1      equ 78 ; and 79 ; reference to previous image in video buffer 1 w
     0050             (./Engine/Constant):00206         rsv_prev_erase_nb_cell_1      equ 80 ; b
     0051             (./Engine/Constant):00207         rsv_prev_page_erase_routine_1 equ 81 ; b
     0052             (./Engine/Constant):00208         rsv_prev_erase_routine_1      equ 82 ; and 83 ; w
     0054             (./Engine/Constant):00209         rsv_bgdata_1                  equ 84 ; and 85 ; address of background data in screen 1 w
     0056             (./Engine/Constant):00210         rsv_prev_xy_pixel_1           equ 86 ;
     0056             (./Engine/Constant):00211         rsv_prev_x_pixel_1            equ 86 ; previous x screen coordinate b
     0057             (./Engine/Constant):00212         rsv_prev_y_pixel_1            equ 87 ; previous y screen coordinate b, must follow x_pixel
     0058             (./Engine/Constant):00213         rsv_prev_xy1_pixel_1          equ 88 ;
     0058             (./Engine/Constant):00214         rsv_prev_x1_pixel_1           equ 88 ; previous x+x_size screen coordinate b
     0059             (./Engine/Constant):00215         rsv_prev_y1_pixel_1           equ 89 ; previous y+y_size screen coordinate b, must follow x_pixel
     005A             (./Engine/Constant):00216         rsv_prev_xy2_pixel_1          equ 90 ;
     005A             (./Engine/Constant):00217         rsv_prev_x2_pixel_1           equ 90 ; previous x+x_size screen coordinate b
     005B             (./Engine/Constant):00218         rsv_prev_y2_pixel_1           equ 91 ; previous y+y_size screen coordinate b, must follow x_pixel
     005C             (./Engine/Constant):00219         rsv_prev_render_flags_1       equ 92 ;
                      (./Engine/Constant):00220         
     0000             (./Engine/Constant):00221         buf_priority                  equ 0  ; offset for each rsv_buffer variables
     0001             (./Engine/Constant):00222         buf_priority_prev_obj         equ 1  ;
     0003             (./Engine/Constant):00223         buf_priority_next_obj         equ 3  ;
     0005             (./Engine/Constant):00224         buf_prev_mapping_frame        equ 5  ;
     0007             (./Engine/Constant):00225         buf_erase_nb_cell             equ 7  ;
     0008             (./Engine/Constant):00226         buf_page_erase_routine        equ 8 ;
     0009             (./Engine/Constant):00227         buf_erase_routine             equ 9 ;
     000B             (./Engine/Constant):00228         buf_bgdata                    equ 11 ;
     000D             (./Engine/Constant):00229         buf_prev_xy_pixel             equ 13 ;
     000D             (./Engine/Constant):00230         buf_prev_x_pixel              equ 13 ;
     000E             (./Engine/Constant):00231         buf_prev_y_pixel              equ 14 ;
     000F             (./Engine/Constant):00232         buf_prev_xy1_pixel            equ 15 ;
     000F             (./Engine/Constant):00233         buf_prev_x1_pixel             equ 15 ;
     0010             (./Engine/Constant):00234         buf_prev_y1_pixel             equ 16 ;
     0011             (./Engine/Constant):00235         buf_prev_xy2_pixel            equ 17 ;
     0011             (./Engine/Constant):00236         buf_prev_x2_pixel             equ 17 ;
     0012             (./Engine/Constant):00237         buf_prev_y2_pixel             equ 18 ;
     0013             (./Engine/Constant):00238         buf_prev_render_flags         equ 19 ;
                      (./generated-code/):00002                 ORG $A000
     FF               (./generated-code/):00003                 SETDP $FF
                      (./generated-code/):00004                 OPT C,CT
A000                  (./generated-code/):00005                 BCKDRAW_Img_sonic_079_0
A000 10FF9FFE         (./generated-code/):00006 [7]     7               STS glb_register_s
                      (./generated-code/):00007                 
A004 32A4             (./generated-code/):00008 [4]     11              LEAS ,Y
A006 33C9FF0F         (./generated-code/):00009 [8]     19              LEAU -241,U
                      (./generated-code/):00010                 
A00A ECC889           (./generated-code/):00011 [6]     25              LDD -119,U
A00D 3406             (./generated-code/):00012 [7]     32              PSHS D
A00F 84F0             (./generated-code/):00013 [2]     34              ANDA #$F0
A011 8A09             (./generated-code/):00014 [2]     36              ORA #$09
A013 C6AA             (./generated-code/):00015 [2]     38              LDB #$aa
A015 EDC889           (./generated-code/):00016 [6]     44              STD -119,U
A018 A6C88B           (./generated-code/):00017 [5]     49              LDA -117,U
A01B 3402             (./generated-code/):00018 [6]     55              PSHS A
A01D 84F0             (./generated-code/):00019 [2]     57              ANDA #$F0
A01F 8A0F             (./generated-code/):00020 [2]     59              ORA #$0f
A021 A7C88B           (./generated-code/):00021 [5]     64              STA -117,U
A024 ECC8B0           (./generated-code/):00022 [6]     70              LDD -80,U
A027 3406             (./generated-code/):00023 [7]     77              PSHS D
A029 84F0             (./generated-code/):00024 [2]     79              ANDA #$F0
A02B C4F0             (./generated-code/):00025 [2]     81              ANDB #$F0
A02D C30E0A           (./generated-code/):00026 [4]     85              ADDD #$0e0a
A030 EDC8B0           (./generated-code/):00027 [6]     91              STD -80,U
A033 AEC8B2           (./generated-code/):00028 [6]     97              LDX -78,U
A036 10AEC8DA         (./generated-code/):00029 [7]     104             LDY -38,U
A03A 3430             (./generated-code/):00030 [9]     113             PSHS Y,X
A03C ECC8D8           (./generated-code/):00031 [6]     119             LDD -40,U
A03F 3406             (./generated-code/):00032 [7]     126             PSHS D
A041 86EE             (./generated-code/):00033 [2]     128             LDA #$ee
A043 C4F0             (./generated-code/):00034 [2]     130             ANDB #$F0
A045 CA0A             (./generated-code/):00035 [2]     132             ORB #$0a
A047 EDC8D8           (./generated-code/):00036 [6]     138             STD -40,U
A04A CCAAEF           (./generated-code/):00037 [3]     141             LDD #$aaef
A04D EDC8DA           (./generated-code/):00038 [6]     147             STD -38,U
A050 C6AF             (./generated-code/):00039 [2]     149             LDB #$af
A052 EDC8B2           (./generated-code/):00040 [6]     155             STD -78,U
A055 3730             (./generated-code/):00041 [9]     164             PULU X,Y
A057 3470             (./generated-code/):00042 [11]    175             PSHS U,Y,X
A059 86ED             (./generated-code/):00043 [2]     177             LDA #$ed
A05B 8EFAFF           (./generated-code/):00044 [3]     180             LDX #$faff
A05E 3616             (./generated-code/):00045 [9]     189             PSHU D,X
A060 33C828           (./generated-code/):00046 [5]     194             LEAU 40,U
                      (./generated-code/):00047                 
A063 ECC828           (./generated-code/):00048 [6]     200             LDD 40,U
A066 3406             (./generated-code/):00049 [7]     207             PSHS D
A068 84F0             (./generated-code/):00050 [2]     209             ANDA #$F0
A06A 8A03             (./generated-code/):00051 [2]     211             ORA #$03
A06C C6FF             (./generated-code/):00052 [2]     213             LDB #$ff
A06E EDC828           (./generated-code/):00053 [6]     219             STD 40,U
A071 AEC82A           (./generated-code/):00054 [6]     225             LDX 42,U
A074 3410             (./generated-code/):00055 [7]     232             PSHS X
A076 CCFFFE           (./generated-code/):00056 [3]     235             LDD #$fffe
A079 EDC82A           (./generated-code/):00057 [6]     241             STD 42,U
A07C A6C82C           (./generated-code/):00058 [5]     246             LDA 44,U
A07F 3402             (./generated-code/):00059 [6]     252             PSHS A
A081 840F             (./generated-code/):00060 [2]     254             ANDA #$0F
A083 8A90             (./generated-code/):00061 [2]     256             ORA #$90
A085 A7C82C           (./generated-code/):00062 [5]     261             STA 44,U
A088 3730             (./generated-code/):00063 [9]     270             PULU X,Y
A08A 3470             (./generated-code/):00064 [11]    281             PSHS U,Y,X
A08C CCE3AF           (./generated-code/):00065 [3]     284             LDD #$e3af
A08F 8EFFFE           (./generated-code/):00066 [3]     287             LDX #$fffe
A092 3616             (./generated-code/):00067 [9]     296             PSHU D,X
A094 33C850           (./generated-code/):00068 [5]     301             LEAU 80,U
                      (./generated-code/):00069                 
A097 3730             (./generated-code/):00070 [9]     310             PULU X,Y
A099 3470             (./generated-code/):00071 [11]    321             PSHS U,Y,X
A09B CCDDFE           (./generated-code/):00072 [3]     324             LDD #$ddfe
A09E 8EFFFF           (./generated-code/):00073 [3]     327             LDX #$ffff
A0A1 3616             (./generated-code/):00074 [9]     336             PSHU D,X
A0A3 33C828           (./generated-code/):00075 [5]     341             LEAU 40,U
                      (./generated-code/):00076                 
A0A6 3730             (./generated-code/):00077 [9]     350             PULU X,Y
A0A8 3470             (./generated-code/):00078 [11]    361             PSHS U,Y,X
A0AA 8EFFEF           (./generated-code/):00079 [3]     364             LDX #$ffef
A0AD 3616             (./generated-code/):00080 [9]     373             PSHU D,X
A0AF 33C828           (./generated-code/):00081 [5]     378             LEAU 40,U
                      (./generated-code/):00082                 
A0B2 3730             (./generated-code/):00083 [9]     387             PULU X,Y
A0B4 3470             (./generated-code/):00084 [11]    398             PSHS U,Y,X
A0B6 C6EE             (./generated-code/):00085 [2]     400             LDB #$ee
A0B8 8EFFFE           (./generated-code/):00086 [3]     403             LDX #$fffe
A0BB 3616             (./generated-code/):00087 [9]     412             PSHU D,X
A0BD 33C828           (./generated-code/):00088 [5]     417             LEAU 40,U
                      (./generated-code/):00089                 
A0C0 3730             (./generated-code/):00090 [9]     426             PULU X,Y
A0C2 3470             (./generated-code/):00091 [11]    437             PSHS U,Y,X
A0C4 CC3DDE           (./generated-code/):00092 [3]     440             LDD #$3dde
A0C7 8EFAE9           (./generated-code/):00093 [3]     443             LDX #$fae9
A0CA 3616             (./generated-code/):00094 [9]     452             PSHU D,X
A0CC 33C828           (./generated-code/):00095 [5]     457             LEAU 40,U
                      (./generated-code/):00096                 
A0CF 3730             (./generated-code/):00097 [9]     466             PULU X,Y
A0D1 3470             (./generated-code/):00098 [11]    477             PSHS U,Y,X
A0D3 C6EE             (./generated-code/):00099 [2]     479             LDB #$ee
A0D5 8EFAE9           (./generated-code/):00100 [3]     482             LDX #$fae9
A0D8 3616             (./generated-code/):00101 [9]     491             PSHU D,X
A0DA 33C828           (./generated-code/):00102 [5]     496             LEAU 40,U
                      (./generated-code/):00103                 
A0DD A643             (./generated-code/):00104 [5]     501             LDA 3,U
A0DF 3402             (./generated-code/):00105 [6]     507             PSHS A
A0E1 840F             (./generated-code/):00106 [2]     509             ANDA #$0F
A0E3 8A90             (./generated-code/):00107 [2]     511             ORA #$90
A0E5 A743             (./generated-code/):00108 [5]     516             STA 3,U
A0E7 3712             (./generated-code/):00109 [8]     524             PULU A,X
A0E9 3452             (./generated-code/):00110 [10]    534             PSHS U,X,A
A0EB 863D             (./generated-code/):00111 [2]     536             LDA #$3d
A0ED 8EDDEA           (./generated-code/):00112 [3]     539             LDX #$ddea
A0F0 3612             (./generated-code/):00113 [8]     547             PSHU A,X
A0F2 33C828           (./generated-code/):00114 [5]     552             LEAU 40,U
                      (./generated-code/):00115                 
A0F5 3730             (./generated-code/):00116 [9]     561             PULU X,Y
A0F7 3470             (./generated-code/):00117 [11]    572             PSHS U,Y,X
A0F9 C6DB             (./generated-code/):00118 [2]     574             LDB #$db
A0FB 8EC99A           (./generated-code/):00119 [3]     577             LDX #$c99a
A0FE 3616             (./generated-code/):00120 [9]     586             PSHU D,X
A100 33C828           (./generated-code/):00121 [5]     591             LEAU 40,U
                      (./generated-code/):00122                 
A103 3730             (./generated-code/):00123 [9]     600             PULU X,Y
A105 3470             (./generated-code/):00124 [11]    611             PSHS U,Y,X
A107 CCDDEB           (./generated-code/):00125 [3]     614             LDD #$ddeb
A10A 8ECC99           (./generated-code/):00126 [3]     617             LDX #$cc99
A10D 3616             (./generated-code/):00127 [9]     626             PSHU D,X
A10F 33C828           (./generated-code/):00128 [5]     631             LEAU 40,U
                      (./generated-code/):00129                 
A112 3730             (./generated-code/):00130 [9]     640             PULU X,Y
A114 3470             (./generated-code/):00131 [11]    651             PSHS U,Y,X
A116 C6ED             (./generated-code/):00132 [2]     653             LDB #$ed
A118 8EEE99           (./generated-code/):00133 [3]     656             LDX #$ee99
A11B 3616             (./generated-code/):00134 [9]     665             PSHU D,X
A11D 33C828           (./generated-code/):00135 [5]     670             LEAU 40,U
                      (./generated-code/):00136                 
A120 AEC851           (./generated-code/):00137 [6]     676             LDX 81,U
A123 CCEEE9           (./generated-code/):00138 [3]     679             LDD #$eee9
A126 EDC851           (./generated-code/):00139 [6]     685             STD 81,U
A129 10AEC879         (./generated-code/):00140 [7]     692             LDY 121,U
A12D 3430             (./generated-code/):00141 [9]     701             PSHS Y,X
A12F CCCC99           (./generated-code/):00142 [3]     704             LDD #$cc99
A132 EDC879           (./generated-code/):00143 [6]     710             STD 121,U
A135 A6C87B           (./generated-code/):00144 [5]     715             LDA 123,U
A138 3402             (./generated-code/):00145 [6]     721             PSHS A
A13A 840F             (./generated-code/):00146 [2]     723             ANDA #$0F
A13C 8A90             (./generated-code/):00147 [2]     725             ORA #$90
A13E A7C87B           (./generated-code/):00148 [5]     730             STA 123,U
A141 ECC827           (./generated-code/):00149 [6]     736             LDD 39,U
A144 3406             (./generated-code/):00150 [7]     743             PSHS D
A146 84F0             (./generated-code/):00151 [2]     745             ANDA #$F0
A148 8A0D             (./generated-code/):00152 [2]     747             ORA #$0d
A14A C6DD             (./generated-code/):00153 [2]     749             LDB #$dd
A14C EDC827           (./generated-code/):00154 [6]     755             STD 39,U
A14F ECC829           (./generated-code/):00155 [6]     761             LDD 41,U
A152 3406             (./generated-code/):00156 [7]     768             PSHS D
A154 84F0             (./generated-code/):00157 [2]     770             ANDA #$F0
A156 8A03             (./generated-code/):00158 [2]     772             ORA #$03
A158 C6C9             (./generated-code/):00159 [2]     774             LDB #$c9
A15A EDC829           (./generated-code/):00160 [6]     780             STD 41,U
A15D ECC84F           (./generated-code/):00161 [6]     786             LDD 79,U
A160 3406             (./generated-code/):00162 [7]     793             PSHS D
A162 84F0             (./generated-code/):00163 [2]     795             ANDA #$F0
A164 8A0D             (./generated-code/):00164 [2]     797             ORA #$0d
A166 C6DD             (./generated-code/):00165 [2]     799             LDB #$dd
A168 EDC84F           (./generated-code/):00166 [6]     805             STD 79,U
A16B ECC877           (./generated-code/):00167 [6]     811             LDD 119,U
A16E 3406             (./generated-code/):00168 [7]     818             PSHS D
A170 84F0             (./generated-code/):00169 [2]     820             ANDA #$F0
A172 8A0D             (./generated-code/):00170 [2]     822             ORA #$0d
A174 C6DD             (./generated-code/):00171 [2]     824             LDB #$dd
A176 EDC877           (./generated-code/):00172 [6]     830             STD 119,U
A179 3730             (./generated-code/):00173 [9]     839             PULU X,Y
A17B 3470             (./generated-code/):00174 [11]    850             PSHS U,Y,X
A17D CCDD3C           (./generated-code/):00175 [3]     853             LDD #$dd3c
A180 8EC999           (./generated-code/):00176 [3]     856             LDX #$c999
A183 3616             (./generated-code/):00177 [9]     865             PSHU D,X
A185 33C90105         (./generated-code/):00178 [8]     873             LEAU 261,U
                      (./generated-code/):00179                 
A189 ECC89A           (./generated-code/):00180 [6]     879             LDD -102,U
A18C 3406             (./generated-code/):00181 [7]     886             PSHS D
A18E 84F0             (./generated-code/):00182 [2]     888             ANDA #$F0
A190 8A0D             (./generated-code/):00183 [2]     890             ORA #$0d
A192 C633             (./generated-code/):00184 [2]     892             LDB #$33
A194 EDC89A           (./generated-code/):00185 [6]     898             STD -102,U
A197 ECC8C2           (./generated-code/):00186 [6]     904             LDD -62,U
A19A 3406             (./generated-code/):00187 [7]     911             PSHS D
A19C 84F0             (./generated-code/):00188 [2]     913             ANDA #$F0
A19E 8A0D             (./generated-code/):00189 [2]     915             ORA #$0d
A1A0 C6DD             (./generated-code/):00190 [2]     917             LDB #$dd
A1A2 EDC8C2           (./generated-code/):00191 [6]     923             STD -62,U
A1A5 ECC814           (./generated-code/):00192 [6]     929             LDD 20,U
A1A8 3406             (./generated-code/):00193 [7]     936             PSHS D
A1AA 84F0             (./generated-code/):00194 [2]     938             ANDA #$F0
A1AC 8A0D             (./generated-code/):00195 [2]     940             ORA #$0d
A1AE C6DD             (./generated-code/):00196 [2]     942             LDB #$dd
A1B0 EDC814           (./generated-code/):00197 [6]     948             STD 20,U
A1B3 ECC89C           (./generated-code/):00198 [6]     954             LDD -100,U
A1B6 3406             (./generated-code/):00199 [7]     961             PSHS D
A1B8 869C             (./generated-code/):00200 [2]     963             LDA #$9c
A1BA C40F             (./generated-code/):00201 [2]     965             ANDB #$0F
A1BC CA90             (./generated-code/):00202 [2]     967             ORB #$90
A1BE EDC89C           (./generated-code/):00203 [6]     973             STD -100,U
A1C1 ECC8C4           (./generated-code/):00204 [6]     979             LDD -60,U
A1C4 3406             (./generated-code/):00205 [7]     986             PSHS D
A1C6 869E             (./generated-code/):00206 [2]     988             LDA #$9e
A1C8 C40F             (./generated-code/):00207 [2]     990             ANDB #$0F
A1CA CA90             (./generated-code/):00208 [2]     992             ORB #$90
A1CC EDC8C4           (./generated-code/):00209 [6]     998             STD -60,U
A1CF A6C89E           (./generated-code/):00210 [5]     1003            LDA -98,U
A1D2 3402             (./generated-code/):00211 [6]     1009            PSHS A
A1D4 840F             (./generated-code/):00212 [2]     1011            ANDA #$0F
A1D6 8A90             (./generated-code/):00213 [2]     1013            ORA #$90
A1D8 A7C89E           (./generated-code/):00214 [5]     1018            STA -98,U
A1DB A6C83D           (./generated-code/):00215 [5]     1023            LDA 61,U
A1DE 3402             (./generated-code/):00216 [6]     1029            PSHS A
A1E0 840F             (./generated-code/):00217 [2]     1031            ANDA #$0F
A1E2 8A90             (./generated-code/):00218 [2]     1033            ORA #$90
A1E4 A7C83D           (./generated-code/):00219 [5]     1038            STA 61,U
A1E7 A6C865           (./generated-code/):00220 [5]     1043            LDA 101,U
A1EA 3402             (./generated-code/):00221 [6]     1049            PSHS A
A1EC 840F             (./generated-code/):00222 [2]     1051            ANDA #$0F
A1EE 8AD0             (./generated-code/):00223 [2]     1053            ORA #$d0
A1F0 A7C865           (./generated-code/):00224 [5]     1058            STA 101,U
A1F3 ECC8EA           (./generated-code/):00225 [6]     1064            LDD -22,U
A1F6 3406             (./generated-code/):00226 [7]     1071            PSHS D
A1F8 84F0             (./generated-code/):00227 [2]     1073            ANDA #$F0
A1FA C40F             (./generated-code/):00228 [2]     1075            ANDB #$0F
A1FC C30DE0           (./generated-code/):00229 [4]     1079            ADDD #$0de0
A1FF EDC8EA           (./generated-code/):00230 [6]     1085            STD -22,U
A202 AEC8EC           (./generated-code/):00231 [6]     1091            LDX -20,U
A205 3450             (./generated-code/):00232 [9]     1100            PSHS U,X
A207 CCD999           (./generated-code/):00233 [3]     1103            LDD #$d999
A20A EDC8EC           (./generated-code/):00234 [6]     1109            STD -20,U
                      (./generated-code/):00235                 
A20D DEFC             (./generated-code/):00236 [5]     1114            LDU <glb_screen_location_1
A20F 33C9FEBF         (./generated-code/):00237 [8]     1122            LEAU -321,U
                      (./generated-code/):00238                 
A213 AEC8D8           (./generated-code/):00239 [6]     1128            LDX -40,U
A216 10AEC87A         (./generated-code/):00240 [7]     1135            LDY 122,U
A21A 3430             (./generated-code/):00241 [9]     1144            PSHS Y,X
A21C ECC82A           (./generated-code/):00242 [6]     1150            LDD 42,U
A21F AEC852           (./generated-code/):00243 [6]     1156            LDX 82,U
A222 3416             (./generated-code/):00244 [9]     1165            PSHS X,D
A224 CCECEE           (./generated-code/):00245 [3]     1168            LDD #$ecee
A227 EDC87A           (./generated-code/):00246 [6]     1174            STD 122,U
A22A 86AE             (./generated-code/):00247 [2]     1176            LDA #$ae
A22C EDC82A           (./generated-code/):00248 [6]     1182            STD 42,U
A22F ECC828           (./generated-code/):00249 [6]     1188            LDD 40,U
A232 3406             (./generated-code/):00250 [7]     1195            PSHS D
A234 840F             (./generated-code/):00251 [2]     1197            ANDA #$0F
A236 8AE0             (./generated-code/):00252 [2]     1199            ORA #$e0
A238 C6AA             (./generated-code/):00253 [2]     1201            LDB #$aa
A23A EDC828           (./generated-code/):00254 [6]     1207            STD 40,U
A23D ECC850           (./generated-code/):00255 [6]     1213            LDD 80,U
A240 3406             (./generated-code/):00256 [7]     1220            PSHS D
A242 840F             (./generated-code/):00257 [2]     1222            ANDA #$0F
A244 8AE0             (./generated-code/):00258 [2]     1224            ORA #$e0
A246 C6AA             (./generated-code/):00259 [2]     1226            LDB #$aa
A248 EDC850           (./generated-code/):00260 [6]     1232            STD 80,U
A24B ECC878           (./generated-code/):00261 [6]     1238            LDD 120,U
A24E 3406             (./generated-code/):00262 [7]     1245            PSHS D
A250 840F             (./generated-code/):00263 [2]     1247            ANDA #$0F
A252 8AE0             (./generated-code/):00264 [2]     1249            ORA #$e0
A254 C6AF             (./generated-code/):00265 [2]     1251            LDB #$af
A256 EDC878           (./generated-code/):00266 [6]     1257            STD 120,U
A259 ECC8B0           (./generated-code/):00267 [6]     1263            LDD -80,U
A25C 3406             (./generated-code/):00268 [7]     1270            PSHS D
A25E 86EE             (./generated-code/):00269 [2]     1272            LDA #$ee
A260 C40F             (./generated-code/):00270 [2]     1274            ANDB #$0F
A262 CA90             (./generated-code/):00271 [2]     1276            ORB #$90
A264 EDC8B0           (./generated-code/):00272 [6]     1282            STD -80,U
A267 A6C889           (./generated-code/):00273 [5]     1287            LDA -119,U
A26A 3402             (./generated-code/):00274 [6]     1293            PSHS A
A26C 84F0             (./generated-code/):00275 [2]     1295            ANDA #$F0
A26E 8A09             (./generated-code/):00276 [2]     1297            ORA #$09
A270 A7C889           (./generated-code/):00277 [5]     1302            STA -119,U
A273 A6C8DA           (./generated-code/):00278 [5]     1307            LDA -38,U
A276 3402             (./generated-code/):00279 [6]     1313            PSHS A
A278 840F             (./generated-code/):00280 [2]     1315            ANDA #$0F
A27A 8AA0             (./generated-code/):00281 [2]     1317            ORA #$a0
A27C A7C8DA           (./generated-code/):00282 [5]     1322            STA -38,U
A27F CCACFF           (./generated-code/):00283 [3]     1325            LDD #$acff
A282 EDC852           (./generated-code/):00284 [6]     1331            STD 82,U
A285 CCEEAA           (./generated-code/):00285 [3]     1334            LDD #$eeaa
A288 EDC8D8           (./generated-code/):00286 [6]     1340            STD -40,U
A28B 3730             (./generated-code/):00287 [9]     1349            PULU X,Y
A28D 3470             (./generated-code/):00288 [11]    1360            PSHS U,Y,X
A28F 8EAAFE           (./generated-code/):00289 [3]     1363            LDX #$aafe
A292 3616             (./generated-code/):00290 [9]     1372            PSHU D,X
A294 33C900F1         (./generated-code/):00291 [8]     1380            LEAU 241,U
                      (./generated-code/):00292                 
A298 ECC8AF           (./generated-code/):00293 [6]     1386            LDD -81,U
A29B 3406             (./generated-code/):00294 [7]     1393            PSHS D
A29D 840F             (./generated-code/):00295 [2]     1395            ANDA #$0F
A29F 8AE0             (./generated-code/):00296 [2]     1397            ORA #$e0
A2A1 C6AF             (./generated-code/):00297 [2]     1399            LDB #$af
A2A3 EDC8AF           (./generated-code/):00298 [6]     1405            STD -81,U
A2A6 ECC8D7           (./generated-code/):00299 [6]     1411            LDD -41,U
A2A9 3406             (./generated-code/):00300 [7]     1418            PSHS D
A2AB 840F             (./generated-code/):00301 [2]     1420            ANDA #$0F
A2AD 8A30             (./generated-code/):00302 [2]     1422            ORA #$30
A2AF C6AE             (./generated-code/):00303 [2]     1424            LDB #$ae
A2B1 EDC8D7           (./generated-code/):00304 [6]     1430            STD -41,U
A2B4 EC5E             (./generated-code/):00305 [6]     1436            LDD -2,U
A2B6 3406             (./generated-code/):00306 [7]     1443            PSHS D
A2B8 84F0             (./generated-code/):00307 [2]     1445            ANDA #$F0
A2BA 8A03             (./generated-code/):00308 [2]     1447            ORA #$03
A2BC C6B9             (./generated-code/):00309 [2]     1449            LDB #$b9
A2BE ED5E             (./generated-code/):00310 [6]     1455            STD -2,U
A2C0 AEC8B1           (./generated-code/):00311 [6]     1461            LDX -79,U
A2C3 CCCCFE           (./generated-code/):00312 [3]     1464            LDD #$ccfe
A2C6 EDC8B1           (./generated-code/):00313 [6]     1470            STD -79,U
A2C9 10AEC8D9         (./generated-code/):00314 [7]     1477            LDY -39,U
A2CD 3430             (./generated-code/):00315 [9]     1486            PSHS Y,X
A2CF 86AE             (./generated-code/):00316 [2]     1488            LDA #$ae
A2D1 EDC8D9           (./generated-code/):00317 [6]     1494            STD -39,U
A2D4 3712             (./generated-code/):00318 [8]     1502            PULU A,X
A2D6 3452             (./generated-code/):00319 [10]    1512            PSHS U,X,A
A2D8 86EE             (./generated-code/):00320 [2]     1514            LDA #$ee
A2DA 8EAAE9           (./generated-code/):00321 [3]     1517            LDX #$aae9
A2DD 3612             (./generated-code/):00322 [8]     1525            PSHU A,X
A2DF 33C826           (./generated-code/):00323 [5]     1530            LEAU 38,U
                      (./generated-code/):00324                 
A2E2 A644             (./generated-code/):00325 [5]     1535            LDA 4,U
A2E4 3402             (./generated-code/):00326 [6]     1541            PSHS A
A2E6 840F             (./generated-code/):00327 [2]     1543            ANDA #$0F
A2E8 8A90             (./generated-code/):00328 [2]     1545            ORA #$90
A2EA A744             (./generated-code/):00329 [5]     1550            STA 4,U
A2EC 3730             (./generated-code/):00330 [9]     1559            PULU X,Y
A2EE 3470             (./generated-code/):00331 [11]    1570            PSHS U,Y,X
A2F0 CCDDB9           (./generated-code/):00332 [3]     1573            LDD #$ddb9
A2F3 8EDFAE           (./generated-code/):00333 [3]     1576            LDX #$dfae
A2F6 3616             (./generated-code/):00334 [9]     1585            PSHU D,X
A2F8 33C828           (./generated-code/):00335 [5]     1590            LEAU 40,U
                      (./generated-code/):00336                 
A2FB 3730             (./generated-code/):00337 [9]     1599            PULU X,Y
A2FD 3470             (./generated-code/):00338 [11]    1610            PSHS U,Y,X
A2FF C6BE             (./generated-code/):00339 [2]     1612            LDB #$be
A301 8EEFAC           (./generated-code/):00340 [3]     1615            LDX #$efac
A304 3616             (./generated-code/):00341 [9]     1624            PSHU D,X
A306 33C828           (./generated-code/):00342 [5]     1629            LEAU 40,U
                      (./generated-code/):00343                 
A309 3730             (./generated-code/):00344 [9]     1638            PULU X,Y
A30B 3470             (./generated-code/):00345 [11]    1649            PSHS U,Y,X
A30D 8ECFAE           (./generated-code/):00346 [3]     1652            LDX #$cfae
A310 3616             (./generated-code/):00347 [9]     1661            PSHU D,X
A312 33C828           (./generated-code/):00348 [5]     1666            LEAU 40,U
                      (./generated-code/):00349                 
A315 3730             (./generated-code/):00350 [9]     1675            PULU X,Y
A317 3470             (./generated-code/):00351 [11]    1686            PSHS U,Y,X
A319 863D             (./generated-code/):00352 [2]     1688            LDA #$3d
A31B 8EDCC9           (./generated-code/):00353 [3]     1691            LDX #$dcc9
A31E 3616             (./generated-code/):00354 [9]     1700            PSHU D,X
A320 33C828           (./generated-code/):00355 [5]     1705            LEAU 40,U
                      (./generated-code/):00356                 
A323 3730             (./generated-code/):00357 [9]     1714            PULU X,Y
A325 3470             (./generated-code/):00358 [11]    1725            PSHS U,Y,X
A327 8EBCE9           (./generated-code/):00359 [3]     1728            LDX #$bce9
A32A 3616             (./generated-code/):00360 [9]     1737            PSHU D,X
A32C 33C828           (./generated-code/):00361 [5]     1742            LEAU 40,U
                      (./generated-code/):00362                 
A32F ECC828           (./generated-code/):00363 [6]     1748            LDD 40,U
A332 3406             (./generated-code/):00364 [7]     1755            PSHS D
A334 863D             (./generated-code/):00365 [2]     1757            LDA #$3d
A336 C40F             (./generated-code/):00366 [2]     1759            ANDB #$0F
A338 CAF0             (./generated-code/):00367 [2]     1761            ORB #$f0
A33A EDC828           (./generated-code/):00368 [6]     1767            STD 40,U
A33D A644             (./generated-code/):00369 [5]     1772            LDA 4,U
A33F 3402             (./generated-code/):00370 [6]     1778            PSHS A
A341 840F             (./generated-code/):00371 [2]     1780            ANDA #$0F
A343 8AA0             (./generated-code/):00372 [2]     1782            ORA #$a0
A345 A744             (./generated-code/):00373 [5]     1787            STA 4,U
A347 3730             (./generated-code/):00374 [9]     1796            PULU X,Y
A349 3470             (./generated-code/):00375 [11]    1807            PSHS U,Y,X
A34B CC3DB3           (./generated-code/):00376 [3]     1810            LDD #$3db3
A34E 8EBC99           (./generated-code/):00377 [3]     1813            LDX #$bc99
A351 3616             (./generated-code/):00378 [9]     1822            PSHU D,X
A353 33C82A           (./generated-code/):00379 [5]     1827            LEAU 42,U
                      (./generated-code/):00380                 
A356 ECC826           (./generated-code/):00381 [6]     1833            LDD 38,U
A359 3406             (./generated-code/):00382 [7]     1840            PSHS D
A35B 863D             (./generated-code/):00383 [2]     1842            LDA #$3d
A35D C40F             (./generated-code/):00384 [2]     1844            ANDB #$0F
A35F CAE0             (./generated-code/):00385 [2]     1846            ORB #$e0
A361 EDC826           (./generated-code/):00386 [6]     1852            STD 38,U
A364 AEC828           (./generated-code/):00387 [6]     1858            LDX 40,U
A367 3410             (./generated-code/):00388 [7]     1865            PSHS X
A369 CCCC99           (./generated-code/):00389 [3]     1868            LDD #$cc99
A36C EDC828           (./generated-code/):00390 [6]     1874            STD 40,U
A36F 3712             (./generated-code/):00391 [8]     1882            PULU A,X
A371 3452             (./generated-code/):00392 [10]    1892            PSHS U,X,A
A373 86DC             (./generated-code/):00393 [2]     1894            LDA #$dc
A375 8E9999           (./generated-code/):00394 [3]     1897            LDX #$9999
A378 3612             (./generated-code/):00395 [8]     1905            PSHU A,X
A37A 33C84E           (./generated-code/):00396 [5]     1910            LEAU 78,U
                      (./generated-code/):00397                 
A37D 3730             (./generated-code/):00398 [9]     1919            PULU X,Y
A37F 3470             (./generated-code/):00399 [11]    1930            PSHS U,Y,X
A381 CCDDBF           (./generated-code/):00400 [3]     1933            LDD #$ddbf
A384 8EEE99           (./generated-code/):00401 [3]     1936            LDX #$ee99
A387 3616             (./generated-code/):00402 [9]     1945            PSHU D,X
A389 33C828           (./generated-code/):00403 [5]     1950            LEAU 40,U
                      (./generated-code/):00404                 
A38C 3730             (./generated-code/):00405 [9]     1959            PULU X,Y
A38E 3470             (./generated-code/):00406 [11]    1970            PSHS U,Y,X
A390 C63F             (./generated-code/):00407 [2]     1972            LDB #$3f
A392 8E3999           (./generated-code/):00408 [3]     1975            LDX #$3999
A395 3616             (./generated-code/):00409 [9]     1984            PSHU D,X
A397 33C828           (./generated-code/):00410 [5]     1989            LEAU 40,U
                      (./generated-code/):00411                 
A39A 3730             (./generated-code/):00412 [9]     1998            PULU X,Y
A39C 3470             (./generated-code/):00413 [11]    2009            PSHS U,Y,X
A39E C6DF             (./generated-code/):00414 [2]     2011            LDB #$df
A3A0 8EE999           (./generated-code/):00415 [3]     2014            LDX #$e999
A3A3 3616             (./generated-code/):00416 [9]     2023            PSHU D,X
A3A5 33C828           (./generated-code/):00417 [5]     2028            LEAU 40,U
                      (./generated-code/):00418                 
A3A8 3730             (./generated-code/):00419 [9]     2037            PULU X,Y
A3AA 3470             (./generated-code/):00420 [11]    2048            PSHS U,Y,X
A3AC C6EE             (./generated-code/):00421 [2]     2050            LDB #$ee
A3AE 8EE999           (./generated-code/):00422 [3]     2053            LDX #$e999
A3B1 3616             (./generated-code/):00423 [9]     2062            PSHU D,X
A3B3 33C828           (./generated-code/):00424 [5]     2067            LEAU 40,U
                      (./generated-code/):00425                 
A3B6 ECC828           (./generated-code/):00426 [6]     2073            LDD 40,U
A3B9 3406             (./generated-code/):00427 [7]     2080            PSHS D
A3BB 863D             (./generated-code/):00428 [2]     2082            LDA #$3d
A3BD C40F             (./generated-code/):00429 [2]     2084            ANDB #$0F
A3BF CAE0             (./generated-code/):00430 [2]     2086            ORB #$e0
A3C1 EDC828           (./generated-code/):00431 [6]     2092            STD 40,U
A3C4 A6C82A           (./generated-code/):00432 [5]     2097            LDA 42,U
A3C7 E6C850           (./generated-code/):00433 [5]     2102            LDB 80,U
A3CA 3406             (./generated-code/):00434 [7]     2109            PSHS B,A
A3CC C40F             (./generated-code/):00435 [2]     2111            ANDB #$0F
A3CE CAD0             (./generated-code/):00436 [2]     2113            ORB #$d0
A3D0 E7C850           (./generated-code/):00437 [5]     2118            STB 80,U
A3D3 8699             (./generated-code/):00438 [2]     2120            LDA #$99
A3D5 A7C82A           (./generated-code/):00439 [5]     2125            STA 42,U
A3D8 A6C852           (./generated-code/):00440 [5]     2130            LDA 82,U
A3DB E6C87A           (./generated-code/):00441 [5]     2135            LDB 122,U
A3DE 3406             (./generated-code/):00442 [7]     2142            PSHS B,A
A3E0 869D             (./generated-code/):00443 [2]     2144            LDA #$9d
A3E2 A7C852           (./generated-code/):00444 [5]     2149            STA 82,U
A3E5 86D9             (./generated-code/):00445 [2]     2151            LDA #$d9
A3E7 A7C87A           (./generated-code/):00446 [5]     2156            STA 122,U
A3EA 3712             (./generated-code/):00447 [8]     2164            PULU A,X
A3EC 3452             (./generated-code/):00448 [10]    2174            PSHS U,X,A
A3EE 86DD             (./generated-code/):00449 [2]     2176            LDA #$dd
A3F0 8EEE39           (./generated-code/):00450 [3]     2179            LDX #$ee39
A3F3 3612             (./generated-code/):00451 [8]     2187            PSHU A,X
A3F5 33C900A2         (./generated-code/):00452 [8]     2195            LEAU 162,U
                      (./generated-code/):00453                 
A3F9 A6C4             (./generated-code/):00454 [4]     2199            LDA ,U
A3FB 3442             (./generated-code/):00455 [8]     2207            PSHS U,A
A3FD 84F0             (./generated-code/):00456 [2]     2209            ANDA #$F0
A3FF 8A0D             (./generated-code/):00457 [2]     2211            ORA #$0d
A401 A7C4             (./generated-code/):00458 [4]     2215            STA ,U
A403 33E4             (./generated-code/):00459 [4]     2219            LEAU ,S
A405                  (./generated-code/):00460                 SSAV_Img_sonic_079_0
A405 10FE9FFE         (./generated-code/):00461 [7]     2226            LDS glb_register_s
A409 39               (./generated-code/):00462 [5]     2231            RTS
                      (./generated-code/):00463                 
