                      (./generated-code/):00001                 INCLUDE "./Engine/Constants.asm"
                      (./Engine/Constant):00001         * ---------------------------------------------------------------------------
                      (./Engine/Constant):00002         * Constants
                      (./Engine/Constant):00003         *
                      (./Engine/Constant):00004         * Naming convention
                      (./Engine/Constant):00005         * -----------------
                      (./Engine/Constant):00006         * - lower case
                      (./Engine/Constant):00007         * - underscore-separated names
                      (./Engine/Constant):00008         *
                      (./Engine/Constant):00009         * ---------------------------------------------------------------------------
                      (./Engine/Constant):00010         
                      (./Engine/Constant):00011         * ===========================================================================
                      (./Engine/Constant):00012         * TO8 Registers
                      (./Engine/Constant):00013         * ===========================================================================
                      (./Engine/Constant):00014         
                      (./Engine/Constant):00015         ; Disk routine registers (ROM)
                      (./Engine/Constant):00016         
     6049             (./Engine/Constant):00017         dk_drive                      equ $6049
     604A             (./Engine/Constant):00018         dk_track                      equ $604A
     604B             (./Engine/Constant):00019         dk_track_lsb                  equ $604B
     604C             (./Engine/Constant):00020         dk_sector                     equ $604C
     604F             (./Engine/Constant):00021         dk_write_location             equ $604F
                      (./Engine/Constant):00022         
                      (./Engine/Constant):00023         * ===========================================================================
                      (./Engine/Constant):00024         * Globals
                      (./Engine/Constant):00025         * ===========================================================================
                      (./Engine/Constant):00026         
     009F             (./Engine/Constant):00027         glb_direct_page               equ $9F    ; direct page for globals
                      (./Engine/Constant):00028         
                      (./Engine/Constant):00029         ; compilated sprite
     9FFE             (./Engine/Constant):00030         glb_register_s                equ $9FFE  ; reverved space to store S from ROM routines
                      (./Engine/Constant):00031         
                      (./Engine/Constant):00032         ; DrawSprites
     9FFC             (./Engine/Constant):00033         glb_screen_location_1         equ $9FFC  ; start address for rendering of current sprite Part1     
     9FFA             (./Engine/Constant):00034         glb_screen_location_2         equ $9FFA  ; start address for rendering of current sprite Part2 (Must follow Part1)
                      (./Engine/Constant):00035         
                      (./Engine/Constant):00036         ; CheckSpritesRefresh
     9FF9             (./Engine/Constant):00037         glb_cur_priority              equ $9FF9
     9FF7             (./Engine/Constant):00038         glb_cur_ptr_sub_obj_erase     equ $9FF7
     9FF5             (./Engine/Constant):00039         glb_cur_ptr_sub_obj_draw      equ $9FF5
     9FF3             (./Engine/Constant):00040         glb_camera_x_pos              equ $9FF3 ; camera x position in palyfield coordinates
     9FF1             (./Engine/Constant):00041         glb_camera_y_pos              equ $9FF1 ; camera y position in palyfield coordinates
     9FEF             (./Engine/Constant):00042         glb_camera_x_min_pos          equ $9FEF
     9FED             (./Engine/Constant):00043         glb_camera_y_min_pos          equ $9FED
     9FEB             (./Engine/Constant):00044         glb_camera_x_max_pos          equ $9FEB
     9FE9             (./Engine/Constant):00045         glb_camera_y_max_pos          equ $9FE9
     9FE8             (./Engine/Constant):00046         glb_force_sprite_refresh      equ $9FE8
     9FE7             (./Engine/Constant):00047         glb_camera_move               equ $9FE7
     9FE6             (./Engine/Constant):00048         glb_alphaTiles                equ $9FE6
     9F00             (./Engine/Constant):00049         glb_tmp_var                   equ $9F00 ; custom tmp var space for routine
     9F00             (./Engine/Constant):00050         glb_system_stack              equ $9F00
                      (./Engine/Constant):00051         
                      (./Engine/Constant):00052         * ===========================================================================
                      (./Engine/Constant):00053         * Display Constants
                      (./Engine/Constant):00054         * ===========================================================================
                      (./Engine/Constant):00055         
     00A0             (./Engine/Constant):00056         screen_width                  equ 160    ; in pixel
     001C             (./Engine/Constant):00057         screen_top                    equ 28     ; in pixel
     00E3             (./Engine/Constant):00058         screen_bottom                 equ 28+199 ; in pixel
     0030             (./Engine/Constant):00059         screen_left                   equ 48     ; in pixel
     00CF             (./Engine/Constant):00060         screen_right                  equ 48+159 ; in pixel
     0008             (./Engine/Constant):00061         nb_priority_levels            equ 8      ; number of priority levels (need code change if modified)
                      (./Engine/Constant):00062         
                      (./Engine/Constant):00063         * ===========================================================================
                      (./Engine/Constant):00064         * Images Constants
                      (./Engine/Constant):00065         * ===========================================================================
                      (./Engine/Constant):00066         
     0004             (./Engine/Constant):00067         image_x_size                  equ 4
     0005             (./Engine/Constant):00068         image_y_size                  equ 5
     0006             (./Engine/Constant):00069         image_center_offset           equ 6
                      (./Engine/Constant):00070         
     0004             (./Engine/Constant):00071         image_subset_x1_offset        equ 4
     0005             (./Engine/Constant):00072         image_subset_y1_offset        equ 5
                      (./Engine/Constant):00073         
     0000             (./Engine/Constant):00074         page_draw_routine             equ 0
     0001             (./Engine/Constant):00075         draw_routine                  equ 1
     0003             (./Engine/Constant):00076         page_erase_routine            equ 3
     0004             (./Engine/Constant):00077         erase_routine                 equ 4
     0006             (./Engine/Constant):00078         erase_nb_cell                 equ 6
                      (./Engine/Constant):00079         
                      (./Engine/Constant):00080         * ===========================================================================
                      (./Engine/Constant):00081         * Sound Constants
                      (./Engine/Constant):00082         * ===========================================================================
                      (./Engine/Constant):00083         
     0000             (./Engine/Constant):00084         sound_page        equ 0
     0001             (./Engine/Constant):00085         sound_start_addr  equ 1
     0003             (./Engine/Constant):00086         sound_end_addr    equ 3
     0005             (./Engine/Constant):00087         sound_meta_size   equ 5
                      (./Engine/Constant):00088         
                      (./Engine/Constant):00089         * ===========================================================================
                      (./Engine/Constant):00090         * Object Constants
                      (./Engine/Constant):00091         * ===========================================================================
                      (./Engine/Constant):00092         
     005D             (./Engine/Constant):00093         object_core_size              equ 93  ; the size of an object without ext_vars - DEPENDENCY ClearObj routine
     ????             (./Engine/Constant):00094         object_size                   equ object_core_size+ext_variables_size ; the size of a dynamic object
     ????             (./Engine/Constant):00095         next_object                   equ object_size
     005D             (./Engine/Constant):00096         ext_variables                 equ object_core_size ; start of reserved space for additionnal variables
                      (./Engine/Constant):00097         
     0000             (./Engine/Constant):00098         id                            equ 0           ; reference to object model id (ObjID_) (0: free slot)
     0001             (./Engine/Constant):00099         subtype                       equ 1           ; reference to object subtype (Sub_)
     0002             (./Engine/Constant):00100         render_flags                  equ 2
                      (./Engine/Constant):00101         
                      (./Engine/Constant):00102         * --- render_flags bitfield variables ---
     0001             (./Engine/Constant):00103         render_xmirror_mask           equ $01 ; (bit 0) DEPENDENCY should be bit 0 - tell display engine to mirror sprite on horizontal axis
     0002             (./Engine/Constant):00104         render_ymirror_mask           equ $02 ; (bit 1) DEPENDENCY should be bit 1 - tell display engine to mirror sprite on vertical axis
     0004             (./Engine/Constant):00105         render_overlay_mask           equ $04 ; (bit 2) DEPENDENCY should be bit 2 - compilated sprite with no background save
     0008             (./Engine/Constant):00106         render_motionless_mask        equ $08 ; (bit 3) tell display engine to compute sub image and position check only once until the flag is removed  
     0010             (./Engine/Constant):00107         render_playfieldcoord_mask    equ $10 ; (bit 4) tell display engine to use playfield (1) or screen (0) coordinates
     0020             (./Engine/Constant):00108         render_hide_mask              equ $20 ; (bit 5) tell display engine to hide sprite (keep priority and mapping_frame)
     0040             (./Engine/Constant):00109         render_todelete_mask          equ $40 ; (bit 6) tell display engine to delete sprite and clear OST for this object
     0080             (./Engine/Constant):00110         render_xloop_mask             equ $80 ; (bit 7) (screen coordinate) tell display engine to hide sprite when x is out of screen (0) or to display (1)  
                      (./Engine/Constant):00111          
     0003             (./Engine/Constant):00112         priority                      equ 3           ; display priority (0: nothing to display, 1:front, ..., 8:back)
     0004             (./Engine/Constant):00113         anim                          equ 4  ; and 5  ; reference to current animation (Ani_)
     0006             (./Engine/Constant):00114         prev_anim                     equ 6  ; and 7  ; reference to previous animation (Ani_)
     0008             (./Engine/Constant):00115         anim_frame                    equ 8           ; index of current frame in animation
     0009             (./Engine/Constant):00116         anim_frame_duration           equ 9           ; number of frames for each image in animation, range: 00-7F (0-127), 0 means display only during one frame
     000A             (./Engine/Constant):00117         anim_flags                    equ 10          ; byte offset to reference an anim_flags LUT (adv) / store a link flag (non adv)
                      (./Engine/Constant):00118         
                      (./Engine/Constant):00119         * --- anim_flags bitfield variables ---
     0001             (./Engine/Constant):00120         anim_link_mask                equ $01 ; (bit 0) if set, allow the load of a new animation without reseting anim_frame and anim_frame_duration
                      (./Engine/Constant):00121         
     000B             (./Engine/Constant):00122         status_flags                  equ 11          ; orientation of sprite, is applied to animation xmirror flag during AnimateSprite
                      (./Engine/Constant):00123         
                      (./Engine/Constant):00124         * --- status_flags bitfield variables ---
     0001             (./Engine/Constant):00125         status_xflip_mask             equ $01 ; (bit 0) X Flip
     0002             (./Engine/Constant):00126         status_yflip_mask             equ $02 ; (bit 1) Y Flip
                      (./Engine/Constant):00127         
     000C             (./Engine/Constant):00128         image_set                     equ 12 ; and 13 ; reference to current image (Img_) (0000 if no image)
     000E             (./Engine/Constant):00129         x_pos                         equ 14 ; and 15 ; x playfield coordinate
     0010             (./Engine/Constant):00130         x_sub                         equ 16          ; x subpixel (1/256 of a pixel), must follow x_pos in data structure
     0011             (./Engine/Constant):00131         y_pos                         equ 17 ; and 18 ; y playfield coordinate
     0013             (./Engine/Constant):00132         y_sub                         equ 19          ; y subpixel (1/256 of a pixel), must follow y_pos in data structure
     0014             (./Engine/Constant):00133         xy_pixel                      equ 20          ; x and y screen coordinate
     0014             (./Engine/Constant):00134         x_pixel                       equ 20          ; x screen coordinate
     0015             (./Engine/Constant):00135         y_pixel                       equ 21          ; y screen coordinate, must follow x_pixel
                      (./Engine/Constant):00136         ;x_offset                      equ 93          ; x screen coordinate offset that is applied at rendering
                      (./Engine/Constant):00137         ;y_offset                      equ 94          ; x screen coordinate offset that is applied at rendering
     0016             (./Engine/Constant):00138         x_vel                         equ 22 ; and 23 ; horizontal velocity
     0018             (./Engine/Constant):00139         y_vel                         equ 24 ; and 25 ; vertical velocity
     001A             (./Engine/Constant):00140         x_acl                         equ 26 ; and 27 ; horizontal gravity
     001C             (./Engine/Constant):00141         y_acl                         equ 28 ; and 29 ; vertical gravity
     001E             (./Engine/Constant):00142         routine                       equ 30          ; index of current object routine
     001F             (./Engine/Constant):00143         routine_secondary             equ 31          ; index of current secondary routine
     0020             (./Engine/Constant):00144         routine_tertiary              equ 32          ; index of current tertiary routine
     0021             (./Engine/Constant):00145         routine_quaternary            equ 33          ; index of current quaternary routine
                      (./Engine/Constant):00146         
                      (./Engine/Constant):00147         * ---------------------------------------------------------------------------
                      (./Engine/Constant):00148         * reserved variables (update by engine)
                      (./Engine/Constant):00149         
     0022             (./Engine/Constant):00150         rsv_render_flags              equ 34
                      (./Engine/Constant):00151         
                      (./Engine/Constant):00152         * --- rsv_render_flags bitfield variables ---
     0001             (./Engine/Constant):00153         rsv_render_checkrefresh_mask  equ $01 ; (bit 0) if erasesprite and display sprite flag are processed for this frame
     0002             (./Engine/Constant):00154         rsv_render_erasesprite_mask   equ $02 ; (bit 1) if a sprite need to be cleared on screen
     0004             (./Engine/Constant):00155         rsv_render_displaysprite_mask equ $04 ; (bit 2) if a sprite need to be rendered on screen
     0008             (./Engine/Constant):00156         rsv_render_outofrange_mask    equ $08 ; (bit 3) if a sprite is out of range for full rendering in screen
     0080             (./Engine/Constant):00157         rsv_render_onscreen_mask      equ $80 ; (bit 7) DEPENDENCY should be bit 7 - has been rendered on last screen buffer (may be 0 or 1)
                      (./Engine/Constant):00158         
     0023             (./Engine/Constant):00159         rsv_prev_anim                 equ 35 ; and 36 ; reference to previous animation (Ani_) w * UTILE ?
     0025             (./Engine/Constant):00160         rsv_image_center_offset       equ 37 ; 0 or 1 offset that indicate if image center is even or odd (DRS_XYToAddress)
     0026             (./Engine/Constant):00161         rsv_image_subset              equ 38 ; and 39 ; reference to current image regarding mirror flags w
     0028             (./Engine/Constant):00162         rsv_mapping_frame             equ 40 ; and 41 ; reference to current image regarding mirror flags, overlay flag and x precision w
     002A             (./Engine/Constant):00163         rsv_erase_nb_cell             equ 42 ; b 
     002B             (./Engine/Constant):00164         rsv_page_draw_routine         equ 43 ; b
     002C             (./Engine/Constant):00165         rsv_draw_routine              equ 44 ; and 45 ; w
     002E             (./Engine/Constant):00166         rsv_page_erase_routine        equ 46 ; b
     002F             (./Engine/Constant):00167         rsv_erase_routine             equ 47 ; and 48 ; w 
     0031             (./Engine/Constant):00168         rsv_xy1_pixel                 equ 49 ;
     0031             (./Engine/Constant):00169         rsv_x1_pixel                  equ 49 ; x+x_offset-(x_size/2) screen coordinate
     0032             (./Engine/Constant):00170         rsv_y1_pixel                  equ 50 ; y+y_offset-(y_size/2) screen coordinate, must follow rsv_x1_pixel
     0033             (./Engine/Constant):00171         rsv_xy2_pixel                 equ 51 ;
     0033             (./Engine/Constant):00172         rsv_x2_pixel                  equ 51 ; x+x_offset+(x_size/2) screen coordinate
     0034             (./Engine/Constant):00173         rsv_y2_pixel                  equ 52 ; y+y_offset+(y_size/2) screen coordinate, must follow rsv_x2_pixel
                      (./Engine/Constant):00174         
                      (./Engine/Constant):00175         * ---------------------------------------------------------------------------
                      (./Engine/Constant):00176         * reserved variables (engine) - buffer specific
                      (./Engine/Constant):00177         
     0035             (./Engine/Constant):00178         rsv_buffer_0                  equ 53 ; Start index of buffer 0 variables
     0035             (./Engine/Constant):00179         rsv_priority_0                equ 53 ; internal value that hold priority in video buffer 0
     0036             (./Engine/Constant):00180         rsv_priority_prev_obj_0       equ 54 ; and 55 ; previous object (OST address) in display priority list for video buffer 0 (0000 if none) w
     0038             (./Engine/Constant):00181         rsv_priority_next_obj_0       equ 56 ; and 57 ; next object (OST address) in display priority list for video buffer 0 (0000 if none) w
     003A             (./Engine/Constant):00182         rsv_prev_mapping_frame_0      equ 58 ; and 59 ; reference to previous image in video buffer 0 w
     003C             (./Engine/Constant):00183         rsv_prev_erase_nb_cell_0      equ 60 : b
     003D             (./Engine/Constant):00184         rsv_prev_page_erase_routine_0 equ 61 ; b
     003E             (./Engine/Constant):00185         rsv_prev_erase_routine_0      equ 62 ; and 63 ; w
     0040             (./Engine/Constant):00186         rsv_bgdata_0                  equ 64 ; and 65 ; address of background data in screen 0 w
     0042             (./Engine/Constant):00187         rsv_prev_xy_pixel_0           equ 66 ;
     0042             (./Engine/Constant):00188         rsv_prev_x_pixel_0            equ 66 ; previous x screen coordinate b
     0043             (./Engine/Constant):00189         rsv_prev_y_pixel_0            equ 67 ; previous y screen coordinate b, must follow x_pixel
     0044             (./Engine/Constant):00190         rsv_prev_xy1_pixel_0          equ 68 ;
     0044             (./Engine/Constant):00191         rsv_prev_x1_pixel_0           equ 68 ; previous x+x_offset-(x_size/2) screen coordinate b
     0045             (./Engine/Constant):00192         rsv_prev_y1_pixel_0           equ 69 ; previous y+y_offset-(y_size/2) screen coordinate b, must follow x1_pixel
     0046             (./Engine/Constant):00193         rsv_prev_xy2_pixel_0          equ 70 ;
     0046             (./Engine/Constant):00194         rsv_prev_x2_pixel_0           equ 70 ; previous x+x_offset+(x_size/2) screen coordinate b
     0047             (./Engine/Constant):00195         rsv_prev_y2_pixel_0           equ 71 ; previous y+y_offset+(y_size/2) screen coordinate b, must follow x2_pixel
     0048             (./Engine/Constant):00196         rsv_prev_render_flags_0       equ 72 ;
                      (./Engine/Constant):00197         * --- rsv_prev_render_flags_0 bitfield variables ---
     0001             (./Engine/Constant):00198         rsv_prev_render_overlay_mask  equ $01 ; (bit 0) if a sprite has been rendered with compilated sprite and no background save on screen buffer 0/1
     0080             (./Engine/Constant):00199         rsv_prev_render_onscreen_mask equ $80 ; (bit 7) DEPENDENCY should be bit 7 - has been rendered on screen buffer 0/1
                      (./Engine/Constant):00200         
     0049             (./Engine/Constant):00201         rsv_buffer_1                  equ 73 ; Start index of buffer 1 variables
     0049             (./Engine/Constant):00202         rsv_priority_1                equ 73 ; internal value that hold priority in video buffer 1
     004A             (./Engine/Constant):00203         rsv_priority_prev_obj_1       equ 74 ; and 75 ; previous object (OST address) in display priority list for video buffer 1 (0000 if none) w
     004C             (./Engine/Constant):00204         rsv_priority_next_obj_1       equ 76 ; and 77 ; next object (OST address) in display priority list for video buffer 1 (0000 if none) w
     004E             (./Engine/Constant):00205         rsv_prev_mapping_frame_1      equ 78 ; and 79 ; reference to previous image in video buffer 1 w
     0050             (./Engine/Constant):00206         rsv_prev_erase_nb_cell_1      equ 80 ; b
     0051             (./Engine/Constant):00207         rsv_prev_page_erase_routine_1 equ 81 ; b
     0052             (./Engine/Constant):00208         rsv_prev_erase_routine_1      equ 82 ; and 83 ; w
     0054             (./Engine/Constant):00209         rsv_bgdata_1                  equ 84 ; and 85 ; address of background data in screen 1 w
     0056             (./Engine/Constant):00210         rsv_prev_xy_pixel_1           equ 86 ;
     0056             (./Engine/Constant):00211         rsv_prev_x_pixel_1            equ 86 ; previous x screen coordinate b
     0057             (./Engine/Constant):00212         rsv_prev_y_pixel_1            equ 87 ; previous y screen coordinate b, must follow x_pixel
     0058             (./Engine/Constant):00213         rsv_prev_xy1_pixel_1          equ 88 ;
     0058             (./Engine/Constant):00214         rsv_prev_x1_pixel_1           equ 88 ; previous x+x_size screen coordinate b
     0059             (./Engine/Constant):00215         rsv_prev_y1_pixel_1           equ 89 ; previous y+y_size screen coordinate b, must follow x_pixel
     005A             (./Engine/Constant):00216         rsv_prev_xy2_pixel_1          equ 90 ;
     005A             (./Engine/Constant):00217         rsv_prev_x2_pixel_1           equ 90 ; previous x+x_size screen coordinate b
     005B             (./Engine/Constant):00218         rsv_prev_y2_pixel_1           equ 91 ; previous y+y_size screen coordinate b, must follow x_pixel
     005C             (./Engine/Constant):00219         rsv_prev_render_flags_1       equ 92 ;
                      (./Engine/Constant):00220         
     0000             (./Engine/Constant):00221         buf_priority                  equ 0  ; offset for each rsv_buffer variables
     0001             (./Engine/Constant):00222         buf_priority_prev_obj         equ 1  ;
     0003             (./Engine/Constant):00223         buf_priority_next_obj         equ 3  ;
     0005             (./Engine/Constant):00224         buf_prev_mapping_frame        equ 5  ;
     0007             (./Engine/Constant):00225         buf_erase_nb_cell             equ 7  ;
     0008             (./Engine/Constant):00226         buf_page_erase_routine        equ 8 ;
     0009             (./Engine/Constant):00227         buf_erase_routine             equ 9 ;
     000B             (./Engine/Constant):00228         buf_bgdata                    equ 11 ;
     000D             (./Engine/Constant):00229         buf_prev_xy_pixel             equ 13 ;
     000D             (./Engine/Constant):00230         buf_prev_x_pixel              equ 13 ;
     000E             (./Engine/Constant):00231         buf_prev_y_pixel              equ 14 ;
     000F             (./Engine/Constant):00232         buf_prev_xy1_pixel            equ 15 ;
     000F             (./Engine/Constant):00233         buf_prev_x1_pixel             equ 15 ;
     0010             (./Engine/Constant):00234         buf_prev_y1_pixel             equ 16 ;
     0011             (./Engine/Constant):00235         buf_prev_xy2_pixel            equ 17 ;
     0011             (./Engine/Constant):00236         buf_prev_x2_pixel             equ 17 ;
     0012             (./Engine/Constant):00237         buf_prev_y2_pixel             equ 18 ;
     0013             (./Engine/Constant):00238         buf_prev_render_flags         equ 19 ;
                      (./generated-code/):00002                 ORG $A000
     FF               (./generated-code/):00003                 SETDP $FF
                      (./generated-code/):00004                 OPT C,CT
A000                  (./generated-code/):00005                 BCKDRAW_Img_sonic_013_0
A000 10FF9FFE         (./generated-code/):00006 [7]     7               STS glb_register_s
                      (./generated-code/):00007                 
A004 32A4             (./generated-code/):00008 [4]     11              LEAS ,Y
A006 33C9FD59         (./generated-code/):00009 [8]     19              LEAU -679,U
                      (./generated-code/):00010                 
A00A ECC8AF           (./generated-code/):00011 [6]     25              LDD -81,U
A00D 3406             (./generated-code/):00012 [7]     32              PSHS D
A00F 84F0             (./generated-code/):00013 [2]     34              ANDA #$F0
A011 8A0A             (./generated-code/):00014 [2]     36              ORA #$0a
A013 C6AA             (./generated-code/):00015 [2]     38              LDB #$aa
A015 EDC8AF           (./generated-code/):00016 [6]     44              STD -81,U
A018 ECC876           (./generated-code/):00017 [6]     50              LDD 118,U
A01B 3406             (./generated-code/):00018 [7]     57              PSHS D
A01D 84F0             (./generated-code/):00019 [2]     59              ANDA #$F0
A01F 8A0A             (./generated-code/):00020 [2]     61              ORA #$0a
A021 C6AC             (./generated-code/):00021 [2]     63              LDB #$ac
A023 EDC876           (./generated-code/):00022 [6]     69              STD 118,U
A026 AEC8D7           (./generated-code/):00023 [6]     75              LDX -41,U
A029 CCA9AA           (./generated-code/):00024 [3]     78              LDD #$a9aa
A02C EDC8D7           (./generated-code/):00025 [6]     84              STD -41,U
A02F 10AE5F           (./generated-code/):00026 [7]     91              LDY -1,U
A032 3430             (./generated-code/):00027 [9]     100             PSHS Y,X
A034 A6C888           (./generated-code/):00028 [5]     105             LDA -120,U
A037 3402             (./generated-code/):00029 [6]     111             PSHS A
A039 840F             (./generated-code/):00030 [2]     113             ANDA #$0F
A03B 8AA0             (./generated-code/):00031 [2]     115             ORA #$a0
A03D A7C888           (./generated-code/):00032 [5]     120             STA -120,U
A040 A6C8D9           (./generated-code/):00033 [5]     125             LDA -39,U
A043 3402             (./generated-code/):00034 [6]     131             PSHS A
A045 840F             (./generated-code/):00035 [2]     133             ANDA #$0F
A047 8A90             (./generated-code/):00036 [2]     135             ORA #$90
A049 A7C8D9           (./generated-code/):00037 [5]     140             STA -39,U
A04C A6C878           (./generated-code/):00038 [5]     145             LDA 120,U
A04F 3402             (./generated-code/):00039 [6]     151             PSHS A
A051 840F             (./generated-code/):00040 [2]     153             ANDA #$0F
A053 8AA0             (./generated-code/):00041 [2]     155             ORA #$a0
A055 A7C878           (./generated-code/):00042 [5]     160             STA 120,U
A058 CCAE99           (./generated-code/):00043 [3]     163             LDD #$ae99
A05B ED5F             (./generated-code/):00044 [6]     169             STD -1,U
A05D AEC827           (./generated-code/):00045 [6]     175             LDX 39,U
A060 3410             (./generated-code/):00046 [7]     182             PSHS X
A062 86CC             (./generated-code/):00047 [2]     184             LDA #$cc
A064 EDC827           (./generated-code/):00048 [6]     190             STD 39,U
A067 ECC84F           (./generated-code/):00049 [6]     196             LDD 79,U
A06A 3446             (./generated-code/):00050 [9]     205             PSHS U,D
A06C 86CC             (./generated-code/):00051 [2]     207             LDA #$cc
A06E C40F             (./generated-code/):00052 [2]     209             ANDB #$0F
A070 CA90             (./generated-code/):00053 [2]     211             ORB #$90
A072 EDC84F           (./generated-code/):00054 [6]     217             STD 79,U
A075 33C900DB         (./generated-code/):00055 [8]     225             LEAU 219,U
                      (./generated-code/):00056                 
A079 ECC8C3           (./generated-code/):00057 [6]     231             LDD -61,U
A07C 3406             (./generated-code/):00058 [7]     238             PSHS D
A07E 84F0             (./generated-code/):00059 [2]     240             ANDA #$F0
A080 8A0A             (./generated-code/):00060 [2]     242             ORA #$0a
A082 C6AA             (./generated-code/):00061 [2]     244             LDB #$aa
A084 EDC8C3           (./generated-code/):00062 [6]     250             STD -61,U
A087 ECC8EB           (./generated-code/):00063 [6]     256             LDD -21,U
A08A 3406             (./generated-code/):00064 [7]     263             PSHS D
A08C 84F0             (./generated-code/):00065 [2]     265             ANDA #$F0
A08E 8A0A             (./generated-code/):00066 [2]     267             ORA #$0a
A090 C6AA             (./generated-code/):00067 [2]     269             LDB #$aa
A092 EDC8EB           (./generated-code/):00068 [6]     275             STD -21,U
A095 ECC813           (./generated-code/):00069 [6]     281             LDD 19,U
A098 3406             (./generated-code/):00070 [7]     288             PSHS D
A09A 84F0             (./generated-code/):00071 [2]     290             ANDA #$F0
A09C 8A0A             (./generated-code/):00072 [2]     292             ORA #$0a
A09E C6AA             (./generated-code/):00073 [2]     294             LDB #$aa
A0A0 EDC813           (./generated-code/):00074 [6]     300             STD 19,U
A0A3 ECC83B           (./generated-code/):00075 [6]     306             LDD 59,U
A0A6 3406             (./generated-code/):00076 [7]     313             PSHS D
A0A8 84F0             (./generated-code/):00077 [2]     315             ANDA #$F0
A0AA 8A0A             (./generated-code/):00078 [2]     317             ORA #$0a
A0AC C6AA             (./generated-code/):00079 [2]     319             LDB #$aa
A0AE EDC83B           (./generated-code/):00080 [6]     325             STD 59,U
A0B1 A6C8ED           (./generated-code/):00081 [5]     330             LDA -19,U
A0B4 E7C8ED           (./generated-code/):00082 [5]     335             STB -19,U
A0B7 E6C8C5           (./generated-code/):00083 [5]     340             LDB -59,U
A0BA 3406             (./generated-code/):00084 [7]     347             PSHS B,A
A0BC 869A             (./generated-code/):00085 [2]     349             LDA #$9a
A0BE A7C8C5           (./generated-code/):00086 [5]     354             STA -59,U
A0C1 ECC815           (./generated-code/):00087 [6]     360             LDD 21,U
A0C4 3406             (./generated-code/):00088 [7]     367             PSHS D
A0C6 86AA             (./generated-code/):00089 [2]     369             LDA #$aa
A0C8 C40F             (./generated-code/):00090 [2]     371             ANDB #$0F
A0CA CAA0             (./generated-code/):00091 [2]     373             ORB #$a0
A0CC EDC815           (./generated-code/):00092 [6]     379             STD 21,U
A0CF ECC83D           (./generated-code/):00093 [6]     385             LDD 61,U
A0D2 3446             (./generated-code/):00094 [9]     394             PSHS U,D
A0D4 86A9             (./generated-code/):00095 [2]     396             LDA #$a9
A0D6 C40F             (./generated-code/):00096 [2]     398             ANDB #$0F
A0D8 CAA0             (./generated-code/):00097 [2]     400             ORB #$a0
A0DA EDC83D           (./generated-code/):00098 [6]     406             STD 61,U
A0DD 33C900DB         (./generated-code/):00099 [8]     414             LEAU 219,U
                      (./generated-code/):00100                 
A0E1 ECC888           (./generated-code/):00101 [6]     420             LDD -120,U
A0E4 3406             (./generated-code/):00102 [7]     427             PSHS D
A0E6 84F0             (./generated-code/):00103 [2]     429             ANDA #$F0
A0E8 8A0A             (./generated-code/):00104 [2]     431             ORA #$0a
A0EA C6AA             (./generated-code/):00105 [2]     433             LDB #$aa
A0EC EDC888           (./generated-code/):00106 [6]     439             STD -120,U
A0EF ECC8B0           (./generated-code/):00107 [6]     445             LDD -80,U
A0F2 3406             (./generated-code/):00108 [7]     452             PSHS D
A0F4 84F0             (./generated-code/):00109 [2]     454             ANDA #$F0
A0F6 8A0D             (./generated-code/):00110 [2]     456             ORA #$0d
A0F8 C6AA             (./generated-code/):00111 [2]     458             LDB #$aa
A0FA EDC8B0           (./generated-code/):00112 [6]     464             STD -80,U
A0FD ECC8D8           (./generated-code/):00113 [6]     470             LDD -40,U
A100 3406             (./generated-code/):00114 [7]     477             PSHS D
A102 84F0             (./generated-code/):00115 [2]     479             ANDA #$F0
A104 8A0D             (./generated-code/):00116 [2]     481             ORA #$0d
A106 C6AA             (./generated-code/):00117 [2]     483             LDB #$aa
A108 EDC8D8           (./generated-code/):00118 [6]     489             STD -40,U
A10B AEC88A           (./generated-code/):00119 [6]     495             LDX -118,U
A10E 3410             (./generated-code/):00120 [7]     502             PSHS X
A110 A6C8B2           (./generated-code/):00121 [5]     507             LDA -78,U
A113 E6C8DA           (./generated-code/):00122 [5]     512             LDB -38,U
A116 3406             (./generated-code/):00123 [7]     519             PSHS B,A
A118 C40F             (./generated-code/):00124 [2]     521             ANDB #$0F
A11A CA90             (./generated-code/):00125 [2]     523             ORB #$90
A11C E7C8DA           (./generated-code/):00126 [5]     528             STB -38,U
A11F CCA999           (./generated-code/):00127 [3]     531             LDD #$a999
A122 EDC88A           (./generated-code/):00128 [6]     537             STD -118,U
A125 A7C8B2           (./generated-code/):00129 [5]     542             STA -78,U
A128 3712             (./generated-code/):00130 [8]     550             PULU A,X
A12A 3452             (./generated-code/):00131 [10]    560             PSHS U,X,A
A12C 86EE             (./generated-code/):00132 [2]     562             LDA #$ee
A12E 8EFE9A           (./generated-code/):00133 [3]     565             LDX #$fe9a
A131 3612             (./generated-code/):00134 [8]     573             PSHU A,X
A133 33C828           (./generated-code/):00135 [5]     578             LEAU 40,U
                      (./generated-code/):00136                 
A136 3712             (./generated-code/):00137 [8]     586             PULU A,X
A138 3452             (./generated-code/):00138 [10]    596             PSHS U,X,A
A13A 86DE             (./generated-code/):00139 [2]     598             LDA #$de
A13C 8ECC9A           (./generated-code/):00140 [3]     601             LDX #$cc9a
A13F 3612             (./generated-code/):00141 [8]     609             PSHU A,X
A141 33C828           (./generated-code/):00142 [5]     614             LEAU 40,U
                      (./generated-code/):00143                 
A144 3712             (./generated-code/):00144 [8]     622             PULU A,X
A146 3452             (./generated-code/):00145 [10]    632             PSHS U,X,A
A148 86F3             (./generated-code/):00146 [2]     634             LDA #$f3
A14A 8ECC99           (./generated-code/):00147 [3]     637             LDX #$cc99
A14D 3612             (./generated-code/):00148 [8]     645             PSHU A,X
A14F 33C828           (./generated-code/):00149 [5]     650             LEAU 40,U
                      (./generated-code/):00150                 
A152 3712             (./generated-code/):00151 [8]     658             PULU A,X
A154 3452             (./generated-code/):00152 [10]    668             PSHS U,X,A
A156 86FE             (./generated-code/):00153 [2]     670             LDA #$fe
A158 8ECE99           (./generated-code/):00154 [3]     673             LDX #$ce99
A15B 3612             (./generated-code/):00155 [8]     681             PSHU A,X
A15D 33C828           (./generated-code/):00156 [5]     686             LEAU 40,U
                      (./generated-code/):00157                 
A160 ECC828           (./generated-code/):00158 [6]     692             LDD 40,U
A163 3406             (./generated-code/):00159 [7]     699             PSHS D
A165 86FF             (./generated-code/):00160 [2]     701             LDA #$ff
A167 C4F0             (./generated-code/):00161 [2]     703             ANDB #$F0
A169 CA0C             (./generated-code/):00162 [2]     705             ORB #$0c
A16B EDC828           (./generated-code/):00163 [6]     711             STD 40,U
A16E ECC82A           (./generated-code/):00164 [6]     717             LDD 42,U
A171 3406             (./generated-code/):00165 [7]     724             PSHS D
A173 8693             (./generated-code/):00166 [2]     726             LDA #$93
A175 C40F             (./generated-code/):00167 [2]     728             ANDB #$0F
A177 CAE0             (./generated-code/):00168 [2]     730             ORB #$e0
A179 EDC82A           (./generated-code/):00169 [6]     736             STD 42,U
A17C A643             (./generated-code/):00170 [5]     741             LDA 3,U
A17E 3402             (./generated-code/):00171 [6]     747             PSHS A
A180 840F             (./generated-code/):00172 [2]     749             ANDA #$0F
A182 8AA0             (./generated-code/):00173 [2]     751             ORA #$a0
A184 A743             (./generated-code/):00174 [5]     756             STA 3,U
A186 3712             (./generated-code/):00175 [8]     764             PULU A,X
A188 3452             (./generated-code/):00176 [10]    774             PSHS U,X,A
A18A 86FF             (./generated-code/):00177 [2]     776             LDA #$ff
A18C 8EE399           (./generated-code/):00178 [3]     779             LDX #$e399
A18F 3612             (./generated-code/):00179 [8]     787             PSHU A,X
A191 33C850           (./generated-code/):00180 [5]     792             LEAU 80,U
                      (./generated-code/):00181                 
A194 A643             (./generated-code/):00182 [5]     797             LDA 3,U
A196 3402             (./generated-code/):00183 [6]     803             PSHS A
A198 840F             (./generated-code/):00184 [2]     805             ANDA #$0F
A19A 8AE0             (./generated-code/):00185 [2]     807             ORA #$e0
A19C A743             (./generated-code/):00186 [5]     812             STA 3,U
A19E 3712             (./generated-code/):00187 [8]     820             PULU A,X
A1A0 3452             (./generated-code/):00188 [10]    830             PSHS U,X,A
A1A2 86FE             (./generated-code/):00189 [2]     832             LDA #$fe
A1A4 8EC39A           (./generated-code/):00190 [3]     835             LDX #$c39a
A1A7 3612             (./generated-code/):00191 [8]     843             PSHU A,X
A1A9 33C828           (./generated-code/):00192 [5]     848             LEAU 40,U
                      (./generated-code/):00193                 
A1AC A643             (./generated-code/):00194 [5]     853             LDA 3,U
A1AE 3402             (./generated-code/):00195 [6]     859             PSHS A
A1B0 840F             (./generated-code/):00196 [2]     861             ANDA #$0F
A1B2 8AE0             (./generated-code/):00197 [2]     863             ORA #$e0
A1B4 A743             (./generated-code/):00198 [5]     868             STA 3,U
A1B6 3712             (./generated-code/):00199 [8]     876             PULU A,X
A1B8 3452             (./generated-code/):00200 [10]    886             PSHS U,X,A
A1BA 86EE             (./generated-code/):00201 [2]     888             LDA #$ee
A1BC 8E3E99           (./generated-code/):00202 [3]     891             LDX #$3e99
A1BF 3612             (./generated-code/):00203 [8]     899             PSHU A,X
A1C1 33C828           (./generated-code/):00204 [5]     904             LEAU 40,U
                      (./generated-code/):00205                 
A1C4 AEC829           (./generated-code/):00206 [6]     910             LDX 41,U
A1C7 3410             (./generated-code/):00207 [7]     917             PSHS X
A1C9 A643             (./generated-code/):00208 [5]     922             LDA 3,U
A1CB 3402             (./generated-code/):00209 [6]     928             PSHS A
A1CD 840F             (./generated-code/):00210 [2]     930             ANDA #$0F
A1CF 8AE0             (./generated-code/):00211 [2]     932             ORA #$e0
A1D1 A743             (./generated-code/):00212 [5]     937             STA 3,U
A1D3 CC9C99           (./generated-code/):00213 [3]     940             LDD #$9c99
A1D6 EDC829           (./generated-code/):00214 [6]     946             STD 41,U
A1D9 ECC851           (./generated-code/):00215 [6]     952             LDD 81,U
A1DC 3406             (./generated-code/):00216 [7]     959             PSHS D
A1DE 86DE             (./generated-code/):00217 [2]     961             LDA #$de
A1E0 C40F             (./generated-code/):00218 [2]     963             ANDB #$0F
A1E2 CAD0             (./generated-code/):00219 [2]     965             ORB #$d0
A1E4 EDC851           (./generated-code/):00220 [6]     971             STD 81,U
A1E7 ECC877           (./generated-code/):00221 [6]     977             LDD 119,U
A1EA 3406             (./generated-code/):00222 [7]     984             PSHS D
A1EC 84F0             (./generated-code/):00223 [2]     986             ANDA #$F0
A1EE C4F0             (./generated-code/):00224 [2]     988             ANDB #$F0
A1F0 C30D0E           (./generated-code/):00225 [4]     992             ADDD #$0d0e
A1F3 EDC877           (./generated-code/):00226 [6]     998             STD 119,U
A1F6 ECC879           (./generated-code/):00227 [6]     1004            LDD 121,U
A1F9 3406             (./generated-code/):00228 [7]     1011            PSHS D
A1FB 84F0             (./generated-code/):00229 [2]     1013            ANDA #$F0
A1FD C40F             (./generated-code/):00230 [2]     1015            ANDB #$0F
A1FF C30990           (./generated-code/):00231 [4]     1019            ADDD #$0990
A202 EDC879           (./generated-code/):00232 [6]     1025            STD 121,U
A205 3712             (./generated-code/):00233 [8]     1033            PULU A,X
A207 3452             (./generated-code/):00234 [10]    1043            PSHS U,X,A
A209 86EE             (./generated-code/):00235 [2]     1045            LDA #$ee
A20B 8E3C99           (./generated-code/):00236 [3]     1048            LDX #$3c99
A20E 3612             (./generated-code/):00237 [8]     1056            PSHU A,X
A210 33C90119         (./generated-code/):00238 [8]     1064            LEAU 281,U
                      (./generated-code/):00239                 
A214 ECC886           (./generated-code/):00240 [6]     1070            LDD -122,U
A217 3406             (./generated-code/):00241 [7]     1077            PSHS D
A219 84F0             (./generated-code/):00242 [2]     1079            ANDA #$F0
A21B C4F0             (./generated-code/):00243 [2]     1081            ANDB #$F0
A21D C3030F           (./generated-code/):00244 [4]     1085            ADDD #$030f
A220 EDC886           (./generated-code/):00245 [6]     1091            STD -122,U
A223 A6C84F           (./generated-code/):00246 [5]     1096            LDA 79,U
A226 E642             (./generated-code/):00247 [5]     1101            LDB 2,U
A228 3406             (./generated-code/):00248 [7]     1108            PSHS B,A
A22A ECC8B1           (./generated-code/):00249 [6]     1114            LDD -79,U
A22D 3406             (./generated-code/):00250 [7]     1121            PSHS D
A22F 86A9             (./generated-code/):00251 [2]     1123            LDA #$a9
A231 C40F             (./generated-code/):00252 [2]     1125            ANDB #$0F
A233 CAD0             (./generated-code/):00253 [2]     1127            ORB #$d0
A235 EDC8B1           (./generated-code/):00254 [6]     1133            STD -79,U
A238 A6C87A           (./generated-code/):00255 [5]     1138            LDA 122,U
A23B E6C827           (./generated-code/):00256 [5]     1143            LDB 39,U
A23E 3406             (./generated-code/):00257 [7]     1150            PSHS B,A
A240 A6C852           (./generated-code/):00258 [5]     1155            LDA 82,U
A243 E6C877           (./generated-code/):00259 [5]     1160            LDB 119,U
A246 3406             (./generated-code/):00260 [7]     1167            PSHS B,A
A248 A65F             (./generated-code/):00261 [5]     1172            LDA -1,U
A24A E6C8D7           (./generated-code/):00262 [5]     1177            LDB -41,U
A24D 3406             (./generated-code/):00263 [7]     1184            PSHS B,A
A24F ECC8AE           (./generated-code/):00264 [6]     1190            LDD -82,U
A252 3406             (./generated-code/):00265 [7]     1197            PSHS D
A254 84F0             (./generated-code/):00266 [2]     1199            ANDA #$F0
A256 8A03             (./generated-code/):00267 [2]     1201            ORA #$03
A258 C6EE             (./generated-code/):00268 [2]     1203            LDB #$ee
A25A EDC8AE           (./generated-code/):00269 [6]     1209            STD -82,U
A25D ECC8D9           (./generated-code/):00270 [6]     1215            LDD -39,U
A260 3406             (./generated-code/):00271 [7]     1222            PSHS D
A262 84F0             (./generated-code/):00272 [2]     1224            ANDA #$F0
A264 8A0A             (./generated-code/):00273 [2]     1226            ORA #$0a
A266 C63D             (./generated-code/):00274 [2]     1228            LDB #$3d
A268 EDC8D9           (./generated-code/):00275 [6]     1234            STD -39,U
A26B 863B             (./generated-code/):00276 [2]     1236            LDA #$3b
A26D A75F             (./generated-code/):00277 [5]     1241            STA -1,U
A26F 86D3             (./generated-code/):00278 [2]     1243            LDA #$d3
A271 A7C84F           (./generated-code/):00279 [5]     1248            STA 79,U
A274 86FF             (./generated-code/):00280 [2]     1250            LDA #$ff
A276 A7C87A           (./generated-code/):00281 [5]     1255            STA 122,U
A279 A6C82A           (./generated-code/):00282 [5]     1260            LDA 42,U
A27C E6C889           (./generated-code/):00283 [5]     1265            LDB -119,U
A27F 3446             (./generated-code/):00284 [9]     1274            PSHS U,B,A
A281 C40F             (./generated-code/):00285 [2]     1276            ANDB #$0F
A283 CAA0             (./generated-code/):00286 [2]     1278            ORB #$a0
A285 E7C889           (./generated-code/):00287 [5]     1283            STB -119,U
A288 86BB             (./generated-code/):00288 [2]     1285            LDA #$bb
A28A A742             (./generated-code/):00289 [5]     1290            STA 2,U
A28C 8633             (./generated-code/):00290 [2]     1292            LDA #$33
A28E A7C8D7           (./generated-code/):00291 [5]     1297            STA -41,U
A291 A7C827           (./generated-code/):00292 [5]     1302            STA 39,U
A294 A7C877           (./generated-code/):00293 [5]     1307            STA 119,U
A297 86BE             (./generated-code/):00294 [2]     1309            LDA #$be
A299 A7C82A           (./generated-code/):00295 [5]     1314            STA 42,U
A29C A7C852           (./generated-code/):00296 [5]     1319            STA 82,U
A29F 33C900F1         (./generated-code/):00297 [8]     1327            LEAU 241,U
                      (./generated-code/):00298                 
A2A3 A6C8AE           (./generated-code/):00299 [5]     1332            LDA -82,U
A2A6 E6C8B1           (./generated-code/):00300 [5]     1337            LDB -79,U
A2A9 3406             (./generated-code/):00301 [7]     1344            PSHS B,A
A2AB 863D             (./generated-code/):00302 [2]     1346            LDA #$3d
A2AD A7C8AE           (./generated-code/):00303 [5]     1351            STA -82,U
A2B0 86FB             (./generated-code/):00304 [2]     1353            LDA #$fb
A2B2 A7C8B1           (./generated-code/):00305 [5]     1358            STA -79,U
A2B5 ECC829           (./generated-code/):00306 [6]     1364            LDD 41,U
A2B8 3406             (./generated-code/):00307 [7]     1371            PSHS D
A2BA 84F0             (./generated-code/):00308 [2]     1373            ANDA #$F0
A2BC C40F             (./generated-code/):00309 [2]     1375            ANDB #$0F
A2BE C303D0           (./generated-code/):00310 [4]     1379            ADDD #$03d0
A2C1 EDC829           (./generated-code/):00311 [6]     1385            STD 41,U
A2C4 A6C8D9           (./generated-code/):00312 [5]     1390            LDA -39,U
A2C7 E6C8D6           (./generated-code/):00313 [5]     1395            LDB -42,U
A2CA 3406             (./generated-code/):00314 [7]     1402            PSHS B,A
A2CC C4F0             (./generated-code/):00315 [2]     1404            ANDB #$F0
A2CE CA0D             (./generated-code/):00316 [2]     1406            ORB #$0d
A2D0 E7C8D6           (./generated-code/):00317 [5]     1411            STB -42,U
A2D3 A641             (./generated-code/):00318 [5]     1416            LDA 1,U
A2D5 3402             (./generated-code/):00319 [6]     1422            PSHS A
A2D7 84F0             (./generated-code/):00320 [2]     1424            ANDA #$F0
A2D9 8A0C             (./generated-code/):00321 [2]     1426            ORA #$0c
A2DB A741             (./generated-code/):00322 [5]     1431            STA 1,U
A2DD A6C852           (./generated-code/):00323 [5]     1436            LDA 82,U
A2E0 3442             (./generated-code/):00324 [8]     1444            PSHS U,A
A2E2 840F             (./generated-code/):00325 [2]     1446            ANDA #$0F
A2E4 8AD0             (./generated-code/):00326 [2]     1448            ORA #$d0
A2E6 A7C852           (./generated-code/):00327 [5]     1453            STA 82,U
A2E9 86EC             (./generated-code/):00328 [2]     1455            LDA #$ec
A2EB A7C8D9           (./generated-code/):00329 [5]     1460            STA -39,U
                      (./generated-code/):00330                 
A2EE DEFC             (./generated-code/):00331 [5]     1465            LDU <glb_screen_location_1
A2F0 33C9FD30         (./generated-code/):00332 [8]     1473            LEAU -720,U
                      (./generated-code/):00333                 
A2F4 A6C8B0           (./generated-code/):00334 [5]     1478            LDA -80,U
A2F7 E641             (./generated-code/):00335 [5]     1483            LDB 1,U
A2F9 AEC8D8           (./generated-code/):00336 [6]     1489            LDX -40,U
A2FC 10AEC827         (./generated-code/):00337 [7]     1496            LDY 39,U
A300 3436             (./generated-code/):00338 [11]    1507            PSHS Y,X,B,A
A302 EC5F             (./generated-code/):00339 [6]     1513            LDD -1,U
A304 3406             (./generated-code/):00340 [7]     1520            PSHS D
A306 840F             (./generated-code/):00341 [2]     1522            ANDA #$0F
A308 8A90             (./generated-code/):00342 [2]     1524            ORA #$90
A30A C6AA             (./generated-code/):00343 [2]     1526            LDB #$aa
A30C ED5F             (./generated-code/):00344 [6]     1532            STD -1,U
A30E E7C8B0           (./generated-code/):00345 [5]     1537            STB -80,U
A311 86A9             (./generated-code/):00346 [2]     1539            LDA #$a9
A313 A741             (./generated-code/):00347 [5]     1544            STA 1,U
A315 AEC84F           (./generated-code/):00348 [6]     1550            LDX 79,U
A318 3410             (./generated-code/):00349 [7]     1557            PSHS X
A31A A6C829           (./generated-code/):00350 [5]     1562            LDA 41,U
A31D 3442             (./generated-code/):00351 [8]     1570            PSHS U,A
A31F 840F             (./generated-code/):00352 [2]     1572            ANDA #$0F
A321 8A90             (./generated-code/):00353 [2]     1574            ORA #$90
A323 A7C829           (./generated-code/):00354 [5]     1579            STA 41,U
A326 CCAA99           (./generated-code/):00355 [3]     1582            LDD #$aa99
A329 EDC84F           (./generated-code/):00356 [6]     1588            STD 79,U
A32C C6AA             (./generated-code/):00357 [2]     1590            LDB #$aa
A32E EDC8D8           (./generated-code/):00358 [6]     1596            STD -40,U
A331 CC9A9A           (./generated-code/):00359 [3]     1599            LDD #$9a9a
A334 EDC827           (./generated-code/):00360 [6]     1605            STD 39,U
A337 33C900EF         (./generated-code/):00361 [8]     1613            LEAU 239,U
                      (./generated-code/):00362                 
A33B AEC888           (./generated-code/):00363 [6]     1619            LDX -120,U
A33E 10AEC8B0         (./generated-code/):00364 [7]     1626            LDY -80,U
A342 3430             (./generated-code/):00365 [9]     1635            PSHS Y,X
A344 ECC8D8           (./generated-code/):00366 [6]     1641            LDD -40,U
A347 3406             (./generated-code/):00367 [7]     1648            PSHS D
A349 CCAA99           (./generated-code/):00368 [3]     1651            LDD #$aa99
A34C EDC888           (./generated-code/):00369 [6]     1657            STD -120,U
A34F C6C9             (./generated-code/):00370 [2]     1659            LDB #$c9
A351 EDC8B0           (./generated-code/):00371 [6]     1665            STD -80,U
A354 C6AA             (./generated-code/):00372 [2]     1667            LDB #$aa
A356 EDC8D8           (./generated-code/):00373 [6]     1673            STD -40,U
A359 3712             (./generated-code/):00374 [8]     1681            PULU A,X
A35B 3452             (./generated-code/):00375 [10]    1691            PSHS U,X,A
A35D 86AE             (./generated-code/):00376 [2]     1693            LDA #$ae
A35F 8EAAAA           (./generated-code/):00377 [3]     1696            LDX #$aaaa
A362 3612             (./generated-code/):00378 [8]     1704            PSHU A,X
A364 33C828           (./generated-code/):00379 [5]     1709            LEAU 40,U
                      (./generated-code/):00380                 
A367 3712             (./generated-code/):00381 [8]     1717            PULU A,X
A369 3452             (./generated-code/):00382 [10]    1727            PSHS U,X,A
A36B 86EF             (./generated-code/):00383 [2]     1729            LDA #$ef
A36D 8EAAAA           (./generated-code/):00384 [3]     1732            LDX #$aaaa
A370 3612             (./generated-code/):00385 [8]     1740            PSHU A,X
A372 33C828           (./generated-code/):00386 [5]     1745            LEAU 40,U
                      (./generated-code/):00387                 
A375 3712             (./generated-code/):00388 [8]     1753            PULU A,X
A377 3452             (./generated-code/):00389 [10]    1763            PSHS U,X,A
A379 86FF             (./generated-code/):00390 [2]     1765            LDA #$ff
A37B 8EAA99           (./generated-code/):00391 [3]     1768            LDX #$aa99
A37E 3612             (./generated-code/):00392 [8]     1776            PSHU A,X
A380 33C828           (./generated-code/):00393 [5]     1781            LEAU 40,U
                      (./generated-code/):00394                 
A383 AEC828           (./generated-code/):00395 [6]     1787            LDX 40,U
A386 10AEC850         (./generated-code/):00396 [7]     1794            LDY 80,U
A38A 3430             (./generated-code/):00397 [9]     1803            PSHS Y,X
A38C EDC828           (./generated-code/):00398 [6]     1809            STD 40,U
A38F EDC850           (./generated-code/):00399 [6]     1815            STD 80,U
A392 ECC878           (./generated-code/):00400 [6]     1821            LDD 120,U
A395 3406             (./generated-code/):00401 [7]     1828            PSHS D
A397 CCFAAA           (./generated-code/):00402 [3]     1831            LDD #$faaa
A39A EDC878           (./generated-code/):00403 [6]     1837            STD 120,U
A39D 3712             (./generated-code/):00404 [8]     1845            PULU A,X
A39F 3452             (./generated-code/):00405 [10]    1855            PSHS U,X,A
A3A1 86FF             (./generated-code/):00406 [2]     1857            LDA #$ff
A3A3 8EAA99           (./generated-code/):00407 [3]     1860            LDX #$aa99
A3A6 3612             (./generated-code/):00408 [8]     1868            PSHU A,X
A3A8 33C900F1         (./generated-code/):00409 [8]     1876            LEAU 241,U
                      (./generated-code/):00410                 
A3AC AEC8AF           (./generated-code/):00411 [6]     1882            LDX -81,U
A3AF 10AEC8D8         (./generated-code/):00412 [7]     1889            LDY -40,U
A3B3 3430             (./generated-code/):00413 [9]     1898            PSHS Y,X
A3B5 86CF             (./generated-code/):00414 [2]     1900            LDA #$cf
A3B7 EDC8AF           (./generated-code/):00415 [6]     1906            STD -81,U
A3BA 86A9             (./generated-code/):00416 [2]     1908            LDA #$a9
A3BC EDC8D8           (./generated-code/):00417 [6]     1914            STD -40,U
A3BF ECC850           (./generated-code/):00418 [6]     1920            LDD 80,U
A3C2 AEC828           (./generated-code/):00419 [6]     1926            LDX 40,U
A3C5 10AEC4           (./generated-code/):00420 [6]     1932            LDY ,U
A3C8 3436             (./generated-code/):00421 [11]    1943            PSHS Y,X,D
A3CA CC39EE           (./generated-code/):00422 [3]     1946            LDD #$39ee
A3CD EDC850           (./generated-code/):00423 [6]     1952            STD 80,U
A3D0 ECC826           (./generated-code/):00424 [6]     1958            LDD 38,U
A3D3 3406             (./generated-code/):00425 [7]     1965            PSHS D
A3D5 84F0             (./generated-code/):00426 [2]     1967            ANDA #$F0
A3D7 C4F0             (./generated-code/):00427 [2]     1969            ANDB #$F0
A3D9 C30F0E           (./generated-code/):00428 [4]     1973            ADDD #$0f0e
A3DC EDC826           (./generated-code/):00429 [6]     1979            STD 38,U
A3DF ECC84E           (./generated-code/):00430 [6]     1985            LDD 78,U
A3E2 3406             (./generated-code/):00431 [7]     1992            PSHS D
A3E4 84F0             (./generated-code/):00432 [2]     1994            ANDA #$F0
A3E6 C40F             (./generated-code/):00433 [2]     1996            ANDB #$0F
A3E8 C30FF0           (./generated-code/):00434 [4]     2000            ADDD #$0ff0
A3EB EDC84E           (./generated-code/):00435 [6]     2006            STD 78,U
A3EE A6C8B1           (./generated-code/):00436 [5]     2011            LDA -79,U
A3F1 3402             (./generated-code/):00437 [6]     2017            PSHS A
A3F3 840F             (./generated-code/):00438 [2]     2019            ANDA #$0F
A3F5 8AA0             (./generated-code/):00439 [2]     2021            ORA #$a0
A3F7 A7C8B1           (./generated-code/):00440 [5]     2026            STA -79,U
A3FA ECC8D6           (./generated-code/):00441 [6]     2032            LDD -42,U
A3FD 3406             (./generated-code/):00442 [7]     2039            PSHS D
A3FF 84F0             (./generated-code/):00443 [2]     2041            ANDA #$F0
A401 8A0E             (./generated-code/):00444 [2]     2043            ORA #$0e
A403 C6CC             (./generated-code/):00445 [2]     2045            LDB #$cc
A405 EDC8D6           (./generated-code/):00446 [6]     2051            STD -42,U
A408 EC5E             (./generated-code/):00447 [6]     2057            LDD -2,U
A40A 3446             (./generated-code/):00448 [9]     2066            PSHS U,D
A40C 84F0             (./generated-code/):00449 [2]     2068            ANDA #$F0
A40E 8A0F             (./generated-code/):00450 [2]     2070            ORA #$0f
A410 C6EC             (./generated-code/):00451 [2]     2072            LDB #$ec
A412 ED5E             (./generated-code/):00452 [6]     2078            STD -2,U
A414 CC999A           (./generated-code/):00453 [3]     2081            LDD #$999a
A417 EDC4             (./generated-code/):00454 [5]     2086            STD ,U
A419 CCE999           (./generated-code/):00455 [3]     2089            LDD #$e999
A41C EDC828           (./generated-code/):00456 [6]     2095            STD 40,U
A41F 33C900EF         (./generated-code/):00457 [8]     2103            LEAU 239,U
                      (./generated-code/):00458                 
A423 A6C851           (./generated-code/):00459 [5]     2108            LDA 81,U
A426 AEC889           (./generated-code/):00460 [6]     2114            LDX -119,U
A429 10AEC828         (./generated-code/):00461 [7]     2121            LDY 40,U
A42D 3432             (./generated-code/):00462 [10]    2131            PSHS Y,X,A
A42F CC99EA           (./generated-code/):00463 [3]     2134            LDD #$99ea
A432 EDC828           (./generated-code/):00464 [6]     2140            STD 40,U
A435 AEC8B1           (./generated-code/):00465 [6]     2146            LDX -79,U
A438 3410             (./generated-code/):00466 [7]     2153            PSHS X
A43A ECC84F           (./generated-code/):00467 [6]     2159            LDD 79,U
A43D 3406             (./generated-code/):00468 [7]     2166            PSHS D
A43F 840F             (./generated-code/):00469 [2]     2168            ANDA #$0F
A441 C40F             (./generated-code/):00470 [2]     2170            ANDB #$0F
A443 C3B090           (./generated-code/):00471 [4]     2174            ADDD #$b090
A446 EDC84F           (./generated-code/):00472 [6]     2180            STD 79,U
A449 A6C8DA           (./generated-code/):00473 [5]     2185            LDA -38,U
A44C E6C879           (./generated-code/):00474 [5]     2190            LDB 121,U
A44F 3406             (./generated-code/):00475 [7]     2197            PSHS B,A
A451 C4F0             (./generated-code/):00476 [2]     2199            ANDB #$F0
A453 CA09             (./generated-code/):00477 [2]     2201            ORB #$09
A455 E7C879           (./generated-code/):00478 [5]     2206            STB 121,U
A458 CCAAEE           (./generated-code/):00479 [3]     2209            LDD #$aaee
A45B EDC889           (./generated-code/):00480 [6]     2215            STD -119,U
A45E 8639             (./generated-code/):00481 [2]     2217            LDA #$39
A460 A7C851           (./generated-code/):00482 [5]     2222            STA 81,U
A463 86FA             (./generated-code/):00483 [2]     2224            LDA #$fa
A465 EDC8B1           (./generated-code/):00484 [6]     2230            STD -79,U
A468 ECC877           (./generated-code/):00485 [6]     2236            LDD 119,U
A46B 3406             (./generated-code/):00486 [7]     2243            PSHS D
A46D 863B             (./generated-code/):00487 [2]     2245            LDA #$3b
A46F C40F             (./generated-code/):00488 [2]     2247            ANDB #$0F
A471 CAD0             (./generated-code/):00489 [2]     2249            ORB #$d0
A473 EDC877           (./generated-code/):00490 [6]     2255            STD 119,U
A476 86AE             (./generated-code/):00491 [2]     2257            LDA #$ae
A478 A7C8DA           (./generated-code/):00492 [5]     2262            STA -38,U
A47B ECC887           (./generated-code/):00493 [6]     2268            LDD -121,U
A47E 3406             (./generated-code/):00494 [7]     2275            PSHS D
A480 84F0             (./generated-code/):00495 [2]     2277            ANDA #$F0
A482 8A0F             (./generated-code/):00496 [2]     2279            ORA #$0f
A484 C6EC             (./generated-code/):00497 [2]     2281            LDB #$ec
A486 EDC887           (./generated-code/):00498 [6]     2287            STD -121,U
A489 ECC8AF           (./generated-code/):00499 [6]     2293            LDD -81,U
A48C 3406             (./generated-code/):00500 [7]     2300            PSHS D
A48E 84F0             (./generated-code/):00501 [2]     2302            ANDA #$F0
A490 8A0E             (./generated-code/):00502 [2]     2304            ORA #$0e
A492 C6E3             (./generated-code/):00503 [2]     2306            LDB #$e3
A494 EDC8AF           (./generated-code/):00504 [6]     2312            STD -81,U
A497 ECC8D8           (./generated-code/):00505 [6]     2318            LDD -40,U
A49A 3406             (./generated-code/):00506 [7]     2325            PSHS D
A49C 840F             (./generated-code/):00507 [2]     2327            ANDA #$0F
A49E 8AE0             (./generated-code/):00508 [2]     2329            ORA #$e0
A4A0 C6FA             (./generated-code/):00509 [2]     2331            LDB #$fa
A4A2 EDC8D8           (./generated-code/):00510 [6]     2337            STD -40,U
A4A5 3712             (./generated-code/):00511 [8]     2345            PULU A,X
A4A7 3452             (./generated-code/):00512 [10]    2355            PSHS U,X,A
A4A9 86AA             (./generated-code/):00513 [2]     2357            LDA #$aa
A4AB 8ECA9E           (./generated-code/):00514 [3]     2360            LDX #$ca9e
A4AE 3612             (./generated-code/):00515 [8]     2368            PSHU A,X
A4B0 33C90119         (./generated-code/):00516 [8]     2376            LEAU 281,U
                      (./generated-code/):00517                 
A4B4 EC5E             (./generated-code/):00518 [6]     2382            LDD -2,U
A4B6 3406             (./generated-code/):00519 [7]     2389            PSHS D
A4B8 84F0             (./generated-code/):00520 [2]     2391            ANDA #$F0
A4BA C40F             (./generated-code/):00521 [2]     2393            ANDB #$0F
A4BC C303D0           (./generated-code/):00522 [4]     2397            ADDD #$03d0
A4BF ED5E             (./generated-code/):00523 [6]     2403            STD -2,U
A4C1 ECC826           (./generated-code/):00524 [6]     2409            LDD 38,U
A4C4 3406             (./generated-code/):00525 [7]     2416            PSHS D
A4C6 84F0             (./generated-code/):00526 [2]     2418            ANDA #$F0
A4C8 C40F             (./generated-code/):00527 [2]     2420            ANDB #$0F
A4CA C303D0           (./generated-code/):00528 [4]     2424            ADDD #$03d0
A4CD EDC826           (./generated-code/):00529 [6]     2430            STD 38,U
A4D0 ECC829           (./generated-code/):00530 [6]     2436            LDD 41,U
A4D3 3406             (./generated-code/):00531 [7]     2443            PSHS D
A4D5 84F0             (./generated-code/):00532 [2]     2445            ANDA #$F0
A4D7 C40F             (./generated-code/):00533 [2]     2447            ANDB #$0F
A4D9 C30330           (./generated-code/):00534 [4]     2451            ADDD #$0330
A4DC EDC829           (./generated-code/):00535 [6]     2457            STD 41,U
A4DF ECC886           (./generated-code/):00536 [6]     2463            LDD -122,U
A4E2 3406             (./generated-code/):00537 [7]     2470            PSHS D
A4E4 86D3             (./generated-code/):00538 [2]     2472            LDA #$d3
A4E6 C40F             (./generated-code/):00539 [2]     2474            ANDB #$0F
A4E8 CAE0             (./generated-code/):00540 [2]     2476            ORB #$e0
A4EA EDC886           (./generated-code/):00541 [6]     2482            STD -122,U
A4ED ECC8AE           (./generated-code/):00542 [6]     2488            LDD -82,U
A4F0 3406             (./generated-code/):00543 [7]     2495            PSHS D
A4F2 8633             (./generated-code/):00544 [2]     2497            LDA #$33
A4F4 C40F             (./generated-code/):00545 [2]     2499            ANDB #$0F
A4F6 CAE0             (./generated-code/):00546 [2]     2501            ORB #$e0
A4F8 EDC8AE           (./generated-code/):00547 [6]     2507            STD -82,U
A4FB ECC8D6           (./generated-code/):00548 [6]     2513            LDD -42,U
A4FE 3406             (./generated-code/):00549 [7]     2520            PSHS D
A500 863D             (./generated-code/):00550 [2]     2522            LDA #$3d
A502 C40F             (./generated-code/):00551 [2]     2524            ANDB #$0F
A504 CAE0             (./generated-code/):00552 [2]     2526            ORB #$e0
A506 EDC8D6           (./generated-code/):00553 [6]     2532            STD -42,U
A509 EC41             (./generated-code/):00554 [6]     2538            LDD 1,U
A50B 3406             (./generated-code/):00555 [7]     2545            PSHS D
A50D 86FF             (./generated-code/):00556 [2]     2547            LDA #$ff
A50F C40F             (./generated-code/):00557 [2]     2549            ANDB #$0F
A511 CAD0             (./generated-code/):00558 [2]     2551            ORB #$d0
A513 ED41             (./generated-code/):00559 [6]     2557            STD 1,U
A515 A6C889           (./generated-code/):00560 [5]     2562            LDA -119,U
A518 E6C8D9           (./generated-code/):00561 [5]     2567            LDB -39,U
A51B 3406             (./generated-code/):00562 [7]     2574            PSHS B,A
A51D A6C8B1           (./generated-code/):00563 [5]     2579            LDA -79,U
A520 E6C87A           (./generated-code/):00564 [5]     2584            LDB 122,U
A523 3406             (./generated-code/):00565 [7]     2591            PSHS B,A
A525 86DE             (./generated-code/):00566 [2]     2593            LDA #$de
A527 A7C8D9           (./generated-code/):00567 [5]     2598            STA -39,U
A52A ECC851           (./generated-code/):00568 [6]     2604            LDD 81,U
A52D 3406             (./generated-code/):00569 [7]     2611            PSHS D
A52F 84F0             (./generated-code/):00570 [2]     2613            ANDA #$F0
A531 8A03             (./generated-code/):00571 [2]     2615            ORA #$03
A533 C6BD             (./generated-code/):00572 [2]     2617            LDB #$bd
A535 EDC851           (./generated-code/):00573 [6]     2623            STD 81,U
A538 A6C84F           (./generated-code/):00574 [5]     2628            LDA 79,U
A53B 3402             (./generated-code/):00575 [6]     2634            PSHS A
A53D 840F             (./generated-code/):00576 [2]     2636            ANDA #$0F
A53F 8AD0             (./generated-code/):00577 [2]     2638            ORA #$d0
A541 A7C84F           (./generated-code/):00578 [5]     2643            STA 79,U
A544 A6C877           (./generated-code/):00579 [5]     2648            LDA 119,U
A547 3442             (./generated-code/):00580 [8]     2656            PSHS U,A
A549 840F             (./generated-code/):00581 [2]     2658            ANDA #$0F
A54B 8AD0             (./generated-code/):00582 [2]     2660            ORA #$d0
A54D A7C877           (./generated-code/):00583 [5]     2665            STA 119,U
A550 869E             (./generated-code/):00584 [2]     2667            LDA #$9e
A552 A7C889           (./generated-code/):00585 [5]     2672            STA -119,U
A555 A7C8B1           (./generated-code/):00586 [5]     2677            STA -79,U
A558 E7C87A           (./generated-code/):00587 [5]     2682            STB 122,U
A55B 33C900DD         (./generated-code/):00588 [8]     2690            LEAU 221,U
                      (./generated-code/):00589                 
A55F A6C8C2           (./generated-code/):00590 [5]     2695            LDA -62,U
A562 3402             (./generated-code/):00591 [6]     2701            PSHS A
A564 840F             (./generated-code/):00592 [2]     2703            ANDA #$0F
A566 8AD0             (./generated-code/):00593 [2]     2705            ORA #$d0
A568 A7C8C2           (./generated-code/):00594 [5]     2710            STA -62,U
A56B A6C8C5           (./generated-code/):00595 [5]     2715            LDA -59,U
A56E E6C8ED           (./generated-code/):00596 [5]     2720            LDB -19,U
A571 3406             (./generated-code/):00597 [7]     2727            PSHS B,A
A573 86B3             (./generated-code/):00598 [2]     2729            LDA #$b3
A575 A7C8C5           (./generated-code/):00599 [5]     2734            STA -59,U
A578 A7C8ED           (./generated-code/):00600 [5]     2739            STA -19,U
A57B A6C815           (./generated-code/):00601 [5]     2744            LDA 21,U
A57E E6C83D           (./generated-code/):00602 [5]     2749            LDB 61,U
A581 3446             (./generated-code/):00603 [9]     2758            PSHS U,B,A
A583 86CB             (./generated-code/):00604 [2]     2760            LDA #$cb
A585 A7C815           (./generated-code/):00605 [5]     2765            STA 21,U
A588 863B             (./generated-code/):00606 [2]     2767            LDA #$3b
A58A A7C83D           (./generated-code/):00607 [5]     2772            STA 61,U
A58D 33E4             (./generated-code/):00608 [4]     2776            LEAU ,S
A58F                  (./generated-code/):00609                 SSAV_Img_sonic_013_0
A58F 10FE9FFE         (./generated-code/):00610 [7]     2783            LDS glb_register_s
A593 39               (./generated-code/):00611 [5]     2788            RTS
                      (./generated-code/):00612                 
