                      (./generated-code/):00001                 INCLUDE "./Engine/Constants.asm"
                      (./Engine/Constant):00001         * ---------------------------------------------------------------------------
                      (./Engine/Constant):00002         * Constants
                      (./Engine/Constant):00003         *
                      (./Engine/Constant):00004         * Naming convention
                      (./Engine/Constant):00005         * -----------------
                      (./Engine/Constant):00006         * - lower case
                      (./Engine/Constant):00007         * - underscore-separated names
                      (./Engine/Constant):00008         *
                      (./Engine/Constant):00009         * ---------------------------------------------------------------------------
                      (./Engine/Constant):00010         
                      (./Engine/Constant):00011         * ===========================================================================
                      (./Engine/Constant):00012         * TO8 Registers
                      (./Engine/Constant):00013         * ===========================================================================
                      (./Engine/Constant):00014         
                      (./Engine/Constant):00015         ; Disk routine registers (ROM)
                      (./Engine/Constant):00016         
     6049             (./Engine/Constant):00017         dk_drive                      equ $6049
     604A             (./Engine/Constant):00018         dk_track                      equ $604A
     604B             (./Engine/Constant):00019         dk_track_lsb                  equ $604B
     604C             (./Engine/Constant):00020         dk_sector                     equ $604C
     604F             (./Engine/Constant):00021         dk_write_location             equ $604F
                      (./Engine/Constant):00022         
                      (./Engine/Constant):00023         * ===========================================================================
                      (./Engine/Constant):00024         * Globals
                      (./Engine/Constant):00025         * ===========================================================================
                      (./Engine/Constant):00026         
     009F             (./Engine/Constant):00027         glb_direct_page               equ $9F    ; direct page for globals
                      (./Engine/Constant):00028         
                      (./Engine/Constant):00029         ; compilated sprite
     9FFE             (./Engine/Constant):00030         glb_register_s                equ $9FFE  ; reverved space to store S from ROM routines
                      (./Engine/Constant):00031         
                      (./Engine/Constant):00032         ; DrawSprites
     9FFC             (./Engine/Constant):00033         glb_screen_location_1         equ $9FFC  ; start address for rendering of current sprite Part1     
     9FFA             (./Engine/Constant):00034         glb_screen_location_2         equ $9FFA  ; start address for rendering of current sprite Part2 (Must follow Part1)
                      (./Engine/Constant):00035         
                      (./Engine/Constant):00036         ; CheckSpritesRefresh
     9FF9             (./Engine/Constant):00037         glb_cur_priority              equ $9FF9
     9FF7             (./Engine/Constant):00038         glb_cur_ptr_sub_obj_erase     equ $9FF7
     9FF5             (./Engine/Constant):00039         glb_cur_ptr_sub_obj_draw      equ $9FF5
     9FF3             (./Engine/Constant):00040         glb_camera_x_pos              equ $9FF3 ; camera x position in palyfield coordinates
     9FF1             (./Engine/Constant):00041         glb_camera_y_pos              equ $9FF1 ; camera y position in palyfield coordinates
     9FEF             (./Engine/Constant):00042         glb_camera_x_min_pos          equ $9FEF
     9FED             (./Engine/Constant):00043         glb_camera_y_min_pos          equ $9FED
     9FEB             (./Engine/Constant):00044         glb_camera_x_max_pos          equ $9FEB
     9FE9             (./Engine/Constant):00045         glb_camera_y_max_pos          equ $9FE9
     9FE8             (./Engine/Constant):00046         glb_force_sprite_refresh      equ $9FE8
     9FE7             (./Engine/Constant):00047         glb_camera_move               equ $9FE7
     9FE6             (./Engine/Constant):00048         glb_alphaTiles                equ $9FE6
     9F00             (./Engine/Constant):00049         glb_tmp_var                   equ $9F00 ; custom tmp var space for routine
     9F00             (./Engine/Constant):00050         glb_system_stack              equ $9F00
                      (./Engine/Constant):00051         
                      (./Engine/Constant):00052         * ===========================================================================
                      (./Engine/Constant):00053         * Display Constants
                      (./Engine/Constant):00054         * ===========================================================================
                      (./Engine/Constant):00055         
     00A0             (./Engine/Constant):00056         screen_width                  equ 160    ; in pixel
     001C             (./Engine/Constant):00057         screen_top                    equ 28     ; in pixel
     00E3             (./Engine/Constant):00058         screen_bottom                 equ 28+199 ; in pixel
     0030             (./Engine/Constant):00059         screen_left                   equ 48     ; in pixel
     00CF             (./Engine/Constant):00060         screen_right                  equ 48+159 ; in pixel
     0008             (./Engine/Constant):00061         nb_priority_levels            equ 8      ; number of priority levels (need code change if modified)
                      (./Engine/Constant):00062         
                      (./Engine/Constant):00063         * ===========================================================================
                      (./Engine/Constant):00064         * Images Constants
                      (./Engine/Constant):00065         * ===========================================================================
                      (./Engine/Constant):00066         
     0004             (./Engine/Constant):00067         image_x_size                  equ 4
     0005             (./Engine/Constant):00068         image_y_size                  equ 5
     0006             (./Engine/Constant):00069         image_center_offset           equ 6
                      (./Engine/Constant):00070         
     0004             (./Engine/Constant):00071         image_subset_x1_offset        equ 4
     0005             (./Engine/Constant):00072         image_subset_y1_offset        equ 5
                      (./Engine/Constant):00073         
     0000             (./Engine/Constant):00074         page_draw_routine             equ 0
     0001             (./Engine/Constant):00075         draw_routine                  equ 1
     0003             (./Engine/Constant):00076         page_erase_routine            equ 3
     0004             (./Engine/Constant):00077         erase_routine                 equ 4
     0006             (./Engine/Constant):00078         erase_nb_cell                 equ 6
                      (./Engine/Constant):00079         
                      (./Engine/Constant):00080         * ===========================================================================
                      (./Engine/Constant):00081         * Sound Constants
                      (./Engine/Constant):00082         * ===========================================================================
                      (./Engine/Constant):00083         
     0000             (./Engine/Constant):00084         sound_page        equ 0
     0001             (./Engine/Constant):00085         sound_start_addr  equ 1
     0003             (./Engine/Constant):00086         sound_end_addr    equ 3
     0005             (./Engine/Constant):00087         sound_meta_size   equ 5
                      (./Engine/Constant):00088         
                      (./Engine/Constant):00089         * ===========================================================================
                      (./Engine/Constant):00090         * Object Constants
                      (./Engine/Constant):00091         * ===========================================================================
                      (./Engine/Constant):00092         
     005D             (./Engine/Constant):00093         object_core_size              equ 93  ; the size of an object without ext_vars - DEPENDENCY ClearObj routine
     ????             (./Engine/Constant):00094         object_size                   equ object_core_size+ext_variables_size ; the size of a dynamic object
     ????             (./Engine/Constant):00095         next_object                   equ object_size
     005D             (./Engine/Constant):00096         ext_variables                 equ object_core_size ; start of reserved space for additionnal variables
                      (./Engine/Constant):00097         
     0000             (./Engine/Constant):00098         id                            equ 0           ; reference to object model id (ObjID_) (0: free slot)
     0001             (./Engine/Constant):00099         subtype                       equ 1           ; reference to object subtype (Sub_)
     0002             (./Engine/Constant):00100         render_flags                  equ 2
                      (./Engine/Constant):00101         
                      (./Engine/Constant):00102         * --- render_flags bitfield variables ---
     0001             (./Engine/Constant):00103         render_xmirror_mask           equ $01 ; (bit 0) DEPENDENCY should be bit 0 - tell display engine to mirror sprite on horizontal axis
     0002             (./Engine/Constant):00104         render_ymirror_mask           equ $02 ; (bit 1) DEPENDENCY should be bit 1 - tell display engine to mirror sprite on vertical axis
     0004             (./Engine/Constant):00105         render_overlay_mask           equ $04 ; (bit 2) DEPENDENCY should be bit 2 - compilated sprite with no background save
     0008             (./Engine/Constant):00106         render_motionless_mask        equ $08 ; (bit 3) tell display engine to compute sub image and position check only once until the flag is removed  
     0010             (./Engine/Constant):00107         render_playfieldcoord_mask    equ $10 ; (bit 4) tell display engine to use playfield (1) or screen (0) coordinates
     0020             (./Engine/Constant):00108         render_hide_mask              equ $20 ; (bit 5) tell display engine to hide sprite (keep priority and mapping_frame)
     0040             (./Engine/Constant):00109         render_todelete_mask          equ $40 ; (bit 6) tell display engine to delete sprite and clear OST for this object
     0080             (./Engine/Constant):00110         render_xloop_mask             equ $80 ; (bit 7) (screen coordinate) tell display engine to hide sprite when x is out of screen (0) or to display (1)  
                      (./Engine/Constant):00111          
     0003             (./Engine/Constant):00112         priority                      equ 3           ; display priority (0: nothing to display, 1:front, ..., 8:back)
     0004             (./Engine/Constant):00113         anim                          equ 4  ; and 5  ; reference to current animation (Ani_)
     0006             (./Engine/Constant):00114         prev_anim                     equ 6  ; and 7  ; reference to previous animation (Ani_)
     0008             (./Engine/Constant):00115         anim_frame                    equ 8           ; index of current frame in animation
     0009             (./Engine/Constant):00116         anim_frame_duration           equ 9           ; number of frames for each image in animation, range: 00-7F (0-127), 0 means display only during one frame
     000A             (./Engine/Constant):00117         anim_flags                    equ 10          ; byte offset to reference an anim_flags LUT (adv) / store a link flag (non adv)
                      (./Engine/Constant):00118         
                      (./Engine/Constant):00119         * --- anim_flags bitfield variables ---
     0001             (./Engine/Constant):00120         anim_link_mask                equ $01 ; (bit 0) if set, allow the load of a new animation without reseting anim_frame and anim_frame_duration
                      (./Engine/Constant):00121         
     000B             (./Engine/Constant):00122         status_flags                  equ 11          ; orientation of sprite, is applied to animation xmirror flag during AnimateSprite
                      (./Engine/Constant):00123         
                      (./Engine/Constant):00124         * --- status_flags bitfield variables ---
     0001             (./Engine/Constant):00125         status_xflip_mask             equ $01 ; (bit 0) X Flip
     0002             (./Engine/Constant):00126         status_yflip_mask             equ $02 ; (bit 1) Y Flip
                      (./Engine/Constant):00127         
     000C             (./Engine/Constant):00128         image_set                     equ 12 ; and 13 ; reference to current image (Img_) (0000 if no image)
     000E             (./Engine/Constant):00129         x_pos                         equ 14 ; and 15 ; x playfield coordinate
     0010             (./Engine/Constant):00130         x_sub                         equ 16          ; x subpixel (1/256 of a pixel), must follow x_pos in data structure
     0011             (./Engine/Constant):00131         y_pos                         equ 17 ; and 18 ; y playfield coordinate
     0013             (./Engine/Constant):00132         y_sub                         equ 19          ; y subpixel (1/256 of a pixel), must follow y_pos in data structure
     0014             (./Engine/Constant):00133         xy_pixel                      equ 20          ; x and y screen coordinate
     0014             (./Engine/Constant):00134         x_pixel                       equ 20          ; x screen coordinate
     0015             (./Engine/Constant):00135         y_pixel                       equ 21          ; y screen coordinate, must follow x_pixel
                      (./Engine/Constant):00136         ;x_offset                      equ 93          ; x screen coordinate offset that is applied at rendering
                      (./Engine/Constant):00137         ;y_offset                      equ 94          ; x screen coordinate offset that is applied at rendering
     0016             (./Engine/Constant):00138         x_vel                         equ 22 ; and 23 ; horizontal velocity
     0018             (./Engine/Constant):00139         y_vel                         equ 24 ; and 25 ; vertical velocity
     001A             (./Engine/Constant):00140         x_acl                         equ 26 ; and 27 ; horizontal gravity
     001C             (./Engine/Constant):00141         y_acl                         equ 28 ; and 29 ; vertical gravity
     001E             (./Engine/Constant):00142         routine                       equ 30          ; index of current object routine
     001F             (./Engine/Constant):00143         routine_secondary             equ 31          ; index of current secondary routine
     0020             (./Engine/Constant):00144         routine_tertiary              equ 32          ; index of current tertiary routine
     0021             (./Engine/Constant):00145         routine_quaternary            equ 33          ; index of current quaternary routine
                      (./Engine/Constant):00146         
                      (./Engine/Constant):00147         * ---------------------------------------------------------------------------
                      (./Engine/Constant):00148         * reserved variables (update by engine)
                      (./Engine/Constant):00149         
     0022             (./Engine/Constant):00150         rsv_render_flags              equ 34
                      (./Engine/Constant):00151         
                      (./Engine/Constant):00152         * --- rsv_render_flags bitfield variables ---
     0001             (./Engine/Constant):00153         rsv_render_checkrefresh_mask  equ $01 ; (bit 0) if erasesprite and display sprite flag are processed for this frame
     0002             (./Engine/Constant):00154         rsv_render_erasesprite_mask   equ $02 ; (bit 1) if a sprite need to be cleared on screen
     0004             (./Engine/Constant):00155         rsv_render_displaysprite_mask equ $04 ; (bit 2) if a sprite need to be rendered on screen
     0008             (./Engine/Constant):00156         rsv_render_outofrange_mask    equ $08 ; (bit 3) if a sprite is out of range for full rendering in screen
     0080             (./Engine/Constant):00157         rsv_render_onscreen_mask      equ $80 ; (bit 7) DEPENDENCY should be bit 7 - has been rendered on last screen buffer (may be 0 or 1)
                      (./Engine/Constant):00158         
     0023             (./Engine/Constant):00159         rsv_prev_anim                 equ 35 ; and 36 ; reference to previous animation (Ani_) w * UTILE ?
     0025             (./Engine/Constant):00160         rsv_image_center_offset       equ 37 ; 0 or 1 offset that indicate if image center is even or odd (DRS_XYToAddress)
     0026             (./Engine/Constant):00161         rsv_image_subset              equ 38 ; and 39 ; reference to current image regarding mirror flags w
     0028             (./Engine/Constant):00162         rsv_mapping_frame             equ 40 ; and 41 ; reference to current image regarding mirror flags, overlay flag and x precision w
     002A             (./Engine/Constant):00163         rsv_erase_nb_cell             equ 42 ; b 
     002B             (./Engine/Constant):00164         rsv_page_draw_routine         equ 43 ; b
     002C             (./Engine/Constant):00165         rsv_draw_routine              equ 44 ; and 45 ; w
     002E             (./Engine/Constant):00166         rsv_page_erase_routine        equ 46 ; b
     002F             (./Engine/Constant):00167         rsv_erase_routine             equ 47 ; and 48 ; w 
     0031             (./Engine/Constant):00168         rsv_xy1_pixel                 equ 49 ;
     0031             (./Engine/Constant):00169         rsv_x1_pixel                  equ 49 ; x+x_offset-(x_size/2) screen coordinate
     0032             (./Engine/Constant):00170         rsv_y1_pixel                  equ 50 ; y+y_offset-(y_size/2) screen coordinate, must follow rsv_x1_pixel
     0033             (./Engine/Constant):00171         rsv_xy2_pixel                 equ 51 ;
     0033             (./Engine/Constant):00172         rsv_x2_pixel                  equ 51 ; x+x_offset+(x_size/2) screen coordinate
     0034             (./Engine/Constant):00173         rsv_y2_pixel                  equ 52 ; y+y_offset+(y_size/2) screen coordinate, must follow rsv_x2_pixel
                      (./Engine/Constant):00174         
                      (./Engine/Constant):00175         * ---------------------------------------------------------------------------
                      (./Engine/Constant):00176         * reserved variables (engine) - buffer specific
                      (./Engine/Constant):00177         
     0035             (./Engine/Constant):00178         rsv_buffer_0                  equ 53 ; Start index of buffer 0 variables
     0035             (./Engine/Constant):00179         rsv_priority_0                equ 53 ; internal value that hold priority in video buffer 0
     0036             (./Engine/Constant):00180         rsv_priority_prev_obj_0       equ 54 ; and 55 ; previous object (OST address) in display priority list for video buffer 0 (0000 if none) w
     0038             (./Engine/Constant):00181         rsv_priority_next_obj_0       equ 56 ; and 57 ; next object (OST address) in display priority list for video buffer 0 (0000 if none) w
     003A             (./Engine/Constant):00182         rsv_prev_mapping_frame_0      equ 58 ; and 59 ; reference to previous image in video buffer 0 w
     003C             (./Engine/Constant):00183         rsv_prev_erase_nb_cell_0      equ 60 : b
     003D             (./Engine/Constant):00184         rsv_prev_page_erase_routine_0 equ 61 ; b
     003E             (./Engine/Constant):00185         rsv_prev_erase_routine_0      equ 62 ; and 63 ; w
     0040             (./Engine/Constant):00186         rsv_bgdata_0                  equ 64 ; and 65 ; address of background data in screen 0 w
     0042             (./Engine/Constant):00187         rsv_prev_xy_pixel_0           equ 66 ;
     0042             (./Engine/Constant):00188         rsv_prev_x_pixel_0            equ 66 ; previous x screen coordinate b
     0043             (./Engine/Constant):00189         rsv_prev_y_pixel_0            equ 67 ; previous y screen coordinate b, must follow x_pixel
     0044             (./Engine/Constant):00190         rsv_prev_xy1_pixel_0          equ 68 ;
     0044             (./Engine/Constant):00191         rsv_prev_x1_pixel_0           equ 68 ; previous x+x_offset-(x_size/2) screen coordinate b
     0045             (./Engine/Constant):00192         rsv_prev_y1_pixel_0           equ 69 ; previous y+y_offset-(y_size/2) screen coordinate b, must follow x1_pixel
     0046             (./Engine/Constant):00193         rsv_prev_xy2_pixel_0          equ 70 ;
     0046             (./Engine/Constant):00194         rsv_prev_x2_pixel_0           equ 70 ; previous x+x_offset+(x_size/2) screen coordinate b
     0047             (./Engine/Constant):00195         rsv_prev_y2_pixel_0           equ 71 ; previous y+y_offset+(y_size/2) screen coordinate b, must follow x2_pixel
     0048             (./Engine/Constant):00196         rsv_prev_render_flags_0       equ 72 ;
                      (./Engine/Constant):00197         * --- rsv_prev_render_flags_0 bitfield variables ---
     0001             (./Engine/Constant):00198         rsv_prev_render_overlay_mask  equ $01 ; (bit 0) if a sprite has been rendered with compilated sprite and no background save on screen buffer 0/1
     0080             (./Engine/Constant):00199         rsv_prev_render_onscreen_mask equ $80 ; (bit 7) DEPENDENCY should be bit 7 - has been rendered on screen buffer 0/1
                      (./Engine/Constant):00200         
     0049             (./Engine/Constant):00201         rsv_buffer_1                  equ 73 ; Start index of buffer 1 variables
     0049             (./Engine/Constant):00202         rsv_priority_1                equ 73 ; internal value that hold priority in video buffer 1
     004A             (./Engine/Constant):00203         rsv_priority_prev_obj_1       equ 74 ; and 75 ; previous object (OST address) in display priority list for video buffer 1 (0000 if none) w
     004C             (./Engine/Constant):00204         rsv_priority_next_obj_1       equ 76 ; and 77 ; next object (OST address) in display priority list for video buffer 1 (0000 if none) w
     004E             (./Engine/Constant):00205         rsv_prev_mapping_frame_1      equ 78 ; and 79 ; reference to previous image in video buffer 1 w
     0050             (./Engine/Constant):00206         rsv_prev_erase_nb_cell_1      equ 80 ; b
     0051             (./Engine/Constant):00207         rsv_prev_page_erase_routine_1 equ 81 ; b
     0052             (./Engine/Constant):00208         rsv_prev_erase_routine_1      equ 82 ; and 83 ; w
     0054             (./Engine/Constant):00209         rsv_bgdata_1                  equ 84 ; and 85 ; address of background data in screen 1 w
     0056             (./Engine/Constant):00210         rsv_prev_xy_pixel_1           equ 86 ;
     0056             (./Engine/Constant):00211         rsv_prev_x_pixel_1            equ 86 ; previous x screen coordinate b
     0057             (./Engine/Constant):00212         rsv_prev_y_pixel_1            equ 87 ; previous y screen coordinate b, must follow x_pixel
     0058             (./Engine/Constant):00213         rsv_prev_xy1_pixel_1          equ 88 ;
     0058             (./Engine/Constant):00214         rsv_prev_x1_pixel_1           equ 88 ; previous x+x_size screen coordinate b
     0059             (./Engine/Constant):00215         rsv_prev_y1_pixel_1           equ 89 ; previous y+y_size screen coordinate b, must follow x_pixel
     005A             (./Engine/Constant):00216         rsv_prev_xy2_pixel_1          equ 90 ;
     005A             (./Engine/Constant):00217         rsv_prev_x2_pixel_1           equ 90 ; previous x+x_size screen coordinate b
     005B             (./Engine/Constant):00218         rsv_prev_y2_pixel_1           equ 91 ; previous y+y_size screen coordinate b, must follow x_pixel
     005C             (./Engine/Constant):00219         rsv_prev_render_flags_1       equ 92 ;
                      (./Engine/Constant):00220         
     0000             (./Engine/Constant):00221         buf_priority                  equ 0  ; offset for each rsv_buffer variables
     0001             (./Engine/Constant):00222         buf_priority_prev_obj         equ 1  ;
     0003             (./Engine/Constant):00223         buf_priority_next_obj         equ 3  ;
     0005             (./Engine/Constant):00224         buf_prev_mapping_frame        equ 5  ;
     0007             (./Engine/Constant):00225         buf_erase_nb_cell             equ 7  ;
     0008             (./Engine/Constant):00226         buf_page_erase_routine        equ 8 ;
     0009             (./Engine/Constant):00227         buf_erase_routine             equ 9 ;
     000B             (./Engine/Constant):00228         buf_bgdata                    equ 11 ;
     000D             (./Engine/Constant):00229         buf_prev_xy_pixel             equ 13 ;
     000D             (./Engine/Constant):00230         buf_prev_x_pixel              equ 13 ;
     000E             (./Engine/Constant):00231         buf_prev_y_pixel              equ 14 ;
     000F             (./Engine/Constant):00232         buf_prev_xy1_pixel            equ 15 ;
     000F             (./Engine/Constant):00233         buf_prev_x1_pixel             equ 15 ;
     0010             (./Engine/Constant):00234         buf_prev_y1_pixel             equ 16 ;
     0011             (./Engine/Constant):00235         buf_prev_xy2_pixel            equ 17 ;
     0011             (./Engine/Constant):00236         buf_prev_x2_pixel             equ 17 ;
     0012             (./Engine/Constant):00237         buf_prev_y2_pixel             equ 18 ;
     0013             (./Engine/Constant):00238         buf_prev_render_flags         equ 19 ;
                      (./generated-code/):00002                 ORG $A000
     FF               (./generated-code/):00003                 SETDP $FF
                      (./generated-code/):00004                 OPT C,CT
A000                  (./generated-code/):00005                 BCKDRAW_Img_sonic_006_0
A000 10FF9FFE         (./generated-code/):00006 [7]     7               STS glb_register_s
                      (./generated-code/):00007                 
A004 32A4             (./generated-code/):00008 [4]     11              LEAS ,Y
A006 33C9FDD1         (./generated-code/):00009 [8]     19              LEAU -559,U
                      (./generated-code/):00010                 
A00A A6C888           (./generated-code/):00011 [5]     24              LDA -120,U
A00D E6C8B0           (./generated-code/):00012 [5]     29              LDB -80,U
A010 AEC827           (./generated-code/):00013 [6]     35              LDX 39,U
A013 10AEC877         (./generated-code/):00014 [7]     42              LDY 119,U
A017 3436             (./generated-code/):00015 [11]    53              PSHS Y,X,B,A
A019 ECC84F           (./generated-code/):00016 [6]     59              LDD 79,U
A01C AE5F             (./generated-code/):00017 [6]     65              LDX -1,U
A01E 3416             (./generated-code/):00018 [9]     74              PSHS X,D
A020 CC9AAC           (./generated-code/):00019 [3]     77              LDD #$9aac
A023 ED5F             (./generated-code/):00020 [6]     83              STD -1,U
A025 A641             (./generated-code/):00021 [5]     88              LDA 1,U
A027 3402             (./generated-code/):00022 [6]     94              PSHS A
A029 840F             (./generated-code/):00023 [2]     96              ANDA #$0F
A02B 8A90             (./generated-code/):00024 [2]     98              ORA #$90
A02D A741             (./generated-code/):00025 [5]     103             STA 1,U
A02F CCAAEC           (./generated-code/):00026 [3]     106             LDD #$aaec
A032 EDC827           (./generated-code/):00027 [6]     112             STD 39,U
A035 A7C888           (./generated-code/):00028 [5]     117             STA -120,U
A038 A7C8B0           (./generated-code/):00029 [5]     122             STA -80,U
A03B C6AE             (./generated-code/):00030 [2]     124             LDB #$ae
A03D EDC877           (./generated-code/):00031 [6]     130             STD 119,U
A040 C6CC             (./generated-code/):00032 [2]     132             LDB #$cc
A042 EDC84F           (./generated-code/):00033 [6]     138             STD 79,U
A045 ECC8D7           (./generated-code/):00034 [6]     144             LDD -41,U
A048 3446             (./generated-code/):00035 [9]     153             PSHS U,D
A04A 84F0             (./generated-code/):00036 [2]     155             ANDA #$F0
A04C 8A0A             (./generated-code/):00037 [2]     157             ORA #$0a
A04E C6AE             (./generated-code/):00038 [2]     159             LDB #$ae
A050 EDC8D7           (./generated-code/):00039 [6]     165             STD -41,U
A053 33C90117         (./generated-code/):00040 [8]     173             LEAU 279,U
                      (./generated-code/):00041                 
A057 AEC888           (./generated-code/):00042 [6]     179             LDX -120,U
A05A 10AEC8B0         (./generated-code/):00043 [7]     186             LDY -80,U
A05E 3430             (./generated-code/):00044 [9]     195             PSHS Y,X
A060 A6C8B2           (./generated-code/):00045 [5]     200             LDA -78,U
A063 3402             (./generated-code/):00046 [6]     206             PSHS A
A065 840F             (./generated-code/):00047 [2]     208             ANDA #$0F
A067 8AA0             (./generated-code/):00048 [2]     210             ORA #$a0
A069 A7C8B2           (./generated-code/):00049 [5]     215             STA -78,U
A06C A6C8DA           (./generated-code/):00050 [5]     220             LDA -38,U
A06F 3402             (./generated-code/):00051 [6]     226             PSHS A
A071 840F             (./generated-code/):00052 [2]     228             ANDA #$0F
A073 8A90             (./generated-code/):00053 [2]     230             ORA #$90
A075 A7C8DA           (./generated-code/):00054 [5]     235             STA -38,U
A078 AEC8D8           (./generated-code/):00055 [6]     241             LDX -40,U
A07B 3410             (./generated-code/):00056 [7]     248             PSHS X
A07D CCAAFA           (./generated-code/):00057 [3]     251             LDD #$aafa
A080 EDC8D8           (./generated-code/):00058 [6]     257             STD -40,U
A083 C6AA             (./generated-code/):00059 [2]     259             LDB #$aa
A085 EDC888           (./generated-code/):00060 [6]     265             STD -120,U
A088 EDC8B0           (./generated-code/):00061 [6]     271             STD -80,U
A08B 3712             (./generated-code/):00062 [8]     279             PULU A,X
A08D 3452             (./generated-code/):00063 [10]    289             PSHS U,X,A
A08F 8EFA99           (./generated-code/):00064 [3]     292             LDX #$fa99
A092 3614             (./generated-code/):00065 [8]     300             PSHU B,X
A094 33C828           (./generated-code/):00066 [5]     305             LEAU 40,U
                      (./generated-code/):00067                 
A097 AEC828           (./generated-code/):00068 [6]     311             LDX 40,U
A09A 10AEC850         (./generated-code/):00069 [7]     318             LDY 80,U
A09E 3430             (./generated-code/):00070 [9]     327             PSHS Y,X
A0A0 CCDFF9           (./generated-code/):00071 [3]     330             LDD #$dff9
A0A3 EDC850           (./generated-code/):00072 [6]     336             STD 80,U
A0A6 ECC878           (./generated-code/):00073 [6]     342             LDD 120,U
A0A9 3406             (./generated-code/):00074 [7]     349             PSHS D
A0AB CCDEA9           (./generated-code/):00075 [3]     352             LDD #$dea9
A0AE EDC878           (./generated-code/):00076 [6]     358             STD 120,U
A0B1 CCDAFA           (./generated-code/):00077 [3]     361             LDD #$dafa
A0B4 EDC828           (./generated-code/):00078 [6]     367             STD 40,U
A0B7 3712             (./generated-code/):00079 [8]     375             PULU A,X
A0B9 3452             (./generated-code/):00080 [10]    385             PSHS U,X,A
A0BB 8EFA99           (./generated-code/):00081 [3]     388             LDX #$fa99
A0BE 3614             (./generated-code/):00082 [8]     396             PSHU B,X
A0C0 33C90119         (./generated-code/):00083 [8]     404             LEAU 281,U
                      (./generated-code/):00084                 
A0C4 AEC887           (./generated-code/):00085 [6]     410             LDX -121,U
A0C7 10AEC877         (./generated-code/):00086 [7]     417             LDY 119,U
A0CB 3430             (./generated-code/):00087 [9]     426             PSHS Y,X
A0CD CC33E3           (./generated-code/):00088 [3]     429             LDD #$33e3
A0D0 EDC877           (./generated-code/):00089 [6]     435             STD 119,U
A0D3 ECC8AF           (./generated-code/):00090 [6]     441             LDD -81,U
A0D6 AEC8D7           (./generated-code/):00091 [6]     447             LDX -41,U
A0D9 10AEC84F         (./generated-code/):00092 [7]     454             LDY 79,U
A0DD 3436             (./generated-code/):00093 [11]    465             PSHS Y,X,D
A0DF CCCCC9           (./generated-code/):00094 [3]     468             LDD #$ccc9
A0E2 EDC8AF           (./generated-code/):00095 [6]     474             STD -81,U
A0E5 86DC             (./generated-code/):00096 [2]     476             LDA #$dc
A0E7 EDC887           (./generated-code/):00097 [6]     482             STD -121,U
A0EA A6C8D9           (./generated-code/):00098 [5]     487             LDA -39,U
A0ED 3402             (./generated-code/):00099 [6]     493             PSHS A
A0EF 840F             (./generated-code/):00100 [2]     495             ANDA #$0F
A0F1 8A90             (./generated-code/):00101 [2]     497             ORA #$90
A0F3 A7C8D9           (./generated-code/):00102 [5]     502             STA -39,U
A0F6 A641             (./generated-code/):00103 [5]     507             LDA 1,U
A0F8 3402             (./generated-code/):00104 [6]     513             PSHS A
A0FA 840F             (./generated-code/):00105 [2]     515             ANDA #$0F
A0FC 8A90             (./generated-code/):00106 [2]     517             ORA #$90
A0FE A741             (./generated-code/):00107 [5]     522             STA 1,U
A100 A6C829           (./generated-code/):00108 [5]     527             LDA 41,U
A103 3402             (./generated-code/):00109 [6]     533             PSHS A
A105 840F             (./generated-code/):00110 [2]     535             ANDA #$0F
A107 8A90             (./generated-code/):00111 [2]     537             ORA #$90
A109 A7C829           (./generated-code/):00112 [5]     542             STA 41,U
A10C A6C879           (./generated-code/):00113 [5]     547             LDA 121,U
A10F 3402             (./generated-code/):00114 [6]     553             PSHS A
A111 840F             (./generated-code/):00115 [2]     555             ANDA #$0F
A113 8AC0             (./generated-code/):00116 [2]     557             ORA #$c0
A115 A7C879           (./generated-code/):00117 [5]     562             STA 121,U
A118 AE5F             (./generated-code/):00118 [6]     568             LDX -1,U
A11A 3410             (./generated-code/):00119 [7]     575             PSHS X
A11C ECC827           (./generated-code/):00120 [6]     581             LDD 39,U
A11F 3446             (./generated-code/):00121 [9]     590             PSHS U,D
A121 84F0             (./generated-code/):00122 [2]     592             ANDA #$F0
A123 8A03             (./generated-code/):00123 [2]     594             ORA #$03
A125 C6EC             (./generated-code/):00124 [2]     596             LDB #$ec
A127 EDC827           (./generated-code/):00125 [6]     602             STD 39,U
A12A CC3E9D           (./generated-code/):00126 [3]     605             LDD #$3e9d
A12D ED5F             (./generated-code/):00127 [6]     611             STD -1,U
A12F CCE3EE           (./generated-code/):00128 [3]     614             LDD #$e3ee
A132 EDC84F           (./generated-code/):00129 [6]     620             STD 79,U
A135 C6E9             (./generated-code/):00130 [2]     622             LDB #$e9
A137 EDC8D7           (./generated-code/):00131 [6]     628             STD -41,U
A13A 33C90118         (./generated-code/):00132 [8]     636             LEAU 280,U
                      (./generated-code/):00133                 
A13E AEC887           (./generated-code/):00134 [6]     642             LDX -121,U
A141 CC3FFE           (./generated-code/):00135 [3]     645             LDD #$3ffe
A144 EDC887           (./generated-code/):00136 [6]     651             STD -121,U
A147 10AEC4           (./generated-code/):00137 [6]     657             LDY ,U
A14A 3430             (./generated-code/):00138 [9]     666             PSHS Y,X
A14C A6C889           (./generated-code/):00139 [5]     671             LDA -119,U
A14F 3402             (./generated-code/):00140 [6]     677             PSHS A
A151 840F             (./generated-code/):00141 [2]     679             ANDA #$0F
A153 8AE0             (./generated-code/):00142 [2]     681             ORA #$e0
A155 A7C889           (./generated-code/):00143 [5]     686             STA -119,U
A158 A6C8B1           (./generated-code/):00144 [5]     691             LDA -79,U
A15B 3402             (./generated-code/):00145 [6]     697             PSHS A
A15D 840F             (./generated-code/):00146 [2]     699             ANDA #$0F
A15F 8A30             (./generated-code/):00147 [2]     701             ORA #$30
A161 A7C8B1           (./generated-code/):00148 [5]     706             STA -79,U
A164 A6C8D9           (./generated-code/):00149 [5]     711             LDA -39,U
A167 3402             (./generated-code/):00150 [6]     717             PSHS A
A169 840F             (./generated-code/):00151 [2]     719             ANDA #$0F
A16B 8AE0             (./generated-code/):00152 [2]     721             ORA #$e0
A16D A7C8D9           (./generated-code/):00153 [5]     726             STA -39,U
A170 A6C850           (./generated-code/):00154 [5]     731             LDA 80,U
A173 3402             (./generated-code/):00155 [6]     737             PSHS A
A175 84F0             (./generated-code/):00156 [2]     739             ANDA #$F0
A177 8A09             (./generated-code/):00157 [2]     741             ORA #$09
A179 A7C850           (./generated-code/):00158 [5]     746             STA 80,U
A17C A6C878           (./generated-code/):00159 [5]     751             LDA 120,U
A17F 3402             (./generated-code/):00160 [6]     757             PSHS A
A181 84F0             (./generated-code/):00161 [2]     759             ANDA #$F0
A183 8A09             (./generated-code/):00162 [2]     761             ORA #$09
A185 A7C878           (./generated-code/):00163 [5]     766             STA 120,U
A188 ECC8AF           (./generated-code/):00164 [6]     772             LDD -81,U
A18B 3406             (./generated-code/):00165 [7]     779             PSHS D
A18D 84F0             (./generated-code/):00166 [2]     781             ANDA #$F0
A18F 8A0E             (./generated-code/):00167 [2]     783             ORA #$0e
A191 C6E3             (./generated-code/):00168 [2]     785             LDB #$e3
A193 EDC8AF           (./generated-code/):00169 [6]     791             STD -81,U
A196 ECC8D7           (./generated-code/):00170 [6]     797             LDD -41,U
A199 3406             (./generated-code/):00171 [7]     804             PSHS D
A19B 84F0             (./generated-code/):00172 [2]     806             ANDA #$F0
A19D 8A0E             (./generated-code/):00173 [2]     808             ORA #$0e
A19F C6ED             (./generated-code/):00174 [2]     810             LDB #$ed
A1A1 EDC8D7           (./generated-code/):00175 [6]     816             STD -41,U
A1A4 CCAAEE           (./generated-code/):00176 [3]     819             LDD #$aaee
A1A7 EDC4             (./generated-code/):00177 [5]     824             STD ,U
A1A9 ECC828           (./generated-code/):00178 [6]     830             LDD 40,U
A1AC 3446             (./generated-code/):00179 [9]     839             PSHS U,D
A1AE 84F0             (./generated-code/):00180 [2]     841             ANDA #$F0
A1B0 C40F             (./generated-code/):00181 [2]     843             ANDB #$0F
A1B2 C309E0           (./generated-code/):00182 [4]     847             ADDD #$09e0
A1B5 EDC828           (./generated-code/):00183 [6]     853             STD 40,U
A1B8 33C900DC         (./generated-code/):00184 [8]     861             LEAU 220,U
                      (./generated-code/):00185                 
A1BC ECC8EB           (./generated-code/):00186 [6]     867             LDD -21,U
A1BF 3406             (./generated-code/):00187 [7]     874             PSHS D
A1C1 84F0             (./generated-code/):00188 [2]     876             ANDA #$F0
A1C3 C40F             (./generated-code/):00189 [2]     878             ANDB #$0F
A1C5 C309A0           (./generated-code/):00190 [4]     882             ADDD #$09a0
A1C8 EDC8EB           (./generated-code/):00191 [6]     888             STD -21,U
A1CB A6C8C4           (./generated-code/):00192 [5]     893             LDA -60,U
A1CE 3402             (./generated-code/):00193 [6]     899             PSHS A
A1D0 840F             (./generated-code/):00194 [2]     901             ANDA #$0F
A1D2 8AA0             (./generated-code/):00195 [2]     903             ORA #$a0
A1D4 A7C8C4           (./generated-code/):00196 [5]     908             STA -60,U
A1D7 AEC813           (./generated-code/):00197 [6]     914             LDX 19,U
A1DA CCE9FE           (./generated-code/):00198 [3]     917             LDD #$e9fe
A1DD EDC813           (./generated-code/):00199 [6]     923             STD 19,U
A1E0 10AEC83B         (./generated-code/):00200 [7]     930             LDY 59,U
A1E4 3470             (./generated-code/):00201 [11]    941             PSHS U,Y,X
A1E6 CCEEEE           (./generated-code/):00202 [3]     944             LDD #$eeee
A1E9 EDC83B           (./generated-code/):00203 [6]     950             STD 59,U
A1EC 33C900DA         (./generated-code/):00204 [8]     958             LEAU 218,U
                      (./generated-code/):00205                 
A1F0 A6C8DA           (./generated-code/):00206 [5]     963             LDA -38,U
A1F3 AEC889           (./generated-code/):00207 [6]     969             LDX -119,U
A1F6 10AEC8B1         (./generated-code/):00208 [7]     976             LDY -79,U
A1FA 3432             (./generated-code/):00209 [10]    986             PSHS Y,X,A
A1FC CCEEF3           (./generated-code/):00210 [3]     989             LDD #$eef3
A1FF EDC889           (./generated-code/):00211 [6]     995             STD -119,U
A202 CC3DBF           (./generated-code/):00212 [3]     998             LDD #$3dbf
A205 EDC8B1           (./generated-code/):00213 [6]     1004            STD -79,U
A208 ECC8D8           (./generated-code/):00214 [6]     1010            LDD -40,U
A20B 3406             (./generated-code/):00215 [7]     1017            PSHS D
A20D 84F0             (./generated-code/):00216 [2]     1019            ANDA #$F0
A20F 8A03             (./generated-code/):00217 [2]     1021            ORA #$03
A211 C6D3             (./generated-code/):00218 [2]     1023            LDB #$d3
A213 EDC8D8           (./generated-code/):00219 [6]     1029            STD -40,U
A216 86BE             (./generated-code/):00220 [2]     1031            LDA #$be
A218 A7C8DA           (./generated-code/):00221 [5]     1036            STA -38,U
A21B 3712             (./generated-code/):00222 [8]     1044            PULU A,X
A21D 3452             (./generated-code/):00223 [10]    1054            PSHS U,X,A
A21F 8633             (./generated-code/):00224 [2]     1056            LDA #$33
A221 8EDBBB           (./generated-code/):00225 [3]     1059            LDX #$dbbb
A224 3612             (./generated-code/):00226 [8]     1067            PSHU A,X
A226 33C828           (./generated-code/):00227 [5]     1072            LEAU 40,U
                      (./generated-code/):00228                 
A229 3712             (./generated-code/):00229 [8]     1080            PULU A,X
A22B 3452             (./generated-code/):00230 [10]    1090            PSHS U,X,A
A22D 86DD             (./generated-code/):00231 [2]     1092            LDA #$dd
A22F 8EDDDD           (./generated-code/):00232 [3]     1095            LDX #$dddd
A232 3612             (./generated-code/):00233 [8]     1103            PSHU A,X
                      (./generated-code/):00234                 
A234 DEFC             (./generated-code/):00235 [5]     1108            LDU <glb_screen_location_1
A236 33C9FDD1         (./generated-code/):00236 [8]     1116            LEAU -559,U
                      (./generated-code/):00237                 
A23A A6C8D8           (./generated-code/):00238 [5]     1121            LDA -40,U
A23D E6C4             (./generated-code/):00239 [4]     1125            LDB ,U
A23F AEC8AF           (./generated-code/):00240 [6]     1131            LDX -81,U
A242 3416             (./generated-code/):00241 [9]     1140            PSHS X,B,A
A244 ECC8D6           (./generated-code/):00242 [6]     1146            LDD -42,U
A247 3406             (./generated-code/):00243 [7]     1153            PSHS D
A249 84F0             (./generated-code/):00244 [2]     1155            ANDA #$F0
A24B 8A09             (./generated-code/):00245 [2]     1157            ORA #$09
A24D C6AA             (./generated-code/):00246 [2]     1159            LDB #$aa
A24F EDC8D6           (./generated-code/):00247 [6]     1165            STD -42,U
A252 EC5E             (./generated-code/):00248 [6]     1171            LDD -2,U
A254 3406             (./generated-code/):00249 [7]     1178            PSHS D
A256 84F0             (./generated-code/):00250 [2]     1180            ANDA #$F0
A258 8A09             (./generated-code/):00251 [2]     1182            ORA #$09
A25A C6AA             (./generated-code/):00252 [2]     1184            LDB #$aa
A25C ED5E             (./generated-code/):00253 [6]     1190            STD -2,U
A25E ECC826           (./generated-code/):00254 [6]     1196            LDD 38,U
A261 3406             (./generated-code/):00255 [7]     1203            PSHS D
A263 84F0             (./generated-code/):00256 [2]     1205            ANDA #$F0
A265 8A09             (./generated-code/):00257 [2]     1207            ORA #$09
A267 C6AA             (./generated-code/):00258 [2]     1209            LDB #$aa
A269 EDC826           (./generated-code/):00259 [6]     1215            STD 38,U
A26C ECC84E           (./generated-code/):00260 [6]     1221            LDD 78,U
A26F 3406             (./generated-code/):00261 [7]     1228            PSHS D
A271 84F0             (./generated-code/):00262 [2]     1230            ANDA #$F0
A273 8A09             (./generated-code/):00263 [2]     1232            ORA #$09
A275 C6AA             (./generated-code/):00264 [2]     1234            LDB #$aa
A277 EDC84E           (./generated-code/):00265 [6]     1240            STD 78,U
A27A ECC876           (./generated-code/):00266 [6]     1246            LDD 118,U
A27D 3406             (./generated-code/):00267 [7]     1253            PSHS D
A27F 84F0             (./generated-code/):00268 [2]     1255            ANDA #$F0
A281 8A0A             (./generated-code/):00269 [2]     1257            ORA #$0a
A283 C6AA             (./generated-code/):00270 [2]     1259            LDB #$aa
A285 EDC876           (./generated-code/):00271 [6]     1265            STD 118,U
A288 A6C888           (./generated-code/):00272 [5]     1270            LDA -120,U
A28B 3402             (./generated-code/):00273 [6]     1276            PSHS A
A28D 840F             (./generated-code/):00274 [2]     1278            ANDA #$0F
A28F 8AA0             (./generated-code/):00275 [2]     1280            ORA #$a0
A291 A7C888           (./generated-code/):00276 [5]     1285            STA -120,U
A294 A6C828           (./generated-code/):00277 [5]     1290            LDA 40,U
A297 3402             (./generated-code/):00278 [6]     1296            PSHS A
A299 840F             (./generated-code/):00279 [2]     1298            ANDA #$0F
A29B 8A90             (./generated-code/):00280 [2]     1300            ORA #$90
A29D A7C828           (./generated-code/):00281 [5]     1305            STA 40,U
A2A0 A6C850           (./generated-code/):00282 [5]     1310            LDA 80,U
A2A3 3402             (./generated-code/):00283 [6]     1316            PSHS A
A2A5 840F             (./generated-code/):00284 [2]     1318            ANDA #$0F
A2A7 8A90             (./generated-code/):00285 [2]     1320            ORA #$90
A2A9 A7C850           (./generated-code/):00286 [5]     1325            STA 80,U
A2AC A6C878           (./generated-code/):00287 [5]     1330            LDA 120,U
A2AF 3442             (./generated-code/):00288 [8]     1338            PSHS U,A
A2B1 840F             (./generated-code/):00289 [2]     1340            ANDA #$0F
A2B3 8AA0             (./generated-code/):00290 [2]     1342            ORA #$a0
A2B5 A7C878           (./generated-code/):00291 [5]     1347            STA 120,U
A2B8 8699             (./generated-code/):00292 [2]     1349            LDA #$99
A2BA A7C8D8           (./generated-code/):00293 [5]     1354            STA -40,U
A2BD A7C4             (./generated-code/):00294 [4]     1358            STA ,U
A2BF 86AA             (./generated-code/):00295 [2]     1360            LDA #$aa
A2C1 EDC8AF           (./generated-code/):00296 [6]     1366            STD -81,U
A2C4 33C90117         (./generated-code/):00297 [8]     1374            LEAU 279,U
                      (./generated-code/):00298                 
A2C8 A6C889           (./generated-code/):00299 [5]     1379            LDA -119,U
A2CB 3402             (./generated-code/):00300 [6]     1385            PSHS A
A2CD E7C889           (./generated-code/):00301 [5]     1390            STB -119,U
A2D0 ECC887           (./generated-code/):00302 [6]     1396            LDD -121,U
A2D3 3406             (./generated-code/):00303 [7]     1403            PSHS D
A2D5 84F0             (./generated-code/):00304 [2]     1405            ANDA #$F0
A2D7 8A0A             (./generated-code/):00305 [2]     1407            ORA #$0a
A2D9 C6AA             (./generated-code/):00306 [2]     1409            LDB #$aa
A2DB EDC887           (./generated-code/):00307 [6]     1415            STD -121,U
A2DE ECC8AF           (./generated-code/):00308 [6]     1421            LDD -81,U
A2E1 3406             (./generated-code/):00309 [7]     1428            PSHS D
A2E3 84F0             (./generated-code/):00310 [2]     1430            ANDA #$F0
A2E5 8A0A             (./generated-code/):00311 [2]     1432            ORA #$0a
A2E7 C6AA             (./generated-code/):00312 [2]     1434            LDB #$aa
A2E9 EDC8AF           (./generated-code/):00313 [6]     1440            STD -81,U
A2EC ECC8D7           (./generated-code/):00314 [6]     1446            LDD -41,U
A2EF 3406             (./generated-code/):00315 [7]     1453            PSHS D
A2F1 84F0             (./generated-code/):00316 [2]     1455            ANDA #$F0
A2F3 8A0A             (./generated-code/):00317 [2]     1457            ORA #$0a
A2F5 C6AF             (./generated-code/):00318 [2]     1459            LDB #$af
A2F7 EDC8D7           (./generated-code/):00319 [6]     1465            STD -41,U
A2FA EC5F             (./generated-code/):00320 [6]     1471            LDD -1,U
A2FC 3406             (./generated-code/):00321 [7]     1478            PSHS D
A2FE 84F0             (./generated-code/):00322 [2]     1480            ANDA #$F0
A300 8A0F             (./generated-code/):00323 [2]     1482            ORA #$0f
A302 C6AF             (./generated-code/):00324 [2]     1484            LDB #$af
A304 ED5F             (./generated-code/):00325 [6]     1490            STD -1,U
A306 ECC827           (./generated-code/):00326 [6]     1496            LDD 39,U
A309 3406             (./generated-code/):00327 [7]     1503            PSHS D
A30B 84F0             (./generated-code/):00328 [2]     1505            ANDA #$F0
A30D 8A0F             (./generated-code/):00329 [2]     1507            ORA #$0f
A30F C6FF             (./generated-code/):00330 [2]     1509            LDB #$ff
A311 EDC827           (./generated-code/):00331 [6]     1515            STD 39,U
A314 ECC84F           (./generated-code/):00332 [6]     1521            LDD 79,U
A317 3406             (./generated-code/):00333 [7]     1528            PSHS D
A319 84F0             (./generated-code/):00334 [2]     1530            ANDA #$F0
A31B 8A0F             (./generated-code/):00335 [2]     1532            ORA #$0f
A31D C6DF             (./generated-code/):00336 [2]     1534            LDB #$df
A31F EDC84F           (./generated-code/):00337 [6]     1540            STD 79,U
A322 ECC877           (./generated-code/):00338 [6]     1546            LDD 119,U
A325 3406             (./generated-code/):00339 [7]     1553            PSHS D
A327 84F0             (./generated-code/):00340 [2]     1555            ANDA #$F0
A329 8A0A             (./generated-code/):00341 [2]     1557            ORA #$0a
A32B C6DF             (./generated-code/):00342 [2]     1559            LDB #$df
A32D EDC877           (./generated-code/):00343 [6]     1565            STD 119,U
A330 A6C829           (./generated-code/):00344 [5]     1570            LDA 41,U
A333 E6C879           (./generated-code/):00345 [5]     1575            LDB 121,U
A336 3406             (./generated-code/):00346 [7]     1582            PSHS B,A
A338 C40F             (./generated-code/):00347 [2]     1584            ANDB #$0F
A33A CA90             (./generated-code/):00348 [2]     1586            ORB #$90
A33C E7C879           (./generated-code/):00349 [5]     1591            STB 121,U
A33F A641             (./generated-code/):00350 [5]     1596            LDA 1,U
A341 E6C8D9           (./generated-code/):00351 [5]     1601            LDB -39,U
A344 3406             (./generated-code/):00352 [7]     1608            PSHS B,A
A346 A6C851           (./generated-code/):00353 [5]     1613            LDA 81,U
A349 E6C8B1           (./generated-code/):00354 [5]     1618            LDB -79,U
A34C 3446             (./generated-code/):00355 [9]     1627            PSHS U,B,A
A34E 8699             (./generated-code/):00356 [2]     1629            LDA #$99
A350 A741             (./generated-code/):00357 [5]     1634            STA 1,U
A352 A7C829           (./generated-code/):00358 [5]     1639            STA 41,U
A355 A7C851           (./generated-code/):00359 [5]     1644            STA 81,U
A358 86A9             (./generated-code/):00360 [2]     1646            LDA #$a9
A35A A7C8B1           (./generated-code/):00361 [5]     1651            STA -79,U
A35D A7C8D9           (./generated-code/):00362 [5]     1656            STA -39,U
A360 33C90118         (./generated-code/):00363 [8]     1664            LEAU 280,U
                      (./generated-code/):00364                 
A364 ECC850           (./generated-code/):00365 [6]     1670            LDD 80,U
A367 3406             (./generated-code/):00366 [7]     1677            PSHS D
A369 8633             (./generated-code/):00367 [2]     1679            LDA #$33
A36B C40F             (./generated-code/):00368 [2]     1681            ANDB #$0F
A36D CAC0             (./generated-code/):00369 [2]     1683            ORB #$c0
A36F EDC850           (./generated-code/):00370 [6]     1689            STD 80,U
A372 ECC887           (./generated-code/):00371 [6]     1695            LDD -121,U
A375 3406             (./generated-code/):00372 [7]     1702            PSHS D
A377 84F0             (./generated-code/):00373 [2]     1704            ANDA #$F0
A379 8A0E             (./generated-code/):00374 [2]     1706            ORA #$0e
A37B C6DF             (./generated-code/):00375 [2]     1708            LDB #$df
A37D EDC887           (./generated-code/):00376 [6]     1714            STD -121,U
A380 ECC8AF           (./generated-code/):00377 [6]     1720            LDD -81,U
A383 3406             (./generated-code/):00378 [7]     1727            PSHS D
A385 84F0             (./generated-code/):00379 [2]     1729            ANDA #$F0
A387 8A0E             (./generated-code/):00380 [2]     1731            ORA #$0e
A389 C6EF             (./generated-code/):00381 [2]     1733            LDB #$ef
A38B EDC8AF           (./generated-code/):00382 [6]     1739            STD -81,U
A38E A6C889           (./generated-code/):00383 [5]     1744            LDA -119,U
A391 E6C8B1           (./generated-code/):00384 [5]     1749            LDB -79,U
A394 AEC828           (./generated-code/):00385 [6]     1755            LDX 40,U
A397 10AEC878         (./generated-code/):00386 [7]     1762            LDY 120,U
A39B 3436             (./generated-code/):00387 [11]    1773            PSHS Y,X,B,A
A39D ECC4             (./generated-code/):00388 [5]     1778            LDD ,U
A39F AEC8D8           (./generated-code/):00389 [6]     1784            LDX -40,U
A3A2 3456             (./generated-code/):00390 [11]    1795            PSHS U,X,D
A3A4 CCEEEC           (./generated-code/):00391 [3]     1798            LDD #$eeec
A3A7 EDC878           (./generated-code/):00392 [6]     1804            STD 120,U
A3AA C699             (./generated-code/):00393 [2]     1806            LDB #$99
A3AC EDC828           (./generated-code/):00394 [6]     1812            STD 40,U
A3AF 86CC             (./generated-code/):00395 [2]     1814            LDA #$cc
A3B1 EDC8D8           (./generated-code/):00396 [6]     1820            STD -40,U
A3B4 EDC4             (./generated-code/):00397 [5]     1825            STD ,U
A3B6 E7C889           (./generated-code/):00398 [5]     1830            STB -119,U
A3B9 E7C8B1           (./generated-code/):00399 [5]     1835            STB -79,U
A3BC 33C90118         (./generated-code/):00400 [8]     1843            LEAU 280,U
                      (./generated-code/):00401                 
A3C0 ECC850           (./generated-code/):00402 [6]     1849            LDD 80,U
A3C3 3406             (./generated-code/):00403 [7]     1856            PSHS D
A3C5 84F0             (./generated-code/):00404 [2]     1858            ANDA #$F0
A3C7 8A09             (./generated-code/):00405 [2]     1860            ORA #$09
A3C9 C6DE             (./generated-code/):00406 [2]     1862            LDB #$de
A3CB EDC850           (./generated-code/):00407 [6]     1868            STD 80,U
A3CE AEC8D8           (./generated-code/):00408 [6]     1874            LDX -40,U
A3D1 10AEC888         (./generated-code/):00409 [7]     1881            LDY -120,U
A3D5 3430             (./generated-code/):00410 [9]     1890            PSHS Y,X
A3D7 ECC4             (./generated-code/):00411 [5]     1895            LDD ,U
A3D9 AEC8B0           (./generated-code/):00412 [6]     1901            LDX -80,U
A3DC 10AEC828         (./generated-code/):00413 [7]     1908            LDY 40,U
A3E0 3436             (./generated-code/):00414 [11]    1919            PSHS Y,X,D
A3E2 CCFFED           (./generated-code/):00415 [3]     1922            LDD #$ffed
A3E5 EDC8B0           (./generated-code/):00416 [6]     1928            STD -80,U
A3E8 CCEFFE           (./generated-code/):00417 [3]     1931            LDD #$effe
A3EB EDC8D8           (./generated-code/):00418 [6]     1937            STD -40,U
A3EE CCDEEF           (./generated-code/):00419 [3]     1940            LDD #$deef
A3F1 EDC828           (./generated-code/):00420 [6]     1946            STD 40,U
A3F4 ECC878           (./generated-code/):00421 [6]     1952            LDD 120,U
A3F7 3446             (./generated-code/):00422 [9]     1961            PSHS U,D
A3F9 869D             (./generated-code/):00423 [2]     1963            LDA #$9d
A3FB C4F0             (./generated-code/):00424 [2]     1965            ANDB #$F0
A3FD CA09             (./generated-code/):00425 [2]     1967            ORB #$09
A3FF EDC878           (./generated-code/):00426 [6]     1973            STD 120,U
A402 CCEEF3           (./generated-code/):00427 [3]     1976            LDD #$eef3
A405 EDC4             (./generated-code/):00428 [5]     1981            STD ,U
A407 CCFE9E           (./generated-code/):00429 [3]     1984            LDD #$fe9e
A40A EDC888           (./generated-code/):00430 [6]     1990            STD -120,U
A40D 33C90119         (./generated-code/):00431 [8]     1998            LEAU 281,U
                      (./generated-code/):00432                 
A411 ECC84E           (./generated-code/):00433 [6]     2004            LDD 78,U
A414 3406             (./generated-code/):00434 [7]     2011            PSHS D
A416 84F0             (./generated-code/):00435 [2]     2013            ANDA #$F0
A418 C4F0             (./generated-code/):00436 [2]     2015            ANDB #$F0
A41A C30E0F           (./generated-code/):00437 [4]     2019            ADDD #$0e0f
A41D EDC84E           (./generated-code/):00438 [6]     2025            STD 78,U
A420 AEC876           (./generated-code/):00439 [6]     2031            LDX 118,U
A423 3410             (./generated-code/):00440 [7]     2038            PSHS X
A425 A6C887           (./generated-code/):00441 [5]     2043            LDA -121,U
A428 3402             (./generated-code/):00442 [6]     2049            PSHS A
A42A 840F             (./generated-code/):00443 [2]     2051            ANDA #$0F
A42C 8A90             (./generated-code/):00444 [2]     2053            ORA #$90
A42E A7C887           (./generated-code/):00445 [5]     2058            STA -121,U
A431 A6C8AF           (./generated-code/):00446 [5]     2063            LDA -81,U
A434 3402             (./generated-code/):00447 [6]     2069            PSHS A
A436 840F             (./generated-code/):00448 [2]     2071            ANDA #$0F
A438 8A90             (./generated-code/):00449 [2]     2073            ORA #$90
A43A A7C8AF           (./generated-code/):00450 [5]     2078            STA -81,U
A43D A6C8D7           (./generated-code/):00451 [5]     2083            LDA -41,U
A440 3402             (./generated-code/):00452 [6]     2089            PSHS A
A442 840F             (./generated-code/):00453 [2]     2091            ANDA #$0F
A444 8AD0             (./generated-code/):00454 [2]     2093            ORA #$d0
A446 A7C8D7           (./generated-code/):00455 [5]     2098            STA -41,U
A449 A6C827           (./generated-code/):00456 [5]     2103            LDA 39,U
A44C 3402             (./generated-code/):00457 [6]     2109            PSHS A
A44E 840F             (./generated-code/):00458 [2]     2111            ANDA #$0F
A450 8AD0             (./generated-code/):00459 [2]     2113            ORA #$d0
A452 A7C827           (./generated-code/):00460 [5]     2118            STA 39,U
A455 A6C878           (./generated-code/):00461 [5]     2123            LDA 120,U
A458 3442             (./generated-code/):00462 [8]     2131            PSHS U,A
A45A 840F             (./generated-code/):00463 [2]     2133            ANDA #$0F
A45C 8AD0             (./generated-code/):00464 [2]     2135            ORA #$d0
A45E A7C878           (./generated-code/):00465 [5]     2140            STA 120,U
A461 CCE33B           (./generated-code/):00466 [3]     2143            LDD #$e33b
A464 EDC876           (./generated-code/):00467 [6]     2149            STD 118,U
A467 33C900C7         (./generated-code/):00468 [8]     2157            LEAU 199,U
                      (./generated-code/):00469                 
A46B AEC8D7           (./generated-code/):00470 [6]     2163            LDX -41,U
A46E 3410             (./generated-code/):00471 [7]     2170            PSHS X
A470 C6BB             (./generated-code/):00472 [2]     2172            LDB #$bb
A472 EDC8D7           (./generated-code/):00473 [6]     2178            STD -41,U
A475 A6C8D9           (./generated-code/):00474 [5]     2183            LDA -39,U
A478 3402             (./generated-code/):00475 [6]     2189            PSHS A
A47A 840F             (./generated-code/):00476 [2]     2191            ANDA #$0F
A47C 8AD0             (./generated-code/):00477 [2]     2193            ORA #$d0
A47E A7C8D9           (./generated-code/):00478 [5]     2198            STA -39,U
A481 A641             (./generated-code/):00479 [5]     2203            LDA 1,U
A483 3402             (./generated-code/):00480 [6]     2209            PSHS A
A485 840F             (./generated-code/):00481 [2]     2211            ANDA #$0F
A487 8AD0             (./generated-code/):00482 [2]     2213            ORA #$d0
A489 A741             (./generated-code/):00483 [5]     2218            STA 1,U
A48B A6C829           (./generated-code/):00484 [5]     2223            LDA 41,U
A48E 3402             (./generated-code/):00485 [6]     2229            PSHS A
A490 840F             (./generated-code/):00486 [2]     2231            ANDA #$0F
A492 8AD0             (./generated-code/):00487 [2]     2233            ORA #$d0
A494 A7C829           (./generated-code/):00488 [5]     2238            STA 41,U
A497 AE5F             (./generated-code/):00489 [6]     2244            LDX -1,U
A499 CC3EBB           (./generated-code/):00490 [3]     2247            LDD #$3ebb
A49C ED5F             (./generated-code/):00491 [6]     2253            STD -1,U
A49E 10AEC827         (./generated-code/):00492 [7]     2260            LDY 39,U
A4A2 3470             (./generated-code/):00493 [11]    2271            PSHS U,Y,X
A4A4 CCDDDD           (./generated-code/):00494 [3]     2274            LDD #$dddd
A4A7 EDC827           (./generated-code/):00495 [6]     2280            STD 39,U
A4AA 33E4             (./generated-code/):00496 [4]     2284            LEAU ,S
A4AC                  (./generated-code/):00497                 SSAV_Img_sonic_006_0
A4AC 10FE9FFE         (./generated-code/):00498 [7]     2291            LDS glb_register_s
A4B0 39               (./generated-code/):00499 [5]     2296            RTS
                      (./generated-code/):00500                 
