                      (./generated-code/):00001                 INCLUDE "./Engine/Constants.asm"
                      (./Engine/Constant):00001         * ---------------------------------------------------------------------------
                      (./Engine/Constant):00002         * Constants
                      (./Engine/Constant):00003         *
                      (./Engine/Constant):00004         * Naming convention
                      (./Engine/Constant):00005         * -----------------
                      (./Engine/Constant):00006         * - lower case
                      (./Engine/Constant):00007         * - underscore-separated names
                      (./Engine/Constant):00008         *
                      (./Engine/Constant):00009         * ---------------------------------------------------------------------------
                      (./Engine/Constant):00010         
                      (./Engine/Constant):00011         * ===========================================================================
                      (./Engine/Constant):00012         * TO8 Registers
                      (./Engine/Constant):00013         * ===========================================================================
                      (./Engine/Constant):00014         
                      (./Engine/Constant):00015         ; Disk routine registers (ROM)
                      (./Engine/Constant):00016         
     6049             (./Engine/Constant):00017         dk_drive                      equ $6049
     604A             (./Engine/Constant):00018         dk_track                      equ $604A
     604B             (./Engine/Constant):00019         dk_track_lsb                  equ $604B
     604C             (./Engine/Constant):00020         dk_sector                     equ $604C
     604F             (./Engine/Constant):00021         dk_write_location             equ $604F
                      (./Engine/Constant):00022         
                      (./Engine/Constant):00023         * ===========================================================================
                      (./Engine/Constant):00024         * Globals
                      (./Engine/Constant):00025         * ===========================================================================
                      (./Engine/Constant):00026         
     009F             (./Engine/Constant):00027         glb_direct_page               equ $9F    ; direct page for globals
                      (./Engine/Constant):00028         
                      (./Engine/Constant):00029         ; compilated sprite
     9FFE             (./Engine/Constant):00030         glb_register_s                equ $9FFE  ; reverved space to store S from ROM routines
                      (./Engine/Constant):00031         
                      (./Engine/Constant):00032         ; DrawSprites
     9FFC             (./Engine/Constant):00033         glb_screen_location_1         equ $9FFC  ; start address for rendering of current sprite Part1     
     9FFA             (./Engine/Constant):00034         glb_screen_location_2         equ $9FFA  ; start address for rendering of current sprite Part2 (Must follow Part1)
                      (./Engine/Constant):00035         
                      (./Engine/Constant):00036         ; CheckSpritesRefresh
     9FF9             (./Engine/Constant):00037         glb_cur_priority              equ $9FF9
     9FF7             (./Engine/Constant):00038         glb_cur_ptr_sub_obj_erase     equ $9FF7
     9FF5             (./Engine/Constant):00039         glb_cur_ptr_sub_obj_draw      equ $9FF5
     9FF3             (./Engine/Constant):00040         glb_camera_x_pos              equ $9FF3 ; camera x position in palyfield coordinates
     9FF1             (./Engine/Constant):00041         glb_camera_y_pos              equ $9FF1 ; camera y position in palyfield coordinates
     9FEF             (./Engine/Constant):00042         glb_camera_x_min_pos          equ $9FEF
     9FED             (./Engine/Constant):00043         glb_camera_y_min_pos          equ $9FED
     9FEB             (./Engine/Constant):00044         glb_camera_x_max_pos          equ $9FEB
     9FE9             (./Engine/Constant):00045         glb_camera_y_max_pos          equ $9FE9
     9FE8             (./Engine/Constant):00046         glb_force_sprite_refresh      equ $9FE8
     9FE7             (./Engine/Constant):00047         glb_camera_move               equ $9FE7
     9FE6             (./Engine/Constant):00048         glb_alphaTiles                equ $9FE6
     9F00             (./Engine/Constant):00049         glb_tmp_var                   equ $9F00 ; custom tmp var space for routine
     9F00             (./Engine/Constant):00050         glb_system_stack              equ $9F00
                      (./Engine/Constant):00051         
                      (./Engine/Constant):00052         * ===========================================================================
                      (./Engine/Constant):00053         * Display Constants
                      (./Engine/Constant):00054         * ===========================================================================
                      (./Engine/Constant):00055         
     00A0             (./Engine/Constant):00056         screen_width                  equ 160    ; in pixel
     001C             (./Engine/Constant):00057         screen_top                    equ 28     ; in pixel
     00E3             (./Engine/Constant):00058         screen_bottom                 equ 28+199 ; in pixel
     0030             (./Engine/Constant):00059         screen_left                   equ 48     ; in pixel
     00CF             (./Engine/Constant):00060         screen_right                  equ 48+159 ; in pixel
     0008             (./Engine/Constant):00061         nb_priority_levels            equ 8      ; number of priority levels (need code change if modified)
                      (./Engine/Constant):00062         
                      (./Engine/Constant):00063         * ===========================================================================
                      (./Engine/Constant):00064         * Images Constants
                      (./Engine/Constant):00065         * ===========================================================================
                      (./Engine/Constant):00066         
     0004             (./Engine/Constant):00067         image_x_size                  equ 4
     0005             (./Engine/Constant):00068         image_y_size                  equ 5
     0006             (./Engine/Constant):00069         image_center_offset           equ 6
                      (./Engine/Constant):00070         
     0004             (./Engine/Constant):00071         image_subset_x1_offset        equ 4
     0005             (./Engine/Constant):00072         image_subset_y1_offset        equ 5
                      (./Engine/Constant):00073         
     0000             (./Engine/Constant):00074         page_draw_routine             equ 0
     0001             (./Engine/Constant):00075         draw_routine                  equ 1
     0003             (./Engine/Constant):00076         page_erase_routine            equ 3
     0004             (./Engine/Constant):00077         erase_routine                 equ 4
     0006             (./Engine/Constant):00078         erase_nb_cell                 equ 6
                      (./Engine/Constant):00079         
                      (./Engine/Constant):00080         * ===========================================================================
                      (./Engine/Constant):00081         * Sound Constants
                      (./Engine/Constant):00082         * ===========================================================================
                      (./Engine/Constant):00083         
     0000             (./Engine/Constant):00084         sound_page        equ 0
     0001             (./Engine/Constant):00085         sound_start_addr  equ 1
     0003             (./Engine/Constant):00086         sound_end_addr    equ 3
     0005             (./Engine/Constant):00087         sound_meta_size   equ 5
                      (./Engine/Constant):00088         
                      (./Engine/Constant):00089         * ===========================================================================
                      (./Engine/Constant):00090         * Object Constants
                      (./Engine/Constant):00091         * ===========================================================================
                      (./Engine/Constant):00092         
     005D             (./Engine/Constant):00093         object_core_size              equ 93  ; the size of an object without ext_vars - DEPENDENCY ClearObj routine
     ????             (./Engine/Constant):00094         object_size                   equ object_core_size+ext_variables_size ; the size of a dynamic object
     ????             (./Engine/Constant):00095         next_object                   equ object_size
     005D             (./Engine/Constant):00096         ext_variables                 equ object_core_size ; start of reserved space for additionnal variables
                      (./Engine/Constant):00097         
     0000             (./Engine/Constant):00098         id                            equ 0           ; reference to object model id (ObjID_) (0: free slot)
     0001             (./Engine/Constant):00099         subtype                       equ 1           ; reference to object subtype (Sub_)
     0002             (./Engine/Constant):00100         render_flags                  equ 2
                      (./Engine/Constant):00101         
                      (./Engine/Constant):00102         * --- render_flags bitfield variables ---
     0001             (./Engine/Constant):00103         render_xmirror_mask           equ $01 ; (bit 0) DEPENDENCY should be bit 0 - tell display engine to mirror sprite on horizontal axis
     0002             (./Engine/Constant):00104         render_ymirror_mask           equ $02 ; (bit 1) DEPENDENCY should be bit 1 - tell display engine to mirror sprite on vertical axis
     0004             (./Engine/Constant):00105         render_overlay_mask           equ $04 ; (bit 2) DEPENDENCY should be bit 2 - compilated sprite with no background save
     0008             (./Engine/Constant):00106         render_motionless_mask        equ $08 ; (bit 3) tell display engine to compute sub image and position check only once until the flag is removed  
     0010             (./Engine/Constant):00107         render_playfieldcoord_mask    equ $10 ; (bit 4) tell display engine to use playfield (1) or screen (0) coordinates
     0020             (./Engine/Constant):00108         render_hide_mask              equ $20 ; (bit 5) tell display engine to hide sprite (keep priority and mapping_frame)
     0040             (./Engine/Constant):00109         render_todelete_mask          equ $40 ; (bit 6) tell display engine to delete sprite and clear OST for this object
     0080             (./Engine/Constant):00110         render_xloop_mask             equ $80 ; (bit 7) (screen coordinate) tell display engine to hide sprite when x is out of screen (0) or to display (1)  
                      (./Engine/Constant):00111          
     0003             (./Engine/Constant):00112         priority                      equ 3           ; display priority (0: nothing to display, 1:front, ..., 8:back)
     0004             (./Engine/Constant):00113         anim                          equ 4  ; and 5  ; reference to current animation (Ani_)
     0006             (./Engine/Constant):00114         prev_anim                     equ 6  ; and 7  ; reference to previous animation (Ani_)
     0008             (./Engine/Constant):00115         anim_frame                    equ 8           ; index of current frame in animation
     0009             (./Engine/Constant):00116         anim_frame_duration           equ 9           ; number of frames for each image in animation, range: 00-7F (0-127), 0 means display only during one frame
     000A             (./Engine/Constant):00117         anim_flags                    equ 10          ; byte offset to reference an anim_flags LUT (adv) / store a link flag (non adv)
                      (./Engine/Constant):00118         
                      (./Engine/Constant):00119         * --- anim_flags bitfield variables ---
     0001             (./Engine/Constant):00120         anim_link_mask                equ $01 ; (bit 0) if set, allow the load of a new animation without reseting anim_frame and anim_frame_duration
                      (./Engine/Constant):00121         
     000B             (./Engine/Constant):00122         status_flags                  equ 11          ; orientation of sprite, is applied to animation xmirror flag during AnimateSprite
                      (./Engine/Constant):00123         
                      (./Engine/Constant):00124         * --- status_flags bitfield variables ---
     0001             (./Engine/Constant):00125         status_xflip_mask             equ $01 ; (bit 0) X Flip
     0002             (./Engine/Constant):00126         status_yflip_mask             equ $02 ; (bit 1) Y Flip
                      (./Engine/Constant):00127         
     000C             (./Engine/Constant):00128         image_set                     equ 12 ; and 13 ; reference to current image (Img_) (0000 if no image)
     000E             (./Engine/Constant):00129         x_pos                         equ 14 ; and 15 ; x playfield coordinate
     0010             (./Engine/Constant):00130         x_sub                         equ 16          ; x subpixel (1/256 of a pixel), must follow x_pos in data structure
     0011             (./Engine/Constant):00131         y_pos                         equ 17 ; and 18 ; y playfield coordinate
     0013             (./Engine/Constant):00132         y_sub                         equ 19          ; y subpixel (1/256 of a pixel), must follow y_pos in data structure
     0014             (./Engine/Constant):00133         xy_pixel                      equ 20          ; x and y screen coordinate
     0014             (./Engine/Constant):00134         x_pixel                       equ 20          ; x screen coordinate
     0015             (./Engine/Constant):00135         y_pixel                       equ 21          ; y screen coordinate, must follow x_pixel
                      (./Engine/Constant):00136         ;x_offset                      equ 93          ; x screen coordinate offset that is applied at rendering
                      (./Engine/Constant):00137         ;y_offset                      equ 94          ; x screen coordinate offset that is applied at rendering
     0016             (./Engine/Constant):00138         x_vel                         equ 22 ; and 23 ; horizontal velocity
     0018             (./Engine/Constant):00139         y_vel                         equ 24 ; and 25 ; vertical velocity
     001A             (./Engine/Constant):00140         x_acl                         equ 26 ; and 27 ; horizontal gravity
     001C             (./Engine/Constant):00141         y_acl                         equ 28 ; and 29 ; vertical gravity
     001E             (./Engine/Constant):00142         routine                       equ 30          ; index of current object routine
     001F             (./Engine/Constant):00143         routine_secondary             equ 31          ; index of current secondary routine
     0020             (./Engine/Constant):00144         routine_tertiary              equ 32          ; index of current tertiary routine
     0021             (./Engine/Constant):00145         routine_quaternary            equ 33          ; index of current quaternary routine
                      (./Engine/Constant):00146         
                      (./Engine/Constant):00147         * ---------------------------------------------------------------------------
                      (./Engine/Constant):00148         * reserved variables (update by engine)
                      (./Engine/Constant):00149         
     0022             (./Engine/Constant):00150         rsv_render_flags              equ 34
                      (./Engine/Constant):00151         
                      (./Engine/Constant):00152         * --- rsv_render_flags bitfield variables ---
     0001             (./Engine/Constant):00153         rsv_render_checkrefresh_mask  equ $01 ; (bit 0) if erasesprite and display sprite flag are processed for this frame
     0002             (./Engine/Constant):00154         rsv_render_erasesprite_mask   equ $02 ; (bit 1) if a sprite need to be cleared on screen
     0004             (./Engine/Constant):00155         rsv_render_displaysprite_mask equ $04 ; (bit 2) if a sprite need to be rendered on screen
     0008             (./Engine/Constant):00156         rsv_render_outofrange_mask    equ $08 ; (bit 3) if a sprite is out of range for full rendering in screen
     0080             (./Engine/Constant):00157         rsv_render_onscreen_mask      equ $80 ; (bit 7) DEPENDENCY should be bit 7 - has been rendered on last screen buffer (may be 0 or 1)
                      (./Engine/Constant):00158         
     0023             (./Engine/Constant):00159         rsv_prev_anim                 equ 35 ; and 36 ; reference to previous animation (Ani_) w * UTILE ?
     0025             (./Engine/Constant):00160         rsv_image_center_offset       equ 37 ; 0 or 1 offset that indicate if image center is even or odd (DRS_XYToAddress)
     0026             (./Engine/Constant):00161         rsv_image_subset              equ 38 ; and 39 ; reference to current image regarding mirror flags w
     0028             (./Engine/Constant):00162         rsv_mapping_frame             equ 40 ; and 41 ; reference to current image regarding mirror flags, overlay flag and x precision w
     002A             (./Engine/Constant):00163         rsv_erase_nb_cell             equ 42 ; b 
     002B             (./Engine/Constant):00164         rsv_page_draw_routine         equ 43 ; b
     002C             (./Engine/Constant):00165         rsv_draw_routine              equ 44 ; and 45 ; w
     002E             (./Engine/Constant):00166         rsv_page_erase_routine        equ 46 ; b
     002F             (./Engine/Constant):00167         rsv_erase_routine             equ 47 ; and 48 ; w 
     0031             (./Engine/Constant):00168         rsv_xy1_pixel                 equ 49 ;
     0031             (./Engine/Constant):00169         rsv_x1_pixel                  equ 49 ; x+x_offset-(x_size/2) screen coordinate
     0032             (./Engine/Constant):00170         rsv_y1_pixel                  equ 50 ; y+y_offset-(y_size/2) screen coordinate, must follow rsv_x1_pixel
     0033             (./Engine/Constant):00171         rsv_xy2_pixel                 equ 51 ;
     0033             (./Engine/Constant):00172         rsv_x2_pixel                  equ 51 ; x+x_offset+(x_size/2) screen coordinate
     0034             (./Engine/Constant):00173         rsv_y2_pixel                  equ 52 ; y+y_offset+(y_size/2) screen coordinate, must follow rsv_x2_pixel
                      (./Engine/Constant):00174         
                      (./Engine/Constant):00175         * ---------------------------------------------------------------------------
                      (./Engine/Constant):00176         * reserved variables (engine) - buffer specific
                      (./Engine/Constant):00177         
     0035             (./Engine/Constant):00178         rsv_buffer_0                  equ 53 ; Start index of buffer 0 variables
     0035             (./Engine/Constant):00179         rsv_priority_0                equ 53 ; internal value that hold priority in video buffer 0
     0036             (./Engine/Constant):00180         rsv_priority_prev_obj_0       equ 54 ; and 55 ; previous object (OST address) in display priority list for video buffer 0 (0000 if none) w
     0038             (./Engine/Constant):00181         rsv_priority_next_obj_0       equ 56 ; and 57 ; next object (OST address) in display priority list for video buffer 0 (0000 if none) w
     003A             (./Engine/Constant):00182         rsv_prev_mapping_frame_0      equ 58 ; and 59 ; reference to previous image in video buffer 0 w
     003C             (./Engine/Constant):00183         rsv_prev_erase_nb_cell_0      equ 60 : b
     003D             (./Engine/Constant):00184         rsv_prev_page_erase_routine_0 equ 61 ; b
     003E             (./Engine/Constant):00185         rsv_prev_erase_routine_0      equ 62 ; and 63 ; w
     0040             (./Engine/Constant):00186         rsv_bgdata_0                  equ 64 ; and 65 ; address of background data in screen 0 w
     0042             (./Engine/Constant):00187         rsv_prev_xy_pixel_0           equ 66 ;
     0042             (./Engine/Constant):00188         rsv_prev_x_pixel_0            equ 66 ; previous x screen coordinate b
     0043             (./Engine/Constant):00189         rsv_prev_y_pixel_0            equ 67 ; previous y screen coordinate b, must follow x_pixel
     0044             (./Engine/Constant):00190         rsv_prev_xy1_pixel_0          equ 68 ;
     0044             (./Engine/Constant):00191         rsv_prev_x1_pixel_0           equ 68 ; previous x+x_offset-(x_size/2) screen coordinate b
     0045             (./Engine/Constant):00192         rsv_prev_y1_pixel_0           equ 69 ; previous y+y_offset-(y_size/2) screen coordinate b, must follow x1_pixel
     0046             (./Engine/Constant):00193         rsv_prev_xy2_pixel_0          equ 70 ;
     0046             (./Engine/Constant):00194         rsv_prev_x2_pixel_0           equ 70 ; previous x+x_offset+(x_size/2) screen coordinate b
     0047             (./Engine/Constant):00195         rsv_prev_y2_pixel_0           equ 71 ; previous y+y_offset+(y_size/2) screen coordinate b, must follow x2_pixel
     0048             (./Engine/Constant):00196         rsv_prev_render_flags_0       equ 72 ;
                      (./Engine/Constant):00197         * --- rsv_prev_render_flags_0 bitfield variables ---
     0001             (./Engine/Constant):00198         rsv_prev_render_overlay_mask  equ $01 ; (bit 0) if a sprite has been rendered with compilated sprite and no background save on screen buffer 0/1
     0080             (./Engine/Constant):00199         rsv_prev_render_onscreen_mask equ $80 ; (bit 7) DEPENDENCY should be bit 7 - has been rendered on screen buffer 0/1
                      (./Engine/Constant):00200         
     0049             (./Engine/Constant):00201         rsv_buffer_1                  equ 73 ; Start index of buffer 1 variables
     0049             (./Engine/Constant):00202         rsv_priority_1                equ 73 ; internal value that hold priority in video buffer 1
     004A             (./Engine/Constant):00203         rsv_priority_prev_obj_1       equ 74 ; and 75 ; previous object (OST address) in display priority list for video buffer 1 (0000 if none) w
     004C             (./Engine/Constant):00204         rsv_priority_next_obj_1       equ 76 ; and 77 ; next object (OST address) in display priority list for video buffer 1 (0000 if none) w
     004E             (./Engine/Constant):00205         rsv_prev_mapping_frame_1      equ 78 ; and 79 ; reference to previous image in video buffer 1 w
     0050             (./Engine/Constant):00206         rsv_prev_erase_nb_cell_1      equ 80 ; b
     0051             (./Engine/Constant):00207         rsv_prev_page_erase_routine_1 equ 81 ; b
     0052             (./Engine/Constant):00208         rsv_prev_erase_routine_1      equ 82 ; and 83 ; w
     0054             (./Engine/Constant):00209         rsv_bgdata_1                  equ 84 ; and 85 ; address of background data in screen 1 w
     0056             (./Engine/Constant):00210         rsv_prev_xy_pixel_1           equ 86 ;
     0056             (./Engine/Constant):00211         rsv_prev_x_pixel_1            equ 86 ; previous x screen coordinate b
     0057             (./Engine/Constant):00212         rsv_prev_y_pixel_1            equ 87 ; previous y screen coordinate b, must follow x_pixel
     0058             (./Engine/Constant):00213         rsv_prev_xy1_pixel_1          equ 88 ;
     0058             (./Engine/Constant):00214         rsv_prev_x1_pixel_1           equ 88 ; previous x+x_size screen coordinate b
     0059             (./Engine/Constant):00215         rsv_prev_y1_pixel_1           equ 89 ; previous y+y_size screen coordinate b, must follow x_pixel
     005A             (./Engine/Constant):00216         rsv_prev_xy2_pixel_1          equ 90 ;
     005A             (./Engine/Constant):00217         rsv_prev_x2_pixel_1           equ 90 ; previous x+x_size screen coordinate b
     005B             (./Engine/Constant):00218         rsv_prev_y2_pixel_1           equ 91 ; previous y+y_size screen coordinate b, must follow x_pixel
     005C             (./Engine/Constant):00219         rsv_prev_render_flags_1       equ 92 ;
                      (./Engine/Constant):00220         
     0000             (./Engine/Constant):00221         buf_priority                  equ 0  ; offset for each rsv_buffer variables
     0001             (./Engine/Constant):00222         buf_priority_prev_obj         equ 1  ;
     0003             (./Engine/Constant):00223         buf_priority_next_obj         equ 3  ;
     0005             (./Engine/Constant):00224         buf_prev_mapping_frame        equ 5  ;
     0007             (./Engine/Constant):00225         buf_erase_nb_cell             equ 7  ;
     0008             (./Engine/Constant):00226         buf_page_erase_routine        equ 8 ;
     0009             (./Engine/Constant):00227         buf_erase_routine             equ 9 ;
     000B             (./Engine/Constant):00228         buf_bgdata                    equ 11 ;
     000D             (./Engine/Constant):00229         buf_prev_xy_pixel             equ 13 ;
     000D             (./Engine/Constant):00230         buf_prev_x_pixel              equ 13 ;
     000E             (./Engine/Constant):00231         buf_prev_y_pixel              equ 14 ;
     000F             (./Engine/Constant):00232         buf_prev_xy1_pixel            equ 15 ;
     000F             (./Engine/Constant):00233         buf_prev_x1_pixel             equ 15 ;
     0010             (./Engine/Constant):00234         buf_prev_y1_pixel             equ 16 ;
     0011             (./Engine/Constant):00235         buf_prev_xy2_pixel            equ 17 ;
     0011             (./Engine/Constant):00236         buf_prev_x2_pixel             equ 17 ;
     0012             (./Engine/Constant):00237         buf_prev_y2_pixel             equ 18 ;
     0013             (./Engine/Constant):00238         buf_prev_render_flags         equ 19 ;
                      (./generated-code/):00002                 ORG $A000
     FF               (./generated-code/):00003                 SETDP $FF
                      (./generated-code/):00004                 OPT C,CT
A000                  (./generated-code/):00005                 BCKDRAW_Img_sonic_078_0
A000 10FF9FFE         (./generated-code/):00006 [7]     7               STS glb_register_s
                      (./generated-code/):00007                 
A004 32A4             (./generated-code/):00008 [4]     11              LEAS ,Y
A006 33C9FEAD         (./generated-code/):00009 [8]     19              LEAU -339,U
                      (./generated-code/):00010                 
A00A A6C814           (./generated-code/):00011 [5]     24              LDA 20,U
A00D E6C8C4           (./generated-code/):00012 [5]     29              LDB -60,U
A010 AEC83A           (./generated-code/):00013 [6]     35              LDX 58,U
A013 10AEC8EB         (./generated-code/):00014 [7]     42              LDY -21,U
A017 3436             (./generated-code/):00015 [11]    53              PSHS Y,X,B,A
A019 ECC812           (./generated-code/):00016 [6]     59              LDD 18,U
A01C 3406             (./generated-code/):00017 [7]     66              PSHS D
A01E 84F0             (./generated-code/):00018 [2]     68              ANDA #$F0
A020 8A0A             (./generated-code/):00019 [2]     70              ORA #$0a
A022 C6AA             (./generated-code/):00020 [2]     72              LDB #$aa
A024 EDC812           (./generated-code/):00021 [6]     78              STD 18,U
A027 86AE             (./generated-code/):00022 [2]     80              LDA #$ae
A029 A7C814           (./generated-code/):00023 [5]     85              STA 20,U
A02C 86EA             (./generated-code/):00024 [2]     87              LDA #$ea
A02E EDC83A           (./generated-code/):00025 [6]     93              STD 58,U
A031 ECC83C           (./generated-code/):00026 [6]     99              LDD 60,U
A034 3446             (./generated-code/):00027 [9]     108             PSHS U,D
A036 840F             (./generated-code/):00028 [2]     110             ANDA #$0F
A038 C40F             (./generated-code/):00029 [2]     112             ANDB #$0F
A03A C3A0E0           (./generated-code/):00030 [4]     116             ADDD #$a0e0
A03D EDC83C           (./generated-code/):00031 [6]     122             STD 60,U
A040 CCAA9E           (./generated-code/):00032 [3]     125             LDD #$aa9e
A043 EDC8EB           (./generated-code/):00033 [6]     131             STD -21,U
A046 E7C8C4           (./generated-code/):00034 [5]     136             STB -60,U
A049 33C900DB         (./generated-code/):00035 [8]     144             LEAU 219,U
                      (./generated-code/):00036                 
A04D ECC886           (./generated-code/):00037 [6]     150             LDD -122,U
A050 3406             (./generated-code/):00038 [7]     157             PSHS D
A052 84F0             (./generated-code/):00039 [2]     159             ANDA #$F0
A054 8A0F             (./generated-code/):00040 [2]     161             ORA #$0f
A056 C6EE             (./generated-code/):00041 [2]     163             LDB #$ee
A058 EDC886           (./generated-code/):00042 [6]     169             STD -122,U
A05B ECC8AE           (./generated-code/):00043 [6]     175             LDD -82,U
A05E 3406             (./generated-code/):00044 [7]     182             PSHS D
A060 84F0             (./generated-code/):00045 [2]     184             ANDA #$F0
A062 8A0E             (./generated-code/):00046 [2]     186             ORA #$0e
A064 C6EE             (./generated-code/):00047 [2]     188             LDB #$ee
A066 EDC8AE           (./generated-code/):00048 [6]     194             STD -82,U
A069 ECC8D6           (./generated-code/):00049 [6]     200             LDD -42,U
A06C 3406             (./generated-code/):00050 [7]     207             PSHS D
A06E 84F0             (./generated-code/):00051 [2]     209             ANDA #$F0
A070 8A0F             (./generated-code/):00052 [2]     211             ORA #$0f
A072 C6F9             (./generated-code/):00053 [2]     213             LDB #$f9
A074 EDC8D6           (./generated-code/):00054 [6]     219             STD -42,U
A077 EC5E             (./generated-code/):00055 [6]     225             LDD -2,U
A079 3406             (./generated-code/):00056 [7]     232             PSHS D
A07B 84F0             (./generated-code/):00057 [2]     234             ANDA #$F0
A07D 8A0E             (./generated-code/):00058 [2]     236             ORA #$0e
A07F C6F9             (./generated-code/):00059 [2]     238             LDB #$f9
A081 ED5E             (./generated-code/):00060 [6]     244             STD -2,U
A083 AEC888           (./generated-code/):00061 [6]     250             LDX -120,U
A086 10AEC8B0         (./generated-code/):00062 [7]     257             LDY -80,U
A08A 3430             (./generated-code/):00063 [9]     266             PSHS Y,X
A08C ECC8D8           (./generated-code/):00064 [6]     272             LDD -40,U
A08F 3406             (./generated-code/):00065 [7]     279             PSHS D
A091 CCAFFA           (./generated-code/):00066 [3]     282             LDD #$affa
A094 EDC888           (./generated-code/):00067 [6]     288             STD -120,U
A097 86FF             (./generated-code/):00068 [2]     290             LDA #$ff
A099 EDC8B0           (./generated-code/):00069 [6]     296             STD -80,U
A09C C6FF             (./generated-code/):00070 [2]     298             LDB #$ff
A09E EDC8D8           (./generated-code/):00071 [6]     304             STD -40,U
A0A1 A6C88A           (./generated-code/):00072 [5]     309             LDA -118,U
A0A4 3402             (./generated-code/):00073 [6]     315             PSHS A
A0A6 840F             (./generated-code/):00074 [2]     317             ANDA #$0F
A0A8 8AE0             (./generated-code/):00075 [2]     319             ORA #$e0
A0AA A7C88A           (./generated-code/):00076 [5]     324             STA -118,U
A0AD A6C8B2           (./generated-code/):00077 [5]     329             LDA -78,U
A0B0 3402             (./generated-code/):00078 [6]     335             PSHS A
A0B2 840F             (./generated-code/):00079 [2]     337             ANDA #$0F
A0B4 8AE0             (./generated-code/):00080 [2]     339             ORA #$e0
A0B6 A7C8B2           (./generated-code/):00081 [5]     344             STA -78,U
A0B9 A6C8DA           (./generated-code/):00082 [5]     349             LDA -38,U
A0BC 3402             (./generated-code/):00083 [6]     355             PSHS A
A0BE 840F             (./generated-code/):00084 [2]     357             ANDA #$0F
A0C0 8AB0             (./generated-code/):00085 [2]     359             ORA #$b0
A0C2 A7C8DA           (./generated-code/):00086 [5]     364             STA -38,U
A0C5 3712             (./generated-code/):00087 [8]     372             PULU A,X
A0C7 3452             (./generated-code/):00088 [10]    382             PSHS U,X,A
A0C9 8EDFBD           (./generated-code/):00089 [3]     385             LDX #$dfbd
A0CC 3614             (./generated-code/):00090 [8]     393             PSHU B,X
A0CE 33C827           (./generated-code/):00091 [5]     398             LEAU 39,U
                      (./generated-code/):00092                 
A0D1 3730             (./generated-code/):00093 [9]     407             PULU X,Y
A0D3 3470             (./generated-code/):00094 [11]    418             PSHS U,Y,X
A0D5 CCE9FF           (./generated-code/):00095 [3]     421             LDD #$e9ff
A0D8 8EEFDD           (./generated-code/):00096 [3]     424             LDX #$efdd
A0DB 3616             (./generated-code/):00097 [9]     433             PSHU D,X
A0DD 33C828           (./generated-code/):00098 [5]     438             LEAU 40,U
                      (./generated-code/):00099                 
A0E0 3730             (./generated-code/):00100 [9]     447             PULU X,Y
A0E2 3470             (./generated-code/):00101 [11]    458             PSHS U,Y,X
A0E4 86EE             (./generated-code/):00102 [2]     460             LDA #$ee
A0E6 8EEED3           (./generated-code/):00103 [3]     463             LDX #$eed3
A0E9 3616             (./generated-code/):00104 [9]     472             PSHU D,X
A0EB 33C828           (./generated-code/):00105 [5]     477             LEAU 40,U
                      (./generated-code/):00106                 
A0EE A644             (./generated-code/):00107 [5]     482             LDA 4,U
A0F0 3402             (./generated-code/):00108 [6]     488             PSHS A
A0F2 840F             (./generated-code/):00109 [2]     490             ANDA #$0F
A0F4 8AD0             (./generated-code/):00110 [2]     492             ORA #$d0
A0F6 A744             (./generated-code/):00111 [5]     497             STA 4,U
A0F8 3730             (./generated-code/):00112 [9]     506             PULU X,Y
A0FA 3470             (./generated-code/):00113 [11]    517             PSHS U,Y,X
A0FC CCEFAF           (./generated-code/):00114 [3]     520             LDD #$efaf
A0FF 8EEDD3           (./generated-code/):00115 [3]     523             LDX #$edd3
A102 3616             (./generated-code/):00116 [9]     532             PSHU D,X
A104 33C828           (./generated-code/):00117 [5]     537             LEAU 40,U
                      (./generated-code/):00118                 
A107 ECC828           (./generated-code/):00119 [6]     543             LDD 40,U
A10A 3406             (./generated-code/):00120 [7]     550             PSHS D
A10C 84F0             (./generated-code/):00121 [2]     552             ANDA #$F0
A10E 8A09             (./generated-code/):00122 [2]     554             ORA #$09
A110 C6AE             (./generated-code/):00123 [2]     556             LDB #$ae
A112 EDC828           (./generated-code/):00124 [6]     562             STD 40,U
A115 ECC850           (./generated-code/):00125 [6]     568             LDD 80,U
A118 3406             (./generated-code/):00126 [7]     575             PSHS D
A11A 84F0             (./generated-code/):00127 [2]     577             ANDA #$F0
A11C 8A09             (./generated-code/):00128 [2]     579             ORA #$09
A11E C69C             (./generated-code/):00129 [2]     581             LDB #$9c
A120 EDC850           (./generated-code/):00130 [6]     587             STD 80,U
A123 AEC82A           (./generated-code/):00131 [6]     593             LDX 42,U
A126 CCDCDD           (./generated-code/):00132 [3]     596             LDD #$dcdd
A129 EDC82A           (./generated-code/):00133 [6]     602             STD 42,U
A12C 10AEC852         (./generated-code/):00134 [7]     609             LDY 82,U
A130 3430             (./generated-code/):00135 [9]     618             PSHS Y,X
A132 86BC             (./generated-code/):00136 [2]     620             LDA #$bc
A134 EDC852           (./generated-code/):00137 [6]     626             STD 82,U
A137 A644             (./generated-code/):00138 [5]     631             LDA 4,U
A139 3402             (./generated-code/):00139 [6]     637             PSHS A
A13B 840F             (./generated-code/):00140 [2]     639             ANDA #$0F
A13D 8AD0             (./generated-code/):00141 [2]     641             ORA #$d0
A13F A744             (./generated-code/):00142 [5]     646             STA 4,U
A141 A6C82C           (./generated-code/):00143 [5]     651             LDA 44,U
A144 3402             (./generated-code/):00144 [6]     657             PSHS A
A146 840F             (./generated-code/):00145 [2]     659             ANDA #$0F
A148 8AD0             (./generated-code/):00146 [2]     661             ORA #$d0
A14A A7C82C           (./generated-code/):00147 [5]     666             STA 44,U
A14D A6C854           (./generated-code/):00148 [5]     671             LDA 84,U
A150 3402             (./generated-code/):00149 [6]     677             PSHS A
A152 840F             (./generated-code/):00150 [2]     679             ANDA #$0F
A154 8AD0             (./generated-code/):00151 [2]     681             ORA #$d0
A156 A7C854           (./generated-code/):00152 [5]     686             STA 84,U
A159 3730             (./generated-code/):00153 [9]     695             PULU X,Y
A15B 3470             (./generated-code/):00154 [11]    706             PSHS U,Y,X
A15D CCEEAF           (./generated-code/):00155 [3]     709             LDD #$eeaf
A160 8EECD3           (./generated-code/):00156 [3]     712             LDX #$ecd3
A163 3616             (./generated-code/):00157 [9]     721             PSHU D,X
A165 33C878           (./generated-code/):00158 [5]     726             LEAU 120,U
                      (./generated-code/):00159                 
A168 A644             (./generated-code/):00160 [5]     731             LDA 4,U
A16A 3402             (./generated-code/):00161 [6]     737             PSHS A
A16C 840F             (./generated-code/):00162 [2]     739             ANDA #$0F
A16E 8AD0             (./generated-code/):00163 [2]     741             ORA #$d0
A170 A744             (./generated-code/):00164 [5]     746             STA 4,U
A172 3730             (./generated-code/):00165 [9]     755             PULU X,Y
A174 3470             (./generated-code/):00166 [11]    766             PSHS U,Y,X
A176 CCA99C           (./generated-code/):00167 [3]     769             LDD #$a99c
A179 8EBCDD           (./generated-code/):00168 [3]     772             LDX #$bcdd
A17C 3616             (./generated-code/):00169 [9]     781             PSHU D,X
A17E 33C828           (./generated-code/):00170 [5]     786             LEAU 40,U
                      (./generated-code/):00171                 
A181 A644             (./generated-code/):00172 [5]     791             LDA 4,U
A183 3402             (./generated-code/):00173 [6]     797             PSHS A
A185 840F             (./generated-code/):00174 [2]     799             ANDA #$0F
A187 8A30             (./generated-code/):00175 [2]     801             ORA #$30
A189 A744             (./generated-code/):00176 [5]     806             STA 4,U
A18B 3730             (./generated-code/):00177 [9]     815             PULU X,Y
A18D 3470             (./generated-code/):00178 [11]    826             PSHS U,Y,X
A18F CCA9CC           (./generated-code/):00179 [3]     829             LDD #$a9cc
A192 8EDEDD           (./generated-code/):00180 [3]     832             LDX #$dedd
A195 3616             (./generated-code/):00181 [9]     841             PSHU D,X
A197 33C828           (./generated-code/):00182 [5]     846             LEAU 40,U
                      (./generated-code/):00183                 
A19A AEC828           (./generated-code/):00184 [6]     852             LDX 40,U
A19D 10AEC852         (./generated-code/):00185 [7]     859             LDY 82,U
A1A1 3430             (./generated-code/):00186 [9]     868             PSHS Y,X
A1A3 ECC82A           (./generated-code/):00187 [6]     874             LDD 42,U
A1A6 3406             (./generated-code/):00188 [7]     881             PSHS D
A1A8 840F             (./generated-code/):00189 [2]     883             ANDA #$0F
A1AA 8A30             (./generated-code/):00190 [2]     885             ORA #$30
A1AC C6ED             (./generated-code/):00191 [2]     887             LDB #$ed
A1AE EDC82A           (./generated-code/):00192 [6]     893             STD 42,U
A1B1 ECC850           (./generated-code/):00193 [6]     899             LDD 80,U
A1B4 3406             (./generated-code/):00194 [7]     906             PSHS D
A1B6 840F             (./generated-code/):00195 [2]     908             ANDA #$0F
A1B8 8A90             (./generated-code/):00196 [2]     910             ORA #$90
A1BA C69E             (./generated-code/):00197 [2]     912             LDB #$9e
A1BC EDC850           (./generated-code/):00198 [6]     918             STD 80,U
A1BF A644             (./generated-code/):00199 [5]     923             LDA 4,U
A1C1 3402             (./generated-code/):00200 [6]     929             PSHS A
A1C3 840F             (./generated-code/):00201 [2]     931             ANDA #$0F
A1C5 8A30             (./generated-code/):00202 [2]     933             ORA #$30
A1C7 A744             (./generated-code/):00203 [5]     938             STA 4,U
A1C9 A6C82C           (./generated-code/):00204 [5]     943             LDA 44,U
A1CC 3402             (./generated-code/):00205 [6]     949             PSHS A
A1CE 840F             (./generated-code/):00206 [2]     951             ANDA #$0F
A1D0 8A30             (./generated-code/):00207 [2]     953             ORA #$30
A1D2 A7C82C           (./generated-code/):00208 [5]     958             STA 44,U
A1D5 A6C854           (./generated-code/):00209 [5]     963             LDA 84,U
A1D8 3402             (./generated-code/):00210 [6]     969             PSHS A
A1DA 840F             (./generated-code/):00211 [2]     971             ANDA #$0F
A1DC 8A30             (./generated-code/):00212 [2]     973             ORA #$30
A1DE A7C854           (./generated-code/):00213 [5]     978             STA 84,U
A1E1 CCEEED           (./generated-code/):00214 [3]     981             LDD #$eeed
A1E4 EDC852           (./generated-code/):00215 [6]     987             STD 82,U
A1E7 CC999C           (./generated-code/):00216 [3]     990             LDD #$999c
A1EA EDC828           (./generated-code/):00217 [6]     996             STD 40,U
A1ED 3730             (./generated-code/):00218 [9]     1005            PULU X,Y
A1EF 3470             (./generated-code/):00219 [11]    1016            PSHS U,Y,X
A1F1 C6EE             (./generated-code/):00220 [2]     1018            LDB #$ee
A1F3 8EC3DD           (./generated-code/):00221 [3]     1021            LDX #$c3dd
A1F6 3616             (./generated-code/):00222 [9]     1030            PSHU D,X
A1F8 33C879           (./generated-code/):00223 [5]     1035            LEAU 121,U
                      (./generated-code/):00224                 
A1FB A643             (./generated-code/):00225 [5]     1040            LDA 3,U
A1FD 3402             (./generated-code/):00226 [6]     1046            PSHS A
A1FF 840F             (./generated-code/):00227 [2]     1048            ANDA #$0F
A201 8A30             (./generated-code/):00228 [2]     1050            ORA #$30
A203 A743             (./generated-code/):00229 [5]     1055            STA 3,U
A205 3712             (./generated-code/):00230 [8]     1063            PULU A,X
A207 3452             (./generated-code/):00231 [10]    1073            PSHS U,X,A
A209 8699             (./generated-code/):00232 [2]     1075            LDA #$99
A20B 8ECCBD           (./generated-code/):00233 [3]     1078            LDX #$ccbd
A20E 3612             (./generated-code/):00234 [8]     1086            PSHU A,X
A210 33C828           (./generated-code/):00235 [5]     1091            LEAU 40,U
                      (./generated-code/):00236                 
A213 ECC828           (./generated-code/):00237 [6]     1097            LDD 40,U
A216 3406             (./generated-code/):00238 [7]     1104            PSHS D
A218 84F0             (./generated-code/):00239 [2]     1106            ANDA #$F0
A21A 8A09             (./generated-code/):00240 [2]     1108            ORA #$09
A21C C6C9             (./generated-code/):00241 [2]     1110            LDB #$c9
A21E EDC828           (./generated-code/):00242 [6]     1116            STD 40,U
A221 ECC850           (./generated-code/):00243 [6]     1122            LDD 80,U
A224 3406             (./generated-code/):00244 [7]     1129            PSHS D
A226 84F0             (./generated-code/):00245 [2]     1131            ANDA #$F0
A228 8A09             (./generated-code/):00246 [2]     1133            ORA #$09
A22A C6E9             (./generated-code/):00247 [2]     1135            LDB #$e9
A22C EDC850           (./generated-code/):00248 [6]     1141            STD 80,U
A22F ECC878           (./generated-code/):00249 [6]     1147            LDD 120,U
A232 3406             (./generated-code/):00250 [7]     1154            PSHS D
A234 84F0             (./generated-code/):00251 [2]     1156            ANDA #$F0
A236 8A09             (./generated-code/):00252 [2]     1158            ORA #$09
A238 C69D             (./generated-code/):00253 [2]     1160            LDB #$9d
A23A EDC878           (./generated-code/):00254 [6]     1166            STD 120,U
A23D ECC82A           (./generated-code/):00255 [6]     1172            LDD 42,U
A240 3406             (./generated-code/):00256 [7]     1179            PSHS D
A242 863D             (./generated-code/):00257 [2]     1181            LDA #$3d
A244 C40F             (./generated-code/):00258 [2]     1183            ANDB #$0F
A246 CAD0             (./generated-code/):00259 [2]     1185            ORB #$d0
A248 EDC82A           (./generated-code/):00260 [6]     1191            STD 42,U
A24B A6C852           (./generated-code/):00261 [5]     1196            LDA 82,U
A24E E643             (./generated-code/):00262 [5]     1201            LDB 3,U
A250 3406             (./generated-code/):00263 [7]     1208            PSHS B,A
A252 C40F             (./generated-code/):00264 [2]     1210            ANDB #$0F
A254 CA30             (./generated-code/):00265 [2]     1212            ORB #$30
A256 E743             (./generated-code/):00266 [5]     1217            STB 3,U
A258 A6C87A           (./generated-code/):00267 [5]     1222            LDA 122,U
A25B 3402             (./generated-code/):00268 [6]     1228            PSHS A
A25D 84F0             (./generated-code/):00269 [2]     1230            ANDA #$F0
A25F 8A0D             (./generated-code/):00270 [2]     1232            ORA #$0d
A261 A7C87A           (./generated-code/):00271 [5]     1237            STA 122,U
A264 86DD             (./generated-code/):00272 [2]     1239            LDA #$dd
A266 A7C852           (./generated-code/):00273 [5]     1244            STA 82,U
A269 3712             (./generated-code/):00274 [8]     1252            PULU A,X
A26B 3452             (./generated-code/):00275 [10]    1262            PSHS U,X,A
A26D 8699             (./generated-code/):00276 [2]     1264            LDA #$99
A26F 8ECCBD           (./generated-code/):00277 [3]     1267            LDX #$ccbd
A272 3612             (./generated-code/):00278 [8]     1275            PSHU A,X
A274 33C900C8         (./generated-code/):00279 [8]     1283            LEAU 200,U
                      (./generated-code/):00280                 
A278 ECC8D8           (./generated-code/):00281 [6]     1289            LDD -40,U
A27B 3406             (./generated-code/):00282 [7]     1296            PSHS D
A27D 84F0             (./generated-code/):00283 [2]     1298            ANDA #$F0
A27F C40F             (./generated-code/):00284 [2]     1300            ANDB #$0F
A281 C30DD0           (./generated-code/):00285 [4]     1304            ADDD #$0dd0
A284 EDC8D8           (./generated-code/):00286 [6]     1310            STD -40,U
A287 A6C828           (./generated-code/):00287 [5]     1315            LDA 40,U
A28A 3442             (./generated-code/):00288 [8]     1323            PSHS U,A
A28C 84F0             (./generated-code/):00289 [2]     1325            ANDA #$F0
A28E 8A09             (./generated-code/):00290 [2]     1327            ORA #$09
A290 A7C828           (./generated-code/):00291 [5]     1332            STA 40,U
                      (./generated-code/):00292                 
A293 DEFC             (./generated-code/):00293 [5]     1337            LDU <glb_screen_location_1
A295 33C9FE48         (./generated-code/):00294 [8]     1345            LEAU -440,U
                      (./generated-code/):00295                 
A299 A6C4             (./generated-code/):00296 [4]     1349            LDA ,U
A29B 3442             (./generated-code/):00297 [8]     1357            PSHS U,A
A29D 84F0             (./generated-code/):00298 [2]     1359            ANDA #$F0
A29F 8A09             (./generated-code/):00299 [2]     1361            ORA #$09
A2A1 A7C4             (./generated-code/):00300 [4]     1365            STA ,U
A2A3 33C9009E         (./generated-code/):00301 [8]     1373            LEAU 158,U
                      (./generated-code/):00302                 
A2A7 ECC8B1           (./generated-code/):00303 [6]     1379            LDD -79,U
A2AA 3406             (./generated-code/):00304 [7]     1386            PSHS D
A2AC 84F0             (./generated-code/):00305 [2]     1388            ANDA #$F0
A2AE 8A0A             (./generated-code/):00306 [2]     1390            ORA #$0a
A2B0 C6AA             (./generated-code/):00307 [2]     1392            LDB #$aa
A2B2 EDC8B1           (./generated-code/):00308 [6]     1398            STD -79,U
A2B5 A6C88A           (./generated-code/):00309 [5]     1403            LDA -118,U
A2B8 3402             (./generated-code/):00310 [6]     1409            PSHS A
A2BA 84F0             (./generated-code/):00311 [2]     1411            ANDA #$F0
A2BC 8A09             (./generated-code/):00312 [2]     1413            ORA #$09
A2BE A7C88A           (./generated-code/):00313 [5]     1418            STA -118,U
A2C1 A6C8B3           (./generated-code/):00314 [5]     1423            LDA -77,U
A2C4 3402             (./generated-code/):00315 [6]     1429            PSHS A
A2C6 840F             (./generated-code/):00316 [2]     1431            ANDA #$0F
A2C8 8AE0             (./generated-code/):00317 [2]     1433            ORA #$e0
A2CA A7C8B3           (./generated-code/):00318 [5]     1438            STA -77,U
A2CD A6C8DB           (./generated-code/):00319 [5]     1443            LDA -37,U
A2D0 3402             (./generated-code/):00320 [6]     1449            PSHS A
A2D2 840F             (./generated-code/):00321 [2]     1451            ANDA #$0F
A2D4 8AE0             (./generated-code/):00322 [2]     1453            ORA #$e0
A2D6 A7C8DB           (./generated-code/):00323 [5]     1458            STA -37,U
A2D9 A643             (./generated-code/):00324 [5]     1463            LDA 3,U
A2DB 3402             (./generated-code/):00325 [6]     1469            PSHS A
A2DD 840F             (./generated-code/):00326 [2]     1471            ANDA #$0F
A2DF 8AE0             (./generated-code/):00327 [2]     1473            ORA #$e0
A2E1 A743             (./generated-code/):00328 [5]     1478            STA 3,U
A2E3 AEC8D9           (./generated-code/):00329 [6]     1484            LDX -39,U
A2E6 3410             (./generated-code/):00330 [7]     1491            PSHS X
A2E8 CCAAAA           (./generated-code/):00331 [3]     1494            LDD #$aaaa
A2EB EDC8D9           (./generated-code/):00332 [6]     1500            STD -39,U
A2EE 3712             (./generated-code/):00333 [8]     1508            PULU A,X
A2F0 3452             (./generated-code/):00334 [10]    1518            PSHS U,X,A
A2F2 86EE             (./generated-code/):00335 [2]     1520            LDA #$ee
A2F4 8EAAAA           (./generated-code/):00336 [3]     1523            LDX #$aaaa
A2F7 3612             (./generated-code/):00337 [8]     1531            PSHU A,X
A2F9 33C828           (./generated-code/):00338 [5]     1536            LEAU 40,U
                      (./generated-code/):00339                 
A2FC 3730             (./generated-code/):00340 [9]     1545            PULU X,Y
A2FE 3470             (./generated-code/):00341 [11]    1556            PSHS U,Y,X
A300 CCFFEA           (./generated-code/):00342 [3]     1559            LDD #$ffea
A303 8EAAEE           (./generated-code/):00343 [3]     1562            LDX #$aaee
A306 3616             (./generated-code/):00344 [9]     1571            PSHU D,X
A308 33C828           (./generated-code/):00345 [5]     1576            LEAU 40,U
                      (./generated-code/):00346                 
A30B A644             (./generated-code/):00347 [5]     1581            LDA 4,U
A30D 3402             (./generated-code/):00348 [6]     1587            PSHS A
A30F 84F0             (./generated-code/):00349 [2]     1589            ANDA #$F0
A311 8A0D             (./generated-code/):00350 [2]     1591            ORA #$0d
A313 A744             (./generated-code/):00351 [5]     1596            STA 4,U
A315 3730             (./generated-code/):00352 [9]     1605            PULU X,Y
A317 3470             (./generated-code/):00353 [11]    1616            PSHS U,Y,X
A319 CCEECE           (./generated-code/):00354 [3]     1619            LDD #$eece
A31C 8EFAEE           (./generated-code/):00355 [3]     1622            LDX #$faee
A31F 3616             (./generated-code/):00356 [9]     1631            PSHU D,X
A321 33C828           (./generated-code/):00357 [5]     1636            LEAU 40,U
                      (./generated-code/):00358                 
A324 A644             (./generated-code/):00359 [5]     1641            LDA 4,U
A326 3402             (./generated-code/):00360 [6]     1647            PSHS A
A328 84F0             (./generated-code/):00361 [2]     1649            ANDA #$F0
A32A 8A0D             (./generated-code/):00362 [2]     1651            ORA #$0d
A32C A744             (./generated-code/):00363 [5]     1656            STA 4,U
A32E 3730             (./generated-code/):00364 [9]     1665            PULU X,Y
A330 3470             (./generated-code/):00365 [11]    1676            PSHS U,Y,X
A332 CCFECC           (./generated-code/):00366 [3]     1679            LDD #$fecc
A335 8EFAEE           (./generated-code/):00367 [3]     1682            LDX #$faee
A338 3616             (./generated-code/):00368 [9]     1691            PSHU D,X
A33A 33C828           (./generated-code/):00369 [5]     1696            LEAU 40,U
                      (./generated-code/):00370                 
A33D A644             (./generated-code/):00371 [5]     1701            LDA 4,U
A33F 3402             (./generated-code/):00372 [6]     1707            PSHS A
A341 84F0             (./generated-code/):00373 [2]     1709            ANDA #$F0
A343 8A03             (./generated-code/):00374 [2]     1711            ORA #$03
A345 A744             (./generated-code/):00375 [5]     1716            STA 4,U
A347 3730             (./generated-code/):00376 [9]     1725            PULU X,Y
A349 3470             (./generated-code/):00377 [11]    1736            PSHS U,Y,X
A34B CCEFEA           (./generated-code/):00378 [3]     1739            LDD #$efea
A34E 8EEAEE           (./generated-code/):00379 [3]     1742            LDX #$eaee
A351 3616             (./generated-code/):00380 [9]     1751            PSHU D,X
A353 33C828           (./generated-code/):00381 [5]     1756            LEAU 40,U
                      (./generated-code/):00382                 
A356 A644             (./generated-code/):00383 [5]     1761            LDA 4,U
A358 3402             (./generated-code/):00384 [6]     1767            PSHS A
A35A 84F0             (./generated-code/):00385 [2]     1769            ANDA #$F0
A35C 8A03             (./generated-code/):00386 [2]     1771            ORA #$03
A35E A744             (./generated-code/):00387 [5]     1776            STA 4,U
A360 3730             (./generated-code/):00388 [9]     1785            PULU X,Y
A362 3470             (./generated-code/):00389 [11]    1796            PSHS U,Y,X
A364 CCFFAA           (./generated-code/):00390 [3]     1799            LDD #$ffaa
A367 8EEE9E           (./generated-code/):00391 [3]     1802            LDX #$ee9e
A36A 3616             (./generated-code/):00392 [9]     1811            PSHU D,X
A36C 33C828           (./generated-code/):00393 [5]     1816            LEAU 40,U
                      (./generated-code/):00394                 
A36F A644             (./generated-code/):00395 [5]     1821            LDA 4,U
A371 3402             (./generated-code/):00396 [6]     1827            PSHS A
A373 84F0             (./generated-code/):00397 [2]     1829            ANDA #$F0
A375 8A03             (./generated-code/):00398 [2]     1831            ORA #$03
A377 A744             (./generated-code/):00399 [5]     1836            STA 4,U
A379 3730             (./generated-code/):00400 [9]     1845            PULU X,Y
A37B 3470             (./generated-code/):00401 [11]    1856            PSHS U,Y,X
A37D CCEFAA           (./generated-code/):00402 [3]     1859            LDD #$efaa
A380 8EFD93           (./generated-code/):00403 [3]     1862            LDX #$fd93
A383 3616             (./generated-code/):00404 [9]     1871            PSHU D,X
A385 33C828           (./generated-code/):00405 [5]     1876            LEAU 40,U
                      (./generated-code/):00406                 
A388 EC43             (./generated-code/):00407 [6]     1882            LDD 3,U
A38A 3406             (./generated-code/):00408 [7]     1889            PSHS D
A38C 840F             (./generated-code/):00409 [2]     1891            ANDA #$0F
A38E C4F0             (./generated-code/):00410 [2]     1893            ANDB #$F0
A390 C3E00D           (./generated-code/):00411 [4]     1897            ADDD #$e00d
A393 ED43             (./generated-code/):00412 [6]     1903            STD 3,U
A395 ECC828           (./generated-code/):00413 [6]     1909            LDD 40,U
A398 3406             (./generated-code/):00414 [7]     1916            PSHS D
A39A 840F             (./generated-code/):00415 [2]     1918            ANDA #$0F
A39C 8A90             (./generated-code/):00416 [2]     1920            ORA #$90
A39E C69A             (./generated-code/):00417 [2]     1922            LDB #$9a
A3A0 EDC828           (./generated-code/):00418 [6]     1928            STD 40,U
A3A3 ECC853           (./generated-code/):00419 [6]     1934            LDD 83,U
A3A6 3406             (./generated-code/):00420 [7]     1941            PSHS D
A3A8 840F             (./generated-code/):00421 [2]     1943            ANDA #$0F
A3AA 8AE0             (./generated-code/):00422 [2]     1945            ORA #$e0
A3AC C6DD             (./generated-code/):00423 [2]     1947            LDB #$dd
A3AE EDC853           (./generated-code/):00424 [6]     1953            STD 83,U
A3B1 ECC87B           (./generated-code/):00425 [6]     1959            LDD 123,U
A3B4 3406             (./generated-code/):00426 [7]     1966            PSHS D
A3B6 840F             (./generated-code/):00427 [2]     1968            ANDA #$0F
A3B8 8AE0             (./generated-code/):00428 [2]     1970            ORA #$e0
A3BA C6DD             (./generated-code/):00429 [2]     1972            LDB #$dd
A3BC EDC87B           (./generated-code/):00430 [6]     1978            STD 123,U
A3BF ECC82A           (./generated-code/):00431 [6]     1984            LDD 42,U
A3C2 3406             (./generated-code/):00432 [7]     1991            PSHS D
A3C4 86FC             (./generated-code/):00433 [2]     1993            LDA #$fc
A3C6 C40F             (./generated-code/):00434 [2]     1995            ANDB #$0F
A3C8 CAE0             (./generated-code/):00435 [2]     1997            ORB #$e0
A3CA EDC82A           (./generated-code/):00436 [6]     2003            STD 42,U
A3CD AEC851           (./generated-code/):00437 [6]     2009            LDX 81,U
A3D0 CCC9CE           (./generated-code/):00438 [3]     2012            LDD #$c9ce
A3D3 EDC851           (./generated-code/):00439 [6]     2018            STD 81,U
A3D6 10AEC879         (./generated-code/):00440 [7]     2025            LDY 121,U
A3DA 3430             (./generated-code/):00441 [9]     2034            PSHS Y,X
A3DC A6C82C           (./generated-code/):00442 [5]     2039            LDA 44,U
A3DF 3402             (./generated-code/):00443 [6]     2045            PSHS A
A3E1 84F0             (./generated-code/):00444 [2]     2047            ANDA #$F0
A3E3 8A0D             (./generated-code/):00445 [2]     2049            ORA #$0d
A3E5 A7C82C           (./generated-code/):00446 [5]     2054            STA 44,U
A3E8 CCECCD           (./generated-code/):00447 [3]     2057            LDD #$eccd
A3EB EDC879           (./generated-code/):00448 [6]     2063            STD 121,U
A3EE 3712             (./generated-code/):00449 [8]     2071            PULU A,X
A3F0 3452             (./generated-code/):00450 [10]    2081            PSHS U,X,A
A3F2 869E             (./generated-code/):00451 [2]     2083            LDA #$9e
A3F4 8E9AFD           (./generated-code/):00452 [3]     2086            LDX #$9afd
A3F7 3612             (./generated-code/):00453 [8]     2094            PSHU A,X
A3F9 33C900CA         (./generated-code/):00454 [8]     2102            LEAU 202,U
                      (./generated-code/):00455                 
A3FD AEC8D7           (./generated-code/):00456 [6]     2108            LDX -41,U
A400 3410             (./generated-code/):00457 [7]     2115            PSHS X
A402 EDC8D7           (./generated-code/):00458 [6]     2121            STD -41,U
A405 ECC8D9           (./generated-code/):00459 [6]     2127            LDD -39,U
A408 3406             (./generated-code/):00460 [7]     2134            PSHS D
A40A 84F0             (./generated-code/):00461 [2]     2136            ANDA #$F0
A40C 8A0E             (./generated-code/):00462 [2]     2138            ORA #$0e
A40E C6DD             (./generated-code/):00463 [2]     2140            LDB #$dd
A410 EDC8D9           (./generated-code/):00464 [6]     2146            STD -39,U
A413 EC41             (./generated-code/):00465 [6]     2152            LDD 1,U
A415 3406             (./generated-code/):00466 [7]     2159            PSHS D
A417 84F0             (./generated-code/):00467 [2]     2161            ANDA #$F0
A419 8A0F             (./generated-code/):00468 [2]     2163            ORA #$0f
A41B C6DD             (./generated-code/):00469 [2]     2165            LDB #$dd
A41D ED41             (./generated-code/):00470 [6]     2171            STD 1,U
A41F ECC829           (./generated-code/):00471 [6]     2177            LDD 41,U
A422 3406             (./generated-code/):00472 [7]     2184            PSHS D
A424 84F0             (./generated-code/):00473 [2]     2186            ANDA #$F0
A426 8A0E             (./generated-code/):00474 [2]     2188            ORA #$0e
A428 C63D             (./generated-code/):00475 [2]     2190            LDB #$3d
A42A EDC829           (./generated-code/):00476 [6]     2196            STD 41,U
A42D AE5F             (./generated-code/):00477 [6]     2202            LDX -1,U
A42F CC99CD           (./generated-code/):00478 [3]     2205            LDD #$99cd
A432 ED5F             (./generated-code/):00479 [6]     2211            STD -1,U
A434 10AEC827         (./generated-code/):00480 [7]     2218            LDY 39,U
A438 3470             (./generated-code/):00481 [11]    2229            PSHS U,Y,X
A43A C6CC             (./generated-code/):00482 [2]     2231            LDB #$cc
A43C EDC827           (./generated-code/):00483 [6]     2237            STD 39,U
A43F 33C900C7         (./generated-code/):00484 [8]     2245            LEAU 199,U
                      (./generated-code/):00485                 
A443 AEC888           (./generated-code/):00486 [6]     2251            LDX -120,U
A446 C6EE             (./generated-code/):00487 [2]     2253            LDB #$ee
A448 EDC888           (./generated-code/):00488 [6]     2259            STD -120,U
A44B 10AEC8B0         (./generated-code/):00489 [7]     2266            LDY -80,U
A44F 3430             (./generated-code/):00490 [9]     2275            PSHS Y,X
A451 C693             (./generated-code/):00491 [2]     2277            LDB #$93
A453 EDC8B0           (./generated-code/):00492 [6]     2283            STD -80,U
A456 ECC8D8           (./generated-code/):00493 [6]     2289            LDD -40,U
A459 3406             (./generated-code/):00494 [7]     2296            PSHS D
A45B ECC88A           (./generated-code/):00495 [6]     2302            LDD -118,U
A45E 3406             (./generated-code/):00496 [7]     2309            PSHS D
A460 84F0             (./generated-code/):00497 [2]     2311            ANDA #$F0
A462 8A03             (./generated-code/):00498 [2]     2313            ORA #$03
A464 C63D             (./generated-code/):00499 [2]     2315            LDB #$3d
A466 EDC88A           (./generated-code/):00500 [6]     2321            STD -118,U
A469 ECC8B2           (./generated-code/):00501 [6]     2327            LDD -78,U
A46C 3406             (./generated-code/):00502 [7]     2334            PSHS D
A46E 84F0             (./generated-code/):00503 [2]     2336            ANDA #$F0
A470 8A0D             (./generated-code/):00504 [2]     2338            ORA #$0d
A472 C63D             (./generated-code/):00505 [2]     2340            LDB #$3d
A474 EDC8B2           (./generated-code/):00506 [6]     2346            STD -78,U
A477 ECC8DA           (./generated-code/):00507 [6]     2352            LDD -38,U
A47A 3406             (./generated-code/):00508 [7]     2359            PSHS D
A47C 84F0             (./generated-code/):00509 [2]     2361            ANDA #$F0
A47E 8A0E             (./generated-code/):00510 [2]     2363            ORA #$0e
A480 C63D             (./generated-code/):00511 [2]     2365            LDB #$3d
A482 EDC8DA           (./generated-code/):00512 [6]     2371            STD -38,U
A485 CC999E           (./generated-code/):00513 [3]     2374            LDD #$999e
A488 EDC8D8           (./generated-code/):00514 [6]     2380            STD -40,U
A48B 3730             (./generated-code/):00515 [9]     2389            PULU X,Y
A48D 3470             (./generated-code/):00516 [11]    2400            PSHS U,Y,X
A48F 8E9F3D           (./generated-code/):00517 [3]     2403            LDX #$9f3d
A492 3616             (./generated-code/):00518 [9]     2412            PSHU D,X
A494 33C828           (./generated-code/):00519 [5]     2417            LEAU 40,U
                      (./generated-code/):00520                 
A497 ECC82A           (./generated-code/):00521 [6]     2423            LDD 42,U
A49A 3406             (./generated-code/):00522 [7]     2430            PSHS D
A49C 86DE             (./generated-code/):00523 [2]     2432            LDA #$de
A49E C40F             (./generated-code/):00524 [2]     2434            ANDB #$0F
A4A0 CAD0             (./generated-code/):00525 [2]     2436            ORB #$d0
A4A2 EDC82A           (./generated-code/):00526 [6]     2442            STD 42,U
A4A5 ECC851           (./generated-code/):00527 [6]     2448            LDD 81,U
A4A8 3406             (./generated-code/):00528 [7]     2455            PSHS D
A4AA 86D9             (./generated-code/):00529 [2]     2457            LDA #$d9
A4AC C4F0             (./generated-code/):00530 [2]     2459            ANDB #$F0
A4AE CA0E             (./generated-code/):00531 [2]     2461            ORB #$0e
A4B0 EDC851           (./generated-code/):00532 [6]     2467            STD 81,U
A4B3 A643             (./generated-code/):00533 [5]     2472            LDA 3,U
A4B5 3402             (./generated-code/):00534 [6]     2478            PSHS A
A4B7 840F             (./generated-code/):00535 [2]     2480            ANDA #$0F
A4B9 8A30             (./generated-code/):00536 [2]     2482            ORA #$30
A4BB A743             (./generated-code/):00537 [5]     2487            STA 3,U
A4BD A6C853           (./generated-code/):00538 [5]     2492            LDA 83,U
A4C0 3402             (./generated-code/):00539 [6]     2498            PSHS A
A4C2 840F             (./generated-code/):00540 [2]     2500            ANDA #$0F
A4C4 8AD0             (./generated-code/):00541 [2]     2502            ORA #$d0
A4C6 A7C853           (./generated-code/):00542 [5]     2507            STA 83,U
A4C9 A6C879           (./generated-code/):00543 [5]     2512            LDA 121,U
A4CC 3402             (./generated-code/):00544 [6]     2518            PSHS A
A4CE 84F0             (./generated-code/):00545 [2]     2520            ANDA #$F0
A4D0 8A0D             (./generated-code/):00546 [2]     2522            ORA #$0d
A4D2 A7C879           (./generated-code/):00547 [5]     2527            STA 121,U
A4D5 ECC828           (./generated-code/):00548 [6]     2533            LDD 40,U
A4D8 3406             (./generated-code/):00549 [7]     2540            PSHS D
A4DA 840F             (./generated-code/):00550 [2]     2542            ANDA #$0F
A4DC 8A90             (./generated-code/):00551 [2]     2544            ORA #$90
A4DE C693             (./generated-code/):00552 [2]     2546            LDB #$93
A4E0 EDC828           (./generated-code/):00553 [6]     2552            STD 40,U
A4E3 3712             (./generated-code/):00554 [8]     2560            PULU A,X
A4E5 3452             (./generated-code/):00555 [10]    2570            PSHS U,X,A
A4E7 8699             (./generated-code/):00556 [2]     2572            LDA #$99
A4E9 8E9E9F           (./generated-code/):00557 [3]     2575            LDX #$9e9f
A4EC 3612             (./generated-code/):00558 [8]     2583            PSHU A,X
A4EE 33C900B5         (./generated-code/):00559 [8]     2591            LEAU 181,U
                      (./generated-code/):00560                 
A4F2 A6C8EC           (./generated-code/):00561 [5]     2596            LDA -20,U
A4F5 3402             (./generated-code/):00562 [6]     2602            PSHS A
A4F7 840F             (./generated-code/):00563 [2]     2604            ANDA #$0F
A4F9 8A90             (./generated-code/):00564 [2]     2606            ORA #$90
A4FB A7C8EC           (./generated-code/):00565 [5]     2611            STA -20,U
A4FE A6C814           (./generated-code/):00566 [5]     2616            LDA 20,U
A501 3442             (./generated-code/):00567 [8]     2624            PSHS U,A
A503 840F             (./generated-code/):00568 [2]     2626            ANDA #$0F
A505 8AD0             (./generated-code/):00569 [2]     2628            ORA #$d0
A507 A7C814           (./generated-code/):00570 [5]     2633            STA 20,U
A50A 33E4             (./generated-code/):00571 [4]     2637            LEAU ,S
A50C                  (./generated-code/):00572                 SSAV_Img_sonic_078_0
A50C 10FE9FFE         (./generated-code/):00573 [7]     2644            LDS glb_register_s
A510 39               (./generated-code/):00574 [5]     2649            RTS
                      (./generated-code/):00575                 
