                      (./generated-code/):00001                 INCLUDE "./Engine/Constants.asm"
                      (./Engine/Constant):00001         * ---------------------------------------------------------------------------
                      (./Engine/Constant):00002         * Constants
                      (./Engine/Constant):00003         *
                      (./Engine/Constant):00004         * Naming convention
                      (./Engine/Constant):00005         * -----------------
                      (./Engine/Constant):00006         * - lower case
                      (./Engine/Constant):00007         * - underscore-separated names
                      (./Engine/Constant):00008         *
                      (./Engine/Constant):00009         * ---------------------------------------------------------------------------
                      (./Engine/Constant):00010         
                      (./Engine/Constant):00011         * ===========================================================================
                      (./Engine/Constant):00012         * TO8 Registers
                      (./Engine/Constant):00013         * ===========================================================================
                      (./Engine/Constant):00014         
                      (./Engine/Constant):00015         ; Disk routine registers (ROM)
                      (./Engine/Constant):00016         
     6049             (./Engine/Constant):00017         dk_drive                      equ $6049
     604A             (./Engine/Constant):00018         dk_track                      equ $604A
     604B             (./Engine/Constant):00019         dk_track_lsb                  equ $604B
     604C             (./Engine/Constant):00020         dk_sector                     equ $604C
     604F             (./Engine/Constant):00021         dk_write_location             equ $604F
                      (./Engine/Constant):00022         
                      (./Engine/Constant):00023         * ===========================================================================
                      (./Engine/Constant):00024         * Globals
                      (./Engine/Constant):00025         * ===========================================================================
                      (./Engine/Constant):00026         
     009F             (./Engine/Constant):00027         glb_direct_page               equ $9F    ; direct page for globals
                      (./Engine/Constant):00028         
                      (./Engine/Constant):00029         ; compilated sprite
     9FFE             (./Engine/Constant):00030         glb_register_s                equ $9FFE  ; reverved space to store S from ROM routines
                      (./Engine/Constant):00031         
                      (./Engine/Constant):00032         ; DrawSprites
     9FFC             (./Engine/Constant):00033         glb_screen_location_1         equ $9FFC  ; start address for rendering of current sprite Part1     
     9FFA             (./Engine/Constant):00034         glb_screen_location_2         equ $9FFA  ; start address for rendering of current sprite Part2 (Must follow Part1)
                      (./Engine/Constant):00035         
                      (./Engine/Constant):00036         ; CheckSpritesRefresh
     9FF9             (./Engine/Constant):00037         glb_cur_priority              equ $9FF9
     9FF7             (./Engine/Constant):00038         glb_cur_ptr_sub_obj_erase     equ $9FF7
     9FF5             (./Engine/Constant):00039         glb_cur_ptr_sub_obj_draw      equ $9FF5
     9FF3             (./Engine/Constant):00040         glb_camera_x_pos              equ $9FF3 ; camera x position in palyfield coordinates
     9FF1             (./Engine/Constant):00041         glb_camera_y_pos              equ $9FF1 ; camera y position in palyfield coordinates
     9FEF             (./Engine/Constant):00042         glb_camera_x_min_pos          equ $9FEF
     9FED             (./Engine/Constant):00043         glb_camera_y_min_pos          equ $9FED
     9FEB             (./Engine/Constant):00044         glb_camera_x_max_pos          equ $9FEB
     9FE9             (./Engine/Constant):00045         glb_camera_y_max_pos          equ $9FE9
     9FE8             (./Engine/Constant):00046         glb_force_sprite_refresh      equ $9FE8
     9FE7             (./Engine/Constant):00047         glb_camera_move               equ $9FE7
     9FE6             (./Engine/Constant):00048         glb_alphaTiles                equ $9FE6
     9F00             (./Engine/Constant):00049         glb_tmp_var                   equ $9F00 ; custom tmp var space for routine
     9F00             (./Engine/Constant):00050         glb_system_stack              equ $9F00
                      (./Engine/Constant):00051         
                      (./Engine/Constant):00052         * ===========================================================================
                      (./Engine/Constant):00053         * Display Constants
                      (./Engine/Constant):00054         * ===========================================================================
                      (./Engine/Constant):00055         
     00A0             (./Engine/Constant):00056         screen_width                  equ 160    ; in pixel
     001C             (./Engine/Constant):00057         screen_top                    equ 28     ; in pixel
     00E3             (./Engine/Constant):00058         screen_bottom                 equ 28+199 ; in pixel
     0030             (./Engine/Constant):00059         screen_left                   equ 48     ; in pixel
     00CF             (./Engine/Constant):00060         screen_right                  equ 48+159 ; in pixel
     0008             (./Engine/Constant):00061         nb_priority_levels            equ 8      ; number of priority levels (need code change if modified)
                      (./Engine/Constant):00062         
                      (./Engine/Constant):00063         * ===========================================================================
                      (./Engine/Constant):00064         * Images Constants
                      (./Engine/Constant):00065         * ===========================================================================
                      (./Engine/Constant):00066         
     0004             (./Engine/Constant):00067         image_x_size                  equ 4
     0005             (./Engine/Constant):00068         image_y_size                  equ 5
     0006             (./Engine/Constant):00069         image_center_offset           equ 6
                      (./Engine/Constant):00070         
     0004             (./Engine/Constant):00071         image_subset_x1_offset        equ 4
     0005             (./Engine/Constant):00072         image_subset_y1_offset        equ 5
                      (./Engine/Constant):00073         
     0000             (./Engine/Constant):00074         page_draw_routine             equ 0
     0001             (./Engine/Constant):00075         draw_routine                  equ 1
     0003             (./Engine/Constant):00076         page_erase_routine            equ 3
     0004             (./Engine/Constant):00077         erase_routine                 equ 4
     0006             (./Engine/Constant):00078         erase_nb_cell                 equ 6
                      (./Engine/Constant):00079         
                      (./Engine/Constant):00080         * ===========================================================================
                      (./Engine/Constant):00081         * Sound Constants
                      (./Engine/Constant):00082         * ===========================================================================
                      (./Engine/Constant):00083         
     0000             (./Engine/Constant):00084         sound_page        equ 0
     0001             (./Engine/Constant):00085         sound_start_addr  equ 1
     0003             (./Engine/Constant):00086         sound_end_addr    equ 3
     0005             (./Engine/Constant):00087         sound_meta_size   equ 5
                      (./Engine/Constant):00088         
                      (./Engine/Constant):00089         * ===========================================================================
                      (./Engine/Constant):00090         * Object Constants
                      (./Engine/Constant):00091         * ===========================================================================
                      (./Engine/Constant):00092         
     005D             (./Engine/Constant):00093         object_core_size              equ 93  ; the size of an object without ext_vars - DEPENDENCY ClearObj routine
     ????             (./Engine/Constant):00094         object_size                   equ object_core_size+ext_variables_size ; the size of a dynamic object
     ????             (./Engine/Constant):00095         next_object                   equ object_size
     005D             (./Engine/Constant):00096         ext_variables                 equ object_core_size ; start of reserved space for additionnal variables
                      (./Engine/Constant):00097         
     0000             (./Engine/Constant):00098         id                            equ 0           ; reference to object model id (ObjID_) (0: free slot)
     0001             (./Engine/Constant):00099         subtype                       equ 1           ; reference to object subtype (Sub_)
     0002             (./Engine/Constant):00100         render_flags                  equ 2
                      (./Engine/Constant):00101         
                      (./Engine/Constant):00102         * --- render_flags bitfield variables ---
     0001             (./Engine/Constant):00103         render_xmirror_mask           equ $01 ; (bit 0) DEPENDENCY should be bit 0 - tell display engine to mirror sprite on horizontal axis
     0002             (./Engine/Constant):00104         render_ymirror_mask           equ $02 ; (bit 1) DEPENDENCY should be bit 1 - tell display engine to mirror sprite on vertical axis
     0004             (./Engine/Constant):00105         render_overlay_mask           equ $04 ; (bit 2) DEPENDENCY should be bit 2 - compilated sprite with no background save
     0008             (./Engine/Constant):00106         render_motionless_mask        equ $08 ; (bit 3) tell display engine to compute sub image and position check only once until the flag is removed  
     0010             (./Engine/Constant):00107         render_playfieldcoord_mask    equ $10 ; (bit 4) tell display engine to use playfield (1) or screen (0) coordinates
     0020             (./Engine/Constant):00108         render_hide_mask              equ $20 ; (bit 5) tell display engine to hide sprite (keep priority and mapping_frame)
     0040             (./Engine/Constant):00109         render_todelete_mask          equ $40 ; (bit 6) tell display engine to delete sprite and clear OST for this object
     0080             (./Engine/Constant):00110         render_xloop_mask             equ $80 ; (bit 7) (screen coordinate) tell display engine to hide sprite when x is out of screen (0) or to display (1)  
                      (./Engine/Constant):00111          
     0003             (./Engine/Constant):00112         priority                      equ 3           ; display priority (0: nothing to display, 1:front, ..., 8:back)
     0004             (./Engine/Constant):00113         anim                          equ 4  ; and 5  ; reference to current animation (Ani_)
     0006             (./Engine/Constant):00114         prev_anim                     equ 6  ; and 7  ; reference to previous animation (Ani_)
     0008             (./Engine/Constant):00115         anim_frame                    equ 8           ; index of current frame in animation
     0009             (./Engine/Constant):00116         anim_frame_duration           equ 9           ; number of frames for each image in animation, range: 00-7F (0-127), 0 means display only during one frame
     000A             (./Engine/Constant):00117         anim_flags                    equ 10          ; byte offset to reference an anim_flags LUT (adv) / store a link flag (non adv)
                      (./Engine/Constant):00118         
                      (./Engine/Constant):00119         * --- anim_flags bitfield variables ---
     0001             (./Engine/Constant):00120         anim_link_mask                equ $01 ; (bit 0) if set, allow the load of a new animation without reseting anim_frame and anim_frame_duration
                      (./Engine/Constant):00121         
     000B             (./Engine/Constant):00122         status_flags                  equ 11          ; orientation of sprite, is applied to animation xmirror flag during AnimateSprite
                      (./Engine/Constant):00123         
                      (./Engine/Constant):00124         * --- status_flags bitfield variables ---
     0001             (./Engine/Constant):00125         status_xflip_mask             equ $01 ; (bit 0) X Flip
     0002             (./Engine/Constant):00126         status_yflip_mask             equ $02 ; (bit 1) Y Flip
                      (./Engine/Constant):00127         
     000C             (./Engine/Constant):00128         image_set                     equ 12 ; and 13 ; reference to current image (Img_) (0000 if no image)
     000E             (./Engine/Constant):00129         x_pos                         equ 14 ; and 15 ; x playfield coordinate
     0010             (./Engine/Constant):00130         x_sub                         equ 16          ; x subpixel (1/256 of a pixel), must follow x_pos in data structure
     0011             (./Engine/Constant):00131         y_pos                         equ 17 ; and 18 ; y playfield coordinate
     0013             (./Engine/Constant):00132         y_sub                         equ 19          ; y subpixel (1/256 of a pixel), must follow y_pos in data structure
     0014             (./Engine/Constant):00133         xy_pixel                      equ 20          ; x and y screen coordinate
     0014             (./Engine/Constant):00134         x_pixel                       equ 20          ; x screen coordinate
     0015             (./Engine/Constant):00135         y_pixel                       equ 21          ; y screen coordinate, must follow x_pixel
                      (./Engine/Constant):00136         ;x_offset                      equ 93          ; x screen coordinate offset that is applied at rendering
                      (./Engine/Constant):00137         ;y_offset                      equ 94          ; x screen coordinate offset that is applied at rendering
     0016             (./Engine/Constant):00138         x_vel                         equ 22 ; and 23 ; horizontal velocity
     0018             (./Engine/Constant):00139         y_vel                         equ 24 ; and 25 ; vertical velocity
     001A             (./Engine/Constant):00140         x_acl                         equ 26 ; and 27 ; horizontal gravity
     001C             (./Engine/Constant):00141         y_acl                         equ 28 ; and 29 ; vertical gravity
     001E             (./Engine/Constant):00142         routine                       equ 30          ; index of current object routine
     001F             (./Engine/Constant):00143         routine_secondary             equ 31          ; index of current secondary routine
     0020             (./Engine/Constant):00144         routine_tertiary              equ 32          ; index of current tertiary routine
     0021             (./Engine/Constant):00145         routine_quaternary            equ 33          ; index of current quaternary routine
                      (./Engine/Constant):00146         
                      (./Engine/Constant):00147         * ---------------------------------------------------------------------------
                      (./Engine/Constant):00148         * reserved variables (update by engine)
                      (./Engine/Constant):00149         
     0022             (./Engine/Constant):00150         rsv_render_flags              equ 34
                      (./Engine/Constant):00151         
                      (./Engine/Constant):00152         * --- rsv_render_flags bitfield variables ---
     0001             (./Engine/Constant):00153         rsv_render_checkrefresh_mask  equ $01 ; (bit 0) if erasesprite and display sprite flag are processed for this frame
     0002             (./Engine/Constant):00154         rsv_render_erasesprite_mask   equ $02 ; (bit 1) if a sprite need to be cleared on screen
     0004             (./Engine/Constant):00155         rsv_render_displaysprite_mask equ $04 ; (bit 2) if a sprite need to be rendered on screen
     0008             (./Engine/Constant):00156         rsv_render_outofrange_mask    equ $08 ; (bit 3) if a sprite is out of range for full rendering in screen
     0080             (./Engine/Constant):00157         rsv_render_onscreen_mask      equ $80 ; (bit 7) DEPENDENCY should be bit 7 - has been rendered on last screen buffer (may be 0 or 1)
                      (./Engine/Constant):00158         
     0023             (./Engine/Constant):00159         rsv_prev_anim                 equ 35 ; and 36 ; reference to previous animation (Ani_) w * UTILE ?
     0025             (./Engine/Constant):00160         rsv_image_center_offset       equ 37 ; 0 or 1 offset that indicate if image center is even or odd (DRS_XYToAddress)
     0026             (./Engine/Constant):00161         rsv_image_subset              equ 38 ; and 39 ; reference to current image regarding mirror flags w
     0028             (./Engine/Constant):00162         rsv_mapping_frame             equ 40 ; and 41 ; reference to current image regarding mirror flags, overlay flag and x precision w
     002A             (./Engine/Constant):00163         rsv_erase_nb_cell             equ 42 ; b 
     002B             (./Engine/Constant):00164         rsv_page_draw_routine         equ 43 ; b
     002C             (./Engine/Constant):00165         rsv_draw_routine              equ 44 ; and 45 ; w
     002E             (./Engine/Constant):00166         rsv_page_erase_routine        equ 46 ; b
     002F             (./Engine/Constant):00167         rsv_erase_routine             equ 47 ; and 48 ; w 
     0031             (./Engine/Constant):00168         rsv_xy1_pixel                 equ 49 ;
     0031             (./Engine/Constant):00169         rsv_x1_pixel                  equ 49 ; x+x_offset-(x_size/2) screen coordinate
     0032             (./Engine/Constant):00170         rsv_y1_pixel                  equ 50 ; y+y_offset-(y_size/2) screen coordinate, must follow rsv_x1_pixel
     0033             (./Engine/Constant):00171         rsv_xy2_pixel                 equ 51 ;
     0033             (./Engine/Constant):00172         rsv_x2_pixel                  equ 51 ; x+x_offset+(x_size/2) screen coordinate
     0034             (./Engine/Constant):00173         rsv_y2_pixel                  equ 52 ; y+y_offset+(y_size/2) screen coordinate, must follow rsv_x2_pixel
                      (./Engine/Constant):00174         
                      (./Engine/Constant):00175         * ---------------------------------------------------------------------------
                      (./Engine/Constant):00176         * reserved variables (engine) - buffer specific
                      (./Engine/Constant):00177         
     0035             (./Engine/Constant):00178         rsv_buffer_0                  equ 53 ; Start index of buffer 0 variables
     0035             (./Engine/Constant):00179         rsv_priority_0                equ 53 ; internal value that hold priority in video buffer 0
     0036             (./Engine/Constant):00180         rsv_priority_prev_obj_0       equ 54 ; and 55 ; previous object (OST address) in display priority list for video buffer 0 (0000 if none) w
     0038             (./Engine/Constant):00181         rsv_priority_next_obj_0       equ 56 ; and 57 ; next object (OST address) in display priority list for video buffer 0 (0000 if none) w
     003A             (./Engine/Constant):00182         rsv_prev_mapping_frame_0      equ 58 ; and 59 ; reference to previous image in video buffer 0 w
     003C             (./Engine/Constant):00183         rsv_prev_erase_nb_cell_0      equ 60 : b
     003D             (./Engine/Constant):00184         rsv_prev_page_erase_routine_0 equ 61 ; b
     003E             (./Engine/Constant):00185         rsv_prev_erase_routine_0      equ 62 ; and 63 ; w
     0040             (./Engine/Constant):00186         rsv_bgdata_0                  equ 64 ; and 65 ; address of background data in screen 0 w
     0042             (./Engine/Constant):00187         rsv_prev_xy_pixel_0           equ 66 ;
     0042             (./Engine/Constant):00188         rsv_prev_x_pixel_0            equ 66 ; previous x screen coordinate b
     0043             (./Engine/Constant):00189         rsv_prev_y_pixel_0            equ 67 ; previous y screen coordinate b, must follow x_pixel
     0044             (./Engine/Constant):00190         rsv_prev_xy1_pixel_0          equ 68 ;
     0044             (./Engine/Constant):00191         rsv_prev_x1_pixel_0           equ 68 ; previous x+x_offset-(x_size/2) screen coordinate b
     0045             (./Engine/Constant):00192         rsv_prev_y1_pixel_0           equ 69 ; previous y+y_offset-(y_size/2) screen coordinate b, must follow x1_pixel
     0046             (./Engine/Constant):00193         rsv_prev_xy2_pixel_0          equ 70 ;
     0046             (./Engine/Constant):00194         rsv_prev_x2_pixel_0           equ 70 ; previous x+x_offset+(x_size/2) screen coordinate b
     0047             (./Engine/Constant):00195         rsv_prev_y2_pixel_0           equ 71 ; previous y+y_offset+(y_size/2) screen coordinate b, must follow x2_pixel
     0048             (./Engine/Constant):00196         rsv_prev_render_flags_0       equ 72 ;
                      (./Engine/Constant):00197         * --- rsv_prev_render_flags_0 bitfield variables ---
     0001             (./Engine/Constant):00198         rsv_prev_render_overlay_mask  equ $01 ; (bit 0) if a sprite has been rendered with compilated sprite and no background save on screen buffer 0/1
     0080             (./Engine/Constant):00199         rsv_prev_render_onscreen_mask equ $80 ; (bit 7) DEPENDENCY should be bit 7 - has been rendered on screen buffer 0/1
                      (./Engine/Constant):00200         
     0049             (./Engine/Constant):00201         rsv_buffer_1                  equ 73 ; Start index of buffer 1 variables
     0049             (./Engine/Constant):00202         rsv_priority_1                equ 73 ; internal value that hold priority in video buffer 1
     004A             (./Engine/Constant):00203         rsv_priority_prev_obj_1       equ 74 ; and 75 ; previous object (OST address) in display priority list for video buffer 1 (0000 if none) w
     004C             (./Engine/Constant):00204         rsv_priority_next_obj_1       equ 76 ; and 77 ; next object (OST address) in display priority list for video buffer 1 (0000 if none) w
     004E             (./Engine/Constant):00205         rsv_prev_mapping_frame_1      equ 78 ; and 79 ; reference to previous image in video buffer 1 w
     0050             (./Engine/Constant):00206         rsv_prev_erase_nb_cell_1      equ 80 ; b
     0051             (./Engine/Constant):00207         rsv_prev_page_erase_routine_1 equ 81 ; b
     0052             (./Engine/Constant):00208         rsv_prev_erase_routine_1      equ 82 ; and 83 ; w
     0054             (./Engine/Constant):00209         rsv_bgdata_1                  equ 84 ; and 85 ; address of background data in screen 1 w
     0056             (./Engine/Constant):00210         rsv_prev_xy_pixel_1           equ 86 ;
     0056             (./Engine/Constant):00211         rsv_prev_x_pixel_1            equ 86 ; previous x screen coordinate b
     0057             (./Engine/Constant):00212         rsv_prev_y_pixel_1            equ 87 ; previous y screen coordinate b, must follow x_pixel
     0058             (./Engine/Constant):00213         rsv_prev_xy1_pixel_1          equ 88 ;
     0058             (./Engine/Constant):00214         rsv_prev_x1_pixel_1           equ 88 ; previous x+x_size screen coordinate b
     0059             (./Engine/Constant):00215         rsv_prev_y1_pixel_1           equ 89 ; previous y+y_size screen coordinate b, must follow x_pixel
     005A             (./Engine/Constant):00216         rsv_prev_xy2_pixel_1          equ 90 ;
     005A             (./Engine/Constant):00217         rsv_prev_x2_pixel_1           equ 90 ; previous x+x_size screen coordinate b
     005B             (./Engine/Constant):00218         rsv_prev_y2_pixel_1           equ 91 ; previous y+y_size screen coordinate b, must follow x_pixel
     005C             (./Engine/Constant):00219         rsv_prev_render_flags_1       equ 92 ;
                      (./Engine/Constant):00220         
     0000             (./Engine/Constant):00221         buf_priority                  equ 0  ; offset for each rsv_buffer variables
     0001             (./Engine/Constant):00222         buf_priority_prev_obj         equ 1  ;
     0003             (./Engine/Constant):00223         buf_priority_next_obj         equ 3  ;
     0005             (./Engine/Constant):00224         buf_prev_mapping_frame        equ 5  ;
     0007             (./Engine/Constant):00225         buf_erase_nb_cell             equ 7  ;
     0008             (./Engine/Constant):00226         buf_page_erase_routine        equ 8 ;
     0009             (./Engine/Constant):00227         buf_erase_routine             equ 9 ;
     000B             (./Engine/Constant):00228         buf_bgdata                    equ 11 ;
     000D             (./Engine/Constant):00229         buf_prev_xy_pixel             equ 13 ;
     000D             (./Engine/Constant):00230         buf_prev_x_pixel              equ 13 ;
     000E             (./Engine/Constant):00231         buf_prev_y_pixel              equ 14 ;
     000F             (./Engine/Constant):00232         buf_prev_xy1_pixel            equ 15 ;
     000F             (./Engine/Constant):00233         buf_prev_x1_pixel             equ 15 ;
     0010             (./Engine/Constant):00234         buf_prev_y1_pixel             equ 16 ;
     0011             (./Engine/Constant):00235         buf_prev_xy2_pixel            equ 17 ;
     0011             (./Engine/Constant):00236         buf_prev_x2_pixel             equ 17 ;
     0012             (./Engine/Constant):00237         buf_prev_y2_pixel             equ 18 ;
     0013             (./Engine/Constant):00238         buf_prev_render_flags         equ 19 ;
                      (./generated-code/):00002                 ORG $A000
     FF               (./generated-code/):00003                 SETDP $FF
                      (./generated-code/):00004                 OPT C,CT
A000                  (./generated-code/):00005                 ERASE_Img_sonic_032_0
A000 10FF9FFE         (./generated-code/):00006 [7]     7               STS glb_register_s
                      (./generated-code/):00007                 
A004 32C4             (./generated-code/):00008 [4]     11              LEAS ,U
A006                  (./generated-code/):00009                 ERASE_CODE_Img_sonic_032_0
A006 3542             (./generated-code/):00010 [8]     19              PULS A,U
A008 A7C863           (./generated-code/):00011 [5]     24              STA 99,U
                      (./generated-code/):00012                 
A00B 3506             (./generated-code/):00013 [7]     31              PULS A,B
A00D A7C83B           (./generated-code/):00014 [5]     36              STA 59,U
A010 E7C8C7           (./generated-code/):00015 [5]     41              STB -57,U
                      (./generated-code/):00016                 
A013 3532             (./generated-code/):00017 [10]    51              PULS A,X,Y
A015 A7C89F           (./generated-code/):00018 [5]     56              STA -97,U
A018 AFC8ED           (./generated-code/):00019 [6]     62              STX -19,U
A01B 10AFC8C5         (./generated-code/):00020 [7]     69              STY -59,U
                      (./generated-code/):00021                 
A01F 3516             (./generated-code/):00022 [9]     78              PULS D,X
A021 EDC8C3           (./generated-code/):00023 [6]     84              STD -61,U
A024 AFC89D           (./generated-code/):00024 [6]     90              STX -99,U
                      (./generated-code/):00025                 
A027 3506             (./generated-code/):00026 [7]     97              PULS A,B
A029 A7C8EB           (./generated-code/):00027 [5]     102             STA -21,U
A02C E7C865           (./generated-code/):00028 [5]     107             STB 101,U
                      (./generated-code/):00029                 
A02F 3506             (./generated-code/):00030 [7]     114             PULS A,B
A031 A7C83D           (./generated-code/):00031 [5]     119             STA 61,U
A034 E7C89B           (./generated-code/):00032 [5]     124             STB -101,U
                      (./generated-code/):00033                 
A037 3506             (./generated-code/):00034 [7]     131             PULS A,B
A039 A7C813           (./generated-code/):00035 [5]     136             STA 19,U
A03C E7C815           (./generated-code/):00036 [5]     141             STB 21,U
                      (./generated-code/):00037                 
A03F 3552             (./generated-code/):00038 [10]    151             PULS A,X,U
A041 3612             (./generated-code/):00039 [8]     159             PSHU A,X
                      (./generated-code/):00040                 
A043 3506             (./generated-code/):00041 [7]     166             PULS D
A045 EDC84E           (./generated-code/):00042 [6]     172             STD 78,U
                      (./generated-code/):00043                 
A048 3506             (./generated-code/):00044 [7]     179             PULS A,B
A04A A7C87A           (./generated-code/):00045 [5]     184             STA 122,U
A04D E7C852           (./generated-code/):00046 [5]     189             STB 82,U
                      (./generated-code/):00047                 
A050 3532             (./generated-code/):00048 [10]    199             PULS A,X,Y
A052 A7C82A           (./generated-code/):00049 [5]     204             STA 42,U
A055 AFC878           (./generated-code/):00050 [6]     210             STX 120,U
A058 10AFC876         (./generated-code/):00051 [7]     217             STY 118,U
                      (./generated-code/):00052                 
A05C 3536             (./generated-code/):00053 [11]    228             PULS D,X,Y
A05E EDC828           (./generated-code/):00054 [6]     234             STD 40,U
A061 AFC850           (./generated-code/):00055 [6]     240             STX 80,U
A064 10AFC826         (./generated-code/):00056 [7]     247             STY 38,U
                      (./generated-code/):00057                 
A068 3552             (./generated-code/):00058 [10]    257             PULS A,X,U
A06A 3612             (./generated-code/):00059 [8]     265             PSHU A,X
                      (./generated-code/):00060                 
A06C 3506             (./generated-code/):00061 [7]     272             PULS D
A06E EDC826           (./generated-code/):00062 [6]     278             STD 38,U
                      (./generated-code/):00063                 
A071 3552             (./generated-code/):00064 [10]    288             PULS A,X,U
A073 3612             (./generated-code/):00065 [8]     296             PSHU A,X
                      (./generated-code/):00066                 
A075 3506             (./generated-code/):00067 [7]     303             PULS D
A077 EDC826           (./generated-code/):00068 [6]     309             STD 38,U
                      (./generated-code/):00069                 
A07A 3552             (./generated-code/):00070 [10]    319             PULS A,X,U
A07C 3612             (./generated-code/):00071 [8]     327             PSHU A,X
                      (./generated-code/):00072                 
A07E 3556             (./generated-code/):00073 [11]    338             PULS D,X,U
A080 3616             (./generated-code/):00074 [9]     347             PSHU D,X
                      (./generated-code/):00075                 
A082 3516             (./generated-code/):00076 [9]     356             PULS D,X
A084 EDC82A           (./generated-code/):00077 [6]     362             STD 42,U
A087 AFC828           (./generated-code/):00078 [6]     368             STX 40,U
                      (./generated-code/):00079                 
A08A 3556             (./generated-code/):00080 [11]    379             PULS D,X,U
A08C 3616             (./generated-code/):00081 [9]     388             PSHU D,X
                      (./generated-code/):00082                 
A08E 3556             (./generated-code/):00083 [11]    399             PULS D,X,U
A090 3616             (./generated-code/):00084 [9]     408             PSHU D,X
                      (./generated-code/):00085                 
A092 3556             (./generated-code/):00086 [11]    419             PULS D,X,U
A094 3616             (./generated-code/):00087 [9]     428             PSHU D,X
                      (./generated-code/):00088                 
A096 3506             (./generated-code/):00089 [7]     435             PULS D
A098 EDC8D8           (./generated-code/):00090 [6]     441             STD -40,U
                      (./generated-code/):00091                 
A09B 3536             (./generated-code/):00092 [11]    452             PULS A,B,X,Y
A09D A7C88B           (./generated-code/):00093 [5]     457             STA -117,U
A0A0 E7C8B3           (./generated-code/):00094 [5]     462             STB -77,U
A0A3 AFC8DA           (./generated-code/):00095 [6]     468             STX -38,U
A0A6 10AFC8B1         (./generated-code/):00096 [7]     475             STY -79,U
                      (./generated-code/):00097                 
A0AA 3536             (./generated-code/):00098 [11]    486             PULS D,X,Y
A0AC EDC8AF           (./generated-code/):00099 [6]     492             STD -81,U
A0AF AFC889           (./generated-code/):00100 [6]     498             STX -119,U
A0B2 10AFC887         (./generated-code/):00101 [7]     505             STY -121,U
                      (./generated-code/):00102                 
A0B6 3552             (./generated-code/):00103 [10]    515             PULS A,X,U
A0B8 3612             (./generated-code/):00104 [8]     523             PSHU A,X
                      (./generated-code/):00105                 
A0BA 3506             (./generated-code/):00106 [7]     530             PULS D
A0BC EDC850           (./generated-code/):00107 [6]     536             STD 80,U
                      (./generated-code/):00108                 
A0BF 3516             (./generated-code/):00109 [9]     545             PULS A,B,X
A0C1 A7C888           (./generated-code/):00110 [5]     550             STA -120,U
A0C4 E7C8B0           (./generated-code/):00111 [5]     555             STB -80,U
A0C7 AFC828           (./generated-code/):00112 [6]     561             STX 40,U
                      (./generated-code/):00113                 
A0CA 3516             (./generated-code/):00114 [9]     570             PULS A,B,X
A0CC A7C886           (./generated-code/):00115 [5]     575             STA -122,U
A0CF E7C8AE           (./generated-code/):00116 [5]     580             STB -82,U
A0D2 AFC8D8           (./generated-code/):00117 [6]     586             STX -40,U
                      (./generated-code/):00118                 
A0D5 3516             (./generated-code/):00119 [9]     595             PULS A,B,X
A0D7 A75E             (./generated-code/):00120 [5]     600             STA -2,U
A0D9 E7C8D6           (./generated-code/):00121 [5]     605             STB -42,U
A0DC AFC878           (./generated-code/):00122 [6]     611             STX 120,U
                      (./generated-code/):00123                 
A0DF 3506             (./generated-code/):00124 [7]     618             PULS A,B
A0E1 A7C87A           (./generated-code/):00125 [5]     623             STA 122,U
A0E4 E7C876           (./generated-code/):00126 [5]     628             STB 118,U
                      (./generated-code/):00127                 
A0E7 3506             (./generated-code/):00128 [7]     635             PULS A,B
A0E9 A7C852           (./generated-code/):00129 [5]     640             STA 82,U
A0EC E7C84E           (./generated-code/):00130 [5]     645             STB 78,U
                      (./generated-code/):00131                 
A0EF 3506             (./generated-code/):00132 [7]     652             PULS A,B
A0F1 A7C82A           (./generated-code/):00133 [5]     657             STA 42,U
A0F4 E7C826           (./generated-code/):00134 [5]     662             STB 38,U
                      (./generated-code/):00135                 
A0F7 3542             (./generated-code/):00136 [8]     670             PULS A,U
A0F9 A7C4             (./generated-code/):00137 [4]     674             STA ,U
                      (./generated-code/):00138                 
A0FB 3546             (./generated-code/):00139 [9]     683             PULS D,U
A0FD EDC878           (./generated-code/):00140 [6]     689             STD 120,U
                      (./generated-code/):00141                 
A100 3506             (./generated-code/):00142 [7]     696             PULS D
A102 EDC8B1           (./generated-code/):00143 [6]     702             STD -79,U
                      (./generated-code/):00144                 
A105 3506             (./generated-code/):00145 [7]     709             PULS A,B
A107 A7C8D9           (./generated-code/):00146 [5]     714             STA -39,U
A10A E7C8B3           (./generated-code/):00147 [5]     719             STB -77,U
                      (./generated-code/):00148                 
A10D 3532             (./generated-code/):00149 [10]    729             PULS A,X,Y
A10F A7C88B           (./generated-code/):00150 [5]     734             STA -117,U
A112 AFC850           (./generated-code/):00151 [6]     740             STX 80,U
A115 10AFC828         (./generated-code/):00152 [7]     747             STY 40,U
                      (./generated-code/):00153                 
A119 3536             (./generated-code/):00154 [11]    758             PULS D,X,Y
A11B EDC4             (./generated-code/):00155 [5]     763             STD ,U
A11D AFC889           (./generated-code/):00156 [6]     769             STX -119,U
A120 10AFC8D7         (./generated-code/):00157 [7]     776             STY -41,U
                      (./generated-code/):00158                 
A124 3516             (./generated-code/):00159 [9]     785             PULS D,X
A126 EDC8AF           (./generated-code/):00160 [6]     791             STD -81,U
A129 AFC887           (./generated-code/):00161 [6]     797             STX -121,U
                      (./generated-code/):00162                 
A12C 3556             (./generated-code/):00163 [11]    808             PULS A,B,X,U
A12E 3614             (./generated-code/):00164 [8]     816             PSHU B,X
A130 A7C82A           (./generated-code/):00165 [5]     821             STA 42,U
                      (./generated-code/):00166                 
A133 3506             (./generated-code/):00167 [7]     828             PULS A,B
A135 A7C87A           (./generated-code/):00168 [5]     833             STA 122,U
A138 E7C852           (./generated-code/):00169 [5]     838             STB 82,U
                      (./generated-code/):00170                 
A13B 3506             (./generated-code/):00171 [7]     845             PULS A,B
A13D A7C84E           (./generated-code/):00172 [5]     850             STA 78,U
A140 E7C826           (./generated-code/):00173 [5]     855             STB 38,U
                      (./generated-code/):00174                 
A143 3532             (./generated-code/):00175 [10]    865             PULS A,X,Y
A145 A743             (./generated-code/):00176 [5]     870             STA 3,U
A147 AFC850           (./generated-code/):00177 [6]     876             STX 80,U
A14A 10AFC828         (./generated-code/):00178 [7]     883             STY 40,U
                      (./generated-code/):00179                 
A14E 3516             (./generated-code/):00180 [9]     892             PULS D,X
A150 EDC878           (./generated-code/):00181 [6]     898             STD 120,U
A153 AFC876           (./generated-code/):00182 [6]     904             STX 118,U
                      (./generated-code/):00183                 
A156 3552             (./generated-code/):00184 [10]    914             PULS A,X,U
A158 3612             (./generated-code/):00185 [8]     922             PSHU A,X
                      (./generated-code/):00186                 
A15A 3506             (./generated-code/):00187 [7]     929             PULS A,B
A15C A7C826           (./generated-code/):00188 [5]     934             STA 38,U
A15F E743             (./generated-code/):00189 [5]     939             STB 3,U
                      (./generated-code/):00190                 
A161 3552             (./generated-code/):00191 [10]    949             PULS A,X,U
A163 3612             (./generated-code/):00192 [8]     957             PSHU A,X
                      (./generated-code/):00193                 
A165 3506             (./generated-code/):00194 [7]     964             PULS A,B
A167 A7C826           (./generated-code/):00195 [5]     969             STA 38,U
A16A E743             (./generated-code/):00196 [5]     974             STB 3,U
                      (./generated-code/):00197                 
A16C 3556             (./generated-code/):00198 [11]    985             PULS D,X,U
A16E 3616             (./generated-code/):00199 [9]     994             PSHU D,X
                      (./generated-code/):00200                 
A170 3506             (./generated-code/):00201 [7]     1001            PULS A,B
A172 A7C877           (./generated-code/):00202 [5]     1006            STA 119,U
A175 E7C854           (./generated-code/):00203 [5]     1011            STB 84,U
                      (./generated-code/):00204                 
A178 3532             (./generated-code/):00205 [10]    1021            PULS A,X,Y
A17A A7C82C           (./generated-code/):00206 [5]     1026            STA 44,U
A17D AFC82A           (./generated-code/):00207 [6]     1032            STX 42,U
A180 10AFC852         (./generated-code/):00208 [7]     1039            STY 82,U
                      (./generated-code/):00209                 
A184 3516             (./generated-code/):00210 [9]     1048            PULS D,X
A186 EDC850           (./generated-code/):00211 [6]     1054            STD 80,U
A189 AFC828           (./generated-code/):00212 [6]     1060            STX 40,U
                      (./generated-code/):00213                 
A18C 3556             (./generated-code/):00214 [11]    1071            PULS D,X,U
A18E 3616             (./generated-code/):00215 [9]     1080            PSHU D,X
                      (./generated-code/):00216                 
A190 3556             (./generated-code/):00217 [11]    1091            PULS D,X,U
A192 3616             (./generated-code/):00218 [9]     1100            PSHU D,X
                      (./generated-code/):00219                 
A194 3556             (./generated-code/):00220 [11]    1111            PULS D,X,U
A196 3616             (./generated-code/):00221 [9]     1120            PSHU D,X
                      (./generated-code/):00222                 
A198 3556             (./generated-code/):00223 [11]    1131            PULS D,X,U
A19A 3616             (./generated-code/):00224 [9]     1140            PSHU D,X
                      (./generated-code/):00225                 
A19C 3556             (./generated-code/):00226 [11]    1151            PULS D,X,U
A19E 3616             (./generated-code/):00227 [9]     1160            PSHU D,X
                      (./generated-code/):00228                 
A1A0 3556             (./generated-code/):00229 [11]    1171            PULS D,X,U
A1A2 3616             (./generated-code/):00230 [9]     1180            PSHU D,X
                      (./generated-code/):00231                 
A1A4 3536             (./generated-code/):00232 [11]    1191            PULS D,X,Y
A1A6 EDC8B2           (./generated-code/):00233 [6]     1197            STD -78,U
A1A9 AFC8DA           (./generated-code/):00234 [6]     1203            STX -38,U
A1AC 10AFC8D8         (./generated-code/):00235 [7]     1210            STY -40,U
                      (./generated-code/):00236                 
A1B0 3536             (./generated-code/):00237 [11]    1221            PULS D,X,Y
A1B2 EDC8B0           (./generated-code/):00238 [6]     1227            STD -80,U
A1B5 AFC88A           (./generated-code/):00239 [6]     1233            STX -118,U
A1B8 10AFC888         (./generated-code/):00240 [7]     1240            STY -120,U
                      (./generated-code/):00241                 
A1BC 3542             (./generated-code/):00242 [8]     1248            PULS A,U
A1BE A7C8EB           (./generated-code/):00243 [5]     1253            STA -21,U
                      (./generated-code/):00244                 
A1C1 3516             (./generated-code/):00245 [9]     1262            PULS D,X
A1C3 EDC814           (./generated-code/):00246 [6]     1268            STD 20,U
A1C6 AFC812           (./generated-code/):00247 [6]     1274            STX 18,U
                      (./generated-code/):00248                 
A1C9 33E4             (./generated-code/):00249 [4]     1278            LEAU ,S
A1CB 10FE9FFE         (./generated-code/):00250 [7]     1285            LDS glb_register_s
A1CF 39               (./generated-code/):00251 [5]     1290            RTS
                      (./generated-code/):00252                 
     0101             (./generated-code/):00253                 DataSize equ $0101
