                      (./generated-code/):00001                 INCLUDE "./Engine/Constants.asm"
                      (./Engine/Constant):00001         * ---------------------------------------------------------------------------
                      (./Engine/Constant):00002         * Constants
                      (./Engine/Constant):00003         *
                      (./Engine/Constant):00004         * Naming convention
                      (./Engine/Constant):00005         * -----------------
                      (./Engine/Constant):00006         * - lower case
                      (./Engine/Constant):00007         * - underscore-separated names
                      (./Engine/Constant):00008         *
                      (./Engine/Constant):00009         * ---------------------------------------------------------------------------
                      (./Engine/Constant):00010         
                      (./Engine/Constant):00011         * ===========================================================================
                      (./Engine/Constant):00012         * TO8 Registers
                      (./Engine/Constant):00013         * ===========================================================================
                      (./Engine/Constant):00014         
                      (./Engine/Constant):00015         ; Disk routine registers (ROM)
                      (./Engine/Constant):00016         
     6049             (./Engine/Constant):00017         dk_drive                      equ $6049
     604A             (./Engine/Constant):00018         dk_track                      equ $604A
     604B             (./Engine/Constant):00019         dk_track_lsb                  equ $604B
     604C             (./Engine/Constant):00020         dk_sector                     equ $604C
     604F             (./Engine/Constant):00021         dk_write_location             equ $604F
                      (./Engine/Constant):00022         
                      (./Engine/Constant):00023         * ===========================================================================
                      (./Engine/Constant):00024         * Globals
                      (./Engine/Constant):00025         * ===========================================================================
                      (./Engine/Constant):00026         
     009F             (./Engine/Constant):00027         glb_direct_page               equ $9F    ; direct page for globals
                      (./Engine/Constant):00028         
                      (./Engine/Constant):00029         ; compilated sprite
     9FFE             (./Engine/Constant):00030         glb_register_s                equ $9FFE  ; reverved space to store S from ROM routines
                      (./Engine/Constant):00031         
                      (./Engine/Constant):00032         ; DrawSprites
     9FFC             (./Engine/Constant):00033         glb_screen_location_1         equ $9FFC  ; start address for rendering of current sprite Part1     
     9FFA             (./Engine/Constant):00034         glb_screen_location_2         equ $9FFA  ; start address for rendering of current sprite Part2 (Must follow Part1)
                      (./Engine/Constant):00035         
                      (./Engine/Constant):00036         ; CheckSpritesRefresh
     9FF9             (./Engine/Constant):00037         glb_cur_priority              equ $9FF9
     9FF7             (./Engine/Constant):00038         glb_cur_ptr_sub_obj_erase     equ $9FF7
     9FF5             (./Engine/Constant):00039         glb_cur_ptr_sub_obj_draw      equ $9FF5
     9FF3             (./Engine/Constant):00040         glb_camera_x_pos              equ $9FF3 ; camera x position in palyfield coordinates
     9FF1             (./Engine/Constant):00041         glb_camera_y_pos              equ $9FF1 ; camera y position in palyfield coordinates
     9FEF             (./Engine/Constant):00042         glb_camera_x_min_pos          equ $9FEF
     9FED             (./Engine/Constant):00043         glb_camera_y_min_pos          equ $9FED
     9FEB             (./Engine/Constant):00044         glb_camera_x_max_pos          equ $9FEB
     9FE9             (./Engine/Constant):00045         glb_camera_y_max_pos          equ $9FE9
     9FE8             (./Engine/Constant):00046         glb_force_sprite_refresh      equ $9FE8
     9FE7             (./Engine/Constant):00047         glb_camera_move               equ $9FE7
     9FE6             (./Engine/Constant):00048         glb_alphaTiles                equ $9FE6
     9F00             (./Engine/Constant):00049         glb_tmp_var                   equ $9F00 ; custom tmp var space for routine
     9F00             (./Engine/Constant):00050         glb_system_stack              equ $9F00
                      (./Engine/Constant):00051         
                      (./Engine/Constant):00052         * ===========================================================================
                      (./Engine/Constant):00053         * Display Constants
                      (./Engine/Constant):00054         * ===========================================================================
                      (./Engine/Constant):00055         
     00A0             (./Engine/Constant):00056         screen_width                  equ 160    ; in pixel
     001C             (./Engine/Constant):00057         screen_top                    equ 28     ; in pixel
     00E3             (./Engine/Constant):00058         screen_bottom                 equ 28+199 ; in pixel
     0030             (./Engine/Constant):00059         screen_left                   equ 48     ; in pixel
     00CF             (./Engine/Constant):00060         screen_right                  equ 48+159 ; in pixel
     0008             (./Engine/Constant):00061         nb_priority_levels            equ 8      ; number of priority levels (need code change if modified)
                      (./Engine/Constant):00062         
                      (./Engine/Constant):00063         * ===========================================================================
                      (./Engine/Constant):00064         * Images Constants
                      (./Engine/Constant):00065         * ===========================================================================
                      (./Engine/Constant):00066         
     0004             (./Engine/Constant):00067         image_x_size                  equ 4
     0005             (./Engine/Constant):00068         image_y_size                  equ 5
     0006             (./Engine/Constant):00069         image_center_offset           equ 6
                      (./Engine/Constant):00070         
     0004             (./Engine/Constant):00071         image_subset_x1_offset        equ 4
     0005             (./Engine/Constant):00072         image_subset_y1_offset        equ 5
                      (./Engine/Constant):00073         
     0000             (./Engine/Constant):00074         page_draw_routine             equ 0
     0001             (./Engine/Constant):00075         draw_routine                  equ 1
     0003             (./Engine/Constant):00076         page_erase_routine            equ 3
     0004             (./Engine/Constant):00077         erase_routine                 equ 4
     0006             (./Engine/Constant):00078         erase_nb_cell                 equ 6
                      (./Engine/Constant):00079         
                      (./Engine/Constant):00080         * ===========================================================================
                      (./Engine/Constant):00081         * Sound Constants
                      (./Engine/Constant):00082         * ===========================================================================
                      (./Engine/Constant):00083         
     0000             (./Engine/Constant):00084         sound_page        equ 0
     0001             (./Engine/Constant):00085         sound_start_addr  equ 1
     0003             (./Engine/Constant):00086         sound_end_addr    equ 3
     0005             (./Engine/Constant):00087         sound_meta_size   equ 5
                      (./Engine/Constant):00088         
                      (./Engine/Constant):00089         * ===========================================================================
                      (./Engine/Constant):00090         * Object Constants
                      (./Engine/Constant):00091         * ===========================================================================
                      (./Engine/Constant):00092         
     005D             (./Engine/Constant):00093         object_core_size              equ 93  ; the size of an object without ext_vars - DEPENDENCY ClearObj routine
     ????             (./Engine/Constant):00094         object_size                   equ object_core_size+ext_variables_size ; the size of a dynamic object
     ????             (./Engine/Constant):00095         next_object                   equ object_size
     005D             (./Engine/Constant):00096         ext_variables                 equ object_core_size ; start of reserved space for additionnal variables
                      (./Engine/Constant):00097         
     0000             (./Engine/Constant):00098         id                            equ 0           ; reference to object model id (ObjID_) (0: free slot)
     0001             (./Engine/Constant):00099         subtype                       equ 1           ; reference to object subtype (Sub_)
     0002             (./Engine/Constant):00100         render_flags                  equ 2
                      (./Engine/Constant):00101         
                      (./Engine/Constant):00102         * --- render_flags bitfield variables ---
     0001             (./Engine/Constant):00103         render_xmirror_mask           equ $01 ; (bit 0) DEPENDENCY should be bit 0 - tell display engine to mirror sprite on horizontal axis
     0002             (./Engine/Constant):00104         render_ymirror_mask           equ $02 ; (bit 1) DEPENDENCY should be bit 1 - tell display engine to mirror sprite on vertical axis
     0004             (./Engine/Constant):00105         render_overlay_mask           equ $04 ; (bit 2) DEPENDENCY should be bit 2 - compilated sprite with no background save
     0008             (./Engine/Constant):00106         render_motionless_mask        equ $08 ; (bit 3) tell display engine to compute sub image and position check only once until the flag is removed  
     0010             (./Engine/Constant):00107         render_playfieldcoord_mask    equ $10 ; (bit 4) tell display engine to use playfield (1) or screen (0) coordinates
     0020             (./Engine/Constant):00108         render_hide_mask              equ $20 ; (bit 5) tell display engine to hide sprite (keep priority and mapping_frame)
     0040             (./Engine/Constant):00109         render_todelete_mask          equ $40 ; (bit 6) tell display engine to delete sprite and clear OST for this object
     0080             (./Engine/Constant):00110         render_xloop_mask             equ $80 ; (bit 7) (screen coordinate) tell display engine to hide sprite when x is out of screen (0) or to display (1)  
                      (./Engine/Constant):00111          
     0003             (./Engine/Constant):00112         priority                      equ 3           ; display priority (0: nothing to display, 1:front, ..., 8:back)
     0004             (./Engine/Constant):00113         anim                          equ 4  ; and 5  ; reference to current animation (Ani_)
     0006             (./Engine/Constant):00114         prev_anim                     equ 6  ; and 7  ; reference to previous animation (Ani_)
     0008             (./Engine/Constant):00115         anim_frame                    equ 8           ; index of current frame in animation
     0009             (./Engine/Constant):00116         anim_frame_duration           equ 9           ; number of frames for each image in animation, range: 00-7F (0-127), 0 means display only during one frame
     000A             (./Engine/Constant):00117         anim_flags                    equ 10          ; byte offset to reference an anim_flags LUT (adv) / store a link flag (non adv)
                      (./Engine/Constant):00118         
                      (./Engine/Constant):00119         * --- anim_flags bitfield variables ---
     0001             (./Engine/Constant):00120         anim_link_mask                equ $01 ; (bit 0) if set, allow the load of a new animation without reseting anim_frame and anim_frame_duration
                      (./Engine/Constant):00121         
     000B             (./Engine/Constant):00122         status_flags                  equ 11          ; orientation of sprite, is applied to animation xmirror flag during AnimateSprite
                      (./Engine/Constant):00123         
                      (./Engine/Constant):00124         * --- status_flags bitfield variables ---
     0001             (./Engine/Constant):00125         status_xflip_mask             equ $01 ; (bit 0) X Flip
     0002             (./Engine/Constant):00126         status_yflip_mask             equ $02 ; (bit 1) Y Flip
                      (./Engine/Constant):00127         
     000C             (./Engine/Constant):00128         image_set                     equ 12 ; and 13 ; reference to current image (Img_) (0000 if no image)
     000E             (./Engine/Constant):00129         x_pos                         equ 14 ; and 15 ; x playfield coordinate
     0010             (./Engine/Constant):00130         x_sub                         equ 16          ; x subpixel (1/256 of a pixel), must follow x_pos in data structure
     0011             (./Engine/Constant):00131         y_pos                         equ 17 ; and 18 ; y playfield coordinate
     0013             (./Engine/Constant):00132         y_sub                         equ 19          ; y subpixel (1/256 of a pixel), must follow y_pos in data structure
     0014             (./Engine/Constant):00133         xy_pixel                      equ 20          ; x and y screen coordinate
     0014             (./Engine/Constant):00134         x_pixel                       equ 20          ; x screen coordinate
     0015             (./Engine/Constant):00135         y_pixel                       equ 21          ; y screen coordinate, must follow x_pixel
                      (./Engine/Constant):00136         ;x_offset                      equ 93          ; x screen coordinate offset that is applied at rendering
                      (./Engine/Constant):00137         ;y_offset                      equ 94          ; x screen coordinate offset that is applied at rendering
     0016             (./Engine/Constant):00138         x_vel                         equ 22 ; and 23 ; horizontal velocity
     0018             (./Engine/Constant):00139         y_vel                         equ 24 ; and 25 ; vertical velocity
     001A             (./Engine/Constant):00140         x_acl                         equ 26 ; and 27 ; horizontal gravity
     001C             (./Engine/Constant):00141         y_acl                         equ 28 ; and 29 ; vertical gravity
     001E             (./Engine/Constant):00142         routine                       equ 30          ; index of current object routine
     001F             (./Engine/Constant):00143         routine_secondary             equ 31          ; index of current secondary routine
     0020             (./Engine/Constant):00144         routine_tertiary              equ 32          ; index of current tertiary routine
     0021             (./Engine/Constant):00145         routine_quaternary            equ 33          ; index of current quaternary routine
                      (./Engine/Constant):00146         
                      (./Engine/Constant):00147         * ---------------------------------------------------------------------------
                      (./Engine/Constant):00148         * reserved variables (update by engine)
                      (./Engine/Constant):00149         
     0022             (./Engine/Constant):00150         rsv_render_flags              equ 34
                      (./Engine/Constant):00151         
                      (./Engine/Constant):00152         * --- rsv_render_flags bitfield variables ---
     0001             (./Engine/Constant):00153         rsv_render_checkrefresh_mask  equ $01 ; (bit 0) if erasesprite and display sprite flag are processed for this frame
     0002             (./Engine/Constant):00154         rsv_render_erasesprite_mask   equ $02 ; (bit 1) if a sprite need to be cleared on screen
     0004             (./Engine/Constant):00155         rsv_render_displaysprite_mask equ $04 ; (bit 2) if a sprite need to be rendered on screen
     0008             (./Engine/Constant):00156         rsv_render_outofrange_mask    equ $08 ; (bit 3) if a sprite is out of range for full rendering in screen
     0080             (./Engine/Constant):00157         rsv_render_onscreen_mask      equ $80 ; (bit 7) DEPENDENCY should be bit 7 - has been rendered on last screen buffer (may be 0 or 1)
                      (./Engine/Constant):00158         
     0023             (./Engine/Constant):00159         rsv_prev_anim                 equ 35 ; and 36 ; reference to previous animation (Ani_) w * UTILE ?
     0025             (./Engine/Constant):00160         rsv_image_center_offset       equ 37 ; 0 or 1 offset that indicate if image center is even or odd (DRS_XYToAddress)
     0026             (./Engine/Constant):00161         rsv_image_subset              equ 38 ; and 39 ; reference to current image regarding mirror flags w
     0028             (./Engine/Constant):00162         rsv_mapping_frame             equ 40 ; and 41 ; reference to current image regarding mirror flags, overlay flag and x precision w
     002A             (./Engine/Constant):00163         rsv_erase_nb_cell             equ 42 ; b 
     002B             (./Engine/Constant):00164         rsv_page_draw_routine         equ 43 ; b
     002C             (./Engine/Constant):00165         rsv_draw_routine              equ 44 ; and 45 ; w
     002E             (./Engine/Constant):00166         rsv_page_erase_routine        equ 46 ; b
     002F             (./Engine/Constant):00167         rsv_erase_routine             equ 47 ; and 48 ; w 
     0031             (./Engine/Constant):00168         rsv_xy1_pixel                 equ 49 ;
     0031             (./Engine/Constant):00169         rsv_x1_pixel                  equ 49 ; x+x_offset-(x_size/2) screen coordinate
     0032             (./Engine/Constant):00170         rsv_y1_pixel                  equ 50 ; y+y_offset-(y_size/2) screen coordinate, must follow rsv_x1_pixel
     0033             (./Engine/Constant):00171         rsv_xy2_pixel                 equ 51 ;
     0033             (./Engine/Constant):00172         rsv_x2_pixel                  equ 51 ; x+x_offset+(x_size/2) screen coordinate
     0034             (./Engine/Constant):00173         rsv_y2_pixel                  equ 52 ; y+y_offset+(y_size/2) screen coordinate, must follow rsv_x2_pixel
                      (./Engine/Constant):00174         
                      (./Engine/Constant):00175         * ---------------------------------------------------------------------------
                      (./Engine/Constant):00176         * reserved variables (engine) - buffer specific
                      (./Engine/Constant):00177         
     0035             (./Engine/Constant):00178         rsv_buffer_0                  equ 53 ; Start index of buffer 0 variables
     0035             (./Engine/Constant):00179         rsv_priority_0                equ 53 ; internal value that hold priority in video buffer 0
     0036             (./Engine/Constant):00180         rsv_priority_prev_obj_0       equ 54 ; and 55 ; previous object (OST address) in display priority list for video buffer 0 (0000 if none) w
     0038             (./Engine/Constant):00181         rsv_priority_next_obj_0       equ 56 ; and 57 ; next object (OST address) in display priority list for video buffer 0 (0000 if none) w
     003A             (./Engine/Constant):00182         rsv_prev_mapping_frame_0      equ 58 ; and 59 ; reference to previous image in video buffer 0 w
     003C             (./Engine/Constant):00183         rsv_prev_erase_nb_cell_0      equ 60 : b
     003D             (./Engine/Constant):00184         rsv_prev_page_erase_routine_0 equ 61 ; b
     003E             (./Engine/Constant):00185         rsv_prev_erase_routine_0      equ 62 ; and 63 ; w
     0040             (./Engine/Constant):00186         rsv_bgdata_0                  equ 64 ; and 65 ; address of background data in screen 0 w
     0042             (./Engine/Constant):00187         rsv_prev_xy_pixel_0           equ 66 ;
     0042             (./Engine/Constant):00188         rsv_prev_x_pixel_0            equ 66 ; previous x screen coordinate b
     0043             (./Engine/Constant):00189         rsv_prev_y_pixel_0            equ 67 ; previous y screen coordinate b, must follow x_pixel
     0044             (./Engine/Constant):00190         rsv_prev_xy1_pixel_0          equ 68 ;
     0044             (./Engine/Constant):00191         rsv_prev_x1_pixel_0           equ 68 ; previous x+x_offset-(x_size/2) screen coordinate b
     0045             (./Engine/Constant):00192         rsv_prev_y1_pixel_0           equ 69 ; previous y+y_offset-(y_size/2) screen coordinate b, must follow x1_pixel
     0046             (./Engine/Constant):00193         rsv_prev_xy2_pixel_0          equ 70 ;
     0046             (./Engine/Constant):00194         rsv_prev_x2_pixel_0           equ 70 ; previous x+x_offset+(x_size/2) screen coordinate b
     0047             (./Engine/Constant):00195         rsv_prev_y2_pixel_0           equ 71 ; previous y+y_offset+(y_size/2) screen coordinate b, must follow x2_pixel
     0048             (./Engine/Constant):00196         rsv_prev_render_flags_0       equ 72 ;
                      (./Engine/Constant):00197         * --- rsv_prev_render_flags_0 bitfield variables ---
     0001             (./Engine/Constant):00198         rsv_prev_render_overlay_mask  equ $01 ; (bit 0) if a sprite has been rendered with compilated sprite and no background save on screen buffer 0/1
     0080             (./Engine/Constant):00199         rsv_prev_render_onscreen_mask equ $80 ; (bit 7) DEPENDENCY should be bit 7 - has been rendered on screen buffer 0/1
                      (./Engine/Constant):00200         
     0049             (./Engine/Constant):00201         rsv_buffer_1                  equ 73 ; Start index of buffer 1 variables
     0049             (./Engine/Constant):00202         rsv_priority_1                equ 73 ; internal value that hold priority in video buffer 1
     004A             (./Engine/Constant):00203         rsv_priority_prev_obj_1       equ 74 ; and 75 ; previous object (OST address) in display priority list for video buffer 1 (0000 if none) w
     004C             (./Engine/Constant):00204         rsv_priority_next_obj_1       equ 76 ; and 77 ; next object (OST address) in display priority list for video buffer 1 (0000 if none) w
     004E             (./Engine/Constant):00205         rsv_prev_mapping_frame_1      equ 78 ; and 79 ; reference to previous image in video buffer 1 w
     0050             (./Engine/Constant):00206         rsv_prev_erase_nb_cell_1      equ 80 ; b
     0051             (./Engine/Constant):00207         rsv_prev_page_erase_routine_1 equ 81 ; b
     0052             (./Engine/Constant):00208         rsv_prev_erase_routine_1      equ 82 ; and 83 ; w
     0054             (./Engine/Constant):00209         rsv_bgdata_1                  equ 84 ; and 85 ; address of background data in screen 1 w
     0056             (./Engine/Constant):00210         rsv_prev_xy_pixel_1           equ 86 ;
     0056             (./Engine/Constant):00211         rsv_prev_x_pixel_1            equ 86 ; previous x screen coordinate b
     0057             (./Engine/Constant):00212         rsv_prev_y_pixel_1            equ 87 ; previous y screen coordinate b, must follow x_pixel
     0058             (./Engine/Constant):00213         rsv_prev_xy1_pixel_1          equ 88 ;
     0058             (./Engine/Constant):00214         rsv_prev_x1_pixel_1           equ 88 ; previous x+x_size screen coordinate b
     0059             (./Engine/Constant):00215         rsv_prev_y1_pixel_1           equ 89 ; previous y+y_size screen coordinate b, must follow x_pixel
     005A             (./Engine/Constant):00216         rsv_prev_xy2_pixel_1          equ 90 ;
     005A             (./Engine/Constant):00217         rsv_prev_x2_pixel_1           equ 90 ; previous x+x_size screen coordinate b
     005B             (./Engine/Constant):00218         rsv_prev_y2_pixel_1           equ 91 ; previous y+y_size screen coordinate b, must follow x_pixel
     005C             (./Engine/Constant):00219         rsv_prev_render_flags_1       equ 92 ;
                      (./Engine/Constant):00220         
     0000             (./Engine/Constant):00221         buf_priority                  equ 0  ; offset for each rsv_buffer variables
     0001             (./Engine/Constant):00222         buf_priority_prev_obj         equ 1  ;
     0003             (./Engine/Constant):00223         buf_priority_next_obj         equ 3  ;
     0005             (./Engine/Constant):00224         buf_prev_mapping_frame        equ 5  ;
     0007             (./Engine/Constant):00225         buf_erase_nb_cell             equ 7  ;
     0008             (./Engine/Constant):00226         buf_page_erase_routine        equ 8 ;
     0009             (./Engine/Constant):00227         buf_erase_routine             equ 9 ;
     000B             (./Engine/Constant):00228         buf_bgdata                    equ 11 ;
     000D             (./Engine/Constant):00229         buf_prev_xy_pixel             equ 13 ;
     000D             (./Engine/Constant):00230         buf_prev_x_pixel              equ 13 ;
     000E             (./Engine/Constant):00231         buf_prev_y_pixel              equ 14 ;
     000F             (./Engine/Constant):00232         buf_prev_xy1_pixel            equ 15 ;
     000F             (./Engine/Constant):00233         buf_prev_x1_pixel             equ 15 ;
     0010             (./Engine/Constant):00234         buf_prev_y1_pixel             equ 16 ;
     0011             (./Engine/Constant):00235         buf_prev_xy2_pixel            equ 17 ;
     0011             (./Engine/Constant):00236         buf_prev_x2_pixel             equ 17 ;
     0012             (./Engine/Constant):00237         buf_prev_y2_pixel             equ 18 ;
     0013             (./Engine/Constant):00238         buf_prev_render_flags         equ 19 ;
                      (./generated-code/):00002                 ORG $A000
     FF               (./generated-code/):00003                 SETDP $FF
                      (./generated-code/):00004                 OPT C,CT
A000                  (./generated-code/):00005                 ERASE_Img_sonic_030_0
A000 10FF9FFE         (./generated-code/):00006 [7]     7               STS glb_register_s
                      (./generated-code/):00007                 
A004 32C4             (./generated-code/):00008 [4]     11              LEAS ,U
A006                  (./generated-code/):00009                 ERASE_CODE_Img_sonic_030_0
A006 3546             (./generated-code/):00010 [9]     20              PULS A,B,U
A008 A7C828           (./generated-code/):00011 [5]     25              STA 40,U
A00B E7C850           (./generated-code/):00012 [5]     30              STB 80,U
                      (./generated-code/):00013                 
A00E 3506             (./generated-code/):00014 [7]     37              PULS A,B
A010 A7C8D8           (./generated-code/):00015 [5]     42              STA -40,U
A013 E7C4             (./generated-code/):00016 [4]     46              STB ,U
                      (./generated-code/):00017                 
A015 3502             (./generated-code/):00018 [6]     52              PULS A
A017 A7C8B0           (./generated-code/):00019 [5]     57              STA -80,U
                      (./generated-code/):00020                 
A01A 3542             (./generated-code/):00021 [8]     65              PULS A,U
A01C A7C852           (./generated-code/):00022 [5]     70              STA 82,U
                      (./generated-code/):00023                 
A01F 3532             (./generated-code/):00024 [10]    80              PULS A,X,Y
A021 A7C82B           (./generated-code/):00025 [5]     85              STA 43,U
A024 AFC877           (./generated-code/):00026 [6]     91              STX 119,U
A027 10AFC84F         (./generated-code/):00027 [7]     98              STY 79,U
                      (./generated-code/):00028                 
A02B 3536             (./generated-code/):00029 [11]    109             PULS D,X,Y
A02D EDC829           (./generated-code/):00030 [6]     115             STD 41,U
A030 AFC827           (./generated-code/):00031 [6]     121             STX 39,U
A033 10AF42           (./generated-code/):00032 [7]     128             STY 2,U
                      (./generated-code/):00033                 
A036 3536             (./generated-code/):00034 [11]    139             PULS D,X,Y
A038 EDC4             (./generated-code/):00035 [5]     144             STD ,U
A03A AFC8DA           (./generated-code/):00036 [6]     150             STX -38,U
A03D 10AFC8B2         (./generated-code/):00037 [7]     157             STY -78,U
                      (./generated-code/):00038                 
A041 3536             (./generated-code/):00039 [11]    168             PULS D,X,Y
A043 EDC88A           (./generated-code/):00040 [6]     174             STD -118,U
A046 AFC8D8           (./generated-code/):00041 [6]     180             STX -40,U
A049 10AFC8B0         (./generated-code/):00042 [7]     187             STY -80,U
                      (./generated-code/):00043                 
A04D 3506             (./generated-code/):00044 [7]     194             PULS D
A04F EDC888           (./generated-code/):00045 [6]     200             STD -120,U
                      (./generated-code/):00046                 
A052 3556             (./generated-code/):00047 [11]    211             PULS D,X,U
A054 3616             (./generated-code/):00048 [9]     220             PSHU D,X
                      (./generated-code/):00049                 
A056 3536             (./generated-code/):00050 [11]    231             PULS D,X,Y
A058 EDC87A           (./generated-code/):00051 [6]     237             STD 122,U
A05B AFC878           (./generated-code/):00052 [6]     243             STX 120,U
A05E 10AFC82A         (./generated-code/):00053 [7]     250             STY 42,U
                      (./generated-code/):00054                 
A062 3536             (./generated-code/):00055 [11]    261             PULS D,X,Y
A064 EDC852           (./generated-code/):00056 [6]     267             STD 82,U
A067 AFC850           (./generated-code/):00057 [6]     273             STX 80,U
A06A 10AFC828         (./generated-code/):00058 [7]     280             STY 40,U
                      (./generated-code/):00059                 
A06E 3556             (./generated-code/):00060 [11]    291             PULS D,X,U
A070 3616             (./generated-code/):00061 [9]     300             PSHU D,X
                      (./generated-code/):00062                 
A072 3552             (./generated-code/):00063 [10]    310             PULS A,X,U
A074 3612             (./generated-code/):00064 [8]     318             PSHU A,X
                      (./generated-code/):00065                 
A076 3536             (./generated-code/):00066 [11]    329             PULS D,X,Y
A078 EDC829           (./generated-code/):00067 [6]     335             STD 41,U
A07B AFC851           (./generated-code/):00068 [6]     341             STX 81,U
A07E 10AFC84F         (./generated-code/):00069 [7]     348             STY 79,U
                      (./generated-code/):00070                 
A082 3506             (./generated-code/):00071 [7]     355             PULS D
A084 EDC827           (./generated-code/):00072 [6]     361             STD 39,U
                      (./generated-code/):00073                 
A087 3556             (./generated-code/):00074 [11]    372             PULS D,X,U
A089 3616             (./generated-code/):00075 [9]     381             PSHU D,X
                      (./generated-code/):00076                 
A08B 3536             (./generated-code/):00077 [11]    392             PULS D,X,Y
A08D EDC82A           (./generated-code/):00078 [6]     398             STD 42,U
A090 AFC852           (./generated-code/):00079 [6]     404             STX 82,U
A093 10AFC850         (./generated-code/):00080 [7]     411             STY 80,U
                      (./generated-code/):00081                 
A097 3506             (./generated-code/):00082 [7]     418             PULS D
A099 EDC828           (./generated-code/):00083 [6]     424             STD 40,U
                      (./generated-code/):00084                 
A09C 3552             (./generated-code/):00085 [10]    434             PULS A,X,U
A09E 3612             (./generated-code/):00086 [8]     442             PSHU A,X
                      (./generated-code/):00087                 
A0A0 3552             (./generated-code/):00088 [10]    452             PULS A,X,U
A0A2 3612             (./generated-code/):00089 [8]     460             PSHU A,X
                      (./generated-code/):00090                 
A0A4 3506             (./generated-code/):00091 [7]     467             PULS D
A0A6 EDC826           (./generated-code/):00092 [6]     473             STD 38,U
                      (./generated-code/):00093                 
A0A9 3552             (./generated-code/):00094 [10]    483             PULS A,X,U
A0AB 3612             (./generated-code/):00095 [8]     491             PSHU A,X
                      (./generated-code/):00096                 
A0AD 3506             (./generated-code/):00097 [7]     498             PULS A,B
A0AF A7C852           (./generated-code/):00098 [5]     503             STA 82,U
A0B2 E7C82A           (./generated-code/):00099 [5]     508             STB 42,U
                      (./generated-code/):00100                 
A0B5 3506             (./generated-code/):00101 [7]     515             PULS A,B
A0B7 A7C8DA           (./generated-code/):00102 [5]     520             STA -38,U
A0BA E7C8D6           (./generated-code/):00103 [5]     525             STB -42,U
                      (./generated-code/):00104                 
A0BD 3506             (./generated-code/):00105 [7]     532             PULS A,B
A0BF A7C889           (./generated-code/):00106 [5]     537             STA -119,U
A0C2 E7C826           (./generated-code/):00107 [5]     542             STB 38,U
                      (./generated-code/):00108                 
A0C5 3532             (./generated-code/):00109 [10]    552             PULS A,X,Y
A0C7 A75E             (./generated-code/):00110 [5]     557             STA -2,U
A0C9 AFC850           (./generated-code/):00111 [6]     563             STX 80,U
A0CC 10AFC8D8         (./generated-code/):00112 [7]     570             STY -40,U
                      (./generated-code/):00113                 
A0D0 3516             (./generated-code/):00114 [9]     579             PULS A,B,X
A0D2 A7C84E           (./generated-code/):00115 [5]     584             STA 78,U
A0D5 E7C8B1           (./generated-code/):00116 [5]     589             STB -79,U
A0D8 AFC828           (./generated-code/):00117 [6]     595             STX 40,U
                      (./generated-code/):00118                 
A0DB 3516             (./generated-code/):00119 [9]     604             PULS A,B,X
A0DD A7C8AE           (./generated-code/):00120 [5]     609             STA -82,U
A0E0 E7C886           (./generated-code/):00121 [5]     614             STB -122,U
A0E3 AFC876           (./generated-code/):00122 [6]     620             STX 118,U
                      (./generated-code/):00123                 
A0E6 3546             (./generated-code/):00124 [9]     629             PULS A,B,U
A0E8 A7C850           (./generated-code/):00125 [5]     634             STA 80,U
A0EB E7C878           (./generated-code/):00126 [5]     639             STB 120,U
                      (./generated-code/):00127                 
A0EE 3506             (./generated-code/):00128 [7]     646             PULS A,B
A0F0 A7C4             (./generated-code/):00129 [4]     650             STA ,U
A0F2 E7C828           (./generated-code/):00130 [5]     655             STB 40,U
                      (./generated-code/):00131                 
A0F5 3506             (./generated-code/):00132 [7]     662             PULS A,B
A0F7 A7C8D8           (./generated-code/):00133 [5]     667             STA -40,U
A0FA E7C8B0           (./generated-code/):00134 [5]     672             STB -80,U
                      (./generated-code/):00135                 
A0FD 3502             (./generated-code/):00136 [6]     678             PULS A
A0FF A7C888           (./generated-code/):00137 [5]     683             STA -120,U
                      (./generated-code/):00138                 
A102 3542             (./generated-code/):00139 [8]     691             PULS A,U
A104 A7C850           (./generated-code/):00140 [5]     696             STA 80,U
                      (./generated-code/):00141                 
A107 3506             (./generated-code/):00142 [7]     703             PULS A,B
A109 A7C4             (./generated-code/):00143 [4]     707             STA ,U
A10B E7C828           (./generated-code/):00144 [5]     712             STB 40,U
                      (./generated-code/):00145                 
A10E 3506             (./generated-code/):00146 [7]     719             PULS A,B
A110 A7C8B0           (./generated-code/):00147 [5]     724             STA -80,U
A113 E7C8D8           (./generated-code/):00148 [5]     729             STB -40,U
                      (./generated-code/):00149                 
A116 3546             (./generated-code/):00150 [9]     738             PULS A,B,U
A118 A7C828           (./generated-code/):00151 [5]     743             STA 40,U
A11B E7C878           (./generated-code/):00152 [5]     748             STB 120,U
                      (./generated-code/):00153                 
A11E 3516             (./generated-code/):00154 [9]     757             PULS D,X
A120 EDC8D8           (./generated-code/):00155 [6]     763             STD -40,U
A123 AFC8B0           (./generated-code/):00156 [6]     769             STX -80,U
                      (./generated-code/):00157                 
A126 3536             (./generated-code/):00158 [11]    780             PULS A,B,X,Y
A128 A7C4             (./generated-code/):00159 [4]     784             STA ,U
A12A E7C850           (./generated-code/):00160 [5]     789             STB 80,U
A12D AF42             (./generated-code/):00161 [6]     795             STX 2,U
A12F 10AFC8DA         (./generated-code/):00162 [7]     802             STY -38,U
                      (./generated-code/):00163                 
A133 3536             (./generated-code/):00164 [11]    813             PULS D,X,Y
A135 EDC8B2           (./generated-code/):00165 [6]     819             STD -78,U
A138 AFC88A           (./generated-code/):00166 [6]     825             STX -118,U
A13B 10AFC888         (./generated-code/):00167 [7]     832             STY -120,U
                      (./generated-code/):00168                 
A13F 3552             (./generated-code/):00169 [10]    842             PULS A,X,U
A141 3612             (./generated-code/):00170 [8]     850             PSHU A,X
                      (./generated-code/):00171                 
A143 3536             (./generated-code/):00172 [11]    861             PULS D,X,Y
A145 EDC879           (./generated-code/):00173 [6]     867             STD 121,U
A148 AFC877           (./generated-code/):00174 [6]     873             STX 119,U
A14B 10AFC84F         (./generated-code/):00175 [7]     880             STY 79,U
                      (./generated-code/):00176                 
A14F 3506             (./generated-code/):00177 [7]     887             PULS D
A151 EDC827           (./generated-code/):00178 [6]     893             STD 39,U
                      (./generated-code/):00179                 
A154 3506             (./generated-code/):00180 [7]     900             PULS A,B
A156 A7C853           (./generated-code/):00181 [5]     905             STA 83,U
A159 E7C82B           (./generated-code/):00182 [5]     910             STB 43,U
                      (./generated-code/):00183                 
A15C 3532             (./generated-code/):00184 [10]    920             PULS A,X,Y
A15E A743             (./generated-code/):00185 [5]     925             STA 3,U
A160 AFC829           (./generated-code/):00186 [6]     931             STX 41,U
A163 10AFC851         (./generated-code/):00187 [7]     938             STY 81,U
                      (./generated-code/):00188                 
A167 3552             (./generated-code/):00189 [10]    948             PULS A,X,U
A169 3612             (./generated-code/):00190 [8]     956             PSHU A,X
                      (./generated-code/):00191                 
A16B 3502             (./generated-code/):00192 [6]     962             PULS A
A16D A743             (./generated-code/):00193 [5]     967             STA 3,U
                      (./generated-code/):00194                 
A16F 3552             (./generated-code/):00195 [10]    977             PULS A,X,U
A171 3612             (./generated-code/):00196 [8]     985             PSHU A,X
                      (./generated-code/):00197                 
A173 3502             (./generated-code/):00198 [6]     991             PULS A
A175 A743             (./generated-code/):00199 [5]     996             STA 3,U
                      (./generated-code/):00200                 
A177 3552             (./generated-code/):00201 [10]    1006            PULS A,X,U
A179 3612             (./generated-code/):00202 [8]     1014            PSHU A,X
                      (./generated-code/):00203                 
A17B 3502             (./generated-code/):00204 [6]     1020            PULS A
A17D A743             (./generated-code/):00205 [5]     1025            STA 3,U
                      (./generated-code/):00206                 
A17F 3552             (./generated-code/):00207 [10]    1035            PULS A,X,U
A181 3612             (./generated-code/):00208 [8]     1043            PSHU A,X
                      (./generated-code/):00209                 
A183 3552             (./generated-code/):00210 [10]    1053            PULS A,X,U
A185 3612             (./generated-code/):00211 [8]     1061            PSHU A,X
                      (./generated-code/):00212                 
A187 3552             (./generated-code/):00213 [10]    1071            PULS A,X,U
A189 3612             (./generated-code/):00214 [8]     1079            PSHU A,X
                      (./generated-code/):00215                 
A18B 3556             (./generated-code/):00216 [11]    1090            PULS D,X,U
A18D 3616             (./generated-code/):00217 [9]     1099            PSHU D,X
                      (./generated-code/):00218                 
A18F 3552             (./generated-code/):00219 [10]    1109            PULS A,X,U
A191 3612             (./generated-code/):00220 [8]     1117            PSHU A,X
                      (./generated-code/):00221                 
A193 3552             (./generated-code/):00222 [10]    1127            PULS A,X,U
A195 3612             (./generated-code/):00223 [8]     1135            PSHU A,X
                      (./generated-code/):00224                 
A197 3506             (./generated-code/):00225 [7]     1142            PULS D
A199 EDC826           (./generated-code/):00226 [6]     1148            STD 38,U
                      (./generated-code/):00227                 
A19C 3552             (./generated-code/):00228 [10]    1158            PULS A,X,U
A19E 3612             (./generated-code/):00229 [8]     1166            PSHU A,X
                      (./generated-code/):00230                 
A1A0 3506             (./generated-code/):00231 [7]     1173            PULS D
A1A2 EDC826           (./generated-code/):00232 [6]     1179            STD 38,U
                      (./generated-code/):00233                 
A1A5 3552             (./generated-code/):00234 [10]    1189            PULS A,X,U
A1A7 3612             (./generated-code/):00235 [8]     1197            PSHU A,X
                      (./generated-code/):00236                 
A1A9 3536             (./generated-code/):00237 [11]    1208            PULS D,X,Y
A1AB EDC826           (./generated-code/):00238 [6]     1214            STD 38,U
A1AE AFC8D8           (./generated-code/):00239 [6]     1220            STX -40,U
A1B1 10AF5E           (./generated-code/):00240 [7]     1227            STY -2,U
                      (./generated-code/):00241                 
A1B4 3536             (./generated-code/):00242 [11]    1238            PULS D,X,Y
A1B6 EDC8D6           (./generated-code/):00243 [6]     1244            STD -42,U
A1B9 AFC8AE           (./generated-code/):00244 [6]     1250            STX -82,U
A1BC 10AFC889         (./generated-code/):00245 [7]     1257            STY -119,U
                      (./generated-code/):00246                 
A1C0 3506             (./generated-code/):00247 [7]     1264            PULS D
A1C2 EDC886           (./generated-code/):00248 [6]     1270            STD -122,U
                      (./generated-code/):00249                 
A1C5 3512             (./generated-code/):00250 [8]     1278            PULS A,X
A1C7 A7C8DA           (./generated-code/):00251 [5]     1283            STA -38,U
A1CA AFC8B1           (./generated-code/):00252 [6]     1289            STX -79,U
                      (./generated-code/):00253                 
A1CD 3542             (./generated-code/):00254 [8]     1297            PULS A,U
A1CF A741             (./generated-code/):00255 [5]     1302            STA 1,U
                      (./generated-code/):00256                 
A1D1 3502             (./generated-code/):00257 [6]     1308            PULS A
A1D3 A75F             (./generated-code/):00258 [5]     1313            STA -1,U
                      (./generated-code/):00259                 
A1D5 3542             (./generated-code/):00260 [8]     1321            PULS A,U
A1D7 A7C879           (./generated-code/):00261 [5]     1326            STA 121,U
                      (./generated-code/):00262                 
A1DA 3506             (./generated-code/):00263 [7]     1333            PULS A,B
A1DC A7C877           (./generated-code/):00264 [5]     1338            STA 119,U
A1DF E7C84F           (./generated-code/):00265 [5]     1343            STB 79,U
                      (./generated-code/):00266                 
A1E2 3506             (./generated-code/):00267 [7]     1350            PULS A,B
A1E4 A7C827           (./generated-code/):00268 [5]     1355            STA 39,U
A1E7 E75F             (./generated-code/):00269 [5]     1360            STB -1,U
                      (./generated-code/):00270                 
A1E9 3506             (./generated-code/):00271 [7]     1367            PULS A,B
A1EB A7C8D7           (./generated-code/):00272 [5]     1372            STA -41,U
A1EE E7C8AF           (./generated-code/):00273 [5]     1377            STB -81,U
                      (./generated-code/):00274                 
A1F1 3502             (./generated-code/):00275 [6]     1383            PULS A
A1F3 A7C887           (./generated-code/):00276 [5]     1388            STA -121,U
                      (./generated-code/):00277                 
A1F6 33E4             (./generated-code/):00278 [4]     1392            LEAU ,S
A1F8 10FE9FFE         (./generated-code/):00279 [7]     1399            LDS glb_register_s
A1FC 39               (./generated-code/):00280 [5]     1404            RTS
                      (./generated-code/):00281                 
     0110             (./generated-code/):00282                 DataSize equ $0110
