                      (./generated-code/):00001                 INCLUDE "./Engine/Constants.asm"
                      (./Engine/Constant):00001         * ---------------------------------------------------------------------------
                      (./Engine/Constant):00002         * Constants
                      (./Engine/Constant):00003         *
                      (./Engine/Constant):00004         * Naming convention
                      (./Engine/Constant):00005         * -----------------
                      (./Engine/Constant):00006         * - lower case
                      (./Engine/Constant):00007         * - underscore-separated names
                      (./Engine/Constant):00008         *
                      (./Engine/Constant):00009         * ---------------------------------------------------------------------------
                      (./Engine/Constant):00010         
                      (./Engine/Constant):00011         * ===========================================================================
                      (./Engine/Constant):00012         * TO8 Registers
                      (./Engine/Constant):00013         * ===========================================================================
                      (./Engine/Constant):00014         
                      (./Engine/Constant):00015         ; Disk routine registers (ROM)
                      (./Engine/Constant):00016         
     6049             (./Engine/Constant):00017         dk_drive                      equ $6049
     604A             (./Engine/Constant):00018         dk_track                      equ $604A
     604B             (./Engine/Constant):00019         dk_track_lsb                  equ $604B
     604C             (./Engine/Constant):00020         dk_sector                     equ $604C
     604F             (./Engine/Constant):00021         dk_write_location             equ $604F
                      (./Engine/Constant):00022         
                      (./Engine/Constant):00023         * ===========================================================================
                      (./Engine/Constant):00024         * Globals
                      (./Engine/Constant):00025         * ===========================================================================
                      (./Engine/Constant):00026         
     009F             (./Engine/Constant):00027         glb_direct_page               equ $9F    ; direct page for globals
                      (./Engine/Constant):00028         
                      (./Engine/Constant):00029         ; compilated sprite
     9FFE             (./Engine/Constant):00030         glb_register_s                equ $9FFE  ; reverved space to store S from ROM routines
                      (./Engine/Constant):00031         
                      (./Engine/Constant):00032         ; DrawSprites
     9FFC             (./Engine/Constant):00033         glb_screen_location_1         equ $9FFC  ; start address for rendering of current sprite Part1     
     9FFA             (./Engine/Constant):00034         glb_screen_location_2         equ $9FFA  ; start address for rendering of current sprite Part2 (Must follow Part1)
                      (./Engine/Constant):00035         
                      (./Engine/Constant):00036         ; CheckSpritesRefresh
     9FF9             (./Engine/Constant):00037         glb_cur_priority              equ $9FF9
     9FF7             (./Engine/Constant):00038         glb_cur_ptr_sub_obj_erase     equ $9FF7
     9FF5             (./Engine/Constant):00039         glb_cur_ptr_sub_obj_draw      equ $9FF5
     9FF3             (./Engine/Constant):00040         glb_camera_x_pos              equ $9FF3 ; camera x position in palyfield coordinates
     9FF1             (./Engine/Constant):00041         glb_camera_y_pos              equ $9FF1 ; camera y position in palyfield coordinates
     9FEF             (./Engine/Constant):00042         glb_camera_x_min_pos          equ $9FEF
     9FED             (./Engine/Constant):00043         glb_camera_y_min_pos          equ $9FED
     9FEB             (./Engine/Constant):00044         glb_camera_x_max_pos          equ $9FEB
     9FE9             (./Engine/Constant):00045         glb_camera_y_max_pos          equ $9FE9
     9FE8             (./Engine/Constant):00046         glb_force_sprite_refresh      equ $9FE8
     9FE7             (./Engine/Constant):00047         glb_camera_move               equ $9FE7
     9FE6             (./Engine/Constant):00048         glb_alphaTiles                equ $9FE6
     9F00             (./Engine/Constant):00049         glb_tmp_var                   equ $9F00 ; custom tmp var space for routine
     9F00             (./Engine/Constant):00050         glb_system_stack              equ $9F00
                      (./Engine/Constant):00051         
                      (./Engine/Constant):00052         * ===========================================================================
                      (./Engine/Constant):00053         * Display Constants
                      (./Engine/Constant):00054         * ===========================================================================
                      (./Engine/Constant):00055         
     00A0             (./Engine/Constant):00056         screen_width                  equ 160    ; in pixel
     001C             (./Engine/Constant):00057         screen_top                    equ 28     ; in pixel
     00E3             (./Engine/Constant):00058         screen_bottom                 equ 28+199 ; in pixel
     0030             (./Engine/Constant):00059         screen_left                   equ 48     ; in pixel
     00CF             (./Engine/Constant):00060         screen_right                  equ 48+159 ; in pixel
     0008             (./Engine/Constant):00061         nb_priority_levels            equ 8      ; number of priority levels (need code change if modified)
                      (./Engine/Constant):00062         
                      (./Engine/Constant):00063         * ===========================================================================
                      (./Engine/Constant):00064         * Images Constants
                      (./Engine/Constant):00065         * ===========================================================================
                      (./Engine/Constant):00066         
     0004             (./Engine/Constant):00067         image_x_size                  equ 4
     0005             (./Engine/Constant):00068         image_y_size                  equ 5
     0006             (./Engine/Constant):00069         image_center_offset           equ 6
                      (./Engine/Constant):00070         
     0004             (./Engine/Constant):00071         image_subset_x1_offset        equ 4
     0005             (./Engine/Constant):00072         image_subset_y1_offset        equ 5
                      (./Engine/Constant):00073         
     0000             (./Engine/Constant):00074         page_draw_routine             equ 0
     0001             (./Engine/Constant):00075         draw_routine                  equ 1
     0003             (./Engine/Constant):00076         page_erase_routine            equ 3
     0004             (./Engine/Constant):00077         erase_routine                 equ 4
     0006             (./Engine/Constant):00078         erase_nb_cell                 equ 6
                      (./Engine/Constant):00079         
                      (./Engine/Constant):00080         * ===========================================================================
                      (./Engine/Constant):00081         * Sound Constants
                      (./Engine/Constant):00082         * ===========================================================================
                      (./Engine/Constant):00083         
     0000             (./Engine/Constant):00084         sound_page        equ 0
     0001             (./Engine/Constant):00085         sound_start_addr  equ 1
     0003             (./Engine/Constant):00086         sound_end_addr    equ 3
     0005             (./Engine/Constant):00087         sound_meta_size   equ 5
                      (./Engine/Constant):00088         
                      (./Engine/Constant):00089         * ===========================================================================
                      (./Engine/Constant):00090         * Object Constants
                      (./Engine/Constant):00091         * ===========================================================================
                      (./Engine/Constant):00092         
     005D             (./Engine/Constant):00093         object_core_size              equ 93  ; the size of an object without ext_vars - DEPENDENCY ClearObj routine
     ????             (./Engine/Constant):00094         object_size                   equ object_core_size+ext_variables_size ; the size of a dynamic object
     ????             (./Engine/Constant):00095         next_object                   equ object_size
     005D             (./Engine/Constant):00096         ext_variables                 equ object_core_size ; start of reserved space for additionnal variables
                      (./Engine/Constant):00097         
     0000             (./Engine/Constant):00098         id                            equ 0           ; reference to object model id (ObjID_) (0: free slot)
     0001             (./Engine/Constant):00099         subtype                       equ 1           ; reference to object subtype (Sub_)
     0002             (./Engine/Constant):00100         render_flags                  equ 2
                      (./Engine/Constant):00101         
                      (./Engine/Constant):00102         * --- render_flags bitfield variables ---
     0001             (./Engine/Constant):00103         render_xmirror_mask           equ $01 ; (bit 0) DEPENDENCY should be bit 0 - tell display engine to mirror sprite on horizontal axis
     0002             (./Engine/Constant):00104         render_ymirror_mask           equ $02 ; (bit 1) DEPENDENCY should be bit 1 - tell display engine to mirror sprite on vertical axis
     0004             (./Engine/Constant):00105         render_overlay_mask           equ $04 ; (bit 2) DEPENDENCY should be bit 2 - compilated sprite with no background save
     0008             (./Engine/Constant):00106         render_motionless_mask        equ $08 ; (bit 3) tell display engine to compute sub image and position check only once until the flag is removed  
     0010             (./Engine/Constant):00107         render_playfieldcoord_mask    equ $10 ; (bit 4) tell display engine to use playfield (1) or screen (0) coordinates
     0020             (./Engine/Constant):00108         render_hide_mask              equ $20 ; (bit 5) tell display engine to hide sprite (keep priority and mapping_frame)
     0040             (./Engine/Constant):00109         render_todelete_mask          equ $40 ; (bit 6) tell display engine to delete sprite and clear OST for this object
     0080             (./Engine/Constant):00110         render_xloop_mask             equ $80 ; (bit 7) (screen coordinate) tell display engine to hide sprite when x is out of screen (0) or to display (1)  
                      (./Engine/Constant):00111          
     0003             (./Engine/Constant):00112         priority                      equ 3           ; display priority (0: nothing to display, 1:front, ..., 8:back)
     0004             (./Engine/Constant):00113         anim                          equ 4  ; and 5  ; reference to current animation (Ani_)
     0006             (./Engine/Constant):00114         prev_anim                     equ 6  ; and 7  ; reference to previous animation (Ani_)
     0008             (./Engine/Constant):00115         anim_frame                    equ 8           ; index of current frame in animation
     0009             (./Engine/Constant):00116         anim_frame_duration           equ 9           ; number of frames for each image in animation, range: 00-7F (0-127), 0 means display only during one frame
     000A             (./Engine/Constant):00117         anim_flags                    equ 10          ; byte offset to reference an anim_flags LUT (adv) / store a link flag (non adv)
                      (./Engine/Constant):00118         
                      (./Engine/Constant):00119         * --- anim_flags bitfield variables ---
     0001             (./Engine/Constant):00120         anim_link_mask                equ $01 ; (bit 0) if set, allow the load of a new animation without reseting anim_frame and anim_frame_duration
                      (./Engine/Constant):00121         
     000B             (./Engine/Constant):00122         status_flags                  equ 11          ; orientation of sprite, is applied to animation xmirror flag during AnimateSprite
                      (./Engine/Constant):00123         
                      (./Engine/Constant):00124         * --- status_flags bitfield variables ---
     0001             (./Engine/Constant):00125         status_xflip_mask             equ $01 ; (bit 0) X Flip
     0002             (./Engine/Constant):00126         status_yflip_mask             equ $02 ; (bit 1) Y Flip
                      (./Engine/Constant):00127         
     000C             (./Engine/Constant):00128         image_set                     equ 12 ; and 13 ; reference to current image (Img_) (0000 if no image)
     000E             (./Engine/Constant):00129         x_pos                         equ 14 ; and 15 ; x playfield coordinate
     0010             (./Engine/Constant):00130         x_sub                         equ 16          ; x subpixel (1/256 of a pixel), must follow x_pos in data structure
     0011             (./Engine/Constant):00131         y_pos                         equ 17 ; and 18 ; y playfield coordinate
     0013             (./Engine/Constant):00132         y_sub                         equ 19          ; y subpixel (1/256 of a pixel), must follow y_pos in data structure
     0014             (./Engine/Constant):00133         xy_pixel                      equ 20          ; x and y screen coordinate
     0014             (./Engine/Constant):00134         x_pixel                       equ 20          ; x screen coordinate
     0015             (./Engine/Constant):00135         y_pixel                       equ 21          ; y screen coordinate, must follow x_pixel
                      (./Engine/Constant):00136         ;x_offset                      equ 93          ; x screen coordinate offset that is applied at rendering
                      (./Engine/Constant):00137         ;y_offset                      equ 94          ; x screen coordinate offset that is applied at rendering
     0016             (./Engine/Constant):00138         x_vel                         equ 22 ; and 23 ; horizontal velocity
     0018             (./Engine/Constant):00139         y_vel                         equ 24 ; and 25 ; vertical velocity
     001A             (./Engine/Constant):00140         x_acl                         equ 26 ; and 27 ; horizontal gravity
     001C             (./Engine/Constant):00141         y_acl                         equ 28 ; and 29 ; vertical gravity
     001E             (./Engine/Constant):00142         routine                       equ 30          ; index of current object routine
     001F             (./Engine/Constant):00143         routine_secondary             equ 31          ; index of current secondary routine
     0020             (./Engine/Constant):00144         routine_tertiary              equ 32          ; index of current tertiary routine
     0021             (./Engine/Constant):00145         routine_quaternary            equ 33          ; index of current quaternary routine
                      (./Engine/Constant):00146         
                      (./Engine/Constant):00147         * ---------------------------------------------------------------------------
                      (./Engine/Constant):00148         * reserved variables (update by engine)
                      (./Engine/Constant):00149         
     0022             (./Engine/Constant):00150         rsv_render_flags              equ 34
                      (./Engine/Constant):00151         
                      (./Engine/Constant):00152         * --- rsv_render_flags bitfield variables ---
     0001             (./Engine/Constant):00153         rsv_render_checkrefresh_mask  equ $01 ; (bit 0) if erasesprite and display sprite flag are processed for this frame
     0002             (./Engine/Constant):00154         rsv_render_erasesprite_mask   equ $02 ; (bit 1) if a sprite need to be cleared on screen
     0004             (./Engine/Constant):00155         rsv_render_displaysprite_mask equ $04 ; (bit 2) if a sprite need to be rendered on screen
     0008             (./Engine/Constant):00156         rsv_render_outofrange_mask    equ $08 ; (bit 3) if a sprite is out of range for full rendering in screen
     0080             (./Engine/Constant):00157         rsv_render_onscreen_mask      equ $80 ; (bit 7) DEPENDENCY should be bit 7 - has been rendered on last screen buffer (may be 0 or 1)
                      (./Engine/Constant):00158         
     0023             (./Engine/Constant):00159         rsv_prev_anim                 equ 35 ; and 36 ; reference to previous animation (Ani_) w * UTILE ?
     0025             (./Engine/Constant):00160         rsv_image_center_offset       equ 37 ; 0 or 1 offset that indicate if image center is even or odd (DRS_XYToAddress)
     0026             (./Engine/Constant):00161         rsv_image_subset              equ 38 ; and 39 ; reference to current image regarding mirror flags w
     0028             (./Engine/Constant):00162         rsv_mapping_frame             equ 40 ; and 41 ; reference to current image regarding mirror flags, overlay flag and x precision w
     002A             (./Engine/Constant):00163         rsv_erase_nb_cell             equ 42 ; b 
     002B             (./Engine/Constant):00164         rsv_page_draw_routine         equ 43 ; b
     002C             (./Engine/Constant):00165         rsv_draw_routine              equ 44 ; and 45 ; w
     002E             (./Engine/Constant):00166         rsv_page_erase_routine        equ 46 ; b
     002F             (./Engine/Constant):00167         rsv_erase_routine             equ 47 ; and 48 ; w 
     0031             (./Engine/Constant):00168         rsv_xy1_pixel                 equ 49 ;
     0031             (./Engine/Constant):00169         rsv_x1_pixel                  equ 49 ; x+x_offset-(x_size/2) screen coordinate
     0032             (./Engine/Constant):00170         rsv_y1_pixel                  equ 50 ; y+y_offset-(y_size/2) screen coordinate, must follow rsv_x1_pixel
     0033             (./Engine/Constant):00171         rsv_xy2_pixel                 equ 51 ;
     0033             (./Engine/Constant):00172         rsv_x2_pixel                  equ 51 ; x+x_offset+(x_size/2) screen coordinate
     0034             (./Engine/Constant):00173         rsv_y2_pixel                  equ 52 ; y+y_offset+(y_size/2) screen coordinate, must follow rsv_x2_pixel
                      (./Engine/Constant):00174         
                      (./Engine/Constant):00175         * ---------------------------------------------------------------------------
                      (./Engine/Constant):00176         * reserved variables (engine) - buffer specific
                      (./Engine/Constant):00177         
     0035             (./Engine/Constant):00178         rsv_buffer_0                  equ 53 ; Start index of buffer 0 variables
     0035             (./Engine/Constant):00179         rsv_priority_0                equ 53 ; internal value that hold priority in video buffer 0
     0036             (./Engine/Constant):00180         rsv_priority_prev_obj_0       equ 54 ; and 55 ; previous object (OST address) in display priority list for video buffer 0 (0000 if none) w
     0038             (./Engine/Constant):00181         rsv_priority_next_obj_0       equ 56 ; and 57 ; next object (OST address) in display priority list for video buffer 0 (0000 if none) w
     003A             (./Engine/Constant):00182         rsv_prev_mapping_frame_0      equ 58 ; and 59 ; reference to previous image in video buffer 0 w
     003C             (./Engine/Constant):00183         rsv_prev_erase_nb_cell_0      equ 60 : b
     003D             (./Engine/Constant):00184         rsv_prev_page_erase_routine_0 equ 61 ; b
     003E             (./Engine/Constant):00185         rsv_prev_erase_routine_0      equ 62 ; and 63 ; w
     0040             (./Engine/Constant):00186         rsv_bgdata_0                  equ 64 ; and 65 ; address of background data in screen 0 w
     0042             (./Engine/Constant):00187         rsv_prev_xy_pixel_0           equ 66 ;
     0042             (./Engine/Constant):00188         rsv_prev_x_pixel_0            equ 66 ; previous x screen coordinate b
     0043             (./Engine/Constant):00189         rsv_prev_y_pixel_0            equ 67 ; previous y screen coordinate b, must follow x_pixel
     0044             (./Engine/Constant):00190         rsv_prev_xy1_pixel_0          equ 68 ;
     0044             (./Engine/Constant):00191         rsv_prev_x1_pixel_0           equ 68 ; previous x+x_offset-(x_size/2) screen coordinate b
     0045             (./Engine/Constant):00192         rsv_prev_y1_pixel_0           equ 69 ; previous y+y_offset-(y_size/2) screen coordinate b, must follow x1_pixel
     0046             (./Engine/Constant):00193         rsv_prev_xy2_pixel_0          equ 70 ;
     0046             (./Engine/Constant):00194         rsv_prev_x2_pixel_0           equ 70 ; previous x+x_offset+(x_size/2) screen coordinate b
     0047             (./Engine/Constant):00195         rsv_prev_y2_pixel_0           equ 71 ; previous y+y_offset+(y_size/2) screen coordinate b, must follow x2_pixel
     0048             (./Engine/Constant):00196         rsv_prev_render_flags_0       equ 72 ;
                      (./Engine/Constant):00197         * --- rsv_prev_render_flags_0 bitfield variables ---
     0001             (./Engine/Constant):00198         rsv_prev_render_overlay_mask  equ $01 ; (bit 0) if a sprite has been rendered with compilated sprite and no background save on screen buffer 0/1
     0080             (./Engine/Constant):00199         rsv_prev_render_onscreen_mask equ $80 ; (bit 7) DEPENDENCY should be bit 7 - has been rendered on screen buffer 0/1
                      (./Engine/Constant):00200         
     0049             (./Engine/Constant):00201         rsv_buffer_1                  equ 73 ; Start index of buffer 1 variables
     0049             (./Engine/Constant):00202         rsv_priority_1                equ 73 ; internal value that hold priority in video buffer 1
     004A             (./Engine/Constant):00203         rsv_priority_prev_obj_1       equ 74 ; and 75 ; previous object (OST address) in display priority list for video buffer 1 (0000 if none) w
     004C             (./Engine/Constant):00204         rsv_priority_next_obj_1       equ 76 ; and 77 ; next object (OST address) in display priority list for video buffer 1 (0000 if none) w
     004E             (./Engine/Constant):00205         rsv_prev_mapping_frame_1      equ 78 ; and 79 ; reference to previous image in video buffer 1 w
     0050             (./Engine/Constant):00206         rsv_prev_erase_nb_cell_1      equ 80 ; b
     0051             (./Engine/Constant):00207         rsv_prev_page_erase_routine_1 equ 81 ; b
     0052             (./Engine/Constant):00208         rsv_prev_erase_routine_1      equ 82 ; and 83 ; w
     0054             (./Engine/Constant):00209         rsv_bgdata_1                  equ 84 ; and 85 ; address of background data in screen 1 w
     0056             (./Engine/Constant):00210         rsv_prev_xy_pixel_1           equ 86 ;
     0056             (./Engine/Constant):00211         rsv_prev_x_pixel_1            equ 86 ; previous x screen coordinate b
     0057             (./Engine/Constant):00212         rsv_prev_y_pixel_1            equ 87 ; previous y screen coordinate b, must follow x_pixel
     0058             (./Engine/Constant):00213         rsv_prev_xy1_pixel_1          equ 88 ;
     0058             (./Engine/Constant):00214         rsv_prev_x1_pixel_1           equ 88 ; previous x+x_size screen coordinate b
     0059             (./Engine/Constant):00215         rsv_prev_y1_pixel_1           equ 89 ; previous y+y_size screen coordinate b, must follow x_pixel
     005A             (./Engine/Constant):00216         rsv_prev_xy2_pixel_1          equ 90 ;
     005A             (./Engine/Constant):00217         rsv_prev_x2_pixel_1           equ 90 ; previous x+x_size screen coordinate b
     005B             (./Engine/Constant):00218         rsv_prev_y2_pixel_1           equ 91 ; previous y+y_size screen coordinate b, must follow x_pixel
     005C             (./Engine/Constant):00219         rsv_prev_render_flags_1       equ 92 ;
                      (./Engine/Constant):00220         
     0000             (./Engine/Constant):00221         buf_priority                  equ 0  ; offset for each rsv_buffer variables
     0001             (./Engine/Constant):00222         buf_priority_prev_obj         equ 1  ;
     0003             (./Engine/Constant):00223         buf_priority_next_obj         equ 3  ;
     0005             (./Engine/Constant):00224         buf_prev_mapping_frame        equ 5  ;
     0007             (./Engine/Constant):00225         buf_erase_nb_cell             equ 7  ;
     0008             (./Engine/Constant):00226         buf_page_erase_routine        equ 8 ;
     0009             (./Engine/Constant):00227         buf_erase_routine             equ 9 ;
     000B             (./Engine/Constant):00228         buf_bgdata                    equ 11 ;
     000D             (./Engine/Constant):00229         buf_prev_xy_pixel             equ 13 ;
     000D             (./Engine/Constant):00230         buf_prev_x_pixel              equ 13 ;
     000E             (./Engine/Constant):00231         buf_prev_y_pixel              equ 14 ;
     000F             (./Engine/Constant):00232         buf_prev_xy1_pixel            equ 15 ;
     000F             (./Engine/Constant):00233         buf_prev_x1_pixel             equ 15 ;
     0010             (./Engine/Constant):00234         buf_prev_y1_pixel             equ 16 ;
     0011             (./Engine/Constant):00235         buf_prev_xy2_pixel            equ 17 ;
     0011             (./Engine/Constant):00236         buf_prev_x2_pixel             equ 17 ;
     0012             (./Engine/Constant):00237         buf_prev_y2_pixel             equ 18 ;
     0013             (./Engine/Constant):00238         buf_prev_render_flags         equ 19 ;
                      (./generated-code/):00002                 ORG $A000
     FF               (./generated-code/):00003                 SETDP $FF
                      (./generated-code/):00004                 OPT C,CT
A000                  (./generated-code/):00005                 BCKDRAW_Img_sonic_033_0
A000 10FF9FFE         (./generated-code/):00006 [7]     7               STS glb_register_s
                      (./generated-code/):00007                 
A004 32A4             (./generated-code/):00008 [4]     11              LEAS ,Y
A006 33C9FD81         (./generated-code/):00009 [8]     19              LEAU -639,U
                      (./generated-code/):00010                 
A00A ECC827           (./generated-code/):00011 [6]     25              LDD 39,U
A00D 3406             (./generated-code/):00012 [7]     32              PSHS D
A00F 840F             (./generated-code/):00013 [2]     34              ANDA #$0F
A011 C40F             (./generated-code/):00014 [2]     36              ANDB #$0F
A013 C3B0E0           (./generated-code/):00015 [4]     40              ADDD #$b0e0
A016 EDC827           (./generated-code/):00016 [6]     46              STD 39,U
A019 ECC84F           (./generated-code/):00017 [6]     52              LDD 79,U
A01C 3406             (./generated-code/):00018 [7]     59              PSHS D
A01E 840F             (./generated-code/):00019 [2]     61              ANDA #$0F
A020 C40F             (./generated-code/):00020 [2]     63              ANDB #$0F
A022 C3B0E0           (./generated-code/):00021 [4]     67              ADDD #$b0e0
A025 EDC84F           (./generated-code/):00022 [6]     73              STD 79,U
A028 A6C887           (./generated-code/):00023 [5]     78              LDA -121,U
A02B 3402             (./generated-code/):00024 [6]     84              PSHS A
A02D 840F             (./generated-code/):00025 [2]     86              ANDA #$0F
A02F 8AD0             (./generated-code/):00026 [2]     88              ORA #$d0
A031 A7C887           (./generated-code/):00027 [5]     93              STA -121,U
A034 A6C8AF           (./generated-code/):00028 [5]     98              LDA -81,U
A037 3402             (./generated-code/):00029 [6]     104             PSHS A
A039 840F             (./generated-code/):00030 [2]     106             ANDA #$0F
A03B 8AD0             (./generated-code/):00031 [2]     108             ORA #$d0
A03D A7C8AF           (./generated-code/):00032 [5]     113             STA -81,U
A040 A6C8D7           (./generated-code/):00033 [5]     118             LDA -41,U
A043 3402             (./generated-code/):00034 [6]     124             PSHS A
A045 840F             (./generated-code/):00035 [2]     126             ANDA #$0F
A047 8AB0             (./generated-code/):00036 [2]     128             ORA #$b0
A049 A7C8D7           (./generated-code/):00037 [5]     133             STA -41,U
A04C A65F             (./generated-code/):00038 [5]     138             LDA -1,U
A04E 3402             (./generated-code/):00039 [6]     144             PSHS A
A050 840F             (./generated-code/):00040 [2]     146             ANDA #$0F
A052 8AB0             (./generated-code/):00041 [2]     148             ORA #$b0
A054 A75F             (./generated-code/):00042 [5]     153             STA -1,U
A056 A6C876           (./generated-code/):00043 [5]     158             LDA 118,U
A059 3402             (./generated-code/):00044 [6]     164             PSHS A
A05B 84F0             (./generated-code/):00045 [2]     166             ANDA #$F0
A05D 8A0D             (./generated-code/):00046 [2]     168             ORA #$0d
A05F A7C876           (./generated-code/):00047 [5]     173             STA 118,U
A062 A6C878           (./generated-code/):00048 [5]     178             LDA 120,U
A065 3442             (./generated-code/):00049 [8]     186             PSHS U,A
A067 840F             (./generated-code/):00050 [2]     188             ANDA #$0F
A069 8AE0             (./generated-code/):00051 [2]     190             ORA #$e0
A06B A7C878           (./generated-code/):00052 [5]     195             STA 120,U
A06E 33C90103         (./generated-code/):00053 [8]     203             LEAU 259,U
                      (./generated-code/):00054                 
A072 A6C8EB           (./generated-code/):00055 [5]     208             LDA -21,U
A075 E6C8C3           (./generated-code/):00056 [5]     213             LDB -61,U
A078 AEC83D           (./generated-code/):00057 [6]     219             LDX 61,U
A07B 3416             (./generated-code/):00058 [9]     228             PSHS X,B,A
A07D 86D3             (./generated-code/):00059 [2]     230             LDA #$d3
A07F A7C8C3           (./generated-code/):00060 [5]     235             STA -61,U
A082 A6C813           (./generated-code/):00061 [5]     240             LDA 19,U
A085 AEC865           (./generated-code/):00062 [6]     246             LDX 101,U
A088 10AEC815         (./generated-code/):00063 [7]     253             LDY 21,U
A08C 3432             (./generated-code/):00064 [10]    263             PSHS Y,X,A
A08E 863B             (./generated-code/):00065 [2]     265             LDA #$3b
A090 A7C813           (./generated-code/):00066 [5]     270             STA 19,U
A093 863D             (./generated-code/):00067 [2]     272             LDA #$3d
A095 A7C8EB           (./generated-code/):00068 [5]     277             STA -21,U
A098 CCECAA           (./generated-code/):00069 [3]     280             LDD #$ecaa
A09B EDC83D           (./generated-code/):00070 [6]     286             STD 61,U
A09E A6C83B           (./generated-code/):00071 [5]     291             LDA 59,U
A0A1 E6C89B           (./generated-code/):00072 [5]     296             LDB -101,U
A0A4 3406             (./generated-code/):00073 [7]     303             PSHS B,A
A0A6 C4F0             (./generated-code/):00074 [2]     305             ANDB #$F0
A0A8 CA03             (./generated-code/):00075 [2]     307             ORB #$03
A0AA E7C89B           (./generated-code/):00076 [5]     312             STB -101,U
A0AD A6C89D           (./generated-code/):00077 [5]     317             LDA -99,U
A0B0 3402             (./generated-code/):00078 [6]     323             PSHS A
A0B2 840F             (./generated-code/):00079 [2]     325             ANDA #$0F
A0B4 8AE0             (./generated-code/):00080 [2]     327             ORA #$e0
A0B6 A7C89D           (./generated-code/):00081 [5]     332             STA -99,U
A0B9 ECC8C5           (./generated-code/):00082 [6]     338             LDD -59,U
A0BC 3406             (./generated-code/):00083 [7]     345             PSHS D
A0BE 84F0             (./generated-code/):00084 [2]     347             ANDA #$F0
A0C0 C40F             (./generated-code/):00085 [2]     349             ANDB #$0F
A0C2 C30DA0           (./generated-code/):00086 [4]     353             ADDD #$0da0
A0C5 EDC8C5           (./generated-code/):00087 [6]     359             STD -59,U
A0C8 ECC8ED           (./generated-code/):00088 [6]     365             LDD -19,U
A0CB 3406             (./generated-code/):00089 [7]     372             PSHS D
A0CD 84F0             (./generated-code/):00090 [2]     374             ANDA #$F0
A0CF 8A0D             (./generated-code/):00091 [2]     376             ORA #$0d
A0D1 C6AA             (./generated-code/):00092 [2]     378             LDB #$aa
A0D3 EDC8ED           (./generated-code/):00093 [6]     384             STD -19,U
A0D6 CC3DAA           (./generated-code/):00094 [3]     387             LDD #$3daa
A0D9 EDC815           (./generated-code/):00095 [6]     393             STD 21,U
A0DC 86EF             (./generated-code/):00096 [2]     395             LDA #$ef
A0DE EDC865           (./generated-code/):00097 [6]     401             STD 101,U
A0E1 86DB             (./generated-code/):00098 [2]     403             LDA #$db
A0E3 A7C83B           (./generated-code/):00099 [5]     408             STA 59,U
A0E6 ECC863           (./generated-code/):00100 [6]     414             LDD 99,U
A0E9 3446             (./generated-code/):00101 [9]     423             PSHS U,D
A0EB 86D3             (./generated-code/):00102 [2]     425             LDA #$d3
A0ED C40F             (./generated-code/):00103 [2]     427             ANDB #$0F
A0EF CAA0             (./generated-code/):00104 [2]     429             ORB #$a0
A0F1 EDC863           (./generated-code/):00105 [6]     435             STD 99,U
A0F4 33C90104         (./generated-code/):00106 [8]     443             LEAU 260,U
                      (./generated-code/):00107                 
A0F8 ECC887           (./generated-code/):00108 [6]     449             LDD -121,U
A0FB 3406             (./generated-code/):00109 [7]     456             PSHS D
A0FD 84F0             (./generated-code/):00110 [2]     458             ANDA #$F0
A0FF C40F             (./generated-code/):00111 [2]     460             ANDB #$0F
A101 C30DA0           (./generated-code/):00112 [4]     464             ADDD #$0da0
A104 EDC887           (./generated-code/):00113 [6]     470             STD -121,U
A107 A6C8B2           (./generated-code/):00114 [5]     475             LDA -78,U
A10A AEC889           (./generated-code/):00115 [6]     481             LDX -119,U
A10D 3412             (./generated-code/):00116 [8]     489             PSHS X,A
A10F CCCFEA           (./generated-code/):00117 [3]     492             LDD #$cfea
A112 EDC889           (./generated-code/):00118 [6]     498             STD -119,U
A115 ECC8B0           (./generated-code/):00119 [6]     504             LDD -80,U
A118 3406             (./generated-code/):00120 [7]     511             PSHS D
A11A 840F             (./generated-code/):00121 [2]     513             ANDA #$0F
A11C 8A90             (./generated-code/):00122 [2]     515             ORA #$90
A11E C6CF             (./generated-code/):00123 [2]     517             LDB #$cf
A120 EDC8B0           (./generated-code/):00124 [6]     523             STD -80,U
A123 ECC8D8           (./generated-code/):00125 [6]     529             LDD -40,U
A126 3406             (./generated-code/):00126 [7]     536             PSHS D
A128 840F             (./generated-code/):00127 [2]     538             ANDA #$0F
A12A 8A90             (./generated-code/):00128 [2]     540             ORA #$90
A12C C6CF             (./generated-code/):00129 [2]     542             LDB #$cf
A12E EDC8D8           (./generated-code/):00130 [6]     548             STD -40,U
A131 A6C8DA           (./generated-code/):00131 [5]     553             LDA -38,U
A134 E643             (./generated-code/):00132 [5]     558             LDB 3,U
A136 3406             (./generated-code/):00133 [7]     565             PSHS B,A
A138 C40F             (./generated-code/):00134 [2]     567             ANDB #$0F
A13A CAA0             (./generated-code/):00135 [2]     569             ORB #$a0
A13C E743             (./generated-code/):00136 [5]     574             STB 3,U
A13E 86FA             (./generated-code/):00137 [2]     576             LDA #$fa
A140 A7C8B2           (./generated-code/):00138 [5]     581             STA -78,U
A143 A7C8DA           (./generated-code/):00139 [5]     586             STA -38,U
A146 3712             (./generated-code/):00140 [8]     594             PULU A,X
A148 3452             (./generated-code/):00141 [10]    604             PSHS U,X,A
A14A 8693             (./generated-code/):00142 [2]     606             LDA #$93
A14C 8ECCEA           (./generated-code/):00143 [3]     609             LDX #$ccea
A14F 3612             (./generated-code/):00144 [8]     617             PSHU A,X
A151 33C828           (./generated-code/):00145 [5]     622             LEAU 40,U
                      (./generated-code/):00146                 
A154 A643             (./generated-code/):00147 [5]     627             LDA 3,U
A156 3402             (./generated-code/):00148 [6]     633             PSHS A
A158 840F             (./generated-code/):00149 [2]     635             ANDA #$0F
A15A 8AA0             (./generated-code/):00150 [2]     637             ORA #$a0
A15C A743             (./generated-code/):00151 [5]     642             STA 3,U
A15E 3712             (./generated-code/):00152 [8]     650             PULU A,X
A160 3452             (./generated-code/):00153 [10]    660             PSHS U,X,A
A162 86AE             (./generated-code/):00154 [2]     662             LDA #$ae
A164 8ECCAA           (./generated-code/):00155 [3]     665             LDX #$ccaa
A167 3612             (./generated-code/):00156 [8]     673             PSHU A,X
A169 33C828           (./generated-code/):00157 [5]     678             LEAU 40,U
                      (./generated-code/):00158                 
A16C A643             (./generated-code/):00159 [5]     683             LDA 3,U
A16E 3402             (./generated-code/):00160 [6]     689             PSHS A
A170 840F             (./generated-code/):00161 [2]     691             ANDA #$0F
A172 8AA0             (./generated-code/):00162 [2]     693             ORA #$a0
A174 A743             (./generated-code/):00163 [5]     698             STA 3,U
A176 3712             (./generated-code/):00164 [8]     706             PULU A,X
A178 3452             (./generated-code/):00165 [10]    716             PSHS U,X,A
A17A 86AC             (./generated-code/):00166 [2]     718             LDA #$ac
A17C 8EECAA           (./generated-code/):00167 [3]     721             LDX #$ecaa
A17F 3612             (./generated-code/):00168 [8]     729             PSHU A,X
A181 33C828           (./generated-code/):00169 [5]     734             LEAU 40,U
                      (./generated-code/):00170                 
A184 A643             (./generated-code/):00171 [5]     739             LDA 3,U
A186 3402             (./generated-code/):00172 [6]     745             PSHS A
A188 840F             (./generated-code/):00173 [2]     747             ANDA #$0F
A18A 8AA0             (./generated-code/):00174 [2]     749             ORA #$a0
A18C A743             (./generated-code/):00175 [5]     754             STA 3,U
A18E 3712             (./generated-code/):00176 [8]     762             PULU A,X
A190 3452             (./generated-code/):00177 [10]    772             PSHS U,X,A
A192 86AC             (./generated-code/):00178 [2]     774             LDA #$ac
A194 8E9EAA           (./generated-code/):00179 [3]     777             LDX #$9eaa
A197 3612             (./generated-code/):00180 [8]     785             PSHU A,X
A199 33C828           (./generated-code/):00181 [5]     790             LEAU 40,U
                      (./generated-code/):00182                 
A19C A643             (./generated-code/):00183 [5]     795             LDA 3,U
A19E 3402             (./generated-code/):00184 [6]     801             PSHS A
A1A0 840F             (./generated-code/):00185 [2]     803             ANDA #$0F
A1A2 8AA0             (./generated-code/):00186 [2]     805             ORA #$a0
A1A4 A743             (./generated-code/):00187 [5]     810             STA 3,U
A1A6 3712             (./generated-code/):00188 [8]     818             PULU A,X
A1A8 3452             (./generated-code/):00189 [10]    828             PSHS U,X,A
A1AA 86AE             (./generated-code/):00190 [2]     830             LDA #$ae
A1AC 8E99EA           (./generated-code/):00191 [3]     833             LDX #$99ea
A1AF 3612             (./generated-code/):00192 [8]     841             PSHU A,X
A1B1 33C828           (./generated-code/):00193 [5]     846             LEAU 40,U
                      (./generated-code/):00194                 
A1B4 A643             (./generated-code/):00195 [5]     851             LDA 3,U
A1B6 3402             (./generated-code/):00196 [6]     857             PSHS A
A1B8 840F             (./generated-code/):00197 [2]     859             ANDA #$0F
A1BA 8AA0             (./generated-code/):00198 [2]     861             ORA #$a0
A1BC A743             (./generated-code/):00199 [5]     866             STA 3,U
A1BE 3712             (./generated-code/):00200 [8]     874             PULU A,X
A1C0 3452             (./generated-code/):00201 [10]    884             PSHS U,X,A
A1C2 86DA             (./generated-code/):00202 [2]     886             LDA #$da
A1C4 8E99AA           (./generated-code/):00203 [3]     889             LDX #$99aa
A1C7 3612             (./generated-code/):00204 [8]     897             PSHU A,X
A1C9 33C828           (./generated-code/):00205 [5]     902             LEAU 40,U
                      (./generated-code/):00206                 
A1CC A643             (./generated-code/):00207 [5]     907             LDA 3,U
A1CE 3402             (./generated-code/):00208 [6]     913             PSHS A
A1D0 840F             (./generated-code/):00209 [2]     915             ANDA #$0F
A1D2 8AA0             (./generated-code/):00210 [2]     917             ORA #$a0
A1D4 A743             (./generated-code/):00211 [5]     922             STA 3,U
A1D6 3712             (./generated-code/):00212 [8]     930             PULU A,X
A1D8 3452             (./generated-code/):00213 [10]    940             PSHS U,X,A
A1DA 86D9             (./generated-code/):00214 [2]     942             LDA #$d9
A1DC 8EE9AA           (./generated-code/):00215 [3]     945             LDX #$e9aa
A1DF 3612             (./generated-code/):00216 [8]     953             PSHU A,X
A1E1 33C828           (./generated-code/):00217 [5]     958             LEAU 40,U
                      (./generated-code/):00218                 
A1E4 A643             (./generated-code/):00219 [5]     963             LDA 3,U
A1E6 3402             (./generated-code/):00220 [6]     969             PSHS A
A1E8 840F             (./generated-code/):00221 [2]     971             ANDA #$0F
A1EA 8AA0             (./generated-code/):00222 [2]     973             ORA #$a0
A1EC A743             (./generated-code/):00223 [5]     978             STA 3,U
A1EE 3712             (./generated-code/):00224 [8]     986             PULU A,X
A1F0 3452             (./generated-code/):00225 [10]    996             PSHS U,X,A
A1F2 86DD             (./generated-code/):00226 [2]     998             LDA #$dd
A1F4 8EC999           (./generated-code/):00227 [3]     1001            LDX #$c999
A1F7 3612             (./generated-code/):00228 [8]     1009            PSHU A,X
A1F9 33C828           (./generated-code/):00229 [5]     1014            LEAU 40,U
                      (./generated-code/):00230                 
A1FC ECC828           (./generated-code/):00231 [6]     1020            LDD 40,U
A1FF 3406             (./generated-code/):00232 [7]     1027            PSHS D
A201 84F0             (./generated-code/):00233 [2]     1029            ANDA #$F0
A203 8A09             (./generated-code/):00234 [2]     1031            ORA #$09
A205 C6CA             (./generated-code/):00235 [2]     1033            LDB #$ca
A207 EDC828           (./generated-code/):00236 [6]     1039            STD 40,U
A20A ECC850           (./generated-code/):00237 [6]     1045            LDD 80,U
A20D 3406             (./generated-code/):00238 [7]     1052            PSHS D
A20F 84F0             (./generated-code/):00239 [2]     1054            ANDA #$F0
A211 8A09             (./generated-code/):00240 [2]     1056            ORA #$09
A213 C6EA             (./generated-code/):00241 [2]     1058            LDB #$ea
A215 EDC850           (./generated-code/):00242 [6]     1064            STD 80,U
A218 ECC878           (./generated-code/):00243 [6]     1070            LDD 120,U
A21B 3406             (./generated-code/):00244 [7]     1077            PSHS D
A21D 84F0             (./generated-code/):00245 [2]     1079            ANDA #$F0
A21F 8A0A             (./generated-code/):00246 [2]     1081            ORA #$0a
A221 C6E9             (./generated-code/):00247 [2]     1083            LDB #$e9
A223 EDC878           (./generated-code/):00248 [6]     1089            STD 120,U
A226 ECC82A           (./generated-code/):00249 [6]     1095            LDD 42,U
A229 3406             (./generated-code/):00250 [7]     1102            PSHS D
A22B 869A             (./generated-code/):00251 [2]     1104            LDA #$9a
A22D C40F             (./generated-code/):00252 [2]     1106            ANDB #$0F
A22F CAA0             (./generated-code/):00253 [2]     1108            ORB #$a0
A231 EDC82A           (./generated-code/):00254 [6]     1114            STD 42,U
A234 ECC852           (./generated-code/):00255 [6]     1120            LDD 82,U
A237 3406             (./generated-code/):00256 [7]     1127            PSHS D
A239 86A9             (./generated-code/):00257 [2]     1129            LDA #$a9
A23B C40F             (./generated-code/):00258 [2]     1131            ANDB #$0F
A23D CAA0             (./generated-code/):00259 [2]     1133            ORB #$a0
A23F EDC852           (./generated-code/):00260 [6]     1139            STD 82,U
A242 A643             (./generated-code/):00261 [5]     1144            LDA 3,U
A244 3402             (./generated-code/):00262 [6]     1150            PSHS A
A246 840F             (./generated-code/):00263 [2]     1152            ANDA #$0F
A248 8AA0             (./generated-code/):00264 [2]     1154            ORA #$a0
A24A A743             (./generated-code/):00265 [5]     1159            STA 3,U
A24C ECC87A           (./generated-code/):00266 [6]     1165            LDD 122,U
A24F 3406             (./generated-code/):00267 [7]     1172            PSHS D
A251 840F             (./generated-code/):00268 [2]     1174            ANDA #$0F
A253 C40F             (./generated-code/):00269 [2]     1176            ANDB #$0F
A255 C3A0A0           (./generated-code/):00270 [4]     1180            ADDD #$a0a0
A258 EDC87A           (./generated-code/):00271 [6]     1186            STD 122,U
A25B 3712             (./generated-code/):00272 [8]     1194            PULU A,X
A25D 3452             (./generated-code/):00273 [10]    1204            PSHS U,X,A
A25F 86DD             (./generated-code/):00274 [2]     1206            LDA #$dd
A261 8ECA9A           (./generated-code/):00275 [3]     1209            LDX #$ca9a
A264 3612             (./generated-code/):00276 [8]     1217            PSHU A,X
A266 33C90119         (./generated-code/):00277 [8]     1225            LEAU 281,U
                      (./generated-code/):00278                 
A26A ECC888           (./generated-code/):00279 [6]     1231            LDD -120,U
A26D 3406             (./generated-code/):00280 [7]     1238            PSHS D
A26F 840F             (./generated-code/):00281 [2]     1240            ANDA #$0F
A271 C40F             (./generated-code/):00282 [2]     1242            ANDB #$0F
A273 C3E090           (./generated-code/):00283 [4]     1246            ADDD #$e090
A276 EDC888           (./generated-code/):00284 [6]     1252            STD -120,U
A279 ECC8B0           (./generated-code/):00285 [6]     1258            LDD -80,U
A27C 3406             (./generated-code/):00286 [7]     1265            PSHS D
A27E 840F             (./generated-code/):00287 [2]     1267            ANDA #$0F
A280 C40F             (./generated-code/):00288 [2]     1269            ANDB #$0F
A282 C3E090           (./generated-code/):00289 [4]     1273            ADDD #$e090
A285 EDC8B0           (./generated-code/):00290 [6]     1279            STD -80,U
A288 A6C826           (./generated-code/):00291 [5]     1284            LDA 38,U
A28B E6C8D6           (./generated-code/):00292 [5]     1289            LDB -42,U
A28E 3406             (./generated-code/):00293 [7]     1296            PSHS B,A
A290 A6C8AE           (./generated-code/):00294 [5]     1301            LDA -82,U
A293 E6C8D8           (./generated-code/):00295 [5]     1306            LDB -40,U
A296 3406             (./generated-code/):00296 [7]     1313            PSHS B,A
A298 C40F             (./generated-code/):00297 [2]     1315            ANDB #$0F
A29A CA30             (./generated-code/):00298 [2]     1317            ORB #$30
A29C E7C8D8           (./generated-code/):00299 [5]     1322            STB -40,U
A29F A6C4             (./generated-code/):00300 [4]     1326            LDA ,U
A2A1 3402             (./generated-code/):00301 [6]     1332            PSHS A
A2A3 840F             (./generated-code/):00302 [2]     1334            ANDA #$0F
A2A5 8A30             (./generated-code/):00303 [2]     1336            ORA #$30
A2A7 A7C4             (./generated-code/):00304 [4]     1340            STA ,U
A2A9 A6C828           (./generated-code/):00305 [5]     1345            LDA 40,U
A2AC 3402             (./generated-code/):00306 [6]     1351            PSHS A
A2AE 840F             (./generated-code/):00307 [2]     1353            ANDA #$0F
A2B0 8AF0             (./generated-code/):00308 [2]     1355            ORA #$f0
A2B2 A7C828           (./generated-code/):00309 [5]     1360            STA 40,U
A2B5 A6C850           (./generated-code/):00310 [5]     1365            LDA 80,U
A2B8 3402             (./generated-code/):00311 [6]     1371            PSHS A
A2BA 840F             (./generated-code/):00312 [2]     1373            ANDA #$0F
A2BC 8AE0             (./generated-code/):00313 [2]     1375            ORA #$e0
A2BE A7C850           (./generated-code/):00314 [5]     1380            STA 80,U
A2C1 A6C878           (./generated-code/):00315 [5]     1385            LDA 120,U
A2C4 3402             (./generated-code/):00316 [6]     1391            PSHS A
A2C6 840F             (./generated-code/):00317 [2]     1393            ANDA #$0F
A2C8 8AF0             (./generated-code/):00318 [2]     1395            ORA #$f0
A2CA A7C878           (./generated-code/):00319 [5]     1400            STA 120,U
A2CD A65E             (./generated-code/):00320 [5]     1405            LDA -2,U
A2CF E6C876           (./generated-code/):00321 [5]     1410            LDB 118,U
A2D2 3406             (./generated-code/):00322 [7]     1417            PSHS B,A
A2D4 A6C84E           (./generated-code/):00323 [5]     1422            LDA 78,U
A2D7 3442             (./generated-code/):00324 [8]     1430            PSHS U,A
A2D9 86BE             (./generated-code/):00325 [2]     1432            LDA #$be
A2DB A7C84E           (./generated-code/):00326 [5]     1437            STA 78,U
A2DE 863E             (./generated-code/):00327 [2]     1439            LDA #$3e
A2E0 A7C8AE           (./generated-code/):00328 [5]     1444            STA -82,U
A2E3 A7C876           (./generated-code/):00329 [5]     1449            STA 118,U
A2E6 86EB             (./generated-code/):00330 [2]     1451            LDA #$eb
A2E8 A7C8D6           (./generated-code/):00331 [5]     1456            STA -42,U
A2EB A75E             (./generated-code/):00332 [5]     1461            STA -2,U
A2ED 86EE             (./generated-code/):00333 [2]     1463            LDA #$ee
A2EF A7C826           (./generated-code/):00334 [5]     1468            STA 38,U
A2F2 33C900DA         (./generated-code/):00335 [8]     1476            LEAU 218,U
                      (./generated-code/):00336                 
A2F6 A6C8C4           (./generated-code/):00337 [5]     1481            LDA -60,U
A2F9 E6C8C6           (./generated-code/):00338 [5]     1486            LDB -58,U
A2FC 3406             (./generated-code/):00339 [7]     1493            PSHS B,A
A2FE C40F             (./generated-code/):00340 [2]     1495            ANDB #$0F
A300 CAF0             (./generated-code/):00341 [2]     1497            ORB #$f0
A302 E7C8C6           (./generated-code/):00342 [5]     1502            STB -58,U
A305 A6C8EC           (./generated-code/):00343 [5]     1507            LDA -20,U
A308 3402             (./generated-code/):00344 [6]     1513            PSHS A
A30A 840F             (./generated-code/):00345 [2]     1515            ANDA #$0F
A30C 8AD0             (./generated-code/):00346 [2]     1517            ORA #$d0
A30E A7C8EC           (./generated-code/):00347 [5]     1522            STA -20,U
A311 A6C8EE           (./generated-code/):00348 [5]     1527            LDA -18,U
A314 3402             (./generated-code/):00349 [6]     1533            PSHS A
A316 840F             (./generated-code/):00350 [2]     1535            ANDA #$0F
A318 8AE0             (./generated-code/):00351 [2]     1537            ORA #$e0
A31A A7C8EE           (./generated-code/):00352 [5]     1542            STA -18,U
A31D A6C813           (./generated-code/):00353 [5]     1547            LDA 19,U
A320 3402             (./generated-code/):00354 [6]     1553            PSHS A
A322 84F0             (./generated-code/):00355 [2]     1555            ANDA #$F0
A324 8A03             (./generated-code/):00356 [2]     1557            ORA #$03
A326 A7C813           (./generated-code/):00357 [5]     1562            STA 19,U
A329 A6C83B           (./generated-code/):00358 [5]     1567            LDA 59,U
A32C 3442             (./generated-code/):00359 [8]     1575            PSHS U,A
A32E 84F0             (./generated-code/):00360 [2]     1577            ANDA #$F0
A330 8A0D             (./generated-code/):00361 [2]     1579            ORA #$0d
A332 A7C83B           (./generated-code/):00362 [5]     1584            STA 59,U
A335 863D             (./generated-code/):00363 [2]     1586            LDA #$3d
A337 A7C8C4           (./generated-code/):00364 [5]     1591            STA -60,U
                      (./generated-code/):00365                 
A33A DEFC             (./generated-code/):00366 [5]     1596            LDU <glb_screen_location_1
A33C 33C9FD7F         (./generated-code/):00367 [8]     1604            LEAU -641,U
                      (./generated-code/):00368                 
A340 ECC4             (./generated-code/):00369 [5]     1609            LDD ,U
A342 3406             (./generated-code/):00370 [7]     1616            PSHS D
A344 84F0             (./generated-code/):00371 [2]     1618            ANDA #$F0
A346 8A03             (./generated-code/):00372 [2]     1620            ORA #$03
A348 C6EE             (./generated-code/):00373 [2]     1622            LDB #$ee
A34A EDC4             (./generated-code/):00374 [5]     1627            STD ,U
A34C AEC828           (./generated-code/):00375 [6]     1633            LDX 40,U
A34F 3410             (./generated-code/):00376 [7]     1640            PSHS X
A351 A6C8D8           (./generated-code/):00377 [5]     1645            LDA -40,U
A354 3442             (./generated-code/):00378 [8]     1653            PSHS U,A
A356 84F0             (./generated-code/):00379 [2]     1655            ANDA #$F0
A358 8A03             (./generated-code/):00380 [2]     1657            ORA #$03
A35A A7C8D8           (./generated-code/):00381 [5]     1662            STA -40,U
A35D CC3DEE           (./generated-code/):00382 [3]     1665            LDD #$3dee
A360 EDC828           (./generated-code/):00383 [6]     1671            STD 40,U
A363 33C900C8         (./generated-code/):00384 [8]     1679            LEAU 200,U
                      (./generated-code/):00385                 
A367 AEC888           (./generated-code/):00386 [6]     1685            LDX -120,U
A36A 10AEC8B0         (./generated-code/):00387 [7]     1692            LDY -80,U
A36E 3430             (./generated-code/):00388 [9]     1701            PSHS Y,X
A370 863B             (./generated-code/):00389 [2]     1703            LDA #$3b
A372 EDC888           (./generated-code/):00390 [6]     1709            STD -120,U
A375 EDC8B0           (./generated-code/):00391 [6]     1715            STD -80,U
A378 ECC8D8           (./generated-code/):00392 [6]     1721            LDD -40,U
A37B 3406             (./generated-code/):00393 [7]     1728            PSHS D
A37D CCDFEE           (./generated-code/):00394 [3]     1731            LDD #$dfee
A380 EDC8D8           (./generated-code/):00395 [6]     1737            STD -40,U
A383 3712             (./generated-code/):00396 [8]     1745            PULU A,X
A385 3452             (./generated-code/):00397 [10]    1755            PSHS U,X,A
A387 8EEEED           (./generated-code/):00398 [3]     1758            LDX #$eeed
A38A 3614             (./generated-code/):00399 [8]     1766            PSHU B,X
A38C 33C828           (./generated-code/):00400 [5]     1771            LEAU 40,U
                      (./generated-code/):00401                 
A38F ECC828           (./generated-code/):00402 [6]     1777            LDD 40,U
A392 3406             (./generated-code/):00403 [7]     1784            PSHS D
A394 86BF             (./generated-code/):00404 [2]     1786            LDA #$bf
A396 C40F             (./generated-code/):00405 [2]     1788            ANDB #$0F
A398 CA30             (./generated-code/):00406 [2]     1790            ORB #$30
A39A EDC828           (./generated-code/):00407 [6]     1796            STD 40,U
A39D ECC850           (./generated-code/):00408 [6]     1802            LDD 80,U
A3A0 3406             (./generated-code/):00409 [7]     1809            PSHS D
A3A2 863F             (./generated-code/):00410 [2]     1811            LDA #$3f
A3A4 C40F             (./generated-code/):00411 [2]     1813            ANDB #$0F
A3A6 CAE0             (./generated-code/):00412 [2]     1815            ORB #$e0
A3A8 EDC850           (./generated-code/):00413 [6]     1821            STD 80,U
A3AB ECC852           (./generated-code/):00414 [6]     1827            LDD 82,U
A3AE 3406             (./generated-code/):00415 [7]     1834            PSHS D
A3B0 86DD             (./generated-code/):00416 [2]     1836            LDA #$dd
A3B2 C40F             (./generated-code/):00417 [2]     1838            ANDB #$0F
A3B4 CAA0             (./generated-code/):00418 [2]     1840            ORB #$a0
A3B6 EDC852           (./generated-code/):00419 [6]     1846            STD 82,U
A3B9 ECC878           (./generated-code/):00420 [6]     1852            LDD 120,U
A3BC 3406             (./generated-code/):00421 [7]     1859            PSHS D
A3BE 86EE             (./generated-code/):00422 [2]     1861            LDA #$ee
A3C0 C40F             (./generated-code/):00423 [2]     1863            ANDB #$0F
A3C2 CAE0             (./generated-code/):00424 [2]     1865            ORB #$e0
A3C4 EDC878           (./generated-code/):00425 [6]     1871            STD 120,U
A3C7 AEC82A           (./generated-code/):00426 [6]     1877            LDX 42,U
A3CA CCFAA9           (./generated-code/):00427 [3]     1880            LDD #$faa9
A3CD EDC82A           (./generated-code/):00428 [6]     1886            STD 42,U
A3D0 10AEC87A         (./generated-code/):00429 [7]     1893            LDY 122,U
A3D4 3430             (./generated-code/):00430 [9]     1902            PSHS Y,X
A3D6 CCDDAA           (./generated-code/):00431 [3]     1905            LDD #$ddaa
A3D9 EDC87A           (./generated-code/):00432 [6]     1911            STD 122,U
A3DC 3716             (./generated-code/):00433 [9]     1920            PULU D,X
A3DE 3456             (./generated-code/):00434 [11]    1931            PSHS U,X,D
A3E0 CCBB3E           (./generated-code/):00435 [3]     1934            LDD #$bb3e
A3E3 8EDA99           (./generated-code/):00436 [3]     1937            LDX #$da99
A3E6 3616             (./generated-code/):00437 [9]     1946            PSHU D,X
A3E8 33C90119         (./generated-code/):00438 [8]     1954            LEAU 281,U
                      (./generated-code/):00439                 
A3EC ECC887           (./generated-code/):00440 [6]     1960            LDD -121,U
A3EF 3406             (./generated-code/):00441 [7]     1967            PSHS D
A3F1 840F             (./generated-code/):00442 [2]     1969            ANDA #$0F
A3F3 C40F             (./generated-code/):00443 [2]     1971            ANDB #$0F
A3F5 C3E0E0           (./generated-code/):00444 [4]     1975            ADDD #$e0e0
A3F8 EDC887           (./generated-code/):00445 [6]     1981            STD -121,U
A3FB ECC8B0           (./generated-code/):00446 [6]     1987            LDD -80,U
A3FE 3406             (./generated-code/):00447 [7]     1994            PSHS D
A400 840F             (./generated-code/):00448 [2]     1996            ANDA #$0F
A402 8AE0             (./generated-code/):00449 [2]     1998            ORA #$e0
A404 C6FF             (./generated-code/):00450 [2]     2000            LDB #$ff
A406 EDC8B0           (./generated-code/):00451 [6]     2006            STD -80,U
A409 ECC8D8           (./generated-code/):00452 [6]     2012            LDD -40,U
A40C 3406             (./generated-code/):00453 [7]     2019            PSHS D
A40E 840F             (./generated-code/):00454 [2]     2021            ANDA #$0F
A410 8A30             (./generated-code/):00455 [2]     2023            ORA #$30
A412 C6FF             (./generated-code/):00456 [2]     2025            LDB #$ff
A414 EDC8D8           (./generated-code/):00457 [6]     2031            STD -40,U
A417 A6C8B2           (./generated-code/):00458 [5]     2036            LDA -78,U
A41A AEC889           (./generated-code/):00459 [6]     2042            LDX -119,U
A41D 3412             (./generated-code/):00460 [8]     2050            PSHS X,A
A41F CCFFAA           (./generated-code/):00461 [3]     2053            LDD #$ffaa
A422 EDC889           (./generated-code/):00462 [6]     2059            STD -119,U
A425 A6C8DA           (./generated-code/):00463 [5]     2064            LDA -38,U
A428 E7C8B2           (./generated-code/):00464 [5]     2069            STB -78,U
A42B E7C8DA           (./generated-code/):00465 [5]     2074            STB -38,U
A42E 3714             (./generated-code/):00466 [8]     2082            PULU B,X
A430 3456             (./generated-code/):00467 [11]    2093            PSHS U,X,B,A
A432 863D             (./generated-code/):00468 [2]     2095            LDA #$3d
A434 8EAFAA           (./generated-code/):00469 [3]     2098            LDX #$afaa
A437 3612             (./generated-code/):00470 [8]     2106            PSHU A,X
A439 33C828           (./generated-code/):00471 [5]     2111            LEAU 40,U
                      (./generated-code/):00472                 
A43C 3712             (./generated-code/):00473 [8]     2119            PULU A,X
A43E 3452             (./generated-code/):00474 [10]    2129            PSHS U,X,A
A440 86CD             (./generated-code/):00475 [2]     2131            LDA #$cd
A442 8EAACA           (./generated-code/):00476 [3]     2134            LDX #$aaca
A445 3612             (./generated-code/):00477 [8]     2142            PSHU A,X
A447 33C828           (./generated-code/):00478 [5]     2147            LEAU 40,U
                      (./generated-code/):00479                 
A44A 3712             (./generated-code/):00480 [8]     2155            PULU A,X
A44C 3452             (./generated-code/):00481 [10]    2165            PSHS U,X,A
A44E 86CD             (./generated-code/):00482 [2]     2167            LDA #$cd
A450 8EAAC9           (./generated-code/):00483 [3]     2170            LDX #$aac9
A453 3612             (./generated-code/):00484 [8]     2178            PSHU A,X
A455 33C828           (./generated-code/):00485 [5]     2183            LEAU 40,U
                      (./generated-code/):00486                 
A458 3712             (./generated-code/):00487 [8]     2191            PULU A,X
A45A 3452             (./generated-code/):00488 [10]    2201            PSHS U,X,A
A45C 86FD             (./generated-code/):00489 [2]     2203            LDA #$fd
A45E 8EAACC           (./generated-code/):00490 [3]     2206            LDX #$aacc
A461 3612             (./generated-code/):00491 [8]     2214            PSHU A,X
A463 33C828           (./generated-code/):00492 [5]     2219            LEAU 40,U
                      (./generated-code/):00493                 
A466 3712             (./generated-code/):00494 [8]     2227            PULU A,X
A468 3452             (./generated-code/):00495 [10]    2237            PSHS U,X,A
A46A 86E9             (./generated-code/):00496 [2]     2239            LDA #$e9
A46C 8EAAE9           (./generated-code/):00497 [3]     2242            LDX #$aae9
A46F 3612             (./generated-code/):00498 [8]     2250            PSHU A,X
A471 33C828           (./generated-code/):00499 [5]     2255            LEAU 40,U
                      (./generated-code/):00500                 
A474 3712             (./generated-code/):00501 [8]     2263            PULU A,X
A476 3452             (./generated-code/):00502 [10]    2273            PSHS U,X,A
A478 86A3             (./generated-code/):00503 [2]     2275            LDA #$a3
A47A 8E9A9A           (./generated-code/):00504 [3]     2278            LDX #$9a9a
A47D 3612             (./generated-code/):00505 [8]     2286            PSHU A,X
A47F 33C828           (./generated-code/):00506 [5]     2291            LEAU 40,U
                      (./generated-code/):00507                 
A482 3712             (./generated-code/):00508 [8]     2299            PULU A,X
A484 3452             (./generated-code/):00509 [10]    2309            PSHS U,X,A
A486 869E             (./generated-code/):00510 [2]     2311            LDA #$9e
A488 8E99AA           (./generated-code/):00511 [3]     2314            LDX #$99aa
A48B 3612             (./generated-code/):00512 [8]     2322            PSHU A,X
A48D 33C828           (./generated-code/):00513 [5]     2327            LEAU 40,U
                      (./generated-code/):00514                 
A490 ECC827           (./generated-code/):00515 [6]     2333            LDD 39,U
A493 3406             (./generated-code/):00516 [7]     2340            PSHS D
A495 84F0             (./generated-code/):00517 [2]     2342            ANDA #$F0
A497 8A09             (./generated-code/):00518 [2]     2344            ORA #$09
A499 C699             (./generated-code/):00519 [2]     2346            LDB #$99
A49B EDC827           (./generated-code/):00520 [6]     2352            STD 39,U
A49E ECC829           (./generated-code/):00521 [6]     2358            LDD 41,U
A4A1 3406             (./generated-code/):00522 [7]     2365            PSHS D
A4A3 8699             (./generated-code/):00523 [2]     2367            LDA #$99
A4A5 C4F0             (./generated-code/):00524 [2]     2369            ANDB #$F0
A4A7 CA09             (./generated-code/):00525 [2]     2371            ORB #$09
A4A9 EDC829           (./generated-code/):00526 [6]     2377            STD 41,U
A4AC ECC84F           (./generated-code/):00527 [6]     2383            LDD 79,U
A4AF 3406             (./generated-code/):00528 [7]     2390            PSHS D
A4B1 84F0             (./generated-code/):00529 [2]     2392            ANDA #$F0
A4B3 C40F             (./generated-code/):00530 [2]     2394            ANDB #$0F
A4B5 C30990           (./generated-code/):00531 [4]     2398            ADDD #$0990
A4B8 EDC84F           (./generated-code/):00532 [6]     2404            STD 79,U
A4BB ECC851           (./generated-code/):00533 [6]     2410            LDD 81,U
A4BE 3406             (./generated-code/):00534 [7]     2417            PSHS D
A4C0 84F0             (./generated-code/):00535 [2]     2419            ANDA #$F0
A4C2 C4F0             (./generated-code/):00536 [2]     2421            ANDB #$F0
A4C4 C30909           (./generated-code/):00537 [4]     2425            ADDD #$0909
A4C7 EDC851           (./generated-code/):00538 [6]     2431            STD 81,U
A4CA ECC877           (./generated-code/):00539 [6]     2437            LDD 119,U
A4CD 3406             (./generated-code/):00540 [7]     2444            PSHS D
A4CF 84F0             (./generated-code/):00541 [2]     2446            ANDA #$F0
A4D1 C40F             (./generated-code/):00542 [2]     2448            ANDB #$0F
A4D3 C30DA0           (./generated-code/):00543 [4]     2452            ADDD #$0da0
A4D6 EDC877           (./generated-code/):00544 [6]     2458            STD 119,U
A4D9 ECC879           (./generated-code/):00545 [6]     2464            LDD 121,U
A4DC 3406             (./generated-code/):00546 [7]     2471            PSHS D
A4DE 84F0             (./generated-code/):00547 [2]     2473            ANDA #$F0
A4E0 C4F0             (./generated-code/):00548 [2]     2475            ANDB #$F0
A4E2 C30909           (./generated-code/):00549 [4]     2479            ADDD #$0909
A4E5 EDC879           (./generated-code/):00550 [6]     2485            STD 121,U
A4E8 3712             (./generated-code/):00551 [8]     2493            PULU A,X
A4EA 3452             (./generated-code/):00552 [10]    2503            PSHS U,X,A
A4EC 8693             (./generated-code/):00553 [2]     2505            LDA #$93
A4EE 8E9999           (./generated-code/):00554 [3]     2508            LDX #$9999
A4F1 3612             (./generated-code/):00555 [8]     2516            PSHU A,X
A4F3 33C90118         (./generated-code/):00556 [8]     2524            LEAU 280,U
                      (./generated-code/):00557                 
A4F7 ECC889           (./generated-code/):00558 [6]     2530            LDD -119,U
A4FA 3406             (./generated-code/):00559 [7]     2537            PSHS D
A4FC 84F0             (./generated-code/):00560 [2]     2539            ANDA #$F0
A4FE C4F0             (./generated-code/):00561 [2]     2541            ANDB #$F0
A500 C30909           (./generated-code/):00562 [4]     2545            ADDD #$0909
A503 EDC889           (./generated-code/):00563 [6]     2551            STD -119,U
A506 EC5F             (./generated-code/):00564 [6]     2557            LDD -1,U
A508 3406             (./generated-code/):00565 [7]     2564            PSHS D
A50A 840F             (./generated-code/):00566 [2]     2566            ANDA #$0F
A50C C4F0             (./generated-code/):00567 [2]     2568            ANDB #$F0
A50E C3E00E           (./generated-code/):00568 [4]     2572            ADDD #$e00e
A511 ED5F             (./generated-code/):00569 [6]     2578            STD -1,U
A513 ECC826           (./generated-code/):00570 [6]     2584            LDD 38,U
A516 3406             (./generated-code/):00571 [7]     2591            PSHS D
A518 84F0             (./generated-code/):00572 [2]     2593            ANDA #$F0
A51A C40F             (./generated-code/):00573 [2]     2595            ANDB #$0F
A51C C30EE0           (./generated-code/):00574 [4]     2599            ADDD #$0ee0
A51F EDC826           (./generated-code/):00575 [6]     2605            STD 38,U
A522 ECC84E           (./generated-code/):00576 [6]     2611            LDD 78,U
A525 3406             (./generated-code/):00577 [7]     2618            PSHS D
A527 84F0             (./generated-code/):00578 [2]     2620            ANDA #$F0
A529 C40F             (./generated-code/):00579 [2]     2622            ANDB #$0F
A52B C303D0           (./generated-code/):00580 [4]     2626            ADDD #$03d0
A52E EDC84E           (./generated-code/):00581 [6]     2632            STD 78,U
A531 A6C887           (./generated-code/):00582 [5]     2637            LDA -121,U
A534 E6C8AF           (./generated-code/):00583 [5]     2642            LDB -81,U
A537 3406             (./generated-code/):00584 [7]     2649            PSHS B,A
A539 C40F             (./generated-code/):00585 [2]     2651            ANDB #$0F
A53B CA90             (./generated-code/):00586 [2]     2653            ORB #$90
A53D E7C8AF           (./generated-code/):00587 [5]     2658            STB -81,U
A540 A6C8B1           (./generated-code/):00588 [5]     2663            LDA -79,U
A543 3402             (./generated-code/):00589 [6]     2669            PSHS A
A545 84F0             (./generated-code/):00590 [2]     2671            ANDA #$F0
A547 8A09             (./generated-code/):00591 [2]     2673            ORA #$09
A549 A7C8B1           (./generated-code/):00592 [5]     2678            STA -79,U
A54C A6C8D7           (./generated-code/):00593 [5]     2683            LDA -41,U
A54F 3402             (./generated-code/):00594 [6]     2689            PSHS A
A551 840F             (./generated-code/):00595 [2]     2691            ANDA #$0F
A553 8AD0             (./generated-code/):00596 [2]     2693            ORA #$d0
A555 A7C8D7           (./generated-code/):00597 [5]     2698            STA -41,U
A558 A6C8D9           (./generated-code/):00598 [5]     2703            LDA -39,U
A55B 3402             (./generated-code/):00599 [6]     2709            PSHS A
A55D 84F0             (./generated-code/):00600 [2]     2711            ANDA #$F0
A55F 8A09             (./generated-code/):00601 [2]     2713            ORA #$09
A561 A7C8D9           (./generated-code/):00602 [5]     2718            STA -39,U
A564 A641             (./generated-code/):00603 [5]     2723            LDA 1,U
A566 3402             (./generated-code/):00604 [6]     2729            PSHS A
A568 84F0             (./generated-code/):00605 [2]     2731            ANDA #$F0
A56A 8A09             (./generated-code/):00606 [2]     2733            ORA #$09
A56C A741             (./generated-code/):00607 [5]     2738            STA 1,U
A56E 869D             (./generated-code/):00608 [2]     2740            LDA #$9d
A570 A7C887           (./generated-code/):00609 [5]     2745            STA -121,U
A573 ECC828           (./generated-code/):00610 [6]     2751            LDD 40,U
A576 3406             (./generated-code/):00611 [7]     2758            PSHS D
A578 86EE             (./generated-code/):00612 [2]     2760            LDA #$ee
A57A C4F0             (./generated-code/):00613 [2]     2762            ANDB #$F0
A57C CA09             (./generated-code/):00614 [2]     2764            ORB #$09
A57E EDC828           (./generated-code/):00615 [6]     2770            STD 40,U
A581 ECC876           (./generated-code/):00616 [6]     2776            LDD 118,U
A584 3406             (./generated-code/):00617 [7]     2783            PSHS D
A586 863B             (./generated-code/):00618 [2]     2785            LDA #$3b
A588 C40F             (./generated-code/):00619 [2]     2787            ANDB #$0F
A58A CAD0             (./generated-code/):00620 [2]     2789            ORB #$d0
A58C EDC876           (./generated-code/):00621 [6]     2795            STD 118,U
A58F A6C850           (./generated-code/):00622 [5]     2800            LDA 80,U
A592 E6C878           (./generated-code/):00623 [5]     2805            LDB 120,U
A595 3446             (./generated-code/):00624 [9]     2814            PSHS U,B,A
A597 86EE             (./generated-code/):00625 [2]     2816            LDA #$ee
A599 A7C850           (./generated-code/):00626 [5]     2821            STA 80,U
A59C 86EF             (./generated-code/):00627 [2]     2823            LDA #$ef
A59E A7C878           (./generated-code/):00628 [5]     2828            STA 120,U
A5A1 33C900EE         (./generated-code/):00629 [8]     2836            LEAU 238,U
                      (./generated-code/):00630                 
A5A5 A6C8B0           (./generated-code/):00631 [5]     2841            LDA -80,U
A5A8 E6C850           (./generated-code/):00632 [5]     2846            LDB 80,U
A5AB 3406             (./generated-code/):00633 [7]     2853            PSHS B,A
A5AD C40F             (./generated-code/):00634 [2]     2855            ANDB #$0F
A5AF CAD0             (./generated-code/):00635 [2]     2857            ORB #$d0
A5B1 E7C850           (./generated-code/):00636 [5]     2862            STB 80,U
A5B4 863B             (./generated-code/):00637 [2]     2864            LDA #$3b
A5B6 A7C8B0           (./generated-code/):00638 [5]     2869            STA -80,U
A5B9 A6C8DA           (./generated-code/):00639 [5]     2874            LDA -38,U
A5BC E6C8D8           (./generated-code/):00640 [5]     2879            LDB -40,U
A5BF 3406             (./generated-code/):00641 [7]     2886            PSHS B,A
A5C1 A642             (./generated-code/):00642 [5]     2891            LDA 2,U
A5C3 E6C4             (./generated-code/):00643 [4]     2895            LDB ,U
A5C5 3406             (./generated-code/):00644 [7]     2902            PSHS B,A
A5C7 86B3             (./generated-code/):00645 [2]     2904            LDA #$b3
A5C9 A7C4             (./generated-code/):00646 [4]     2908            STA ,U
A5CB A6C828           (./generated-code/):00647 [5]     2913            LDA 40,U
A5CE E6C8B2           (./generated-code/):00648 [5]     2918            LDB -78,U
A5D1 3446             (./generated-code/):00649 [9]     2927            PSHS U,B,A
A5D3 8633             (./generated-code/):00650 [2]     2929            LDA #$33
A5D5 A7C8D8           (./generated-code/):00651 [5]     2934            STA -40,U
A5D8 863D             (./generated-code/):00652 [2]     2936            LDA #$3d
A5DA A7C828           (./generated-code/):00653 [5]     2941            STA 40,U
A5DD 86EF             (./generated-code/):00654 [2]     2943            LDA #$ef
A5DF A7C8B2           (./generated-code/):00655 [5]     2948            STA -78,U
A5E2 A7C8DA           (./generated-code/):00656 [5]     2953            STA -38,U
A5E5 A742             (./generated-code/):00657 [5]     2958            STA 2,U
A5E7 33E4             (./generated-code/):00658 [4]     2962            LEAU ,S
A5E9                  (./generated-code/):00659                 SSAV_Img_sonic_033_0
A5E9 10FE9FFE         (./generated-code/):00660 [7]     2969            LDS glb_register_s
A5ED 39               (./generated-code/):00661 [5]     2974            RTS
                      (./generated-code/):00662                 
