                      (./generated-code/):00001                 INCLUDE "./Engine/Constants.asm"
                      (./Engine/Constant):00001         * ---------------------------------------------------------------------------
                      (./Engine/Constant):00002         * Constants
                      (./Engine/Constant):00003         *
                      (./Engine/Constant):00004         * Naming convention
                      (./Engine/Constant):00005         * -----------------
                      (./Engine/Constant):00006         * - lower case
                      (./Engine/Constant):00007         * - underscore-separated names
                      (./Engine/Constant):00008         *
                      (./Engine/Constant):00009         * ---------------------------------------------------------------------------
                      (./Engine/Constant):00010         
                      (./Engine/Constant):00011         * ===========================================================================
                      (./Engine/Constant):00012         * TO8 Registers
                      (./Engine/Constant):00013         * ===========================================================================
                      (./Engine/Constant):00014         
                      (./Engine/Constant):00015         ; Disk routine registers (ROM)
                      (./Engine/Constant):00016         
     6049             (./Engine/Constant):00017         dk_drive                      equ $6049
     604A             (./Engine/Constant):00018         dk_track                      equ $604A
     604B             (./Engine/Constant):00019         dk_track_lsb                  equ $604B
     604C             (./Engine/Constant):00020         dk_sector                     equ $604C
     604F             (./Engine/Constant):00021         dk_write_location             equ $604F
                      (./Engine/Constant):00022         
                      (./Engine/Constant):00023         * ===========================================================================
                      (./Engine/Constant):00024         * Globals
                      (./Engine/Constant):00025         * ===========================================================================
                      (./Engine/Constant):00026         
     009F             (./Engine/Constant):00027         glb_direct_page               equ $9F    ; direct page for globals
                      (./Engine/Constant):00028         
                      (./Engine/Constant):00029         ; compilated sprite
     9FFE             (./Engine/Constant):00030         glb_register_s                equ $9FFE  ; reverved space to store S from ROM routines
                      (./Engine/Constant):00031         
                      (./Engine/Constant):00032         ; DrawSprites
     9FFC             (./Engine/Constant):00033         glb_screen_location_1         equ $9FFC  ; start address for rendering of current sprite Part1     
     9FFA             (./Engine/Constant):00034         glb_screen_location_2         equ $9FFA  ; start address for rendering of current sprite Part2 (Must follow Part1)
                      (./Engine/Constant):00035         
                      (./Engine/Constant):00036         ; CheckSpritesRefresh
     9FF9             (./Engine/Constant):00037         glb_cur_priority              equ $9FF9
     9FF7             (./Engine/Constant):00038         glb_cur_ptr_sub_obj_erase     equ $9FF7
     9FF5             (./Engine/Constant):00039         glb_cur_ptr_sub_obj_draw      equ $9FF5
     9FF3             (./Engine/Constant):00040         glb_camera_x_pos              equ $9FF3 ; camera x position in palyfield coordinates
     9FF1             (./Engine/Constant):00041         glb_camera_y_pos              equ $9FF1 ; camera y position in palyfield coordinates
     9FEF             (./Engine/Constant):00042         glb_camera_x_min_pos          equ $9FEF
     9FED             (./Engine/Constant):00043         glb_camera_y_min_pos          equ $9FED
     9FEB             (./Engine/Constant):00044         glb_camera_x_max_pos          equ $9FEB
     9FE9             (./Engine/Constant):00045         glb_camera_y_max_pos          equ $9FE9
     9FE8             (./Engine/Constant):00046         glb_force_sprite_refresh      equ $9FE8
     9FE7             (./Engine/Constant):00047         glb_camera_move               equ $9FE7
     9FE6             (./Engine/Constant):00048         glb_alphaTiles                equ $9FE6
     9F00             (./Engine/Constant):00049         glb_tmp_var                   equ $9F00 ; custom tmp var space for routine
     9F00             (./Engine/Constant):00050         glb_system_stack              equ $9F00
                      (./Engine/Constant):00051         
                      (./Engine/Constant):00052         * ===========================================================================
                      (./Engine/Constant):00053         * Display Constants
                      (./Engine/Constant):00054         * ===========================================================================
                      (./Engine/Constant):00055         
     00A0             (./Engine/Constant):00056         screen_width                  equ 160    ; in pixel
     001C             (./Engine/Constant):00057         screen_top                    equ 28     ; in pixel
     00E3             (./Engine/Constant):00058         screen_bottom                 equ 28+199 ; in pixel
     0030             (./Engine/Constant):00059         screen_left                   equ 48     ; in pixel
     00CF             (./Engine/Constant):00060         screen_right                  equ 48+159 ; in pixel
     0008             (./Engine/Constant):00061         nb_priority_levels            equ 8      ; number of priority levels (need code change if modified)
                      (./Engine/Constant):00062         
                      (./Engine/Constant):00063         * ===========================================================================
                      (./Engine/Constant):00064         * Images Constants
                      (./Engine/Constant):00065         * ===========================================================================
                      (./Engine/Constant):00066         
     0004             (./Engine/Constant):00067         image_x_size                  equ 4
     0005             (./Engine/Constant):00068         image_y_size                  equ 5
     0006             (./Engine/Constant):00069         image_center_offset           equ 6
                      (./Engine/Constant):00070         
     0004             (./Engine/Constant):00071         image_subset_x1_offset        equ 4
     0005             (./Engine/Constant):00072         image_subset_y1_offset        equ 5
                      (./Engine/Constant):00073         
     0000             (./Engine/Constant):00074         page_draw_routine             equ 0
     0001             (./Engine/Constant):00075         draw_routine                  equ 1
     0003             (./Engine/Constant):00076         page_erase_routine            equ 3
     0004             (./Engine/Constant):00077         erase_routine                 equ 4
     0006             (./Engine/Constant):00078         erase_nb_cell                 equ 6
                      (./Engine/Constant):00079         
                      (./Engine/Constant):00080         * ===========================================================================
                      (./Engine/Constant):00081         * Sound Constants
                      (./Engine/Constant):00082         * ===========================================================================
                      (./Engine/Constant):00083         
     0000             (./Engine/Constant):00084         sound_page        equ 0
     0001             (./Engine/Constant):00085         sound_start_addr  equ 1
     0003             (./Engine/Constant):00086         sound_end_addr    equ 3
     0005             (./Engine/Constant):00087         sound_meta_size   equ 5
                      (./Engine/Constant):00088         
                      (./Engine/Constant):00089         * ===========================================================================
                      (./Engine/Constant):00090         * Object Constants
                      (./Engine/Constant):00091         * ===========================================================================
                      (./Engine/Constant):00092         
     005D             (./Engine/Constant):00093         object_core_size              equ 93  ; the size of an object without ext_vars - DEPENDENCY ClearObj routine
     ????             (./Engine/Constant):00094         object_size                   equ object_core_size+ext_variables_size ; the size of a dynamic object
     ????             (./Engine/Constant):00095         next_object                   equ object_size
     005D             (./Engine/Constant):00096         ext_variables                 equ object_core_size ; start of reserved space for additionnal variables
                      (./Engine/Constant):00097         
     0000             (./Engine/Constant):00098         id                            equ 0           ; reference to object model id (ObjID_) (0: free slot)
     0001             (./Engine/Constant):00099         subtype                       equ 1           ; reference to object subtype (Sub_)
     0002             (./Engine/Constant):00100         render_flags                  equ 2
                      (./Engine/Constant):00101         
                      (./Engine/Constant):00102         * --- render_flags bitfield variables ---
     0001             (./Engine/Constant):00103         render_xmirror_mask           equ $01 ; (bit 0) DEPENDENCY should be bit 0 - tell display engine to mirror sprite on horizontal axis
     0002             (./Engine/Constant):00104         render_ymirror_mask           equ $02 ; (bit 1) DEPENDENCY should be bit 1 - tell display engine to mirror sprite on vertical axis
     0004             (./Engine/Constant):00105         render_overlay_mask           equ $04 ; (bit 2) DEPENDENCY should be bit 2 - compilated sprite with no background save
     0008             (./Engine/Constant):00106         render_motionless_mask        equ $08 ; (bit 3) tell display engine to compute sub image and position check only once until the flag is removed  
     0010             (./Engine/Constant):00107         render_playfieldcoord_mask    equ $10 ; (bit 4) tell display engine to use playfield (1) or screen (0) coordinates
     0020             (./Engine/Constant):00108         render_hide_mask              equ $20 ; (bit 5) tell display engine to hide sprite (keep priority and mapping_frame)
     0040             (./Engine/Constant):00109         render_todelete_mask          equ $40 ; (bit 6) tell display engine to delete sprite and clear OST for this object
     0080             (./Engine/Constant):00110         render_xloop_mask             equ $80 ; (bit 7) (screen coordinate) tell display engine to hide sprite when x is out of screen (0) or to display (1)  
                      (./Engine/Constant):00111          
     0003             (./Engine/Constant):00112         priority                      equ 3           ; display priority (0: nothing to display, 1:front, ..., 8:back)
     0004             (./Engine/Constant):00113         anim                          equ 4  ; and 5  ; reference to current animation (Ani_)
     0006             (./Engine/Constant):00114         prev_anim                     equ 6  ; and 7  ; reference to previous animation (Ani_)
     0008             (./Engine/Constant):00115         anim_frame                    equ 8           ; index of current frame in animation
     0009             (./Engine/Constant):00116         anim_frame_duration           equ 9           ; number of frames for each image in animation, range: 00-7F (0-127), 0 means display only during one frame
     000A             (./Engine/Constant):00117         anim_flags                    equ 10          ; byte offset to reference an anim_flags LUT (adv) / store a link flag (non adv)
                      (./Engine/Constant):00118         
                      (./Engine/Constant):00119         * --- anim_flags bitfield variables ---
     0001             (./Engine/Constant):00120         anim_link_mask                equ $01 ; (bit 0) if set, allow the load of a new animation without reseting anim_frame and anim_frame_duration
                      (./Engine/Constant):00121         
     000B             (./Engine/Constant):00122         status_flags                  equ 11          ; orientation of sprite, is applied to animation xmirror flag during AnimateSprite
                      (./Engine/Constant):00123         
                      (./Engine/Constant):00124         * --- status_flags bitfield variables ---
     0001             (./Engine/Constant):00125         status_xflip_mask             equ $01 ; (bit 0) X Flip
     0002             (./Engine/Constant):00126         status_yflip_mask             equ $02 ; (bit 1) Y Flip
                      (./Engine/Constant):00127         
     000C             (./Engine/Constant):00128         image_set                     equ 12 ; and 13 ; reference to current image (Img_) (0000 if no image)
     000E             (./Engine/Constant):00129         x_pos                         equ 14 ; and 15 ; x playfield coordinate
     0010             (./Engine/Constant):00130         x_sub                         equ 16          ; x subpixel (1/256 of a pixel), must follow x_pos in data structure
     0011             (./Engine/Constant):00131         y_pos                         equ 17 ; and 18 ; y playfield coordinate
     0013             (./Engine/Constant):00132         y_sub                         equ 19          ; y subpixel (1/256 of a pixel), must follow y_pos in data structure
     0014             (./Engine/Constant):00133         xy_pixel                      equ 20          ; x and y screen coordinate
     0014             (./Engine/Constant):00134         x_pixel                       equ 20          ; x screen coordinate
     0015             (./Engine/Constant):00135         y_pixel                       equ 21          ; y screen coordinate, must follow x_pixel
                      (./Engine/Constant):00136         ;x_offset                      equ 93          ; x screen coordinate offset that is applied at rendering
                      (./Engine/Constant):00137         ;y_offset                      equ 94          ; x screen coordinate offset that is applied at rendering
     0016             (./Engine/Constant):00138         x_vel                         equ 22 ; and 23 ; horizontal velocity
     0018             (./Engine/Constant):00139         y_vel                         equ 24 ; and 25 ; vertical velocity
     001A             (./Engine/Constant):00140         x_acl                         equ 26 ; and 27 ; horizontal gravity
     001C             (./Engine/Constant):00141         y_acl                         equ 28 ; and 29 ; vertical gravity
     001E             (./Engine/Constant):00142         routine                       equ 30          ; index of current object routine
     001F             (./Engine/Constant):00143         routine_secondary             equ 31          ; index of current secondary routine
     0020             (./Engine/Constant):00144         routine_tertiary              equ 32          ; index of current tertiary routine
     0021             (./Engine/Constant):00145         routine_quaternary            equ 33          ; index of current quaternary routine
                      (./Engine/Constant):00146         
                      (./Engine/Constant):00147         * ---------------------------------------------------------------------------
                      (./Engine/Constant):00148         * reserved variables (update by engine)
                      (./Engine/Constant):00149         
     0022             (./Engine/Constant):00150         rsv_render_flags              equ 34
                      (./Engine/Constant):00151         
                      (./Engine/Constant):00152         * --- rsv_render_flags bitfield variables ---
     0001             (./Engine/Constant):00153         rsv_render_checkrefresh_mask  equ $01 ; (bit 0) if erasesprite and display sprite flag are processed for this frame
     0002             (./Engine/Constant):00154         rsv_render_erasesprite_mask   equ $02 ; (bit 1) if a sprite need to be cleared on screen
     0004             (./Engine/Constant):00155         rsv_render_displaysprite_mask equ $04 ; (bit 2) if a sprite need to be rendered on screen
     0008             (./Engine/Constant):00156         rsv_render_outofrange_mask    equ $08 ; (bit 3) if a sprite is out of range for full rendering in screen
     0080             (./Engine/Constant):00157         rsv_render_onscreen_mask      equ $80 ; (bit 7) DEPENDENCY should be bit 7 - has been rendered on last screen buffer (may be 0 or 1)
                      (./Engine/Constant):00158         
     0023             (./Engine/Constant):00159         rsv_prev_anim                 equ 35 ; and 36 ; reference to previous animation (Ani_) w * UTILE ?
     0025             (./Engine/Constant):00160         rsv_image_center_offset       equ 37 ; 0 or 1 offset that indicate if image center is even or odd (DRS_XYToAddress)
     0026             (./Engine/Constant):00161         rsv_image_subset              equ 38 ; and 39 ; reference to current image regarding mirror flags w
     0028             (./Engine/Constant):00162         rsv_mapping_frame             equ 40 ; and 41 ; reference to current image regarding mirror flags, overlay flag and x precision w
     002A             (./Engine/Constant):00163         rsv_erase_nb_cell             equ 42 ; b 
     002B             (./Engine/Constant):00164         rsv_page_draw_routine         equ 43 ; b
     002C             (./Engine/Constant):00165         rsv_draw_routine              equ 44 ; and 45 ; w
     002E             (./Engine/Constant):00166         rsv_page_erase_routine        equ 46 ; b
     002F             (./Engine/Constant):00167         rsv_erase_routine             equ 47 ; and 48 ; w 
     0031             (./Engine/Constant):00168         rsv_xy1_pixel                 equ 49 ;
     0031             (./Engine/Constant):00169         rsv_x1_pixel                  equ 49 ; x+x_offset-(x_size/2) screen coordinate
     0032             (./Engine/Constant):00170         rsv_y1_pixel                  equ 50 ; y+y_offset-(y_size/2) screen coordinate, must follow rsv_x1_pixel
     0033             (./Engine/Constant):00171         rsv_xy2_pixel                 equ 51 ;
     0033             (./Engine/Constant):00172         rsv_x2_pixel                  equ 51 ; x+x_offset+(x_size/2) screen coordinate
     0034             (./Engine/Constant):00173         rsv_y2_pixel                  equ 52 ; y+y_offset+(y_size/2) screen coordinate, must follow rsv_x2_pixel
                      (./Engine/Constant):00174         
                      (./Engine/Constant):00175         * ---------------------------------------------------------------------------
                      (./Engine/Constant):00176         * reserved variables (engine) - buffer specific
                      (./Engine/Constant):00177         
     0035             (./Engine/Constant):00178         rsv_buffer_0                  equ 53 ; Start index of buffer 0 variables
     0035             (./Engine/Constant):00179         rsv_priority_0                equ 53 ; internal value that hold priority in video buffer 0
     0036             (./Engine/Constant):00180         rsv_priority_prev_obj_0       equ 54 ; and 55 ; previous object (OST address) in display priority list for video buffer 0 (0000 if none) w
     0038             (./Engine/Constant):00181         rsv_priority_next_obj_0       equ 56 ; and 57 ; next object (OST address) in display priority list for video buffer 0 (0000 if none) w
     003A             (./Engine/Constant):00182         rsv_prev_mapping_frame_0      equ 58 ; and 59 ; reference to previous image in video buffer 0 w
     003C             (./Engine/Constant):00183         rsv_prev_erase_nb_cell_0      equ 60 : b
     003D             (./Engine/Constant):00184         rsv_prev_page_erase_routine_0 equ 61 ; b
     003E             (./Engine/Constant):00185         rsv_prev_erase_routine_0      equ 62 ; and 63 ; w
     0040             (./Engine/Constant):00186         rsv_bgdata_0                  equ 64 ; and 65 ; address of background data in screen 0 w
     0042             (./Engine/Constant):00187         rsv_prev_xy_pixel_0           equ 66 ;
     0042             (./Engine/Constant):00188         rsv_prev_x_pixel_0            equ 66 ; previous x screen coordinate b
     0043             (./Engine/Constant):00189         rsv_prev_y_pixel_0            equ 67 ; previous y screen coordinate b, must follow x_pixel
     0044             (./Engine/Constant):00190         rsv_prev_xy1_pixel_0          equ 68 ;
     0044             (./Engine/Constant):00191         rsv_prev_x1_pixel_0           equ 68 ; previous x+x_offset-(x_size/2) screen coordinate b
     0045             (./Engine/Constant):00192         rsv_prev_y1_pixel_0           equ 69 ; previous y+y_offset-(y_size/2) screen coordinate b, must follow x1_pixel
     0046             (./Engine/Constant):00193         rsv_prev_xy2_pixel_0          equ 70 ;
     0046             (./Engine/Constant):00194         rsv_prev_x2_pixel_0           equ 70 ; previous x+x_offset+(x_size/2) screen coordinate b
     0047             (./Engine/Constant):00195         rsv_prev_y2_pixel_0           equ 71 ; previous y+y_offset+(y_size/2) screen coordinate b, must follow x2_pixel
     0048             (./Engine/Constant):00196         rsv_prev_render_flags_0       equ 72 ;
                      (./Engine/Constant):00197         * --- rsv_prev_render_flags_0 bitfield variables ---
     0001             (./Engine/Constant):00198         rsv_prev_render_overlay_mask  equ $01 ; (bit 0) if a sprite has been rendered with compilated sprite and no background save on screen buffer 0/1
     0080             (./Engine/Constant):00199         rsv_prev_render_onscreen_mask equ $80 ; (bit 7) DEPENDENCY should be bit 7 - has been rendered on screen buffer 0/1
                      (./Engine/Constant):00200         
     0049             (./Engine/Constant):00201         rsv_buffer_1                  equ 73 ; Start index of buffer 1 variables
     0049             (./Engine/Constant):00202         rsv_priority_1                equ 73 ; internal value that hold priority in video buffer 1
     004A             (./Engine/Constant):00203         rsv_priority_prev_obj_1       equ 74 ; and 75 ; previous object (OST address) in display priority list for video buffer 1 (0000 if none) w
     004C             (./Engine/Constant):00204         rsv_priority_next_obj_1       equ 76 ; and 77 ; next object (OST address) in display priority list for video buffer 1 (0000 if none) w
     004E             (./Engine/Constant):00205         rsv_prev_mapping_frame_1      equ 78 ; and 79 ; reference to previous image in video buffer 1 w
     0050             (./Engine/Constant):00206         rsv_prev_erase_nb_cell_1      equ 80 ; b
     0051             (./Engine/Constant):00207         rsv_prev_page_erase_routine_1 equ 81 ; b
     0052             (./Engine/Constant):00208         rsv_prev_erase_routine_1      equ 82 ; and 83 ; w
     0054             (./Engine/Constant):00209         rsv_bgdata_1                  equ 84 ; and 85 ; address of background data in screen 1 w
     0056             (./Engine/Constant):00210         rsv_prev_xy_pixel_1           equ 86 ;
     0056             (./Engine/Constant):00211         rsv_prev_x_pixel_1            equ 86 ; previous x screen coordinate b
     0057             (./Engine/Constant):00212         rsv_prev_y_pixel_1            equ 87 ; previous y screen coordinate b, must follow x_pixel
     0058             (./Engine/Constant):00213         rsv_prev_xy1_pixel_1          equ 88 ;
     0058             (./Engine/Constant):00214         rsv_prev_x1_pixel_1           equ 88 ; previous x+x_size screen coordinate b
     0059             (./Engine/Constant):00215         rsv_prev_y1_pixel_1           equ 89 ; previous y+y_size screen coordinate b, must follow x_pixel
     005A             (./Engine/Constant):00216         rsv_prev_xy2_pixel_1          equ 90 ;
     005A             (./Engine/Constant):00217         rsv_prev_x2_pixel_1           equ 90 ; previous x+x_size screen coordinate b
     005B             (./Engine/Constant):00218         rsv_prev_y2_pixel_1           equ 91 ; previous y+y_size screen coordinate b, must follow x_pixel
     005C             (./Engine/Constant):00219         rsv_prev_render_flags_1       equ 92 ;
                      (./Engine/Constant):00220         
     0000             (./Engine/Constant):00221         buf_priority                  equ 0  ; offset for each rsv_buffer variables
     0001             (./Engine/Constant):00222         buf_priority_prev_obj         equ 1  ;
     0003             (./Engine/Constant):00223         buf_priority_next_obj         equ 3  ;
     0005             (./Engine/Constant):00224         buf_prev_mapping_frame        equ 5  ;
     0007             (./Engine/Constant):00225         buf_erase_nb_cell             equ 7  ;
     0008             (./Engine/Constant):00226         buf_page_erase_routine        equ 8 ;
     0009             (./Engine/Constant):00227         buf_erase_routine             equ 9 ;
     000B             (./Engine/Constant):00228         buf_bgdata                    equ 11 ;
     000D             (./Engine/Constant):00229         buf_prev_xy_pixel             equ 13 ;
     000D             (./Engine/Constant):00230         buf_prev_x_pixel              equ 13 ;
     000E             (./Engine/Constant):00231         buf_prev_y_pixel              equ 14 ;
     000F             (./Engine/Constant):00232         buf_prev_xy1_pixel            equ 15 ;
     000F             (./Engine/Constant):00233         buf_prev_x1_pixel             equ 15 ;
     0010             (./Engine/Constant):00234         buf_prev_y1_pixel             equ 16 ;
     0011             (./Engine/Constant):00235         buf_prev_xy2_pixel            equ 17 ;
     0011             (./Engine/Constant):00236         buf_prev_x2_pixel             equ 17 ;
     0012             (./Engine/Constant):00237         buf_prev_y2_pixel             equ 18 ;
     0013             (./Engine/Constant):00238         buf_prev_render_flags         equ 19 ;
                      (./generated-code/):00002                 ORG $A000
     FF               (./generated-code/):00003                 SETDP $FF
                      (./generated-code/):00004                 OPT C,CT
A000                  (./generated-code/):00005                 BCKDRAW_Img_sonic_072_0
A000 10FF9FFE         (./generated-code/):00006 [7]     7               STS glb_register_s
                      (./generated-code/):00007                 
A004 32A4             (./generated-code/):00008 [4]     11              LEAS ,Y
A006 33C9FE21         (./generated-code/):00009 [8]     19              LEAU -479,U
                      (./generated-code/):00010                 
A00A ECC8AF           (./generated-code/):00011 [6]     25              LDD -81,U
A00D 3406             (./generated-code/):00012 [7]     32              PSHS D
A00F 86A9             (./generated-code/):00013 [2]     34              LDA #$a9
A011 C40F             (./generated-code/):00014 [2]     36              ANDB #$0F
A013 CAA0             (./generated-code/):00015 [2]     38              ORB #$a0
A015 EDC8AF           (./generated-code/):00016 [6]     44              STD -81,U
A018 A6C887           (./generated-code/):00017 [5]     49              LDA -121,U
A01B 3402             (./generated-code/):00018 [6]     55              PSHS A
A01D 84F0             (./generated-code/):00019 [2]     57              ANDA #$F0
A01F 8A0A             (./generated-code/):00020 [2]     59              ORA #$0a
A021 A7C887           (./generated-code/):00021 [5]     64              STA -121,U
A024 A6C829           (./generated-code/):00022 [5]     69              LDA 41,U
A027 3402             (./generated-code/):00023 [6]     75              PSHS A
A029 840F             (./generated-code/):00024 [2]     77              ANDA #$0F
A02B 8A90             (./generated-code/):00025 [2]     79              ORA #$90
A02D A7C829           (./generated-code/):00026 [5]     84              STA 41,U
A030 A6C851           (./generated-code/):00027 [5]     89              LDA 81,U
A033 3402             (./generated-code/):00028 [6]     95              PSHS A
A035 840F             (./generated-code/):00029 [2]     97              ANDA #$0F
A037 8A90             (./generated-code/):00030 [2]     99              ORA #$90
A039 A7C851           (./generated-code/):00031 [5]     104             STA 81,U
A03C A6C879           (./generated-code/):00032 [5]     109             LDA 121,U
A03F 3402             (./generated-code/):00033 [6]     115             PSHS A
A041 840F             (./generated-code/):00034 [2]     117             ANDA #$0F
A043 8A90             (./generated-code/):00035 [2]     119             ORA #$90
A045 A7C879           (./generated-code/):00036 [5]     124             STA 121,U
A048 AEC8D7           (./generated-code/):00037 [6]     130             LDX -41,U
A04B CC99AA           (./generated-code/):00038 [3]     133             LDD #$99aa
A04E EDC8D7           (./generated-code/):00039 [6]     139             STD -41,U
A051 10AEC877         (./generated-code/):00040 [7]     146             LDY 119,U
A055 3430             (./generated-code/):00041 [9]     155             PSHS Y,X
A057 86AA             (./generated-code/):00042 [2]     157             LDA #$aa
A059 EDC877           (./generated-code/):00043 [6]     163             STD 119,U
A05C EC5F             (./generated-code/):00044 [6]     169             LDD -1,U
A05E 3406             (./generated-code/):00045 [7]     176             PSHS D
A060 84F0             (./generated-code/):00046 [2]     178             ANDA #$F0
A062 8A09             (./generated-code/):00047 [2]     180             ORA #$09
A064 C6AA             (./generated-code/):00048 [2]     182             LDB #$aa
A066 ED5F             (./generated-code/):00049 [6]     188             STD -1,U
A068 ECC827           (./generated-code/):00050 [6]     194             LDD 39,U
A06B 3406             (./generated-code/):00051 [7]     201             PSHS D
A06D 84F0             (./generated-code/):00052 [2]     203             ANDA #$F0
A06F 8A09             (./generated-code/):00053 [2]     205             ORA #$09
A071 C6AA             (./generated-code/):00054 [2]     207             LDB #$aa
A073 EDC827           (./generated-code/):00055 [6]     213             STD 39,U
A076 ECC84F           (./generated-code/):00056 [6]     219             LDD 79,U
A079 3446             (./generated-code/):00057 [9]     228             PSHS U,D
A07B 84F0             (./generated-code/):00058 [2]     230             ANDA #$F0
A07D 8A0A             (./generated-code/):00059 [2]     232             ORA #$0a
A07F C6AA             (./generated-code/):00060 [2]     234             LDB #$aa
A081 EDC84F           (./generated-code/):00061 [6]     240             STD 79,U
A084 33C90118         (./generated-code/):00062 [8]     248             LEAU 280,U
                      (./generated-code/):00063                 
A088 AEC887           (./generated-code/):00064 [6]     254             LDX -121,U
A08B 10AEC827         (./generated-code/):00065 [7]     261             LDY 39,U
A08F 3430             (./generated-code/):00066 [9]     270             PSHS Y,X
A091 ECC84F           (./generated-code/):00067 [6]     276             LDD 79,U
A094 AEC8AF           (./generated-code/):00068 [6]     282             LDX -81,U
A097 10AEC877         (./generated-code/):00069 [7]     289             LDY 119,U
A09B 3436             (./generated-code/):00070 [11]    300             PSHS Y,X,D
A09D EC5F             (./generated-code/):00071 [6]     306             LDD -1,U
A09F AEC8D7           (./generated-code/):00072 [6]     312             LDX -41,U
A0A2 3416             (./generated-code/):00073 [9]     321             PSHS X,D
A0A4 A6C889           (./generated-code/):00074 [5]     326             LDA -119,U
A0A7 3402             (./generated-code/):00075 [6]     332             PSHS A
A0A9 840F             (./generated-code/):00076 [2]     334             ANDA #$0F
A0AB 8A90             (./generated-code/):00077 [2]     336             ORA #$90
A0AD A7C889           (./generated-code/):00078 [5]     341             STA -119,U
A0B0 A6C8B1           (./generated-code/):00079 [5]     346             LDA -79,U
A0B3 3402             (./generated-code/):00080 [6]     352             PSHS A
A0B5 840F             (./generated-code/):00081 [2]     354             ANDA #$0F
A0B7 8A90             (./generated-code/):00082 [2]     356             ORA #$90
A0B9 A7C8B1           (./generated-code/):00083 [5]     361             STA -79,U
A0BC A6C8D9           (./generated-code/):00084 [5]     366             LDA -39,U
A0BF 3402             (./generated-code/):00085 [6]     372             PSHS A
A0C1 840F             (./generated-code/):00086 [2]     374             ANDA #$0F
A0C3 8AA0             (./generated-code/):00087 [2]     376             ORA #$a0
A0C5 A7C8D9           (./generated-code/):00088 [5]     381             STA -39,U
A0C8 A641             (./generated-code/):00089 [5]     386             LDA 1,U
A0CA 3402             (./generated-code/):00090 [6]     392             PSHS A
A0CC 840F             (./generated-code/):00091 [2]     394             ANDA #$0F
A0CE 8AA0             (./generated-code/):00092 [2]     396             ORA #$a0
A0D0 A741             (./generated-code/):00093 [5]     401             STA 1,U
A0D2 A6C829           (./generated-code/):00094 [5]     406             LDA 41,U
A0D5 3402             (./generated-code/):00095 [6]     412             PSHS A
A0D7 840F             (./generated-code/):00096 [2]     414             ANDA #$0F
A0D9 8AA0             (./generated-code/):00097 [2]     416             ORA #$a0
A0DB A7C829           (./generated-code/):00098 [5]     421             STA 41,U
A0DE A6C851           (./generated-code/):00099 [5]     426             LDA 81,U
A0E1 3402             (./generated-code/):00100 [6]     432             PSHS A
A0E3 840F             (./generated-code/):00101 [2]     434             ANDA #$0F
A0E5 8AA0             (./generated-code/):00102 [2]     436             ORA #$a0
A0E7 A7C851           (./generated-code/):00103 [5]     441             STA 81,U
A0EA A6C879           (./generated-code/):00104 [5]     446             LDA 121,U
A0ED 3442             (./generated-code/):00105 [8]     454             PSHS U,A
A0EF 840F             (./generated-code/):00106 [2]     456             ANDA #$0F
A0F1 8A90             (./generated-code/):00107 [2]     458             ORA #$90
A0F3 A7C879           (./generated-code/):00108 [5]     463             STA 121,U
A0F6 CC9AAA           (./generated-code/):00109 [3]     466             LDD #$9aaa
A0F9 EDC887           (./generated-code/):00110 [6]     472             STD -121,U
A0FC EDC8AF           (./generated-code/):00111 [6]     478             STD -81,U
A0FF 8699             (./generated-code/):00112 [2]     480             LDA #$99
A101 EDC8D7           (./generated-code/):00113 [6]     486             STD -41,U
A104 C6EA             (./generated-code/):00114 [2]     488             LDB #$ea
A106 EDC84F           (./generated-code/):00115 [6]     494             STD 79,U
A109 EDC877           (./generated-code/):00116 [6]     500             STD 119,U
A10C C6FA             (./generated-code/):00117 [2]     502             LDB #$fa
A10E ED5F             (./generated-code/):00118 [6]     508             STD -1,U
A110 EDC827           (./generated-code/):00119 [6]     514             STD 39,U
A113 33C90118         (./generated-code/):00120 [8]     522             LEAU 280,U
                      (./generated-code/):00121                 
A117 AEC8AF           (./generated-code/):00122 [6]     528             LDX -81,U
A11A 10AEC887         (./generated-code/):00123 [7]     535             LDY -121,U
A11E 3430             (./generated-code/):00124 [9]     544             PSHS Y,X
A120 C6DF             (./generated-code/):00125 [2]     546             LDB #$df
A122 EDC887           (./generated-code/):00126 [6]     552             STD -121,U
A125 EDC8AF           (./generated-code/):00127 [6]     558             STD -81,U
A128 EC5F             (./generated-code/):00128 [6]     564             LDD -1,U
A12A AEC84F           (./generated-code/):00129 [6]     570             LDX 79,U
A12D 10AEC827         (./generated-code/):00130 [7]     577             LDY 39,U
A131 3436             (./generated-code/):00131 [11]    588             PSHS Y,X,D
A133 ECC8D7           (./generated-code/):00132 [6]     594             LDD -41,U
A136 AEC877           (./generated-code/):00133 [6]     600             LDX 119,U
A139 3416             (./generated-code/):00134 [9]     609             PSHS X,D
A13B CC9ECC           (./generated-code/):00135 [3]     612             LDD #$9ecc
A13E EDC84F           (./generated-code/):00136 [6]     618             STD 79,U
A141 8699             (./generated-code/):00137 [2]     620             LDA #$99
A143 ED5F             (./generated-code/):00138 [6]     626             STD -1,U
A145 C6FE             (./generated-code/):00139 [2]     628             LDB #$fe
A147 EDC8D7           (./generated-code/):00140 [6]     634             STD -41,U
A14A A6C889           (./generated-code/):00141 [5]     639             LDA -119,U
A14D 3402             (./generated-code/):00142 [6]     645             PSHS A
A14F 840F             (./generated-code/):00143 [2]     647             ANDA #$0F
A151 8A90             (./generated-code/):00144 [2]     649             ORA #$90
A153 A7C889           (./generated-code/):00145 [5]     654             STA -119,U
A156 A6C8B1           (./generated-code/):00146 [5]     659             LDA -79,U
A159 3402             (./generated-code/):00147 [6]     665             PSHS A
A15B 840F             (./generated-code/):00148 [2]     667             ANDA #$0F
A15D 8A90             (./generated-code/):00149 [2]     669             ORA #$90
A15F A7C8B1           (./generated-code/):00150 [5]     674             STA -79,U
A162 A641             (./generated-code/):00151 [5]     679             LDA 1,U
A164 3402             (./generated-code/):00152 [6]     685             PSHS A
A166 840F             (./generated-code/):00153 [2]     687             ANDA #$0F
A168 8AE0             (./generated-code/):00154 [2]     689             ORA #$e0
A16A A741             (./generated-code/):00155 [5]     694             STA 1,U
A16C A6C829           (./generated-code/):00156 [5]     699             LDA 41,U
A16F 3402             (./generated-code/):00157 [6]     705             PSHS A
A171 840F             (./generated-code/):00158 [2]     707             ANDA #$0F
A173 8AE0             (./generated-code/):00159 [2]     709             ORA #$e0
A175 A7C829           (./generated-code/):00160 [5]     714             STA 41,U
A178 A6C851           (./generated-code/):00161 [5]     719             LDA 81,U
A17B 3402             (./generated-code/):00162 [6]     725             PSHS A
A17D 840F             (./generated-code/):00163 [2]     727             ANDA #$0F
A17F 8AE0             (./generated-code/):00164 [2]     729             ORA #$e0
A181 A7C851           (./generated-code/):00165 [5]     734             STA 81,U
A184 A6C879           (./generated-code/):00166 [5]     739             LDA 121,U
A187 3442             (./generated-code/):00167 [8]     747             PSHS U,A
A189 840F             (./generated-code/):00168 [2]     749             ANDA #$0F
A18B 8AF0             (./generated-code/):00169 [2]     751             ORA #$f0
A18D A7C879           (./generated-code/):00170 [5]     756             STA 121,U
A190 CC93EE           (./generated-code/):00171 [3]     759             LDD #$93ee
A193 EDC877           (./generated-code/):00172 [6]     765             STD 119,U
A196 CC9D3C           (./generated-code/):00173 [3]     768             LDD #$9d3c
A199 EDC827           (./generated-code/):00174 [6]     774             STD 39,U
A19C 33C90118         (./generated-code/):00175 [8]     782             LEAU 280,U
                      (./generated-code/):00176                 
A1A0 A6C876           (./generated-code/):00177 [5]     787             LDA 118,U
A1A3 AEC84F           (./generated-code/):00178 [6]     793             LDX 79,U
A1A6 10AEC827         (./generated-code/):00179 [7]     800             LDY 39,U
A1AA 3432             (./generated-code/):00180 [10]    810             PSHS Y,X,A
A1AC ECC8AF           (./generated-code/):00181 [6]     816             LDD -81,U
A1AF AEC887           (./generated-code/):00182 [6]     822             LDX -121,U
A1B2 3416             (./generated-code/):00183 [9]     831             PSHS X,D
A1B4 86FF             (./generated-code/):00184 [2]     833             LDA #$ff
A1B6 A7C876           (./generated-code/):00185 [5]     838             STA 118,U
A1B9 CCAE33           (./generated-code/):00186 [3]     841             LDD #$ae33
A1BC EDC887           (./generated-code/):00187 [6]     847             STD -121,U
A1BF C6CC             (./generated-code/):00188 [2]     849             LDB #$cc
A1C1 EDC8AF           (./generated-code/):00189 [6]     855             STD -81,U
A1C4 AEC8D7           (./generated-code/):00190 [6]     861             LDX -41,U
A1C7 10AE5F           (./generated-code/):00191 [7]     868             LDY -1,U
A1CA 3430             (./generated-code/):00192 [9]     877             PSHS Y,X
A1CC C6EE             (./generated-code/):00193 [2]     879             LDB #$ee
A1CE EDC8D7           (./generated-code/):00194 [6]     885             STD -41,U
A1D1 ECC878           (./generated-code/):00195 [6]     891             LDD 120,U
A1D4 3406             (./generated-code/):00196 [7]     898             PSHS D
A1D6 840F             (./generated-code/):00197 [2]     900             ANDA #$0F
A1D8 C40F             (./generated-code/):00198 [2]     902             ANDB #$0F
A1DA C390E0           (./generated-code/):00199 [4]     906             ADDD #$90e0
A1DD EDC878           (./generated-code/):00200 [6]     912             STD 120,U
A1E0 CCADD9           (./generated-code/):00201 [3]     915             LDD #$add9
A1E3 EDC84F           (./generated-code/):00202 [6]     921             STD 79,U
A1E6 CCAAAE           (./generated-code/):00203 [3]     924             LDD #$aaae
A1E9 ED5F             (./generated-code/):00204 [6]     930             STD -1,U
A1EB CCA99A           (./generated-code/):00205 [3]     933             LDD #$a99a
A1EE EDC827           (./generated-code/):00206 [6]     939             STD 39,U
A1F1 A6C889           (./generated-code/):00207 [5]     944             LDA -119,U
A1F4 3402             (./generated-code/):00208 [6]     950             PSHS A
A1F6 840F             (./generated-code/):00209 [2]     952             ANDA #$0F
A1F8 8AE0             (./generated-code/):00210 [2]     954             ORA #$e0
A1FA A7C889           (./generated-code/):00211 [5]     959             STA -119,U
A1FD A6C8B1           (./generated-code/):00212 [5]     964             LDA -79,U
A200 3402             (./generated-code/):00213 [6]     970             PSHS A
A202 840F             (./generated-code/):00214 [2]     972             ANDA #$0F
A204 8AE0             (./generated-code/):00215 [2]     974             ORA #$e0
A206 A7C8B1           (./generated-code/):00216 [5]     979             STA -79,U
A209 A6C8D9           (./generated-code/):00217 [5]     984             LDA -39,U
A20C 3402             (./generated-code/):00218 [6]     990             PSHS A
A20E 840F             (./generated-code/):00219 [2]     992             ANDA #$0F
A210 8AE0             (./generated-code/):00220 [2]     994             ORA #$e0
A212 A7C8D9           (./generated-code/):00221 [5]     999             STA -39,U
A215 A641             (./generated-code/):00222 [5]     1004            LDA 1,U
A217 3402             (./generated-code/):00223 [6]     1010            PSHS A
A219 840F             (./generated-code/):00224 [2]     1012            ANDA #$0F
A21B 8AE0             (./generated-code/):00225 [2]     1014            ORA #$e0
A21D A741             (./generated-code/):00226 [5]     1019            STA 1,U
A21F A6C829           (./generated-code/):00227 [5]     1024            LDA 41,U
A222 3402             (./generated-code/):00228 [6]     1030            PSHS A
A224 840F             (./generated-code/):00229 [2]     1032            ANDA #$0F
A226 8AE0             (./generated-code/):00230 [2]     1034            ORA #$e0
A228 A7C829           (./generated-code/):00231 [5]     1039            STA 41,U
A22B A6C851           (./generated-code/):00232 [5]     1044            LDA 81,U
A22E 3442             (./generated-code/):00233 [8]     1052            PSHS U,A
A230 840F             (./generated-code/):00234 [2]     1054            ANDA #$0F
A232 8AE0             (./generated-code/):00235 [2]     1056            ORA #$e0
A234 A7C851           (./generated-code/):00236 [5]     1061            STA 81,U
A237 33C90117         (./generated-code/):00237 [8]     1069            LEAU 279,U
                      (./generated-code/):00238                 
A23B A6C827           (./generated-code/):00239 [5]     1074            LDA 39,U
A23E E6C84F           (./generated-code/):00240 [5]     1079            LDB 79,U
A241 3406             (./generated-code/):00241 [7]     1086            PSHS B,A
A243 A6C8B1           (./generated-code/):00242 [5]     1091            LDA -79,U
A246 E6C877           (./generated-code/):00243 [5]     1096            LDB 119,U
A249 3406             (./generated-code/):00244 [7]     1103            PSHS B,A
A24B A6C887           (./generated-code/):00245 [5]     1108            LDA -121,U
A24E E6C879           (./generated-code/):00246 [5]     1113            LDB 121,U
A251 3406             (./generated-code/):00247 [7]     1120            PSHS B,A
A253 86FE             (./generated-code/):00248 [2]     1122            LDA #$fe
A255 A7C887           (./generated-code/):00249 [5]     1127            STA -121,U
A258 A6C8D7           (./generated-code/):00250 [5]     1132            LDA -41,U
A25B E6C851           (./generated-code/):00251 [5]     1137            LDB 81,U
A25E 3406             (./generated-code/):00252 [7]     1144            PSHS B,A
A260 8633             (./generated-code/):00253 [2]     1146            LDA #$33
A262 A7C851           (./generated-code/):00254 [5]     1151            STA 81,U
A265 A7C879           (./generated-code/):00255 [5]     1156            STA 121,U
A268 86BB             (./generated-code/):00256 [2]     1158            LDA #$bb
A26A A7C84F           (./generated-code/):00257 [5]     1163            STA 79,U
A26D A7C877           (./generated-code/):00258 [5]     1168            STA 119,U
A270 86EB             (./generated-code/):00259 [2]     1170            LDA #$eb
A272 A7C827           (./generated-code/):00260 [5]     1175            STA 39,U
A275 A6C8AF           (./generated-code/):00261 [5]     1180            LDA -81,U
A278 E6C889           (./generated-code/):00262 [5]     1185            LDB -119,U
A27B 3406             (./generated-code/):00263 [7]     1192            PSHS B,A
A27D C40F             (./generated-code/):00264 [2]     1194            ANDB #$0F
A27F CAE0             (./generated-code/):00265 [2]     1196            ORB #$e0
A281 E7C889           (./generated-code/):00266 [5]     1201            STB -119,U
A284 A6C8D9           (./generated-code/):00267 [5]     1206            LDA -39,U
A287 3402             (./generated-code/):00268 [6]     1212            PSHS A
A289 840F             (./generated-code/):00269 [2]     1214            ANDA #$0F
A28B 8AE0             (./generated-code/):00270 [2]     1216            ORA #$e0
A28D A7C8D9           (./generated-code/):00271 [5]     1221            STA -39,U
A290 A65F             (./generated-code/):00272 [5]     1226            LDA -1,U
A292 3402             (./generated-code/):00273 [6]     1232            PSHS A
A294 840F             (./generated-code/):00274 [2]     1234            ANDA #$0F
A296 8AE0             (./generated-code/):00275 [2]     1236            ORA #$e0
A298 A75F             (./generated-code/):00276 [5]     1241            STA -1,U
A29A A641             (./generated-code/):00277 [5]     1246            LDA 1,U
A29C 3402             (./generated-code/):00278 [6]     1252            PSHS A
A29E 840F             (./generated-code/):00279 [2]     1254            ANDA #$0F
A2A0 8AE0             (./generated-code/):00280 [2]     1256            ORA #$e0
A2A2 A741             (./generated-code/):00281 [5]     1261            STA 1,U
A2A4 A6C829           (./generated-code/):00282 [5]     1266            LDA 41,U
A2A7 3442             (./generated-code/):00283 [8]     1274            PSHS U,A
A2A9 840F             (./generated-code/):00284 [2]     1276            ANDA #$0F
A2AB 8AE0             (./generated-code/):00285 [2]     1278            ORA #$e0
A2AD A7C829           (./generated-code/):00286 [5]     1283            STA 41,U
A2B0 86EE             (./generated-code/):00287 [2]     1285            LDA #$ee
A2B2 A7C8AF           (./generated-code/):00288 [5]     1290            STA -81,U
A2B5 A7C8B1           (./generated-code/):00289 [5]     1295            STA -79,U
A2B8 A7C8D7           (./generated-code/):00290 [5]     1300            STA -41,U
A2BB 33C900A0         (./generated-code/):00291 [8]     1308            LEAU 160,U
                      (./generated-code/):00292                 
A2BF A65F             (./generated-code/):00293 [5]     1313            LDA -1,U
A2C1 E641             (./generated-code/):00294 [5]     1318            LDB 1,U
A2C3 3446             (./generated-code/):00295 [9]     1327            PSHS U,B,A
A2C5 86DD             (./generated-code/):00296 [2]     1329            LDA #$dd
A2C7 A75F             (./generated-code/):00297 [5]     1334            STA -1,U
A2C9 A741             (./generated-code/):00298 [5]     1339            STA 1,U
                      (./generated-code/):00299                 
A2CB DEFC             (./generated-code/):00300 [5]     1344            LDU <glb_screen_location_1
A2CD 33C9FDF8         (./generated-code/):00301 [8]     1352            LEAU -520,U
                      (./generated-code/):00302                 
A2D1 A6C8B0           (./generated-code/):00303 [5]     1357            LDA -80,U
A2D4 E6C8D8           (./generated-code/):00304 [5]     1362            LDB -40,U
A2D7 3406             (./generated-code/):00305 [7]     1369            PSHS B,A
A2D9 86AA             (./generated-code/):00306 [2]     1371            LDA #$aa
A2DB A7C8B0           (./generated-code/):00307 [5]     1376            STA -80,U
A2DE A7C8D8           (./generated-code/):00308 [5]     1381            STA -40,U
A2E1 ECC828           (./generated-code/):00309 [6]     1387            LDD 40,U
A2E4 3406             (./generated-code/):00310 [7]     1394            PSHS D
A2E6 86CA             (./generated-code/):00311 [2]     1396            LDA #$ca
A2E8 C40F             (./generated-code/):00312 [2]     1398            ANDB #$0F
A2EA CAA0             (./generated-code/):00313 [2]     1400            ORB #$a0
A2EC EDC828           (./generated-code/):00314 [6]     1406            STD 40,U
A2EF ECC850           (./generated-code/):00315 [6]     1412            LDD 80,U
A2F2 3406             (./generated-code/):00316 [7]     1419            PSHS D
A2F4 86CE             (./generated-code/):00317 [2]     1421            LDA #$ce
A2F6 C40F             (./generated-code/):00318 [2]     1423            ANDB #$0F
A2F8 CAA0             (./generated-code/):00319 [2]     1425            ORB #$a0
A2FA EDC850           (./generated-code/):00320 [6]     1431            STD 80,U
A2FD A6C4             (./generated-code/):00321 [4]     1435            LDA ,U
A2FF 3442             (./generated-code/):00322 [8]     1443            PSHS U,A
A301 869A             (./generated-code/):00323 [2]     1445            LDA #$9a
A303 A7C4             (./generated-code/):00324 [4]     1449            STA ,U
A305 33C900EF         (./generated-code/):00325 [8]     1457            LEAU 239,U
                      (./generated-code/):00326                 
A309 AEC889           (./generated-code/):00327 [6]     1463            LDX -119,U
A30C CCCCAA           (./generated-code/):00328 [3]     1466            LDD #$ccaa
A30F EDC889           (./generated-code/):00329 [6]     1472            STD -119,U
A312 10AEC8B1         (./generated-code/):00330 [7]     1479            LDY -79,U
A316 3430             (./generated-code/):00331 [9]     1488            PSHS Y,X
A318 86EC             (./generated-code/):00332 [2]     1490            LDA #$ec
A31A EDC8B1           (./generated-code/):00333 [6]     1496            STD -79,U
A31D ECC8D8           (./generated-code/):00334 [6]     1502            LDD -40,U
A320 3406             (./generated-code/):00335 [7]     1509            PSHS D
A322 84F0             (./generated-code/):00336 [2]     1511            ANDA #$F0
A324 8A0A             (./generated-code/):00337 [2]     1513            ORA #$0a
A326 C6AA             (./generated-code/):00338 [2]     1515            LDB #$aa
A328 EDC8D8           (./generated-code/):00339 [6]     1521            STD -40,U
A32B A6C8DA           (./generated-code/):00340 [5]     1526            LDA -38,U
A32E E7C8DA           (./generated-code/):00341 [5]     1531            STB -38,U
A331 3714             (./generated-code/):00342 [8]     1539            PULU B,X
A333 3456             (./generated-code/):00343 [11]    1550            PSHS U,X,B,A
A335 86A9             (./generated-code/):00344 [2]     1552            LDA #$a9
A337 8EFAAA           (./generated-code/):00345 [3]     1555            LDX #$faaa
A33A 3612             (./generated-code/):00346 [8]     1563            PSHU A,X
A33C 33C828           (./generated-code/):00347 [5]     1568            LEAU 40,U
                      (./generated-code/):00348                 
A33F ECC828           (./generated-code/):00349 [6]     1574            LDD 40,U
A342 3406             (./generated-code/):00350 [7]     1581            PSHS D
A344 84F0             (./generated-code/):00351 [2]     1583            ANDA #$F0
A346 8A09             (./generated-code/):00352 [2]     1585            ORA #$09
A348 C6AF             (./generated-code/):00353 [2]     1587            LDB #$af
A34A EDC828           (./generated-code/):00354 [6]     1593            STD 40,U
A34D AEC851           (./generated-code/):00355 [6]     1599            LDX 81,U
A350 10AEC879         (./generated-code/):00356 [7]     1606            LDY 121,U
A354 3430             (./generated-code/):00357 [9]     1615            PSHS Y,X
A356 CCAFAF           (./generated-code/):00358 [3]     1618            LDD #$afaf
A359 EDC879           (./generated-code/):00359 [6]     1624            STD 121,U
A35C C6AA             (./generated-code/):00360 [2]     1626            LDB #$aa
A35E EDC851           (./generated-code/):00361 [6]     1632            STD 81,U
A361 A6C82A           (./generated-code/):00362 [5]     1637            LDA 42,U
A364 E7C82A           (./generated-code/):00363 [5]     1642            STB 42,U
A367 3714             (./generated-code/):00364 [8]     1650            PULU B,X
A369 3456             (./generated-code/):00365 [11]    1661            PSHS U,X,B,A
A36B 8699             (./generated-code/):00366 [2]     1663            LDA #$99
A36D 8EAAAA           (./generated-code/):00367 [3]     1666            LDX #$aaaa
A370 3612             (./generated-code/):00368 [8]     1674            PSHU A,X
A372 33C900F0         (./generated-code/):00369 [8]     1682            LEAU 240,U
                      (./generated-code/):00370                 
A376 ECC8B0           (./generated-code/):00371 [6]     1688            LDD -80,U
A379 3406             (./generated-code/):00372 [7]     1695            PSHS D
A37B 84F0             (./generated-code/):00373 [2]     1697            ANDA #$F0
A37D 8A09             (./generated-code/):00374 [2]     1699            ORA #$09
A37F C6AF             (./generated-code/):00375 [2]     1701            LDB #$af
A381 EDC8B0           (./generated-code/):00376 [6]     1707            STD -80,U
A384 ECC8D8           (./generated-code/):00377 [6]     1713            LDD -40,U
A387 3406             (./generated-code/):00378 [7]     1720            PSHS D
A389 84F0             (./generated-code/):00379 [2]     1722            ANDA #$F0
A38B 8A09             (./generated-code/):00380 [2]     1724            ORA #$09
A38D C69F             (./generated-code/):00381 [2]     1726            LDB #$9f
A38F EDC8D8           (./generated-code/):00382 [6]     1732            STD -40,U
A392 A6C8B2           (./generated-code/):00383 [5]     1737            LDA -78,U
A395 E6C8DA           (./generated-code/):00384 [5]     1742            LDB -38,U
A398 3406             (./generated-code/):00385 [7]     1749            PSHS B,A
A39A 86AD             (./generated-code/):00386 [2]     1751            LDA #$ad
A39C A7C8B2           (./generated-code/):00387 [5]     1756            STA -78,U
A39F A7C8DA           (./generated-code/):00388 [5]     1761            STA -38,U
A3A2 3712             (./generated-code/):00389 [8]     1769            PULU A,X
A3A4 3452             (./generated-code/):00390 [10]    1779            PSHS U,X,A
A3A6 8699             (./generated-code/):00391 [2]     1781            LDA #$99
A3A8 8ECFFE           (./generated-code/):00392 [3]     1784            LDX #$cffe
A3AB 3612             (./generated-code/):00393 [8]     1792            PSHU A,X
A3AD 33C828           (./generated-code/):00394 [5]     1797            LEAU 40,U
                      (./generated-code/):00395                 
A3B0 3712             (./generated-code/):00396 [8]     1805            PULU A,X
A3B2 3452             (./generated-code/):00397 [10]    1815            PSHS U,X,A
A3B4 8699             (./generated-code/):00398 [2]     1817            LDA #$99
A3B6 8ECFDA           (./generated-code/):00399 [3]     1820            LDX #$cfda
A3B9 3612             (./generated-code/):00400 [8]     1828            PSHU A,X
A3BB 33C828           (./generated-code/):00401 [5]     1833            LEAU 40,U
                      (./generated-code/):00402                 
A3BE A6C87A           (./generated-code/):00403 [5]     1838            LDA 122,U
A3C1 AEC829           (./generated-code/):00404 [6]     1844            LDX 41,U
A3C4 10AEC851         (./generated-code/):00405 [7]     1851            LDY 81,U
A3C8 3432             (./generated-code/):00406 [10]    1861            PSHS Y,X,A
A3CA CCECCE           (./generated-code/):00407 [3]     1864            LDD #$ecce
A3CD EDC829           (./generated-code/):00408 [6]     1870            STD 41,U
A3D0 ECC878           (./generated-code/):00409 [6]     1876            LDD 120,U
A3D3 3406             (./generated-code/):00410 [7]     1883            PSHS D
A3D5 84F0             (./generated-code/):00411 [2]     1885            ANDA #$F0
A3D7 8A09             (./generated-code/):00412 [2]     1887            ORA #$09
A3D9 C6C3             (./generated-code/):00413 [2]     1889            LDB #$c3
A3DB EDC878           (./generated-code/):00414 [6]     1895            STD 120,U
A3DE 863E             (./generated-code/):00415 [2]     1897            LDA #$3e
A3E0 A7C87A           (./generated-code/):00416 [5]     1902            STA 122,U
A3E3 EDC851           (./generated-code/):00417 [6]     1908            STD 81,U
A3E6 3712             (./generated-code/):00418 [8]     1916            PULU A,X
A3E8 3452             (./generated-code/):00419 [10]    1926            PSHS U,X,A
A3EA 8699             (./generated-code/):00420 [2]     1928            LDA #$99
A3EC 8ECCDE           (./generated-code/):00421 [3]     1931            LDX #$ccde
A3EF 3612             (./generated-code/):00422 [8]     1939            PSHU A,X
A3F1 33C900C8         (./generated-code/):00423 [8]     1947            LEAU 200,U
                      (./generated-code/):00424                 
A3F5 ECC8D8           (./generated-code/):00425 [6]     1953            LDD -40,U
A3F8 3406             (./generated-code/):00426 [7]     1960            PSHS D
A3FA 84F0             (./generated-code/):00427 [2]     1962            ANDA #$F0
A3FC 8A09             (./generated-code/):00428 [2]     1964            ORA #$09
A3FE C6EC             (./generated-code/):00429 [2]     1966            LDB #$ec
A400 EDC8D8           (./generated-code/):00430 [6]     1972            STD -40,U
A403 ECC828           (./generated-code/):00431 [6]     1978            LDD 40,U
A406 3406             (./generated-code/):00432 [7]     1985            PSHS D
A408 840F             (./generated-code/):00433 [2]     1987            ANDA #$0F
A40A 8A90             (./generated-code/):00434 [2]     1989            ORA #$90
A40C C6C3             (./generated-code/):00435 [2]     1991            LDB #$c3
A40E EDC828           (./generated-code/):00436 [6]     1997            STD 40,U
A411 ECC878           (./generated-code/):00437 [6]     2003            LDD 120,U
A414 3406             (./generated-code/):00438 [7]     2010            PSHS D
A416 84F0             (./generated-code/):00439 [2]     2012            ANDA #$F0
A418 8A09             (./generated-code/):00440 [2]     2014            ORA #$09
A41A C699             (./generated-code/):00441 [2]     2016            LDB #$99
A41C EDC878           (./generated-code/):00442 [6]     2022            STD 120,U
A41F A6C8DA           (./generated-code/):00443 [5]     2027            LDA -38,U
A422 AEC851           (./generated-code/):00444 [6]     2033            LDX 81,U
A425 3412             (./generated-code/):00445 [8]     2041            PSHS X,A
A427 86EE             (./generated-code/):00446 [2]     2043            LDA #$ee
A429 A7C8DA           (./generated-code/):00447 [5]     2048            STA -38,U
A42C CCE9EF           (./generated-code/):00448 [3]     2051            LDD #$e9ef
A42F EDC851           (./generated-code/):00449 [6]     2057            STD 81,U
A432 A6C87A           (./generated-code/):00450 [5]     2062            LDA 122,U
A435 3402             (./generated-code/):00451 [6]     2068            PSHS A
A437 84F0             (./generated-code/):00452 [2]     2070            ANDA #$F0
A439 8A0E             (./generated-code/):00453 [2]     2072            ORA #$0e
A43B A7C87A           (./generated-code/):00454 [5]     2077            STA 122,U
A43E A6C82A           (./generated-code/):00455 [5]     2082            LDA 42,U
A441 E7C82A           (./generated-code/):00456 [5]     2087            STB 42,U
A444 3714             (./generated-code/):00457 [8]     2095            PULU B,X
A446 3456             (./generated-code/):00458 [11]    2106            PSHS U,X,B,A
A448 8699             (./generated-code/):00459 [2]     2108            LDA #$99
A44A 8E3EFF           (./generated-code/):00460 [3]     2111            LDX #$3eff
A44D 3612             (./generated-code/):00461 [8]     2119            PSHU A,X
A44F 33C900EF         (./generated-code/):00462 [8]     2127            LEAU 239,U
                      (./generated-code/):00463                 
A453 A6C850           (./generated-code/):00464 [5]     2132            LDA 80,U
A456 E6C8DA           (./generated-code/):00465 [5]     2137            LDB -38,U
A459 3406             (./generated-code/):00466 [7]     2144            PSHS B,A
A45B A6C878           (./generated-code/):00467 [5]     2149            LDA 120,U
A45E E6C82A           (./generated-code/):00468 [5]     2154            LDB 42,U
A461 3406             (./generated-code/):00469 [7]     2161            PSHS B,A
A463 A6C852           (./generated-code/):00470 [5]     2166            LDA 82,U
A466 E6C87A           (./generated-code/):00471 [5]     2171            LDB 122,U
A469 3406             (./generated-code/):00472 [7]     2178            PSHS B,A
A46B ECC8B2           (./generated-code/):00473 [6]     2184            LDD -78,U
A46E 3406             (./generated-code/):00474 [7]     2191            PSHS D
A470 86DD             (./generated-code/):00475 [2]     2193            LDA #$dd
A472 C4F0             (./generated-code/):00476 [2]     2195            ANDB #$F0
A474 CA0E             (./generated-code/):00477 [2]     2197            ORB #$0e
A476 EDC8B2           (./generated-code/):00478 [6]     2203            STD -78,U
A479 ECC8D8           (./generated-code/):00479 [6]     2209            LDD -40,U
A47C 3406             (./generated-code/):00480 [7]     2216            PSHS D
A47E 86DB             (./generated-code/):00481 [2]     2218            LDA #$db
A480 C4F0             (./generated-code/):00482 [2]     2220            ANDB #$F0
A482 CA0A             (./generated-code/):00483 [2]     2222            ORB #$0a
A484 EDC8D8           (./generated-code/):00484 [6]     2228            STD -40,U
A487 ECC828           (./generated-code/):00485 [6]     2234            LDD 40,U
A48A 3406             (./generated-code/):00486 [7]     2241            PSHS D
A48C 86DB             (./generated-code/):00487 [2]     2243            LDA #$db
A48E C40F             (./generated-code/):00488 [2]     2245            ANDB #$0F
A490 CA90             (./generated-code/):00489 [2]     2247            ORB #$90
A492 EDC828           (./generated-code/):00490 [6]     2253            STD 40,U
A495 A7C850           (./generated-code/):00491 [5]     2258            STA 80,U
A498 A7C878           (./generated-code/):00492 [5]     2263            STA 120,U
A49B A6C8B0           (./generated-code/):00493 [5]     2268            LDA -80,U
A49E 3402             (./generated-code/):00494 [6]     2274            PSHS A
A4A0 84F0             (./generated-code/):00495 [2]     2276            ANDA #$F0
A4A2 8A0B             (./generated-code/):00496 [2]     2278            ORA #$0b
A4A4 A7C8B0           (./generated-code/):00497 [5]     2283            STA -80,U
A4A7 86D3             (./generated-code/):00498 [2]     2285            LDA #$d3
A4A9 A7C852           (./generated-code/):00499 [5]     2290            STA 82,U
A4AC A7C87A           (./generated-code/):00500 [5]     2295            STA 122,U
A4AF 8633             (./generated-code/):00501 [2]     2297            LDA #$33
A4B1 A7C82A           (./generated-code/):00502 [5]     2302            STA 42,U
A4B4 863E             (./generated-code/):00503 [2]     2304            LDA #$3e
A4B6 A7C8DA           (./generated-code/):00504 [5]     2309            STA -38,U
A4B9 3712             (./generated-code/):00505 [8]     2317            PULU A,X
A4BB 3452             (./generated-code/):00506 [10]    2327            PSHS U,X,A
A4BD 86DB             (./generated-code/):00507 [2]     2329            LDA #$db
A4BF 8EAA3E           (./generated-code/):00508 [3]     2332            LDX #$aa3e
A4C2 3612             (./generated-code/):00509 [8]     2340            PSHU A,X
A4C4 33C900DD         (./generated-code/):00510 [8]     2348            LEAU 221,U
                      (./generated-code/):00511                 
A4C8 A6C8C3           (./generated-code/):00512 [5]     2353            LDA -61,U
A4CB AEC813           (./generated-code/):00513 [6]     2359            LDX 19,U
A4CE 3412             (./generated-code/):00514 [8]     2367            PSHS X,A
A4D0 86DF             (./generated-code/):00515 [2]     2369            LDA #$df
A4D2 A7C8C3           (./generated-code/):00516 [5]     2374            STA -61,U
A4D5 ECC8EB           (./generated-code/):00517 [6]     2380            LDD -21,U
A4D8 3406             (./generated-code/):00518 [7]     2387            PSHS D
A4DA 86DB             (./generated-code/):00519 [2]     2389            LDA #$db
A4DC C40F             (./generated-code/):00520 [2]     2391            ANDB #$0F
A4DE CAB0             (./generated-code/):00521 [2]     2393            ORB #$b0
A4E0 EDC8EB           (./generated-code/):00522 [6]     2399            STD -21,U
A4E3 A6C8C5           (./generated-code/):00523 [5]     2404            LDA -59,U
A4E6 3402             (./generated-code/):00524 [6]     2410            PSHS A
A4E8 84F0             (./generated-code/):00525 [2]     2412            ANDA #$F0
A4EA 8A0E             (./generated-code/):00526 [2]     2414            ORA #$0e
A4EC A7C8C5           (./generated-code/):00527 [5]     2419            STA -59,U
A4EF A6C8ED           (./generated-code/):00528 [5]     2424            LDA -19,U
A4F2 3402             (./generated-code/):00529 [6]     2430            PSHS A
A4F4 84F0             (./generated-code/):00530 [2]     2432            ANDA #$F0
A4F6 8A0E             (./generated-code/):00531 [2]     2434            ORA #$0e
A4F8 A7C8ED           (./generated-code/):00532 [5]     2439            STA -19,U
A4FB CCDBBB           (./generated-code/):00533 [3]     2442            LDD #$dbbb
A4FE EDC813           (./generated-code/):00534 [6]     2448            STD 19,U
A501 ECC815           (./generated-code/):00535 [6]     2454            LDD 21,U
A504 3406             (./generated-code/):00536 [7]     2461            PSHS D
A506 84F0             (./generated-code/):00537 [2]     2463            ANDA #$F0
A508 C40F             (./generated-code/):00538 [2]     2465            ANDB #$0F
A50A C30D30           (./generated-code/):00539 [4]     2469            ADDD #$0d30
A50D EDC815           (./generated-code/):00540 [6]     2475            STD 21,U
A510 ECC83D           (./generated-code/):00541 [6]     2481            LDD 61,U
A513 3406             (./generated-code/):00542 [7]     2488            PSHS D
A515 84F0             (./generated-code/):00543 [2]     2490            ANDA #$F0
A517 C40F             (./generated-code/):00544 [2]     2492            ANDB #$0F
A519 C30DD0           (./generated-code/):00545 [4]     2496            ADDD #$0dd0
A51C EDC83D           (./generated-code/):00546 [6]     2502            STD 61,U
A51F ECC83B           (./generated-code/):00547 [6]     2508            LDD 59,U
A522 3446             (./generated-code/):00548 [9]     2517            PSHS U,D
A524 84F0             (./generated-code/):00549 [2]     2519            ANDA #$F0
A526 8A0D             (./generated-code/):00550 [2]     2521            ORA #$0d
A528 C6DD             (./generated-code/):00551 [2]     2523            LDB #$dd
A52A EDC83B           (./generated-code/):00552 [6]     2529            STD 59,U
A52D 33E4             (./generated-code/):00553 [4]     2533            LEAU ,S
A52F                  (./generated-code/):00554                 SSAV_Img_sonic_072_0
A52F 10FE9FFE         (./generated-code/):00555 [7]     2540            LDS glb_register_s
A533 39               (./generated-code/):00556 [5]     2545            RTS
                      (./generated-code/):00557                 
