                      (./generated-code/):00001                 INCLUDE "./Engine/Constants.asm"
                      (./Engine/Constant):00001         * ---------------------------------------------------------------------------
                      (./Engine/Constant):00002         * Constants
                      (./Engine/Constant):00003         *
                      (./Engine/Constant):00004         * Naming convention
                      (./Engine/Constant):00005         * -----------------
                      (./Engine/Constant):00006         * - lower case
                      (./Engine/Constant):00007         * - underscore-separated names
                      (./Engine/Constant):00008         *
                      (./Engine/Constant):00009         * ---------------------------------------------------------------------------
                      (./Engine/Constant):00010         
                      (./Engine/Constant):00011         * ===========================================================================
                      (./Engine/Constant):00012         * TO8 Registers
                      (./Engine/Constant):00013         * ===========================================================================
                      (./Engine/Constant):00014         
                      (./Engine/Constant):00015         ; Disk routine registers (ROM)
                      (./Engine/Constant):00016         
     6049             (./Engine/Constant):00017         dk_drive                      equ $6049
     604A             (./Engine/Constant):00018         dk_track                      equ $604A
     604B             (./Engine/Constant):00019         dk_track_lsb                  equ $604B
     604C             (./Engine/Constant):00020         dk_sector                     equ $604C
     604F             (./Engine/Constant):00021         dk_write_location             equ $604F
                      (./Engine/Constant):00022         
                      (./Engine/Constant):00023         * ===========================================================================
                      (./Engine/Constant):00024         * Globals
                      (./Engine/Constant):00025         * ===========================================================================
                      (./Engine/Constant):00026         
     009F             (./Engine/Constant):00027         glb_direct_page               equ $9F    ; direct page for globals
                      (./Engine/Constant):00028         
                      (./Engine/Constant):00029         ; compilated sprite
     9FFE             (./Engine/Constant):00030         glb_register_s                equ $9FFE  ; reverved space to store S from ROM routines
                      (./Engine/Constant):00031         
                      (./Engine/Constant):00032         ; DrawSprites
     9FFC             (./Engine/Constant):00033         glb_screen_location_1         equ $9FFC  ; start address for rendering of current sprite Part1     
     9FFA             (./Engine/Constant):00034         glb_screen_location_2         equ $9FFA  ; start address for rendering of current sprite Part2 (Must follow Part1)
                      (./Engine/Constant):00035         
                      (./Engine/Constant):00036         ; CheckSpritesRefresh
     9FF9             (./Engine/Constant):00037         glb_cur_priority              equ $9FF9
     9FF7             (./Engine/Constant):00038         glb_cur_ptr_sub_obj_erase     equ $9FF7
     9FF5             (./Engine/Constant):00039         glb_cur_ptr_sub_obj_draw      equ $9FF5
     9FF3             (./Engine/Constant):00040         glb_camera_x_pos              equ $9FF3 ; camera x position in palyfield coordinates
     9FF1             (./Engine/Constant):00041         glb_camera_y_pos              equ $9FF1 ; camera y position in palyfield coordinates
     9FEF             (./Engine/Constant):00042         glb_camera_x_min_pos          equ $9FEF
     9FED             (./Engine/Constant):00043         glb_camera_y_min_pos          equ $9FED
     9FEB             (./Engine/Constant):00044         glb_camera_x_max_pos          equ $9FEB
     9FE9             (./Engine/Constant):00045         glb_camera_y_max_pos          equ $9FE9
     9FE8             (./Engine/Constant):00046         glb_force_sprite_refresh      equ $9FE8
     9FE7             (./Engine/Constant):00047         glb_camera_move               equ $9FE7
     9FE6             (./Engine/Constant):00048         glb_alphaTiles                equ $9FE6
     9F00             (./Engine/Constant):00049         glb_tmp_var                   equ $9F00 ; custom tmp var space for routine
     9F00             (./Engine/Constant):00050         glb_system_stack              equ $9F00
                      (./Engine/Constant):00051         
                      (./Engine/Constant):00052         * ===========================================================================
                      (./Engine/Constant):00053         * Display Constants
                      (./Engine/Constant):00054         * ===========================================================================
                      (./Engine/Constant):00055         
     00A0             (./Engine/Constant):00056         screen_width                  equ 160    ; in pixel
     001C             (./Engine/Constant):00057         screen_top                    equ 28     ; in pixel
     00E3             (./Engine/Constant):00058         screen_bottom                 equ 28+199 ; in pixel
     0030             (./Engine/Constant):00059         screen_left                   equ 48     ; in pixel
     00CF             (./Engine/Constant):00060         screen_right                  equ 48+159 ; in pixel
     0008             (./Engine/Constant):00061         nb_priority_levels            equ 8      ; number of priority levels (need code change if modified)
                      (./Engine/Constant):00062         
                      (./Engine/Constant):00063         * ===========================================================================
                      (./Engine/Constant):00064         * Images Constants
                      (./Engine/Constant):00065         * ===========================================================================
                      (./Engine/Constant):00066         
     0004             (./Engine/Constant):00067         image_x_size                  equ 4
     0005             (./Engine/Constant):00068         image_y_size                  equ 5
     0006             (./Engine/Constant):00069         image_center_offset           equ 6
                      (./Engine/Constant):00070         
     0004             (./Engine/Constant):00071         image_subset_x1_offset        equ 4
     0005             (./Engine/Constant):00072         image_subset_y1_offset        equ 5
                      (./Engine/Constant):00073         
     0000             (./Engine/Constant):00074         page_draw_routine             equ 0
     0001             (./Engine/Constant):00075         draw_routine                  equ 1
     0003             (./Engine/Constant):00076         page_erase_routine            equ 3
     0004             (./Engine/Constant):00077         erase_routine                 equ 4
     0006             (./Engine/Constant):00078         erase_nb_cell                 equ 6
                      (./Engine/Constant):00079         
                      (./Engine/Constant):00080         * ===========================================================================
                      (./Engine/Constant):00081         * Sound Constants
                      (./Engine/Constant):00082         * ===========================================================================
                      (./Engine/Constant):00083         
     0000             (./Engine/Constant):00084         sound_page        equ 0
     0001             (./Engine/Constant):00085         sound_start_addr  equ 1
     0003             (./Engine/Constant):00086         sound_end_addr    equ 3
     0005             (./Engine/Constant):00087         sound_meta_size   equ 5
                      (./Engine/Constant):00088         
                      (./Engine/Constant):00089         * ===========================================================================
                      (./Engine/Constant):00090         * Object Constants
                      (./Engine/Constant):00091         * ===========================================================================
                      (./Engine/Constant):00092         
     005D             (./Engine/Constant):00093         object_core_size              equ 93  ; the size of an object without ext_vars - DEPENDENCY ClearObj routine
     ????             (./Engine/Constant):00094         object_size                   equ object_core_size+ext_variables_size ; the size of a dynamic object
     ????             (./Engine/Constant):00095         next_object                   equ object_size
     005D             (./Engine/Constant):00096         ext_variables                 equ object_core_size ; start of reserved space for additionnal variables
                      (./Engine/Constant):00097         
     0000             (./Engine/Constant):00098         id                            equ 0           ; reference to object model id (ObjID_) (0: free slot)
     0001             (./Engine/Constant):00099         subtype                       equ 1           ; reference to object subtype (Sub_)
     0002             (./Engine/Constant):00100         render_flags                  equ 2
                      (./Engine/Constant):00101         
                      (./Engine/Constant):00102         * --- render_flags bitfield variables ---
     0001             (./Engine/Constant):00103         render_xmirror_mask           equ $01 ; (bit 0) DEPENDENCY should be bit 0 - tell display engine to mirror sprite on horizontal axis
     0002             (./Engine/Constant):00104         render_ymirror_mask           equ $02 ; (bit 1) DEPENDENCY should be bit 1 - tell display engine to mirror sprite on vertical axis
     0004             (./Engine/Constant):00105         render_overlay_mask           equ $04 ; (bit 2) DEPENDENCY should be bit 2 - compilated sprite with no background save
     0008             (./Engine/Constant):00106         render_motionless_mask        equ $08 ; (bit 3) tell display engine to compute sub image and position check only once until the flag is removed  
     0010             (./Engine/Constant):00107         render_playfieldcoord_mask    equ $10 ; (bit 4) tell display engine to use playfield (1) or screen (0) coordinates
     0020             (./Engine/Constant):00108         render_hide_mask              equ $20 ; (bit 5) tell display engine to hide sprite (keep priority and mapping_frame)
     0040             (./Engine/Constant):00109         render_todelete_mask          equ $40 ; (bit 6) tell display engine to delete sprite and clear OST for this object
     0080             (./Engine/Constant):00110         render_xloop_mask             equ $80 ; (bit 7) (screen coordinate) tell display engine to hide sprite when x is out of screen (0) or to display (1)  
                      (./Engine/Constant):00111          
     0003             (./Engine/Constant):00112         priority                      equ 3           ; display priority (0: nothing to display, 1:front, ..., 8:back)
     0004             (./Engine/Constant):00113         anim                          equ 4  ; and 5  ; reference to current animation (Ani_)
     0006             (./Engine/Constant):00114         prev_anim                     equ 6  ; and 7  ; reference to previous animation (Ani_)
     0008             (./Engine/Constant):00115         anim_frame                    equ 8           ; index of current frame in animation
     0009             (./Engine/Constant):00116         anim_frame_duration           equ 9           ; number of frames for each image in animation, range: 00-7F (0-127), 0 means display only during one frame
     000A             (./Engine/Constant):00117         anim_flags                    equ 10          ; byte offset to reference an anim_flags LUT (adv) / store a link flag (non adv)
                      (./Engine/Constant):00118         
                      (./Engine/Constant):00119         * --- anim_flags bitfield variables ---
     0001             (./Engine/Constant):00120         anim_link_mask                equ $01 ; (bit 0) if set, allow the load of a new animation without reseting anim_frame and anim_frame_duration
                      (./Engine/Constant):00121         
     000B             (./Engine/Constant):00122         status_flags                  equ 11          ; orientation of sprite, is applied to animation xmirror flag during AnimateSprite
                      (./Engine/Constant):00123         
                      (./Engine/Constant):00124         * --- status_flags bitfield variables ---
     0001             (./Engine/Constant):00125         status_xflip_mask             equ $01 ; (bit 0) X Flip
     0002             (./Engine/Constant):00126         status_yflip_mask             equ $02 ; (bit 1) Y Flip
                      (./Engine/Constant):00127         
     000C             (./Engine/Constant):00128         image_set                     equ 12 ; and 13 ; reference to current image (Img_) (0000 if no image)
     000E             (./Engine/Constant):00129         x_pos                         equ 14 ; and 15 ; x playfield coordinate
     0010             (./Engine/Constant):00130         x_sub                         equ 16          ; x subpixel (1/256 of a pixel), must follow x_pos in data structure
     0011             (./Engine/Constant):00131         y_pos                         equ 17 ; and 18 ; y playfield coordinate
     0013             (./Engine/Constant):00132         y_sub                         equ 19          ; y subpixel (1/256 of a pixel), must follow y_pos in data structure
     0014             (./Engine/Constant):00133         xy_pixel                      equ 20          ; x and y screen coordinate
     0014             (./Engine/Constant):00134         x_pixel                       equ 20          ; x screen coordinate
     0015             (./Engine/Constant):00135         y_pixel                       equ 21          ; y screen coordinate, must follow x_pixel
                      (./Engine/Constant):00136         ;x_offset                      equ 93          ; x screen coordinate offset that is applied at rendering
                      (./Engine/Constant):00137         ;y_offset                      equ 94          ; x screen coordinate offset that is applied at rendering
     0016             (./Engine/Constant):00138         x_vel                         equ 22 ; and 23 ; horizontal velocity
     0018             (./Engine/Constant):00139         y_vel                         equ 24 ; and 25 ; vertical velocity
     001A             (./Engine/Constant):00140         x_acl                         equ 26 ; and 27 ; horizontal gravity
     001C             (./Engine/Constant):00141         y_acl                         equ 28 ; and 29 ; vertical gravity
     001E             (./Engine/Constant):00142         routine                       equ 30          ; index of current object routine
     001F             (./Engine/Constant):00143         routine_secondary             equ 31          ; index of current secondary routine
     0020             (./Engine/Constant):00144         routine_tertiary              equ 32          ; index of current tertiary routine
     0021             (./Engine/Constant):00145         routine_quaternary            equ 33          ; index of current quaternary routine
                      (./Engine/Constant):00146         
                      (./Engine/Constant):00147         * ---------------------------------------------------------------------------
                      (./Engine/Constant):00148         * reserved variables (update by engine)
                      (./Engine/Constant):00149         
     0022             (./Engine/Constant):00150         rsv_render_flags              equ 34
                      (./Engine/Constant):00151         
                      (./Engine/Constant):00152         * --- rsv_render_flags bitfield variables ---
     0001             (./Engine/Constant):00153         rsv_render_checkrefresh_mask  equ $01 ; (bit 0) if erasesprite and display sprite flag are processed for this frame
     0002             (./Engine/Constant):00154         rsv_render_erasesprite_mask   equ $02 ; (bit 1) if a sprite need to be cleared on screen
     0004             (./Engine/Constant):00155         rsv_render_displaysprite_mask equ $04 ; (bit 2) if a sprite need to be rendered on screen
     0008             (./Engine/Constant):00156         rsv_render_outofrange_mask    equ $08 ; (bit 3) if a sprite is out of range for full rendering in screen
     0080             (./Engine/Constant):00157         rsv_render_onscreen_mask      equ $80 ; (bit 7) DEPENDENCY should be bit 7 - has been rendered on last screen buffer (may be 0 or 1)
                      (./Engine/Constant):00158         
     0023             (./Engine/Constant):00159         rsv_prev_anim                 equ 35 ; and 36 ; reference to previous animation (Ani_) w * UTILE ?
     0025             (./Engine/Constant):00160         rsv_image_center_offset       equ 37 ; 0 or 1 offset that indicate if image center is even or odd (DRS_XYToAddress)
     0026             (./Engine/Constant):00161         rsv_image_subset              equ 38 ; and 39 ; reference to current image regarding mirror flags w
     0028             (./Engine/Constant):00162         rsv_mapping_frame             equ 40 ; and 41 ; reference to current image regarding mirror flags, overlay flag and x precision w
     002A             (./Engine/Constant):00163         rsv_erase_nb_cell             equ 42 ; b 
     002B             (./Engine/Constant):00164         rsv_page_draw_routine         equ 43 ; b
     002C             (./Engine/Constant):00165         rsv_draw_routine              equ 44 ; and 45 ; w
     002E             (./Engine/Constant):00166         rsv_page_erase_routine        equ 46 ; b
     002F             (./Engine/Constant):00167         rsv_erase_routine             equ 47 ; and 48 ; w 
     0031             (./Engine/Constant):00168         rsv_xy1_pixel                 equ 49 ;
     0031             (./Engine/Constant):00169         rsv_x1_pixel                  equ 49 ; x+x_offset-(x_size/2) screen coordinate
     0032             (./Engine/Constant):00170         rsv_y1_pixel                  equ 50 ; y+y_offset-(y_size/2) screen coordinate, must follow rsv_x1_pixel
     0033             (./Engine/Constant):00171         rsv_xy2_pixel                 equ 51 ;
     0033             (./Engine/Constant):00172         rsv_x2_pixel                  equ 51 ; x+x_offset+(x_size/2) screen coordinate
     0034             (./Engine/Constant):00173         rsv_y2_pixel                  equ 52 ; y+y_offset+(y_size/2) screen coordinate, must follow rsv_x2_pixel
                      (./Engine/Constant):00174         
                      (./Engine/Constant):00175         * ---------------------------------------------------------------------------
                      (./Engine/Constant):00176         * reserved variables (engine) - buffer specific
                      (./Engine/Constant):00177         
     0035             (./Engine/Constant):00178         rsv_buffer_0                  equ 53 ; Start index of buffer 0 variables
     0035             (./Engine/Constant):00179         rsv_priority_0                equ 53 ; internal value that hold priority in video buffer 0
     0036             (./Engine/Constant):00180         rsv_priority_prev_obj_0       equ 54 ; and 55 ; previous object (OST address) in display priority list for video buffer 0 (0000 if none) w
     0038             (./Engine/Constant):00181         rsv_priority_next_obj_0       equ 56 ; and 57 ; next object (OST address) in display priority list for video buffer 0 (0000 if none) w
     003A             (./Engine/Constant):00182         rsv_prev_mapping_frame_0      equ 58 ; and 59 ; reference to previous image in video buffer 0 w
     003C             (./Engine/Constant):00183         rsv_prev_erase_nb_cell_0      equ 60 : b
     003D             (./Engine/Constant):00184         rsv_prev_page_erase_routine_0 equ 61 ; b
     003E             (./Engine/Constant):00185         rsv_prev_erase_routine_0      equ 62 ; and 63 ; w
     0040             (./Engine/Constant):00186         rsv_bgdata_0                  equ 64 ; and 65 ; address of background data in screen 0 w
     0042             (./Engine/Constant):00187         rsv_prev_xy_pixel_0           equ 66 ;
     0042             (./Engine/Constant):00188         rsv_prev_x_pixel_0            equ 66 ; previous x screen coordinate b
     0043             (./Engine/Constant):00189         rsv_prev_y_pixel_0            equ 67 ; previous y screen coordinate b, must follow x_pixel
     0044             (./Engine/Constant):00190         rsv_prev_xy1_pixel_0          equ 68 ;
     0044             (./Engine/Constant):00191         rsv_prev_x1_pixel_0           equ 68 ; previous x+x_offset-(x_size/2) screen coordinate b
     0045             (./Engine/Constant):00192         rsv_prev_y1_pixel_0           equ 69 ; previous y+y_offset-(y_size/2) screen coordinate b, must follow x1_pixel
     0046             (./Engine/Constant):00193         rsv_prev_xy2_pixel_0          equ 70 ;
     0046             (./Engine/Constant):00194         rsv_prev_x2_pixel_0           equ 70 ; previous x+x_offset+(x_size/2) screen coordinate b
     0047             (./Engine/Constant):00195         rsv_prev_y2_pixel_0           equ 71 ; previous y+y_offset+(y_size/2) screen coordinate b, must follow x2_pixel
     0048             (./Engine/Constant):00196         rsv_prev_render_flags_0       equ 72 ;
                      (./Engine/Constant):00197         * --- rsv_prev_render_flags_0 bitfield variables ---
     0001             (./Engine/Constant):00198         rsv_prev_render_overlay_mask  equ $01 ; (bit 0) if a sprite has been rendered with compilated sprite and no background save on screen buffer 0/1
     0080             (./Engine/Constant):00199         rsv_prev_render_onscreen_mask equ $80 ; (bit 7) DEPENDENCY should be bit 7 - has been rendered on screen buffer 0/1
                      (./Engine/Constant):00200         
     0049             (./Engine/Constant):00201         rsv_buffer_1                  equ 73 ; Start index of buffer 1 variables
     0049             (./Engine/Constant):00202         rsv_priority_1                equ 73 ; internal value that hold priority in video buffer 1
     004A             (./Engine/Constant):00203         rsv_priority_prev_obj_1       equ 74 ; and 75 ; previous object (OST address) in display priority list for video buffer 1 (0000 if none) w
     004C             (./Engine/Constant):00204         rsv_priority_next_obj_1       equ 76 ; and 77 ; next object (OST address) in display priority list for video buffer 1 (0000 if none) w
     004E             (./Engine/Constant):00205         rsv_prev_mapping_frame_1      equ 78 ; and 79 ; reference to previous image in video buffer 1 w
     0050             (./Engine/Constant):00206         rsv_prev_erase_nb_cell_1      equ 80 ; b
     0051             (./Engine/Constant):00207         rsv_prev_page_erase_routine_1 equ 81 ; b
     0052             (./Engine/Constant):00208         rsv_prev_erase_routine_1      equ 82 ; and 83 ; w
     0054             (./Engine/Constant):00209         rsv_bgdata_1                  equ 84 ; and 85 ; address of background data in screen 1 w
     0056             (./Engine/Constant):00210         rsv_prev_xy_pixel_1           equ 86 ;
     0056             (./Engine/Constant):00211         rsv_prev_x_pixel_1            equ 86 ; previous x screen coordinate b
     0057             (./Engine/Constant):00212         rsv_prev_y_pixel_1            equ 87 ; previous y screen coordinate b, must follow x_pixel
     0058             (./Engine/Constant):00213         rsv_prev_xy1_pixel_1          equ 88 ;
     0058             (./Engine/Constant):00214         rsv_prev_x1_pixel_1           equ 88 ; previous x+x_size screen coordinate b
     0059             (./Engine/Constant):00215         rsv_prev_y1_pixel_1           equ 89 ; previous y+y_size screen coordinate b, must follow x_pixel
     005A             (./Engine/Constant):00216         rsv_prev_xy2_pixel_1          equ 90 ;
     005A             (./Engine/Constant):00217         rsv_prev_x2_pixel_1           equ 90 ; previous x+x_size screen coordinate b
     005B             (./Engine/Constant):00218         rsv_prev_y2_pixel_1           equ 91 ; previous y+y_size screen coordinate b, must follow x_pixel
     005C             (./Engine/Constant):00219         rsv_prev_render_flags_1       equ 92 ;
                      (./Engine/Constant):00220         
     0000             (./Engine/Constant):00221         buf_priority                  equ 0  ; offset for each rsv_buffer variables
     0001             (./Engine/Constant):00222         buf_priority_prev_obj         equ 1  ;
     0003             (./Engine/Constant):00223         buf_priority_next_obj         equ 3  ;
     0005             (./Engine/Constant):00224         buf_prev_mapping_frame        equ 5  ;
     0007             (./Engine/Constant):00225         buf_erase_nb_cell             equ 7  ;
     0008             (./Engine/Constant):00226         buf_page_erase_routine        equ 8 ;
     0009             (./Engine/Constant):00227         buf_erase_routine             equ 9 ;
     000B             (./Engine/Constant):00228         buf_bgdata                    equ 11 ;
     000D             (./Engine/Constant):00229         buf_prev_xy_pixel             equ 13 ;
     000D             (./Engine/Constant):00230         buf_prev_x_pixel              equ 13 ;
     000E             (./Engine/Constant):00231         buf_prev_y_pixel              equ 14 ;
     000F             (./Engine/Constant):00232         buf_prev_xy1_pixel            equ 15 ;
     000F             (./Engine/Constant):00233         buf_prev_x1_pixel             equ 15 ;
     0010             (./Engine/Constant):00234         buf_prev_y1_pixel             equ 16 ;
     0011             (./Engine/Constant):00235         buf_prev_xy2_pixel            equ 17 ;
     0011             (./Engine/Constant):00236         buf_prev_x2_pixel             equ 17 ;
     0012             (./Engine/Constant):00237         buf_prev_y2_pixel             equ 18 ;
     0013             (./Engine/Constant):00238         buf_prev_render_flags         equ 19 ;
                      (./generated-code/):00002                 ORG $A000
     FF               (./generated-code/):00003                 SETDP $FF
                      (./generated-code/):00004                 OPT C,CT
A000                  (./generated-code/):00005                 BCKDRAW_Img_sonic_020_0
A000 10FF9FFE         (./generated-code/):00006 [7]     7               STS glb_register_s
                      (./generated-code/):00007                 
A004 32A4             (./generated-code/):00008 [4]     11              LEAS ,Y
A006 33C9FD81         (./generated-code/):00009 [8]     19              LEAU -639,U
                      (./generated-code/):00010                 
A00A ECC8AF           (./generated-code/):00011 [6]     25              LDD -81,U
A00D 3406             (./generated-code/):00012 [7]     32              PSHS D
A00F 84F0             (./generated-code/):00013 [2]     34              ANDA #$F0
A011 8A0A             (./generated-code/):00014 [2]     36              ORA #$0a
A013 C6AA             (./generated-code/):00015 [2]     38              LDB #$aa
A015 EDC8AF           (./generated-code/):00016 [6]     44              STD -81,U
A018 ECC876           (./generated-code/):00017 [6]     50              LDD 118,U
A01B 3406             (./generated-code/):00018 [7]     57              PSHS D
A01D 84F0             (./generated-code/):00019 [2]     59              ANDA #$F0
A01F 8A0A             (./generated-code/):00020 [2]     61              ORA #$0a
A021 C6AC             (./generated-code/):00021 [2]     63              LDB #$ac
A023 EDC876           (./generated-code/):00022 [6]     69              STD 118,U
A026 AEC8D7           (./generated-code/):00023 [6]     75              LDX -41,U
A029 CCA9AA           (./generated-code/):00024 [3]     78              LDD #$a9aa
A02C EDC8D7           (./generated-code/):00025 [6]     84              STD -41,U
A02F 10AE5F           (./generated-code/):00026 [7]     91              LDY -1,U
A032 3430             (./generated-code/):00027 [9]     100             PSHS Y,X
A034 A6C888           (./generated-code/):00028 [5]     105             LDA -120,U
A037 3402             (./generated-code/):00029 [6]     111             PSHS A
A039 840F             (./generated-code/):00030 [2]     113             ANDA #$0F
A03B 8AA0             (./generated-code/):00031 [2]     115             ORA #$a0
A03D A7C888           (./generated-code/):00032 [5]     120             STA -120,U
A040 A6C8D9           (./generated-code/):00033 [5]     125             LDA -39,U
A043 3402             (./generated-code/):00034 [6]     131             PSHS A
A045 840F             (./generated-code/):00035 [2]     133             ANDA #$0F
A047 8A90             (./generated-code/):00036 [2]     135             ORA #$90
A049 A7C8D9           (./generated-code/):00037 [5]     140             STA -39,U
A04C A6C878           (./generated-code/):00038 [5]     145             LDA 120,U
A04F 3402             (./generated-code/):00039 [6]     151             PSHS A
A051 840F             (./generated-code/):00040 [2]     153             ANDA #$0F
A053 8AA0             (./generated-code/):00041 [2]     155             ORA #$a0
A055 A7C878           (./generated-code/):00042 [5]     160             STA 120,U
A058 CCAE99           (./generated-code/):00043 [3]     163             LDD #$ae99
A05B ED5F             (./generated-code/):00044 [6]     169             STD -1,U
A05D AEC827           (./generated-code/):00045 [6]     175             LDX 39,U
A060 3410             (./generated-code/):00046 [7]     182             PSHS X
A062 86CC             (./generated-code/):00047 [2]     184             LDA #$cc
A064 EDC827           (./generated-code/):00048 [6]     190             STD 39,U
A067 ECC84F           (./generated-code/):00049 [6]     196             LDD 79,U
A06A 3446             (./generated-code/):00050 [9]     205             PSHS U,D
A06C 86CC             (./generated-code/):00051 [2]     207             LDA #$cc
A06E C40F             (./generated-code/):00052 [2]     209             ANDB #$0F
A070 CA90             (./generated-code/):00053 [2]     211             ORB #$90
A072 EDC84F           (./generated-code/):00054 [6]     217             STD 79,U
A075 33C900DB         (./generated-code/):00055 [8]     225             LEAU 219,U
                      (./generated-code/):00056                 
A079 ECC8C3           (./generated-code/):00057 [6]     231             LDD -61,U
A07C 3406             (./generated-code/):00058 [7]     238             PSHS D
A07E 84F0             (./generated-code/):00059 [2]     240             ANDA #$F0
A080 8A0A             (./generated-code/):00060 [2]     242             ORA #$0a
A082 C6AA             (./generated-code/):00061 [2]     244             LDB #$aa
A084 EDC8C3           (./generated-code/):00062 [6]     250             STD -61,U
A087 ECC8EB           (./generated-code/):00063 [6]     256             LDD -21,U
A08A 3406             (./generated-code/):00064 [7]     263             PSHS D
A08C 84F0             (./generated-code/):00065 [2]     265             ANDA #$F0
A08E 8A0A             (./generated-code/):00066 [2]     267             ORA #$0a
A090 C6AA             (./generated-code/):00067 [2]     269             LDB #$aa
A092 EDC8EB           (./generated-code/):00068 [6]     275             STD -21,U
A095 ECC813           (./generated-code/):00069 [6]     281             LDD 19,U
A098 3406             (./generated-code/):00070 [7]     288             PSHS D
A09A 84F0             (./generated-code/):00071 [2]     290             ANDA #$F0
A09C 8A0A             (./generated-code/):00072 [2]     292             ORA #$0a
A09E C6AA             (./generated-code/):00073 [2]     294             LDB #$aa
A0A0 EDC813           (./generated-code/):00074 [6]     300             STD 19,U
A0A3 ECC83B           (./generated-code/):00075 [6]     306             LDD 59,U
A0A6 3406             (./generated-code/):00076 [7]     313             PSHS D
A0A8 84F0             (./generated-code/):00077 [2]     315             ANDA #$F0
A0AA 8A0A             (./generated-code/):00078 [2]     317             ORA #$0a
A0AC C6AA             (./generated-code/):00079 [2]     319             LDB #$aa
A0AE EDC83B           (./generated-code/):00080 [6]     325             STD 59,U
A0B1 A6C8ED           (./generated-code/):00081 [5]     330             LDA -19,U
A0B4 E7C8ED           (./generated-code/):00082 [5]     335             STB -19,U
A0B7 E6C8C5           (./generated-code/):00083 [5]     340             LDB -59,U
A0BA 3406             (./generated-code/):00084 [7]     347             PSHS B,A
A0BC 869A             (./generated-code/):00085 [2]     349             LDA #$9a
A0BE A7C8C5           (./generated-code/):00086 [5]     354             STA -59,U
A0C1 ECC815           (./generated-code/):00087 [6]     360             LDD 21,U
A0C4 3406             (./generated-code/):00088 [7]     367             PSHS D
A0C6 86AA             (./generated-code/):00089 [2]     369             LDA #$aa
A0C8 C40F             (./generated-code/):00090 [2]     371             ANDB #$0F
A0CA CAA0             (./generated-code/):00091 [2]     373             ORB #$a0
A0CC EDC815           (./generated-code/):00092 [6]     379             STD 21,U
A0CF ECC83D           (./generated-code/):00093 [6]     385             LDD 61,U
A0D2 3446             (./generated-code/):00094 [9]     394             PSHS U,D
A0D4 86A9             (./generated-code/):00095 [2]     396             LDA #$a9
A0D6 C40F             (./generated-code/):00096 [2]     398             ANDB #$0F
A0D8 CAA0             (./generated-code/):00097 [2]     400             ORB #$a0
A0DA EDC83D           (./generated-code/):00098 [6]     406             STD 61,U
A0DD 33C900DB         (./generated-code/):00099 [8]     414             LEAU 219,U
                      (./generated-code/):00100                 
A0E1 ECC888           (./generated-code/):00101 [6]     420             LDD -120,U
A0E4 3406             (./generated-code/):00102 [7]     427             PSHS D
A0E6 84F0             (./generated-code/):00103 [2]     429             ANDA #$F0
A0E8 8A0A             (./generated-code/):00104 [2]     431             ORA #$0a
A0EA C6AA             (./generated-code/):00105 [2]     433             LDB #$aa
A0EC EDC888           (./generated-code/):00106 [6]     439             STD -120,U
A0EF ECC8B0           (./generated-code/):00107 [6]     445             LDD -80,U
A0F2 3406             (./generated-code/):00108 [7]     452             PSHS D
A0F4 84F0             (./generated-code/):00109 [2]     454             ANDA #$F0
A0F6 8A0D             (./generated-code/):00110 [2]     456             ORA #$0d
A0F8 C6AA             (./generated-code/):00111 [2]     458             LDB #$aa
A0FA EDC8B0           (./generated-code/):00112 [6]     464             STD -80,U
A0FD ECC8D8           (./generated-code/):00113 [6]     470             LDD -40,U
A100 3406             (./generated-code/):00114 [7]     477             PSHS D
A102 84F0             (./generated-code/):00115 [2]     479             ANDA #$F0
A104 8A0D             (./generated-code/):00116 [2]     481             ORA #$0d
A106 C6AA             (./generated-code/):00117 [2]     483             LDB #$aa
A108 EDC8D8           (./generated-code/):00118 [6]     489             STD -40,U
A10B AEC88A           (./generated-code/):00119 [6]     495             LDX -118,U
A10E 3410             (./generated-code/):00120 [7]     502             PSHS X
A110 A6C8B2           (./generated-code/):00121 [5]     507             LDA -78,U
A113 E6C8DA           (./generated-code/):00122 [5]     512             LDB -38,U
A116 3406             (./generated-code/):00123 [7]     519             PSHS B,A
A118 C40F             (./generated-code/):00124 [2]     521             ANDB #$0F
A11A CA90             (./generated-code/):00125 [2]     523             ORB #$90
A11C E7C8DA           (./generated-code/):00126 [5]     528             STB -38,U
A11F CCA999           (./generated-code/):00127 [3]     531             LDD #$a999
A122 EDC88A           (./generated-code/):00128 [6]     537             STD -118,U
A125 A7C8B2           (./generated-code/):00129 [5]     542             STA -78,U
A128 3712             (./generated-code/):00130 [8]     550             PULU A,X
A12A 3452             (./generated-code/):00131 [10]    560             PSHS U,X,A
A12C 86EE             (./generated-code/):00132 [2]     562             LDA #$ee
A12E 8EFE9A           (./generated-code/):00133 [3]     565             LDX #$fe9a
A131 3612             (./generated-code/):00134 [8]     573             PSHU A,X
A133 33C828           (./generated-code/):00135 [5]     578             LEAU 40,U
                      (./generated-code/):00136                 
A136 AEC851           (./generated-code/):00137 [6]     584             LDX 81,U
A139 10AEC879         (./generated-code/):00138 [7]     591             LDY 121,U
A13D 3430             (./generated-code/):00139 [9]     600             PSHS Y,X
A13F 86FE             (./generated-code/):00140 [2]     602             LDA #$fe
A141 EDC851           (./generated-code/):00141 [6]     608             STD 81,U
A144 EDC879           (./generated-code/):00142 [6]     614             STD 121,U
A147 A6C82A           (./generated-code/):00143 [5]     619             LDA 42,U
A14A E7C82A           (./generated-code/):00144 [5]     624             STB 42,U
A14D E6C87B           (./generated-code/):00145 [5]     629             LDB 123,U
A150 3406             (./generated-code/):00146 [7]     636             PSHS B,A
A152 C40F             (./generated-code/):00147 [2]     638             ANDB #$0F
A154 CAA0             (./generated-code/):00148 [2]     640             ORB #$a0
A156 E7C87B           (./generated-code/):00149 [5]     645             STB 123,U
A159 ECC828           (./generated-code/):00150 [6]     651             LDD 40,U
A15C 3406             (./generated-code/):00151 [7]     658             PSHS D
A15E 84F0             (./generated-code/):00152 [2]     660             ANDA #$F0
A160 8A03             (./generated-code/):00153 [2]     662             ORA #$03
A162 C6EC             (./generated-code/):00154 [2]     664             LDB #$ec
A164 EDC828           (./generated-code/):00155 [6]     670             STD 40,U
A167 3712             (./generated-code/):00156 [8]     678             PULU A,X
A169 3452             (./generated-code/):00157 [10]    688             PSHS U,X,A
A16B 86DE             (./generated-code/):00158 [2]     690             LDA #$de
A16D 8ECC9A           (./generated-code/):00159 [3]     693             LDX #$cc9a
A170 3612             (./generated-code/):00160 [8]     701             PSHU A,X
A172 33C90119         (./generated-code/):00161 [8]     709             LEAU 281,U
                      (./generated-code/):00162                 
A176 ECC888           (./generated-code/):00163 [6]     715             LDD -120,U
A179 3406             (./generated-code/):00164 [7]     722             PSHS D
A17B 86FF             (./generated-code/):00165 [2]     724             LDA #$ff
A17D C40F             (./generated-code/):00166 [2]     726             ANDB #$0F
A17F CA90             (./generated-code/):00167 [2]     728             ORB #$90
A181 EDC888           (./generated-code/):00168 [6]     734             STD -120,U
A184 ECC850           (./generated-code/):00169 [6]     740             LDD 80,U
A187 3406             (./generated-code/):00170 [7]     747             PSHS D
A189 869E             (./generated-code/):00171 [2]     749             LDA #$9e
A18B C40F             (./generated-code/):00172 [2]     751             ANDB #$0F
A18D CA90             (./generated-code/):00173 [2]     753             ORB #$90
A18F EDC850           (./generated-code/):00174 [6]     759             STD 80,U
A192 ECC878           (./generated-code/):00175 [6]     765             LDD 120,U
A195 3406             (./generated-code/):00176 [7]     772             PSHS D
A197 86DD             (./generated-code/):00177 [2]     774             LDA #$dd
A199 C40F             (./generated-code/):00178 [2]     776             ANDB #$0F
A19B CA90             (./generated-code/):00179 [2]     778             ORB #$90
A19D EDC878           (./generated-code/):00180 [6]     784             STD 120,U
A1A0 AEC8B0           (./generated-code/):00181 [6]     790             LDX -80,U
A1A3 10AEC8D8         (./generated-code/):00182 [7]     797             LDY -40,U
A1A7 3430             (./generated-code/):00183 [9]     806             PSHS Y,X
A1A9 ECC4             (./generated-code/):00184 [5]     811             LDD ,U
A1AB AEC828           (./generated-code/):00185 [6]     817             LDX 40,U
A1AE 3456             (./generated-code/):00186 [11]    828             PSHS U,X,D
A1B0 CCEE9A           (./generated-code/):00187 [3]     831             LDD #$ee9a
A1B3 EDC8B0           (./generated-code/):00188 [6]     837             STD -80,U
A1B6 C699             (./generated-code/):00189 [2]     839             LDB #$99
A1B8 EDC8D8           (./generated-code/):00190 [6]     845             STD -40,U
A1BB 863C             (./generated-code/):00191 [2]     847             LDA #$3c
A1BD EDC4             (./generated-code/):00192 [5]     852             STD ,U
A1BF 86DC             (./generated-code/):00193 [2]     854             LDA #$dc
A1C1 EDC828           (./generated-code/):00194 [6]     860             STD 40,U
A1C4 33C90119         (./generated-code/):00195 [8]     868             LEAU 281,U
                      (./generated-code/):00196                 
A1C8 ECC887           (./generated-code/):00197 [6]     874             LDD -121,U
A1CB 3406             (./generated-code/):00198 [7]     881             PSHS D
A1CD 86DE             (./generated-code/):00199 [2]     883             LDA #$de
A1CF C40F             (./generated-code/):00200 [2]     885             ANDB #$0F
A1D1 CAA0             (./generated-code/):00201 [2]     887             ORB #$a0
A1D3 EDC887           (./generated-code/):00202 [6]     893             STD -121,U
A1D6 ECC8D7           (./generated-code/):00203 [6]     899             LDD -41,U
A1D9 3406             (./generated-code/):00204 [7]     906             PSHS D
A1DB 86EE             (./generated-code/):00205 [2]     908             LDA #$ee
A1DD C4F0             (./generated-code/):00206 [2]     910             ANDB #$F0
A1DF CA0A             (./generated-code/):00207 [2]     912             ORB #$0a
A1E1 EDC8D7           (./generated-code/):00208 [6]     918             STD -41,U
A1E4 EC5F             (./generated-code/):00209 [6]     924             LDD -1,U
A1E6 3406             (./generated-code/):00210 [7]     931             PSHS D
A1E8 86E3             (./generated-code/):00211 [2]     933             LDA #$e3
A1EA C4F0             (./generated-code/):00212 [2]     935             ANDB #$F0
A1EC CA0A             (./generated-code/):00213 [2]     937             ORB #$0a
A1EE ED5F             (./generated-code/):00214 [6]     943             STD -1,U
A1F0 ECC827           (./generated-code/):00215 [6]     949             LDD 39,U
A1F3 3406             (./generated-code/):00216 [7]     956             PSHS D
A1F5 8633             (./generated-code/):00217 [2]     958             LDA #$33
A1F7 C4F0             (./generated-code/):00218 [2]     960             ANDB #$F0
A1F9 CA0E             (./generated-code/):00219 [2]     962             ORB #$0e
A1FB EDC827           (./generated-code/):00220 [6]     968             STD 39,U
A1FE ECC84F           (./generated-code/):00221 [6]     974             LDD 79,U
A201 3406             (./generated-code/):00222 [7]     981             PSHS D
A203 86E3             (./generated-code/):00223 [2]     983             LDA #$e3
A205 C4F0             (./generated-code/):00224 [2]     985             ANDB #$F0
A207 CA0E             (./generated-code/):00225 [2]     987             ORB #$0e
A209 EDC84F           (./generated-code/):00226 [6]     993             STD 79,U
A20C ECC877           (./generated-code/):00227 [6]     999             LDD 119,U
A20F 3406             (./generated-code/):00228 [7]     1006            PSHS D
A211 86EE             (./generated-code/):00229 [2]     1008            LDA #$ee
A213 C4F0             (./generated-code/):00230 [2]     1010            ANDB #$F0
A215 CA0F             (./generated-code/):00231 [2]     1012            ORB #$0f
A217 EDC877           (./generated-code/):00232 [6]     1018            STD 119,U
A21A AEC8AF           (./generated-code/):00233 [6]     1024            LDX -81,U
A21D 3410             (./generated-code/):00234 [7]     1031            PSHS X
A21F CCDEA9           (./generated-code/):00235 [3]     1034            LDD #$dea9
A222 EDC8AF           (./generated-code/):00236 [6]     1040            STD -81,U
A225 A6C829           (./generated-code/):00237 [5]     1045            LDA 41,U
A228 3402             (./generated-code/):00238 [6]     1051            PSHS A
A22A 840F             (./generated-code/):00239 [2]     1053            ANDA #$0F
A22C 8AD0             (./generated-code/):00240 [2]     1055            ORA #$d0
A22E A7C829           (./generated-code/):00241 [5]     1060            STA 41,U
A231 A6C851           (./generated-code/):00242 [5]     1065            LDA 81,U
A234 3402             (./generated-code/):00243 [6]     1071            PSHS A
A236 840F             (./generated-code/):00244 [2]     1073            ANDA #$0F
A238 8A30             (./generated-code/):00245 [2]     1075            ORA #$30
A23A A7C851           (./generated-code/):00246 [5]     1080            STA 81,U
A23D A6C879           (./generated-code/):00247 [5]     1085            LDA 121,U
A240 3442             (./generated-code/):00248 [8]     1093            PSHS U,A
A242 840F             (./generated-code/):00249 [2]     1095            ANDA #$0F
A244 8A30             (./generated-code/):00250 [2]     1097            ORA #$30
A246 A7C879           (./generated-code/):00251 [5]     1102            STA 121,U
A249 33C90118         (./generated-code/):00252 [8]     1110            LEAU 280,U
                      (./generated-code/):00253                 
A24D ECC8D7           (./generated-code/):00254 [6]     1116            LDD -41,U
A250 3406             (./generated-code/):00255 [7]     1123            PSHS D
A252 840F             (./generated-code/):00256 [2]     1125            ANDA #$0F
A254 8AD0             (./generated-code/):00257 [2]     1127            ORA #$d0
A256 C6FE             (./generated-code/):00258 [2]     1129            LDB #$fe
A258 EDC8D7           (./generated-code/):00259 [6]     1135            STD -41,U
A25B A6C4             (./generated-code/):00260 [4]     1139            LDA ,U
A25D E6C878           (./generated-code/):00261 [5]     1144            LDB 120,U
A260 3406             (./generated-code/):00262 [7]     1151            PSHS B,A
A262 ECC8AF           (./generated-code/):00263 [6]     1157            LDD -81,U
A265 3406             (./generated-code/):00264 [7]     1164            PSHS D
A267 840F             (./generated-code/):00265 [2]     1166            ANDA #$0F
A269 C4F0             (./generated-code/):00266 [2]     1168            ANDB #$F0
A26B C33003           (./generated-code/):00267 [4]     1172            ADDD #$3003
A26E EDC8AF           (./generated-code/):00268 [6]     1178            STD -81,U
A271 A6C889           (./generated-code/):00269 [5]     1183            LDA -119,U
A274 3402             (./generated-code/):00270 [6]     1189            PSHS A
A276 840F             (./generated-code/):00271 [2]     1191            ANDA #$0F
A278 8A30             (./generated-code/):00272 [2]     1193            ORA #$30
A27A A7C889           (./generated-code/):00273 [5]     1198            STA -119,U
A27D A6C8B1           (./generated-code/):00274 [5]     1203            LDA -79,U
A280 3402             (./generated-code/):00275 [6]     1209            PSHS A
A282 840F             (./generated-code/):00276 [2]     1211            ANDA #$0F
A284 8A30             (./generated-code/):00277 [2]     1213            ORA #$30
A286 A7C8B1           (./generated-code/):00278 [5]     1218            STA -79,U
A289 A6C8D9           (./generated-code/):00279 [5]     1223            LDA -39,U
A28C 3402             (./generated-code/):00280 [6]     1229            PSHS A
A28E 840F             (./generated-code/):00281 [2]     1231            ANDA #$0F
A290 8AD0             (./generated-code/):00282 [2]     1233            ORA #$d0
A292 A7C8D9           (./generated-code/):00283 [5]     1238            STA -39,U
A295 ECC887           (./generated-code/):00284 [6]     1244            LDD -121,U
A298 3406             (./generated-code/):00285 [7]     1251            PSHS D
A29A 863D             (./generated-code/):00286 [2]     1253            LDA #$3d
A29C C4F0             (./generated-code/):00287 [2]     1255            ANDB #$F0
A29E CA0F             (./generated-code/):00288 [2]     1257            ORB #$0f
A2A0 EDC887           (./generated-code/):00289 [6]     1263            STD -121,U
A2A3 A6C850           (./generated-code/):00290 [5]     1268            LDA 80,U
A2A6 E6C828           (./generated-code/):00291 [5]     1273            LDB 40,U
A2A9 3446             (./generated-code/):00292 [9]     1282            PSHS U,B,A
A2AB 86DD             (./generated-code/):00293 [2]     1284            LDA #$dd
A2AD A7C878           (./generated-code/):00294 [5]     1289            STA 120,U
A2B0 86BB             (./generated-code/):00295 [2]     1291            LDA #$bb
A2B2 A7C828           (./generated-code/):00296 [5]     1296            STA 40,U
A2B5 A7C850           (./generated-code/):00297 [5]     1301            STA 80,U
A2B8 86CF             (./generated-code/):00298 [2]     1303            LDA #$cf
A2BA A7C4             (./generated-code/):00299 [4]     1307            STA ,U
                      (./generated-code/):00300                 
A2BC DEFC             (./generated-code/):00301 [5]     1312            LDU <glb_screen_location_1
A2BE 33C9FD58         (./generated-code/):00302 [8]     1320            LEAU -680,U
                      (./generated-code/):00303                 
A2C2 A641             (./generated-code/):00304 [5]     1325            LDA 1,U
A2C4 E6C8B0           (./generated-code/):00305 [5]     1330            LDB -80,U
A2C7 AEC8D8           (./generated-code/):00306 [6]     1336            LDX -40,U
A2CA 10AEC84F         (./generated-code/):00307 [7]     1343            LDY 79,U
A2CE 3436             (./generated-code/):00308 [11]    1354            PSHS Y,X,B,A
A2D0 ECC827           (./generated-code/):00309 [6]     1360            LDD 39,U
A2D3 3406             (./generated-code/):00310 [7]     1367            PSHS D
A2D5 CCAA99           (./generated-code/):00311 [3]     1370            LDD #$aa99
A2D8 EDC84F           (./generated-code/):00312 [6]     1376            STD 79,U
A2DB A7C8B0           (./generated-code/):00313 [5]     1381            STA -80,U
A2DE C6AA             (./generated-code/):00314 [2]     1383            LDB #$aa
A2E0 EDC8D8           (./generated-code/):00315 [6]     1389            STD -40,U
A2E3 86A9             (./generated-code/):00316 [2]     1391            LDA #$a9
A2E5 A741             (./generated-code/):00317 [5]     1396            STA 1,U
A2E7 EC5F             (./generated-code/):00318 [6]     1402            LDD -1,U
A2E9 3406             (./generated-code/):00319 [7]     1409            PSHS D
A2EB 840F             (./generated-code/):00320 [2]     1411            ANDA #$0F
A2ED 8A90             (./generated-code/):00321 [2]     1413            ORA #$90
A2EF C6AA             (./generated-code/):00322 [2]     1415            LDB #$aa
A2F1 ED5F             (./generated-code/):00323 [6]     1421            STD -1,U
A2F3 CC9A9A           (./generated-code/):00324 [3]     1424            LDD #$9a9a
A2F6 EDC827           (./generated-code/):00325 [6]     1430            STD 39,U
A2F9 A6C829           (./generated-code/):00326 [5]     1435            LDA 41,U
A2FC 3442             (./generated-code/):00327 [8]     1443            PSHS U,A
A2FE 840F             (./generated-code/):00328 [2]     1445            ANDA #$0F
A300 8A90             (./generated-code/):00329 [2]     1447            ORA #$90
A302 A7C829           (./generated-code/):00330 [5]     1452            STA 41,U
A305 33C900EF         (./generated-code/):00331 [8]     1460            LEAU 239,U
                      (./generated-code/):00332                 
A309 AEC888           (./generated-code/):00333 [6]     1466            LDX -120,U
A30C 10AEC8B0         (./generated-code/):00334 [7]     1473            LDY -80,U
A310 3430             (./generated-code/):00335 [9]     1482            PSHS Y,X
A312 ECC8D8           (./generated-code/):00336 [6]     1488            LDD -40,U
A315 3406             (./generated-code/):00337 [7]     1495            PSHS D
A317 CCAA99           (./generated-code/):00338 [3]     1498            LDD #$aa99
A31A EDC888           (./generated-code/):00339 [6]     1504            STD -120,U
A31D C6C9             (./generated-code/):00340 [2]     1506            LDB #$c9
A31F EDC8B0           (./generated-code/):00341 [6]     1512            STD -80,U
A322 C6AA             (./generated-code/):00342 [2]     1514            LDB #$aa
A324 EDC8D8           (./generated-code/):00343 [6]     1520            STD -40,U
A327 3712             (./generated-code/):00344 [8]     1528            PULU A,X
A329 3452             (./generated-code/):00345 [10]    1538            PSHS U,X,A
A32B 86AE             (./generated-code/):00346 [2]     1540            LDA #$ae
A32D 8EAAAA           (./generated-code/):00347 [3]     1543            LDX #$aaaa
A330 3612             (./generated-code/):00348 [8]     1551            PSHU A,X
A332 33C828           (./generated-code/):00349 [5]     1556            LEAU 40,U
                      (./generated-code/):00350                 
A335 3712             (./generated-code/):00351 [8]     1564            PULU A,X
A337 3452             (./generated-code/):00352 [10]    1574            PSHS U,X,A
A339 86EF             (./generated-code/):00353 [2]     1576            LDA #$ef
A33B 8EAAAA           (./generated-code/):00354 [3]     1579            LDX #$aaaa
A33E 3612             (./generated-code/):00355 [8]     1587            PSHU A,X
A340 33C828           (./generated-code/):00356 [5]     1592            LEAU 40,U
                      (./generated-code/):00357                 
A343 3712             (./generated-code/):00358 [8]     1600            PULU A,X
A345 3452             (./generated-code/):00359 [10]    1610            PSHS U,X,A
A347 86FF             (./generated-code/):00360 [2]     1612            LDA #$ff
A349 8EAA99           (./generated-code/):00361 [3]     1615            LDX #$aa99
A34C 3612             (./generated-code/):00362 [8]     1623            PSHU A,X
A34E 33C828           (./generated-code/):00363 [5]     1628            LEAU 40,U
                      (./generated-code/):00364                 
A351 AEC828           (./generated-code/):00365 [6]     1634            LDX 40,U
A354 10AEC850         (./generated-code/):00366 [7]     1641            LDY 80,U
A358 3430             (./generated-code/):00367 [9]     1650            PSHS Y,X
A35A EDC828           (./generated-code/):00368 [6]     1656            STD 40,U
A35D EDC850           (./generated-code/):00369 [6]     1662            STD 80,U
A360 ECC878           (./generated-code/):00370 [6]     1668            LDD 120,U
A363 3406             (./generated-code/):00371 [7]     1675            PSHS D
A365 CCFAAA           (./generated-code/):00372 [3]     1678            LDD #$faaa
A368 EDC878           (./generated-code/):00373 [6]     1684            STD 120,U
A36B 3712             (./generated-code/):00374 [8]     1692            PULU A,X
A36D 3452             (./generated-code/):00375 [10]    1702            PSHS U,X,A
A36F 86FF             (./generated-code/):00376 [2]     1704            LDA #$ff
A371 8EAA99           (./generated-code/):00377 [3]     1707            LDX #$aa99
A374 3612             (./generated-code/):00378 [8]     1715            PSHU A,X
A376 33C900C8         (./generated-code/):00379 [8]     1723            LEAU 200,U
                      (./generated-code/):00380                 
A37A AEC8D8           (./generated-code/):00381 [6]     1729            LDX -40,U
A37D 3410             (./generated-code/):00382 [7]     1736            PSHS X
A37F 86CF             (./generated-code/):00383 [2]     1738            LDA #$cf
A381 EDC8D8           (./generated-code/):00384 [6]     1744            STD -40,U
A384 A6C8DA           (./generated-code/):00385 [5]     1749            LDA -38,U
A387 3402             (./generated-code/):00386 [6]     1755            PSHS A
A389 840F             (./generated-code/):00387 [2]     1757            ANDA #$0F
A38B 8AA0             (./generated-code/):00388 [2]     1759            ORA #$a0
A38D A7C8DA           (./generated-code/):00389 [5]     1764            STA -38,U
A390 3712             (./generated-code/):00390 [8]     1772            PULU A,X
A392 3452             (./generated-code/):00391 [10]    1782            PSHS U,X,A
A394 86CE             (./generated-code/):00392 [2]     1784            LDA #$ce
A396 8EA9AA           (./generated-code/):00393 [3]     1787            LDX #$a9aa
A399 3612             (./generated-code/):00394 [8]     1795            PSHU A,X
A39B 33C828           (./generated-code/):00395 [5]     1800            LEAU 40,U
                      (./generated-code/):00396                 
A39E 3712             (./generated-code/):00397 [8]     1808            PULU A,X
A3A0 3452             (./generated-code/):00398 [10]    1818            PSHS U,X,A
A3A2 86EF             (./generated-code/):00399 [2]     1820            LDA #$ef
A3A4 8E999A           (./generated-code/):00400 [3]     1823            LDX #$999a
A3A7 3612             (./generated-code/):00401 [8]     1831            PSHU A,X
A3A9 33C828           (./generated-code/):00402 [5]     1836            LEAU 40,U
                      (./generated-code/):00403                 
A3AC AEC828           (./generated-code/):00404 [6]     1842            LDX 40,U
A3AF C6C3             (./generated-code/):00405 [2]     1844            LDB #$c3
A3B1 EDC828           (./generated-code/):00406 [6]     1850            STD 40,U
A3B4 10AEC850         (./generated-code/):00407 [7]     1857            LDY 80,U
A3B8 3430             (./generated-code/):00408 [9]     1866            PSHS Y,X
A3BA CCEEE3           (./generated-code/):00409 [3]     1869            LDD #$eee3
A3BD EDC850           (./generated-code/):00410 [6]     1875            STD 80,U
A3C0 ECC878           (./generated-code/):00411 [6]     1881            LDD 120,U
A3C3 3406             (./generated-code/):00412 [7]     1888            PSHS D
A3C5 84F0             (./generated-code/):00413 [2]     1890            ANDA #$F0
A3C7 8A0E             (./generated-code/):00414 [2]     1892            ORA #$0e
A3C9 C639             (./generated-code/):00415 [2]     1894            LDB #$39
A3CB EDC878           (./generated-code/):00416 [6]     1900            STD 120,U
A3CE 3712             (./generated-code/):00417 [8]     1908            PULU A,X
A3D0 3452             (./generated-code/):00418 [10]    1918            PSHS U,X,A
A3D2 86FF             (./generated-code/):00419 [2]     1920            LDA #$ff
A3D4 8ED999           (./generated-code/):00420 [3]     1923            LDX #$d999
A3D7 3612             (./generated-code/):00421 [8]     1931            PSHU A,X
A3D9 33C90119         (./generated-code/):00422 [8]     1939            LEAU 281,U
                      (./generated-code/):00423                 
A3DD ECC888           (./generated-code/):00424 [6]     1945            LDD -120,U
A3E0 3406             (./generated-code/):00425 [7]     1952            PSHS D
A3E2 86EA             (./generated-code/):00426 [2]     1954            LDA #$ea
A3E4 C40F             (./generated-code/):00427 [2]     1956            ANDB #$0F
A3E6 CAA0             (./generated-code/):00428 [2]     1958            ORB #$a0
A3E8 EDC888           (./generated-code/):00429 [6]     1964            STD -120,U
A3EB ECC8AF           (./generated-code/):00430 [6]     1970            LDD -81,U
A3EE 3406             (./generated-code/):00431 [7]     1977            PSHS D
A3F0 84F0             (./generated-code/):00432 [2]     1979            ANDA #$F0
A3F2 8A0A             (./generated-code/):00433 [2]     1981            ORA #$0a
A3F4 C6CA             (./generated-code/):00434 [2]     1983            LDB #$ca
A3F6 EDC8AF           (./generated-code/):00435 [6]     1989            STD -81,U
A3F9 ECC8D7           (./generated-code/):00436 [6]     1995            LDD -41,U
A3FC 3406             (./generated-code/):00437 [7]     2002            PSHS D
A3FE 84F0             (./generated-code/):00438 [2]     2004            ANDA #$F0
A400 8A09             (./generated-code/):00439 [2]     2006            ORA #$09
A402 C6EA             (./generated-code/):00440 [2]     2008            LDB #$ea
A404 EDC8D7           (./generated-code/):00441 [6]     2014            STD -41,U
A407 EC5F             (./generated-code/):00442 [6]     2020            LDD -1,U
A409 3406             (./generated-code/):00443 [7]     2027            PSHS D
A40B 84F0             (./generated-code/):00444 [2]     2029            ANDA #$F0
A40D 8A09             (./generated-code/):00445 [2]     2031            ORA #$09
A40F C699             (./generated-code/):00446 [2]     2033            LDB #$99
A411 ED5F             (./generated-code/):00447 [6]     2039            STD -1,U
A413 ECC827           (./generated-code/):00448 [6]     2045            LDD 39,U
A416 3406             (./generated-code/):00449 [7]     2052            PSHS D
A418 84F0             (./generated-code/):00450 [2]     2054            ANDA #$F0
A41A C40F             (./generated-code/):00451 [2]     2056            ANDB #$0F
A41C C30AD0           (./generated-code/):00452 [4]     2060            ADDD #$0ad0
A41F EDC827           (./generated-code/):00453 [6]     2066            STD 39,U
A422 A6C878           (./generated-code/):00454 [5]     2071            LDA 120,U
A425 E6C8B1           (./generated-code/):00455 [5]     2076            LDB -79,U
A428 3406             (./generated-code/):00456 [7]     2083            PSHS B,A
A42A C40F             (./generated-code/):00457 [2]     2085            ANDB #$0F
A42C CA90             (./generated-code/):00458 [2]     2087            ORB #$90
A42E E7C8B1           (./generated-code/):00459 [5]     2092            STB -79,U
A431 A6C850           (./generated-code/):00460 [5]     2097            LDA 80,U
A434 3442             (./generated-code/):00461 [8]     2105            PSHS U,A
A436 840F             (./generated-code/):00462 [2]     2107            ANDA #$0F
A438 8A30             (./generated-code/):00463 [2]     2109            ORA #$30
A43A A7C850           (./generated-code/):00464 [5]     2114            STA 80,U
A43D 863D             (./generated-code/):00465 [2]     2116            LDA #$3d
A43F A7C878           (./generated-code/):00466 [5]     2121            STA 120,U
A442 33C90119         (./generated-code/):00467 [8]     2129            LEAU 281,U
                      (./generated-code/):00468                 
A446 ECC8AF           (./generated-code/):00469 [6]     2135            LDD -81,U
A449 3406             (./generated-code/):00470 [7]     2142            PSHS D
A44B 840F             (./generated-code/):00471 [2]     2144            ANDA #$0F
A44D 8A30             (./generated-code/):00472 [2]     2146            ORA #$30
A44F C6AE             (./generated-code/):00473 [2]     2148            LDB #$ae
A451 EDC8AF           (./generated-code/):00474 [6]     2154            STD -81,U
A454 A6C84E           (./generated-code/):00475 [5]     2159            LDA 78,U
A457 E6C4             (./generated-code/):00476 [4]     2163            LDB ,U
A459 3406             (./generated-code/):00477 [7]     2170            PSHS B,A
A45B A6C850           (./generated-code/):00478 [5]     2175            LDA 80,U
A45E E6C8D8           (./generated-code/):00479 [5]     2180            LDB -40,U
A461 AEC887           (./generated-code/):00480 [6]     2186            LDX -121,U
A464 3416             (./generated-code/):00481 [9]     2195            PSHS X,B,A
A466 ECC8D6           (./generated-code/):00482 [6]     2201            LDD -42,U
A469 3406             (./generated-code/):00483 [7]     2208            PSHS D
A46B 84F0             (./generated-code/):00484 [2]     2210            ANDA #$F0
A46D C40F             (./generated-code/):00485 [2]     2212            ANDB #$0F
A46F C303D0           (./generated-code/):00486 [4]     2216            ADDD #$03d0
A472 EDC8D6           (./generated-code/):00487 [6]     2222            STD -42,U
A475 A6C876           (./generated-code/):00488 [5]     2227            LDA 118,U
A478 E65E             (./generated-code/):00489 [5]     2232            LDB -2,U
A47A 3406             (./generated-code/):00490 [7]     2239            PSHS B,A
A47C C4F0             (./generated-code/):00491 [2]     2241            ANDB #$F0
A47E CA03             (./generated-code/):00492 [2]     2243            ORB #$03
A480 E75E             (./generated-code/):00493 [5]     2248            STB -2,U
A482 A6C826           (./generated-code/):00494 [5]     2253            LDA 38,U
A485 3402             (./generated-code/):00495 [6]     2259            PSHS A
A487 84F0             (./generated-code/):00496 [2]     2261            ANDA #$F0
A489 8A03             (./generated-code/):00497 [2]     2263            ORA #$03
A48B A7C826           (./generated-code/):00498 [5]     2268            STA 38,U
A48E 86FE             (./generated-code/):00499 [2]     2270            LDA #$fe
A490 A7C4             (./generated-code/):00500 [4]     2274            STA ,U
A492 CC3D9E           (./generated-code/):00501 [3]     2277            LDD #$3d9e
A495 EDC887           (./generated-code/):00502 [6]     2283            STD -121,U
A498 863B             (./generated-code/):00503 [2]     2285            LDA #$3b
A49A A7C850           (./generated-code/):00504 [5]     2290            STA 80,U
A49D A6C828           (./generated-code/):00505 [5]     2295            LDA 40,U
A4A0 E6C878           (./generated-code/):00506 [5]     2300            LDB 120,U
A4A3 3446             (./generated-code/):00507 [9]     2309            PSHS U,B,A
A4A5 86EB             (./generated-code/):00508 [2]     2311            LDA #$eb
A4A7 A7C828           (./generated-code/):00509 [5]     2316            STA 40,U
A4AA 8633             (./generated-code/):00510 [2]     2318            LDA #$33
A4AC A7C84E           (./generated-code/):00511 [5]     2323            STA 78,U
A4AF A7C876           (./generated-code/):00512 [5]     2328            STA 118,U
A4B2 86AE             (./generated-code/):00513 [2]     2330            LDA #$ae
A4B4 A7C8D8           (./generated-code/):00514 [5]     2335            STA -40,U
A4B7 86BB             (./generated-code/):00515 [2]     2337            LDA #$bb
A4B9 A7C878           (./generated-code/):00516 [5]     2342            STA 120,U
A4BC 33C900DB         (./generated-code/):00517 [8]     2350            LEAU 219,U
                      (./generated-code/):00518                 
A4C0 ECC8C3           (./generated-code/):00519 [6]     2356            LDD -61,U
A4C3 3406             (./generated-code/):00520 [7]     2363            PSHS D
A4C5 863D             (./generated-code/):00521 [2]     2365            LDA #$3d
A4C7 C4F0             (./generated-code/):00522 [2]     2367            ANDB #$F0
A4C9 CA0B             (./generated-code/):00523 [2]     2369            ORB #$0b
A4CB EDC8C3           (./generated-code/):00524 [6]     2375            STD -61,U
A4CE ECC814           (./generated-code/):00525 [6]     2381            LDD 20,U
A4D1 3406             (./generated-code/):00526 [7]     2388            PSHS D
A4D3 86BB             (./generated-code/):00527 [2]     2390            LDA #$bb
A4D5 C40F             (./generated-code/):00528 [2]     2392            ANDB #$0F
A4D7 CAE0             (./generated-code/):00529 [2]     2394            ORB #$e0
A4D9 EDC814           (./generated-code/):00530 [6]     2400            STD 20,U
A4DC ECC83C           (./generated-code/):00531 [6]     2406            LDD 60,U
A4DF 3406             (./generated-code/):00532 [7]     2413            PSHS D
A4E1 86DD             (./generated-code/):00533 [2]     2415            LDA #$dd
A4E3 C40F             (./generated-code/):00534 [2]     2417            ANDB #$0F
A4E5 CAD0             (./generated-code/):00535 [2]     2419            ORB #$d0
A4E7 EDC83C           (./generated-code/):00536 [6]     2425            STD 60,U
A4EA ECC8EB           (./generated-code/):00537 [6]     2431            LDD -21,U
A4ED 3406             (./generated-code/):00538 [7]     2438            PSHS D
A4EF 840F             (./generated-code/):00539 [2]     2440            ANDA #$0F
A4F1 C4F0             (./generated-code/):00540 [2]     2442            ANDB #$F0
A4F3 C3D00C           (./generated-code/):00541 [4]     2446            ADDD #$d00c
A4F6 EDC8EB           (./generated-code/):00542 [6]     2452            STD -21,U
A4F9 A6C8C5           (./generated-code/):00543 [5]     2457            LDA -59,U
A4FC E6C8ED           (./generated-code/):00544 [5]     2462            LDB -19,U
A4FF 3446             (./generated-code/):00545 [9]     2471            PSHS U,B,A
A501 86BB             (./generated-code/):00546 [2]     2473            LDA #$bb
A503 A7C8C5           (./generated-code/):00547 [5]     2478            STA -59,U
A506 86ED             (./generated-code/):00548 [2]     2480            LDA #$ed
A508 A7C8ED           (./generated-code/):00549 [5]     2485            STA -19,U
A50B 33E4             (./generated-code/):00550 [4]     2489            LEAU ,S
A50D                  (./generated-code/):00551                 SSAV_Img_sonic_020_0
A50D 10FE9FFE         (./generated-code/):00552 [7]     2496            LDS glb_register_s
A511 39               (./generated-code/):00553 [5]     2501            RTS
                      (./generated-code/):00554                 
