                      (./generated-code/):00001                 INCLUDE "./Engine/Constants.asm"
                      (./Engine/Constant):00001         * ---------------------------------------------------------------------------
                      (./Engine/Constant):00002         * Constants
                      (./Engine/Constant):00003         *
                      (./Engine/Constant):00004         * Naming convention
                      (./Engine/Constant):00005         * -----------------
                      (./Engine/Constant):00006         * - lower case
                      (./Engine/Constant):00007         * - underscore-separated names
                      (./Engine/Constant):00008         *
                      (./Engine/Constant):00009         * ---------------------------------------------------------------------------
                      (./Engine/Constant):00010         
                      (./Engine/Constant):00011         * ===========================================================================
                      (./Engine/Constant):00012         * TO8 Registers
                      (./Engine/Constant):00013         * ===========================================================================
                      (./Engine/Constant):00014         
                      (./Engine/Constant):00015         ; Disk routine registers (ROM)
                      (./Engine/Constant):00016         
     6049             (./Engine/Constant):00017         dk_drive                      equ $6049
     604A             (./Engine/Constant):00018         dk_track                      equ $604A
     604B             (./Engine/Constant):00019         dk_track_lsb                  equ $604B
     604C             (./Engine/Constant):00020         dk_sector                     equ $604C
     604F             (./Engine/Constant):00021         dk_write_location             equ $604F
                      (./Engine/Constant):00022         
                      (./Engine/Constant):00023         * ===========================================================================
                      (./Engine/Constant):00024         * Globals
                      (./Engine/Constant):00025         * ===========================================================================
                      (./Engine/Constant):00026         
     009F             (./Engine/Constant):00027         glb_direct_page               equ $9F    ; direct page for globals
                      (./Engine/Constant):00028         
                      (./Engine/Constant):00029         ; compilated sprite
     9FFE             (./Engine/Constant):00030         glb_register_s                equ $9FFE  ; reverved space to store S from ROM routines
                      (./Engine/Constant):00031         
                      (./Engine/Constant):00032         ; DrawSprites
     9FFC             (./Engine/Constant):00033         glb_screen_location_1         equ $9FFC  ; start address for rendering of current sprite Part1     
     9FFA             (./Engine/Constant):00034         glb_screen_location_2         equ $9FFA  ; start address for rendering of current sprite Part2 (Must follow Part1)
                      (./Engine/Constant):00035         
                      (./Engine/Constant):00036         ; CheckSpritesRefresh
     9FF9             (./Engine/Constant):00037         glb_cur_priority              equ $9FF9
     9FF7             (./Engine/Constant):00038         glb_cur_ptr_sub_obj_erase     equ $9FF7
     9FF5             (./Engine/Constant):00039         glb_cur_ptr_sub_obj_draw      equ $9FF5
     9FF3             (./Engine/Constant):00040         glb_camera_x_pos              equ $9FF3 ; camera x position in palyfield coordinates
     9FF1             (./Engine/Constant):00041         glb_camera_y_pos              equ $9FF1 ; camera y position in palyfield coordinates
     9FEF             (./Engine/Constant):00042         glb_camera_x_min_pos          equ $9FEF
     9FED             (./Engine/Constant):00043         glb_camera_y_min_pos          equ $9FED
     9FEB             (./Engine/Constant):00044         glb_camera_x_max_pos          equ $9FEB
     9FE9             (./Engine/Constant):00045         glb_camera_y_max_pos          equ $9FE9
     9FE8             (./Engine/Constant):00046         glb_force_sprite_refresh      equ $9FE8
     9FE7             (./Engine/Constant):00047         glb_camera_move               equ $9FE7
     9FE6             (./Engine/Constant):00048         glb_alphaTiles                equ $9FE6
     9F00             (./Engine/Constant):00049         glb_tmp_var                   equ $9F00 ; custom tmp var space for routine
     9F00             (./Engine/Constant):00050         glb_system_stack              equ $9F00
                      (./Engine/Constant):00051         
                      (./Engine/Constant):00052         * ===========================================================================
                      (./Engine/Constant):00053         * Display Constants
                      (./Engine/Constant):00054         * ===========================================================================
                      (./Engine/Constant):00055         
     00A0             (./Engine/Constant):00056         screen_width                  equ 160    ; in pixel
     001C             (./Engine/Constant):00057         screen_top                    equ 28     ; in pixel
     00E3             (./Engine/Constant):00058         screen_bottom                 equ 28+199 ; in pixel
     0030             (./Engine/Constant):00059         screen_left                   equ 48     ; in pixel
     00CF             (./Engine/Constant):00060         screen_right                  equ 48+159 ; in pixel
     0008             (./Engine/Constant):00061         nb_priority_levels            equ 8      ; number of priority levels (need code change if modified)
                      (./Engine/Constant):00062         
                      (./Engine/Constant):00063         * ===========================================================================
                      (./Engine/Constant):00064         * Images Constants
                      (./Engine/Constant):00065         * ===========================================================================
                      (./Engine/Constant):00066         
     0004             (./Engine/Constant):00067         image_x_size                  equ 4
     0005             (./Engine/Constant):00068         image_y_size                  equ 5
     0006             (./Engine/Constant):00069         image_center_offset           equ 6
                      (./Engine/Constant):00070         
     0004             (./Engine/Constant):00071         image_subset_x1_offset        equ 4
     0005             (./Engine/Constant):00072         image_subset_y1_offset        equ 5
                      (./Engine/Constant):00073         
     0000             (./Engine/Constant):00074         page_draw_routine             equ 0
     0001             (./Engine/Constant):00075         draw_routine                  equ 1
     0003             (./Engine/Constant):00076         page_erase_routine            equ 3
     0004             (./Engine/Constant):00077         erase_routine                 equ 4
     0006             (./Engine/Constant):00078         erase_nb_cell                 equ 6
                      (./Engine/Constant):00079         
                      (./Engine/Constant):00080         * ===========================================================================
                      (./Engine/Constant):00081         * Sound Constants
                      (./Engine/Constant):00082         * ===========================================================================
                      (./Engine/Constant):00083         
     0000             (./Engine/Constant):00084         sound_page        equ 0
     0001             (./Engine/Constant):00085         sound_start_addr  equ 1
     0003             (./Engine/Constant):00086         sound_end_addr    equ 3
     0005             (./Engine/Constant):00087         sound_meta_size   equ 5
                      (./Engine/Constant):00088         
                      (./Engine/Constant):00089         * ===========================================================================
                      (./Engine/Constant):00090         * Object Constants
                      (./Engine/Constant):00091         * ===========================================================================
                      (./Engine/Constant):00092         
     005D             (./Engine/Constant):00093         object_core_size              equ 93  ; the size of an object without ext_vars - DEPENDENCY ClearObj routine
     ????             (./Engine/Constant):00094         object_size                   equ object_core_size+ext_variables_size ; the size of a dynamic object
     ????             (./Engine/Constant):00095         next_object                   equ object_size
     005D             (./Engine/Constant):00096         ext_variables                 equ object_core_size ; start of reserved space for additionnal variables
                      (./Engine/Constant):00097         
     0000             (./Engine/Constant):00098         id                            equ 0           ; reference to object model id (ObjID_) (0: free slot)
     0001             (./Engine/Constant):00099         subtype                       equ 1           ; reference to object subtype (Sub_)
     0002             (./Engine/Constant):00100         render_flags                  equ 2
                      (./Engine/Constant):00101         
                      (./Engine/Constant):00102         * --- render_flags bitfield variables ---
     0001             (./Engine/Constant):00103         render_xmirror_mask           equ $01 ; (bit 0) DEPENDENCY should be bit 0 - tell display engine to mirror sprite on horizontal axis
     0002             (./Engine/Constant):00104         render_ymirror_mask           equ $02 ; (bit 1) DEPENDENCY should be bit 1 - tell display engine to mirror sprite on vertical axis
     0004             (./Engine/Constant):00105         render_overlay_mask           equ $04 ; (bit 2) DEPENDENCY should be bit 2 - compilated sprite with no background save
     0008             (./Engine/Constant):00106         render_motionless_mask        equ $08 ; (bit 3) tell display engine to compute sub image and position check only once until the flag is removed  
     0010             (./Engine/Constant):00107         render_playfieldcoord_mask    equ $10 ; (bit 4) tell display engine to use playfield (1) or screen (0) coordinates
     0020             (./Engine/Constant):00108         render_hide_mask              equ $20 ; (bit 5) tell display engine to hide sprite (keep priority and mapping_frame)
     0040             (./Engine/Constant):00109         render_todelete_mask          equ $40 ; (bit 6) tell display engine to delete sprite and clear OST for this object
     0080             (./Engine/Constant):00110         render_xloop_mask             equ $80 ; (bit 7) (screen coordinate) tell display engine to hide sprite when x is out of screen (0) or to display (1)  
                      (./Engine/Constant):00111          
     0003             (./Engine/Constant):00112         priority                      equ 3           ; display priority (0: nothing to display, 1:front, ..., 8:back)
     0004             (./Engine/Constant):00113         anim                          equ 4  ; and 5  ; reference to current animation (Ani_)
     0006             (./Engine/Constant):00114         prev_anim                     equ 6  ; and 7  ; reference to previous animation (Ani_)
     0008             (./Engine/Constant):00115         anim_frame                    equ 8           ; index of current frame in animation
     0009             (./Engine/Constant):00116         anim_frame_duration           equ 9           ; number of frames for each image in animation, range: 00-7F (0-127), 0 means display only during one frame
     000A             (./Engine/Constant):00117         anim_flags                    equ 10          ; byte offset to reference an anim_flags LUT (adv) / store a link flag (non adv)
                      (./Engine/Constant):00118         
                      (./Engine/Constant):00119         * --- anim_flags bitfield variables ---
     0001             (./Engine/Constant):00120         anim_link_mask                equ $01 ; (bit 0) if set, allow the load of a new animation without reseting anim_frame and anim_frame_duration
                      (./Engine/Constant):00121         
     000B             (./Engine/Constant):00122         status_flags                  equ 11          ; orientation of sprite, is applied to animation xmirror flag during AnimateSprite
                      (./Engine/Constant):00123         
                      (./Engine/Constant):00124         * --- status_flags bitfield variables ---
     0001             (./Engine/Constant):00125         status_xflip_mask             equ $01 ; (bit 0) X Flip
     0002             (./Engine/Constant):00126         status_yflip_mask             equ $02 ; (bit 1) Y Flip
                      (./Engine/Constant):00127         
     000C             (./Engine/Constant):00128         image_set                     equ 12 ; and 13 ; reference to current image (Img_) (0000 if no image)
     000E             (./Engine/Constant):00129         x_pos                         equ 14 ; and 15 ; x playfield coordinate
     0010             (./Engine/Constant):00130         x_sub                         equ 16          ; x subpixel (1/256 of a pixel), must follow x_pos in data structure
     0011             (./Engine/Constant):00131         y_pos                         equ 17 ; and 18 ; y playfield coordinate
     0013             (./Engine/Constant):00132         y_sub                         equ 19          ; y subpixel (1/256 of a pixel), must follow y_pos in data structure
     0014             (./Engine/Constant):00133         xy_pixel                      equ 20          ; x and y screen coordinate
     0014             (./Engine/Constant):00134         x_pixel                       equ 20          ; x screen coordinate
     0015             (./Engine/Constant):00135         y_pixel                       equ 21          ; y screen coordinate, must follow x_pixel
                      (./Engine/Constant):00136         ;x_offset                      equ 93          ; x screen coordinate offset that is applied at rendering
                      (./Engine/Constant):00137         ;y_offset                      equ 94          ; x screen coordinate offset that is applied at rendering
     0016             (./Engine/Constant):00138         x_vel                         equ 22 ; and 23 ; horizontal velocity
     0018             (./Engine/Constant):00139         y_vel                         equ 24 ; and 25 ; vertical velocity
     001A             (./Engine/Constant):00140         x_acl                         equ 26 ; and 27 ; horizontal gravity
     001C             (./Engine/Constant):00141         y_acl                         equ 28 ; and 29 ; vertical gravity
     001E             (./Engine/Constant):00142         routine                       equ 30          ; index of current object routine
     001F             (./Engine/Constant):00143         routine_secondary             equ 31          ; index of current secondary routine
     0020             (./Engine/Constant):00144         routine_tertiary              equ 32          ; index of current tertiary routine
     0021             (./Engine/Constant):00145         routine_quaternary            equ 33          ; index of current quaternary routine
                      (./Engine/Constant):00146         
                      (./Engine/Constant):00147         * ---------------------------------------------------------------------------
                      (./Engine/Constant):00148         * reserved variables (update by engine)
                      (./Engine/Constant):00149         
     0022             (./Engine/Constant):00150         rsv_render_flags              equ 34
                      (./Engine/Constant):00151         
                      (./Engine/Constant):00152         * --- rsv_render_flags bitfield variables ---
     0001             (./Engine/Constant):00153         rsv_render_checkrefresh_mask  equ $01 ; (bit 0) if erasesprite and display sprite flag are processed for this frame
     0002             (./Engine/Constant):00154         rsv_render_erasesprite_mask   equ $02 ; (bit 1) if a sprite need to be cleared on screen
     0004             (./Engine/Constant):00155         rsv_render_displaysprite_mask equ $04 ; (bit 2) if a sprite need to be rendered on screen
     0008             (./Engine/Constant):00156         rsv_render_outofrange_mask    equ $08 ; (bit 3) if a sprite is out of range for full rendering in screen
     0080             (./Engine/Constant):00157         rsv_render_onscreen_mask      equ $80 ; (bit 7) DEPENDENCY should be bit 7 - has been rendered on last screen buffer (may be 0 or 1)
                      (./Engine/Constant):00158         
     0023             (./Engine/Constant):00159         rsv_prev_anim                 equ 35 ; and 36 ; reference to previous animation (Ani_) w * UTILE ?
     0025             (./Engine/Constant):00160         rsv_image_center_offset       equ 37 ; 0 or 1 offset that indicate if image center is even or odd (DRS_XYToAddress)
     0026             (./Engine/Constant):00161         rsv_image_subset              equ 38 ; and 39 ; reference to current image regarding mirror flags w
     0028             (./Engine/Constant):00162         rsv_mapping_frame             equ 40 ; and 41 ; reference to current image regarding mirror flags, overlay flag and x precision w
     002A             (./Engine/Constant):00163         rsv_erase_nb_cell             equ 42 ; b 
     002B             (./Engine/Constant):00164         rsv_page_draw_routine         equ 43 ; b
     002C             (./Engine/Constant):00165         rsv_draw_routine              equ 44 ; and 45 ; w
     002E             (./Engine/Constant):00166         rsv_page_erase_routine        equ 46 ; b
     002F             (./Engine/Constant):00167         rsv_erase_routine             equ 47 ; and 48 ; w 
     0031             (./Engine/Constant):00168         rsv_xy1_pixel                 equ 49 ;
     0031             (./Engine/Constant):00169         rsv_x1_pixel                  equ 49 ; x+x_offset-(x_size/2) screen coordinate
     0032             (./Engine/Constant):00170         rsv_y1_pixel                  equ 50 ; y+y_offset-(y_size/2) screen coordinate, must follow rsv_x1_pixel
     0033             (./Engine/Constant):00171         rsv_xy2_pixel                 equ 51 ;
     0033             (./Engine/Constant):00172         rsv_x2_pixel                  equ 51 ; x+x_offset+(x_size/2) screen coordinate
     0034             (./Engine/Constant):00173         rsv_y2_pixel                  equ 52 ; y+y_offset+(y_size/2) screen coordinate, must follow rsv_x2_pixel
                      (./Engine/Constant):00174         
                      (./Engine/Constant):00175         * ---------------------------------------------------------------------------
                      (./Engine/Constant):00176         * reserved variables (engine) - buffer specific
                      (./Engine/Constant):00177         
     0035             (./Engine/Constant):00178         rsv_buffer_0                  equ 53 ; Start index of buffer 0 variables
     0035             (./Engine/Constant):00179         rsv_priority_0                equ 53 ; internal value that hold priority in video buffer 0
     0036             (./Engine/Constant):00180         rsv_priority_prev_obj_0       equ 54 ; and 55 ; previous object (OST address) in display priority list for video buffer 0 (0000 if none) w
     0038             (./Engine/Constant):00181         rsv_priority_next_obj_0       equ 56 ; and 57 ; next object (OST address) in display priority list for video buffer 0 (0000 if none) w
     003A             (./Engine/Constant):00182         rsv_prev_mapping_frame_0      equ 58 ; and 59 ; reference to previous image in video buffer 0 w
     003C             (./Engine/Constant):00183         rsv_prev_erase_nb_cell_0      equ 60 : b
     003D             (./Engine/Constant):00184         rsv_prev_page_erase_routine_0 equ 61 ; b
     003E             (./Engine/Constant):00185         rsv_prev_erase_routine_0      equ 62 ; and 63 ; w
     0040             (./Engine/Constant):00186         rsv_bgdata_0                  equ 64 ; and 65 ; address of background data in screen 0 w
     0042             (./Engine/Constant):00187         rsv_prev_xy_pixel_0           equ 66 ;
     0042             (./Engine/Constant):00188         rsv_prev_x_pixel_0            equ 66 ; previous x screen coordinate b
     0043             (./Engine/Constant):00189         rsv_prev_y_pixel_0            equ 67 ; previous y screen coordinate b, must follow x_pixel
     0044             (./Engine/Constant):00190         rsv_prev_xy1_pixel_0          equ 68 ;
     0044             (./Engine/Constant):00191         rsv_prev_x1_pixel_0           equ 68 ; previous x+x_offset-(x_size/2) screen coordinate b
     0045             (./Engine/Constant):00192         rsv_prev_y1_pixel_0           equ 69 ; previous y+y_offset-(y_size/2) screen coordinate b, must follow x1_pixel
     0046             (./Engine/Constant):00193         rsv_prev_xy2_pixel_0          equ 70 ;
     0046             (./Engine/Constant):00194         rsv_prev_x2_pixel_0           equ 70 ; previous x+x_offset+(x_size/2) screen coordinate b
     0047             (./Engine/Constant):00195         rsv_prev_y2_pixel_0           equ 71 ; previous y+y_offset+(y_size/2) screen coordinate b, must follow x2_pixel
     0048             (./Engine/Constant):00196         rsv_prev_render_flags_0       equ 72 ;
                      (./Engine/Constant):00197         * --- rsv_prev_render_flags_0 bitfield variables ---
     0001             (./Engine/Constant):00198         rsv_prev_render_overlay_mask  equ $01 ; (bit 0) if a sprite has been rendered with compilated sprite and no background save on screen buffer 0/1
     0080             (./Engine/Constant):00199         rsv_prev_render_onscreen_mask equ $80 ; (bit 7) DEPENDENCY should be bit 7 - has been rendered on screen buffer 0/1
                      (./Engine/Constant):00200         
     0049             (./Engine/Constant):00201         rsv_buffer_1                  equ 73 ; Start index of buffer 1 variables
     0049             (./Engine/Constant):00202         rsv_priority_1                equ 73 ; internal value that hold priority in video buffer 1
     004A             (./Engine/Constant):00203         rsv_priority_prev_obj_1       equ 74 ; and 75 ; previous object (OST address) in display priority list for video buffer 1 (0000 if none) w
     004C             (./Engine/Constant):00204         rsv_priority_next_obj_1       equ 76 ; and 77 ; next object (OST address) in display priority list for video buffer 1 (0000 if none) w
     004E             (./Engine/Constant):00205         rsv_prev_mapping_frame_1      equ 78 ; and 79 ; reference to previous image in video buffer 1 w
     0050             (./Engine/Constant):00206         rsv_prev_erase_nb_cell_1      equ 80 ; b
     0051             (./Engine/Constant):00207         rsv_prev_page_erase_routine_1 equ 81 ; b
     0052             (./Engine/Constant):00208         rsv_prev_erase_routine_1      equ 82 ; and 83 ; w
     0054             (./Engine/Constant):00209         rsv_bgdata_1                  equ 84 ; and 85 ; address of background data in screen 1 w
     0056             (./Engine/Constant):00210         rsv_prev_xy_pixel_1           equ 86 ;
     0056             (./Engine/Constant):00211         rsv_prev_x_pixel_1            equ 86 ; previous x screen coordinate b
     0057             (./Engine/Constant):00212         rsv_prev_y_pixel_1            equ 87 ; previous y screen coordinate b, must follow x_pixel
     0058             (./Engine/Constant):00213         rsv_prev_xy1_pixel_1          equ 88 ;
     0058             (./Engine/Constant):00214         rsv_prev_x1_pixel_1           equ 88 ; previous x+x_size screen coordinate b
     0059             (./Engine/Constant):00215         rsv_prev_y1_pixel_1           equ 89 ; previous y+y_size screen coordinate b, must follow x_pixel
     005A             (./Engine/Constant):00216         rsv_prev_xy2_pixel_1          equ 90 ;
     005A             (./Engine/Constant):00217         rsv_prev_x2_pixel_1           equ 90 ; previous x+x_size screen coordinate b
     005B             (./Engine/Constant):00218         rsv_prev_y2_pixel_1           equ 91 ; previous y+y_size screen coordinate b, must follow x_pixel
     005C             (./Engine/Constant):00219         rsv_prev_render_flags_1       equ 92 ;
                      (./Engine/Constant):00220         
     0000             (./Engine/Constant):00221         buf_priority                  equ 0  ; offset for each rsv_buffer variables
     0001             (./Engine/Constant):00222         buf_priority_prev_obj         equ 1  ;
     0003             (./Engine/Constant):00223         buf_priority_next_obj         equ 3  ;
     0005             (./Engine/Constant):00224         buf_prev_mapping_frame        equ 5  ;
     0007             (./Engine/Constant):00225         buf_erase_nb_cell             equ 7  ;
     0008             (./Engine/Constant):00226         buf_page_erase_routine        equ 8 ;
     0009             (./Engine/Constant):00227         buf_erase_routine             equ 9 ;
     000B             (./Engine/Constant):00228         buf_bgdata                    equ 11 ;
     000D             (./Engine/Constant):00229         buf_prev_xy_pixel             equ 13 ;
     000D             (./Engine/Constant):00230         buf_prev_x_pixel              equ 13 ;
     000E             (./Engine/Constant):00231         buf_prev_y_pixel              equ 14 ;
     000F             (./Engine/Constant):00232         buf_prev_xy1_pixel            equ 15 ;
     000F             (./Engine/Constant):00233         buf_prev_x1_pixel             equ 15 ;
     0010             (./Engine/Constant):00234         buf_prev_y1_pixel             equ 16 ;
     0011             (./Engine/Constant):00235         buf_prev_xy2_pixel            equ 17 ;
     0011             (./Engine/Constant):00236         buf_prev_x2_pixel             equ 17 ;
     0012             (./Engine/Constant):00237         buf_prev_y2_pixel             equ 18 ;
     0013             (./Engine/Constant):00238         buf_prev_render_flags         equ 19 ;
                      (./generated-code/):00002                 ORG $A000
     FF               (./generated-code/):00003                 SETDP $FF
                      (./generated-code/):00004                 OPT C,CT
A000                  (./generated-code/):00005                 BCKDRAW_Img_sonic_036_0
A000 10FF9FFE         (./generated-code/):00006 [7]     7               STS glb_register_s
                      (./generated-code/):00007                 
A004 32A4             (./generated-code/):00008 [4]     11              LEAS ,Y
A006 33C9FE5D         (./generated-code/):00009 [8]     19              LEAU -419,U
                      (./generated-code/):00010                 
A00A ECC8EC           (./generated-code/):00011 [6]     25              LDD -20,U
A00D 3406             (./generated-code/):00012 [7]     32              PSHS D
A00F 84F0             (./generated-code/):00013 [2]     34              ANDA #$F0
A011 C40F             (./generated-code/):00014 [2]     36              ANDB #$0F
A013 C30EA0           (./generated-code/):00015 [4]     40              ADDD #$0ea0
A016 EDC8EC           (./generated-code/):00016 [6]     46              STD -20,U
A019 A6C89C           (./generated-code/):00017 [5]     51              LDA -100,U
A01C 3402             (./generated-code/):00018 [6]     57              PSHS A
A01E 84F0             (./generated-code/):00019 [2]     59              ANDA #$F0
A020 8A0E             (./generated-code/):00020 [2]     61              ORA #$0e
A022 A7C89C           (./generated-code/):00021 [5]     66              STA -100,U
A025 A6C8C4           (./generated-code/):00022 [5]     71              LDA -60,U
A028 3402             (./generated-code/):00023 [6]     77              PSHS A
A02A 84F0             (./generated-code/):00024 [2]     79              ANDA #$F0
A02C 8A0E             (./generated-code/):00025 [2]     81              ORA #$0e
A02E A7C8C4           (./generated-code/):00026 [5]     86              STA -60,U
A031 AEC814           (./generated-code/):00027 [6]     92              LDX 20,U
A034 10AEC83C         (./generated-code/):00028 [7]     99              LDY 60,U
A038 3430             (./generated-code/):00029 [9]     108             PSHS Y,X
A03A ECC864           (./generated-code/):00030 [6]     114             LDD 100,U
A03D 3446             (./generated-code/):00031 [9]     123             PSHS U,D
A03F CC3EAA           (./generated-code/):00032 [3]     126             LDD #$3eaa
A042 EDC814           (./generated-code/):00033 [6]     132             STD 20,U
A045 86CC             (./generated-code/):00034 [2]     134             LDA #$cc
A047 EDC83C           (./generated-code/):00035 [6]     140             STD 60,U
A04A 86CF             (./generated-code/):00036 [2]     142             LDA #$cf
A04C EDC864           (./generated-code/):00037 [6]     148             STD 100,U
A04F 33C90102         (./generated-code/):00038 [8]     156             LEAU 258,U
                      (./generated-code/):00039                 
A053 ECC888           (./generated-code/):00040 [6]     162             LDD -120,U
A056 3406             (./generated-code/):00041 [7]     169             PSHS D
A058 840F             (./generated-code/):00042 [2]     171             ANDA #$0F
A05A C40F             (./generated-code/):00043 [2]     173             ANDB #$0F
A05C C330A0           (./generated-code/):00044 [4]     177             ADDD #$30a0
A05F EDC888           (./generated-code/):00045 [6]     183             STD -120,U
A062 ECC8B0           (./generated-code/):00046 [6]     189             LDD -80,U
A065 3406             (./generated-code/):00047 [7]     196             PSHS D
A067 840F             (./generated-code/):00048 [2]     198             ANDA #$0F
A069 C40F             (./generated-code/):00049 [2]     200             ANDB #$0F
A06B C33090           (./generated-code/):00050 [4]     204             ADDD #$3090
A06E EDC8B0           (./generated-code/):00051 [6]     210             STD -80,U
A071 AEC88A           (./generated-code/):00052 [6]     216             LDX -118,U
A074 10AEC8B2         (./generated-code/):00053 [7]     223             LDY -78,U
A078 3430             (./generated-code/):00054 [9]     232             PSHS Y,X
A07A ECC8D8           (./generated-code/):00055 [6]     238             LDD -40,U
A07D 3406             (./generated-code/):00056 [7]     245             PSHS D
A07F 863E             (./generated-code/):00057 [2]     247             LDA #$3e
A081 C40F             (./generated-code/):00058 [2]     249             ANDB #$0F
A083 CAD0             (./generated-code/):00059 [2]     251             ORB #$d0
A085 EDC8D8           (./generated-code/):00060 [6]     257             STD -40,U
A088 CCEAEA           (./generated-code/):00061 [3]     260             LDD #$eaea
A08B EDC8B2           (./generated-code/):00062 [6]     266             STD -78,U
A08E 86EF             (./generated-code/):00063 [2]     268             LDA #$ef
A090 EDC88A           (./generated-code/):00064 [6]     274             STD -118,U
A093 AEC8DA           (./generated-code/):00065 [6]     280             LDX -38,U
A096 3410             (./generated-code/):00066 [7]     287             PSHS X
A098 C6AA             (./generated-code/):00067 [2]     289             LDB #$aa
A09A EDC8DA           (./generated-code/):00068 [6]     295             STD -38,U
A09D 3716             (./generated-code/):00069 [9]     304             PULU D,X
A09F 3456             (./generated-code/):00070 [11]    315             PSHS U,X,D
A0A1 CCE393           (./generated-code/):00071 [3]     318             LDD #$e393
A0A4 8EEFAA           (./generated-code/):00072 [3]     321             LDX #$efaa
A0A7 3616             (./generated-code/):00073 [9]     330             PSHU D,X
A0A9 33C828           (./generated-code/):00074 [5]     335             LEAU 40,U
                      (./generated-code/):00075                 
A0AC 3730             (./generated-code/):00076 [9]     344             PULU X,Y
A0AE 3470             (./generated-code/):00077 [11]    355             PSHS U,Y,X
A0B0 C63C             (./generated-code/):00078 [2]     357             LDB #$3c
A0B2 8ECFAA           (./generated-code/):00079 [3]     360             LDX #$cfaa
A0B5 3616             (./generated-code/):00080 [9]     369             PSHU D,X
A0B7 33C828           (./generated-code/):00081 [5]     374             LEAU 40,U
                      (./generated-code/):00082                 
A0BA 3730             (./generated-code/):00083 [9]     383             PULU X,Y
A0BC 3470             (./generated-code/):00084 [11]    394             PSHS U,Y,X
A0BE C6EC             (./generated-code/):00085 [2]     396             LDB #$ec
A0C0 8ECEAC           (./generated-code/):00086 [3]     399             LDX #$ceac
A0C3 3616             (./generated-code/):00087 [9]     408             PSHU D,X
A0C5 33C828           (./generated-code/):00088 [5]     413             LEAU 40,U
                      (./generated-code/):00089                 
A0C8 ECC827           (./generated-code/):00090 [6]     419             LDD 39,U
A0CB 3406             (./generated-code/):00091 [7]     426             PSHS D
A0CD 84F0             (./generated-code/):00092 [2]     428             ANDA #$F0
A0CF C4F0             (./generated-code/):00093 [2]     430             ANDB #$F0
A0D1 C30B03           (./generated-code/):00094 [4]     434             ADDD #$0b03
A0D4 EDC827           (./generated-code/):00095 [6]     440             STD 39,U
A0D7 3730             (./generated-code/):00096 [9]     449             PULU X,Y
A0D9 3470             (./generated-code/):00097 [11]    460             PSHS U,Y,X
A0DB CCD3CC           (./generated-code/):00098 [3]     463             LDD #$d3cc
A0DE 8EEAAC           (./generated-code/):00099 [3]     466             LDX #$eaac
A0E1 3616             (./generated-code/):00100 [9]     475             PSHU D,X
A0E3 33C829           (./generated-code/):00101 [5]     480             LEAU 41,U
                      (./generated-code/):00102                 
A0E6 ECC826           (./generated-code/):00103 [6]     486             LDD 38,U
A0E9 3406             (./generated-code/):00104 [7]     493             PSHS D
A0EB 84F0             (./generated-code/):00105 [2]     495             ANDA #$F0
A0ED C4F0             (./generated-code/):00106 [2]     497             ANDB #$F0
A0EF C30C0D           (./generated-code/):00107 [4]     501             ADDD #$0c0d
A0F2 EDC826           (./generated-code/):00108 [6]     507             STD 38,U
A0F5 A643             (./generated-code/):00109 [5]     512             LDA 3,U
A0F7 3402             (./generated-code/):00110 [6]     518             PSHS A
A0F9 840F             (./generated-code/):00111 [2]     520             ANDA #$0F
A0FB 8AA0             (./generated-code/):00112 [2]     522             ORA #$a0
A0FD A743             (./generated-code/):00113 [5]     527             STA 3,U
A0FF 3712             (./generated-code/):00114 [8]     535             PULU A,X
A101 3452             (./generated-code/):00115 [10]    545             PSHS U,X,A
A103 86EE             (./generated-code/):00116 [2]     547             LDA #$ee
A105 8EAAAC           (./generated-code/):00117 [3]     550             LDX #$aaac
A108 3612             (./generated-code/):00118 [8]     558             PSHU A,X
A10A 33C828           (./generated-code/):00119 [5]     563             LEAU 40,U
                      (./generated-code/):00120                 
A10D A643             (./generated-code/):00121 [5]     568             LDA 3,U
A10F 3402             (./generated-code/):00122 [6]     574             PSHS A
A111 840F             (./generated-code/):00123 [2]     576             ANDA #$0F
A113 8AA0             (./generated-code/):00124 [2]     578             ORA #$a0
A115 A743             (./generated-code/):00125 [5]     583             STA 3,U
A117 A6C826           (./generated-code/):00126 [5]     588             LDA 38,U
A11A 3402             (./generated-code/):00127 [6]     594             PSHS A
A11C 84F0             (./generated-code/):00128 [2]     596             ANDA #$F0
A11E 8A0B             (./generated-code/):00129 [2]     598             ORA #$0b
A120 A7C826           (./generated-code/):00130 [5]     603             STA 38,U
A123 3712             (./generated-code/):00131 [8]     611             PULU A,X
A125 3452             (./generated-code/):00132 [10]    621             PSHS U,X,A
A127 8633             (./generated-code/):00133 [2]     623             LDA #$33
A129 8EAAA9           (./generated-code/):00134 [3]     626             LDX #$aaa9
A12C 3612             (./generated-code/):00135 [8]     634             PSHU A,X
A12E 33C828           (./generated-code/):00136 [5]     639             LEAU 40,U
                      (./generated-code/):00137                 
A131 A643             (./generated-code/):00138 [5]     644             LDA 3,U
A133 3402             (./generated-code/):00139 [6]     650             PSHS A
A135 840F             (./generated-code/):00140 [2]     652             ANDA #$0F
A137 8AA0             (./generated-code/):00141 [2]     654             ORA #$a0
A139 A743             (./generated-code/):00142 [5]     659             STA 3,U
A13B A6C826           (./generated-code/):00143 [5]     664             LDA 38,U
A13E 3402             (./generated-code/):00144 [6]     670             PSHS A
A140 84F0             (./generated-code/):00145 [2]     672             ANDA #$F0
A142 8A0B             (./generated-code/):00146 [2]     674             ORA #$0b
A144 A7C826           (./generated-code/):00147 [5]     679             STA 38,U
A147 3712             (./generated-code/):00148 [8]     687             PULU A,X
A149 3452             (./generated-code/):00149 [10]    697             PSHS U,X,A
A14B 86AA             (./generated-code/):00150 [2]     699             LDA #$aa
A14D 8E9AA9           (./generated-code/):00151 [3]     702             LDX #$9aa9
A150 3612             (./generated-code/):00152 [8]     710             PSHU A,X
A152 33C828           (./generated-code/):00153 [5]     715             LEAU 40,U
                      (./generated-code/):00154                 
A155 A643             (./generated-code/):00155 [5]     720             LDA 3,U
A157 3402             (./generated-code/):00156 [6]     726             PSHS A
A159 840F             (./generated-code/):00157 [2]     728             ANDA #$0F
A15B 8AA0             (./generated-code/):00158 [2]     730             ORA #$a0
A15D A743             (./generated-code/):00159 [5]     735             STA 3,U
A15F A6C826           (./generated-code/):00160 [5]     740             LDA 38,U
A162 3402             (./generated-code/):00161 [6]     746             PSHS A
A164 84F0             (./generated-code/):00162 [2]     748             ANDA #$F0
A166 8A0B             (./generated-code/):00163 [2]     750             ORA #$0b
A168 A7C826           (./generated-code/):00164 [5]     755             STA 38,U
A16B 3712             (./generated-code/):00165 [8]     763             PULU A,X
A16D 3452             (./generated-code/):00166 [10]    773             PSHS U,X,A
A16F 86AA             (./generated-code/):00167 [2]     775             LDA #$aa
A171 8E9AAA           (./generated-code/):00168 [3]     778             LDX #$9aaa
A174 3612             (./generated-code/):00169 [8]     786             PSHU A,X
A176 33C828           (./generated-code/):00170 [5]     791             LEAU 40,U
                      (./generated-code/):00171                 
A179 ECC828           (./generated-code/):00172 [6]     797             LDD 40,U
A17C 3406             (./generated-code/):00173 [7]     804             PSHS D
A17E 84F0             (./generated-code/):00174 [2]     806             ANDA #$F0
A180 8A0D             (./generated-code/):00175 [2]     808             ORA #$0d
A182 C69A             (./generated-code/):00176 [2]     810             LDB #$9a
A184 EDC828           (./generated-code/):00177 [6]     816             STD 40,U
A187 ECC84E           (./generated-code/):00178 [6]     822             LDD 78,U
A18A 3406             (./generated-code/):00179 [7]     829             PSHS D
A18C 84F0             (./generated-code/):00180 [2]     831             ANDA #$F0
A18E 8A0B             (./generated-code/):00181 [2]     833             ORA #$0b
A190 C6FE             (./generated-code/):00182 [2]     835             LDB #$fe
A192 EDC84E           (./generated-code/):00183 [6]     841             STD 78,U
A195 ECC850           (./generated-code/):00184 [6]     847             LDD 80,U
A198 3406             (./generated-code/):00185 [7]     854             PSHS D
A19A 84F0             (./generated-code/):00186 [2]     856             ANDA #$F0
A19C 8A09             (./generated-code/):00187 [2]     858             ORA #$09
A19E C69A             (./generated-code/):00188 [2]     860             LDB #$9a
A1A0 EDC850           (./generated-code/):00189 [6]     866             STD 80,U
A1A3 ECC876           (./generated-code/):00190 [6]     872             LDD 118,U
A1A6 3406             (./generated-code/):00191 [7]     879             PSHS D
A1A8 84F0             (./generated-code/):00192 [2]     881             ANDA #$F0
A1AA 8A0B             (./generated-code/):00193 [2]     883             ORA #$0b
A1AC C6FA             (./generated-code/):00194 [2]     885             LDB #$fa
A1AE EDC876           (./generated-code/):00195 [6]     891             STD 118,U
A1B1 ECC82A           (./generated-code/):00196 [6]     897             LDD 42,U
A1B4 3406             (./generated-code/):00197 [7]     904             PSHS D
A1B6 869A             (./generated-code/):00198 [2]     906             LDA #$9a
A1B8 C40F             (./generated-code/):00199 [2]     908             ANDB #$0F
A1BA CAA0             (./generated-code/):00200 [2]     910             ORB #$a0
A1BC EDC82A           (./generated-code/):00201 [6]     916             STD 42,U
A1BF A643             (./generated-code/):00202 [5]     921             LDA 3,U
A1C1 3402             (./generated-code/):00203 [6]     927             PSHS A
A1C3 840F             (./generated-code/):00204 [2]     929             ANDA #$0F
A1C5 8AA0             (./generated-code/):00205 [2]     931             ORA #$a0
A1C7 A743             (./generated-code/):00206 [5]     936             STA 3,U
A1C9 A6C826           (./generated-code/):00207 [5]     941             LDA 38,U
A1CC 3402             (./generated-code/):00208 [6]     947             PSHS A
A1CE 84F0             (./generated-code/):00209 [2]     949             ANDA #$F0
A1D0 8A0B             (./generated-code/):00210 [2]     951             ORA #$0b
A1D2 A7C826           (./generated-code/):00211 [5]     956             STA 38,U
A1D5 A6C852           (./generated-code/):00212 [5]     961             LDA 82,U
A1D8 3402             (./generated-code/):00213 [6]     967             PSHS A
A1DA 840F             (./generated-code/):00214 [2]     969             ANDA #$0F
A1DC 8AA0             (./generated-code/):00215 [2]     971             ORA #$a0
A1DE A7C852           (./generated-code/):00216 [5]     976             STA 82,U
A1E1 A6C87A           (./generated-code/):00217 [5]     981             LDA 122,U
A1E4 3402             (./generated-code/):00218 [6]     987             PSHS A
A1E6 840F             (./generated-code/):00219 [2]     989             ANDA #$0F
A1E8 8AA0             (./generated-code/):00220 [2]     991             ORA #$a0
A1EA A7C87A           (./generated-code/):00221 [5]     996             STA 122,U
A1ED ECC878           (./generated-code/):00222 [6]     1002            LDD 120,U
A1F0 3406             (./generated-code/):00223 [7]     1009            PSHS D
A1F2 84F0             (./generated-code/):00224 [2]     1011            ANDA #$F0
A1F4 C40F             (./generated-code/):00225 [2]     1013            ANDB #$0F
A1F6 C30990           (./generated-code/):00226 [4]     1017            ADDD #$0990
A1F9 EDC878           (./generated-code/):00227 [6]     1023            STD 120,U
A1FC 3712             (./generated-code/):00228 [8]     1031            PULU A,X
A1FE 3452             (./generated-code/):00229 [10]    1041            PSHS U,X,A
A200 8699             (./generated-code/):00230 [2]     1043            LDA #$99
A202 8E99AA           (./generated-code/):00231 [3]     1046            LDX #$99aa
A205 3612             (./generated-code/):00232 [8]     1054            PSHU A,X
A207 33C90103         (./generated-code/):00233 [8]     1062            LEAU 259,U
                      (./generated-code/):00234                 
A20B ECC89B           (./generated-code/):00235 [6]     1068            LDD -101,U
A20E 3406             (./generated-code/):00236 [7]     1075            PSHS D
A210 84F0             (./generated-code/):00237 [2]     1077            ANDA #$F0
A212 8A0E             (./generated-code/):00238 [2]     1079            ORA #$0e
A214 C6FA             (./generated-code/):00239 [2]     1081            LDB #$fa
A216 EDC89B           (./generated-code/):00240 [6]     1087            STD -101,U
A219 ECC8C3           (./generated-code/):00241 [6]     1093            LDD -61,U
A21C 3406             (./generated-code/):00242 [7]     1100            PSHS D
A21E 84F0             (./generated-code/):00243 [2]     1102            ANDA #$F0
A220 8A0D             (./generated-code/):00244 [2]     1104            ORA #$0d
A222 C6ED             (./generated-code/):00245 [2]     1106            LDB #$ed
A224 EDC8C3           (./generated-code/):00246 [6]     1112            STD -61,U
A227 ECC89D           (./generated-code/):00247 [6]     1118            LDD -99,U
A22A 3406             (./generated-code/):00248 [7]     1125            PSHS D
A22C 84F0             (./generated-code/):00249 [2]     1127            ANDA #$F0
A22E C40F             (./generated-code/):00250 [2]     1129            ANDB #$0F
A230 C30AA0           (./generated-code/):00251 [4]     1133            ADDD #$0aa0
A233 EDC89D           (./generated-code/):00252 [6]     1139            STD -99,U
A236 ECC8C5           (./generated-code/):00253 [6]     1145            LDD -59,U
A239 3406             (./generated-code/):00254 [7]     1152            PSHS D
A23B 840F             (./generated-code/):00255 [2]     1154            ANDA #$0F
A23D C40F             (./generated-code/):00256 [2]     1156            ANDB #$0F
A23F C390A0           (./generated-code/):00257 [4]     1160            ADDD #$90a0
A242 EDC8C5           (./generated-code/):00258 [6]     1166            STD -59,U
A245 ECC8EE           (./generated-code/):00259 [6]     1172            LDD -18,U
A248 3406             (./generated-code/):00260 [7]     1179            PSHS D
A24A 840F             (./generated-code/):00261 [2]     1181            ANDA #$0F
A24C C40F             (./generated-code/):00262 [2]     1183            ANDB #$0F
A24E C3A0A0           (./generated-code/):00263 [4]     1187            ADDD #$a0a0
A251 EDC8EE           (./generated-code/):00264 [6]     1193            STD -18,U
A254 A6C8EC           (./generated-code/):00265 [5]     1198            LDA -20,U
A257 E6C89F           (./generated-code/):00266 [5]     1203            LDB -97,U
A25A 3406             (./generated-code/):00267 [7]     1210            PSHS B,A
A25C C40F             (./generated-code/):00268 [2]     1212            ANDB #$0F
A25E CAA0             (./generated-code/):00269 [2]     1214            ORB #$a0
A260 E7C89F           (./generated-code/):00270 [5]     1219            STB -97,U
A263 A6C8C7           (./generated-code/):00271 [5]     1224            LDA -57,U
A266 3402             (./generated-code/):00272 [6]     1230            PSHS A
A268 840F             (./generated-code/):00273 [2]     1232            ANDA #$0F
A26A 8AA0             (./generated-code/):00274 [2]     1234            ORA #$a0
A26C A7C8C7           (./generated-code/):00275 [5]     1239            STA -57,U
A26F A6C864           (./generated-code/):00276 [5]     1244            LDA 100,U
A272 3402             (./generated-code/):00277 [6]     1250            PSHS A
A274 840F             (./generated-code/):00278 [2]     1252            ANDA #$0F
A276 8AD0             (./generated-code/):00279 [2]     1254            ORA #$d0
A278 A7C864           (./generated-code/):00280 [5]     1259            STA 100,U
A27B 86EE             (./generated-code/):00281 [2]     1261            LDA #$ee
A27D A7C8EC           (./generated-code/):00282 [5]     1266            STA -20,U
A280 A6C814           (./generated-code/):00283 [5]     1271            LDA 20,U
A283 E6C83C           (./generated-code/):00284 [5]     1276            LDB 60,U
A286 3446             (./generated-code/):00285 [9]     1285            PSHS U,B,A
A288 863E             (./generated-code/):00286 [2]     1287            LDA #$3e
A28A A7C814           (./generated-code/):00287 [5]     1292            STA 20,U
A28D 863D             (./generated-code/):00288 [2]     1294            LDA #$3d
A28F A7C83C           (./generated-code/):00289 [5]     1299            STA 60,U
                      (./generated-code/):00290                 
A292 DEFC             (./generated-code/):00291 [5]     1304            LDU <glb_screen_location_1
A294 33C9FEC0         (./generated-code/):00292 [8]     1312            LEAU -320,U
                      (./generated-code/):00293                 
A298 A6C826           (./generated-code/):00294 [5]     1317            LDA 38,U
A29B E6C8B1           (./generated-code/):00295 [5]     1322            LDB -79,U
A29E AEC850           (./generated-code/):00296 [6]     1328            LDX 80,U
A2A1 10AEC828         (./generated-code/):00297 [7]     1335            LDY 40,U
A2A5 3436             (./generated-code/):00298 [11]    1346            PSHS Y,X,B,A
A2A7 CCEFFF           (./generated-code/):00299 [3]     1349            LDD #$efff
A2AA EDC828           (./generated-code/):00300 [6]     1355            STD 40,U
A2AD EDC850           (./generated-code/):00301 [6]     1361            STD 80,U
A2B0 86DA             (./generated-code/):00302 [2]     1363            LDA #$da
A2B2 A7C8B1           (./generated-code/):00303 [5]     1368            STA -79,U
A2B5 ECC8D9           (./generated-code/):00304 [6]     1374            LDD -39,U
A2B8 3406             (./generated-code/):00305 [7]     1381            PSHS D
A2BA 86DD             (./generated-code/):00306 [2]     1383            LDA #$dd
A2BC C40F             (./generated-code/):00307 [2]     1385            ANDB #$0F
A2BE CA90             (./generated-code/):00308 [2]     1387            ORB #$90
A2C0 EDC8D9           (./generated-code/):00309 [6]     1393            STD -39,U
A2C3 ECC84E           (./generated-code/):00310 [6]     1399            LDD 78,U
A2C6 3406             (./generated-code/):00311 [7]     1406            PSHS D
A2C8 86D3             (./generated-code/):00312 [2]     1408            LDA #$d3
A2CA C4F0             (./generated-code/):00313 [2]     1410            ANDB #$F0
A2CC CA0A             (./generated-code/):00314 [2]     1412            ORB #$0a
A2CE EDC84E           (./generated-code/):00315 [6]     1418            STD 78,U
A2D1 A65E             (./generated-code/):00316 [5]     1423            LDA -2,U
A2D3 E6C889           (./generated-code/):00317 [5]     1428            LDB -119,U
A2D6 3406             (./generated-code/):00318 [7]     1435            PSHS B,A
A2D8 C4F0             (./generated-code/):00319 [2]     1437            ANDB #$F0
A2DA CA0A             (./generated-code/):00320 [2]     1439            ORB #$0a
A2DC E7C889           (./generated-code/):00321 [5]     1444            STB -119,U
A2DF A6C8D6           (./generated-code/):00322 [5]     1449            LDA -42,U
A2E2 3402             (./generated-code/):00323 [6]     1455            PSHS A
A2E4 840F             (./generated-code/):00324 [2]     1457            ANDA #$0F
A2E6 8A30             (./generated-code/):00325 [2]     1459            ORA #$30
A2E8 A7C8D6           (./generated-code/):00326 [5]     1464            STA -42,U
A2EB A6C82A           (./generated-code/):00327 [5]     1469            LDA 42,U
A2EE 3402             (./generated-code/):00328 [6]     1475            PSHS A
A2F0 840F             (./generated-code/):00329 [2]     1477            ANDA #$0F
A2F2 8AA0             (./generated-code/):00330 [2]     1479            ORA #$a0
A2F4 A7C82A           (./generated-code/):00331 [5]     1484            STA 42,U
A2F7 A6C852           (./generated-code/):00332 [5]     1489            LDA 82,U
A2FA 3402             (./generated-code/):00333 [6]     1495            PSHS A
A2FC 840F             (./generated-code/):00334 [2]     1497            ANDA #$0F
A2FE 8AA0             (./generated-code/):00335 [2]     1499            ORA #$a0
A300 A7C852           (./generated-code/):00336 [5]     1504            STA 82,U
A303 8633             (./generated-code/):00337 [2]     1506            LDA #$33
A305 A75E             (./generated-code/):00338 [5]     1511            STA -2,U
A307 86D3             (./generated-code/):00339 [2]     1513            LDA #$d3
A309 A7C826           (./generated-code/):00340 [5]     1518            STA 38,U
A30C ECC876           (./generated-code/):00341 [6]     1524            LDD 118,U
A30F 3406             (./generated-code/):00342 [7]     1531            PSHS D
A311 84F0             (./generated-code/):00343 [2]     1533            ANDA #$F0
A313 C4F0             (./generated-code/):00344 [2]     1535            ANDB #$F0
A315 C30309           (./generated-code/):00345 [4]     1539            ADDD #$0309
A318 EDC876           (./generated-code/):00346 [6]     1545            STD 118,U
A31B 3712             (./generated-code/):00347 [8]     1553            PULU A,X
A31D 3452             (./generated-code/):00348 [10]    1563            PSHS U,X,A
A31F 86EF             (./generated-code/):00349 [2]     1565            LDA #$ef
A321 8EFFA9           (./generated-code/):00350 [3]     1568            LDX #$ffa9
A324 3612             (./generated-code/):00351 [8]     1576            PSHU A,X
A326 33C878           (./generated-code/):00352 [5]     1581            LEAU 120,U
                      (./generated-code/):00353                 
A329 ECC826           (./generated-code/):00354 [6]     1587            LDD 38,U
A32C 3406             (./generated-code/):00355 [7]     1594            PSHS D
A32E 84F0             (./generated-code/):00356 [2]     1596            ANDA #$F0
A330 8A03             (./generated-code/):00357 [2]     1598            ORA #$03
A332 C6ED             (./generated-code/):00358 [2]     1600            LDB #$ed
A334 EDC826           (./generated-code/):00359 [6]     1606            STD 38,U
A337 3712             (./generated-code/):00360 [8]     1614            PULU A,X
A339 3452             (./generated-code/):00361 [10]    1624            PSHS U,X,A
A33B 86EF             (./generated-code/):00362 [2]     1626            LDA #$ef
A33D 8EFFAA           (./generated-code/):00363 [3]     1629            LDX #$ffaa
A340 3612             (./generated-code/):00364 [8]     1637            PSHU A,X
A342 33C828           (./generated-code/):00365 [5]     1642            LEAU 40,U
                      (./generated-code/):00366                 
A345 ECC826           (./generated-code/):00367 [6]     1648            LDD 38,U
A348 3406             (./generated-code/):00368 [7]     1655            PSHS D
A34A 84F0             (./generated-code/):00369 [2]     1657            ANDA #$F0
A34C 8A0D             (./generated-code/):00370 [2]     1659            ORA #$0d
A34E C6ED             (./generated-code/):00371 [2]     1661            LDB #$ed
A350 EDC826           (./generated-code/):00372 [6]     1667            STD 38,U
A353 3712             (./generated-code/):00373 [8]     1675            PULU A,X
A355 3452             (./generated-code/):00374 [10]    1685            PSHS U,X,A
A357 86EF             (./generated-code/):00375 [2]     1687            LDA #$ef
A359 8EAACA           (./generated-code/):00376 [3]     1690            LDX #$aaca
A35C 3612             (./generated-code/):00377 [8]     1698            PSHU A,X
A35E 33C828           (./generated-code/):00378 [5]     1703            LEAU 40,U
                      (./generated-code/):00379                 
A361 3712             (./generated-code/):00380 [8]     1711            PULU A,X
A363 3452             (./generated-code/):00381 [10]    1721            PSHS U,X,A
A365 86EE             (./generated-code/):00382 [2]     1723            LDA #$ee
A367 8EAACE           (./generated-code/):00383 [3]     1726            LDX #$aace
A36A 3612             (./generated-code/):00384 [8]     1734            PSHU A,X
A36C 33C827           (./generated-code/):00385 [5]     1739            LEAU 39,U
                      (./generated-code/):00386                 
A36F 3730             (./generated-code/):00387 [9]     1748            PULU X,Y
A371 3470             (./generated-code/):00388 [11]    1759            PSHS U,Y,X
A373 C6EE             (./generated-code/):00389 [2]     1761            LDB #$ee
A375 8EAAC9           (./generated-code/):00390 [3]     1764            LDX #$aac9
A378 3616             (./generated-code/):00391 [9]     1773            PSHU D,X
A37A 33C828           (./generated-code/):00392 [5]     1778            LEAU 40,U
                      (./generated-code/):00393                 
A37D 3730             (./generated-code/):00394 [9]     1787            PULU X,Y
A37F 3470             (./generated-code/):00395 [11]    1798            PSHS U,Y,X
A381 CC3E3E           (./generated-code/):00396 [3]     1801            LDD #$3e3e
A384 8EAAEA           (./generated-code/):00397 [3]     1804            LDX #$aaea
A387 3616             (./generated-code/):00398 [9]     1813            PSHU D,X
A389 33C828           (./generated-code/):00399 [5]     1818            LEAU 40,U
                      (./generated-code/):00400                 
A38C ECC828           (./generated-code/):00401 [6]     1824            LDD 40,U
A38F 3406             (./generated-code/):00402 [7]     1831            PSHS D
A391 840F             (./generated-code/):00403 [2]     1833            ANDA #$0F
A393 8A30             (./generated-code/):00404 [2]     1835            ORA #$30
A395 C6E3             (./generated-code/):00405 [2]     1837            LDB #$e3
A397 EDC828           (./generated-code/):00406 [6]     1843            STD 40,U
A39A AEC82A           (./generated-code/):00407 [6]     1849            LDX 42,U
A39D 3410             (./generated-code/):00408 [7]     1856            PSHS X
A39F CCAA9A           (./generated-code/):00409 [3]     1859            LDD #$aa9a
A3A2 EDC82A           (./generated-code/):00410 [6]     1865            STD 42,U
A3A5 ECC84F           (./generated-code/):00411 [6]     1871            LDD 79,U
A3A8 3406             (./generated-code/):00412 [7]     1878            PSHS D
A3AA 840F             (./generated-code/):00413 [2]     1880            ANDA #$0F
A3AC C40F             (./generated-code/):00414 [2]     1882            ANDB #$0F
A3AE C3B0D0           (./generated-code/):00415 [4]     1886            ADDD #$b0d0
A3B1 EDC84F           (./generated-code/):00416 [6]     1892            STD 79,U
A3B4 3730             (./generated-code/):00417 [9]     1901            PULU X,Y
A3B6 3470             (./generated-code/):00418 [11]    1912            PSHS U,Y,X
A3B8 CC3DED           (./generated-code/):00419 [3]     1915            LDD #$3ded
A3BB 8EAA9A           (./generated-code/):00420 [3]     1918            LDX #$aa9a
A3BE 3616             (./generated-code/):00421 [9]     1927            PSHU D,X
A3C0 33C851           (./generated-code/):00422 [5]     1932            LEAU 81,U
                      (./generated-code/):00423                 
A3C3 ECC826           (./generated-code/):00424 [6]     1938            LDD 38,U
A3C6 3406             (./generated-code/):00425 [7]     1945            PSHS D
A3C8 840F             (./generated-code/):00426 [2]     1947            ANDA #$0F
A3CA C4F0             (./generated-code/):00427 [2]     1949            ANDB #$F0
A3CC C3C00A           (./generated-code/):00428 [4]     1953            ADDD #$c00a
A3CF EDC826           (./generated-code/):00429 [6]     1959            STD 38,U
A3D2 3712             (./generated-code/):00430 [8]     1967            PULU A,X
A3D4 3452             (./generated-code/):00431 [10]    1977            PSHS U,X,A
A3D6 8639             (./generated-code/):00432 [2]     1979            LDA #$39
A3D8 8EAA9A           (./generated-code/):00433 [3]     1982            LDX #$aa9a
A3DB 3612             (./generated-code/):00434 [8]     1990            PSHU A,X
A3DD 33C828           (./generated-code/):00435 [5]     1995            LEAU 40,U
                      (./generated-code/):00436                 
A3E0 ECC826           (./generated-code/):00437 [6]     2001            LDD 38,U
A3E3 3406             (./generated-code/):00438 [7]     2008            PSHS D
A3E5 840F             (./generated-code/):00439 [2]     2010            ANDA #$0F
A3E7 C4F0             (./generated-code/):00440 [2]     2012            ANDB #$F0
A3E9 C3C00A           (./generated-code/):00441 [4]     2016            ADDD #$c00a
A3EC EDC826           (./generated-code/):00442 [6]     2022            STD 38,U
A3EF 3712             (./generated-code/):00443 [8]     2030            PULU A,X
A3F1 3452             (./generated-code/):00444 [10]    2040            PSHS U,X,A
A3F3 8699             (./generated-code/):00445 [2]     2042            LDA #$99
A3F5 8EAA9A           (./generated-code/):00446 [3]     2045            LDX #$aa9a
A3F8 3612             (./generated-code/):00447 [8]     2053            PSHU A,X
A3FA 33C828           (./generated-code/):00448 [5]     2058            LEAU 40,U
                      (./generated-code/):00449                 
A3FD 3712             (./generated-code/):00450 [8]     2066            PULU A,X
A3FF 3452             (./generated-code/):00451 [10]    2076            PSHS U,X,A
A401 8699             (./generated-code/):00452 [2]     2078            LDA #$99
A403 8EAA9A           (./generated-code/):00453 [3]     2081            LDX #$aa9a
A406 3612             (./generated-code/):00454 [8]     2089            PSHU A,X
A408 33C826           (./generated-code/):00455 [5]     2094            LEAU 38,U
                      (./generated-code/):00456                 
A40B ECC828           (./generated-code/):00457 [6]     2100            LDD 40,U
A40E 3406             (./generated-code/):00458 [7]     2107            PSHS D
A410 86F3             (./generated-code/):00459 [2]     2109            LDA #$f3
A412 C40F             (./generated-code/):00460 [2]     2111            ANDB #$0F
A414 CAA0             (./generated-code/):00461 [2]     2113            ORB #$a0
A416 EDC828           (./generated-code/):00462 [6]     2119            STD 40,U
A419 3732             (./generated-code/):00463 [10]    2129            PULU A,X,Y
A41B 3472             (./generated-code/):00464 [12]    2141            PSHS U,Y,X,A
A41D 86B3             (./generated-code/):00465 [2]     2143            LDA #$b3
A41F 8EA999           (./generated-code/):00466 [3]     2146            LDX #$a999
A422 108E999A         (./generated-code/):00467 [4]     2150            LDY #$999a
A426 3632             (./generated-code/):00468 [10]    2160            PSHU A,X,Y
A428 33C82A           (./generated-code/):00469 [5]     2165            LEAU 42,U
                      (./generated-code/):00470                 
A42B ECC826           (./generated-code/):00471 [6]     2171            LDD 38,U
A42E 3406             (./generated-code/):00472 [7]     2178            PSHS D
A430 86E3             (./generated-code/):00473 [2]     2180            LDA #$e3
A432 C40F             (./generated-code/):00474 [2]     2182            ANDB #$0F
A434 CA90             (./generated-code/):00475 [2]     2184            ORB #$90
A436 EDC826           (./generated-code/):00476 [6]     2190            STD 38,U
A439 ECC828           (./generated-code/):00477 [6]     2196            LDD 40,U
A43C 3406             (./generated-code/):00478 [7]     2203            PSHS D
A43E 84F0             (./generated-code/):00479 [2]     2205            ANDA #$F0
A440 8A09             (./generated-code/):00480 [2]     2207            ORA #$09
A442 C699             (./generated-code/):00481 [2]     2209            LDB #$99
A444 EDC828           (./generated-code/):00482 [6]     2215            STD 40,U
A447 A6C82A           (./generated-code/):00483 [5]     2220            LDA 42,U
A44A 3402             (./generated-code/):00484 [6]     2226            PSHS A
A44C 84F0             (./generated-code/):00485 [2]     2228            ANDA #$F0
A44E 8A0A             (./generated-code/):00486 [2]     2230            ORA #$0a
A450 A7C82A           (./generated-code/):00487 [5]     2235            STA 42,U
A453 A6C852           (./generated-code/):00488 [5]     2240            LDA 82,U
A456 3402             (./generated-code/):00489 [6]     2246            PSHS A
A458 84F0             (./generated-code/):00490 [2]     2248            ANDA #$F0
A45A 8A0A             (./generated-code/):00491 [2]     2250            ORA #$0a
A45C A7C852           (./generated-code/):00492 [5]     2255            STA 82,U
A45F A6C87A           (./generated-code/):00493 [5]     2260            LDA 122,U
A462 3402             (./generated-code/):00494 [6]     2266            PSHS A
A464 84F0             (./generated-code/):00495 [2]     2268            ANDA #$F0
A466 8A0A             (./generated-code/):00496 [2]     2270            ORA #$0a
A468 A7C87A           (./generated-code/):00497 [5]     2275            STA 122,U
A46B ECC850           (./generated-code/):00498 [6]     2281            LDD 80,U
A46E 3406             (./generated-code/):00499 [7]     2288            PSHS D
A470 84F0             (./generated-code/):00500 [2]     2290            ANDA #$F0
A472 C4F0             (./generated-code/):00501 [2]     2292            ANDB #$F0
A474 C30909           (./generated-code/):00502 [4]     2296            ADDD #$0909
A477 EDC850           (./generated-code/):00503 [6]     2302            STD 80,U
A47A ECC878           (./generated-code/):00504 [6]     2308            LDD 120,U
A47D 3406             (./generated-code/):00505 [7]     2315            PSHS D
A47F 84F0             (./generated-code/):00506 [2]     2317            ANDA #$F0
A481 C4F0             (./generated-code/):00507 [2]     2319            ANDB #$F0
A483 C30909           (./generated-code/):00508 [4]     2323            ADDD #$0909
A486 EDC878           (./generated-code/):00509 [6]     2329            STD 120,U
A489 A6C84E           (./generated-code/):00510 [5]     2334            LDA 78,U
A48C E6C876           (./generated-code/):00511 [5]     2339            LDB 118,U
A48F 3406             (./generated-code/):00512 [7]     2346            PSHS B,A
A491 86B3             (./generated-code/):00513 [2]     2348            LDA #$b3
A493 A7C84E           (./generated-code/):00514 [5]     2353            STA 78,U
A496 86BB             (./generated-code/):00515 [2]     2355            LDA #$bb
A498 A7C876           (./generated-code/):00516 [5]     2360            STA 118,U
A49B 3712             (./generated-code/):00517 [8]     2368            PULU A,X
A49D 3452             (./generated-code/):00518 [10]    2378            PSHS U,X,A
A49F 86A9             (./generated-code/):00519 [2]     2380            LDA #$a9
A4A1 3622             (./generated-code/):00520 [8]     2388            PSHU A,Y
A4A3 33C900DC         (./generated-code/):00521 [8]     2396            LEAU 220,U
                      (./generated-code/):00522                 
A4A7 A6C8C2           (./generated-code/):00523 [5]     2401            LDA -62,U
A4AA 3402             (./generated-code/):00524 [6]     2407            PSHS A
A4AC 86BB             (./generated-code/):00525 [2]     2409            LDA #$bb
A4AE A7C8C2           (./generated-code/):00526 [5]     2414            STA -62,U
A4B1 A6C8EA           (./generated-code/):00527 [5]     2419            LDA -22,U
A4B4 E6C8C6           (./generated-code/):00528 [5]     2424            LDB -58,U
A4B7 3406             (./generated-code/):00529 [7]     2431            PSHS B,A
A4B9 C4F0             (./generated-code/):00530 [2]     2433            ANDB #$F0
A4BB CA09             (./generated-code/):00531 [2]     2435            ORB #$09
A4BD E7C8C6           (./generated-code/):00532 [5]     2440            STB -58,U
A4C0 A6C8EE           (./generated-code/):00533 [5]     2445            LDA -18,U
A4C3 3402             (./generated-code/):00534 [6]     2451            PSHS A
A4C5 84F0             (./generated-code/):00535 [2]     2453            ANDA #$F0
A4C7 8A09             (./generated-code/):00536 [2]     2455            ORA #$09
A4C9 A7C8EE           (./generated-code/):00537 [5]     2460            STA -18,U
A4CC A6C812           (./generated-code/):00538 [5]     2465            LDA 18,U
A4CF 3402             (./generated-code/):00539 [6]     2471            PSHS A
A4D1 84F0             (./generated-code/):00540 [2]     2473            ANDA #$F0
A4D3 8A03             (./generated-code/):00541 [2]     2475            ORA #$03
A4D5 A7C812           (./generated-code/):00542 [5]     2480            STA 18,U
A4D8 A6C816           (./generated-code/):00543 [5]     2485            LDA 22,U
A4DB 3402             (./generated-code/):00544 [6]     2491            PSHS A
A4DD 84F0             (./generated-code/):00545 [2]     2493            ANDA #$F0
A4DF 8A09             (./generated-code/):00546 [2]     2495            ORA #$09
A4E1 A7C816           (./generated-code/):00547 [5]     2500            STA 22,U
A4E4 A6C83A           (./generated-code/):00548 [5]     2505            LDA 58,U
A4E7 3402             (./generated-code/):00549 [6]     2511            PSHS A
A4E9 84F0             (./generated-code/):00550 [2]     2513            ANDA #$F0
A4EB 8A0D             (./generated-code/):00551 [2]     2515            ORA #$0d
A4ED A7C83A           (./generated-code/):00552 [5]     2520            STA 58,U
A4F0 A6C83D           (./generated-code/):00553 [5]     2525            LDA 61,U
A4F3 3402             (./generated-code/):00554 [6]     2531            PSHS A
A4F5 84F0             (./generated-code/):00555 [2]     2533            ANDA #$F0
A4F7 8A0A             (./generated-code/):00556 [2]     2535            ORA #$0a
A4F9 A7C83D           (./generated-code/):00557 [5]     2540            STA 61,U
A4FC ECC8C4           (./generated-code/):00558 [6]     2546            LDD -60,U
A4FF 3406             (./generated-code/):00559 [7]     2553            PSHS D
A501 84F0             (./generated-code/):00560 [2]     2555            ANDA #$F0
A503 C4F0             (./generated-code/):00561 [2]     2557            ANDB #$F0
A505 C30909           (./generated-code/):00562 [4]     2561            ADDD #$0909
A508 EDC8C4           (./generated-code/):00563 [6]     2567            STD -60,U
A50B ECC8EC           (./generated-code/):00564 [6]     2573            LDD -20,U
A50E 3406             (./generated-code/):00565 [7]     2580            PSHS D
A510 84F0             (./generated-code/):00566 [2]     2582            ANDA #$F0
A512 C4F0             (./generated-code/):00567 [2]     2584            ANDB #$F0
A514 C30A09           (./generated-code/):00568 [4]     2588            ADDD #$0a09
A517 EDC8EC           (./generated-code/):00569 [6]     2594            STD -20,U
A51A ECC814           (./generated-code/):00570 [6]     2600            LDD 20,U
A51D 3446             (./generated-code/):00571 [9]     2609            PSHS U,D
A51F 84F0             (./generated-code/):00572 [2]     2611            ANDA #$F0
A521 C4F0             (./generated-code/):00573 [2]     2613            ANDB #$F0
A523 C30A0A           (./generated-code/):00574 [4]     2617            ADDD #$0a0a
A526 EDC814           (./generated-code/):00575 [6]     2623            STD 20,U
A529 86DB             (./generated-code/):00576 [2]     2625            LDA #$db
A52B A7C8EA           (./generated-code/):00577 [5]     2630            STA -22,U
A52E 33E4             (./generated-code/):00578 [4]     2634            LEAU ,S
A530                  (./generated-code/):00579                 SSAV_Img_sonic_036_0
A530 10FE9FFE         (./generated-code/):00580 [7]     2641            LDS glb_register_s
A534 39               (./generated-code/):00581 [5]     2646            RTS
                      (./generated-code/):00582                 
