                      (./generated-code/):00001                 INCLUDE "./Engine/Constants.asm"
                      (./Engine/Constant):00001         * ---------------------------------------------------------------------------
                      (./Engine/Constant):00002         * Constants
                      (./Engine/Constant):00003         *
                      (./Engine/Constant):00004         * Naming convention
                      (./Engine/Constant):00005         * -----------------
                      (./Engine/Constant):00006         * - lower case
                      (./Engine/Constant):00007         * - underscore-separated names
                      (./Engine/Constant):00008         *
                      (./Engine/Constant):00009         * ---------------------------------------------------------------------------
                      (./Engine/Constant):00010         
                      (./Engine/Constant):00011         * ===========================================================================
                      (./Engine/Constant):00012         * TO8 Registers
                      (./Engine/Constant):00013         * ===========================================================================
                      (./Engine/Constant):00014         
                      (./Engine/Constant):00015         ; Disk routine registers (ROM)
                      (./Engine/Constant):00016         
     6049             (./Engine/Constant):00017         dk_drive                      equ $6049
     604A             (./Engine/Constant):00018         dk_track                      equ $604A
     604B             (./Engine/Constant):00019         dk_track_lsb                  equ $604B
     604C             (./Engine/Constant):00020         dk_sector                     equ $604C
     604F             (./Engine/Constant):00021         dk_write_location             equ $604F
                      (./Engine/Constant):00022         
                      (./Engine/Constant):00023         * ===========================================================================
                      (./Engine/Constant):00024         * Globals
                      (./Engine/Constant):00025         * ===========================================================================
                      (./Engine/Constant):00026         
     009F             (./Engine/Constant):00027         glb_direct_page               equ $9F    ; direct page for globals
                      (./Engine/Constant):00028         
                      (./Engine/Constant):00029         ; compilated sprite
     9FFE             (./Engine/Constant):00030         glb_register_s                equ $9FFE  ; reverved space to store S from ROM routines
                      (./Engine/Constant):00031         
                      (./Engine/Constant):00032         ; DrawSprites
     9FFC             (./Engine/Constant):00033         glb_screen_location_1         equ $9FFC  ; start address for rendering of current sprite Part1     
     9FFA             (./Engine/Constant):00034         glb_screen_location_2         equ $9FFA  ; start address for rendering of current sprite Part2 (Must follow Part1)
                      (./Engine/Constant):00035         
                      (./Engine/Constant):00036         ; CheckSpritesRefresh
     9FF9             (./Engine/Constant):00037         glb_cur_priority              equ $9FF9
     9FF7             (./Engine/Constant):00038         glb_cur_ptr_sub_obj_erase     equ $9FF7
     9FF5             (./Engine/Constant):00039         glb_cur_ptr_sub_obj_draw      equ $9FF5
     9FF3             (./Engine/Constant):00040         glb_camera_x_pos              equ $9FF3 ; camera x position in palyfield coordinates
     9FF1             (./Engine/Constant):00041         glb_camera_y_pos              equ $9FF1 ; camera y position in palyfield coordinates
     9FEF             (./Engine/Constant):00042         glb_camera_x_min_pos          equ $9FEF
     9FED             (./Engine/Constant):00043         glb_camera_y_min_pos          equ $9FED
     9FEB             (./Engine/Constant):00044         glb_camera_x_max_pos          equ $9FEB
     9FE9             (./Engine/Constant):00045         glb_camera_y_max_pos          equ $9FE9
     9FE8             (./Engine/Constant):00046         glb_force_sprite_refresh      equ $9FE8
     9FE7             (./Engine/Constant):00047         glb_camera_move               equ $9FE7
     9FE6             (./Engine/Constant):00048         glb_alphaTiles                equ $9FE6
     9F00             (./Engine/Constant):00049         glb_tmp_var                   equ $9F00 ; custom tmp var space for routine
     9F00             (./Engine/Constant):00050         glb_system_stack              equ $9F00
                      (./Engine/Constant):00051         
                      (./Engine/Constant):00052         * ===========================================================================
                      (./Engine/Constant):00053         * Display Constants
                      (./Engine/Constant):00054         * ===========================================================================
                      (./Engine/Constant):00055         
     00A0             (./Engine/Constant):00056         screen_width                  equ 160    ; in pixel
     001C             (./Engine/Constant):00057         screen_top                    equ 28     ; in pixel
     00E3             (./Engine/Constant):00058         screen_bottom                 equ 28+199 ; in pixel
     0030             (./Engine/Constant):00059         screen_left                   equ 48     ; in pixel
     00CF             (./Engine/Constant):00060         screen_right                  equ 48+159 ; in pixel
     0008             (./Engine/Constant):00061         nb_priority_levels            equ 8      ; number of priority levels (need code change if modified)
                      (./Engine/Constant):00062         
                      (./Engine/Constant):00063         * ===========================================================================
                      (./Engine/Constant):00064         * Images Constants
                      (./Engine/Constant):00065         * ===========================================================================
                      (./Engine/Constant):00066         
     0004             (./Engine/Constant):00067         image_x_size                  equ 4
     0005             (./Engine/Constant):00068         image_y_size                  equ 5
     0006             (./Engine/Constant):00069         image_center_offset           equ 6
                      (./Engine/Constant):00070         
     0004             (./Engine/Constant):00071         image_subset_x1_offset        equ 4
     0005             (./Engine/Constant):00072         image_subset_y1_offset        equ 5
                      (./Engine/Constant):00073         
     0000             (./Engine/Constant):00074         page_draw_routine             equ 0
     0001             (./Engine/Constant):00075         draw_routine                  equ 1
     0003             (./Engine/Constant):00076         page_erase_routine            equ 3
     0004             (./Engine/Constant):00077         erase_routine                 equ 4
     0006             (./Engine/Constant):00078         erase_nb_cell                 equ 6
                      (./Engine/Constant):00079         
                      (./Engine/Constant):00080         * ===========================================================================
                      (./Engine/Constant):00081         * Sound Constants
                      (./Engine/Constant):00082         * ===========================================================================
                      (./Engine/Constant):00083         
     0000             (./Engine/Constant):00084         sound_page        equ 0
     0001             (./Engine/Constant):00085         sound_start_addr  equ 1
     0003             (./Engine/Constant):00086         sound_end_addr    equ 3
     0005             (./Engine/Constant):00087         sound_meta_size   equ 5
                      (./Engine/Constant):00088         
                      (./Engine/Constant):00089         * ===========================================================================
                      (./Engine/Constant):00090         * Object Constants
                      (./Engine/Constant):00091         * ===========================================================================
                      (./Engine/Constant):00092         
     005D             (./Engine/Constant):00093         object_core_size              equ 93  ; the size of an object without ext_vars - DEPENDENCY ClearObj routine
     ????             (./Engine/Constant):00094         object_size                   equ object_core_size+ext_variables_size ; the size of a dynamic object
     ????             (./Engine/Constant):00095         next_object                   equ object_size
     005D             (./Engine/Constant):00096         ext_variables                 equ object_core_size ; start of reserved space for additionnal variables
                      (./Engine/Constant):00097         
     0000             (./Engine/Constant):00098         id                            equ 0           ; reference to object model id (ObjID_) (0: free slot)
     0001             (./Engine/Constant):00099         subtype                       equ 1           ; reference to object subtype (Sub_)
     0002             (./Engine/Constant):00100         render_flags                  equ 2
                      (./Engine/Constant):00101         
                      (./Engine/Constant):00102         * --- render_flags bitfield variables ---
     0001             (./Engine/Constant):00103         render_xmirror_mask           equ $01 ; (bit 0) DEPENDENCY should be bit 0 - tell display engine to mirror sprite on horizontal axis
     0002             (./Engine/Constant):00104         render_ymirror_mask           equ $02 ; (bit 1) DEPENDENCY should be bit 1 - tell display engine to mirror sprite on vertical axis
     0004             (./Engine/Constant):00105         render_overlay_mask           equ $04 ; (bit 2) DEPENDENCY should be bit 2 - compilated sprite with no background save
     0008             (./Engine/Constant):00106         render_motionless_mask        equ $08 ; (bit 3) tell display engine to compute sub image and position check only once until the flag is removed  
     0010             (./Engine/Constant):00107         render_playfieldcoord_mask    equ $10 ; (bit 4) tell display engine to use playfield (1) or screen (0) coordinates
     0020             (./Engine/Constant):00108         render_hide_mask              equ $20 ; (bit 5) tell display engine to hide sprite (keep priority and mapping_frame)
     0040             (./Engine/Constant):00109         render_todelete_mask          equ $40 ; (bit 6) tell display engine to delete sprite and clear OST for this object
     0080             (./Engine/Constant):00110         render_xloop_mask             equ $80 ; (bit 7) (screen coordinate) tell display engine to hide sprite when x is out of screen (0) or to display (1)  
                      (./Engine/Constant):00111          
     0003             (./Engine/Constant):00112         priority                      equ 3           ; display priority (0: nothing to display, 1:front, ..., 8:back)
     0004             (./Engine/Constant):00113         anim                          equ 4  ; and 5  ; reference to current animation (Ani_)
     0006             (./Engine/Constant):00114         prev_anim                     equ 6  ; and 7  ; reference to previous animation (Ani_)
     0008             (./Engine/Constant):00115         anim_frame                    equ 8           ; index of current frame in animation
     0009             (./Engine/Constant):00116         anim_frame_duration           equ 9           ; number of frames for each image in animation, range: 00-7F (0-127), 0 means display only during one frame
     000A             (./Engine/Constant):00117         anim_flags                    equ 10          ; byte offset to reference an anim_flags LUT (adv) / store a link flag (non adv)
                      (./Engine/Constant):00118         
                      (./Engine/Constant):00119         * --- anim_flags bitfield variables ---
     0001             (./Engine/Constant):00120         anim_link_mask                equ $01 ; (bit 0) if set, allow the load of a new animation without reseting anim_frame and anim_frame_duration
                      (./Engine/Constant):00121         
     000B             (./Engine/Constant):00122         status_flags                  equ 11          ; orientation of sprite, is applied to animation xmirror flag during AnimateSprite
                      (./Engine/Constant):00123         
                      (./Engine/Constant):00124         * --- status_flags bitfield variables ---
     0001             (./Engine/Constant):00125         status_xflip_mask             equ $01 ; (bit 0) X Flip
     0002             (./Engine/Constant):00126         status_yflip_mask             equ $02 ; (bit 1) Y Flip
                      (./Engine/Constant):00127         
     000C             (./Engine/Constant):00128         image_set                     equ 12 ; and 13 ; reference to current image (Img_) (0000 if no image)
     000E             (./Engine/Constant):00129         x_pos                         equ 14 ; and 15 ; x playfield coordinate
     0010             (./Engine/Constant):00130         x_sub                         equ 16          ; x subpixel (1/256 of a pixel), must follow x_pos in data structure
     0011             (./Engine/Constant):00131         y_pos                         equ 17 ; and 18 ; y playfield coordinate
     0013             (./Engine/Constant):00132         y_sub                         equ 19          ; y subpixel (1/256 of a pixel), must follow y_pos in data structure
     0014             (./Engine/Constant):00133         xy_pixel                      equ 20          ; x and y screen coordinate
     0014             (./Engine/Constant):00134         x_pixel                       equ 20          ; x screen coordinate
     0015             (./Engine/Constant):00135         y_pixel                       equ 21          ; y screen coordinate, must follow x_pixel
                      (./Engine/Constant):00136         ;x_offset                      equ 93          ; x screen coordinate offset that is applied at rendering
                      (./Engine/Constant):00137         ;y_offset                      equ 94          ; x screen coordinate offset that is applied at rendering
     0016             (./Engine/Constant):00138         x_vel                         equ 22 ; and 23 ; horizontal velocity
     0018             (./Engine/Constant):00139         y_vel                         equ 24 ; and 25 ; vertical velocity
     001A             (./Engine/Constant):00140         x_acl                         equ 26 ; and 27 ; horizontal gravity
     001C             (./Engine/Constant):00141         y_acl                         equ 28 ; and 29 ; vertical gravity
     001E             (./Engine/Constant):00142         routine                       equ 30          ; index of current object routine
     001F             (./Engine/Constant):00143         routine_secondary             equ 31          ; index of current secondary routine
     0020             (./Engine/Constant):00144         routine_tertiary              equ 32          ; index of current tertiary routine
     0021             (./Engine/Constant):00145         routine_quaternary            equ 33          ; index of current quaternary routine
                      (./Engine/Constant):00146         
                      (./Engine/Constant):00147         * ---------------------------------------------------------------------------
                      (./Engine/Constant):00148         * reserved variables (update by engine)
                      (./Engine/Constant):00149         
     0022             (./Engine/Constant):00150         rsv_render_flags              equ 34
                      (./Engine/Constant):00151         
                      (./Engine/Constant):00152         * --- rsv_render_flags bitfield variables ---
     0001             (./Engine/Constant):00153         rsv_render_checkrefresh_mask  equ $01 ; (bit 0) if erasesprite and display sprite flag are processed for this frame
     0002             (./Engine/Constant):00154         rsv_render_erasesprite_mask   equ $02 ; (bit 1) if a sprite need to be cleared on screen
     0004             (./Engine/Constant):00155         rsv_render_displaysprite_mask equ $04 ; (bit 2) if a sprite need to be rendered on screen
     0008             (./Engine/Constant):00156         rsv_render_outofrange_mask    equ $08 ; (bit 3) if a sprite is out of range for full rendering in screen
     0080             (./Engine/Constant):00157         rsv_render_onscreen_mask      equ $80 ; (bit 7) DEPENDENCY should be bit 7 - has been rendered on last screen buffer (may be 0 or 1)
                      (./Engine/Constant):00158         
     0023             (./Engine/Constant):00159         rsv_prev_anim                 equ 35 ; and 36 ; reference to previous animation (Ani_) w * UTILE ?
     0025             (./Engine/Constant):00160         rsv_image_center_offset       equ 37 ; 0 or 1 offset that indicate if image center is even or odd (DRS_XYToAddress)
     0026             (./Engine/Constant):00161         rsv_image_subset              equ 38 ; and 39 ; reference to current image regarding mirror flags w
     0028             (./Engine/Constant):00162         rsv_mapping_frame             equ 40 ; and 41 ; reference to current image regarding mirror flags, overlay flag and x precision w
     002A             (./Engine/Constant):00163         rsv_erase_nb_cell             equ 42 ; b 
     002B             (./Engine/Constant):00164         rsv_page_draw_routine         equ 43 ; b
     002C             (./Engine/Constant):00165         rsv_draw_routine              equ 44 ; and 45 ; w
     002E             (./Engine/Constant):00166         rsv_page_erase_routine        equ 46 ; b
     002F             (./Engine/Constant):00167         rsv_erase_routine             equ 47 ; and 48 ; w 
     0031             (./Engine/Constant):00168         rsv_xy1_pixel                 equ 49 ;
     0031             (./Engine/Constant):00169         rsv_x1_pixel                  equ 49 ; x+x_offset-(x_size/2) screen coordinate
     0032             (./Engine/Constant):00170         rsv_y1_pixel                  equ 50 ; y+y_offset-(y_size/2) screen coordinate, must follow rsv_x1_pixel
     0033             (./Engine/Constant):00171         rsv_xy2_pixel                 equ 51 ;
     0033             (./Engine/Constant):00172         rsv_x2_pixel                  equ 51 ; x+x_offset+(x_size/2) screen coordinate
     0034             (./Engine/Constant):00173         rsv_y2_pixel                  equ 52 ; y+y_offset+(y_size/2) screen coordinate, must follow rsv_x2_pixel
                      (./Engine/Constant):00174         
                      (./Engine/Constant):00175         * ---------------------------------------------------------------------------
                      (./Engine/Constant):00176         * reserved variables (engine) - buffer specific
                      (./Engine/Constant):00177         
     0035             (./Engine/Constant):00178         rsv_buffer_0                  equ 53 ; Start index of buffer 0 variables
     0035             (./Engine/Constant):00179         rsv_priority_0                equ 53 ; internal value that hold priority in video buffer 0
     0036             (./Engine/Constant):00180         rsv_priority_prev_obj_0       equ 54 ; and 55 ; previous object (OST address) in display priority list for video buffer 0 (0000 if none) w
     0038             (./Engine/Constant):00181         rsv_priority_next_obj_0       equ 56 ; and 57 ; next object (OST address) in display priority list for video buffer 0 (0000 if none) w
     003A             (./Engine/Constant):00182         rsv_prev_mapping_frame_0      equ 58 ; and 59 ; reference to previous image in video buffer 0 w
     003C             (./Engine/Constant):00183         rsv_prev_erase_nb_cell_0      equ 60 : b
     003D             (./Engine/Constant):00184         rsv_prev_page_erase_routine_0 equ 61 ; b
     003E             (./Engine/Constant):00185         rsv_prev_erase_routine_0      equ 62 ; and 63 ; w
     0040             (./Engine/Constant):00186         rsv_bgdata_0                  equ 64 ; and 65 ; address of background data in screen 0 w
     0042             (./Engine/Constant):00187         rsv_prev_xy_pixel_0           equ 66 ;
     0042             (./Engine/Constant):00188         rsv_prev_x_pixel_0            equ 66 ; previous x screen coordinate b
     0043             (./Engine/Constant):00189         rsv_prev_y_pixel_0            equ 67 ; previous y screen coordinate b, must follow x_pixel
     0044             (./Engine/Constant):00190         rsv_prev_xy1_pixel_0          equ 68 ;
     0044             (./Engine/Constant):00191         rsv_prev_x1_pixel_0           equ 68 ; previous x+x_offset-(x_size/2) screen coordinate b
     0045             (./Engine/Constant):00192         rsv_prev_y1_pixel_0           equ 69 ; previous y+y_offset-(y_size/2) screen coordinate b, must follow x1_pixel
     0046             (./Engine/Constant):00193         rsv_prev_xy2_pixel_0          equ 70 ;
     0046             (./Engine/Constant):00194         rsv_prev_x2_pixel_0           equ 70 ; previous x+x_offset+(x_size/2) screen coordinate b
     0047             (./Engine/Constant):00195         rsv_prev_y2_pixel_0           equ 71 ; previous y+y_offset+(y_size/2) screen coordinate b, must follow x2_pixel
     0048             (./Engine/Constant):00196         rsv_prev_render_flags_0       equ 72 ;
                      (./Engine/Constant):00197         * --- rsv_prev_render_flags_0 bitfield variables ---
     0001             (./Engine/Constant):00198         rsv_prev_render_overlay_mask  equ $01 ; (bit 0) if a sprite has been rendered with compilated sprite and no background save on screen buffer 0/1
     0080             (./Engine/Constant):00199         rsv_prev_render_onscreen_mask equ $80 ; (bit 7) DEPENDENCY should be bit 7 - has been rendered on screen buffer 0/1
                      (./Engine/Constant):00200         
     0049             (./Engine/Constant):00201         rsv_buffer_1                  equ 73 ; Start index of buffer 1 variables
     0049             (./Engine/Constant):00202         rsv_priority_1                equ 73 ; internal value that hold priority in video buffer 1
     004A             (./Engine/Constant):00203         rsv_priority_prev_obj_1       equ 74 ; and 75 ; previous object (OST address) in display priority list for video buffer 1 (0000 if none) w
     004C             (./Engine/Constant):00204         rsv_priority_next_obj_1       equ 76 ; and 77 ; next object (OST address) in display priority list for video buffer 1 (0000 if none) w
     004E             (./Engine/Constant):00205         rsv_prev_mapping_frame_1      equ 78 ; and 79 ; reference to previous image in video buffer 1 w
     0050             (./Engine/Constant):00206         rsv_prev_erase_nb_cell_1      equ 80 ; b
     0051             (./Engine/Constant):00207         rsv_prev_page_erase_routine_1 equ 81 ; b
     0052             (./Engine/Constant):00208         rsv_prev_erase_routine_1      equ 82 ; and 83 ; w
     0054             (./Engine/Constant):00209         rsv_bgdata_1                  equ 84 ; and 85 ; address of background data in screen 1 w
     0056             (./Engine/Constant):00210         rsv_prev_xy_pixel_1           equ 86 ;
     0056             (./Engine/Constant):00211         rsv_prev_x_pixel_1            equ 86 ; previous x screen coordinate b
     0057             (./Engine/Constant):00212         rsv_prev_y_pixel_1            equ 87 ; previous y screen coordinate b, must follow x_pixel
     0058             (./Engine/Constant):00213         rsv_prev_xy1_pixel_1          equ 88 ;
     0058             (./Engine/Constant):00214         rsv_prev_x1_pixel_1           equ 88 ; previous x+x_size screen coordinate b
     0059             (./Engine/Constant):00215         rsv_prev_y1_pixel_1           equ 89 ; previous y+y_size screen coordinate b, must follow x_pixel
     005A             (./Engine/Constant):00216         rsv_prev_xy2_pixel_1          equ 90 ;
     005A             (./Engine/Constant):00217         rsv_prev_x2_pixel_1           equ 90 ; previous x+x_size screen coordinate b
     005B             (./Engine/Constant):00218         rsv_prev_y2_pixel_1           equ 91 ; previous y+y_size screen coordinate b, must follow x_pixel
     005C             (./Engine/Constant):00219         rsv_prev_render_flags_1       equ 92 ;
                      (./Engine/Constant):00220         
     0000             (./Engine/Constant):00221         buf_priority                  equ 0  ; offset for each rsv_buffer variables
     0001             (./Engine/Constant):00222         buf_priority_prev_obj         equ 1  ;
     0003             (./Engine/Constant):00223         buf_priority_next_obj         equ 3  ;
     0005             (./Engine/Constant):00224         buf_prev_mapping_frame        equ 5  ;
     0007             (./Engine/Constant):00225         buf_erase_nb_cell             equ 7  ;
     0008             (./Engine/Constant):00226         buf_page_erase_routine        equ 8 ;
     0009             (./Engine/Constant):00227         buf_erase_routine             equ 9 ;
     000B             (./Engine/Constant):00228         buf_bgdata                    equ 11 ;
     000D             (./Engine/Constant):00229         buf_prev_xy_pixel             equ 13 ;
     000D             (./Engine/Constant):00230         buf_prev_x_pixel              equ 13 ;
     000E             (./Engine/Constant):00231         buf_prev_y_pixel              equ 14 ;
     000F             (./Engine/Constant):00232         buf_prev_xy1_pixel            equ 15 ;
     000F             (./Engine/Constant):00233         buf_prev_x1_pixel             equ 15 ;
     0010             (./Engine/Constant):00234         buf_prev_y1_pixel             equ 16 ;
     0011             (./Engine/Constant):00235         buf_prev_xy2_pixel            equ 17 ;
     0011             (./Engine/Constant):00236         buf_prev_x2_pixel             equ 17 ;
     0012             (./Engine/Constant):00237         buf_prev_y2_pixel             equ 18 ;
     0013             (./Engine/Constant):00238         buf_prev_render_flags         equ 19 ;
                      (./generated-code/):00002                 ORG $A000
     FF               (./generated-code/):00003                 SETDP $FF
                      (./generated-code/):00004                 OPT C,CT
A000                  (./generated-code/):00005                 BCKDRAW_Img_sonic_032_0
A000 10FF9FFE         (./generated-code/):00006 [7]     7               STS glb_register_s
                      (./generated-code/):00007                 
A004 32A4             (./generated-code/):00008 [4]     11              LEAS ,Y
A006 33C9FE35         (./generated-code/):00009 [8]     19              LEAU -459,U
                      (./generated-code/):00010                 
A00A ECC812           (./generated-code/):00011 [6]     25              LDD 18,U
A00D 3406             (./generated-code/):00012 [7]     32              PSHS D
A00F 840F             (./generated-code/):00013 [2]     34              ANDA #$0F
A011 C4F0             (./generated-code/):00014 [2]     36              ANDB #$F0
A013 C3B00E           (./generated-code/):00015 [4]     40              ADDD #$b00e
A016 EDC812           (./generated-code/):00016 [6]     46              STD 18,U
A019 ECC814           (./generated-code/):00017 [6]     52              LDD 20,U
A01C 3406             (./generated-code/):00018 [7]     59              PSHS D
A01E 84F0             (./generated-code/):00019 [2]     61              ANDA #$F0
A020 C40F             (./generated-code/):00020 [2]     63              ANDB #$0F
A022 C30EA0           (./generated-code/):00021 [4]     67              ADDD #$0ea0
A025 EDC814           (./generated-code/):00022 [6]     73              STD 20,U
A028 A6C8EB           (./generated-code/):00023 [5]     78              LDA -21,U
A02B 3442             (./generated-code/):00024 [8]     86              PSHS U,A
A02D 84F0             (./generated-code/):00025 [2]     88              ANDA #$F0
A02F 8A0E             (./generated-code/):00026 [2]     90              ORA #$0e
A031 A7C8EB           (./generated-code/):00027 [5]     95              STA -21,U
A034 33C900B2         (./generated-code/):00028 [8]     103             LEAU 178,U
                      (./generated-code/):00029                 
A038 ECC888           (./generated-code/):00030 [6]     109             LDD -120,U
A03B 3406             (./generated-code/):00031 [7]     116             PSHS D
A03D 840F             (./generated-code/):00032 [2]     118             ANDA #$0F
A03F C4F0             (./generated-code/):00033 [2]     120             ANDB #$F0
A041 C3C00E           (./generated-code/):00034 [4]     124             ADDD #$c00e
A044 EDC888           (./generated-code/):00035 [6]     130             STD -120,U
A047 ECC88A           (./generated-code/):00036 [6]     136             LDD -118,U
A04A 3406             (./generated-code/):00037 [7]     143             PSHS D
A04C 84F0             (./generated-code/):00038 [2]     145             ANDA #$F0
A04E 8A0E             (./generated-code/):00039 [2]     147             ORA #$0e
A050 C6AA             (./generated-code/):00040 [2]     149             LDB #$aa
A052 EDC88A           (./generated-code/):00041 [6]     155             STD -118,U
A055 ECC8B0           (./generated-code/):00042 [6]     161             LDD -80,U
A058 3406             (./generated-code/):00043 [7]     168             PSHS D
A05A 86CF             (./generated-code/):00044 [2]     170             LDA #$cf
A05C C4F0             (./generated-code/):00045 [2]     172             ANDB #$F0
A05E CA0E             (./generated-code/):00046 [2]     174             ORB #$0e
A060 EDC8B0           (./generated-code/):00047 [6]     180             STD -80,U
A063 ECC8D8           (./generated-code/):00048 [6]     186             LDD -40,U
A066 3406             (./generated-code/):00049 [7]     193             PSHS D
A068 86CF             (./generated-code/):00050 [2]     195             LDA #$cf
A06A C4F0             (./generated-code/):00051 [2]     197             ANDB #$F0
A06C CA0E             (./generated-code/):00052 [2]     199             ORB #$0e
A06E EDC8D8           (./generated-code/):00053 [6]     205             STD -40,U
A071 AEC8B2           (./generated-code/):00054 [6]     211             LDX -78,U
A074 CCCEAA           (./generated-code/):00055 [3]     214             LDD #$ceaa
A077 EDC8B2           (./generated-code/):00056 [6]     220             STD -78,U
A07A 10AEC8DA         (./generated-code/):00057 [7]     227             LDY -38,U
A07E 3430             (./generated-code/):00058 [9]     236             PSHS Y,X
A080 86CF             (./generated-code/):00059 [2]     238             LDA #$cf
A082 EDC8DA           (./generated-code/):00060 [6]     244             STD -38,U
A085 3716             (./generated-code/):00061 [9]     253             PULU D,X
A087 3456             (./generated-code/):00062 [11]    264             PSHS U,X,D
A089 CCEC93           (./generated-code/):00063 [3]     267             LDD #$ec93
A08C 8ECFAA           (./generated-code/):00064 [3]     270             LDX #$cfaa
A08F 3616             (./generated-code/):00065 [9]     279             PSHU D,X
A091 33C828           (./generated-code/):00066 [5]     284             LEAU 40,U
                      (./generated-code/):00067                 
A094 3730             (./generated-code/):00068 [9]     293             PULU X,Y
A096 3470             (./generated-code/):00069 [11]    304             PSHS U,Y,X
A098 C6AA             (./generated-code/):00070 [2]     306             LDB #$aa
A09A 8ECFAA           (./generated-code/):00071 [3]     309             LDX #$cfaa
A09D 3616             (./generated-code/):00072 [9]     318             PSHU D,X
A09F 33C828           (./generated-code/):00073 [5]     323             LEAU 40,U
                      (./generated-code/):00074                 
A0A2 3730             (./generated-code/):00075 [9]     332             PULU X,Y
A0A4 3470             (./generated-code/):00076 [11]    343             PSHS U,Y,X
A0A6 CCBB9A           (./generated-code/):00077 [3]     346             LDD #$bb9a
A0A9 8ECFEA           (./generated-code/):00078 [3]     349             LDX #$cfea
A0AC 3616             (./generated-code/):00079 [9]     358             PSHU D,X
A0AE 33C828           (./generated-code/):00080 [5]     363             LEAU 40,U
                      (./generated-code/):00081                 
A0B1 3730             (./generated-code/):00082 [9]     372             PULU X,Y
A0B3 3470             (./generated-code/):00083 [11]    383             PSHS U,Y,X
A0B5 C693             (./generated-code/):00084 [2]     385             LDB #$93
A0B7 8ECAEA           (./generated-code/):00085 [3]     388             LDX #$caea
A0BA 3616             (./generated-code/):00086 [9]     397             PSHU D,X
A0BC 33C828           (./generated-code/):00087 [5]     402             LEAU 40,U
                      (./generated-code/):00088                 
A0BF 3730             (./generated-code/):00089 [9]     411             PULU X,Y
A0C1 3470             (./generated-code/):00090 [11]    422             PSHS U,Y,X
A0C3 8ECFAA           (./generated-code/):00091 [3]     425             LDX #$cfaa
A0C6 3616             (./generated-code/):00092 [9]     434             PSHU D,X
A0C8 33C828           (./generated-code/):00093 [5]     439             LEAU 40,U
                      (./generated-code/):00094                 
A0CB 3730             (./generated-code/):00095 [9]     448             PULU X,Y
A0CD 3470             (./generated-code/):00096 [11]    459             PSHS U,Y,X
A0CF CCDBAC           (./generated-code/):00097 [3]     462             LDD #$dbac
A0D2 8ECFAA           (./generated-code/):00098 [3]     465             LDX #$cfaa
A0D5 3616             (./generated-code/):00099 [9]     474             PSHU D,X
A0D7 33C828           (./generated-code/):00100 [5]     479             LEAU 40,U
                      (./generated-code/):00101                 
A0DA ECC828           (./generated-code/):00102 [6]     485             LDD 40,U
A0DD 3406             (./generated-code/):00103 [7]     492             PSHS D
A0DF 84F0             (./generated-code/):00104 [2]     494             ANDA #$F0
A0E1 8A03             (./generated-code/):00105 [2]     496             ORA #$03
A0E3 C6AC             (./generated-code/):00106 [2]     498             LDB #$ac
A0E5 EDC828           (./generated-code/):00107 [6]     504             STD 40,U
A0E8 ECC850           (./generated-code/):00108 [6]     510             LDD 80,U
A0EB 3406             (./generated-code/):00109 [7]     517             PSHS D
A0ED 84F0             (./generated-code/):00110 [2]     519             ANDA #$F0
A0EF 8A0D             (./generated-code/):00111 [2]     521             ORA #$0d
A0F1 C63E             (./generated-code/):00112 [2]     523             LDB #$3e
A0F3 EDC850           (./generated-code/):00113 [6]     529             STD 80,U
A0F6 AEC82A           (./generated-code/):00114 [6]     535             LDX 42,U
A0F9 CCEAAE           (./generated-code/):00115 [3]     538             LDD #$eaae
A0FC EDC82A           (./generated-code/):00116 [6]     544             STD 42,U
A0FF 10AEC852         (./generated-code/):00117 [7]     551             LDY 82,U
A103 3430             (./generated-code/):00118 [9]     560             PSHS Y,X
A105 8699             (./generated-code/):00119 [2]     562             LDA #$99
A107 EDC852           (./generated-code/):00120 [6]     568             STD 82,U
A10A A6C82C           (./generated-code/):00121 [5]     573             LDA 44,U
A10D 3402             (./generated-code/):00122 [6]     579             PSHS A
A10F 840F             (./generated-code/):00123 [2]     581             ANDA #$0F
A111 8AA0             (./generated-code/):00124 [2]     583             ORA #$a0
A113 A7C82C           (./generated-code/):00125 [5]     588             STA 44,U
A116 A6C854           (./generated-code/):00126 [5]     593             LDA 84,U
A119 3402             (./generated-code/):00127 [6]     599             PSHS A
A11B 840F             (./generated-code/):00128 [2]     601             ANDA #$0F
A11D 8AA0             (./generated-code/):00129 [2]     603             ORA #$a0
A11F A7C854           (./generated-code/):00130 [5]     608             STA 84,U
A122 A6C877           (./generated-code/):00131 [5]     613             LDA 119,U
A125 3402             (./generated-code/):00132 [6]     619             PSHS A
A127 84F0             (./generated-code/):00133 [2]     621             ANDA #$F0
A129 8A0B             (./generated-code/):00134 [2]     623             ORA #$0b
A12B A7C877           (./generated-code/):00135 [5]     628             STA 119,U
A12E 3730             (./generated-code/):00136 [9]     637             PULU X,Y
A130 3470             (./generated-code/):00137 [11]    648             PSHS U,Y,X
A132 CCD3AC           (./generated-code/):00138 [3]     651             LDD #$d3ac
A135 8ECEAA           (./generated-code/):00139 [3]     654             LDX #$ceaa
A138 3616             (./generated-code/):00140 [9]     663             PSHU D,X
A13A 33C879           (./generated-code/):00141 [5]     668             LEAU 121,U
                      (./generated-code/):00142                 
A13D A643             (./generated-code/):00143 [5]     673             LDA 3,U
A13F 3402             (./generated-code/):00144 [6]     679             PSHS A
A141 840F             (./generated-code/):00145 [2]     681             ANDA #$0F
A143 8AA0             (./generated-code/):00146 [2]     683             ORA #$a0
A145 A743             (./generated-code/):00147 [5]     688             STA 3,U
A147 A6C826           (./generated-code/):00148 [5]     693             LDA 38,U
A14A 3402             (./generated-code/):00149 [6]     699             PSHS A
A14C 84F0             (./generated-code/):00150 [2]     701             ANDA #$F0
A14E 8A03             (./generated-code/):00151 [2]     703             ORA #$03
A150 A7C826           (./generated-code/):00152 [5]     708             STA 38,U
A153 3712             (./generated-code/):00153 [8]     716             PULU A,X
A155 3452             (./generated-code/):00154 [10]    726             PSHS U,X,A
A157 869A             (./generated-code/):00155 [2]     728             LDA #$9a
A159 8E99A9           (./generated-code/):00156 [3]     731             LDX #$99a9
A15C 3612             (./generated-code/):00157 [8]     739             PSHU A,X
A15E 33C828           (./generated-code/):00158 [5]     744             LEAU 40,U
                      (./generated-code/):00159                 
A161 A643             (./generated-code/):00160 [5]     749             LDA 3,U
A163 3402             (./generated-code/):00161 [6]     755             PSHS A
A165 840F             (./generated-code/):00162 [2]     757             ANDA #$0F
A167 8AA0             (./generated-code/):00163 [2]     759             ORA #$a0
A169 A743             (./generated-code/):00164 [5]     764             STA 3,U
A16B A6C826           (./generated-code/):00165 [5]     769             LDA 38,U
A16E 3402             (./generated-code/):00166 [6]     775             PSHS A
A170 84F0             (./generated-code/):00167 [2]     777             ANDA #$F0
A172 8A03             (./generated-code/):00168 [2]     779             ORA #$03
A174 A7C826           (./generated-code/):00169 [5]     784             STA 38,U
A177 3712             (./generated-code/):00170 [8]     792             PULU A,X
A179 3452             (./generated-code/):00171 [10]    802             PSHS U,X,A
A17B 86D9             (./generated-code/):00172 [2]     804             LDA #$d9
A17D 8E99AA           (./generated-code/):00173 [3]     807             LDX #$99aa
A180 3612             (./generated-code/):00174 [8]     815             PSHU A,X
A182 33C828           (./generated-code/):00175 [5]     820             LEAU 40,U
                      (./generated-code/):00176                 
A185 ECC876           (./generated-code/):00177 [6]     826             LDD 118,U
A188 3406             (./generated-code/):00178 [7]     833             PSHS D
A18A 84F0             (./generated-code/):00179 [2]     835             ANDA #$F0
A18C C4F0             (./generated-code/):00180 [2]     837             ANDB #$F0
A18E C3030E           (./generated-code/):00181 [4]     841             ADDD #$030e
A191 EDC876           (./generated-code/):00182 [6]     847             STD 118,U
A194 ECC878           (./generated-code/):00183 [6]     853             LDD 120,U
A197 3406             (./generated-code/):00184 [7]     860             PSHS D
A199 84F0             (./generated-code/):00185 [2]     862             ANDA #$F0
A19B C40F             (./generated-code/):00186 [2]     864             ANDB #$0F
A19D C30AA0           (./generated-code/):00187 [4]     868             ADDD #$0aa0
A1A0 EDC878           (./generated-code/):00188 [6]     874             STD 120,U
A1A3 ECC828           (./generated-code/):00189 [6]     880             LDD 40,U
A1A6 3406             (./generated-code/):00190 [7]     887             PSHS D
A1A8 84F0             (./generated-code/):00191 [2]     889             ANDA #$F0
A1AA 8A0D             (./generated-code/):00192 [2]     891             ORA #$0d
A1AC C69A             (./generated-code/):00193 [2]     893             LDB #$9a
A1AE EDC828           (./generated-code/):00194 [6]     899             STD 40,U
A1B1 ECC850           (./generated-code/):00195 [6]     905             LDD 80,U
A1B4 3406             (./generated-code/):00196 [7]     912             PSHS D
A1B6 84F0             (./generated-code/):00197 [2]     914             ANDA #$F0
A1B8 8A09             (./generated-code/):00198 [2]     916             ORA #$09
A1BA C69A             (./generated-code/):00199 [2]     918             LDB #$9a
A1BC EDC850           (./generated-code/):00200 [6]     924             STD 80,U
A1BF A643             (./generated-code/):00201 [5]     929             LDA 3,U
A1C1 3402             (./generated-code/):00202 [6]     935             PSHS A
A1C3 840F             (./generated-code/):00203 [2]     937             ANDA #$0F
A1C5 8AA0             (./generated-code/):00204 [2]     939             ORA #$a0
A1C7 A743             (./generated-code/):00205 [5]     944             STA 3,U
A1C9 A6C826           (./generated-code/):00206 [5]     949             LDA 38,U
A1CC 3402             (./generated-code/):00207 [6]     955             PSHS A
A1CE 84F0             (./generated-code/):00208 [2]     957             ANDA #$F0
A1D0 8A03             (./generated-code/):00209 [2]     959             ORA #$03
A1D2 A7C826           (./generated-code/):00210 [5]     964             STA 38,U
A1D5 A6C84E           (./generated-code/):00211 [5]     969             LDA 78,U
A1D8 3402             (./generated-code/):00212 [6]     975             PSHS A
A1DA 84F0             (./generated-code/):00213 [2]     977             ANDA #$F0
A1DC 8A03             (./generated-code/):00214 [2]     979             ORA #$03
A1DE A7C84E           (./generated-code/):00215 [5]     984             STA 78,U
A1E1 A6C852           (./generated-code/):00216 [5]     989             LDA 82,U
A1E4 3402             (./generated-code/):00217 [6]     995             PSHS A
A1E6 840F             (./generated-code/):00218 [2]     997             ANDA #$0F
A1E8 8AA0             (./generated-code/):00219 [2]     999             ORA #$a0
A1EA A7C852           (./generated-code/):00220 [5]     1004            STA 82,U
A1ED A6C87A           (./generated-code/):00221 [5]     1009            LDA 122,U
A1F0 3402             (./generated-code/):00222 [6]     1015            PSHS A
A1F2 840F             (./generated-code/):00223 [2]     1017            ANDA #$0F
A1F4 8AA0             (./generated-code/):00224 [2]     1019            ORA #$a0
A1F6 A7C87A           (./generated-code/):00225 [5]     1024            STA 122,U
A1F9 A6C82A           (./generated-code/):00226 [5]     1029            LDA 42,U
A1FC E7C82A           (./generated-code/):00227 [5]     1034            STB 42,U
A1FF 3714             (./generated-code/):00228 [8]     1042            PULU B,X
A201 3456             (./generated-code/):00229 [11]    1053            PSHS U,X,B,A
A203 86DD             (./generated-code/):00230 [2]     1055            LDA #$dd
A205 8E999A           (./generated-code/):00231 [3]     1058            LDX #$999a
A208 3612             (./generated-code/):00232 [8]     1066            PSHU A,X
A20A 33C90117         (./generated-code/):00233 [8]     1074            LEAU 279,U
                      (./generated-code/):00234                 
A20E ECC887           (./generated-code/):00235 [6]     1080            LDD -121,U
A211 3406             (./generated-code/):00236 [7]     1087            PSHS D
A213 84F0             (./generated-code/):00237 [2]     1089            ANDA #$F0
A215 8A03             (./generated-code/):00238 [2]     1091            ORA #$03
A217 C6EA             (./generated-code/):00239 [2]     1093            LDB #$ea
A219 EDC887           (./generated-code/):00240 [6]     1099            STD -121,U
A21C ECC8AF           (./generated-code/):00241 [6]     1105            LDD -81,U
A21F 3406             (./generated-code/):00242 [7]     1112            PSHS D
A221 84F0             (./generated-code/):00243 [2]     1114            ANDA #$F0
A223 8A03             (./generated-code/):00244 [2]     1116            ORA #$03
A225 C6ED             (./generated-code/):00245 [2]     1118            LDB #$ed
A227 EDC8AF           (./generated-code/):00246 [6]     1124            STD -81,U
A22A ECC8D7           (./generated-code/):00247 [6]     1130            LDD -41,U
A22D 3406             (./generated-code/):00248 [7]     1137            PSHS D
A22F 84F0             (./generated-code/):00249 [2]     1139            ANDA #$F0
A231 8A0D             (./generated-code/):00250 [2]     1141            ORA #$0d
A233 C6EE             (./generated-code/):00251 [2]     1143            LDB #$ee
A235 EDC8D7           (./generated-code/):00252 [6]     1149            STD -41,U
A238 ECC889           (./generated-code/):00253 [6]     1155            LDD -119,U
A23B 3406             (./generated-code/):00254 [7]     1162            PSHS D
A23D 869E             (./generated-code/):00255 [2]     1164            LDA #$9e
A23F C40F             (./generated-code/):00256 [2]     1166            ANDB #$0F
A241 CAA0             (./generated-code/):00257 [2]     1168            ORB #$a0
A243 EDC889           (./generated-code/):00258 [6]     1174            STD -119,U
A246 ECC4             (./generated-code/):00259 [5]     1179            LDD ,U
A248 3406             (./generated-code/):00260 [7]     1186            PSHS D
A24A 863E             (./generated-code/):00261 [2]     1188            LDA #$3e
A24C C4F0             (./generated-code/):00262 [2]     1190            ANDB #$F0
A24E CA0E             (./generated-code/):00263 [2]     1192            ORB #$0e
A250 EDC4             (./generated-code/):00264 [5]     1197            STD ,U
A252 ECC828           (./generated-code/):00265 [6]     1203            LDD 40,U
A255 3406             (./generated-code/):00266 [7]     1210            PSHS D
A257 8633             (./generated-code/):00267 [2]     1212            LDA #$33
A259 C4F0             (./generated-code/):00268 [2]     1214            ANDB #$F0
A25B CA0E             (./generated-code/):00269 [2]     1216            ORB #$0e
A25D EDC828           (./generated-code/):00270 [6]     1222            STD 40,U
A260 ECC850           (./generated-code/):00271 [6]     1228            LDD 80,U
A263 3406             (./generated-code/):00272 [7]     1235            PSHS D
A265 863D             (./generated-code/):00273 [2]     1237            LDA #$3d
A267 C4F0             (./generated-code/):00274 [2]     1239            ANDB #$F0
A269 CA0F             (./generated-code/):00275 [2]     1241            ORB #$0f
A26B EDC850           (./generated-code/):00276 [6]     1247            STD 80,U
A26E A6C88B           (./generated-code/):00277 [5]     1252            LDA -117,U
A271 3402             (./generated-code/):00278 [6]     1258            PSHS A
A273 840F             (./generated-code/):00279 [2]     1260            ANDA #$0F
A275 8A90             (./generated-code/):00280 [2]     1262            ORA #$90
A277 A7C88B           (./generated-code/):00281 [5]     1267            STA -117,U
A27A A6C8B3           (./generated-code/):00282 [5]     1272            LDA -77,U
A27D 3402             (./generated-code/):00283 [6]     1278            PSHS A
A27F 840F             (./generated-code/):00284 [2]     1280            ANDA #$0F
A281 8A90             (./generated-code/):00285 [2]     1282            ORA #$90
A283 A7C8B3           (./generated-code/):00286 [5]     1287            STA -77,U
A286 A6C8D9           (./generated-code/):00287 [5]     1292            LDA -39,U
A289 3402             (./generated-code/):00288 [6]     1298            PSHS A
A28B 84F0             (./generated-code/):00289 [2]     1300            ANDA #$F0
A28D 8A0E             (./generated-code/):00290 [2]     1302            ORA #$0e
A28F A7C8D9           (./generated-code/):00291 [5]     1307            STA -39,U
A292 ECC8B1           (./generated-code/):00292 [6]     1313            LDD -79,U
A295 3406             (./generated-code/):00293 [7]     1320            PSHS D
A297 84F0             (./generated-code/):00294 [2]     1322            ANDA #$F0
A299 C40F             (./generated-code/):00295 [2]     1324            ANDB #$0F
A29B C30E90           (./generated-code/):00296 [4]     1328            ADDD #$0e90
A29E EDC8B1           (./generated-code/):00297 [6]     1334            STD -79,U
A2A1 ECC878           (./generated-code/):00298 [6]     1340            LDD 120,U
A2A4 3446             (./generated-code/):00299 [9]     1349            PSHS U,D
A2A6 840F             (./generated-code/):00300 [2]     1351            ANDA #$0F
A2A8 C4F0             (./generated-code/):00301 [2]     1353            ANDB #$F0
A2AA C3300E           (./generated-code/):00302 [4]     1357            ADDD #$300e
A2AD EDC878           (./generated-code/):00303 [6]     1363            STD 120,U
A2B0 33C900A0         (./generated-code/):00304 [8]     1371            LEAU 160,U
                      (./generated-code/):00305                 
A2B4 A6C4             (./generated-code/):00306 [4]     1375            LDA ,U
A2B6 3442             (./generated-code/):00307 [8]     1383            PSHS U,A
A2B8 840F             (./generated-code/):00308 [2]     1385            ANDA #$0F
A2BA 8AD0             (./generated-code/):00309 [2]     1387            ORA #$d0
A2BC A7C4             (./generated-code/):00310 [4]     1391            STA ,U
                      (./generated-code/):00311                 
A2BE DEFC             (./generated-code/):00312 [5]     1396            LDU <glb_screen_location_1
A2C0 33C9FE70         (./generated-code/):00313 [8]     1404            LEAU -400,U
                      (./generated-code/):00314                 
A2C4 A6C826           (./generated-code/):00315 [5]     1409            LDA 38,U
A2C7 3402             (./generated-code/):00316 [6]     1415            PSHS A
A2C9 84F0             (./generated-code/):00317 [2]     1417            ANDA #$F0
A2CB 8A0B             (./generated-code/):00318 [2]     1419            ORA #$0b
A2CD A7C826           (./generated-code/):00319 [5]     1424            STA 38,U
A2D0 A6C82A           (./generated-code/):00320 [5]     1429            LDA 42,U
A2D3 3402             (./generated-code/):00321 [6]     1435            PSHS A
A2D5 840F             (./generated-code/):00322 [2]     1437            ANDA #$0F
A2D7 8A90             (./generated-code/):00323 [2]     1439            ORA #$90
A2D9 A7C82A           (./generated-code/):00324 [5]     1444            STA 42,U
A2DC A6C84E           (./generated-code/):00325 [5]     1449            LDA 78,U
A2DF 3402             (./generated-code/):00326 [6]     1455            PSHS A
A2E1 84F0             (./generated-code/):00327 [2]     1457            ANDA #$F0
A2E3 8A0B             (./generated-code/):00328 [2]     1459            ORA #$0b
A2E5 A7C84E           (./generated-code/):00329 [5]     1464            STA 78,U
A2E8 A6C852           (./generated-code/):00330 [5]     1469            LDA 82,U
A2EB 3402             (./generated-code/):00331 [6]     1475            PSHS A
A2ED 840F             (./generated-code/):00332 [2]     1477            ANDA #$0F
A2EF 8AA0             (./generated-code/):00333 [2]     1479            ORA #$a0
A2F1 A7C852           (./generated-code/):00334 [5]     1484            STA 82,U
A2F4 A6C876           (./generated-code/):00335 [5]     1489            LDA 118,U
A2F7 3402             (./generated-code/):00336 [6]     1495            PSHS A
A2F9 84F0             (./generated-code/):00337 [2]     1497            ANDA #$F0
A2FB 8A0B             (./generated-code/):00338 [2]     1499            ORA #$0b
A2FD A7C876           (./generated-code/):00339 [5]     1504            STA 118,U
A300 A6C87A           (./generated-code/):00340 [5]     1509            LDA 122,U
A303 3402             (./generated-code/):00341 [6]     1515            PSHS A
A305 840F             (./generated-code/):00342 [2]     1517            ANDA #$0F
A307 8AA0             (./generated-code/):00343 [2]     1519            ORA #$a0
A309 A7C87A           (./generated-code/):00344 [5]     1524            STA 122,U
A30C A65E             (./generated-code/):00345 [5]     1529            LDA -2,U
A30E E6C8D6           (./generated-code/):00346 [5]     1534            LDB -42,U
A311 AEC878           (./generated-code/):00347 [6]     1540            LDX 120,U
A314 3416             (./generated-code/):00348 [9]     1549            PSHS X,B,A
A316 A6C886           (./generated-code/):00349 [5]     1554            LDA -122,U
A319 E6C8AE           (./generated-code/):00350 [5]     1559            LDB -82,U
A31C AEC8D8           (./generated-code/):00351 [6]     1565            LDX -40,U
A31F 3416             (./generated-code/):00352 [9]     1574            PSHS X,B,A
A321 A6C888           (./generated-code/):00353 [5]     1579            LDA -120,U
A324 E6C8B0           (./generated-code/):00354 [5]     1584            LDB -80,U
A327 AEC828           (./generated-code/):00355 [6]     1590            LDX 40,U
A32A 3416             (./generated-code/):00356 [9]     1599            PSHS X,B,A
A32C CCEEAA           (./generated-code/):00357 [3]     1602            LDD #$eeaa
A32F EDC828           (./generated-code/):00358 [6]     1608            STD 40,U
A332 86DC             (./generated-code/):00359 [2]     1610            LDA #$dc
A334 A7C8AE           (./generated-code/):00360 [5]     1615            STA -82,U
A337 86EE             (./generated-code/):00361 [2]     1617            LDA #$ee
A339 A7C888           (./generated-code/):00362 [5]     1622            STA -120,U
A33C A7C8B0           (./generated-code/):00363 [5]     1627            STA -80,U
A33F ECC850           (./generated-code/):00364 [6]     1633            LDD 80,U
A342 3406             (./generated-code/):00365 [7]     1640            PSHS D
A344 840F             (./generated-code/):00366 [2]     1642            ANDA #$0F
A346 8AE0             (./generated-code/):00367 [2]     1644            ORA #$e0
A348 C6DA             (./generated-code/):00368 [2]     1646            LDB #$da
A34A EDC850           (./generated-code/):00369 [6]     1652            STD 80,U
A34D CCE3DD           (./generated-code/):00370 [3]     1655            LDD #$e3dd
A350 EDC878           (./generated-code/):00371 [6]     1661            STD 120,U
A353 86DB             (./generated-code/):00372 [2]     1663            LDA #$db
A355 A7C886           (./generated-code/):00373 [5]     1668            STA -122,U
A358 A7C8D6           (./generated-code/):00374 [5]     1673            STA -42,U
A35B A75E             (./generated-code/):00375 [5]     1678            STA -2,U
A35D 86EE             (./generated-code/):00376 [2]     1680            LDA #$ee
A35F EDC8D8           (./generated-code/):00377 [6]     1686            STD -40,U
A362 3712             (./generated-code/):00378 [8]     1694            PULU A,X
A364 3452             (./generated-code/):00379 [10]    1704            PSHS U,X,A
A366 86EE             (./generated-code/):00380 [2]     1706            LDA #$ee
A368 8EDA99           (./generated-code/):00381 [3]     1709            LDX #$da99
A36B 3612             (./generated-code/):00382 [8]     1717            PSHU A,X
A36D 33C90117         (./generated-code/):00383 [8]     1725            LEAU 279,U
                      (./generated-code/):00384                 
A371 ECC887           (./generated-code/):00385 [6]     1731            LDD -121,U
A374 3406             (./generated-code/):00386 [7]     1738            PSHS D
A376 84F0             (./generated-code/):00387 [2]     1740            ANDA #$F0
A378 8A0D             (./generated-code/):00388 [2]     1742            ORA #$0d
A37A C6E9             (./generated-code/):00389 [2]     1744            LDB #$e9
A37C EDC887           (./generated-code/):00390 [6]     1750            STD -121,U
A37F ECC889           (./generated-code/):00391 [6]     1756            LDD -119,U
A382 3406             (./generated-code/):00392 [7]     1763            PSHS D
A384 84F0             (./generated-code/):00393 [2]     1765            ANDA #$F0
A386 8A0E             (./generated-code/):00394 [2]     1767            ORA #$0e
A388 C6FF             (./generated-code/):00395 [2]     1769            LDB #$ff
A38A EDC889           (./generated-code/):00396 [6]     1775            STD -119,U
A38D ECC8AF           (./generated-code/):00397 [6]     1781            LDD -81,U
A390 3406             (./generated-code/):00398 [7]     1788            PSHS D
A392 84F0             (./generated-code/):00399 [2]     1790            ANDA #$F0
A394 8A0D             (./generated-code/):00400 [2]     1792            ORA #$0d
A396 C6F9             (./generated-code/):00401 [2]     1794            LDB #$f9
A398 EDC8AF           (./generated-code/):00402 [6]     1800            STD -81,U
A39B ECC8B1           (./generated-code/):00403 [6]     1806            LDD -79,U
A39E 3406             (./generated-code/):00404 [7]     1813            PSHS D
A3A0 84F0             (./generated-code/):00405 [2]     1815            ANDA #$F0
A3A2 8A0E             (./generated-code/):00406 [2]     1817            ORA #$0e
A3A4 C6FF             (./generated-code/):00407 [2]     1819            LDB #$ff
A3A6 EDC8B1           (./generated-code/):00408 [6]     1825            STD -79,U
A3A9 A6C8B3           (./generated-code/):00409 [5]     1830            LDA -77,U
A3AC AEC8DA           (./generated-code/):00410 [6]     1836            LDX -38,U
A3AF 3412             (./generated-code/):00411 [8]     1844            PSHS X,A
A3B1 A6C88B           (./generated-code/):00412 [5]     1849            LDA -117,U
A3B4 3402             (./generated-code/):00413 [6]     1855            PSHS A
A3B6 840F             (./generated-code/):00414 [2]     1857            ANDA #$0F
A3B8 8AA0             (./generated-code/):00415 [2]     1859            ORA #$a0
A3BA A7C88B           (./generated-code/):00416 [5]     1864            STA -117,U
A3BD ECC8D8           (./generated-code/):00417 [6]     1870            LDD -40,U
A3C0 3406             (./generated-code/):00418 [7]     1877            PSHS D
A3C2 86ED             (./generated-code/):00419 [2]     1879            LDA #$ed
A3C4 C4F0             (./generated-code/):00420 [2]     1881            ANDB #$F0
A3C6 CA0E             (./generated-code/):00421 [2]     1883            ORB #$0e
A3C8 EDC8D8           (./generated-code/):00422 [6]     1889            STD -40,U
A3CB CCFFAA           (./generated-code/):00423 [3]     1892            LDD #$ffaa
A3CE EDC8DA           (./generated-code/):00424 [6]     1898            STD -38,U
A3D1 E7C8B3           (./generated-code/):00425 [5]     1903            STB -77,U
A3D4 3730             (./generated-code/):00426 [9]     1912            PULU X,Y
A3D6 3470             (./generated-code/):00427 [11]    1923            PSHS U,Y,X
A3D8 CC3E3E           (./generated-code/):00428 [3]     1926            LDD #$3e3e
A3DB 8EFFAA           (./generated-code/):00429 [3]     1929            LDX #$ffaa
A3DE 3616             (./generated-code/):00430 [9]     1938            PSHU D,X
A3E0 33C828           (./generated-code/):00431 [5]     1943            LEAU 40,U
                      (./generated-code/):00432                 
A3E3 3730             (./generated-code/):00433 [9]     1952            PULU X,Y
A3E5 3470             (./generated-code/):00434 [11]    1963            PSHS U,Y,X
A3E7 C6EE             (./generated-code/):00435 [2]     1965            LDB #$ee
A3E9 8EAA9A           (./generated-code/):00436 [3]     1968            LDX #$aa9a
A3EC 3616             (./generated-code/):00437 [9]     1977            PSHU D,X
A3EE 33C828           (./generated-code/):00438 [5]     1982            LEAU 40,U
                      (./generated-code/):00439                 
A3F1 3730             (./generated-code/):00440 [9]     1991            PULU X,Y
A3F3 3470             (./generated-code/):00441 [11]    2002            PSHS U,Y,X
A3F5 CC3DED           (./generated-code/):00442 [3]     2005            LDD #$3ded
A3F8 8EAACA           (./generated-code/):00443 [3]     2008            LDX #$aaca
A3FB 3616             (./generated-code/):00444 [9]     2017            PSHU D,X
A3FD 33C828           (./generated-code/):00445 [5]     2022            LEAU 40,U
                      (./generated-code/):00446                 
A400 ECC828           (./generated-code/):00447 [6]     2028            LDD 40,U
A403 3406             (./generated-code/):00448 [7]     2035            PSHS D
A405 84F0             (./generated-code/):00449 [2]     2037            ANDA #$F0
A407 8A0D             (./generated-code/):00450 [2]     2039            ORA #$0d
A409 C6A9             (./generated-code/):00451 [2]     2041            LDB #$a9
A40B EDC828           (./generated-code/):00452 [6]     2047            STD 40,U
A40E AEC82A           (./generated-code/):00453 [6]     2053            LDX 42,U
A411 3410             (./generated-code/):00454 [7]     2060            PSHS X
A413 CCAAE9           (./generated-code/):00455 [3]     2063            LDD #$aae9
A416 EDC82A           (./generated-code/):00456 [6]     2069            STD 42,U
A419 3716             (./generated-code/):00457 [9]     2078            PULU D,X
A41B 3456             (./generated-code/):00458 [11]    2089            PSHS U,X,D
A41D CCDD39           (./generated-code/):00459 [3]     2092            LDD #$dd39
A420 8EAAC9           (./generated-code/):00460 [3]     2095            LDX #$aac9
A423 3616             (./generated-code/):00461 [9]     2104            PSHU D,X
A425 33C851           (./generated-code/):00462 [5]     2109            LEAU 81,U
                      (./generated-code/):00463                 
A428 3712             (./generated-code/):00464 [8]     2117            PULU A,X
A42A 3452             (./generated-code/):00465 [10]    2127            PSHS U,X,A
A42C 863C             (./generated-code/):00466 [2]     2129            LDA #$3c
A42E 8EAA9A           (./generated-code/):00467 [3]     2132            LDX #$aa9a
A431 3612             (./generated-code/):00468 [8]     2140            PSHU A,X
A433 33C828           (./generated-code/):00469 [5]     2145            LEAU 40,U
                      (./generated-code/):00470                 
A436 ECC826           (./generated-code/):00471 [6]     2151            LDD 38,U
A439 3406             (./generated-code/):00472 [7]     2158            PSHS D
A43B 840F             (./generated-code/):00473 [2]     2160            ANDA #$0F
A43D C4F0             (./generated-code/):00474 [2]     2162            ANDB #$F0
A43F C3B009           (./generated-code/):00475 [4]     2166            ADDD #$b009
A442 EDC826           (./generated-code/):00476 [6]     2172            STD 38,U
A445 3712             (./generated-code/):00477 [8]     2180            PULU A,X
A447 3452             (./generated-code/):00478 [10]    2190            PSHS U,X,A
A449 863C             (./generated-code/):00479 [2]     2192            LDA #$3c
A44B 8E9A9A           (./generated-code/):00480 [3]     2195            LDX #$9a9a
A44E 3612             (./generated-code/):00481 [8]     2203            PSHU A,X
A450 33C828           (./generated-code/):00482 [5]     2208            LEAU 40,U
                      (./generated-code/):00483                 
A453 ECC826           (./generated-code/):00484 [6]     2214            LDD 38,U
A456 3406             (./generated-code/):00485 [7]     2221            PSHS D
A458 840F             (./generated-code/):00486 [2]     2223            ANDA #$0F
A45A C4F0             (./generated-code/):00487 [2]     2225            ANDB #$F0
A45C C3B009           (./generated-code/):00488 [4]     2229            ADDD #$b009
A45F EDC826           (./generated-code/):00489 [6]     2235            STD 38,U
A462 3712             (./generated-code/):00490 [8]     2243            PULU A,X
A464 3452             (./generated-code/):00491 [10]    2253            PSHS U,X,A
A466 869C             (./generated-code/):00492 [2]     2255            LDA #$9c
A468 8E999A           (./generated-code/):00493 [3]     2258            LDX #$999a
A46B 3612             (./generated-code/):00494 [8]     2266            PSHU A,X
A46D 33C828           (./generated-code/):00495 [5]     2271            LEAU 40,U
                      (./generated-code/):00496                 
A470 ECC826           (./generated-code/):00497 [6]     2277            LDD 38,U
A473 3406             (./generated-code/):00498 [7]     2284            PSHS D
A475 840F             (./generated-code/):00499 [2]     2286            ANDA #$0F
A477 8AB0             (./generated-code/):00500 [2]     2288            ORA #$b0
A479 C6AD             (./generated-code/):00501 [2]     2290            LDB #$ad
A47B EDC826           (./generated-code/):00502 [6]     2296            STD 38,U
A47E AEC828           (./generated-code/):00503 [6]     2302            LDX 40,U
A481 CCAE99           (./generated-code/):00504 [3]     2305            LDD #$ae99
A484 EDC828           (./generated-code/):00505 [6]     2311            STD 40,U
A487 10AEC850         (./generated-code/):00506 [7]     2318            LDY 80,U
A48B 3430             (./generated-code/):00507 [9]     2327            PSHS Y,X
A48D 86EE             (./generated-code/):00508 [2]     2329            LDA #$ee
A48F EDC850           (./generated-code/):00509 [6]     2335            STD 80,U
A492 ECC876           (./generated-code/):00510 [6]     2341            LDD 118,U
A495 3406             (./generated-code/):00511 [7]     2348            PSHS D
A497 86E3             (./generated-code/):00512 [2]     2350            LDA #$e3
A499 C40F             (./generated-code/):00513 [2]     2352            ANDB #$0F
A49B CAD0             (./generated-code/):00514 [2]     2354            ORB #$d0
A49D EDC876           (./generated-code/):00515 [6]     2360            STD 118,U
A4A0 ECC878           (./generated-code/):00516 [6]     2366            LDD 120,U
A4A3 3406             (./generated-code/):00517 [7]     2373            PSHS D
A4A5 86E3             (./generated-code/):00518 [2]     2375            LDA #$e3
A4A7 C4F0             (./generated-code/):00519 [2]     2377            ANDB #$F0
A4A9 CA09             (./generated-code/):00520 [2]     2379            ORB #$09
A4AB EDC878           (./generated-code/):00521 [6]     2385            STD 120,U
A4AE A6C82A           (./generated-code/):00522 [5]     2390            LDA 42,U
A4B1 3402             (./generated-code/):00523 [6]     2396            PSHS A
A4B3 84F0             (./generated-code/):00524 [2]     2398            ANDA #$F0
A4B5 8A0A             (./generated-code/):00525 [2]     2400            ORA #$0a
A4B7 A7C82A           (./generated-code/):00526 [5]     2405            STA 42,U
A4BA A6C852           (./generated-code/):00527 [5]     2410            LDA 82,U
A4BD 3402             (./generated-code/):00528 [6]     2416            PSHS A
A4BF 84F0             (./generated-code/):00529 [2]     2418            ANDA #$F0
A4C1 8A09             (./generated-code/):00530 [2]     2420            ORA #$09
A4C3 A7C852           (./generated-code/):00531 [5]     2425            STA 82,U
A4C6 A6C87A           (./generated-code/):00532 [5]     2430            LDA 122,U
A4C9 3402             (./generated-code/):00533 [6]     2436            PSHS A
A4CB 84F0             (./generated-code/):00534 [2]     2438            ANDA #$F0
A4CD 8A09             (./generated-code/):00535 [2]     2440            ORA #$09
A4CF A7C87A           (./generated-code/):00536 [5]     2445            STA 122,U
A4D2 ECC84E           (./generated-code/):00537 [6]     2451            LDD 78,U
A4D5 3406             (./generated-code/):00538 [7]     2458            PSHS D
A4D7 840F             (./generated-code/):00539 [2]     2460            ANDA #$0F
A4D9 C40F             (./generated-code/):00540 [2]     2462            ANDB #$0F
A4DB C33090           (./generated-code/):00541 [4]     2466            ADDD #$3090
A4DE EDC84E           (./generated-code/):00542 [6]     2472            STD 78,U
A4E1 3712             (./generated-code/):00543 [8]     2480            PULU A,X
A4E3 3452             (./generated-code/):00544 [10]    2490            PSHS U,X,A
A4E5 869E             (./generated-code/):00545 [2]     2492            LDA #$9e
A4E7 8E999A           (./generated-code/):00546 [3]     2495            LDX #$999a
A4EA 3612             (./generated-code/):00547 [8]     2503            PSHU A,X
A4EC 33C90103         (./generated-code/):00548 [8]     2511            LEAU 259,U
                      (./generated-code/):00549                 
A4F0 A6C813           (./generated-code/):00550 [5]     2516            LDA 19,U
A4F3 E6C815           (./generated-code/):00551 [5]     2521            LDB 21,U
A4F6 3406             (./generated-code/):00552 [7]     2528            PSHS B,A
A4F8 86D3             (./generated-code/):00553 [2]     2530            LDA #$d3
A4FA A7C813           (./generated-code/):00554 [5]     2535            STA 19,U
A4FD A6C83D           (./generated-code/):00555 [5]     2540            LDA 61,U
A500 E6C89B           (./generated-code/):00556 [5]     2545            LDB -101,U
A503 3406             (./generated-code/):00557 [7]     2552            PSHS B,A
A505 A6C8EB           (./generated-code/):00558 [5]     2557            LDA -21,U
A508 E6C865           (./generated-code/):00559 [5]     2562            LDB 101,U
A50B 3406             (./generated-code/):00560 [7]     2569            PSHS B,A
A50D ECC89D           (./generated-code/):00561 [6]     2575            LDD -99,U
A510 3406             (./generated-code/):00562 [7]     2582            PSHS D
A512 86EE             (./generated-code/):00563 [2]     2584            LDA #$ee
A514 C4F0             (./generated-code/):00564 [2]     2586            ANDB #$F0
A516 CA09             (./generated-code/):00565 [2]     2588            ORB #$09
A518 EDC89D           (./generated-code/):00566 [6]     2594            STD -99,U
A51B ECC8C3           (./generated-code/):00567 [6]     2600            LDD -61,U
A51E 3406             (./generated-code/):00568 [7]     2607            PSHS D
A520 86E3             (./generated-code/):00569 [2]     2609            LDA #$e3
A522 C40F             (./generated-code/):00570 [2]     2611            ANDB #$0F
A524 CAE0             (./generated-code/):00571 [2]     2613            ORB #$e0
A526 EDC8C3           (./generated-code/):00572 [6]     2619            STD -61,U
A529 ECC8C5           (./generated-code/):00573 [6]     2625            LDD -59,U
A52C 3406             (./generated-code/):00574 [7]     2632            PSHS D
A52E 86FF             (./generated-code/):00575 [2]     2634            LDA #$ff
A530 C4F0             (./generated-code/):00576 [2]     2636            ANDB #$F0
A532 CA09             (./generated-code/):00577 [2]     2638            ORB #$09
A534 EDC8C5           (./generated-code/):00578 [6]     2644            STD -59,U
A537 ECC8ED           (./generated-code/):00579 [6]     2650            LDD -19,U
A53A 3406             (./generated-code/):00580 [7]     2657            PSHS D
A53C 86FE             (./generated-code/):00581 [2]     2659            LDA #$fe
A53E C4F0             (./generated-code/):00582 [2]     2661            ANDB #$F0
A540 CA09             (./generated-code/):00583 [2]     2663            ORB #$09
A542 EDC8ED           (./generated-code/):00584 [6]     2669            STD -19,U
A545 A7C865           (./generated-code/):00585 [5]     2674            STA 101,U
A548 86FF             (./generated-code/):00586 [2]     2676            LDA #$ff
A54A A7C815           (./generated-code/):00587 [5]     2681            STA 21,U
A54D A7C83D           (./generated-code/):00588 [5]     2686            STA 61,U
A550 A6C89F           (./generated-code/):00589 [5]     2691            LDA -97,U
A553 3402             (./generated-code/):00590 [6]     2697            PSHS A
A555 84F0             (./generated-code/):00591 [2]     2699            ANDA #$F0
A557 8A09             (./generated-code/):00592 [2]     2701            ORA #$09
A559 A7C89F           (./generated-code/):00593 [5]     2706            STA -97,U
A55C A6C8C7           (./generated-code/):00594 [5]     2711            LDA -57,U
A55F 3402             (./generated-code/):00595 [6]     2717            PSHS A
A561 84F0             (./generated-code/):00596 [2]     2719            ANDA #$F0
A563 8A09             (./generated-code/):00597 [2]     2721            ORA #$09
A565 A7C8C7           (./generated-code/):00598 [5]     2726            STA -57,U
A568 A6C83B           (./generated-code/):00599 [5]     2731            LDA 59,U
A56B 3402             (./generated-code/):00600 [6]     2737            PSHS A
A56D 84F0             (./generated-code/):00601 [2]     2739            ANDA #$F0
A56F 8A03             (./generated-code/):00602 [2]     2741            ORA #$03
A571 A7C83B           (./generated-code/):00603 [5]     2746            STA 59,U
A574 A6C863           (./generated-code/):00604 [5]     2751            LDA 99,U
A577 3442             (./generated-code/):00605 [8]     2759            PSHS U,A
A579 84F0             (./generated-code/):00606 [2]     2761            ANDA #$F0
A57B 8A0D             (./generated-code/):00607 [2]     2763            ORA #$0d
A57D A7C863           (./generated-code/):00608 [5]     2768            STA 99,U
A580 86E3             (./generated-code/):00609 [2]     2770            LDA #$e3
A582 A7C89B           (./generated-code/):00610 [5]     2775            STA -101,U
A585 8633             (./generated-code/):00611 [2]     2777            LDA #$33
A587 A7C8EB           (./generated-code/):00612 [5]     2782            STA -21,U
A58A 33E4             (./generated-code/):00613 [4]     2786            LEAU ,S
A58C                  (./generated-code/):00614                 SSAV_Img_sonic_032_0
A58C 10FE9FFE         (./generated-code/):00615 [7]     2793            LDS glb_register_s
A590 39               (./generated-code/):00616 [5]     2798            RTS
                      (./generated-code/):00617                 
