                      (./generated-code/):00001                 INCLUDE "./Engine/Constants.asm"
                      (./Engine/Constant):00001         * ---------------------------------------------------------------------------
                      (./Engine/Constant):00002         * Constants
                      (./Engine/Constant):00003         *
                      (./Engine/Constant):00004         * Naming convention
                      (./Engine/Constant):00005         * -----------------
                      (./Engine/Constant):00006         * - lower case
                      (./Engine/Constant):00007         * - underscore-separated names
                      (./Engine/Constant):00008         *
                      (./Engine/Constant):00009         * ---------------------------------------------------------------------------
                      (./Engine/Constant):00010         
                      (./Engine/Constant):00011         * ===========================================================================
                      (./Engine/Constant):00012         * TO8 Registers
                      (./Engine/Constant):00013         * ===========================================================================
                      (./Engine/Constant):00014         
                      (./Engine/Constant):00015         ; Disk routine registers (ROM)
                      (./Engine/Constant):00016         
     6049             (./Engine/Constant):00017         dk_drive                      equ $6049
     604A             (./Engine/Constant):00018         dk_track                      equ $604A
     604B             (./Engine/Constant):00019         dk_track_lsb                  equ $604B
     604C             (./Engine/Constant):00020         dk_sector                     equ $604C
     604F             (./Engine/Constant):00021         dk_write_location             equ $604F
                      (./Engine/Constant):00022         
                      (./Engine/Constant):00023         * ===========================================================================
                      (./Engine/Constant):00024         * Globals
                      (./Engine/Constant):00025         * ===========================================================================
                      (./Engine/Constant):00026         
     009F             (./Engine/Constant):00027         glb_direct_page               equ $9F    ; direct page for globals
                      (./Engine/Constant):00028         
                      (./Engine/Constant):00029         ; compilated sprite
     9FFE             (./Engine/Constant):00030         glb_register_s                equ $9FFE  ; reverved space to store S from ROM routines
                      (./Engine/Constant):00031         
                      (./Engine/Constant):00032         ; DrawSprites
     9FFC             (./Engine/Constant):00033         glb_screen_location_1         equ $9FFC  ; start address for rendering of current sprite Part1     
     9FFA             (./Engine/Constant):00034         glb_screen_location_2         equ $9FFA  ; start address for rendering of current sprite Part2 (Must follow Part1)
                      (./Engine/Constant):00035         
                      (./Engine/Constant):00036         ; CheckSpritesRefresh
     9FF9             (./Engine/Constant):00037         glb_cur_priority              equ $9FF9
     9FF7             (./Engine/Constant):00038         glb_cur_ptr_sub_obj_erase     equ $9FF7
     9FF5             (./Engine/Constant):00039         glb_cur_ptr_sub_obj_draw      equ $9FF5
     9FF3             (./Engine/Constant):00040         glb_camera_x_pos              equ $9FF3 ; camera x position in palyfield coordinates
     9FF1             (./Engine/Constant):00041         glb_camera_y_pos              equ $9FF1 ; camera y position in palyfield coordinates
     9FEF             (./Engine/Constant):00042         glb_camera_x_min_pos          equ $9FEF
     9FED             (./Engine/Constant):00043         glb_camera_y_min_pos          equ $9FED
     9FEB             (./Engine/Constant):00044         glb_camera_x_max_pos          equ $9FEB
     9FE9             (./Engine/Constant):00045         glb_camera_y_max_pos          equ $9FE9
     9FE8             (./Engine/Constant):00046         glb_force_sprite_refresh      equ $9FE8
     9FE7             (./Engine/Constant):00047         glb_camera_move               equ $9FE7
     9FE6             (./Engine/Constant):00048         glb_alphaTiles                equ $9FE6
     9F00             (./Engine/Constant):00049         glb_tmp_var                   equ $9F00 ; custom tmp var space for routine
     9F00             (./Engine/Constant):00050         glb_system_stack              equ $9F00
                      (./Engine/Constant):00051         
                      (./Engine/Constant):00052         * ===========================================================================
                      (./Engine/Constant):00053         * Display Constants
                      (./Engine/Constant):00054         * ===========================================================================
                      (./Engine/Constant):00055         
     00A0             (./Engine/Constant):00056         screen_width                  equ 160    ; in pixel
     001C             (./Engine/Constant):00057         screen_top                    equ 28     ; in pixel
     00E3             (./Engine/Constant):00058         screen_bottom                 equ 28+199 ; in pixel
     0030             (./Engine/Constant):00059         screen_left                   equ 48     ; in pixel
     00CF             (./Engine/Constant):00060         screen_right                  equ 48+159 ; in pixel
     0008             (./Engine/Constant):00061         nb_priority_levels            equ 8      ; number of priority levels (need code change if modified)
                      (./Engine/Constant):00062         
                      (./Engine/Constant):00063         * ===========================================================================
                      (./Engine/Constant):00064         * Images Constants
                      (./Engine/Constant):00065         * ===========================================================================
                      (./Engine/Constant):00066         
     0004             (./Engine/Constant):00067         image_x_size                  equ 4
     0005             (./Engine/Constant):00068         image_y_size                  equ 5
     0006             (./Engine/Constant):00069         image_center_offset           equ 6
                      (./Engine/Constant):00070         
     0004             (./Engine/Constant):00071         image_subset_x1_offset        equ 4
     0005             (./Engine/Constant):00072         image_subset_y1_offset        equ 5
                      (./Engine/Constant):00073         
     0000             (./Engine/Constant):00074         page_draw_routine             equ 0
     0001             (./Engine/Constant):00075         draw_routine                  equ 1
     0003             (./Engine/Constant):00076         page_erase_routine            equ 3
     0004             (./Engine/Constant):00077         erase_routine                 equ 4
     0006             (./Engine/Constant):00078         erase_nb_cell                 equ 6
                      (./Engine/Constant):00079         
                      (./Engine/Constant):00080         * ===========================================================================
                      (./Engine/Constant):00081         * Sound Constants
                      (./Engine/Constant):00082         * ===========================================================================
                      (./Engine/Constant):00083         
     0000             (./Engine/Constant):00084         sound_page        equ 0
     0001             (./Engine/Constant):00085         sound_start_addr  equ 1
     0003             (./Engine/Constant):00086         sound_end_addr    equ 3
     0005             (./Engine/Constant):00087         sound_meta_size   equ 5
                      (./Engine/Constant):00088         
                      (./Engine/Constant):00089         * ===========================================================================
                      (./Engine/Constant):00090         * Object Constants
                      (./Engine/Constant):00091         * ===========================================================================
                      (./Engine/Constant):00092         
     005D             (./Engine/Constant):00093         object_core_size              equ 93  ; the size of an object without ext_vars - DEPENDENCY ClearObj routine
     ????             (./Engine/Constant):00094         object_size                   equ object_core_size+ext_variables_size ; the size of a dynamic object
     ????             (./Engine/Constant):00095         next_object                   equ object_size
     005D             (./Engine/Constant):00096         ext_variables                 equ object_core_size ; start of reserved space for additionnal variables
                      (./Engine/Constant):00097         
     0000             (./Engine/Constant):00098         id                            equ 0           ; reference to object model id (ObjID_) (0: free slot)
     0001             (./Engine/Constant):00099         subtype                       equ 1           ; reference to object subtype (Sub_)
     0002             (./Engine/Constant):00100         render_flags                  equ 2
                      (./Engine/Constant):00101         
                      (./Engine/Constant):00102         * --- render_flags bitfield variables ---
     0001             (./Engine/Constant):00103         render_xmirror_mask           equ $01 ; (bit 0) DEPENDENCY should be bit 0 - tell display engine to mirror sprite on horizontal axis
     0002             (./Engine/Constant):00104         render_ymirror_mask           equ $02 ; (bit 1) DEPENDENCY should be bit 1 - tell display engine to mirror sprite on vertical axis
     0004             (./Engine/Constant):00105         render_overlay_mask           equ $04 ; (bit 2) DEPENDENCY should be bit 2 - compilated sprite with no background save
     0008             (./Engine/Constant):00106         render_motionless_mask        equ $08 ; (bit 3) tell display engine to compute sub image and position check only once until the flag is removed  
     0010             (./Engine/Constant):00107         render_playfieldcoord_mask    equ $10 ; (bit 4) tell display engine to use playfield (1) or screen (0) coordinates
     0020             (./Engine/Constant):00108         render_hide_mask              equ $20 ; (bit 5) tell display engine to hide sprite (keep priority and mapping_frame)
     0040             (./Engine/Constant):00109         render_todelete_mask          equ $40 ; (bit 6) tell display engine to delete sprite and clear OST for this object
     0080             (./Engine/Constant):00110         render_xloop_mask             equ $80 ; (bit 7) (screen coordinate) tell display engine to hide sprite when x is out of screen (0) or to display (1)  
                      (./Engine/Constant):00111          
     0003             (./Engine/Constant):00112         priority                      equ 3           ; display priority (0: nothing to display, 1:front, ..., 8:back)
     0004             (./Engine/Constant):00113         anim                          equ 4  ; and 5  ; reference to current animation (Ani_)
     0006             (./Engine/Constant):00114         prev_anim                     equ 6  ; and 7  ; reference to previous animation (Ani_)
     0008             (./Engine/Constant):00115         anim_frame                    equ 8           ; index of current frame in animation
     0009             (./Engine/Constant):00116         anim_frame_duration           equ 9           ; number of frames for each image in animation, range: 00-7F (0-127), 0 means display only during one frame
     000A             (./Engine/Constant):00117         anim_flags                    equ 10          ; byte offset to reference an anim_flags LUT (adv) / store a link flag (non adv)
                      (./Engine/Constant):00118         
                      (./Engine/Constant):00119         * --- anim_flags bitfield variables ---
     0001             (./Engine/Constant):00120         anim_link_mask                equ $01 ; (bit 0) if set, allow the load of a new animation without reseting anim_frame and anim_frame_duration
                      (./Engine/Constant):00121         
     000B             (./Engine/Constant):00122         status_flags                  equ 11          ; orientation of sprite, is applied to animation xmirror flag during AnimateSprite
                      (./Engine/Constant):00123         
                      (./Engine/Constant):00124         * --- status_flags bitfield variables ---
     0001             (./Engine/Constant):00125         status_xflip_mask             equ $01 ; (bit 0) X Flip
     0002             (./Engine/Constant):00126         status_yflip_mask             equ $02 ; (bit 1) Y Flip
                      (./Engine/Constant):00127         
     000C             (./Engine/Constant):00128         image_set                     equ 12 ; and 13 ; reference to current image (Img_) (0000 if no image)
     000E             (./Engine/Constant):00129         x_pos                         equ 14 ; and 15 ; x playfield coordinate
     0010             (./Engine/Constant):00130         x_sub                         equ 16          ; x subpixel (1/256 of a pixel), must follow x_pos in data structure
     0011             (./Engine/Constant):00131         y_pos                         equ 17 ; and 18 ; y playfield coordinate
     0013             (./Engine/Constant):00132         y_sub                         equ 19          ; y subpixel (1/256 of a pixel), must follow y_pos in data structure
     0014             (./Engine/Constant):00133         xy_pixel                      equ 20          ; x and y screen coordinate
     0014             (./Engine/Constant):00134         x_pixel                       equ 20          ; x screen coordinate
     0015             (./Engine/Constant):00135         y_pixel                       equ 21          ; y screen coordinate, must follow x_pixel
                      (./Engine/Constant):00136         ;x_offset                      equ 93          ; x screen coordinate offset that is applied at rendering
                      (./Engine/Constant):00137         ;y_offset                      equ 94          ; x screen coordinate offset that is applied at rendering
     0016             (./Engine/Constant):00138         x_vel                         equ 22 ; and 23 ; horizontal velocity
     0018             (./Engine/Constant):00139         y_vel                         equ 24 ; and 25 ; vertical velocity
     001A             (./Engine/Constant):00140         x_acl                         equ 26 ; and 27 ; horizontal gravity
     001C             (./Engine/Constant):00141         y_acl                         equ 28 ; and 29 ; vertical gravity
     001E             (./Engine/Constant):00142         routine                       equ 30          ; index of current object routine
     001F             (./Engine/Constant):00143         routine_secondary             equ 31          ; index of current secondary routine
     0020             (./Engine/Constant):00144         routine_tertiary              equ 32          ; index of current tertiary routine
     0021             (./Engine/Constant):00145         routine_quaternary            equ 33          ; index of current quaternary routine
                      (./Engine/Constant):00146         
                      (./Engine/Constant):00147         * ---------------------------------------------------------------------------
                      (./Engine/Constant):00148         * reserved variables (update by engine)
                      (./Engine/Constant):00149         
     0022             (./Engine/Constant):00150         rsv_render_flags              equ 34
                      (./Engine/Constant):00151         
                      (./Engine/Constant):00152         * --- rsv_render_flags bitfield variables ---
     0001             (./Engine/Constant):00153         rsv_render_checkrefresh_mask  equ $01 ; (bit 0) if erasesprite and display sprite flag are processed for this frame
     0002             (./Engine/Constant):00154         rsv_render_erasesprite_mask   equ $02 ; (bit 1) if a sprite need to be cleared on screen
     0004             (./Engine/Constant):00155         rsv_render_displaysprite_mask equ $04 ; (bit 2) if a sprite need to be rendered on screen
     0008             (./Engine/Constant):00156         rsv_render_outofrange_mask    equ $08 ; (bit 3) if a sprite is out of range for full rendering in screen
     0080             (./Engine/Constant):00157         rsv_render_onscreen_mask      equ $80 ; (bit 7) DEPENDENCY should be bit 7 - has been rendered on last screen buffer (may be 0 or 1)
                      (./Engine/Constant):00158         
     0023             (./Engine/Constant):00159         rsv_prev_anim                 equ 35 ; and 36 ; reference to previous animation (Ani_) w * UTILE ?
     0025             (./Engine/Constant):00160         rsv_image_center_offset       equ 37 ; 0 or 1 offset that indicate if image center is even or odd (DRS_XYToAddress)
     0026             (./Engine/Constant):00161         rsv_image_subset              equ 38 ; and 39 ; reference to current image regarding mirror flags w
     0028             (./Engine/Constant):00162         rsv_mapping_frame             equ 40 ; and 41 ; reference to current image regarding mirror flags, overlay flag and x precision w
     002A             (./Engine/Constant):00163         rsv_erase_nb_cell             equ 42 ; b 
     002B             (./Engine/Constant):00164         rsv_page_draw_routine         equ 43 ; b
     002C             (./Engine/Constant):00165         rsv_draw_routine              equ 44 ; and 45 ; w
     002E             (./Engine/Constant):00166         rsv_page_erase_routine        equ 46 ; b
     002F             (./Engine/Constant):00167         rsv_erase_routine             equ 47 ; and 48 ; w 
     0031             (./Engine/Constant):00168         rsv_xy1_pixel                 equ 49 ;
     0031             (./Engine/Constant):00169         rsv_x1_pixel                  equ 49 ; x+x_offset-(x_size/2) screen coordinate
     0032             (./Engine/Constant):00170         rsv_y1_pixel                  equ 50 ; y+y_offset-(y_size/2) screen coordinate, must follow rsv_x1_pixel
     0033             (./Engine/Constant):00171         rsv_xy2_pixel                 equ 51 ;
     0033             (./Engine/Constant):00172         rsv_x2_pixel                  equ 51 ; x+x_offset+(x_size/2) screen coordinate
     0034             (./Engine/Constant):00173         rsv_y2_pixel                  equ 52 ; y+y_offset+(y_size/2) screen coordinate, must follow rsv_x2_pixel
                      (./Engine/Constant):00174         
                      (./Engine/Constant):00175         * ---------------------------------------------------------------------------
                      (./Engine/Constant):00176         * reserved variables (engine) - buffer specific
                      (./Engine/Constant):00177         
     0035             (./Engine/Constant):00178         rsv_buffer_0                  equ 53 ; Start index of buffer 0 variables
     0035             (./Engine/Constant):00179         rsv_priority_0                equ 53 ; internal value that hold priority in video buffer 0
     0036             (./Engine/Constant):00180         rsv_priority_prev_obj_0       equ 54 ; and 55 ; previous object (OST address) in display priority list for video buffer 0 (0000 if none) w
     0038             (./Engine/Constant):00181         rsv_priority_next_obj_0       equ 56 ; and 57 ; next object (OST address) in display priority list for video buffer 0 (0000 if none) w
     003A             (./Engine/Constant):00182         rsv_prev_mapping_frame_0      equ 58 ; and 59 ; reference to previous image in video buffer 0 w
     003C             (./Engine/Constant):00183         rsv_prev_erase_nb_cell_0      equ 60 : b
     003D             (./Engine/Constant):00184         rsv_prev_page_erase_routine_0 equ 61 ; b
     003E             (./Engine/Constant):00185         rsv_prev_erase_routine_0      equ 62 ; and 63 ; w
     0040             (./Engine/Constant):00186         rsv_bgdata_0                  equ 64 ; and 65 ; address of background data in screen 0 w
     0042             (./Engine/Constant):00187         rsv_prev_xy_pixel_0           equ 66 ;
     0042             (./Engine/Constant):00188         rsv_prev_x_pixel_0            equ 66 ; previous x screen coordinate b
     0043             (./Engine/Constant):00189         rsv_prev_y_pixel_0            equ 67 ; previous y screen coordinate b, must follow x_pixel
     0044             (./Engine/Constant):00190         rsv_prev_xy1_pixel_0          equ 68 ;
     0044             (./Engine/Constant):00191         rsv_prev_x1_pixel_0           equ 68 ; previous x+x_offset-(x_size/2) screen coordinate b
     0045             (./Engine/Constant):00192         rsv_prev_y1_pixel_0           equ 69 ; previous y+y_offset-(y_size/2) screen coordinate b, must follow x1_pixel
     0046             (./Engine/Constant):00193         rsv_prev_xy2_pixel_0          equ 70 ;
     0046             (./Engine/Constant):00194         rsv_prev_x2_pixel_0           equ 70 ; previous x+x_offset+(x_size/2) screen coordinate b
     0047             (./Engine/Constant):00195         rsv_prev_y2_pixel_0           equ 71 ; previous y+y_offset+(y_size/2) screen coordinate b, must follow x2_pixel
     0048             (./Engine/Constant):00196         rsv_prev_render_flags_0       equ 72 ;
                      (./Engine/Constant):00197         * --- rsv_prev_render_flags_0 bitfield variables ---
     0001             (./Engine/Constant):00198         rsv_prev_render_overlay_mask  equ $01 ; (bit 0) if a sprite has been rendered with compilated sprite and no background save on screen buffer 0/1
     0080             (./Engine/Constant):00199         rsv_prev_render_onscreen_mask equ $80 ; (bit 7) DEPENDENCY should be bit 7 - has been rendered on screen buffer 0/1
                      (./Engine/Constant):00200         
     0049             (./Engine/Constant):00201         rsv_buffer_1                  equ 73 ; Start index of buffer 1 variables
     0049             (./Engine/Constant):00202         rsv_priority_1                equ 73 ; internal value that hold priority in video buffer 1
     004A             (./Engine/Constant):00203         rsv_priority_prev_obj_1       equ 74 ; and 75 ; previous object (OST address) in display priority list for video buffer 1 (0000 if none) w
     004C             (./Engine/Constant):00204         rsv_priority_next_obj_1       equ 76 ; and 77 ; next object (OST address) in display priority list for video buffer 1 (0000 if none) w
     004E             (./Engine/Constant):00205         rsv_prev_mapping_frame_1      equ 78 ; and 79 ; reference to previous image in video buffer 1 w
     0050             (./Engine/Constant):00206         rsv_prev_erase_nb_cell_1      equ 80 ; b
     0051             (./Engine/Constant):00207         rsv_prev_page_erase_routine_1 equ 81 ; b
     0052             (./Engine/Constant):00208         rsv_prev_erase_routine_1      equ 82 ; and 83 ; w
     0054             (./Engine/Constant):00209         rsv_bgdata_1                  equ 84 ; and 85 ; address of background data in screen 1 w
     0056             (./Engine/Constant):00210         rsv_prev_xy_pixel_1           equ 86 ;
     0056             (./Engine/Constant):00211         rsv_prev_x_pixel_1            equ 86 ; previous x screen coordinate b
     0057             (./Engine/Constant):00212         rsv_prev_y_pixel_1            equ 87 ; previous y screen coordinate b, must follow x_pixel
     0058             (./Engine/Constant):00213         rsv_prev_xy1_pixel_1          equ 88 ;
     0058             (./Engine/Constant):00214         rsv_prev_x1_pixel_1           equ 88 ; previous x+x_size screen coordinate b
     0059             (./Engine/Constant):00215         rsv_prev_y1_pixel_1           equ 89 ; previous y+y_size screen coordinate b, must follow x_pixel
     005A             (./Engine/Constant):00216         rsv_prev_xy2_pixel_1          equ 90 ;
     005A             (./Engine/Constant):00217         rsv_prev_x2_pixel_1           equ 90 ; previous x+x_size screen coordinate b
     005B             (./Engine/Constant):00218         rsv_prev_y2_pixel_1           equ 91 ; previous y+y_size screen coordinate b, must follow x_pixel
     005C             (./Engine/Constant):00219         rsv_prev_render_flags_1       equ 92 ;
                      (./Engine/Constant):00220         
     0000             (./Engine/Constant):00221         buf_priority                  equ 0  ; offset for each rsv_buffer variables
     0001             (./Engine/Constant):00222         buf_priority_prev_obj         equ 1  ;
     0003             (./Engine/Constant):00223         buf_priority_next_obj         equ 3  ;
     0005             (./Engine/Constant):00224         buf_prev_mapping_frame        equ 5  ;
     0007             (./Engine/Constant):00225         buf_erase_nb_cell             equ 7  ;
     0008             (./Engine/Constant):00226         buf_page_erase_routine        equ 8 ;
     0009             (./Engine/Constant):00227         buf_erase_routine             equ 9 ;
     000B             (./Engine/Constant):00228         buf_bgdata                    equ 11 ;
     000D             (./Engine/Constant):00229         buf_prev_xy_pixel             equ 13 ;
     000D             (./Engine/Constant):00230         buf_prev_x_pixel              equ 13 ;
     000E             (./Engine/Constant):00231         buf_prev_y_pixel              equ 14 ;
     000F             (./Engine/Constant):00232         buf_prev_xy1_pixel            equ 15 ;
     000F             (./Engine/Constant):00233         buf_prev_x1_pixel             equ 15 ;
     0010             (./Engine/Constant):00234         buf_prev_y1_pixel             equ 16 ;
     0011             (./Engine/Constant):00235         buf_prev_xy2_pixel            equ 17 ;
     0011             (./Engine/Constant):00236         buf_prev_x2_pixel             equ 17 ;
     0012             (./Engine/Constant):00237         buf_prev_y2_pixel             equ 18 ;
     0013             (./Engine/Constant):00238         buf_prev_render_flags         equ 19 ;
                      (./generated-code/):00002                 ORG $A000
     FF               (./generated-code/):00003                 SETDP $FF
                      (./generated-code/):00004                 OPT C,CT
A000                  (./generated-code/):00005                 BCKDRAW_Img_sonic_211_0
A000 10FF9FFE         (./generated-code/):00006 [7]     7               STS glb_register_s
                      (./generated-code/):00007                 
A004 32A4             (./generated-code/):00008 [4]     11              LEAS ,Y
A006 33C9FD95         (./generated-code/):00009 [8]     19              LEAU -619,U
                      (./generated-code/):00010                 
A00A A6C8C4           (./generated-code/):00011 [5]     24              LDA -60,U
A00D AEC813           (./generated-code/):00012 [6]     30              LDX 19,U
A010 10AEC83B         (./generated-code/):00013 [7]     37              LDY 59,U
A014 3432             (./generated-code/):00014 [10]    47              PSHS Y,X,A
A016 ECC8EB           (./generated-code/):00015 [6]     53              LDD -21,U
A019 3446             (./generated-code/):00016 [9]     62              PSHS U,D
A01B 84F0             (./generated-code/):00017 [2]     64              ANDA #$F0
A01D 8A0A             (./generated-code/):00018 [2]     66              ORA #$0a
A01F C6AA             (./generated-code/):00019 [2]     68              LDB #$aa
A021 EDC8EB           (./generated-code/):00020 [6]     74              STD -21,U
A024 E7C8C4           (./generated-code/):00021 [5]     79              STB -60,U
A027 CCAAA9           (./generated-code/):00022 [3]     82              LDD #$aaa9
A02A EDC813           (./generated-code/):00023 [6]     88              STD 19,U
A02D CCA999           (./generated-code/):00024 [3]     91              LDD #$a999
A030 EDC83B           (./generated-code/):00025 [6]     97              STD 59,U
A033 33C900DA         (./generated-code/):00026 [8]     105             LEAU 218,U
                      (./generated-code/):00027                 
A037 ECC888           (./generated-code/):00028 [6]     111             LDD -120,U
A03A 3406             (./generated-code/):00029 [7]     118             PSHS D
A03C 840F             (./generated-code/):00030 [2]     120             ANDA #$0F
A03E 8A90             (./generated-code/):00031 [2]     122             ORA #$90
A040 C6A9             (./generated-code/):00032 [2]     124             LDB #$a9
A042 EDC888           (./generated-code/):00033 [6]     130             STD -120,U
A045 ECC8B0           (./generated-code/):00034 [6]     136             LDD -80,U
A048 3406             (./generated-code/):00035 [7]     143             PSHS D
A04A 840F             (./generated-code/):00036 [2]     145             ANDA #$0F
A04C 8A90             (./generated-code/):00037 [2]     147             ORA #$90
A04E C6EC             (./generated-code/):00038 [2]     149             LDB #$ec
A050 EDC8B0           (./generated-code/):00039 [6]     155             STD -80,U
A053 A6C88A           (./generated-code/):00040 [5]     160             LDA -118,U
A056 3402             (./generated-code/):00041 [6]     166             PSHS A
A058 840F             (./generated-code/):00042 [2]     168             ANDA #$0F
A05A 8A90             (./generated-code/):00043 [2]     170             ORA #$90
A05C A7C88A           (./generated-code/):00044 [5]     175             STA -118,U
A05F A6C8B2           (./generated-code/):00045 [5]     180             LDA -78,U
A062 3402             (./generated-code/):00046 [6]     186             PSHS A
A064 840F             (./generated-code/):00047 [2]     188             ANDA #$0F
A066 8A90             (./generated-code/):00048 [2]     190             ORA #$90
A068 A7C8B2           (./generated-code/):00049 [5]     195             STA -78,U
A06B AEC8D8           (./generated-code/):00050 [6]     201             LDX -40,U
A06E 3410             (./generated-code/):00051 [7]     208             PSHS X
A070 CC9AEC           (./generated-code/):00052 [3]     211             LDD #$9aec
A073 EDC8D8           (./generated-code/):00053 [6]     217             STD -40,U
A076 3712             (./generated-code/):00054 [8]     225             PULU A,X
A078 3452             (./generated-code/):00055 [10]    235             PSHS U,X,A
A07A 869A             (./generated-code/):00056 [2]     237             LDA #$9a
A07C 8EACAA           (./generated-code/):00057 [3]     240             LDX #$acaa
A07F 3612             (./generated-code/):00058 [8]     248             PSHU A,X
A081 33C828           (./generated-code/):00059 [5]     253             LEAU 40,U
                      (./generated-code/):00060                 
A084 3712             (./generated-code/):00061 [8]     261             PULU A,X
A086 3452             (./generated-code/):00062 [10]    271             PSHS U,X,A
A088 869A             (./generated-code/):00063 [2]     273             LDA #$9a
A08A 8EACAA           (./generated-code/):00064 [3]     276             LDX #$acaa
A08D 3612             (./generated-code/):00065 [8]     284             PSHU A,X
A08F 33C828           (./generated-code/):00066 [5]     289             LEAU 40,U
                      (./generated-code/):00067                 
A092 A643             (./generated-code/):00068 [5]     294             LDA 3,U
A094 3402             (./generated-code/):00069 [6]     300             PSHS A
A096 840F             (./generated-code/):00070 [2]     302             ANDA #$0F
A098 8A90             (./generated-code/):00071 [2]     304             ORA #$90
A09A A743             (./generated-code/):00072 [5]     309             STA 3,U
A09C 3712             (./generated-code/):00073 [8]     317             PULU A,X
A09E 3452             (./generated-code/):00074 [10]    327             PSHS U,X,A
A0A0 86AA             (./generated-code/):00075 [2]     329             LDA #$aa
A0A2 8EAAAA           (./generated-code/):00076 [3]     332             LDX #$aaaa
A0A5 3612             (./generated-code/):00077 [8]     340             PSHU A,X
A0A7 33C828           (./generated-code/):00078 [5]     345             LEAU 40,U
                      (./generated-code/):00079                 
A0AA A643             (./generated-code/):00080 [5]     350             LDA 3,U
A0AC 3402             (./generated-code/):00081 [6]     356             PSHS A
A0AE 84F0             (./generated-code/):00082 [2]     358             ANDA #$F0
A0B0 8A0E             (./generated-code/):00083 [2]     360             ORA #$0e
A0B2 A743             (./generated-code/):00084 [5]     365             STA 3,U
A0B4 3712             (./generated-code/):00085 [8]     373             PULU A,X
A0B6 3452             (./generated-code/):00086 [10]    383             PSHS U,X,A
A0B8 86AA             (./generated-code/):00087 [2]     385             LDA #$aa
A0BA 8EAAA9           (./generated-code/):00088 [3]     388             LDX #$aaa9
A0BD 3612             (./generated-code/):00089 [8]     396             PSHU A,X
A0BF 33C828           (./generated-code/):00090 [5]     401             LEAU 40,U
                      (./generated-code/):00091                 
A0C2 3730             (./generated-code/):00092 [9]     410             PULU X,Y
A0C4 3470             (./generated-code/):00093 [11]    421             PSHS U,Y,X
A0C6 C6AE             (./generated-code/):00094 [2]     423             LDB #$ae
A0C8 8E99EF           (./generated-code/):00095 [3]     426             LDX #$99ef
A0CB 3616             (./generated-code/):00096 [9]     435             PSHU D,X
A0CD 33C828           (./generated-code/):00097 [5]     440             LEAU 40,U
                      (./generated-code/):00098                 
A0D0 AEC828           (./generated-code/):00099 [6]     446             LDX 40,U
A0D3 10AEC850         (./generated-code/):00100 [7]     453             LDY 80,U
A0D7 3430             (./generated-code/):00101 [9]     462             PSHS Y,X
A0D9 ECC82A           (./generated-code/):00102 [6]     468             LDD 42,U
A0DC 3406             (./generated-code/):00103 [7]     475             PSHS D
A0DE 840F             (./generated-code/):00104 [2]     477             ANDA #$0F
A0E0 8A90             (./generated-code/):00105 [2]     479             ORA #$90
A0E2 C6FE             (./generated-code/):00106 [2]     481             LDB #$fe
A0E4 EDC82A           (./generated-code/):00107 [6]     487             STD 42,U
A0E7 ECC852           (./generated-code/):00108 [6]     493             LDD 82,U
A0EA 3406             (./generated-code/):00109 [7]     500             PSHS D
A0EC 840F             (./generated-code/):00110 [2]     502             ANDA #$0F
A0EE 8A90             (./generated-code/):00111 [2]     504             ORA #$90
A0F0 C6FE             (./generated-code/):00112 [2]     506             LDB #$fe
A0F2 EDC852           (./generated-code/):00113 [6]     512             STD 82,U
A0F5 CCDDAA           (./generated-code/):00114 [3]     515             LDD #$ddaa
A0F8 EDC828           (./generated-code/):00115 [6]     521             STD 40,U
A0FB EDC850           (./generated-code/):00116 [6]     527             STD 80,U
A0FE 3730             (./generated-code/):00117 [9]     536             PULU X,Y
A100 3470             (./generated-code/):00118 [11]    547             PSHS U,Y,X
A102 86AA             (./generated-code/):00119 [2]     549             LDA #$aa
A104 8E99FF           (./generated-code/):00120 [3]     552             LDX #$99ff
A107 3616             (./generated-code/):00121 [9]     561             PSHU D,X
A109 33C878           (./generated-code/):00122 [5]     566             LEAU 120,U
                      (./generated-code/):00123                 
A10C 3730             (./generated-code/):00124 [9]     575             PULU X,Y
A10E 3470             (./generated-code/):00125 [11]    586             PSHS U,Y,X
A110 CCDDAF           (./generated-code/):00126 [3]     589             LDD #$ddaf
A113 8E93FF           (./generated-code/):00127 [3]     592             LDX #$93ff
A116 3616             (./generated-code/):00128 [9]     601             PSHU D,X
A118 33C828           (./generated-code/):00129 [5]     606             LEAU 40,U
                      (./generated-code/):00130                 
A11B 3730             (./generated-code/):00131 [9]     615             PULU X,Y
A11D 3470             (./generated-code/):00132 [11]    626             PSHS U,Y,X
A11F CCECFC           (./generated-code/):00133 [3]     629             LDD #$ecfc
A122 8E3CFE           (./generated-code/):00134 [3]     632             LDX #$3cfe
A125 3616             (./generated-code/):00135 [9]     641             PSHU D,X
A127 33C828           (./generated-code/):00136 [5]     646             LEAU 40,U
                      (./generated-code/):00137                 
A12A AEC829           (./generated-code/):00138 [6]     652             LDX 41,U
A12D CCCC39           (./generated-code/):00139 [3]     655             LDD #$cc39
A130 EDC829           (./generated-code/):00140 [6]     661             STD 41,U
A133 10AEC851         (./generated-code/):00141 [7]     668             LDY 81,U
A137 3430             (./generated-code/):00142 [9]     677             PSHS Y,X
A139 A643             (./generated-code/):00143 [5]     682             LDA 3,U
A13B 3402             (./generated-code/):00144 [6]     688             PSHS A
A13D 840F             (./generated-code/):00145 [2]     690             ANDA #$0F
A13F 8AE0             (./generated-code/):00146 [2]     692             ORA #$e0
A141 A743             (./generated-code/):00147 [5]     697             STA 3,U
A143 CCEE99           (./generated-code/):00148 [3]     700             LDD #$ee99
A146 EDC851           (./generated-code/):00149 [6]     706             STD 81,U
A149 ECC879           (./generated-code/):00150 [6]     712             LDD 121,U
A14C 3406             (./generated-code/):00151 [7]     719             PSHS D
A14E 84F0             (./generated-code/):00152 [2]     721             ANDA #$F0
A150 8A03             (./generated-code/):00153 [2]     723             ORA #$03
A152 C699             (./generated-code/):00154 [2]     725             LDB #$99
A154 EDC879           (./generated-code/):00155 [6]     731             STD 121,U
A157 3712             (./generated-code/):00156 [8]     739             PULU A,X
A159 3452             (./generated-code/):00157 [10]    749             PSHS U,X,A
A15B 86DE             (./generated-code/):00158 [2]     751             LDA #$de
A15D 8ECCC3           (./generated-code/):00159 [3]     754             LDX #$ccc3
A160 3612             (./generated-code/):00160 [8]     762             PSHU A,X
A162 33C90119         (./generated-code/):00161 [8]     770             LEAU 281,U
                      (./generated-code/):00162                 
A166 ECC888           (./generated-code/):00163 [6]     776             LDD -120,U
A169 3406             (./generated-code/):00164 [7]     783             PSHS D
A16B 84F0             (./generated-code/):00165 [2]     785             ANDA #$F0
A16D 8A03             (./generated-code/):00166 [2]     787             ORA #$03
A16F C6E9             (./generated-code/):00167 [2]     789             LDB #$e9
A171 EDC888           (./generated-code/):00168 [6]     795             STD -120,U
A174 ECC4             (./generated-code/):00169 [5]     800             LDD ,U
A176 3406             (./generated-code/):00170 [7]     807             PSHS D
A178 84F0             (./generated-code/):00171 [2]     809             ANDA #$F0
A17A 8A09             (./generated-code/):00172 [2]     811             ORA #$09
A17C C6A9             (./generated-code/):00173 [2]     813             LDB #$a9
A17E EDC4             (./generated-code/):00174 [5]     818             STD ,U
A180 ECC84E           (./generated-code/):00175 [6]     824             LDD 78,U
A183 3406             (./generated-code/):00176 [7]     831             PSHS D
A185 84F0             (./generated-code/):00177 [2]     833             ANDA #$F0
A187 8A0D             (./generated-code/):00178 [2]     835             ORA #$0d
A189 C6C3             (./generated-code/):00179 [2]     837             LDB #$c3
A18B EDC84E           (./generated-code/):00180 [6]     843             STD 78,U
A18E ECC876           (./generated-code/):00181 [6]     849             LDD 118,U
A191 3406             (./generated-code/):00182 [7]     856             PSHS D
A193 84F0             (./generated-code/):00183 [2]     858             ANDA #$F0
A195 8A0D             (./generated-code/):00184 [2]     860             ORA #$0d
A197 C6CB             (./generated-code/):00185 [2]     862             LDB #$cb
A199 EDC876           (./generated-code/):00186 [6]     868             STD 118,U
A19C A6C8B1           (./generated-code/):00187 [5]     873             LDA -79,U
A19F 3402             (./generated-code/):00188 [6]     879             PSHS A
A1A1 86E9             (./generated-code/):00189 [2]     881             LDA #$e9
A1A3 A7C8B1           (./generated-code/):00190 [5]     886             STA -79,U
A1A6 ECC826           (./generated-code/):00191 [6]     892             LDD 38,U
A1A9 3406             (./generated-code/):00192 [7]     899             PSHS D
A1AB 84F0             (./generated-code/):00193 [2]     901             ANDA #$F0
A1AD C40F             (./generated-code/):00194 [2]     903             ANDB #$0F
A1AF C303B0           (./generated-code/):00195 [4]     907             ADDD #$03b0
A1B2 EDC826           (./generated-code/):00196 [6]     913             STD 38,U
A1B5 ECC828           (./generated-code/):00197 [6]     919             LDD 40,U
A1B8 3406             (./generated-code/):00198 [7]     926             PSHS D
A1BA 869D             (./generated-code/):00199 [2]     928             LDA #$9d
A1BC C40F             (./generated-code/):00200 [2]     930             ANDB #$0F
A1BE CA90             (./generated-code/):00201 [2]     932             ORB #$90
A1C0 EDC828           (./generated-code/):00202 [6]     938             STD 40,U
A1C3 A6C8D9           (./generated-code/):00203 [5]     943             LDA -39,U
A1C6 E65E             (./generated-code/):00204 [5]     948             LDB -2,U
A1C8 3406             (./generated-code/):00205 [7]     955             PSHS B,A
A1CA C4F0             (./generated-code/):00206 [2]     957             ANDB #$F0
A1CC CA0D             (./generated-code/):00207 [2]     959             ORB #$0d
A1CE E75E             (./generated-code/):00208 [5]     964             STB -2,U
A1D0 A6C850           (./generated-code/):00209 [5]     969             LDA 80,U
A1D3 3402             (./generated-code/):00210 [6]     975             PSHS A
A1D5 840F             (./generated-code/):00211 [2]     977             ANDA #$0F
A1D7 8A90             (./generated-code/):00212 [2]     979             ORA #$90
A1D9 A7C850           (./generated-code/):00213 [5]     984             STA 80,U
A1DC A6C878           (./generated-code/):00214 [5]     989             LDA 120,U
A1DF 3442             (./generated-code/):00215 [8]     997             PSHS U,A
A1E1 840F             (./generated-code/):00216 [2]     999             ANDA #$0F
A1E3 8AD0             (./generated-code/):00217 [2]     1001            ORA #$d0
A1E5 A7C878           (./generated-code/):00218 [5]     1006            STA 120,U
A1E8 86A9             (./generated-code/):00219 [2]     1008            LDA #$a9
A1EA A7C8D9           (./generated-code/):00220 [5]     1013            STA -39,U
A1ED 33C90117         (./generated-code/):00221 [8]     1021            LEAU 279,U
                      (./generated-code/):00222                 
A1F1 ECC878           (./generated-code/):00223 [6]     1027            LDD 120,U
A1F4 3406             (./generated-code/):00224 [7]     1034            PSHS D
A1F6 86D3             (./generated-code/):00225 [2]     1036            LDA #$d3
A1F8 C40F             (./generated-code/):00226 [2]     1038            ANDB #$0F
A1FA CA30             (./generated-code/):00227 [2]     1040            ORB #$30
A1FC EDC878           (./generated-code/):00228 [6]     1046            STD 120,U
A1FF AEC8D8           (./generated-code/):00229 [6]     1052            LDX -40,U
A202 10AEC8B0         (./generated-code/):00230 [7]     1059            LDY -80,U
A206 3430             (./generated-code/):00231 [9]     1068            PSHS Y,X
A208 CC3FFE           (./generated-code/):00232 [3]     1071            LDD #$3ffe
A20B EDC8D8           (./generated-code/):00233 [6]     1077            STD -40,U
A20E ECC850           (./generated-code/):00234 [6]     1083            LDD 80,U
A211 AEC4             (./generated-code/):00235 [5]     1088            LDX ,U
A213 10AEC888         (./generated-code/):00236 [7]     1095            LDY -120,U
A217 3436             (./generated-code/):00237 [11]    1106            PSHS Y,X,D
A219 CC333E           (./generated-code/):00238 [3]     1109            LDD #$333e
A21C EDC850           (./generated-code/):00239 [6]     1115            STD 80,U
A21F AEC828           (./generated-code/):00240 [6]     1121            LDX 40,U
A222 3450             (./generated-code/):00241 [9]     1130            PSHS U,X
A224 863D             (./generated-code/):00242 [2]     1132            LDA #$3d
A226 EDC828           (./generated-code/):00243 [6]     1138            STD 40,U
A229 C6EE             (./generated-code/):00244 [2]     1140            LDB #$ee
A22B EDC4             (./generated-code/):00245 [5]     1145            STD ,U
A22D CCDBFA           (./generated-code/):00246 [3]     1148            LDD #$dbfa
A230 EDC888           (./generated-code/):00247 [6]     1154            STD -120,U
A233 863C             (./generated-code/):00248 [2]     1156            LDA #$3c
A235 EDC8B0           (./generated-code/):00249 [6]     1162            STD -80,U
A238 33C900C8         (./generated-code/):00250 [8]     1170            LEAU 200,U
                      (./generated-code/):00251                 
A23C ECC8D8           (./generated-code/):00252 [6]     1176            LDD -40,U
A23F 3406             (./generated-code/):00253 [7]     1183            PSHS D
A241 86D3             (./generated-code/):00254 [2]     1185            LDA #$d3
A243 C40F             (./generated-code/):00255 [2]     1187            ANDB #$0F
A245 CAD0             (./generated-code/):00256 [2]     1189            ORB #$d0
A247 EDC8D8           (./generated-code/):00257 [6]     1195            STD -40,U
A24A A6C4             (./generated-code/):00258 [4]     1199            LDA ,U
A24C E6C828           (./generated-code/):00259 [5]     1204            LDB 40,U
A24F 3446             (./generated-code/):00260 [9]     1213            PSHS U,B,A
A251 C40F             (./generated-code/):00261 [2]     1215            ANDB #$0F
A253 CAD0             (./generated-code/):00262 [2]     1217            ORB #$d0
A255 E7C828           (./generated-code/):00263 [5]     1222            STB 40,U
A258 86D3             (./generated-code/):00264 [2]     1224            LDA #$d3
A25A A7C4             (./generated-code/):00265 [4]     1228            STA ,U
                      (./generated-code/):00266                 
A25C DEFC             (./generated-code/):00267 [5]     1233            LDU <glb_screen_location_1
A25E 33C9FDA8         (./generated-code/):00268 [8]     1241            LEAU -600,U
                      (./generated-code/):00269                 
A262 ECC8D8           (./generated-code/):00270 [6]     1247            LDD -40,U
A265 3406             (./generated-code/):00271 [7]     1254            PSHS D
A267 86AA             (./generated-code/):00272 [2]     1256            LDA #$aa
A269 C40F             (./generated-code/):00273 [2]     1258            ANDB #$0F
A26B CA90             (./generated-code/):00274 [2]     1260            ORB #$90
A26D EDC8D8           (./generated-code/):00275 [6]     1266            STD -40,U
A270 A6C4             (./generated-code/):00276 [4]     1270            LDA ,U
A272 E6C8B1           (./generated-code/):00277 [5]     1275            LDB -79,U
A275 3406             (./generated-code/):00278 [7]     1282            PSHS B,A
A277 C40F             (./generated-code/):00279 [2]     1284            ANDB #$0F
A279 CAA0             (./generated-code/):00280 [2]     1286            ORB #$a0
A27B E7C8B1           (./generated-code/):00281 [5]     1291            STB -79,U
A27E ECC827           (./generated-code/):00282 [6]     1297            LDD 39,U
A281 3406             (./generated-code/):00283 [7]     1304            PSHS D
A283 84F0             (./generated-code/):00284 [2]     1306            ANDA #$F0
A285 8A0A             (./generated-code/):00285 [2]     1308            ORA #$0a
A287 C6AA             (./generated-code/):00286 [2]     1310            LDB #$aa
A289 EDC827           (./generated-code/):00287 [6]     1316            STD 39,U
A28C E7C4             (./generated-code/):00288 [4]     1320            STB ,U
A28E AEC84F           (./generated-code/):00289 [6]     1326            LDX 79,U
A291 3450             (./generated-code/):00290 [9]     1335            PSHS U,X
A293 CCAAA9           (./generated-code/):00291 [3]     1338            LDD #$aaa9
A296 EDC84F           (./generated-code/):00292 [6]     1344            STD 79,U
A299 33C900EF         (./generated-code/):00293 [8]     1352            LEAU 239,U
                      (./generated-code/):00294                 
A29D AEC888           (./generated-code/):00295 [6]     1358            LDX -120,U
A2A0 EDC888           (./generated-code/):00296 [6]     1364            STD -120,U
A2A3 10AEC8B0         (./generated-code/):00297 [7]     1371            LDY -80,U
A2A7 3430             (./generated-code/):00298 [9]     1380            PSHS Y,X
A2A9 C699             (./generated-code/):00299 [2]     1382            LDB #$99
A2AB EDC8B0           (./generated-code/):00300 [6]     1388            STD -80,U
A2AE ECC8D8           (./generated-code/):00301 [6]     1394            LDD -40,U
A2B1 3406             (./generated-code/):00302 [7]     1401            PSHS D
A2B3 CCAA9A           (./generated-code/):00303 [3]     1404            LDD #$aa9a
A2B6 EDC8D8           (./generated-code/):00304 [6]     1410            STD -40,U
A2B9 3712             (./generated-code/):00305 [8]     1418            PULU A,X
A2BB 3452             (./generated-code/):00306 [10]    1428            PSHS U,X,A
A2BD 86AA             (./generated-code/):00307 [2]     1430            LDA #$aa
A2BF 8E99AA           (./generated-code/):00308 [3]     1433            LDX #$99aa
A2C2 3612             (./generated-code/):00309 [8]     1441            PSHU A,X
A2C4 33C828           (./generated-code/):00310 [5]     1446            LEAU 40,U
                      (./generated-code/):00311                 
A2C7 A643             (./generated-code/):00312 [5]     1451            LDA 3,U
A2C9 3402             (./generated-code/):00313 [6]     1457            PSHS A
A2CB 840F             (./generated-code/):00314 [2]     1459            ANDA #$0F
A2CD 8AE0             (./generated-code/):00315 [2]     1461            ORA #$e0
A2CF A743             (./generated-code/):00316 [5]     1466            STA 3,U
A2D1 3712             (./generated-code/):00317 [8]     1474            PULU A,X
A2D3 3452             (./generated-code/):00318 [10]    1484            PSHS U,X,A
A2D5 86AA             (./generated-code/):00319 [2]     1486            LDA #$aa
A2D7 8EA999           (./generated-code/):00320 [3]     1489            LDX #$a999
A2DA 3612             (./generated-code/):00321 [8]     1497            PSHU A,X
A2DC 33C828           (./generated-code/):00322 [5]     1502            LEAU 40,U
                      (./generated-code/):00323                 
A2DF AEC828           (./generated-code/):00324 [6]     1508            LDX 40,U
A2E2 3410             (./generated-code/):00325 [7]     1515            PSHS X
A2E4 ECC82A           (./generated-code/):00326 [6]     1521            LDD 42,U
A2E7 3406             (./generated-code/):00327 [7]     1528            PSHS D
A2E9 840F             (./generated-code/):00328 [2]     1530            ANDA #$0F
A2EB C40F             (./generated-code/):00329 [2]     1532            ANDB #$0F
A2ED C390E0           (./generated-code/):00330 [4]     1536            ADDD #$90e0
A2F0 EDC82A           (./generated-code/):00331 [6]     1542            STD 42,U
A2F3 ECC87A           (./generated-code/):00332 [6]     1548            LDD 122,U
A2F6 3406             (./generated-code/):00333 [7]     1555            PSHS D
A2F8 84F0             (./generated-code/):00334 [2]     1557            ANDA #$F0
A2FA C40F             (./generated-code/):00335 [2]     1559            ANDB #$0F
A2FC C30EE0           (./generated-code/):00336 [4]     1563            ADDD #$0ee0
A2FF EDC87A           (./generated-code/):00337 [6]     1569            STD 122,U
A302 AEC850           (./generated-code/):00338 [6]     1575            LDX 80,U
A305 10AEC878         (./generated-code/):00339 [7]     1582            LDY 120,U
A309 3430             (./generated-code/):00340 [9]     1591            PSHS Y,X
A30B A6C853           (./generated-code/):00341 [5]     1596            LDA 83,U
A30E 3402             (./generated-code/):00342 [6]     1602            PSHS A
A310 840F             (./generated-code/):00343 [2]     1604            ANDA #$0F
A312 8AE0             (./generated-code/):00344 [2]     1606            ORA #$e0
A314 A7C853           (./generated-code/):00345 [5]     1611            STA 83,U
A317 CCEFAA           (./generated-code/):00346 [3]     1614            LDD #$efaa
A31A EDC828           (./generated-code/):00347 [6]     1620            STD 40,U
A31D 86FF             (./generated-code/):00348 [2]     1622            LDA #$ff
A31F EDC850           (./generated-code/):00349 [6]     1628            STD 80,U
A322 EDC878           (./generated-code/):00350 [6]     1634            STD 120,U
A325 3730             (./generated-code/):00351 [9]     1643            PULU X,Y
A327 3470             (./generated-code/):00352 [11]    1654            PSHS U,Y,X
A329 86AF             (./generated-code/):00353 [2]     1656            LDA #$af
A32B 8E99FE           (./generated-code/):00354 [3]     1659            LDX #$99fe
A32E 3616             (./generated-code/):00355 [9]     1668            PSHU D,X
A330 33C900A0         (./generated-code/):00356 [8]     1676            LEAU 160,U
                      (./generated-code/):00357                 
A334 3712             (./generated-code/):00358 [8]     1684            PULU A,X
A336 3452             (./generated-code/):00359 [10]    1694            PSHS U,X,A
A338 86FF             (./generated-code/):00360 [2]     1696            LDA #$ff
A33A 8EAA3E           (./generated-code/):00361 [3]     1699            LDX #$aa3e
A33D 3612             (./generated-code/):00362 [8]     1707            PSHU A,X
A33F 33C828           (./generated-code/):00363 [5]     1712            LEAU 40,U
                      (./generated-code/):00364                 
A342 A643             (./generated-code/):00365 [5]     1717            LDA 3,U
A344 3402             (./generated-code/):00366 [6]     1723            PSHS A
A346 840F             (./generated-code/):00367 [2]     1725            ANDA #$0F
A348 8AE0             (./generated-code/):00368 [2]     1727            ORA #$e0
A34A A743             (./generated-code/):00369 [5]     1732            STA 3,U
A34C 3712             (./generated-code/):00370 [8]     1740            PULU A,X
A34E 3452             (./generated-code/):00371 [10]    1750            PSHS U,X,A
A350 86FF             (./generated-code/):00372 [2]     1752            LDA #$ff
A352 8EA9EE           (./generated-code/):00373 [3]     1755            LDX #$a9ee
A355 3612             (./generated-code/):00374 [8]     1763            PSHU A,X
A357 33C828           (./generated-code/):00375 [5]     1768            LEAU 40,U
                      (./generated-code/):00376                 
A35A A643             (./generated-code/):00377 [5]     1773            LDA 3,U
A35C 3402             (./generated-code/):00378 [6]     1779            PSHS A
A35E 840F             (./generated-code/):00379 [2]     1781            ANDA #$0F
A360 8AF0             (./generated-code/):00380 [2]     1783            ORA #$f0
A362 A743             (./generated-code/):00381 [5]     1788            STA 3,U
A364 3712             (./generated-code/):00382 [8]     1796            PULU A,X
A366 3452             (./generated-code/):00383 [10]    1806            PSHS U,X,A
A368 86FF             (./generated-code/):00384 [2]     1808            LDA #$ff
A36A 8EE93E           (./generated-code/):00385 [3]     1811            LDX #$e93e
A36D 3612             (./generated-code/):00386 [8]     1819            PSHU A,X
A36F 33C828           (./generated-code/):00387 [5]     1824            LEAU 40,U
                      (./generated-code/):00388                 
A372 A643             (./generated-code/):00389 [5]     1829            LDA 3,U
A374 3402             (./generated-code/):00390 [6]     1835            PSHS A
A376 840F             (./generated-code/):00391 [2]     1837            ANDA #$0F
A378 8AE0             (./generated-code/):00392 [2]     1839            ORA #$e0
A37A A743             (./generated-code/):00393 [5]     1844            STA 3,U
A37C 3712             (./generated-code/):00394 [8]     1852            PULU A,X
A37E 3452             (./generated-code/):00395 [10]    1862            PSHS U,X,A
A380 86CC             (./generated-code/):00396 [2]     1864            LDA #$cc
A382 8EE99A           (./generated-code/):00397 [3]     1867            LDX #$e99a
A385 3612             (./generated-code/):00398 [8]     1875            PSHU A,X
A387 33C828           (./generated-code/):00399 [5]     1880            LEAU 40,U
                      (./generated-code/):00400                 
A38A ECC828           (./generated-code/):00401 [6]     1886            LDD 40,U
A38D 3406             (./generated-code/):00402 [7]     1893            PSHS D
A38F 84F0             (./generated-code/):00403 [2]     1895            ANDA #$F0
A391 8A0E             (./generated-code/):00404 [2]     1897            ORA #$0e
A393 C6DE             (./generated-code/):00405 [2]     1899            LDB #$de
A395 EDC828           (./generated-code/):00406 [6]     1905            STD 40,U
A398 A6C82A           (./generated-code/):00407 [5]     1910            LDA 42,U
A39B 3402             (./generated-code/):00408 [6]     1916            PSHS A
A39D 840F             (./generated-code/):00409 [2]     1918            ANDA #$0F
A39F 8A90             (./generated-code/):00410 [2]     1920            ORA #$90
A3A1 A7C82A           (./generated-code/):00411 [5]     1925            STA 42,U
A3A4 A6C851           (./generated-code/):00412 [5]     1930            LDA 81,U
A3A7 E6C879           (./generated-code/):00413 [5]     1935            LDB 121,U
A3AA 3406             (./generated-code/):00414 [7]     1942            PSHS B,A
A3AC 86E3             (./generated-code/):00415 [2]     1944            LDA #$e3
A3AE A7C851           (./generated-code/):00416 [5]     1949            STA 81,U
A3B1 86EC             (./generated-code/):00417 [2]     1951            LDA #$ec
A3B3 A7C879           (./generated-code/):00418 [5]     1956            STA 121,U
A3B6 3712             (./generated-code/):00419 [8]     1964            PULU A,X
A3B8 3452             (./generated-code/):00420 [10]    1974            PSHS U,X,A
A3BA 86EC             (./generated-code/):00421 [2]     1976            LDA #$ec
A3BC 8E3399           (./generated-code/):00422 [3]     1979            LDX #$3399
A3BF 3612             (./generated-code/):00423 [8]     1987            PSHU A,X
A3C1 33C90119         (./generated-code/):00424 [8]     1995            LEAU 281,U
                      (./generated-code/):00425                 
A3C5 A65E             (./generated-code/):00426 [5]     2000            LDA -2,U
A3C7 E6C888           (./generated-code/):00427 [5]     2005            LDB -120,U
A3CA 3406             (./generated-code/):00428 [7]     2012            PSHS B,A
A3CC ECC4             (./generated-code/):00429 [5]     2017            LDD ,U
A3CE 3406             (./generated-code/):00430 [7]     2024            PSHS D
A3D0 84F0             (./generated-code/):00431 [2]     2026            ANDA #$F0
A3D2 C40F             (./generated-code/):00432 [2]     2028            ANDB #$0F
A3D4 C30A90           (./generated-code/):00433 [4]     2032            ADDD #$0a90
A3D7 EDC4             (./generated-code/):00434 [5]     2037            STD ,U
A3D9 A6C8B0           (./generated-code/):00435 [5]     2042            LDA -80,U
A3DC E6C8AE           (./generated-code/):00436 [5]     2047            LDB -82,U
A3DF 3406             (./generated-code/):00437 [7]     2054            PSHS B,A
A3E1 C40F             (./generated-code/):00438 [2]     2056            ANDB #$0F
A3E3 CAD0             (./generated-code/):00439 [2]     2058            ORB #$d0
A3E5 E7C8AE           (./generated-code/):00440 [5]     2063            STB -82,U
A3E8 A6C850           (./generated-code/):00441 [5]     2068            LDA 80,U
A3EB 3402             (./generated-code/):00442 [6]     2074            PSHS A
A3ED 840F             (./generated-code/):00443 [2]     2076            ANDA #$0F
A3EF 8AA0             (./generated-code/):00444 [2]     2078            ORA #$a0
A3F1 A7C850           (./generated-code/):00445 [5]     2083            STA 80,U
A3F4 A6C878           (./generated-code/):00446 [5]     2088            LDA 120,U
A3F7 3402             (./generated-code/):00447 [6]     2094            PSHS A
A3F9 840F             (./generated-code/):00448 [2]     2096            ANDA #$0F
A3FB 8A90             (./generated-code/):00449 [2]     2098            ORA #$90
A3FD A7C878           (./generated-code/):00450 [5]     2103            STA 120,U
A400 A6C826           (./generated-code/):00451 [5]     2108            LDA 38,U
A403 E6C8D6           (./generated-code/):00452 [5]     2113            LDB -42,U
A406 AEC876           (./generated-code/):00453 [6]     2119            LDX 118,U
A409 3416             (./generated-code/):00454 [9]     2128            PSHS X,B,A
A40B 86DD             (./generated-code/):00455 [2]     2130            LDA #$dd
A40D A75E             (./generated-code/):00456 [5]     2135            STA -2,U
A40F 863B             (./generated-code/):00457 [2]     2137            LDA #$3b
A411 A7C8D6           (./generated-code/):00458 [5]     2142            STA -42,U
A414 ECC8D8           (./generated-code/):00459 [6]     2148            LDD -40,U
A417 3406             (./generated-code/):00460 [7]     2155            PSHS D
A419 86D9             (./generated-code/):00461 [2]     2157            LDA #$d9
A41B C40F             (./generated-code/):00462 [2]     2159            ANDB #$0F
A41D CA90             (./generated-code/):00463 [2]     2161            ORB #$90
A41F EDC8D8           (./generated-code/):00464 [6]     2167            STD -40,U
A422 ECC828           (./generated-code/):00465 [6]     2173            LDD 40,U
A425 3406             (./generated-code/):00466 [7]     2180            PSHS D
A427 86A9             (./generated-code/):00467 [2]     2182            LDA #$a9
A429 C4F0             (./generated-code/):00468 [2]     2184            ANDB #$F0
A42B CA09             (./generated-code/):00469 [2]     2186            ORB #$09
A42D EDC828           (./generated-code/):00470 [6]     2192            STD 40,U
A430 ECC84E           (./generated-code/):00471 [6]     2198            LDD 78,U
A433 3446             (./generated-code/):00472 [9]     2207            PSHS U,D
A435 86D3             (./generated-code/):00473 [2]     2209            LDA #$d3
A437 C4F0             (./generated-code/):00474 [2]     2211            ANDB #$F0
A439 CA09             (./generated-code/):00475 [2]     2213            ORB #$09
A43B EDC84E           (./generated-code/):00476 [6]     2219            STD 78,U
A43E A7C826           (./generated-code/):00477 [5]     2224            STA 38,U
A441 CCD3E9           (./generated-code/):00478 [3]     2227            LDD #$d3e9
A444 EDC876           (./generated-code/):00479 [6]     2233            STD 118,U
A447 86EC             (./generated-code/):00480 [2]     2235            LDA #$ec
A449 A7C888           (./generated-code/):00481 [5]     2240            STA -120,U
A44C 863C             (./generated-code/):00482 [2]     2242            LDA #$3c
A44E A7C8B0           (./generated-code/):00483 [5]     2247            STA -80,U
A451 33C90116         (./generated-code/):00484 [8]     2255            LEAU 278,U
                      (./generated-code/):00485                 
A455 AEC888           (./generated-code/):00486 [6]     2261            LDX -120,U
A458 CC33FF           (./generated-code/):00487 [3]     2264            LDD #$33ff
A45B EDC888           (./generated-code/):00488 [6]     2270            STD -120,U
A45E 10AEC8B0         (./generated-code/):00489 [7]     2277            LDY -80,U
A462 3430             (./generated-code/):00490 [9]     2286            PSHS Y,X
A464 ECC8D8           (./generated-code/):00491 [6]     2292            LDD -40,U
A467 3406             (./generated-code/):00492 [7]     2299            PSHS D
A469 CCDDF3           (./generated-code/):00493 [3]     2302            LDD #$ddf3
A46C EDC8B0           (./generated-code/):00494 [6]     2308            STD -80,U
A46F C6BB             (./generated-code/):00495 [2]     2310            LDB #$bb
A471 EDC8D8           (./generated-code/):00496 [6]     2316            STD -40,U
A474 ECC4             (./generated-code/):00497 [5]     2321            LDD ,U
A476 3406             (./generated-code/):00498 [7]     2328            PSHS D
A478 84F0             (./generated-code/):00499 [2]     2330            ANDA #$F0
A47A 8A0D             (./generated-code/):00500 [2]     2332            ORA #$0d
A47C C6BB             (./generated-code/):00501 [2]     2334            LDB #$bb
A47E EDC4             (./generated-code/):00502 [5]     2339            STD ,U
A480 ECC828           (./generated-code/):00503 [6]     2345            LDD 40,U
A483 3406             (./generated-code/):00504 [7]     2352            PSHS D
A485 84F0             (./generated-code/):00505 [2]     2354            ANDA #$F0
A487 8A03             (./generated-code/):00506 [2]     2356            ORA #$03
A489 C6BB             (./generated-code/):00507 [2]     2358            LDB #$bb
A48B EDC828           (./generated-code/):00508 [6]     2364            STD 40,U
A48E ECC850           (./generated-code/):00509 [6]     2370            LDD 80,U
A491 3406             (./generated-code/):00510 [7]     2377            PSHS D
A493 84F0             (./generated-code/):00511 [2]     2379            ANDA #$F0
A495 8A03             (./generated-code/):00512 [2]     2381            ORA #$03
A497 C6BB             (./generated-code/):00513 [2]     2383            LDB #$bb
A499 EDC850           (./generated-code/):00514 [6]     2389            STD 80,U
A49C ECC878           (./generated-code/):00515 [6]     2395            LDD 120,U
A49F 3446             (./generated-code/):00516 [9]     2404            PSHS U,D
A4A1 84F0             (./generated-code/):00517 [2]     2406            ANDA #$F0
A4A3 8A0D             (./generated-code/):00518 [2]     2408            ORA #$0d
A4A5 C6D3             (./generated-code/):00519 [2]     2410            LDB #$d3
A4A7 EDC878           (./generated-code/):00520 [6]     2416            STD 120,U
A4AA 33C900B5         (./generated-code/):00521 [8]     2424            LEAU 181,U
                      (./generated-code/):00522                 
A4AE ECC8EB           (./generated-code/):00523 [6]     2430            LDD -21,U
A4B1 3406             (./generated-code/):00524 [7]     2437            PSHS D
A4B3 84F0             (./generated-code/):00525 [2]     2439            ANDA #$F0
A4B5 8A0D             (./generated-code/):00526 [2]     2441            ORA #$0d
A4B7 C6D3             (./generated-code/):00527 [2]     2443            LDB #$d3
A4B9 EDC8EB           (./generated-code/):00528 [6]     2449            STD -21,U
A4BC A6C814           (./generated-code/):00529 [5]     2454            LDA 20,U
A4BF 3442             (./generated-code/):00530 [8]     2462            PSHS U,A
A4C1 86DD             (./generated-code/):00531 [2]     2464            LDA #$dd
A4C3 A7C814           (./generated-code/):00532 [5]     2469            STA 20,U
A4C6 33E4             (./generated-code/):00533 [4]     2473            LEAU ,S
A4C8                  (./generated-code/):00534                 SSAV_Img_sonic_211_0
A4C8 10FE9FFE         (./generated-code/):00535 [7]     2480            LDS glb_register_s
A4CC 39               (./generated-code/):00536 [5]     2485            RTS
                      (./generated-code/):00537                 
