                      (./generated-code/):00001                 INCLUDE "./Engine/Constants.asm"
                      (./Engine/Constant):00001         * ---------------------------------------------------------------------------
                      (./Engine/Constant):00002         * Constants
                      (./Engine/Constant):00003         *
                      (./Engine/Constant):00004         * Naming convention
                      (./Engine/Constant):00005         * -----------------
                      (./Engine/Constant):00006         * - lower case
                      (./Engine/Constant):00007         * - underscore-separated names
                      (./Engine/Constant):00008         *
                      (./Engine/Constant):00009         * ---------------------------------------------------------------------------
                      (./Engine/Constant):00010         
                      (./Engine/Constant):00011         * ===========================================================================
                      (./Engine/Constant):00012         * TO8 Registers
                      (./Engine/Constant):00013         * ===========================================================================
                      (./Engine/Constant):00014         
                      (./Engine/Constant):00015         ; Disk routine registers (ROM)
                      (./Engine/Constant):00016         
     6049             (./Engine/Constant):00017         dk_drive                      equ $6049
     604A             (./Engine/Constant):00018         dk_track                      equ $604A
     604B             (./Engine/Constant):00019         dk_track_lsb                  equ $604B
     604C             (./Engine/Constant):00020         dk_sector                     equ $604C
     604F             (./Engine/Constant):00021         dk_write_location             equ $604F
                      (./Engine/Constant):00022         
                      (./Engine/Constant):00023         * ===========================================================================
                      (./Engine/Constant):00024         * Globals
                      (./Engine/Constant):00025         * ===========================================================================
                      (./Engine/Constant):00026         
     009F             (./Engine/Constant):00027         glb_direct_page               equ $9F    ; direct page for globals
                      (./Engine/Constant):00028         
                      (./Engine/Constant):00029         ; compilated sprite
     9FFE             (./Engine/Constant):00030         glb_register_s                equ $9FFE  ; reverved space to store S from ROM routines
                      (./Engine/Constant):00031         
                      (./Engine/Constant):00032         ; DrawSprites
     9FFC             (./Engine/Constant):00033         glb_screen_location_1         equ $9FFC  ; start address for rendering of current sprite Part1     
     9FFA             (./Engine/Constant):00034         glb_screen_location_2         equ $9FFA  ; start address for rendering of current sprite Part2 (Must follow Part1)
                      (./Engine/Constant):00035         
                      (./Engine/Constant):00036         ; CheckSpritesRefresh
     9FF9             (./Engine/Constant):00037         glb_cur_priority              equ $9FF9
     9FF7             (./Engine/Constant):00038         glb_cur_ptr_sub_obj_erase     equ $9FF7
     9FF5             (./Engine/Constant):00039         glb_cur_ptr_sub_obj_draw      equ $9FF5
     9FF3             (./Engine/Constant):00040         glb_camera_x_pos              equ $9FF3 ; camera x position in palyfield coordinates
     9FF1             (./Engine/Constant):00041         glb_camera_y_pos              equ $9FF1 ; camera y position in palyfield coordinates
     9FEF             (./Engine/Constant):00042         glb_camera_x_min_pos          equ $9FEF
     9FED             (./Engine/Constant):00043         glb_camera_y_min_pos          equ $9FED
     9FEB             (./Engine/Constant):00044         glb_camera_x_max_pos          equ $9FEB
     9FE9             (./Engine/Constant):00045         glb_camera_y_max_pos          equ $9FE9
     9FE8             (./Engine/Constant):00046         glb_force_sprite_refresh      equ $9FE8
     9FE7             (./Engine/Constant):00047         glb_camera_move               equ $9FE7
     9FE6             (./Engine/Constant):00048         glb_alphaTiles                equ $9FE6
     9F00             (./Engine/Constant):00049         glb_tmp_var                   equ $9F00 ; custom tmp var space for routine
     9F00             (./Engine/Constant):00050         glb_system_stack              equ $9F00
                      (./Engine/Constant):00051         
                      (./Engine/Constant):00052         * ===========================================================================
                      (./Engine/Constant):00053         * Display Constants
                      (./Engine/Constant):00054         * ===========================================================================
                      (./Engine/Constant):00055         
     00A0             (./Engine/Constant):00056         screen_width                  equ 160    ; in pixel
     001C             (./Engine/Constant):00057         screen_top                    equ 28     ; in pixel
     00E3             (./Engine/Constant):00058         screen_bottom                 equ 28+199 ; in pixel
     0030             (./Engine/Constant):00059         screen_left                   equ 48     ; in pixel
     00CF             (./Engine/Constant):00060         screen_right                  equ 48+159 ; in pixel
     0008             (./Engine/Constant):00061         nb_priority_levels            equ 8      ; number of priority levels (need code change if modified)
                      (./Engine/Constant):00062         
                      (./Engine/Constant):00063         * ===========================================================================
                      (./Engine/Constant):00064         * Images Constants
                      (./Engine/Constant):00065         * ===========================================================================
                      (./Engine/Constant):00066         
     0004             (./Engine/Constant):00067         image_x_size                  equ 4
     0005             (./Engine/Constant):00068         image_y_size                  equ 5
     0006             (./Engine/Constant):00069         image_center_offset           equ 6
                      (./Engine/Constant):00070         
     0004             (./Engine/Constant):00071         image_subset_x1_offset        equ 4
     0005             (./Engine/Constant):00072         image_subset_y1_offset        equ 5
                      (./Engine/Constant):00073         
     0000             (./Engine/Constant):00074         page_draw_routine             equ 0
     0001             (./Engine/Constant):00075         draw_routine                  equ 1
     0003             (./Engine/Constant):00076         page_erase_routine            equ 3
     0004             (./Engine/Constant):00077         erase_routine                 equ 4
     0006             (./Engine/Constant):00078         erase_nb_cell                 equ 6
                      (./Engine/Constant):00079         
                      (./Engine/Constant):00080         * ===========================================================================
                      (./Engine/Constant):00081         * Sound Constants
                      (./Engine/Constant):00082         * ===========================================================================
                      (./Engine/Constant):00083         
     0000             (./Engine/Constant):00084         sound_page        equ 0
     0001             (./Engine/Constant):00085         sound_start_addr  equ 1
     0003             (./Engine/Constant):00086         sound_end_addr    equ 3
     0005             (./Engine/Constant):00087         sound_meta_size   equ 5
                      (./Engine/Constant):00088         
                      (./Engine/Constant):00089         * ===========================================================================
                      (./Engine/Constant):00090         * Object Constants
                      (./Engine/Constant):00091         * ===========================================================================
                      (./Engine/Constant):00092         
     005D             (./Engine/Constant):00093         object_core_size              equ 93  ; the size of an object without ext_vars - DEPENDENCY ClearObj routine
     ????             (./Engine/Constant):00094         object_size                   equ object_core_size+ext_variables_size ; the size of a dynamic object
     ????             (./Engine/Constant):00095         next_object                   equ object_size
     005D             (./Engine/Constant):00096         ext_variables                 equ object_core_size ; start of reserved space for additionnal variables
                      (./Engine/Constant):00097         
     0000             (./Engine/Constant):00098         id                            equ 0           ; reference to object model id (ObjID_) (0: free slot)
     0001             (./Engine/Constant):00099         subtype                       equ 1           ; reference to object subtype (Sub_)
     0002             (./Engine/Constant):00100         render_flags                  equ 2
                      (./Engine/Constant):00101         
                      (./Engine/Constant):00102         * --- render_flags bitfield variables ---
     0001             (./Engine/Constant):00103         render_xmirror_mask           equ $01 ; (bit 0) DEPENDENCY should be bit 0 - tell display engine to mirror sprite on horizontal axis
     0002             (./Engine/Constant):00104         render_ymirror_mask           equ $02 ; (bit 1) DEPENDENCY should be bit 1 - tell display engine to mirror sprite on vertical axis
     0004             (./Engine/Constant):00105         render_overlay_mask           equ $04 ; (bit 2) DEPENDENCY should be bit 2 - compilated sprite with no background save
     0008             (./Engine/Constant):00106         render_motionless_mask        equ $08 ; (bit 3) tell display engine to compute sub image and position check only once until the flag is removed  
     0010             (./Engine/Constant):00107         render_playfieldcoord_mask    equ $10 ; (bit 4) tell display engine to use playfield (1) or screen (0) coordinates
     0020             (./Engine/Constant):00108         render_hide_mask              equ $20 ; (bit 5) tell display engine to hide sprite (keep priority and mapping_frame)
     0040             (./Engine/Constant):00109         render_todelete_mask          equ $40 ; (bit 6) tell display engine to delete sprite and clear OST for this object
     0080             (./Engine/Constant):00110         render_xloop_mask             equ $80 ; (bit 7) (screen coordinate) tell display engine to hide sprite when x is out of screen (0) or to display (1)  
                      (./Engine/Constant):00111          
     0003             (./Engine/Constant):00112         priority                      equ 3           ; display priority (0: nothing to display, 1:front, ..., 8:back)
     0004             (./Engine/Constant):00113         anim                          equ 4  ; and 5  ; reference to current animation (Ani_)
     0006             (./Engine/Constant):00114         prev_anim                     equ 6  ; and 7  ; reference to previous animation (Ani_)
     0008             (./Engine/Constant):00115         anim_frame                    equ 8           ; index of current frame in animation
     0009             (./Engine/Constant):00116         anim_frame_duration           equ 9           ; number of frames for each image in animation, range: 00-7F (0-127), 0 means display only during one frame
     000A             (./Engine/Constant):00117         anim_flags                    equ 10          ; byte offset to reference an anim_flags LUT (adv) / store a link flag (non adv)
                      (./Engine/Constant):00118         
                      (./Engine/Constant):00119         * --- anim_flags bitfield variables ---
     0001             (./Engine/Constant):00120         anim_link_mask                equ $01 ; (bit 0) if set, allow the load of a new animation without reseting anim_frame and anim_frame_duration
                      (./Engine/Constant):00121         
     000B             (./Engine/Constant):00122         status_flags                  equ 11          ; orientation of sprite, is applied to animation xmirror flag during AnimateSprite
                      (./Engine/Constant):00123         
                      (./Engine/Constant):00124         * --- status_flags bitfield variables ---
     0001             (./Engine/Constant):00125         status_xflip_mask             equ $01 ; (bit 0) X Flip
     0002             (./Engine/Constant):00126         status_yflip_mask             equ $02 ; (bit 1) Y Flip
                      (./Engine/Constant):00127         
     000C             (./Engine/Constant):00128         image_set                     equ 12 ; and 13 ; reference to current image (Img_) (0000 if no image)
     000E             (./Engine/Constant):00129         x_pos                         equ 14 ; and 15 ; x playfield coordinate
     0010             (./Engine/Constant):00130         x_sub                         equ 16          ; x subpixel (1/256 of a pixel), must follow x_pos in data structure
     0011             (./Engine/Constant):00131         y_pos                         equ 17 ; and 18 ; y playfield coordinate
     0013             (./Engine/Constant):00132         y_sub                         equ 19          ; y subpixel (1/256 of a pixel), must follow y_pos in data structure
     0014             (./Engine/Constant):00133         xy_pixel                      equ 20          ; x and y screen coordinate
     0014             (./Engine/Constant):00134         x_pixel                       equ 20          ; x screen coordinate
     0015             (./Engine/Constant):00135         y_pixel                       equ 21          ; y screen coordinate, must follow x_pixel
                      (./Engine/Constant):00136         ;x_offset                      equ 93          ; x screen coordinate offset that is applied at rendering
                      (./Engine/Constant):00137         ;y_offset                      equ 94          ; x screen coordinate offset that is applied at rendering
     0016             (./Engine/Constant):00138         x_vel                         equ 22 ; and 23 ; horizontal velocity
     0018             (./Engine/Constant):00139         y_vel                         equ 24 ; and 25 ; vertical velocity
     001A             (./Engine/Constant):00140         x_acl                         equ 26 ; and 27 ; horizontal gravity
     001C             (./Engine/Constant):00141         y_acl                         equ 28 ; and 29 ; vertical gravity
     001E             (./Engine/Constant):00142         routine                       equ 30          ; index of current object routine
     001F             (./Engine/Constant):00143         routine_secondary             equ 31          ; index of current secondary routine
     0020             (./Engine/Constant):00144         routine_tertiary              equ 32          ; index of current tertiary routine
     0021             (./Engine/Constant):00145         routine_quaternary            equ 33          ; index of current quaternary routine
                      (./Engine/Constant):00146         
                      (./Engine/Constant):00147         * ---------------------------------------------------------------------------
                      (./Engine/Constant):00148         * reserved variables (update by engine)
                      (./Engine/Constant):00149         
     0022             (./Engine/Constant):00150         rsv_render_flags              equ 34
                      (./Engine/Constant):00151         
                      (./Engine/Constant):00152         * --- rsv_render_flags bitfield variables ---
     0001             (./Engine/Constant):00153         rsv_render_checkrefresh_mask  equ $01 ; (bit 0) if erasesprite and display sprite flag are processed for this frame
     0002             (./Engine/Constant):00154         rsv_render_erasesprite_mask   equ $02 ; (bit 1) if a sprite need to be cleared on screen
     0004             (./Engine/Constant):00155         rsv_render_displaysprite_mask equ $04 ; (bit 2) if a sprite need to be rendered on screen
     0008             (./Engine/Constant):00156         rsv_render_outofrange_mask    equ $08 ; (bit 3) if a sprite is out of range for full rendering in screen
     0080             (./Engine/Constant):00157         rsv_render_onscreen_mask      equ $80 ; (bit 7) DEPENDENCY should be bit 7 - has been rendered on last screen buffer (may be 0 or 1)
                      (./Engine/Constant):00158         
     0023             (./Engine/Constant):00159         rsv_prev_anim                 equ 35 ; and 36 ; reference to previous animation (Ani_) w * UTILE ?
     0025             (./Engine/Constant):00160         rsv_image_center_offset       equ 37 ; 0 or 1 offset that indicate if image center is even or odd (DRS_XYToAddress)
     0026             (./Engine/Constant):00161         rsv_image_subset              equ 38 ; and 39 ; reference to current image regarding mirror flags w
     0028             (./Engine/Constant):00162         rsv_mapping_frame             equ 40 ; and 41 ; reference to current image regarding mirror flags, overlay flag and x precision w
     002A             (./Engine/Constant):00163         rsv_erase_nb_cell             equ 42 ; b 
     002B             (./Engine/Constant):00164         rsv_page_draw_routine         equ 43 ; b
     002C             (./Engine/Constant):00165         rsv_draw_routine              equ 44 ; and 45 ; w
     002E             (./Engine/Constant):00166         rsv_page_erase_routine        equ 46 ; b
     002F             (./Engine/Constant):00167         rsv_erase_routine             equ 47 ; and 48 ; w 
     0031             (./Engine/Constant):00168         rsv_xy1_pixel                 equ 49 ;
     0031             (./Engine/Constant):00169         rsv_x1_pixel                  equ 49 ; x+x_offset-(x_size/2) screen coordinate
     0032             (./Engine/Constant):00170         rsv_y1_pixel                  equ 50 ; y+y_offset-(y_size/2) screen coordinate, must follow rsv_x1_pixel
     0033             (./Engine/Constant):00171         rsv_xy2_pixel                 equ 51 ;
     0033             (./Engine/Constant):00172         rsv_x2_pixel                  equ 51 ; x+x_offset+(x_size/2) screen coordinate
     0034             (./Engine/Constant):00173         rsv_y2_pixel                  equ 52 ; y+y_offset+(y_size/2) screen coordinate, must follow rsv_x2_pixel
                      (./Engine/Constant):00174         
                      (./Engine/Constant):00175         * ---------------------------------------------------------------------------
                      (./Engine/Constant):00176         * reserved variables (engine) - buffer specific
                      (./Engine/Constant):00177         
     0035             (./Engine/Constant):00178         rsv_buffer_0                  equ 53 ; Start index of buffer 0 variables
     0035             (./Engine/Constant):00179         rsv_priority_0                equ 53 ; internal value that hold priority in video buffer 0
     0036             (./Engine/Constant):00180         rsv_priority_prev_obj_0       equ 54 ; and 55 ; previous object (OST address) in display priority list for video buffer 0 (0000 if none) w
     0038             (./Engine/Constant):00181         rsv_priority_next_obj_0       equ 56 ; and 57 ; next object (OST address) in display priority list for video buffer 0 (0000 if none) w
     003A             (./Engine/Constant):00182         rsv_prev_mapping_frame_0      equ 58 ; and 59 ; reference to previous image in video buffer 0 w
     003C             (./Engine/Constant):00183         rsv_prev_erase_nb_cell_0      equ 60 : b
     003D             (./Engine/Constant):00184         rsv_prev_page_erase_routine_0 equ 61 ; b
     003E             (./Engine/Constant):00185         rsv_prev_erase_routine_0      equ 62 ; and 63 ; w
     0040             (./Engine/Constant):00186         rsv_bgdata_0                  equ 64 ; and 65 ; address of background data in screen 0 w
     0042             (./Engine/Constant):00187         rsv_prev_xy_pixel_0           equ 66 ;
     0042             (./Engine/Constant):00188         rsv_prev_x_pixel_0            equ 66 ; previous x screen coordinate b
     0043             (./Engine/Constant):00189         rsv_prev_y_pixel_0            equ 67 ; previous y screen coordinate b, must follow x_pixel
     0044             (./Engine/Constant):00190         rsv_prev_xy1_pixel_0          equ 68 ;
     0044             (./Engine/Constant):00191         rsv_prev_x1_pixel_0           equ 68 ; previous x+x_offset-(x_size/2) screen coordinate b
     0045             (./Engine/Constant):00192         rsv_prev_y1_pixel_0           equ 69 ; previous y+y_offset-(y_size/2) screen coordinate b, must follow x1_pixel
     0046             (./Engine/Constant):00193         rsv_prev_xy2_pixel_0          equ 70 ;
     0046             (./Engine/Constant):00194         rsv_prev_x2_pixel_0           equ 70 ; previous x+x_offset+(x_size/2) screen coordinate b
     0047             (./Engine/Constant):00195         rsv_prev_y2_pixel_0           equ 71 ; previous y+y_offset+(y_size/2) screen coordinate b, must follow x2_pixel
     0048             (./Engine/Constant):00196         rsv_prev_render_flags_0       equ 72 ;
                      (./Engine/Constant):00197         * --- rsv_prev_render_flags_0 bitfield variables ---
     0001             (./Engine/Constant):00198         rsv_prev_render_overlay_mask  equ $01 ; (bit 0) if a sprite has been rendered with compilated sprite and no background save on screen buffer 0/1
     0080             (./Engine/Constant):00199         rsv_prev_render_onscreen_mask equ $80 ; (bit 7) DEPENDENCY should be bit 7 - has been rendered on screen buffer 0/1
                      (./Engine/Constant):00200         
     0049             (./Engine/Constant):00201         rsv_buffer_1                  equ 73 ; Start index of buffer 1 variables
     0049             (./Engine/Constant):00202         rsv_priority_1                equ 73 ; internal value that hold priority in video buffer 1
     004A             (./Engine/Constant):00203         rsv_priority_prev_obj_1       equ 74 ; and 75 ; previous object (OST address) in display priority list for video buffer 1 (0000 if none) w
     004C             (./Engine/Constant):00204         rsv_priority_next_obj_1       equ 76 ; and 77 ; next object (OST address) in display priority list for video buffer 1 (0000 if none) w
     004E             (./Engine/Constant):00205         rsv_prev_mapping_frame_1      equ 78 ; and 79 ; reference to previous image in video buffer 1 w
     0050             (./Engine/Constant):00206         rsv_prev_erase_nb_cell_1      equ 80 ; b
     0051             (./Engine/Constant):00207         rsv_prev_page_erase_routine_1 equ 81 ; b
     0052             (./Engine/Constant):00208         rsv_prev_erase_routine_1      equ 82 ; and 83 ; w
     0054             (./Engine/Constant):00209         rsv_bgdata_1                  equ 84 ; and 85 ; address of background data in screen 1 w
     0056             (./Engine/Constant):00210         rsv_prev_xy_pixel_1           equ 86 ;
     0056             (./Engine/Constant):00211         rsv_prev_x_pixel_1            equ 86 ; previous x screen coordinate b
     0057             (./Engine/Constant):00212         rsv_prev_y_pixel_1            equ 87 ; previous y screen coordinate b, must follow x_pixel
     0058             (./Engine/Constant):00213         rsv_prev_xy1_pixel_1          equ 88 ;
     0058             (./Engine/Constant):00214         rsv_prev_x1_pixel_1           equ 88 ; previous x+x_size screen coordinate b
     0059             (./Engine/Constant):00215         rsv_prev_y1_pixel_1           equ 89 ; previous y+y_size screen coordinate b, must follow x_pixel
     005A             (./Engine/Constant):00216         rsv_prev_xy2_pixel_1          equ 90 ;
     005A             (./Engine/Constant):00217         rsv_prev_x2_pixel_1           equ 90 ; previous x+x_size screen coordinate b
     005B             (./Engine/Constant):00218         rsv_prev_y2_pixel_1           equ 91 ; previous y+y_size screen coordinate b, must follow x_pixel
     005C             (./Engine/Constant):00219         rsv_prev_render_flags_1       equ 92 ;
                      (./Engine/Constant):00220         
     0000             (./Engine/Constant):00221         buf_priority                  equ 0  ; offset for each rsv_buffer variables
     0001             (./Engine/Constant):00222         buf_priority_prev_obj         equ 1  ;
     0003             (./Engine/Constant):00223         buf_priority_next_obj         equ 3  ;
     0005             (./Engine/Constant):00224         buf_prev_mapping_frame        equ 5  ;
     0007             (./Engine/Constant):00225         buf_erase_nb_cell             equ 7  ;
     0008             (./Engine/Constant):00226         buf_page_erase_routine        equ 8 ;
     0009             (./Engine/Constant):00227         buf_erase_routine             equ 9 ;
     000B             (./Engine/Constant):00228         buf_bgdata                    equ 11 ;
     000D             (./Engine/Constant):00229         buf_prev_xy_pixel             equ 13 ;
     000D             (./Engine/Constant):00230         buf_prev_x_pixel              equ 13 ;
     000E             (./Engine/Constant):00231         buf_prev_y_pixel              equ 14 ;
     000F             (./Engine/Constant):00232         buf_prev_xy1_pixel            equ 15 ;
     000F             (./Engine/Constant):00233         buf_prev_x1_pixel             equ 15 ;
     0010             (./Engine/Constant):00234         buf_prev_y1_pixel             equ 16 ;
     0011             (./Engine/Constant):00235         buf_prev_xy2_pixel            equ 17 ;
     0011             (./Engine/Constant):00236         buf_prev_x2_pixel             equ 17 ;
     0012             (./Engine/Constant):00237         buf_prev_y2_pixel             equ 18 ;
     0013             (./Engine/Constant):00238         buf_prev_render_flags         equ 19 ;
                      (./generated-code/):00002                 ORG $A000
     FF               (./generated-code/):00003                 SETDP $FF
                      (./generated-code/):00004                 OPT C,CT
A000                  (./generated-code/):00005                 BCKDRAW_Img_sonic_213_0
A000 10FF9FFE         (./generated-code/):00006 [7]     7               STS glb_register_s
                      (./generated-code/):00007                 
A004 32A4             (./generated-code/):00008 [4]     11              LEAS ,Y
A006 33C9FDF9         (./generated-code/):00009 [8]     19              LEAU -519,U
                      (./generated-code/):00010                 
A00A ECC876           (./generated-code/):00011 [6]     25              LDD 118,U
A00D 3406             (./generated-code/):00012 [7]     32              PSHS D
A00F 84F0             (./generated-code/):00013 [2]     34              ANDA #$F0
A011 8A0A             (./generated-code/):00014 [2]     36              ORA #$0a
A013 C6AA             (./generated-code/):00015 [2]     38              LDB #$aa
A015 EDC876           (./generated-code/):00016 [6]     44              STD 118,U
A018 ECC8AF           (./generated-code/):00017 [6]     50              LDD -81,U
A01B 3406             (./generated-code/):00018 [7]     57              PSHS D
A01D 86AA             (./generated-code/):00019 [2]     59              LDA #$aa
A01F C40F             (./generated-code/):00020 [2]     61              ANDB #$0F
A021 CA90             (./generated-code/):00021 [2]     63              ORB #$90
A023 EDC8AF           (./generated-code/):00022 [6]     69              STD -81,U
A026 A6C887           (./generated-code/):00023 [5]     74              LDA -121,U
A029 E6C878           (./generated-code/):00024 [5]     79              LDB 120,U
A02C AEC8D7           (./generated-code/):00025 [6]     85              LDX -41,U
A02F 10AE5F           (./generated-code/):00026 [7]     92              LDY -1,U
A032 3436             (./generated-code/):00027 [11]    103             PSHS Y,X,B,A
A034 CCEAA9           (./generated-code/):00028 [3]     106             LDD #$eaa9
A037 EDC8D7           (./generated-code/):00029 [6]     112             STD -41,U
A03A AEC84F           (./generated-code/):00030 [6]     118             LDX 79,U
A03D CCCEAA           (./generated-code/):00031 [3]     121             LDD #$ceaa
A040 ED5F             (./generated-code/):00032 [6]     127             STD -1,U
A042 10AEC827         (./generated-code/):00033 [7]     134             LDY 39,U
A046 3470             (./generated-code/):00034 [11]    145             PSHS U,Y,X
A048 86CC             (./generated-code/):00035 [2]     147             LDA #$cc
A04A EDC827           (./generated-code/):00036 [6]     153             STD 39,U
A04D EDC84F           (./generated-code/):00037 [6]     159             STD 79,U
A050 E7C887           (./generated-code/):00038 [5]     164             STB -121,U
A053 E7C878           (./generated-code/):00039 [5]     169             STB 120,U
A056 33C90117         (./generated-code/):00040 [8]     177             LEAU 279,U
                      (./generated-code/):00041                 
A05A ECC887           (./generated-code/):00042 [6]     183             LDD -121,U
A05D 3406             (./generated-code/):00043 [7]     190             PSHS D
A05F 84F0             (./generated-code/):00044 [2]     192             ANDA #$F0
A061 8A09             (./generated-code/):00045 [2]     194             ORA #$09
A063 C6AA             (./generated-code/):00046 [2]     196             LDB #$aa
A065 EDC887           (./generated-code/):00047 [6]     202             STD -121,U
A068 ECC8AF           (./generated-code/):00048 [6]     208             LDD -81,U
A06B 3406             (./generated-code/):00049 [7]     215             PSHS D
A06D 84F0             (./generated-code/):00050 [2]     217             ANDA #$F0
A06F 8A09             (./generated-code/):00051 [2]     219             ORA #$09
A071 C6AA             (./generated-code/):00052 [2]     221             LDB #$aa
A073 EDC8AF           (./generated-code/):00053 [6]     227             STD -81,U
A076 ECC877           (./generated-code/):00054 [6]     233             LDD 119,U
A079 3406             (./generated-code/):00055 [7]     240             PSHS D
A07B 84F0             (./generated-code/):00056 [2]     242             ANDA #$F0
A07D 8A09             (./generated-code/):00057 [2]     244             ORA #$09
A07F C6EC             (./generated-code/):00058 [2]     246             LDB #$ec
A081 EDC877           (./generated-code/):00059 [6]     252             STD 119,U
A084 A6C8B1           (./generated-code/):00060 [5]     257             LDA -79,U
A087 AEC4             (./generated-code/):00061 [5]     262             LDX ,U
A089 10AEC8D8         (./generated-code/):00062 [7]     269             LDY -40,U
A08D 3432             (./generated-code/):00063 [10]    279             PSHS Y,X,A
A08F CCAADA           (./generated-code/):00064 [3]     282             LDD #$aada
A092 EDC4             (./generated-code/):00065 [5]     287             STD ,U
A094 A6C879           (./generated-code/):00066 [5]     292             LDA 121,U
A097 E6C889           (./generated-code/):00067 [5]     297             LDB -119,U
A09A AEC850           (./generated-code/):00068 [6]     303             LDX 80,U
A09D 10AEC828         (./generated-code/):00069 [7]     310             LDY 40,U
A0A1 3476             (./generated-code/):00070 [13]    323             PSHS U,Y,X,B,A
A0A3 CCAAAA           (./generated-code/):00071 [3]     326             LDD #$aaaa
A0A6 EDC8D8           (./generated-code/):00072 [6]     332             STD -40,U
A0A9 A7C889           (./generated-code/):00073 [5]     337             STA -119,U
A0AC A7C8B1           (./generated-code/):00074 [5]     342             STA -79,U
A0AF C6DE             (./generated-code/):00075 [2]     344             LDB #$de
A0B1 EDC828           (./generated-code/):00076 [6]     350             STD 40,U
A0B4 86ED             (./generated-code/):00077 [2]     352             LDA #$ed
A0B6 A7C879           (./generated-code/):00078 [5]     357             STA 121,U
A0B9 86EF             (./generated-code/):00079 [2]     359             LDA #$ef
A0BB EDC850           (./generated-code/):00080 [6]     365             STD 80,U
A0BE 33C90103         (./generated-code/):00081 [8]     373             LEAU 259,U
                      (./generated-code/):00082                 
A0C2 ECC89C           (./generated-code/):00083 [6]     379             LDD -100,U
A0C5 3406             (./generated-code/):00084 [7]     386             PSHS D
A0C7 84F0             (./generated-code/):00085 [2]     388             ANDA #$F0
A0C9 8A09             (./generated-code/):00086 [2]     390             ORA #$09
A0CB C6EC             (./generated-code/):00087 [2]     392             LDB #$ec
A0CD EDC89C           (./generated-code/):00088 [6]     398             STD -100,U
A0D0 ECC8C4           (./generated-code/):00089 [6]     404             LDD -60,U
A0D3 3406             (./generated-code/):00090 [7]     411             PSHS D
A0D5 84F0             (./generated-code/):00091 [2]     413             ANDA #$F0
A0D7 8A09             (./generated-code/):00092 [2]     415             ORA #$09
A0D9 C63C             (./generated-code/):00093 [2]     417             LDB #$3c
A0DB EDC8C4           (./generated-code/):00094 [6]     423             STD -60,U
A0DE ECC8EC           (./generated-code/):00095 [6]     429             LDD -20,U
A0E1 3406             (./generated-code/):00096 [7]     436             PSHS D
A0E3 84F0             (./generated-code/):00097 [2]     438             ANDA #$F0
A0E5 8A0E             (./generated-code/):00098 [2]     440             ORA #$0e
A0E7 C69C             (./generated-code/):00099 [2]     442             LDB #$9c
A0E9 EDC8EC           (./generated-code/):00100 [6]     448             STD -20,U
A0EC A6C8EE           (./generated-code/):00101 [5]     453             LDA -18,U
A0EF E6C89E           (./generated-code/):00102 [5]     458             LDB -98,U
A0F2 AEC814           (./generated-code/):00103 [6]     464             LDX 20,U
A0F5 10AEC83C         (./generated-code/):00104 [7]     471             LDY 60,U
A0F9 3436             (./generated-code/):00105 [11]    482             PSHS Y,X,B,A
A0FB ECC864           (./generated-code/):00106 [6]     488             LDD 100,U
A0FE 3406             (./generated-code/):00107 [7]     495             PSHS D
A100 CCFFEF           (./generated-code/):00108 [3]     498             LDD #$ffef
A103 EDC864           (./generated-code/):00109 [6]     504             STD 100,U
A106 86ED             (./generated-code/):00110 [2]     506             LDA #$ed
A108 A7C89E           (./generated-code/):00111 [5]     511             STA -98,U
A10B CCEFEE           (./generated-code/):00112 [3]     514             LDD #$efee
A10E EDC83C           (./generated-code/):00113 [6]     520             STD 60,U
A111 86CE             (./generated-code/):00114 [2]     522             LDA #$ce
A113 A7C8EE           (./generated-code/):00115 [5]     527             STA -18,U
A116 A6C8C6           (./generated-code/):00116 [5]     532             LDA -58,U
A119 E6C816           (./generated-code/):00117 [5]     537             LDB 22,U
A11C 3446             (./generated-code/):00118 [9]     546             PSHS U,B,A
A11E C40F             (./generated-code/):00119 [2]     548             ANDB #$0F
A120 CAE0             (./generated-code/):00120 [2]     550             ORB #$e0
A122 E7C816           (./generated-code/):00121 [5]     555             STB 22,U
A125 86CC             (./generated-code/):00122 [2]     557             LDA #$cc
A127 A7C8C6           (./generated-code/):00123 [5]     562             STA -58,U
A12A CCEE93           (./generated-code/):00124 [3]     565             LDD #$ee93
A12D EDC814           (./generated-code/):00125 [6]     571             STD 20,U
A130 33C90104         (./generated-code/):00126 [8]     579             LEAU 260,U
                      (./generated-code/):00127                 
A134 AEC888           (./generated-code/):00128 [6]     585             LDX -120,U
A137 10AEC8B0         (./generated-code/):00129 [7]     592             LDY -80,U
A13B 3430             (./generated-code/):00130 [9]     601             PSHS Y,X
A13D A6C88A           (./generated-code/):00131 [5]     606             LDA -118,U
A140 3402             (./generated-code/):00132 [6]     612             PSHS A
A142 840F             (./generated-code/):00133 [2]     614             ANDA #$0F
A144 8A30             (./generated-code/):00134 [2]     616             ORA #$30
A146 A7C88A           (./generated-code/):00135 [5]     621             STA -118,U
A149 A6C8B2           (./generated-code/):00136 [5]     626             LDA -78,U
A14C 3402             (./generated-code/):00137 [6]     632             PSHS A
A14E 840F             (./generated-code/):00138 [2]     634             ANDA #$0F
A150 8AA0             (./generated-code/):00139 [2]     636             ORA #$a0
A152 A7C8B2           (./generated-code/):00140 [5]     641             STA -78,U
A155 A6C8DA           (./generated-code/):00141 [5]     646             LDA -38,U
A158 3402             (./generated-code/):00142 [6]     652             PSHS A
A15A 840F             (./generated-code/):00143 [2]     654             ANDA #$0F
A15C 8AA0             (./generated-code/):00144 [2]     656             ORA #$a0
A15E A7C8DA           (./generated-code/):00145 [5]     661             STA -38,U
A161 CCFFCF           (./generated-code/):00146 [3]     664             LDD #$ffcf
A164 EDC888           (./generated-code/):00147 [6]     670             STD -120,U
A167 C6CC             (./generated-code/):00148 [2]     672             LDB #$cc
A169 EDC8B0           (./generated-code/):00149 [6]     678             STD -80,U
A16C AEC8D8           (./generated-code/):00150 [6]     684             LDX -40,U
A16F 3410             (./generated-code/):00151 [7]     691             PSHS X
A171 C6EC             (./generated-code/):00152 [2]     693             LDB #$ec
A173 EDC8D8           (./generated-code/):00153 [6]     699             STD -40,U
A176 3712             (./generated-code/):00154 [8]     707             PULU A,X
A178 3452             (./generated-code/):00155 [10]    717             PSHS U,X,A
A17A 86EE             (./generated-code/):00156 [2]     719             LDA #$ee
A17C 8E3E9E           (./generated-code/):00157 [3]     722             LDX #$3e9e
A17F 3612             (./generated-code/):00158 [8]     730             PSHU A,X
A181 33C828           (./generated-code/):00159 [5]     735             LEAU 40,U
                      (./generated-code/):00160                 
A184 ECC829           (./generated-code/):00161 [6]     741             LDD 41,U
A187 3406             (./generated-code/):00162 [7]     748             PSHS D
A189 84F0             (./generated-code/):00163 [2]     750             ANDA #$F0
A18B 8A03             (./generated-code/):00164 [2]     752             ORA #$03
A18D C6EE             (./generated-code/):00165 [2]     754             LDB #$ee
A18F EDC829           (./generated-code/):00166 [6]     760             STD 41,U
A192 ECC850           (./generated-code/):00167 [6]     766             LDD 80,U
A195 3406             (./generated-code/):00168 [7]     773             PSHS D
A197 84F0             (./generated-code/):00169 [2]     775             ANDA #$F0
A199 C4F0             (./generated-code/):00170 [2]     777             ANDB #$F0
A19B C30E0F           (./generated-code/):00171 [4]     781             ADDD #$0e0f
A19E EDC850           (./generated-code/):00172 [6]     787             STD 80,U
A1A1 A6C87A           (./generated-code/):00173 [5]     792             LDA 122,U
A1A4 E6C852           (./generated-code/):00174 [5]     797             LDB 82,U
A1A7 3406             (./generated-code/):00175 [7]     804             PSHS B,A
A1A9 C4F0             (./generated-code/):00176 [2]     806             ANDB #$F0
A1AB CA0E             (./generated-code/):00177 [2]     808             ORB #$0e
A1AD E7C852           (./generated-code/):00178 [5]     813             STB 82,U
A1B0 ECC878           (./generated-code/):00179 [6]     819             LDD 120,U
A1B3 3406             (./generated-code/):00180 [7]     826             PSHS D
A1B5 86DE             (./generated-code/):00181 [2]     828             LDA #$de
A1B7 C4F0             (./generated-code/):00182 [2]     830             ANDB #$F0
A1B9 CA0F             (./generated-code/):00183 [2]     832             ORB #$0f
A1BB EDC878           (./generated-code/):00184 [6]     838             STD 120,U
A1BE A7C87A           (./generated-code/):00185 [5]     843             STA 122,U
A1C1 3712             (./generated-code/):00186 [8]     851             PULU A,X
A1C3 3452             (./generated-code/):00187 [10]    861             PSHS U,X,A
A1C5 86EE             (./generated-code/):00188 [2]     863             LDA #$ee
A1C7 8E939E           (./generated-code/):00189 [3]     866             LDX #$939e
A1CA 3612             (./generated-code/):00190 [8]     874             PSHU A,X
A1CC 33C90118         (./generated-code/):00191 [8]     882             LEAU 280,U
                      (./generated-code/):00192                 
A1D0 A6C88A           (./generated-code/):00193 [5]     887             LDA -118,U
A1D3 AEC828           (./generated-code/):00194 [6]     893             LDX 40,U
A1D6 10AEC8B0         (./generated-code/):00195 [7]     900             LDY -80,U
A1DA 3432             (./generated-code/):00196 [10]    910             PSHS Y,X,A
A1DC A6C8B2           (./generated-code/):00197 [5]     915             LDA -78,U
A1DF 3402             (./generated-code/):00198 [6]     921             PSHS A
A1E1 840F             (./generated-code/):00199 [2]     923             ANDA #$0F
A1E3 8AD0             (./generated-code/):00200 [2]     925             ORA #$d0
A1E5 A7C8B2           (./generated-code/):00201 [5]     930             STA -78,U
A1E8 AEC8D8           (./generated-code/):00202 [6]     936             LDX -40,U
A1EB 10AEC850         (./generated-code/):00203 [7]     943             LDY 80,U
A1EF 3430             (./generated-code/):00204 [9]     952             PSHS Y,X
A1F1 CC3EFB           (./generated-code/):00205 [3]     955             LDD #$3efb
A1F4 EDC8D8           (./generated-code/):00206 [6]     961             STD -40,U
A1F7 C6BE             (./generated-code/):00207 [2]     963             LDB #$be
A1F9 EDC828           (./generated-code/):00208 [6]     969             STD 40,U
A1FC C6BB             (./generated-code/):00209 [2]     971             LDB #$bb
A1FE EDC8B0           (./generated-code/):00210 [6]     977             STD -80,U
A201 86DE             (./generated-code/):00211 [2]     979             LDA #$de
A203 A7C88A           (./generated-code/):00212 [5]     984             STA -118,U
A206 863D             (./generated-code/):00213 [2]     986             LDA #$3d
A208 EDC850           (./generated-code/):00214 [6]     992             STD 80,U
A20B ECC878           (./generated-code/):00215 [6]     998             LDD 120,U
A20E AEC4             (./generated-code/):00216 [5]     1003            LDX ,U
A210 3416             (./generated-code/):00217 [9]     1012            PSHS X,D
A212 CC33B3           (./generated-code/):00218 [3]     1015            LDD #$33b3
A215 EDC878           (./generated-code/):00219 [6]     1021            STD 120,U
A218 CCE3FF           (./generated-code/):00220 [3]     1024            LDD #$e3ff
A21B EDC4             (./generated-code/):00221 [5]     1029            STD ,U
A21D ECC888           (./generated-code/):00222 [6]     1035            LDD -120,U
A220 3446             (./generated-code/):00223 [9]     1044            PSHS U,D
A222 863E             (./generated-code/):00224 [2]     1046            LDA #$3e
A224 C4F0             (./generated-code/):00225 [2]     1048            ANDB #$F0
A226 CA0E             (./generated-code/):00226 [2]     1050            ORB #$0e
A228 EDC888           (./generated-code/):00227 [6]     1056            STD -120,U
A22B 33C900B4         (./generated-code/):00228 [8]     1064            LEAU 180,U
                      (./generated-code/):00229                 
A22F AEC8EC           (./generated-code/):00230 [6]     1070            LDX -20,U
A232 CC3333           (./generated-code/):00231 [3]     1073            LDD #$3333
A235 EDC8EC           (./generated-code/):00232 [6]     1079            STD -20,U
A238 10AEC814         (./generated-code/):00233 [7]     1086            LDY 20,U
A23C 3470             (./generated-code/):00234 [11]    1097            PSHS U,Y,X
A23E CCDDDD           (./generated-code/):00235 [3]     1100            LDD #$dddd
A241 EDC814           (./generated-code/):00236 [6]     1106            STD 20,U
                      (./generated-code/):00237                 
A244 DEFC             (./generated-code/):00238 [5]     1111            LDU <glb_screen_location_1
A246 33C9FD80         (./generated-code/):00239 [8]     1119            LEAU -640,U
                      (./generated-code/):00240                 
A24A A6C4             (./generated-code/):00241 [4]     1123            LDA ,U
A24C 3442             (./generated-code/):00242 [8]     1131            PSHS U,A
A24E 840F             (./generated-code/):00243 [2]     1133            ANDA #$0F
A250 8AA0             (./generated-code/):00244 [2]     1135            ORA #$a0
A252 A7C4             (./generated-code/):00245 [4]     1139            STA ,U
A254 33C9009F         (./generated-code/):00246 [8]     1147            LEAU 159,U
                      (./generated-code/):00247                 
A258 ECC888           (./generated-code/):00248 [6]     1153            LDD -120,U
A25B 3406             (./generated-code/):00249 [7]     1160            PSHS D
A25D 84F0             (./generated-code/):00250 [2]     1162            ANDA #$F0
A25F 8A0A             (./generated-code/):00251 [2]     1164            ORA #$0a
A261 C6AA             (./generated-code/):00252 [2]     1166            LDB #$aa
A263 EDC888           (./generated-code/):00253 [6]     1172            STD -120,U
A266 ECC8B0           (./generated-code/):00254 [6]     1178            LDD -80,U
A269 3406             (./generated-code/):00255 [7]     1185            PSHS D
A26B 84F0             (./generated-code/):00256 [2]     1187            ANDA #$F0
A26D 8A0A             (./generated-code/):00257 [2]     1189            ORA #$0a
A26F C6AA             (./generated-code/):00258 [2]     1191            LDB #$aa
A271 EDC8B0           (./generated-code/):00259 [6]     1197            STD -80,U
A274 A6C8DA           (./generated-code/):00260 [5]     1202            LDA -38,U
A277 3402             (./generated-code/):00261 [6]     1208            PSHS A
A279 84F0             (./generated-code/):00262 [2]     1210            ANDA #$F0
A27B 8A09             (./generated-code/):00263 [2]     1212            ORA #$09
A27D A7C8DA           (./generated-code/):00264 [5]     1217            STA -38,U
A280 AEC8D8           (./generated-code/):00265 [6]     1223            LDX -40,U
A283 3410             (./generated-code/):00266 [7]     1230            PSHS X
A285 CCAAAA           (./generated-code/):00267 [3]     1233            LDD #$aaaa
A288 EDC8D8           (./generated-code/):00268 [6]     1239            STD -40,U
A28B 3712             (./generated-code/):00269 [8]     1247            PULU A,X
A28D 3452             (./generated-code/):00270 [10]    1257            PSHS U,X,A
A28F 86A9             (./generated-code/):00271 [2]     1259            LDA #$a9
A291 8EAA99           (./generated-code/):00272 [3]     1262            LDX #$aa99
A294 3612             (./generated-code/):00273 [8]     1270            PSHU A,X
A296 33C828           (./generated-code/):00274 [5]     1275            LEAU 40,U
                      (./generated-code/):00275                 
A299 3712             (./generated-code/):00276 [8]     1283            PULU A,X
A29B 3452             (./generated-code/):00277 [10]    1293            PSHS U,X,A
A29D 8699             (./generated-code/):00278 [2]     1295            LDA #$99
A29F 8EAAAC           (./generated-code/):00279 [3]     1298            LDX #$aaac
A2A2 3612             (./generated-code/):00280 [8]     1306            PSHU A,X
A2A4 33C828           (./generated-code/):00281 [5]     1311            LEAU 40,U
                      (./generated-code/):00282                 
A2A7 ECC828           (./generated-code/):00283 [6]     1317            LDD 40,U
A2AA 3406             (./generated-code/):00284 [7]     1324            PSHS D
A2AC 84F0             (./generated-code/):00285 [2]     1326            ANDA #$F0
A2AE 8A09             (./generated-code/):00286 [2]     1328            ORA #$09
A2B0 C6EA             (./generated-code/):00287 [2]     1330            LDB #$ea
A2B2 EDC828           (./generated-code/):00288 [6]     1336            STD 40,U
A2B5 ECC850           (./generated-code/):00289 [6]     1342            LDD 80,U
A2B8 3406             (./generated-code/):00290 [7]     1349            PSHS D
A2BA 84F0             (./generated-code/):00291 [2]     1351            ANDA #$F0
A2BC 8A09             (./generated-code/):00292 [2]     1353            ORA #$09
A2BE C6FE             (./generated-code/):00293 [2]     1355            LDB #$fe
A2C0 EDC850           (./generated-code/):00294 [6]     1361            STD 80,U
A2C3 ECC878           (./generated-code/):00295 [6]     1367            LDD 120,U
A2C6 3406             (./generated-code/):00296 [7]     1374            PSHS D
A2C8 84F0             (./generated-code/):00297 [2]     1376            ANDA #$F0
A2CA 8A09             (./generated-code/):00298 [2]     1378            ORA #$09
A2CC C6FF             (./generated-code/):00299 [2]     1380            LDB #$ff
A2CE EDC878           (./generated-code/):00300 [6]     1386            STD 120,U
A2D1 A6C82A           (./generated-code/):00301 [5]     1391            LDA 42,U
A2D4 3402             (./generated-code/):00302 [6]     1397            PSHS A
A2D6 86AC             (./generated-code/):00303 [2]     1399            LDA #$ac
A2D8 A7C82A           (./generated-code/):00304 [5]     1404            STA 42,U
A2DB A6C852           (./generated-code/):00305 [5]     1409            LDA 82,U
A2DE E6C87A           (./generated-code/):00306 [5]     1414            LDB 122,U
A2E1 3406             (./generated-code/):00307 [7]     1421            PSHS B,A
A2E3 86EA             (./generated-code/):00308 [2]     1423            LDA #$ea
A2E5 A7C852           (./generated-code/):00309 [5]     1428            STA 82,U
A2E8 A7C87A           (./generated-code/):00310 [5]     1433            STA 122,U
A2EB 3712             (./generated-code/):00311 [8]     1441            PULU A,X
A2ED 3452             (./generated-code/):00312 [10]    1451            PSHS U,X,A
A2EF 8699             (./generated-code/):00313 [2]     1453            LDA #$99
A2F1 8EAAAC           (./generated-code/):00314 [3]     1456            LDX #$aaac
A2F4 3612             (./generated-code/):00315 [8]     1464            PSHU A,X
A2F6 33C90118         (./generated-code/):00316 [8]     1472            LEAU 280,U
                      (./generated-code/):00317                 
A2FA AEC828           (./generated-code/):00318 [6]     1478            LDX 40,U
A2FD 10AEC8D8         (./generated-code/):00319 [7]     1485            LDY -40,U
A301 3430             (./generated-code/):00320 [9]     1494            PSHS Y,X
A303 ECC8B0           (./generated-code/):00321 [6]     1500            LDD -80,U
A306 AEC4             (./generated-code/):00322 [5]     1505            LDX ,U
A308 10AEC878         (./generated-code/):00323 [7]     1512            LDY 120,U
A30C 3436             (./generated-code/):00324 [11]    1523            PSHS Y,X,D
A30E A6C88A           (./generated-code/):00325 [5]     1528            LDA -118,U
A311 3402             (./generated-code/):00326 [6]     1534            PSHS A
A313 840F             (./generated-code/):00327 [2]     1536            ANDA #$0F
A315 8AE0             (./generated-code/):00328 [2]     1538            ORA #$e0
A317 A7C88A           (./generated-code/):00329 [5]     1543            STA -118,U
A31A A6C8B2           (./generated-code/):00330 [5]     1548            LDA -78,U
A31D 3402             (./generated-code/):00331 [6]     1554            PSHS A
A31F 840F             (./generated-code/):00332 [2]     1556            ANDA #$0F
A321 8AE0             (./generated-code/):00333 [2]     1558            ORA #$e0
A323 A7C8B2           (./generated-code/):00334 [5]     1563            STA -78,U
A326 A6C8DA           (./generated-code/):00335 [5]     1568            LDA -38,U
A329 3402             (./generated-code/):00336 [6]     1574            PSHS A
A32B 840F             (./generated-code/):00337 [2]     1576            ANDA #$0F
A32D 8AE0             (./generated-code/):00338 [2]     1578            ORA #$e0
A32F A7C8DA           (./generated-code/):00339 [5]     1583            STA -38,U
A332 A642             (./generated-code/):00340 [5]     1588            LDA 2,U
A334 3402             (./generated-code/):00341 [6]     1594            PSHS A
A336 840F             (./generated-code/):00342 [2]     1596            ANDA #$0F
A338 8AE0             (./generated-code/):00343 [2]     1598            ORA #$e0
A33A A742             (./generated-code/):00344 [5]     1603            STA 2,U
A33C A6C82A           (./generated-code/):00345 [5]     1608            LDA 42,U
A33F 3402             (./generated-code/):00346 [6]     1614            PSHS A
A341 840F             (./generated-code/):00347 [2]     1616            ANDA #$0F
A343 8AE0             (./generated-code/):00348 [2]     1618            ORA #$e0
A345 A7C82A           (./generated-code/):00349 [5]     1623            STA 42,U
A348 A6C852           (./generated-code/):00350 [5]     1628            LDA 82,U
A34B 3402             (./generated-code/):00351 [6]     1634            PSHS A
A34D 840F             (./generated-code/):00352 [2]     1636            ANDA #$0F
A34F 8A30             (./generated-code/):00353 [2]     1638            ORA #$30
A351 A7C852           (./generated-code/):00354 [5]     1643            STA 82,U
A354 AEC850           (./generated-code/):00355 [6]     1649            LDX 80,U
A357 3410             (./generated-code/):00356 [7]     1656            PSHS X
A359 ECC888           (./generated-code/):00357 [6]     1662            LDD -120,U
A35C 3446             (./generated-code/):00358 [9]     1671            PSHS U,D
A35E 84F0             (./generated-code/):00359 [2]     1673            ANDA #$F0
A360 8A09             (./generated-code/):00360 [2]     1675            ORA #$09
A362 C6FF             (./generated-code/):00361 [2]     1677            LDB #$ff
A364 EDC888           (./generated-code/):00362 [6]     1683            STD -120,U
A367 CC3ECC           (./generated-code/):00363 [3]     1686            LDD #$3ecc
A36A EDC878           (./generated-code/):00364 [6]     1692            STD 120,U
A36D 8699             (./generated-code/):00365 [2]     1694            LDA #$99
A36F EDC828           (./generated-code/):00366 [6]     1700            STD 40,U
A372 EDC850           (./generated-code/):00367 [6]     1706            STD 80,U
A375 C6FF             (./generated-code/):00368 [2]     1708            LDB #$ff
A377 EDC8B0           (./generated-code/):00369 [6]     1714            STD -80,U
A37A EDC8D8           (./generated-code/):00370 [6]     1720            STD -40,U
A37D EDC4             (./generated-code/):00371 [5]     1725            STD ,U
A37F 33C90119         (./generated-code/):00372 [8]     1733            LEAU 281,U
                      (./generated-code/):00373                 
A383 A6C4             (./generated-code/):00374 [4]     1737            LDA ,U
A385 E6C828           (./generated-code/):00375 [5]     1742            LDB 40,U
A388 AEC8AF           (./generated-code/):00376 [6]     1748            LDX -81,U
A38B 3416             (./generated-code/):00377 [9]     1757            PSHS X,B,A
A38D A6C850           (./generated-code/):00378 [5]     1762            LDA 80,U
A390 E6C8D8           (./generated-code/):00379 [5]     1767            LDB -40,U
A393 AEC887           (./generated-code/):00380 [6]     1773            LDX -121,U
A396 3416             (./generated-code/):00381 [9]     1782            PSHS X,B,A
A398 ECC826           (./generated-code/):00382 [6]     1788            LDD 38,U
A39B 3406             (./generated-code/):00383 [7]     1795            PSHS D
A39D 84F0             (./generated-code/):00384 [2]     1797            ANDA #$F0
A39F C4F0             (./generated-code/):00385 [2]     1799            ANDB #$F0
A3A1 C30E09           (./generated-code/):00386 [4]     1803            ADDD #$0e09
A3A4 EDC826           (./generated-code/):00387 [6]     1809            STD 38,U
A3A7 ECC84E           (./generated-code/):00388 [6]     1815            LDD 78,U
A3AA 3406             (./generated-code/):00389 [7]     1822            PSHS D
A3AC 84F0             (./generated-code/):00390 [2]     1824            ANDA #$F0
A3AE C40F             (./generated-code/):00391 [2]     1826            ANDB #$0F
A3B0 C30E90           (./generated-code/):00392 [4]     1830            ADDD #$0e90
A3B3 EDC84E           (./generated-code/):00393 [6]     1836            STD 78,U
A3B6 ECC876           (./generated-code/):00394 [6]     1842            LDD 118,U
A3B9 3406             (./generated-code/):00395 [7]     1849            PSHS D
A3BB 84F0             (./generated-code/):00396 [2]     1851            ANDA #$F0
A3BD C4F0             (./generated-code/):00397 [2]     1853            ANDB #$F0
A3BF C30E0A           (./generated-code/):00398 [4]     1857            ADDD #$0e0a
A3C2 EDC876           (./generated-code/):00399 [6]     1863            STD 118,U
A3C5 86ED             (./generated-code/):00400 [2]     1865            LDA #$ed
A3C7 A7C8D8           (./generated-code/):00401 [5]     1870            STA -40,U
A3CA A7C850           (./generated-code/):00402 [5]     1875            STA 80,U
A3CD ECC8D6           (./generated-code/):00403 [6]     1881            LDD -42,U
A3D0 3406             (./generated-code/):00404 [7]     1888            PSHS D
A3D2 84F0             (./generated-code/):00405 [2]     1890            ANDA #$F0
A3D4 8A0E             (./generated-code/):00406 [2]     1892            ORA #$0e
A3D6 C6F9             (./generated-code/):00407 [2]     1894            LDB #$f9
A3D8 EDC8D6           (./generated-code/):00408 [6]     1900            STD -42,U
A3DB EC5E             (./generated-code/):00409 [6]     1906            LDD -2,U
A3DD 3406             (./generated-code/):00410 [7]     1913            PSHS D
A3DF 84F0             (./generated-code/):00411 [2]     1915            ANDA #$F0
A3E1 8A0E             (./generated-code/):00412 [2]     1917            ORA #$0e
A3E3 C6E9             (./generated-code/):00413 [2]     1919            LDB #$e9
A3E5 ED5E             (./generated-code/):00414 [6]     1925            STD -2,U
A3E7 CCCCEE           (./generated-code/):00415 [3]     1928            LDD #$ccee
A3EA EDC887           (./generated-code/):00416 [6]     1934            STD -121,U
A3ED ECC878           (./generated-code/):00417 [6]     1940            LDD 120,U
A3F0 3446             (./generated-code/):00418 [9]     1949            PSHS U,D
A3F2 863A             (./generated-code/):00419 [2]     1951            LDA #$3a
A3F4 C40F             (./generated-code/):00420 [2]     1953            ANDB #$0F
A3F6 CAE0             (./generated-code/):00421 [2]     1955            ORB #$e0
A3F8 EDC878           (./generated-code/):00422 [6]     1961            STD 120,U
A3FB CC3333           (./generated-code/):00423 [3]     1964            LDD #$3333
A3FE EDC8AF           (./generated-code/):00424 [6]     1970            STD -81,U
A401 86C9             (./generated-code/):00425 [2]     1972            LDA #$c9
A403 A7C4             (./generated-code/):00426 [4]     1976            STA ,U
A405 A7C828           (./generated-code/):00427 [5]     1981            STA 40,U
A408 33C90118         (./generated-code/):00428 [8]     1989            LEAU 280,U
                      (./generated-code/):00429                 
A40C A6C878           (./generated-code/):00430 [5]     1994            LDA 120,U
A40F AEC8D7           (./generated-code/):00431 [6]     2000            LDX -41,U
A412 10AEC84F         (./generated-code/):00432 [7]     2007            LDY 79,U
A416 3432             (./generated-code/):00433 [10]    2017            PSHS Y,X,A
A418 ECC827           (./generated-code/):00434 [6]     2023            LDD 39,U
A41B AE5F             (./generated-code/):00435 [6]     2029            LDX -1,U
A41D 3416             (./generated-code/):00436 [9]     2038            PSHS X,D
A41F ECC887           (./generated-code/):00437 [6]     2044            LDD -121,U
A422 3406             (./generated-code/):00438 [7]     2051            PSHS D
A424 84F0             (./generated-code/):00439 [2]     2053            ANDA #$F0
A426 8A0A             (./generated-code/):00440 [2]     2055            ORA #$0a
A428 C6DA             (./generated-code/):00441 [2]     2057            LDB #$da
A42A EDC887           (./generated-code/):00442 [6]     2063            STD -121,U
A42D ECC8AF           (./generated-code/):00443 [6]     2069            LDD -81,U
A430 3406             (./generated-code/):00444 [7]     2076            PSHS D
A432 84F0             (./generated-code/):00445 [2]     2078            ANDA #$F0
A434 8A09             (./generated-code/):00446 [2]     2080            ORA #$09
A436 C6D9             (./generated-code/):00447 [2]     2082            LDB #$d9
A438 EDC8AF           (./generated-code/):00448 [6]     2088            STD -81,U
A43B ECC876           (./generated-code/):00449 [6]     2094            LDD 118,U
A43E 3406             (./generated-code/):00450 [7]     2101            PSHS D
A440 84F0             (./generated-code/):00451 [2]     2103            ANDA #$F0
A442 8A0D             (./generated-code/):00452 [2]     2105            ORA #$0d
A444 C6E3             (./generated-code/):00453 [2]     2107            LDB #$e3
A446 EDC876           (./generated-code/):00454 [6]     2113            STD 118,U
A449 86B3             (./generated-code/):00455 [2]     2115            LDA #$b3
A44B A7C878           (./generated-code/):00456 [5]     2120            STA 120,U
A44E 86EE             (./generated-code/):00457 [2]     2122            LDA #$ee
A450 EDC84F           (./generated-code/):00458 [6]     2128            STD 79,U
A453 CC93ED           (./generated-code/):00459 [3]     2131            LDD #$93ed
A456 ED5F             (./generated-code/):00460 [6]     2137            STD -1,U
A458 A6C889           (./generated-code/):00461 [5]     2142            LDA -119,U
A45B 3402             (./generated-code/):00462 [6]     2148            PSHS A
A45D 840F             (./generated-code/):00463 [2]     2150            ANDA #$0F
A45F 8AE0             (./generated-code/):00464 [2]     2152            ORA #$e0
A461 A7C889           (./generated-code/):00465 [5]     2157            STA -119,U
A464 A6C8B1           (./generated-code/):00466 [5]     2162            LDA -79,U
A467 3402             (./generated-code/):00467 [6]     2168            PSHS A
A469 840F             (./generated-code/):00468 [2]     2170            ANDA #$0F
A46B 8AE0             (./generated-code/):00469 [2]     2172            ORA #$e0
A46D A7C8B1           (./generated-code/):00470 [5]     2177            STA -79,U
A470 A6C8D9           (./generated-code/):00471 [5]     2182            LDA -39,U
A473 3402             (./generated-code/):00472 [6]     2188            PSHS A
A475 840F             (./generated-code/):00473 [2]     2190            ANDA #$0F
A477 8AE0             (./generated-code/):00474 [2]     2192            ORA #$e0
A479 A7C8D9           (./generated-code/):00475 [5]     2197            STA -39,U
A47C A641             (./generated-code/):00476 [5]     2202            LDA 1,U
A47E 3442             (./generated-code/):00477 [8]     2210            PSHS U,A
A480 840F             (./generated-code/):00478 [2]     2212            ANDA #$0F
A482 8AE0             (./generated-code/):00479 [2]     2214            ORA #$e0
A484 A741             (./generated-code/):00480 [5]     2219            STA 1,U
A486 CCA9DD           (./generated-code/):00481 [3]     2222            LDD #$a9dd
A489 EDC8D7           (./generated-code/):00482 [6]     2228            STD -41,U
A48C CCDEFE           (./generated-code/):00483 [3]     2231            LDD #$defe
A48F EDC827           (./generated-code/):00484 [6]     2237            STD 39,U
A492 33C90103         (./generated-code/):00485 [8]     2245            LEAU 259,U
                      (./generated-code/):00486                 
A496 ECC89B           (./generated-code/):00487 [6]     2251            LDD -101,U
A499 3406             (./generated-code/):00488 [7]     2258            PSHS D
A49B 84F0             (./generated-code/):00489 [2]     2260            ANDA #$F0
A49D C40F             (./generated-code/):00490 [2]     2262            ANDB #$0F
A49F C30D30           (./generated-code/):00491 [4]     2266            ADDD #$0d30
A4A2 EDC89B           (./generated-code/):00492 [6]     2272            STD -101,U
A4A5 ECC8C3           (./generated-code/):00493 [6]     2278            LDD -61,U
A4A8 3406             (./generated-code/):00494 [7]     2285            PSHS D
A4AA 84F0             (./generated-code/):00495 [2]     2287            ANDA #$F0
A4AC C40F             (./generated-code/):00496 [2]     2289            ANDB #$0F
A4AE C30D30           (./generated-code/):00497 [4]     2293            ADDD #$0d30
A4B1 EDC8C3           (./generated-code/):00498 [6]     2299            STD -61,U
A4B4 ECC8EB           (./generated-code/):00499 [6]     2305            LDD -21,U
A4B7 3406             (./generated-code/):00500 [7]     2312            PSHS D
A4B9 84F0             (./generated-code/):00501 [2]     2314            ANDA #$F0
A4BB C40F             (./generated-code/):00502 [2]     2316            ANDB #$0F
A4BD C30DE0           (./generated-code/):00503 [4]     2320            ADDD #$0de0
A4C0 EDC8EB           (./generated-code/):00504 [6]     2326            STD -21,U
A4C3 ECC813           (./generated-code/):00505 [6]     2332            LDD 19,U
A4C6 3406             (./generated-code/):00506 [7]     2339            PSHS D
A4C8 84F0             (./generated-code/):00507 [2]     2341            ANDA #$F0
A4CA C40F             (./generated-code/):00508 [2]     2343            ANDB #$0F
A4CC C30DD0           (./generated-code/):00509 [4]     2347            ADDD #$0dd0
A4CF EDC813           (./generated-code/):00510 [6]     2353            STD 19,U
A4D2 ECC83B           (./generated-code/):00511 [6]     2359            LDD 59,U
A4D5 3406             (./generated-code/):00512 [7]     2366            PSHS D
A4D7 84F0             (./generated-code/):00513 [2]     2368            ANDA #$F0
A4D9 C40F             (./generated-code/):00514 [2]     2370            ANDB #$0F
A4DB C30D30           (./generated-code/):00515 [4]     2374            ADDD #$0d30
A4DE EDC83B           (./generated-code/):00516 [6]     2380            STD 59,U
A4E1 A6C89D           (./generated-code/):00517 [5]     2385            LDA -99,U
A4E4 3402             (./generated-code/):00518 [6]     2391            PSHS A
A4E6 86B3             (./generated-code/):00519 [2]     2393            LDA #$b3
A4E8 A7C89D           (./generated-code/):00520 [5]     2398            STA -99,U
A4EB A6C8C5           (./generated-code/):00521 [5]     2403            LDA -59,U
A4EE E6C8ED           (./generated-code/):00522 [5]     2408            LDB -19,U
A4F1 3406             (./generated-code/):00523 [7]     2415            PSHS B,A
A4F3 C40F             (./generated-code/):00524 [2]     2417            ANDB #$0F
A4F5 CAE0             (./generated-code/):00525 [2]     2419            ORB #$e0
A4F7 E7C8ED           (./generated-code/):00526 [5]     2424            STB -19,U
A4FA A6C815           (./generated-code/):00527 [5]     2429            LDA 21,U
A4FD 3402             (./generated-code/):00528 [6]     2435            PSHS A
A4FF 840F             (./generated-code/):00529 [2]     2437            ANDA #$0F
A501 8AD0             (./generated-code/):00530 [2]     2439            ORA #$d0
A503 A7C815           (./generated-code/):00531 [5]     2444            STA 21,U
A506 A6C864           (./generated-code/):00532 [5]     2449            LDA 100,U
A509 3442             (./generated-code/):00533 [8]     2457            PSHS U,A
A50B 840F             (./generated-code/):00534 [2]     2459            ANDA #$0F
A50D 8AD0             (./generated-code/):00535 [2]     2461            ORA #$d0
A50F A7C864           (./generated-code/):00536 [5]     2466            STA 100,U
A512 86ED             (./generated-code/):00537 [2]     2468            LDA #$ed
A514 A7C8C5           (./generated-code/):00538 [5]     2473            STA -59,U
A517 33E4             (./generated-code/):00539 [4]     2477            LEAU ,S
A519                  (./generated-code/):00540                 SSAV_Img_sonic_213_0
A519 10FE9FFE         (./generated-code/):00541 [7]     2484            LDS glb_register_s
A51D 39               (./generated-code/):00542 [5]     2489            RTS
                      (./generated-code/):00543                 
