                      (./generated-code/):00001                 INCLUDE "./Engine/Constants.asm"
                      (./Engine/Constant):00001         * ---------------------------------------------------------------------------
                      (./Engine/Constant):00002         * Constants
                      (./Engine/Constant):00003         *
                      (./Engine/Constant):00004         * Naming convention
                      (./Engine/Constant):00005         * -----------------
                      (./Engine/Constant):00006         * - lower case
                      (./Engine/Constant):00007         * - underscore-separated names
                      (./Engine/Constant):00008         *
                      (./Engine/Constant):00009         * ---------------------------------------------------------------------------
                      (./Engine/Constant):00010         
                      (./Engine/Constant):00011         * ===========================================================================
                      (./Engine/Constant):00012         * TO8 Registers
                      (./Engine/Constant):00013         * ===========================================================================
                      (./Engine/Constant):00014         
                      (./Engine/Constant):00015         ; Disk routine registers (ROM)
                      (./Engine/Constant):00016         
     6049             (./Engine/Constant):00017         dk_drive                      equ $6049
     604A             (./Engine/Constant):00018         dk_track                      equ $604A
     604B             (./Engine/Constant):00019         dk_track_lsb                  equ $604B
     604C             (./Engine/Constant):00020         dk_sector                     equ $604C
     604F             (./Engine/Constant):00021         dk_write_location             equ $604F
                      (./Engine/Constant):00022         
                      (./Engine/Constant):00023         * ===========================================================================
                      (./Engine/Constant):00024         * Globals
                      (./Engine/Constant):00025         * ===========================================================================
                      (./Engine/Constant):00026         
     009F             (./Engine/Constant):00027         glb_direct_page               equ $9F    ; direct page for globals
                      (./Engine/Constant):00028         
                      (./Engine/Constant):00029         ; compilated sprite
     9FFE             (./Engine/Constant):00030         glb_register_s                equ $9FFE  ; reverved space to store S from ROM routines
                      (./Engine/Constant):00031         
                      (./Engine/Constant):00032         ; DrawSprites
     9FFC             (./Engine/Constant):00033         glb_screen_location_1         equ $9FFC  ; start address for rendering of current sprite Part1     
     9FFA             (./Engine/Constant):00034         glb_screen_location_2         equ $9FFA  ; start address for rendering of current sprite Part2 (Must follow Part1)
                      (./Engine/Constant):00035         
                      (./Engine/Constant):00036         ; CheckSpritesRefresh
     9FF9             (./Engine/Constant):00037         glb_cur_priority              equ $9FF9
     9FF7             (./Engine/Constant):00038         glb_cur_ptr_sub_obj_erase     equ $9FF7
     9FF5             (./Engine/Constant):00039         glb_cur_ptr_sub_obj_draw      equ $9FF5
     9FF3             (./Engine/Constant):00040         glb_camera_x_pos              equ $9FF3 ; camera x position in palyfield coordinates
     9FF1             (./Engine/Constant):00041         glb_camera_y_pos              equ $9FF1 ; camera y position in palyfield coordinates
     9FEF             (./Engine/Constant):00042         glb_camera_x_min_pos          equ $9FEF
     9FED             (./Engine/Constant):00043         glb_camera_y_min_pos          equ $9FED
     9FEB             (./Engine/Constant):00044         glb_camera_x_max_pos          equ $9FEB
     9FE9             (./Engine/Constant):00045         glb_camera_y_max_pos          equ $9FE9
     9FE8             (./Engine/Constant):00046         glb_force_sprite_refresh      equ $9FE8
     9FE7             (./Engine/Constant):00047         glb_camera_move               equ $9FE7
     9FE6             (./Engine/Constant):00048         glb_alphaTiles                equ $9FE6
     9F00             (./Engine/Constant):00049         glb_tmp_var                   equ $9F00 ; custom tmp var space for routine
     9F00             (./Engine/Constant):00050         glb_system_stack              equ $9F00
                      (./Engine/Constant):00051         
                      (./Engine/Constant):00052         * ===========================================================================
                      (./Engine/Constant):00053         * Display Constants
                      (./Engine/Constant):00054         * ===========================================================================
                      (./Engine/Constant):00055         
     00A0             (./Engine/Constant):00056         screen_width                  equ 160    ; in pixel
     001C             (./Engine/Constant):00057         screen_top                    equ 28     ; in pixel
     00E3             (./Engine/Constant):00058         screen_bottom                 equ 28+199 ; in pixel
     0030             (./Engine/Constant):00059         screen_left                   equ 48     ; in pixel
     00CF             (./Engine/Constant):00060         screen_right                  equ 48+159 ; in pixel
     0008             (./Engine/Constant):00061         nb_priority_levels            equ 8      ; number of priority levels (need code change if modified)
                      (./Engine/Constant):00062         
                      (./Engine/Constant):00063         * ===========================================================================
                      (./Engine/Constant):00064         * Images Constants
                      (./Engine/Constant):00065         * ===========================================================================
                      (./Engine/Constant):00066         
     0004             (./Engine/Constant):00067         image_x_size                  equ 4
     0005             (./Engine/Constant):00068         image_y_size                  equ 5
     0006             (./Engine/Constant):00069         image_center_offset           equ 6
                      (./Engine/Constant):00070         
     0004             (./Engine/Constant):00071         image_subset_x1_offset        equ 4
     0005             (./Engine/Constant):00072         image_subset_y1_offset        equ 5
                      (./Engine/Constant):00073         
     0000             (./Engine/Constant):00074         page_draw_routine             equ 0
     0001             (./Engine/Constant):00075         draw_routine                  equ 1
     0003             (./Engine/Constant):00076         page_erase_routine            equ 3
     0004             (./Engine/Constant):00077         erase_routine                 equ 4
     0006             (./Engine/Constant):00078         erase_nb_cell                 equ 6
                      (./Engine/Constant):00079         
                      (./Engine/Constant):00080         * ===========================================================================
                      (./Engine/Constant):00081         * Sound Constants
                      (./Engine/Constant):00082         * ===========================================================================
                      (./Engine/Constant):00083         
     0000             (./Engine/Constant):00084         sound_page        equ 0
     0001             (./Engine/Constant):00085         sound_start_addr  equ 1
     0003             (./Engine/Constant):00086         sound_end_addr    equ 3
     0005             (./Engine/Constant):00087         sound_meta_size   equ 5
                      (./Engine/Constant):00088         
                      (./Engine/Constant):00089         * ===========================================================================
                      (./Engine/Constant):00090         * Object Constants
                      (./Engine/Constant):00091         * ===========================================================================
                      (./Engine/Constant):00092         
     005D             (./Engine/Constant):00093         object_core_size              equ 93  ; the size of an object without ext_vars - DEPENDENCY ClearObj routine
     ????             (./Engine/Constant):00094         object_size                   equ object_core_size+ext_variables_size ; the size of a dynamic object
     ????             (./Engine/Constant):00095         next_object                   equ object_size
     005D             (./Engine/Constant):00096         ext_variables                 equ object_core_size ; start of reserved space for additionnal variables
                      (./Engine/Constant):00097         
     0000             (./Engine/Constant):00098         id                            equ 0           ; reference to object model id (ObjID_) (0: free slot)
     0001             (./Engine/Constant):00099         subtype                       equ 1           ; reference to object subtype (Sub_)
     0002             (./Engine/Constant):00100         render_flags                  equ 2
                      (./Engine/Constant):00101         
                      (./Engine/Constant):00102         * --- render_flags bitfield variables ---
     0001             (./Engine/Constant):00103         render_xmirror_mask           equ $01 ; (bit 0) DEPENDENCY should be bit 0 - tell display engine to mirror sprite on horizontal axis
     0002             (./Engine/Constant):00104         render_ymirror_mask           equ $02 ; (bit 1) DEPENDENCY should be bit 1 - tell display engine to mirror sprite on vertical axis
     0004             (./Engine/Constant):00105         render_overlay_mask           equ $04 ; (bit 2) DEPENDENCY should be bit 2 - compilated sprite with no background save
     0008             (./Engine/Constant):00106         render_motionless_mask        equ $08 ; (bit 3) tell display engine to compute sub image and position check only once until the flag is removed  
     0010             (./Engine/Constant):00107         render_playfieldcoord_mask    equ $10 ; (bit 4) tell display engine to use playfield (1) or screen (0) coordinates
     0020             (./Engine/Constant):00108         render_hide_mask              equ $20 ; (bit 5) tell display engine to hide sprite (keep priority and mapping_frame)
     0040             (./Engine/Constant):00109         render_todelete_mask          equ $40 ; (bit 6) tell display engine to delete sprite and clear OST for this object
     0080             (./Engine/Constant):00110         render_xloop_mask             equ $80 ; (bit 7) (screen coordinate) tell display engine to hide sprite when x is out of screen (0) or to display (1)  
                      (./Engine/Constant):00111          
     0003             (./Engine/Constant):00112         priority                      equ 3           ; display priority (0: nothing to display, 1:front, ..., 8:back)
     0004             (./Engine/Constant):00113         anim                          equ 4  ; and 5  ; reference to current animation (Ani_)
     0006             (./Engine/Constant):00114         prev_anim                     equ 6  ; and 7  ; reference to previous animation (Ani_)
     0008             (./Engine/Constant):00115         anim_frame                    equ 8           ; index of current frame in animation
     0009             (./Engine/Constant):00116         anim_frame_duration           equ 9           ; number of frames for each image in animation, range: 00-7F (0-127), 0 means display only during one frame
     000A             (./Engine/Constant):00117         anim_flags                    equ 10          ; byte offset to reference an anim_flags LUT (adv) / store a link flag (non adv)
                      (./Engine/Constant):00118         
                      (./Engine/Constant):00119         * --- anim_flags bitfield variables ---
     0001             (./Engine/Constant):00120         anim_link_mask                equ $01 ; (bit 0) if set, allow the load of a new animation without reseting anim_frame and anim_frame_duration
                      (./Engine/Constant):00121         
     000B             (./Engine/Constant):00122         status_flags                  equ 11          ; orientation of sprite, is applied to animation xmirror flag during AnimateSprite
                      (./Engine/Constant):00123         
                      (./Engine/Constant):00124         * --- status_flags bitfield variables ---
     0001             (./Engine/Constant):00125         status_xflip_mask             equ $01 ; (bit 0) X Flip
     0002             (./Engine/Constant):00126         status_yflip_mask             equ $02 ; (bit 1) Y Flip
                      (./Engine/Constant):00127         
     000C             (./Engine/Constant):00128         image_set                     equ 12 ; and 13 ; reference to current image (Img_) (0000 if no image)
     000E             (./Engine/Constant):00129         x_pos                         equ 14 ; and 15 ; x playfield coordinate
     0010             (./Engine/Constant):00130         x_sub                         equ 16          ; x subpixel (1/256 of a pixel), must follow x_pos in data structure
     0011             (./Engine/Constant):00131         y_pos                         equ 17 ; and 18 ; y playfield coordinate
     0013             (./Engine/Constant):00132         y_sub                         equ 19          ; y subpixel (1/256 of a pixel), must follow y_pos in data structure
     0014             (./Engine/Constant):00133         xy_pixel                      equ 20          ; x and y screen coordinate
     0014             (./Engine/Constant):00134         x_pixel                       equ 20          ; x screen coordinate
     0015             (./Engine/Constant):00135         y_pixel                       equ 21          ; y screen coordinate, must follow x_pixel
                      (./Engine/Constant):00136         ;x_offset                      equ 93          ; x screen coordinate offset that is applied at rendering
                      (./Engine/Constant):00137         ;y_offset                      equ 94          ; x screen coordinate offset that is applied at rendering
     0016             (./Engine/Constant):00138         x_vel                         equ 22 ; and 23 ; horizontal velocity
     0018             (./Engine/Constant):00139         y_vel                         equ 24 ; and 25 ; vertical velocity
     001A             (./Engine/Constant):00140         x_acl                         equ 26 ; and 27 ; horizontal gravity
     001C             (./Engine/Constant):00141         y_acl                         equ 28 ; and 29 ; vertical gravity
     001E             (./Engine/Constant):00142         routine                       equ 30          ; index of current object routine
     001F             (./Engine/Constant):00143         routine_secondary             equ 31          ; index of current secondary routine
     0020             (./Engine/Constant):00144         routine_tertiary              equ 32          ; index of current tertiary routine
     0021             (./Engine/Constant):00145         routine_quaternary            equ 33          ; index of current quaternary routine
                      (./Engine/Constant):00146         
                      (./Engine/Constant):00147         * ---------------------------------------------------------------------------
                      (./Engine/Constant):00148         * reserved variables (update by engine)
                      (./Engine/Constant):00149         
     0022             (./Engine/Constant):00150         rsv_render_flags              equ 34
                      (./Engine/Constant):00151         
                      (./Engine/Constant):00152         * --- rsv_render_flags bitfield variables ---
     0001             (./Engine/Constant):00153         rsv_render_checkrefresh_mask  equ $01 ; (bit 0) if erasesprite and display sprite flag are processed for this frame
     0002             (./Engine/Constant):00154         rsv_render_erasesprite_mask   equ $02 ; (bit 1) if a sprite need to be cleared on screen
     0004             (./Engine/Constant):00155         rsv_render_displaysprite_mask equ $04 ; (bit 2) if a sprite need to be rendered on screen
     0008             (./Engine/Constant):00156         rsv_render_outofrange_mask    equ $08 ; (bit 3) if a sprite is out of range for full rendering in screen
     0080             (./Engine/Constant):00157         rsv_render_onscreen_mask      equ $80 ; (bit 7) DEPENDENCY should be bit 7 - has been rendered on last screen buffer (may be 0 or 1)
                      (./Engine/Constant):00158         
     0023             (./Engine/Constant):00159         rsv_prev_anim                 equ 35 ; and 36 ; reference to previous animation (Ani_) w * UTILE ?
     0025             (./Engine/Constant):00160         rsv_image_center_offset       equ 37 ; 0 or 1 offset that indicate if image center is even or odd (DRS_XYToAddress)
     0026             (./Engine/Constant):00161         rsv_image_subset              equ 38 ; and 39 ; reference to current image regarding mirror flags w
     0028             (./Engine/Constant):00162         rsv_mapping_frame             equ 40 ; and 41 ; reference to current image regarding mirror flags, overlay flag and x precision w
     002A             (./Engine/Constant):00163         rsv_erase_nb_cell             equ 42 ; b 
     002B             (./Engine/Constant):00164         rsv_page_draw_routine         equ 43 ; b
     002C             (./Engine/Constant):00165         rsv_draw_routine              equ 44 ; and 45 ; w
     002E             (./Engine/Constant):00166         rsv_page_erase_routine        equ 46 ; b
     002F             (./Engine/Constant):00167         rsv_erase_routine             equ 47 ; and 48 ; w 
     0031             (./Engine/Constant):00168         rsv_xy1_pixel                 equ 49 ;
     0031             (./Engine/Constant):00169         rsv_x1_pixel                  equ 49 ; x+x_offset-(x_size/2) screen coordinate
     0032             (./Engine/Constant):00170         rsv_y1_pixel                  equ 50 ; y+y_offset-(y_size/2) screen coordinate, must follow rsv_x1_pixel
     0033             (./Engine/Constant):00171         rsv_xy2_pixel                 equ 51 ;
     0033             (./Engine/Constant):00172         rsv_x2_pixel                  equ 51 ; x+x_offset+(x_size/2) screen coordinate
     0034             (./Engine/Constant):00173         rsv_y2_pixel                  equ 52 ; y+y_offset+(y_size/2) screen coordinate, must follow rsv_x2_pixel
                      (./Engine/Constant):00174         
                      (./Engine/Constant):00175         * ---------------------------------------------------------------------------
                      (./Engine/Constant):00176         * reserved variables (engine) - buffer specific
                      (./Engine/Constant):00177         
     0035             (./Engine/Constant):00178         rsv_buffer_0                  equ 53 ; Start index of buffer 0 variables
     0035             (./Engine/Constant):00179         rsv_priority_0                equ 53 ; internal value that hold priority in video buffer 0
     0036             (./Engine/Constant):00180         rsv_priority_prev_obj_0       equ 54 ; and 55 ; previous object (OST address) in display priority list for video buffer 0 (0000 if none) w
     0038             (./Engine/Constant):00181         rsv_priority_next_obj_0       equ 56 ; and 57 ; next object (OST address) in display priority list for video buffer 0 (0000 if none) w
     003A             (./Engine/Constant):00182         rsv_prev_mapping_frame_0      equ 58 ; and 59 ; reference to previous image in video buffer 0 w
     003C             (./Engine/Constant):00183         rsv_prev_erase_nb_cell_0      equ 60 : b
     003D             (./Engine/Constant):00184         rsv_prev_page_erase_routine_0 equ 61 ; b
     003E             (./Engine/Constant):00185         rsv_prev_erase_routine_0      equ 62 ; and 63 ; w
     0040             (./Engine/Constant):00186         rsv_bgdata_0                  equ 64 ; and 65 ; address of background data in screen 0 w
     0042             (./Engine/Constant):00187         rsv_prev_xy_pixel_0           equ 66 ;
     0042             (./Engine/Constant):00188         rsv_prev_x_pixel_0            equ 66 ; previous x screen coordinate b
     0043             (./Engine/Constant):00189         rsv_prev_y_pixel_0            equ 67 ; previous y screen coordinate b, must follow x_pixel
     0044             (./Engine/Constant):00190         rsv_prev_xy1_pixel_0          equ 68 ;
     0044             (./Engine/Constant):00191         rsv_prev_x1_pixel_0           equ 68 ; previous x+x_offset-(x_size/2) screen coordinate b
     0045             (./Engine/Constant):00192         rsv_prev_y1_pixel_0           equ 69 ; previous y+y_offset-(y_size/2) screen coordinate b, must follow x1_pixel
     0046             (./Engine/Constant):00193         rsv_prev_xy2_pixel_0          equ 70 ;
     0046             (./Engine/Constant):00194         rsv_prev_x2_pixel_0           equ 70 ; previous x+x_offset+(x_size/2) screen coordinate b
     0047             (./Engine/Constant):00195         rsv_prev_y2_pixel_0           equ 71 ; previous y+y_offset+(y_size/2) screen coordinate b, must follow x2_pixel
     0048             (./Engine/Constant):00196         rsv_prev_render_flags_0       equ 72 ;
                      (./Engine/Constant):00197         * --- rsv_prev_render_flags_0 bitfield variables ---
     0001             (./Engine/Constant):00198         rsv_prev_render_overlay_mask  equ $01 ; (bit 0) if a sprite has been rendered with compilated sprite and no background save on screen buffer 0/1
     0080             (./Engine/Constant):00199         rsv_prev_render_onscreen_mask equ $80 ; (bit 7) DEPENDENCY should be bit 7 - has been rendered on screen buffer 0/1
                      (./Engine/Constant):00200         
     0049             (./Engine/Constant):00201         rsv_buffer_1                  equ 73 ; Start index of buffer 1 variables
     0049             (./Engine/Constant):00202         rsv_priority_1                equ 73 ; internal value that hold priority in video buffer 1
     004A             (./Engine/Constant):00203         rsv_priority_prev_obj_1       equ 74 ; and 75 ; previous object (OST address) in display priority list for video buffer 1 (0000 if none) w
     004C             (./Engine/Constant):00204         rsv_priority_next_obj_1       equ 76 ; and 77 ; next object (OST address) in display priority list for video buffer 1 (0000 if none) w
     004E             (./Engine/Constant):00205         rsv_prev_mapping_frame_1      equ 78 ; and 79 ; reference to previous image in video buffer 1 w
     0050             (./Engine/Constant):00206         rsv_prev_erase_nb_cell_1      equ 80 ; b
     0051             (./Engine/Constant):00207         rsv_prev_page_erase_routine_1 equ 81 ; b
     0052             (./Engine/Constant):00208         rsv_prev_erase_routine_1      equ 82 ; and 83 ; w
     0054             (./Engine/Constant):00209         rsv_bgdata_1                  equ 84 ; and 85 ; address of background data in screen 1 w
     0056             (./Engine/Constant):00210         rsv_prev_xy_pixel_1           equ 86 ;
     0056             (./Engine/Constant):00211         rsv_prev_x_pixel_1            equ 86 ; previous x screen coordinate b
     0057             (./Engine/Constant):00212         rsv_prev_y_pixel_1            equ 87 ; previous y screen coordinate b, must follow x_pixel
     0058             (./Engine/Constant):00213         rsv_prev_xy1_pixel_1          equ 88 ;
     0058             (./Engine/Constant):00214         rsv_prev_x1_pixel_1           equ 88 ; previous x+x_size screen coordinate b
     0059             (./Engine/Constant):00215         rsv_prev_y1_pixel_1           equ 89 ; previous y+y_size screen coordinate b, must follow x_pixel
     005A             (./Engine/Constant):00216         rsv_prev_xy2_pixel_1          equ 90 ;
     005A             (./Engine/Constant):00217         rsv_prev_x2_pixel_1           equ 90 ; previous x+x_size screen coordinate b
     005B             (./Engine/Constant):00218         rsv_prev_y2_pixel_1           equ 91 ; previous y+y_size screen coordinate b, must follow x_pixel
     005C             (./Engine/Constant):00219         rsv_prev_render_flags_1       equ 92 ;
                      (./Engine/Constant):00220         
     0000             (./Engine/Constant):00221         buf_priority                  equ 0  ; offset for each rsv_buffer variables
     0001             (./Engine/Constant):00222         buf_priority_prev_obj         equ 1  ;
     0003             (./Engine/Constant):00223         buf_priority_next_obj         equ 3  ;
     0005             (./Engine/Constant):00224         buf_prev_mapping_frame        equ 5  ;
     0007             (./Engine/Constant):00225         buf_erase_nb_cell             equ 7  ;
     0008             (./Engine/Constant):00226         buf_page_erase_routine        equ 8 ;
     0009             (./Engine/Constant):00227         buf_erase_routine             equ 9 ;
     000B             (./Engine/Constant):00228         buf_bgdata                    equ 11 ;
     000D             (./Engine/Constant):00229         buf_prev_xy_pixel             equ 13 ;
     000D             (./Engine/Constant):00230         buf_prev_x_pixel              equ 13 ;
     000E             (./Engine/Constant):00231         buf_prev_y_pixel              equ 14 ;
     000F             (./Engine/Constant):00232         buf_prev_xy1_pixel            equ 15 ;
     000F             (./Engine/Constant):00233         buf_prev_x1_pixel             equ 15 ;
     0010             (./Engine/Constant):00234         buf_prev_y1_pixel             equ 16 ;
     0011             (./Engine/Constant):00235         buf_prev_xy2_pixel            equ 17 ;
     0011             (./Engine/Constant):00236         buf_prev_x2_pixel             equ 17 ;
     0012             (./Engine/Constant):00237         buf_prev_y2_pixel             equ 18 ;
     0013             (./Engine/Constant):00238         buf_prev_render_flags         equ 19 ;
                      (./generated-code/):00002                 ORG $A000
     FF               (./generated-code/):00003                 SETDP $FF
                      (./generated-code/):00004                 OPT C,CT
A000                  (./generated-code/):00005                 BCKDRAW_Img_sonic_094_0
A000 10FF9FFE         (./generated-code/):00006 [7]     7               STS glb_register_s
                      (./generated-code/):00007                 
A004 32A4             (./generated-code/):00008 [4]     11              LEAS ,Y
A006 33C9FCE0         (./generated-code/):00009 [8]     19              LEAU -800,U
                      (./generated-code/):00010                 
A00A ECC828           (./generated-code/):00011 [6]     25              LDD 40,U
A00D 3406             (./generated-code/):00012 [7]     32              PSHS D
A00F 86DE             (./generated-code/):00013 [2]     34              LDA #$de
A011 C40F             (./generated-code/):00014 [2]     36              ANDB #$0F
A013 CAE0             (./generated-code/):00015 [2]     38              ORB #$e0
A015 EDC828           (./generated-code/):00016 [6]     44              STD 40,U
A018 A6C8D8           (./generated-code/):00017 [5]     49              LDA -40,U
A01B E6C4             (./generated-code/):00018 [4]     53              LDB ,U
A01D 3446             (./generated-code/):00019 [9]     62              PSHS U,B,A
A01F 86EE             (./generated-code/):00020 [2]     64              LDA #$ee
A021 A7C8D8           (./generated-code/):00021 [5]     69              STA -40,U
A024 A7C4             (./generated-code/):00022 [4]     73              STA ,U
A026 33C900C7         (./generated-code/):00023 [8]     81              LEAU 199,U
                      (./generated-code/):00024                 
A02A ECC888           (./generated-code/):00025 [6]     87              LDD -120,U
A02D 3406             (./generated-code/):00026 [7]     94              PSHS D
A02F 84F0             (./generated-code/):00027 [2]     96              ANDA #$F0
A031 8A0D             (./generated-code/):00028 [2]     98              ORA #$0d
A033 C6ED             (./generated-code/):00029 [2]     100             LDB #$ed
A035 EDC888           (./generated-code/):00030 [6]     106             STD -120,U
A038 ECC8D8           (./generated-code/):00031 [6]     112             LDD -40,U
A03B 3406             (./generated-code/):00032 [7]     119             PSHS D
A03D 84F0             (./generated-code/):00033 [2]     121             ANDA #$F0
A03F 8A0E             (./generated-code/):00034 [2]     123             ORA #$0e
A041 C6EF             (./generated-code/):00035 [2]     125             LDB #$ef
A043 EDC8D8           (./generated-code/):00036 [6]     131             STD -40,U
A046 A6C88A           (./generated-code/):00037 [5]     136             LDA -118,U
A049 AEC8B1           (./generated-code/):00038 [6]     142             LDX -79,U
A04C 10AEC8DA         (./generated-code/):00039 [7]     149             LDY -38,U
A050 3432             (./generated-code/):00040 [10]    159             PSHS Y,X,A
A052 86ED             (./generated-code/):00041 [2]     161             LDA #$ed
A054 A7C88A           (./generated-code/):00042 [5]     166             STA -118,U
A057 CCEEEE           (./generated-code/):00043 [3]     169             LDD #$eeee
A05A EDC8B1           (./generated-code/):00044 [6]     175             STD -79,U
A05D CCEFDD           (./generated-code/):00045 [3]     178             LDD #$efdd
A060 EDC8DA           (./generated-code/):00046 [6]     184             STD -38,U
A063 3730             (./generated-code/):00047 [9]     193             PULU X,Y
A065 3470             (./generated-code/):00048 [11]    204             PSHS U,Y,X
A067 CCDEFF           (./generated-code/):00049 [3]     207             LDD #$deff
A06A 8EFFDE           (./generated-code/):00050 [3]     210             LDX #$ffde
A06D 3616             (./generated-code/):00051 [9]     219             PSHU D,X
A06F 33C828           (./generated-code/):00052 [5]     224             LEAU 40,U
                      (./generated-code/):00053                 
A072 3730             (./generated-code/):00054 [9]     233             PULU X,Y
A074 3470             (./generated-code/):00055 [11]    244             PSHS U,Y,X
A076 86EE             (./generated-code/):00056 [2]     246             LDA #$ee
A078 8EFFEE           (./generated-code/):00057 [3]     249             LDX #$ffee
A07B 3616             (./generated-code/):00058 [9]     258             PSHU D,X
A07D 33C828           (./generated-code/):00059 [5]     263             LEAU 40,U
                      (./generated-code/):00060                 
A080 3730             (./generated-code/):00061 [9]     272             PULU X,Y
A082 3470             (./generated-code/):00062 [11]    283             PSHS U,Y,X
A084 8EFFEE           (./generated-code/):00063 [3]     286             LDX #$ffee
A087 3616             (./generated-code/):00064 [9]     295             PSHU D,X
A089 33C828           (./generated-code/):00065 [5]     300             LEAU 40,U
                      (./generated-code/):00066                 
A08C 3730             (./generated-code/):00067 [9]     309             PULU X,Y
A08E 3470             (./generated-code/):00068 [11]    320             PSHS U,Y,X
A090 8EFFEE           (./generated-code/):00069 [3]     323             LDX #$ffee
A093 3616             (./generated-code/):00070 [9]     332             PSHU D,X
A095 33C828           (./generated-code/):00071 [5]     337             LEAU 40,U
                      (./generated-code/):00072                 
A098 3730             (./generated-code/):00073 [9]     346             PULU X,Y
A09A 3470             (./generated-code/):00074 [11]    357             PSHS U,Y,X
A09C 8EEFEE           (./generated-code/):00075 [3]     360             LDX #$efee
A09F 3616             (./generated-code/):00076 [9]     369             PSHU D,X
A0A1 33C828           (./generated-code/):00077 [5]     374             LEAU 40,U
                      (./generated-code/):00078                 
A0A4 3730             (./generated-code/):00079 [9]     383             PULU X,Y
A0A6 3470             (./generated-code/):00080 [11]    394             PSHS U,Y,X
A0A8 8EEFDE           (./generated-code/):00081 [3]     397             LDX #$efde
A0AB 3616             (./generated-code/):00082 [9]     406             PSHU D,X
A0AD 33C828           (./generated-code/):00083 [5]     411             LEAU 40,U
                      (./generated-code/):00084                 
A0B0 3730             (./generated-code/):00085 [9]     420             PULU X,Y
A0B2 3470             (./generated-code/):00086 [11]    431             PSHS U,Y,X
A0B4 86ED             (./generated-code/):00087 [2]     433             LDA #$ed
A0B6 8EFFED           (./generated-code/):00088 [3]     436             LDX #$ffed
A0B9 3616             (./generated-code/):00089 [9]     445             PSHU D,X
A0BB 33C828           (./generated-code/):00090 [5]     450             LEAU 40,U
                      (./generated-code/):00091                 
A0BE AEC829           (./generated-code/):00092 [6]     456             LDX 41,U
A0C1 10AEC851         (./generated-code/):00093 [7]     463             LDY 81,U
A0C5 3430             (./generated-code/):00094 [9]     472             PSHS Y,X
A0C7 ECC879           (./generated-code/):00095 [6]     478             LDD 121,U
A0CA 3406             (./generated-code/):00096 [7]     485             PSHS D
A0CC CCEFEE           (./generated-code/):00097 [3]     488             LDD #$efee
A0CF EDC829           (./generated-code/):00098 [6]     494             STD 41,U
A0D2 86EE             (./generated-code/):00099 [2]     496             LDA #$ee
A0D4 EDC879           (./generated-code/):00100 [6]     502             STD 121,U
A0D7 C6DE             (./generated-code/):00101 [2]     504             LDB #$de
A0D9 EDC851           (./generated-code/):00102 [6]     510             STD 81,U
A0DC 3712             (./generated-code/):00103 [8]     518             PULU A,X
A0DE 3452             (./generated-code/):00104 [10]    528             PSHS U,X,A
A0E0 86ED             (./generated-code/):00105 [2]     530             LDA #$ed
A0E2 8EEFFF           (./generated-code/):00106 [3]     533             LDX #$efff
A0E5 3612             (./generated-code/):00107 [8]     541             PSHU A,X
A0E7 33C90119         (./generated-code/):00108 [8]     549             LEAU 281,U
                      (./generated-code/):00109                 
A0EB ECC887           (./generated-code/):00110 [6]     555             LDD -121,U
A0EE 3406             (./generated-code/):00111 [7]     562             PSHS D
A0F0 84F0             (./generated-code/):00112 [2]     564             ANDA #$F0
A0F2 8A0D             (./generated-code/):00113 [2]     566             ORA #$0d
A0F4 C6DE             (./generated-code/):00114 [2]     568             LDB #$de
A0F6 EDC887           (./generated-code/):00115 [6]     574             STD -121,U
A0F9 ECC8AF           (./generated-code/):00116 [6]     580             LDD -81,U
A0FC 3406             (./generated-code/):00117 [7]     587             PSHS D
A0FE 84F0             (./generated-code/):00118 [2]     589             ANDA #$F0
A100 8A0D             (./generated-code/):00119 [2]     591             ORA #$0d
A102 C6ED             (./generated-code/):00120 [2]     593             LDB #$ed
A104 EDC8AF           (./generated-code/):00121 [6]     599             STD -81,U
A107 ECC8D7           (./generated-code/):00122 [6]     605             LDD -41,U
A10A 3406             (./generated-code/):00123 [7]     612             PSHS D
A10C 84F0             (./generated-code/):00124 [2]     614             ANDA #$F0
A10E 8A0D             (./generated-code/):00125 [2]     616             ORA #$0d
A110 C6ED             (./generated-code/):00126 [2]     618             LDB #$ed
A112 EDC8D7           (./generated-code/):00127 [6]     624             STD -41,U
A115 A6C8B1           (./generated-code/):00128 [5]     629             LDA -79,U
A118 E7C8B1           (./generated-code/):00129 [5]     634             STB -79,U
A11B E6C889           (./generated-code/):00130 [5]     639             LDB -119,U
A11E 3406             (./generated-code/):00131 [7]     646             PSHS B,A
A120 86EE             (./generated-code/):00132 [2]     648             LDA #$ee
A122 A7C889           (./generated-code/):00133 [5]     653             STA -119,U
A125 ECC4             (./generated-code/):00134 [5]     658             LDD ,U
A127 3406             (./generated-code/):00135 [7]     665             PSHS D
A129 86DE             (./generated-code/):00136 [2]     667             LDA #$de
A12B C40F             (./generated-code/):00137 [2]     669             ANDB #$0F
A12D CAD0             (./generated-code/):00138 [2]     671             ORB #$d0
A12F EDC4             (./generated-code/):00139 [5]     676             STD ,U
A131 ECC828           (./generated-code/):00140 [6]     682             LDD 40,U
A134 3406             (./generated-code/):00141 [7]     689             PSHS D
A136 86DE             (./generated-code/):00142 [2]     691             LDA #$de
A138 C40F             (./generated-code/):00143 [2]     693             ANDB #$0F
A13A CAE0             (./generated-code/):00144 [2]     695             ORB #$e0
A13C EDC828           (./generated-code/):00145 [6]     701             STD 40,U
A13F ECC850           (./generated-code/):00146 [6]     707             LDD 80,U
A142 3406             (./generated-code/):00147 [7]     714             PSHS D
A144 86DD             (./generated-code/):00148 [2]     716             LDA #$dd
A146 C40F             (./generated-code/):00149 [2]     718             ANDB #$0F
A148 CAE0             (./generated-code/):00150 [2]     720             ORB #$e0
A14A EDC850           (./generated-code/):00151 [6]     726             STD 80,U
A14D ECC878           (./generated-code/):00152 [6]     732             LDD 120,U
A150 3406             (./generated-code/):00153 [7]     739             PSHS D
A152 86DD             (./generated-code/):00154 [2]     741             LDA #$dd
A154 C40F             (./generated-code/):00155 [2]     743             ANDB #$0F
A156 CAE0             (./generated-code/):00156 [2]     745             ORB #$e0
A158 EDC878           (./generated-code/):00157 [6]     751             STD 120,U
A15B A6C8D9           (./generated-code/):00158 [5]     756             LDA -39,U
A15E 3442             (./generated-code/):00159 [8]     764             PSHS U,A
A160 840F             (./generated-code/):00160 [2]     766             ANDA #$0F
A162 8AD0             (./generated-code/):00161 [2]     768             ORA #$d0
A164 A7C8D9           (./generated-code/):00162 [5]     773             STA -39,U
A167 33C90118         (./generated-code/):00163 [8]     781             LEAU 280,U
                      (./generated-code/):00164                 
A16B ECC888           (./generated-code/):00165 [6]     787             LDD -120,U
A16E 3406             (./generated-code/):00166 [7]     794             PSHS D
A170 84F0             (./generated-code/):00167 [2]     796             ANDA #$F0
A172 C40F             (./generated-code/):00168 [2]     798             ANDB #$0F
A174 C30DE0           (./generated-code/):00169 [4]     802             ADDD #$0de0
A177 EDC888           (./generated-code/):00170 [6]     808             STD -120,U
A17A ECC8B0           (./generated-code/):00171 [6]     814             LDD -80,U
A17D 3406             (./generated-code/):00172 [7]     821             PSHS D
A17F 84F0             (./generated-code/):00173 [2]     823             ANDA #$F0
A181 C40F             (./generated-code/):00174 [2]     825             ANDB #$0F
A183 C30DE0           (./generated-code/):00175 [4]     829             ADDD #$0de0
A186 EDC8B0           (./generated-code/):00176 [6]     835             STD -80,U
A189 ECC8D8           (./generated-code/):00177 [6]     841             LDD -40,U
A18C 3406             (./generated-code/):00178 [7]     848             PSHS D
A18E 840F             (./generated-code/):00179 [2]     850             ANDA #$0F
A190 C40F             (./generated-code/):00180 [2]     852             ANDB #$0F
A192 C3D0D0           (./generated-code/):00181 [4]     856             ADDD #$d0d0
A195 EDC8D8           (./generated-code/):00182 [6]     862             STD -40,U
A198 A641             (./generated-code/):00183 [5]     867             LDA 1,U
A19A 3402             (./generated-code/):00184 [6]     873             PSHS A
A19C 840F             (./generated-code/):00185 [2]     875             ANDA #$0F
A19E 8AE0             (./generated-code/):00186 [2]     877             ORA #$e0
A1A0 A741             (./generated-code/):00187 [5]     882             STA 1,U
A1A2 ECC828           (./generated-code/):00188 [6]     888             LDD 40,U
A1A5 3406             (./generated-code/):00189 [7]     895             PSHS D
A1A7 86EE             (./generated-code/):00190 [2]     897             LDA #$ee
A1A9 C40F             (./generated-code/):00191 [2]     899             ANDB #$0F
A1AB CAE0             (./generated-code/):00192 [2]     901             ORB #$e0
A1AD EDC828           (./generated-code/):00193 [6]     907             STD 40,U
A1B0 ECC850           (./generated-code/):00194 [6]     913             LDD 80,U
A1B3 3406             (./generated-code/):00195 [7]     920             PSHS D
A1B5 86FD             (./generated-code/):00196 [2]     922             LDA #$fd
A1B7 C40F             (./generated-code/):00197 [2]     924             ANDB #$0F
A1B9 CAE0             (./generated-code/):00198 [2]     926             ORB #$e0
A1BB EDC850           (./generated-code/):00199 [6]     932             STD 80,U
A1BE ECC878           (./generated-code/):00200 [6]     938             LDD 120,U
A1C1 3446             (./generated-code/):00201 [9]     947             PSHS U,D
A1C3 86FD             (./generated-code/):00202 [2]     949             LDA #$fd
A1C5 C40F             (./generated-code/):00203 [2]     951             ANDB #$0F
A1C7 CAE0             (./generated-code/):00204 [2]     953             ORB #$e0
A1C9 EDC878           (./generated-code/):00205 [6]     959             STD 120,U
A1CC 33C90119         (./generated-code/):00206 [8]     967             LEAU 281,U
                      (./generated-code/):00207                 
A1D0 ECC826           (./generated-code/):00208 [6]     973             LDD 38,U
A1D3 3406             (./generated-code/):00209 [7]     980             PSHS D
A1D5 84F0             (./generated-code/):00210 [2]     982             ANDA #$F0
A1D7 8A0D             (./generated-code/):00211 [2]     984             ORA #$0d
A1D9 C6ED             (./generated-code/):00212 [2]     986             LDB #$ed
A1DB EDC826           (./generated-code/):00213 [6]     992             STD 38,U
A1DE A6C850           (./generated-code/):00214 [5]     997             LDA 80,U
A1E1 E6C828           (./generated-code/):00215 [5]     1002            LDB 40,U
A1E4 AE5F             (./generated-code/):00216 [6]     1008            LDX -1,U
A1E6 3416             (./generated-code/):00217 [9]     1017            PSHS X,B,A
A1E8 ECC84E           (./generated-code/):00218 [6]     1023            LDD 78,U
A1EB 3406             (./generated-code/):00219 [7]     1030            PSHS D
A1ED 84F0             (./generated-code/):00220 [2]     1032            ANDA #$F0
A1EF C40F             (./generated-code/):00221 [2]     1034            ANDB #$0F
A1F1 C30DE0           (./generated-code/):00222 [4]     1038            ADDD #$0de0
A1F4 EDC84E           (./generated-code/):00223 [6]     1044            STD 78,U
A1F7 ECC876           (./generated-code/):00224 [6]     1050            LDD 118,U
A1FA 3406             (./generated-code/):00225 [7]     1057            PSHS D
A1FC 84F0             (./generated-code/):00226 [2]     1059            ANDA #$F0
A1FE C40F             (./generated-code/):00227 [2]     1061            ANDB #$0F
A200 C30DD0           (./generated-code/):00228 [4]     1065            ADDD #$0dd0
A203 EDC876           (./generated-code/):00229 [6]     1071            STD 118,U
A206 ECC887           (./generated-code/):00230 [6]     1077            LDD -121,U
A209 3406             (./generated-code/):00231 [7]     1084            PSHS D
A20B 86FF             (./generated-code/):00232 [2]     1086            LDA #$ff
A20D C40F             (./generated-code/):00233 [2]     1088            ANDB #$0F
A20F CAE0             (./generated-code/):00234 [2]     1090            ORB #$e0
A211 EDC887           (./generated-code/):00235 [6]     1096            STD -121,U
A214 ECC8AF           (./generated-code/):00236 [6]     1102            LDD -81,U
A217 3406             (./generated-code/):00237 [7]     1109            PSHS D
A219 86ED             (./generated-code/):00238 [2]     1111            LDA #$ed
A21B C40F             (./generated-code/):00239 [2]     1113            ANDB #$0F
A21D CAF0             (./generated-code/):00240 [2]     1115            ORB #$f0
A21F EDC8AF           (./generated-code/):00241 [6]     1121            STD -81,U
A222 A6C878           (./generated-code/):00242 [5]     1126            LDA 120,U
A225 AEC8D7           (./generated-code/):00243 [6]     1132            LDX -41,U
A228 3452             (./generated-code/):00244 [10]    1142            PSHS U,X,A
A22A CCEDDE           (./generated-code/):00245 [3]     1145            LDD #$edde
A22D ED5F             (./generated-code/):00246 [6]     1151            STD -1,U
A22F E7C878           (./generated-code/):00247 [5]     1156            STB 120,U
A232 CCDDEE           (./generated-code/):00248 [3]     1159            LDD #$ddee
A235 EDC8D7           (./generated-code/):00249 [6]     1165            STD -41,U
A238 E7C828           (./generated-code/):00250 [5]     1170            STB 40,U
A23B E7C850           (./generated-code/):00251 [5]     1175            STB 80,U
A23E 33C900DA         (./generated-code/):00252 [8]     1183            LEAU 218,U
                      (./generated-code/):00253                 
A242 ECC8C4           (./generated-code/):00254 [6]     1189            LDD -60,U
A245 3406             (./generated-code/):00255 [7]     1196            PSHS D
A247 84F0             (./generated-code/):00256 [2]     1198            ANDA #$F0
A249 C40F             (./generated-code/):00257 [2]     1200            ANDB #$0F
A24B C30DD0           (./generated-code/):00258 [4]     1204            ADDD #$0dd0
A24E EDC8C4           (./generated-code/):00259 [6]     1210            STD -60,U
A251 A6C8C6           (./generated-code/):00260 [5]     1215            LDA -58,U
A254 E6C8EC           (./generated-code/):00261 [5]     1220            LDB -20,U
A257 3406             (./generated-code/):00262 [7]     1227            PSHS B,A
A259 C4F0             (./generated-code/):00263 [2]     1229            ANDB #$F0
A25B CA0D             (./generated-code/):00264 [2]     1231            ORB #$0d
A25D E7C8EC           (./generated-code/):00265 [5]     1236            STB -20,U
A260 A6C814           (./generated-code/):00266 [5]     1241            LDA 20,U
A263 3402             (./generated-code/):00267 [6]     1247            PSHS A
A265 84F0             (./generated-code/):00268 [2]     1249            ANDA #$F0
A267 8A0D             (./generated-code/):00269 [2]     1251            ORA #$0d
A269 A7C814           (./generated-code/):00270 [5]     1256            STA 20,U
A26C A6C816           (./generated-code/):00271 [5]     1261            LDA 22,U
A26F 3402             (./generated-code/):00272 [6]     1267            PSHS A
A271 84F0             (./generated-code/):00273 [2]     1269            ANDA #$F0
A273 8A0D             (./generated-code/):00274 [2]     1271            ORA #$0d
A275 A7C816           (./generated-code/):00275 [5]     1276            STA 22,U
A278 A6C83C           (./generated-code/):00276 [5]     1281            LDA 60,U
A27B 3402             (./generated-code/):00277 [6]     1287            PSHS A
A27D 84F0             (./generated-code/):00278 [2]     1289            ANDA #$F0
A27F 8A0D             (./generated-code/):00279 [2]     1291            ORA #$0d
A281 A7C83C           (./generated-code/):00280 [5]     1296            STA 60,U
A284 A6C8EE           (./generated-code/):00281 [5]     1301            LDA -18,U
A287 3442             (./generated-code/):00282 [8]     1309            PSHS U,A
A289 86DE             (./generated-code/):00283 [2]     1311            LDA #$de
A28B A7C8C6           (./generated-code/):00284 [5]     1316            STA -58,U
A28E A7C8EE           (./generated-code/):00285 [5]     1321            STA -18,U
                      (./generated-code/):00286                 
A291 DEFC             (./generated-code/):00287 [5]     1326            LDU <glb_screen_location_1
A293 33C9FCF4         (./generated-code/):00288 [8]     1334            LEAU -780,U
                      (./generated-code/):00289                 
A297 AEC8EB           (./generated-code/):00290 [6]     1340            LDX -21,U
A29A 3410             (./generated-code/):00291 [7]     1347            PSHS X
A29C A6C8C3           (./generated-code/):00292 [5]     1352            LDA -61,U
A29F 3402             (./generated-code/):00293 [6]     1358            PSHS A
A2A1 84F0             (./generated-code/):00294 [2]     1360            ANDA #$F0
A2A3 8A0E             (./generated-code/):00295 [2]     1362            ORA #$0e
A2A5 A7C8C3           (./generated-code/):00296 [5]     1367            STA -61,U
A2A8 A6C8ED           (./generated-code/):00297 [5]     1372            LDA -19,U
A2AB 3402             (./generated-code/):00298 [6]     1378            PSHS A
A2AD 840F             (./generated-code/):00299 [2]     1380            ANDA #$0F
A2AF 8AD0             (./generated-code/):00300 [2]     1382            ORA #$d0
A2B1 A7C8ED           (./generated-code/):00301 [5]     1387            STA -19,U
A2B4 A6C815           (./generated-code/):00302 [5]     1392            LDA 21,U
A2B7 3402             (./generated-code/):00303 [6]     1398            PSHS A
A2B9 840F             (./generated-code/):00304 [2]     1400            ANDA #$0F
A2BB 8AD0             (./generated-code/):00305 [2]     1402            ORA #$d0
A2BD A7C815           (./generated-code/):00306 [5]     1407            STA 21,U
A2C0 A6C83D           (./generated-code/):00307 [5]     1412            LDA 61,U
A2C3 3402             (./generated-code/):00308 [6]     1418            PSHS A
A2C5 840F             (./generated-code/):00309 [2]     1420            ANDA #$0F
A2C7 8AD0             (./generated-code/):00310 [2]     1422            ORA #$d0
A2C9 A7C83D           (./generated-code/):00311 [5]     1427            STA 61,U
A2CC CCEDEE           (./generated-code/):00312 [3]     1430            LDD #$edee
A2CF EDC8EB           (./generated-code/):00313 [6]     1436            STD -21,U
A2D2 AEC813           (./generated-code/):00314 [6]     1442            LDX 19,U
A2D5 10AEC83B         (./generated-code/):00315 [7]     1449            LDY 59,U
A2D9 3470             (./generated-code/):00316 [11]    1460            PSHS U,Y,X
A2DB 86DE             (./generated-code/):00317 [2]     1462            LDA #$de
A2DD EDC813           (./generated-code/):00318 [6]     1468            STD 19,U
A2E0 EDC83B           (./generated-code/):00319 [6]     1474            STD 59,U
A2E3 33C900DA         (./generated-code/):00320 [8]     1482            LEAU 218,U
                      (./generated-code/):00321                 
A2E7 ECC8B0           (./generated-code/):00322 [6]     1488            LDD -80,U
A2EA 3406             (./generated-code/):00323 [7]     1495            PSHS D
A2EC 84F0             (./generated-code/):00324 [2]     1497            ANDA #$F0
A2EE C4F0             (./generated-code/):00325 [2]     1499            ANDB #$F0
A2F0 C30E0E           (./generated-code/):00326 [4]     1503            ADDD #$0e0e
A2F3 EDC8B0           (./generated-code/):00327 [6]     1509            STD -80,U
A2F6 EC43             (./generated-code/):00328 [6]     1515            LDD 3,U
A2F8 3406             (./generated-code/):00329 [7]     1522            PSHS D
A2FA 840F             (./generated-code/):00330 [2]     1524            ANDA #$0F
A2FC C40F             (./generated-code/):00331 [2]     1526            ANDB #$0F
A2FE C3E0D0           (./generated-code/):00332 [4]     1530            ADDD #$e0d0
A301 ED43             (./generated-code/):00333 [6]     1536            STD 3,U
A303 A6C88B           (./generated-code/):00334 [5]     1541            LDA -117,U
A306 3402             (./generated-code/):00335 [6]     1547            PSHS A
A308 840F             (./generated-code/):00336 [2]     1549            ANDA #$0F
A30A 8AD0             (./generated-code/):00337 [2]     1551            ORA #$d0
A30C A7C88B           (./generated-code/):00338 [5]     1556            STA -117,U
A30F A6C8B4           (./generated-code/):00339 [5]     1561            LDA -76,U
A312 3402             (./generated-code/):00340 [6]     1567            PSHS A
A314 840F             (./generated-code/):00341 [2]     1569            ANDA #$0F
A316 8AE0             (./generated-code/):00342 [2]     1571            ORA #$e0
A318 A7C8B4           (./generated-code/):00343 [5]     1576            STA -76,U
A31B A6C8DC           (./generated-code/):00344 [5]     1581            LDA -36,U
A31E 3402             (./generated-code/):00345 [6]     1587            PSHS A
A320 840F             (./generated-code/):00346 [2]     1589            ANDA #$0F
A322 8AE0             (./generated-code/):00347 [2]     1591            ORA #$e0
A324 A7C8DC           (./generated-code/):00348 [5]     1596            STA -36,U
A327 AEC889           (./generated-code/):00349 [6]     1602            LDX -119,U
A32A 3410             (./generated-code/):00350 [7]     1609            PSHS X
A32C ECC8B2           (./generated-code/):00351 [6]     1615            LDD -78,U
A32F 3406             (./generated-code/):00352 [7]     1622            PSHS D
A331 86EE             (./generated-code/):00353 [2]     1624            LDA #$ee
A333 C40F             (./generated-code/):00354 [2]     1626            ANDB #$0F
A335 CAD0             (./generated-code/):00355 [2]     1628            ORB #$d0
A337 EDC8B2           (./generated-code/):00356 [6]     1634            STD -78,U
A33A ECC8D8           (./generated-code/):00357 [6]     1640            LDD -40,U
A33D 3406             (./generated-code/):00358 [7]     1647            PSHS D
A33F 86ED             (./generated-code/):00359 [2]     1649            LDA #$ed
A341 C4F0             (./generated-code/):00360 [2]     1651            ANDB #$F0
A343 CA0E             (./generated-code/):00361 [2]     1653            ORB #$0e
A345 EDC8D8           (./generated-code/):00362 [6]     1659            STD -40,U
A348 ECC8DA           (./generated-code/):00363 [6]     1665            LDD -38,U
A34B 3406             (./generated-code/):00364 [7]     1672            PSHS D
A34D 86FE             (./generated-code/):00365 [2]     1674            LDA #$fe
A34F C40F             (./generated-code/):00366 [2]     1676            ANDB #$0F
A351 CAE0             (./generated-code/):00367 [2]     1678            ORB #$e0
A353 EDC8DA           (./generated-code/):00368 [6]     1684            STD -38,U
A356 CCDEEE           (./generated-code/):00369 [3]     1687            LDD #$deee
A359 EDC889           (./generated-code/):00370 [6]     1693            STD -119,U
A35C 3712             (./generated-code/):00371 [8]     1701            PULU A,X
A35E 3452             (./generated-code/):00372 [10]    1711            PSHS U,X,A
A360 8EEDFE           (./generated-code/):00373 [3]     1714            LDX #$edfe
A363 3614             (./generated-code/):00374 [8]     1722            PSHU B,X
A365 33C828           (./generated-code/):00375 [5]     1727            LEAU 40,U
                      (./generated-code/):00376                 
A368 EC43             (./generated-code/):00377 [6]     1733            LDD 3,U
A36A 3406             (./generated-code/):00378 [7]     1740            PSHS D
A36C 840F             (./generated-code/):00379 [2]     1742            ANDA #$0F
A36E C40F             (./generated-code/):00380 [2]     1744            ANDB #$0F
A370 C3E0E0           (./generated-code/):00381 [4]     1748            ADDD #$e0e0
A373 ED43             (./generated-code/):00382 [6]     1754            STD 3,U
A375 3712             (./generated-code/):00383 [8]     1762            PULU A,X
A377 3452             (./generated-code/):00384 [10]    1772            PSHS U,X,A
A379 86DE             (./generated-code/):00385 [2]     1774            LDA #$de
A37B 8EDDFE           (./generated-code/):00386 [3]     1777            LDX #$ddfe
A37E 3612             (./generated-code/):00387 [8]     1785            PSHU A,X
A380 33C828           (./generated-code/):00388 [5]     1790            LEAU 40,U
                      (./generated-code/):00389                 
A383 EC43             (./generated-code/):00390 [6]     1796            LDD 3,U
A385 3406             (./generated-code/):00391 [7]     1803            PSHS D
A387 840F             (./generated-code/):00392 [2]     1805            ANDA #$0F
A389 C40F             (./generated-code/):00393 [2]     1807            ANDB #$0F
A38B C3E0E0           (./generated-code/):00394 [4]     1811            ADDD #$e0e0
A38E ED43             (./generated-code/):00395 [6]     1817            STD 3,U
A390 3712             (./generated-code/):00396 [8]     1825            PULU A,X
A392 3452             (./generated-code/):00397 [10]    1835            PSHS U,X,A
A394 86EE             (./generated-code/):00398 [2]     1837            LDA #$ee
A396 8EDDFF           (./generated-code/):00399 [3]     1840            LDX #$ddff
A399 3612             (./generated-code/):00400 [8]     1848            PSHU A,X
A39B 33C828           (./generated-code/):00401 [5]     1853            LEAU 40,U
                      (./generated-code/):00402                 
A39E EC43             (./generated-code/):00403 [6]     1859            LDD 3,U
A3A0 3406             (./generated-code/):00404 [7]     1866            PSHS D
A3A2 840F             (./generated-code/):00405 [2]     1868            ANDA #$0F
A3A4 C40F             (./generated-code/):00406 [2]     1870            ANDB #$0F
A3A6 C3E0E0           (./generated-code/):00407 [4]     1874            ADDD #$e0e0
A3A9 ED43             (./generated-code/):00408 [6]     1880            STD 3,U
A3AB A6C87B           (./generated-code/):00409 [5]     1885            LDA 123,U
A3AE AEC851           (./generated-code/):00410 [6]     1891            LDX 81,U
A3B1 3412             (./generated-code/):00411 [8]     1899            PSHS X,A
A3B3 ECC828           (./generated-code/):00412 [6]     1905            LDD 40,U
A3B6 3406             (./generated-code/):00413 [7]     1912            PSHS D
A3B8 84F0             (./generated-code/):00414 [2]     1914            ANDA #$F0
A3BA 8A0D             (./generated-code/):00415 [2]     1916            ORA #$0d
A3BC C6DD             (./generated-code/):00416 [2]     1918            LDB #$dd
A3BE EDC828           (./generated-code/):00417 [6]     1924            STD 40,U
A3C1 ECC879           (./generated-code/):00418 [6]     1930            LDD 121,U
A3C4 3406             (./generated-code/):00419 [7]     1937            PSHS D
A3C6 84F0             (./generated-code/):00420 [2]     1939            ANDA #$F0
A3C8 8A0D             (./generated-code/):00421 [2]     1941            ORA #$0d
A3CA C6FF             (./generated-code/):00422 [2]     1943            LDB #$ff
A3CC EDC879           (./generated-code/):00423 [6]     1949            STD 121,U
A3CF A6C82C           (./generated-code/):00424 [5]     1954            LDA 44,U
A3D2 3402             (./generated-code/):00425 [6]     1960            PSHS A
A3D4 840F             (./generated-code/):00426 [2]     1962            ANDA #$0F
A3D6 8AD0             (./generated-code/):00427 [2]     1964            ORA #$d0
A3D8 A7C82C           (./generated-code/):00428 [5]     1969            STA 44,U
A3DB A6C853           (./generated-code/):00429 [5]     1974            LDA 83,U
A3DE 3402             (./generated-code/):00430 [6]     1980            PSHS A
A3E0 840F             (./generated-code/):00431 [2]     1982            ANDA #$0F
A3E2 8AE0             (./generated-code/):00432 [2]     1984            ORA #$e0
A3E4 A7C853           (./generated-code/):00433 [5]     1989            STA 83,U
A3E7 86EE             (./generated-code/):00434 [2]     1991            LDA #$ee
A3E9 A7C87B           (./generated-code/):00435 [5]     1996            STA 123,U
A3EC 86DD             (./generated-code/):00436 [2]     1998            LDA #$dd
A3EE EDC851           (./generated-code/):00437 [6]     2004            STD 81,U
A3F1 ECC82A           (./generated-code/):00438 [6]     2010            LDD 42,U
A3F4 3406             (./generated-code/):00439 [7]     2017            PSHS D
A3F6 86EF             (./generated-code/):00440 [2]     2019            LDA #$ef
A3F8 C40F             (./generated-code/):00441 [2]     2021            ANDB #$0F
A3FA CAE0             (./generated-code/):00442 [2]     2023            ORB #$e0
A3FC EDC82A           (./generated-code/):00443 [6]     2029            STD 42,U
A3FF 3712             (./generated-code/):00444 [8]     2037            PULU A,X
A401 3452             (./generated-code/):00445 [10]    2047            PSHS U,X,A
A403 86DE             (./generated-code/):00446 [2]     2049            LDA #$de
A405 8EDDEF           (./generated-code/):00447 [3]     2052            LDX #$ddef
A408 3612             (./generated-code/):00448 [8]     2060            PSHU A,X
A40A 33C900A1         (./generated-code/):00449 [8]     2068            LEAU 161,U
                      (./generated-code/):00450                 
A40E AEC828           (./generated-code/):00451 [6]     2074            LDX 40,U
A411 10AEC850         (./generated-code/):00452 [7]     2081            LDY 80,U
A415 3430             (./generated-code/):00453 [9]     2090            PSHS Y,X
A417 A6C82A           (./generated-code/):00454 [5]     2095            LDA 42,U
A41A 3402             (./generated-code/):00455 [6]     2101            PSHS A
A41C 840F             (./generated-code/):00456 [2]     2103            ANDA #$0F
A41E 8AE0             (./generated-code/):00457 [2]     2105            ORA #$e0
A420 A7C82A           (./generated-code/):00458 [5]     2110            STA 42,U
A423 A6C852           (./generated-code/):00459 [5]     2115            LDA 82,U
A426 3402             (./generated-code/):00460 [6]     2121            PSHS A
A428 840F             (./generated-code/):00461 [2]     2123            ANDA #$0F
A42A 8AD0             (./generated-code/):00462 [2]     2125            ORA #$d0
A42C A7C852           (./generated-code/):00463 [5]     2130            STA 82,U
A42F CCDEEE           (./generated-code/):00464 [3]     2133            LDD #$deee
A432 EDC850           (./generated-code/):00465 [6]     2139            STD 80,U
A435 AEC878           (./generated-code/):00466 [6]     2145            LDX 120,U
A438 3410             (./generated-code/):00467 [7]     2152            PSHS X
A43A C6ED             (./generated-code/):00468 [2]     2154            LDB #$ed
A43C EDC878           (./generated-code/):00469 [6]     2160            STD 120,U
A43F 86ED             (./generated-code/):00470 [2]     2162            LDA #$ed
A441 EDC828           (./generated-code/):00471 [6]     2168            STD 40,U
A444 3712             (./generated-code/):00472 [8]     2176            PULU A,X
A446 3452             (./generated-code/):00473 [10]    2186            PSHS U,X,A
A448 8EEEED           (./generated-code/):00474 [3]     2189            LDX #$eeed
A44B 3614             (./generated-code/):00475 [8]     2197            PSHU B,X
A44D 33C90118         (./generated-code/):00476 [8]     2205            LEAU 280,U
                      (./generated-code/):00477                 
A451 A6C8D9           (./generated-code/):00478 [5]     2210            LDA -39,U
A454 AEC888           (./generated-code/):00479 [6]     2216            LDX -120,U
A457 3412             (./generated-code/):00480 [8]     2224            PSHS X,A
A459 86DD             (./generated-code/):00481 [2]     2226            LDA #$dd
A45B A7C8D9           (./generated-code/):00482 [5]     2231            STA -39,U
A45E EDC888           (./generated-code/):00483 [6]     2237            STD -120,U
A461 A6C8B1           (./generated-code/):00484 [5]     2242            LDA -79,U
A464 E641             (./generated-code/):00485 [5]     2247            LDB 1,U
A466 3406             (./generated-code/):00486 [7]     2254            PSHS B,A
A468 86DE             (./generated-code/):00487 [2]     2256            LDA #$de
A46A A7C8B1           (./generated-code/):00488 [5]     2261            STA -79,U
A46D ECC828           (./generated-code/):00489 [6]     2267            LDD 40,U
A470 3406             (./generated-code/):00490 [7]     2274            PSHS D
A472 84F0             (./generated-code/):00491 [2]     2276            ANDA #$F0
A474 8A0D             (./generated-code/):00492 [2]     2278            ORA #$0d
A476 C6EE             (./generated-code/):00493 [2]     2280            LDB #$ee
A478 EDC828           (./generated-code/):00494 [6]     2286            STD 40,U
A47B ECC850           (./generated-code/):00495 [6]     2292            LDD 80,U
A47E 3406             (./generated-code/):00496 [7]     2299            PSHS D
A480 84F0             (./generated-code/):00497 [2]     2301            ANDA #$F0
A482 8A0D             (./generated-code/):00498 [2]     2303            ORA #$0d
A484 C6EE             (./generated-code/):00499 [2]     2305            LDB #$ee
A486 EDC850           (./generated-code/):00500 [6]     2311            STD 80,U
A489 ECC878           (./generated-code/):00501 [6]     2317            LDD 120,U
A48C 3446             (./generated-code/):00502 [9]     2326            PSHS U,D
A48E 84F0             (./generated-code/):00503 [2]     2328            ANDA #$F0
A490 8A0D             (./generated-code/):00504 [2]     2330            ORA #$0d
A492 C6EE             (./generated-code/):00505 [2]     2332            LDB #$ee
A494 EDC878           (./generated-code/):00506 [6]     2338            STD 120,U
A497 E741             (./generated-code/):00507 [5]     2343            STB 1,U
A499 33C90119         (./generated-code/):00508 [8]     2351            LEAU 281,U
                      (./generated-code/):00509                 
A49D A6C888           (./generated-code/):00510 [5]     2356            LDA -120,U
A4A0 E7C888           (./generated-code/):00511 [5]     2361            STB -120,U
A4A3 E6C8B0           (./generated-code/):00512 [5]     2366            LDB -80,U
A4A6 3406             (./generated-code/):00513 [7]     2373            PSHS B,A
A4A8 86ED             (./generated-code/):00514 [2]     2375            LDA #$ed
A4AA A7C8B0           (./generated-code/):00515 [5]     2380            STA -80,U
A4AD ECC84F           (./generated-code/):00516 [6]     2386            LDD 79,U
A4B0 3406             (./generated-code/):00517 [7]     2393            PSHS D
A4B2 84F0             (./generated-code/):00518 [2]     2395            ANDA #$F0
A4B4 C4F0             (./generated-code/):00519 [2]     2397            ANDB #$F0
A4B6 C30E0E           (./generated-code/):00520 [4]     2401            ADDD #$0e0e
A4B9 EDC84F           (./generated-code/):00521 [6]     2407            STD 79,U
A4BC ECC877           (./generated-code/):00522 [6]     2413            LDD 119,U
A4BF 3406             (./generated-code/):00523 [7]     2420            PSHS D
A4C1 86DE             (./generated-code/):00524 [2]     2422            LDA #$de
A4C3 C4F0             (./generated-code/):00525 [2]     2424            ANDB #$F0
A4C5 CA0E             (./generated-code/):00526 [2]     2426            ORB #$0e
A4C7 EDC877           (./generated-code/):00527 [6]     2432            STD 119,U
A4CA A6C8D8           (./generated-code/):00528 [5]     2437            LDA -40,U
A4CD E6C827           (./generated-code/):00529 [5]     2442            LDB 39,U
A4D0 3446             (./generated-code/):00530 [9]     2451            PSHS U,B,A
A4D2 C4F0             (./generated-code/):00531 [2]     2453            ANDB #$F0
A4D4 CA0E             (./generated-code/):00532 [2]     2455            ORB #$0e
A4D6 E7C827           (./generated-code/):00533 [5]     2460            STB 39,U
A4D9 86DD             (./generated-code/):00534 [2]     2462            LDA #$dd
A4DB A7C8D8           (./generated-code/):00535 [5]     2467            STA -40,U
A4DE 33C90118         (./generated-code/):00536 [8]     2475            LEAU 280,U
                      (./generated-code/):00537                 
A4E2 A6C84F           (./generated-code/):00538 [5]     2480            LDA 79,U
A4E5 E6C877           (./generated-code/):00539 [5]     2485            LDB 119,U
A4E8 3406             (./generated-code/):00540 [7]     2492            PSHS B,A
A4EA ECC887           (./generated-code/):00541 [6]     2498            LDD -121,U
A4ED 3406             (./generated-code/):00542 [7]     2505            PSHS D
A4EF 86DE             (./generated-code/):00543 [2]     2507            LDA #$de
A4F1 C4F0             (./generated-code/):00544 [2]     2509            ANDB #$F0
A4F3 CA0E             (./generated-code/):00545 [2]     2511            ORB #$0e
A4F5 EDC887           (./generated-code/):00546 [6]     2517            STD -121,U
A4F8 ECC8AF           (./generated-code/):00547 [6]     2523            LDD -81,U
A4FB 3406             (./generated-code/):00548 [7]     2530            PSHS D
A4FD 86EE             (./generated-code/):00549 [2]     2532            LDA #$ee
A4FF C4F0             (./generated-code/):00550 [2]     2534            ANDB #$F0
A501 CA0D             (./generated-code/):00551 [2]     2536            ORB #$0d
A503 EDC8AF           (./generated-code/):00552 [6]     2542            STD -81,U
A506 ECC8D7           (./generated-code/):00553 [6]     2548            LDD -41,U
A509 3406             (./generated-code/):00554 [7]     2555            PSHS D
A50B 86EE             (./generated-code/):00555 [2]     2557            LDA #$ee
A50D C4F0             (./generated-code/):00556 [2]     2559            ANDB #$F0
A50F CA0D             (./generated-code/):00557 [2]     2561            ORB #$0d
A511 EDC8D7           (./generated-code/):00558 [6]     2567            STD -41,U
A514 EC5F             (./generated-code/):00559 [6]     2573            LDD -1,U
A516 3406             (./generated-code/):00560 [7]     2580            PSHS D
A518 86EE             (./generated-code/):00561 [2]     2582            LDA #$ee
A51A C4F0             (./generated-code/):00562 [2]     2584            ANDB #$F0
A51C CA0D             (./generated-code/):00563 [2]     2586            ORB #$0d
A51E ED5F             (./generated-code/):00564 [6]     2592            STD -1,U
A520 ECC827           (./generated-code/):00565 [6]     2598            LDD 39,U
A523 3406             (./generated-code/):00566 [7]     2605            PSHS D
A525 86EE             (./generated-code/):00567 [2]     2607            LDA #$ee
A527 C4F0             (./generated-code/):00568 [2]     2609            ANDB #$F0
A529 CA0D             (./generated-code/):00569 [2]     2611            ORB #$0d
A52B EDC827           (./generated-code/):00570 [6]     2617            STD 39,U
A52E A7C84F           (./generated-code/):00571 [5]     2622            STA 79,U
A531 A7C877           (./generated-code/):00572 [5]     2627            STA 119,U
A534 A6C829           (./generated-code/):00573 [5]     2632            LDA 41,U
A537 3402             (./generated-code/):00574 [6]     2638            PSHS A
A539 840F             (./generated-code/):00575 [2]     2640            ANDA #$0F
A53B 8AE0             (./generated-code/):00576 [2]     2642            ORA #$e0
A53D A7C829           (./generated-code/):00577 [5]     2647            STA 41,U
A540 A6C851           (./generated-code/):00578 [5]     2652            LDA 81,U
A543 3402             (./generated-code/):00579 [6]     2658            PSHS A
A545 840F             (./generated-code/):00580 [2]     2660            ANDA #$0F
A547 8AE0             (./generated-code/):00581 [2]     2662            ORA #$e0
A549 A7C851           (./generated-code/):00582 [5]     2667            STA 81,U
A54C A6C879           (./generated-code/):00583 [5]     2672            LDA 121,U
A54F 3442             (./generated-code/):00584 [8]     2680            PSHS U,A
A551 840F             (./generated-code/):00585 [2]     2682            ANDA #$0F
A553 8AE0             (./generated-code/):00586 [2]     2684            ORA #$e0
A555 A7C879           (./generated-code/):00587 [5]     2689            STA 121,U
A558 33C900DB         (./generated-code/):00588 [8]     2697            LEAU 219,U
                      (./generated-code/):00589                 
A55C A6C8C4           (./generated-code/):00590 [5]     2702            LDA -60,U
A55F E6C8C6           (./generated-code/):00591 [5]     2707            LDB -58,U
A562 3406             (./generated-code/):00592 [7]     2714            PSHS B,A
A564 C40F             (./generated-code/):00593 [2]     2716            ANDB #$0F
A566 CAE0             (./generated-code/):00594 [2]     2718            ORB #$e0
A568 E7C8C6           (./generated-code/):00595 [5]     2723            STB -58,U
A56B A6C8EE           (./generated-code/):00596 [5]     2728            LDA -18,U
A56E 3402             (./generated-code/):00597 [6]     2734            PSHS A
A570 840F             (./generated-code/):00598 [2]     2736            ANDA #$0F
A572 8AE0             (./generated-code/):00599 [2]     2738            ORA #$e0
A574 A7C8EE           (./generated-code/):00600 [5]     2743            STA -18,U
A577 A6C814           (./generated-code/):00601 [5]     2748            LDA 20,U
A57A 3402             (./generated-code/):00602 [6]     2754            PSHS A
A57C 840F             (./generated-code/):00603 [2]     2756            ANDA #$0F
A57E 8AD0             (./generated-code/):00604 [2]     2758            ORA #$d0
A580 A7C814           (./generated-code/):00605 [5]     2763            STA 20,U
A583 A6C816           (./generated-code/):00606 [5]     2768            LDA 22,U
A586 3402             (./generated-code/):00607 [6]     2774            PSHS A
A588 840F             (./generated-code/):00608 [2]     2776            ANDA #$0F
A58A 8AD0             (./generated-code/):00609 [2]     2778            ORA #$d0
A58C A7C816           (./generated-code/):00610 [5]     2783            STA 22,U
A58F A6C83C           (./generated-code/):00611 [5]     2788            LDA 60,U
A592 3402             (./generated-code/):00612 [6]     2794            PSHS A
A594 840F             (./generated-code/):00613 [2]     2796            ANDA #$0F
A596 8AD0             (./generated-code/):00614 [2]     2798            ORA #$d0
A598 A7C83C           (./generated-code/):00615 [5]     2803            STA 60,U
A59B A6C8EC           (./generated-code/):00616 [5]     2808            LDA -20,U
A59E 3442             (./generated-code/):00617 [8]     2816            PSHS U,A
A5A0 86DD             (./generated-code/):00618 [2]     2818            LDA #$dd
A5A2 A7C8C4           (./generated-code/):00619 [5]     2823            STA -60,U
A5A5 A7C8EC           (./generated-code/):00620 [5]     2828            STA -20,U
A5A8 33E4             (./generated-code/):00621 [4]     2832            LEAU ,S
A5AA                  (./generated-code/):00622                 SSAV_Img_sonic_094_0
A5AA 10FE9FFE         (./generated-code/):00623 [7]     2839            LDS glb_register_s
A5AE 39               (./generated-code/):00624 [5]     2844            RTS
                      (./generated-code/):00625                 
