                      (./generated-code/):00001                 INCLUDE "./Engine/Constants.asm"
                      (./Engine/Constant):00001         * ---------------------------------------------------------------------------
                      (./Engine/Constant):00002         * Constants
                      (./Engine/Constant):00003         *
                      (./Engine/Constant):00004         * Naming convention
                      (./Engine/Constant):00005         * -----------------
                      (./Engine/Constant):00006         * - lower case
                      (./Engine/Constant):00007         * - underscore-separated names
                      (./Engine/Constant):00008         *
                      (./Engine/Constant):00009         * ---------------------------------------------------------------------------
                      (./Engine/Constant):00010         
                      (./Engine/Constant):00011         * ===========================================================================
                      (./Engine/Constant):00012         * TO8 Registers
                      (./Engine/Constant):00013         * ===========================================================================
                      (./Engine/Constant):00014         
                      (./Engine/Constant):00015         ; Disk routine registers (ROM)
                      (./Engine/Constant):00016         
     6049             (./Engine/Constant):00017         dk_drive                      equ $6049
     604A             (./Engine/Constant):00018         dk_track                      equ $604A
     604B             (./Engine/Constant):00019         dk_track_lsb                  equ $604B
     604C             (./Engine/Constant):00020         dk_sector                     equ $604C
     604F             (./Engine/Constant):00021         dk_write_location             equ $604F
                      (./Engine/Constant):00022         
                      (./Engine/Constant):00023         * ===========================================================================
                      (./Engine/Constant):00024         * Globals
                      (./Engine/Constant):00025         * ===========================================================================
                      (./Engine/Constant):00026         
     009F             (./Engine/Constant):00027         glb_direct_page               equ $9F    ; direct page for globals
                      (./Engine/Constant):00028         
                      (./Engine/Constant):00029         ; compilated sprite
     9FFE             (./Engine/Constant):00030         glb_register_s                equ $9FFE  ; reverved space to store S from ROM routines
                      (./Engine/Constant):00031         
                      (./Engine/Constant):00032         ; DrawSprites
     9FFC             (./Engine/Constant):00033         glb_screen_location_1         equ $9FFC  ; start address for rendering of current sprite Part1     
     9FFA             (./Engine/Constant):00034         glb_screen_location_2         equ $9FFA  ; start address for rendering of current sprite Part2 (Must follow Part1)
                      (./Engine/Constant):00035         
                      (./Engine/Constant):00036         ; CheckSpritesRefresh
     9FF9             (./Engine/Constant):00037         glb_cur_priority              equ $9FF9
     9FF7             (./Engine/Constant):00038         glb_cur_ptr_sub_obj_erase     equ $9FF7
     9FF5             (./Engine/Constant):00039         glb_cur_ptr_sub_obj_draw      equ $9FF5
     9FF3             (./Engine/Constant):00040         glb_camera_x_pos              equ $9FF3 ; camera x position in palyfield coordinates
     9FF1             (./Engine/Constant):00041         glb_camera_y_pos              equ $9FF1 ; camera y position in palyfield coordinates
     9FEF             (./Engine/Constant):00042         glb_camera_x_min_pos          equ $9FEF
     9FED             (./Engine/Constant):00043         glb_camera_y_min_pos          equ $9FED
     9FEB             (./Engine/Constant):00044         glb_camera_x_max_pos          equ $9FEB
     9FE9             (./Engine/Constant):00045         glb_camera_y_max_pos          equ $9FE9
     9FE8             (./Engine/Constant):00046         glb_force_sprite_refresh      equ $9FE8
     9FE7             (./Engine/Constant):00047         glb_camera_move               equ $9FE7
     9FE6             (./Engine/Constant):00048         glb_alphaTiles                equ $9FE6
     9F00             (./Engine/Constant):00049         glb_tmp_var                   equ $9F00 ; custom tmp var space for routine
     9F00             (./Engine/Constant):00050         glb_system_stack              equ $9F00
                      (./Engine/Constant):00051         
                      (./Engine/Constant):00052         * ===========================================================================
                      (./Engine/Constant):00053         * Display Constants
                      (./Engine/Constant):00054         * ===========================================================================
                      (./Engine/Constant):00055         
     00A0             (./Engine/Constant):00056         screen_width                  equ 160    ; in pixel
     001C             (./Engine/Constant):00057         screen_top                    equ 28     ; in pixel
     00E3             (./Engine/Constant):00058         screen_bottom                 equ 28+199 ; in pixel
     0030             (./Engine/Constant):00059         screen_left                   equ 48     ; in pixel
     00CF             (./Engine/Constant):00060         screen_right                  equ 48+159 ; in pixel
     0008             (./Engine/Constant):00061         nb_priority_levels            equ 8      ; number of priority levels (need code change if modified)
                      (./Engine/Constant):00062         
                      (./Engine/Constant):00063         * ===========================================================================
                      (./Engine/Constant):00064         * Images Constants
                      (./Engine/Constant):00065         * ===========================================================================
                      (./Engine/Constant):00066         
     0004             (./Engine/Constant):00067         image_x_size                  equ 4
     0005             (./Engine/Constant):00068         image_y_size                  equ 5
     0006             (./Engine/Constant):00069         image_center_offset           equ 6
                      (./Engine/Constant):00070         
     0004             (./Engine/Constant):00071         image_subset_x1_offset        equ 4
     0005             (./Engine/Constant):00072         image_subset_y1_offset        equ 5
                      (./Engine/Constant):00073         
     0000             (./Engine/Constant):00074         page_draw_routine             equ 0
     0001             (./Engine/Constant):00075         draw_routine                  equ 1
     0003             (./Engine/Constant):00076         page_erase_routine            equ 3
     0004             (./Engine/Constant):00077         erase_routine                 equ 4
     0006             (./Engine/Constant):00078         erase_nb_cell                 equ 6
                      (./Engine/Constant):00079         
                      (./Engine/Constant):00080         * ===========================================================================
                      (./Engine/Constant):00081         * Sound Constants
                      (./Engine/Constant):00082         * ===========================================================================
                      (./Engine/Constant):00083         
     0000             (./Engine/Constant):00084         sound_page        equ 0
     0001             (./Engine/Constant):00085         sound_start_addr  equ 1
     0003             (./Engine/Constant):00086         sound_end_addr    equ 3
     0005             (./Engine/Constant):00087         sound_meta_size   equ 5
                      (./Engine/Constant):00088         
                      (./Engine/Constant):00089         * ===========================================================================
                      (./Engine/Constant):00090         * Object Constants
                      (./Engine/Constant):00091         * ===========================================================================
                      (./Engine/Constant):00092         
     005D             (./Engine/Constant):00093         object_core_size              equ 93  ; the size of an object without ext_vars - DEPENDENCY ClearObj routine
     ????             (./Engine/Constant):00094         object_size                   equ object_core_size+ext_variables_size ; the size of a dynamic object
     ????             (./Engine/Constant):00095         next_object                   equ object_size
     005D             (./Engine/Constant):00096         ext_variables                 equ object_core_size ; start of reserved space for additionnal variables
                      (./Engine/Constant):00097         
     0000             (./Engine/Constant):00098         id                            equ 0           ; reference to object model id (ObjID_) (0: free slot)
     0001             (./Engine/Constant):00099         subtype                       equ 1           ; reference to object subtype (Sub_)
     0002             (./Engine/Constant):00100         render_flags                  equ 2
                      (./Engine/Constant):00101         
                      (./Engine/Constant):00102         * --- render_flags bitfield variables ---
     0001             (./Engine/Constant):00103         render_xmirror_mask           equ $01 ; (bit 0) DEPENDENCY should be bit 0 - tell display engine to mirror sprite on horizontal axis
     0002             (./Engine/Constant):00104         render_ymirror_mask           equ $02 ; (bit 1) DEPENDENCY should be bit 1 - tell display engine to mirror sprite on vertical axis
     0004             (./Engine/Constant):00105         render_overlay_mask           equ $04 ; (bit 2) DEPENDENCY should be bit 2 - compilated sprite with no background save
     0008             (./Engine/Constant):00106         render_motionless_mask        equ $08 ; (bit 3) tell display engine to compute sub image and position check only once until the flag is removed  
     0010             (./Engine/Constant):00107         render_playfieldcoord_mask    equ $10 ; (bit 4) tell display engine to use playfield (1) or screen (0) coordinates
     0020             (./Engine/Constant):00108         render_hide_mask              equ $20 ; (bit 5) tell display engine to hide sprite (keep priority and mapping_frame)
     0040             (./Engine/Constant):00109         render_todelete_mask          equ $40 ; (bit 6) tell display engine to delete sprite and clear OST for this object
     0080             (./Engine/Constant):00110         render_xloop_mask             equ $80 ; (bit 7) (screen coordinate) tell display engine to hide sprite when x is out of screen (0) or to display (1)  
                      (./Engine/Constant):00111          
     0003             (./Engine/Constant):00112         priority                      equ 3           ; display priority (0: nothing to display, 1:front, ..., 8:back)
     0004             (./Engine/Constant):00113         anim                          equ 4  ; and 5  ; reference to current animation (Ani_)
     0006             (./Engine/Constant):00114         prev_anim                     equ 6  ; and 7  ; reference to previous animation (Ani_)
     0008             (./Engine/Constant):00115         anim_frame                    equ 8           ; index of current frame in animation
     0009             (./Engine/Constant):00116         anim_frame_duration           equ 9           ; number of frames for each image in animation, range: 00-7F (0-127), 0 means display only during one frame
     000A             (./Engine/Constant):00117         anim_flags                    equ 10          ; byte offset to reference an anim_flags LUT (adv) / store a link flag (non adv)
                      (./Engine/Constant):00118         
                      (./Engine/Constant):00119         * --- anim_flags bitfield variables ---
     0001             (./Engine/Constant):00120         anim_link_mask                equ $01 ; (bit 0) if set, allow the load of a new animation without reseting anim_frame and anim_frame_duration
                      (./Engine/Constant):00121         
     000B             (./Engine/Constant):00122         status_flags                  equ 11          ; orientation of sprite, is applied to animation xmirror flag during AnimateSprite
                      (./Engine/Constant):00123         
                      (./Engine/Constant):00124         * --- status_flags bitfield variables ---
     0001             (./Engine/Constant):00125         status_xflip_mask             equ $01 ; (bit 0) X Flip
     0002             (./Engine/Constant):00126         status_yflip_mask             equ $02 ; (bit 1) Y Flip
                      (./Engine/Constant):00127         
     000C             (./Engine/Constant):00128         image_set                     equ 12 ; and 13 ; reference to current image (Img_) (0000 if no image)
     000E             (./Engine/Constant):00129         x_pos                         equ 14 ; and 15 ; x playfield coordinate
     0010             (./Engine/Constant):00130         x_sub                         equ 16          ; x subpixel (1/256 of a pixel), must follow x_pos in data structure
     0011             (./Engine/Constant):00131         y_pos                         equ 17 ; and 18 ; y playfield coordinate
     0013             (./Engine/Constant):00132         y_sub                         equ 19          ; y subpixel (1/256 of a pixel), must follow y_pos in data structure
     0014             (./Engine/Constant):00133         xy_pixel                      equ 20          ; x and y screen coordinate
     0014             (./Engine/Constant):00134         x_pixel                       equ 20          ; x screen coordinate
     0015             (./Engine/Constant):00135         y_pixel                       equ 21          ; y screen coordinate, must follow x_pixel
                      (./Engine/Constant):00136         ;x_offset                      equ 93          ; x screen coordinate offset that is applied at rendering
                      (./Engine/Constant):00137         ;y_offset                      equ 94          ; x screen coordinate offset that is applied at rendering
     0016             (./Engine/Constant):00138         x_vel                         equ 22 ; and 23 ; horizontal velocity
     0018             (./Engine/Constant):00139         y_vel                         equ 24 ; and 25 ; vertical velocity
     001A             (./Engine/Constant):00140         x_acl                         equ 26 ; and 27 ; horizontal gravity
     001C             (./Engine/Constant):00141         y_acl                         equ 28 ; and 29 ; vertical gravity
     001E             (./Engine/Constant):00142         routine                       equ 30          ; index of current object routine
     001F             (./Engine/Constant):00143         routine_secondary             equ 31          ; index of current secondary routine
     0020             (./Engine/Constant):00144         routine_tertiary              equ 32          ; index of current tertiary routine
     0021             (./Engine/Constant):00145         routine_quaternary            equ 33          ; index of current quaternary routine
                      (./Engine/Constant):00146         
                      (./Engine/Constant):00147         * ---------------------------------------------------------------------------
                      (./Engine/Constant):00148         * reserved variables (update by engine)
                      (./Engine/Constant):00149         
     0022             (./Engine/Constant):00150         rsv_render_flags              equ 34
                      (./Engine/Constant):00151         
                      (./Engine/Constant):00152         * --- rsv_render_flags bitfield variables ---
     0001             (./Engine/Constant):00153         rsv_render_checkrefresh_mask  equ $01 ; (bit 0) if erasesprite and display sprite flag are processed for this frame
     0002             (./Engine/Constant):00154         rsv_render_erasesprite_mask   equ $02 ; (bit 1) if a sprite need to be cleared on screen
     0004             (./Engine/Constant):00155         rsv_render_displaysprite_mask equ $04 ; (bit 2) if a sprite need to be rendered on screen
     0008             (./Engine/Constant):00156         rsv_render_outofrange_mask    equ $08 ; (bit 3) if a sprite is out of range for full rendering in screen
     0080             (./Engine/Constant):00157         rsv_render_onscreen_mask      equ $80 ; (bit 7) DEPENDENCY should be bit 7 - has been rendered on last screen buffer (may be 0 or 1)
                      (./Engine/Constant):00158         
     0023             (./Engine/Constant):00159         rsv_prev_anim                 equ 35 ; and 36 ; reference to previous animation (Ani_) w * UTILE ?
     0025             (./Engine/Constant):00160         rsv_image_center_offset       equ 37 ; 0 or 1 offset that indicate if image center is even or odd (DRS_XYToAddress)
     0026             (./Engine/Constant):00161         rsv_image_subset              equ 38 ; and 39 ; reference to current image regarding mirror flags w
     0028             (./Engine/Constant):00162         rsv_mapping_frame             equ 40 ; and 41 ; reference to current image regarding mirror flags, overlay flag and x precision w
     002A             (./Engine/Constant):00163         rsv_erase_nb_cell             equ 42 ; b 
     002B             (./Engine/Constant):00164         rsv_page_draw_routine         equ 43 ; b
     002C             (./Engine/Constant):00165         rsv_draw_routine              equ 44 ; and 45 ; w
     002E             (./Engine/Constant):00166         rsv_page_erase_routine        equ 46 ; b
     002F             (./Engine/Constant):00167         rsv_erase_routine             equ 47 ; and 48 ; w 
     0031             (./Engine/Constant):00168         rsv_xy1_pixel                 equ 49 ;
     0031             (./Engine/Constant):00169         rsv_x1_pixel                  equ 49 ; x+x_offset-(x_size/2) screen coordinate
     0032             (./Engine/Constant):00170         rsv_y1_pixel                  equ 50 ; y+y_offset-(y_size/2) screen coordinate, must follow rsv_x1_pixel
     0033             (./Engine/Constant):00171         rsv_xy2_pixel                 equ 51 ;
     0033             (./Engine/Constant):00172         rsv_x2_pixel                  equ 51 ; x+x_offset+(x_size/2) screen coordinate
     0034             (./Engine/Constant):00173         rsv_y2_pixel                  equ 52 ; y+y_offset+(y_size/2) screen coordinate, must follow rsv_x2_pixel
                      (./Engine/Constant):00174         
                      (./Engine/Constant):00175         * ---------------------------------------------------------------------------
                      (./Engine/Constant):00176         * reserved variables (engine) - buffer specific
                      (./Engine/Constant):00177         
     0035             (./Engine/Constant):00178         rsv_buffer_0                  equ 53 ; Start index of buffer 0 variables
     0035             (./Engine/Constant):00179         rsv_priority_0                equ 53 ; internal value that hold priority in video buffer 0
     0036             (./Engine/Constant):00180         rsv_priority_prev_obj_0       equ 54 ; and 55 ; previous object (OST address) in display priority list for video buffer 0 (0000 if none) w
     0038             (./Engine/Constant):00181         rsv_priority_next_obj_0       equ 56 ; and 57 ; next object (OST address) in display priority list for video buffer 0 (0000 if none) w
     003A             (./Engine/Constant):00182         rsv_prev_mapping_frame_0      equ 58 ; and 59 ; reference to previous image in video buffer 0 w
     003C             (./Engine/Constant):00183         rsv_prev_erase_nb_cell_0      equ 60 : b
     003D             (./Engine/Constant):00184         rsv_prev_page_erase_routine_0 equ 61 ; b
     003E             (./Engine/Constant):00185         rsv_prev_erase_routine_0      equ 62 ; and 63 ; w
     0040             (./Engine/Constant):00186         rsv_bgdata_0                  equ 64 ; and 65 ; address of background data in screen 0 w
     0042             (./Engine/Constant):00187         rsv_prev_xy_pixel_0           equ 66 ;
     0042             (./Engine/Constant):00188         rsv_prev_x_pixel_0            equ 66 ; previous x screen coordinate b
     0043             (./Engine/Constant):00189         rsv_prev_y_pixel_0            equ 67 ; previous y screen coordinate b, must follow x_pixel
     0044             (./Engine/Constant):00190         rsv_prev_xy1_pixel_0          equ 68 ;
     0044             (./Engine/Constant):00191         rsv_prev_x1_pixel_0           equ 68 ; previous x+x_offset-(x_size/2) screen coordinate b
     0045             (./Engine/Constant):00192         rsv_prev_y1_pixel_0           equ 69 ; previous y+y_offset-(y_size/2) screen coordinate b, must follow x1_pixel
     0046             (./Engine/Constant):00193         rsv_prev_xy2_pixel_0          equ 70 ;
     0046             (./Engine/Constant):00194         rsv_prev_x2_pixel_0           equ 70 ; previous x+x_offset+(x_size/2) screen coordinate b
     0047             (./Engine/Constant):00195         rsv_prev_y2_pixel_0           equ 71 ; previous y+y_offset+(y_size/2) screen coordinate b, must follow x2_pixel
     0048             (./Engine/Constant):00196         rsv_prev_render_flags_0       equ 72 ;
                      (./Engine/Constant):00197         * --- rsv_prev_render_flags_0 bitfield variables ---
     0001             (./Engine/Constant):00198         rsv_prev_render_overlay_mask  equ $01 ; (bit 0) if a sprite has been rendered with compilated sprite and no background save on screen buffer 0/1
     0080             (./Engine/Constant):00199         rsv_prev_render_onscreen_mask equ $80 ; (bit 7) DEPENDENCY should be bit 7 - has been rendered on screen buffer 0/1
                      (./Engine/Constant):00200         
     0049             (./Engine/Constant):00201         rsv_buffer_1                  equ 73 ; Start index of buffer 1 variables
     0049             (./Engine/Constant):00202         rsv_priority_1                equ 73 ; internal value that hold priority in video buffer 1
     004A             (./Engine/Constant):00203         rsv_priority_prev_obj_1       equ 74 ; and 75 ; previous object (OST address) in display priority list for video buffer 1 (0000 if none) w
     004C             (./Engine/Constant):00204         rsv_priority_next_obj_1       equ 76 ; and 77 ; next object (OST address) in display priority list for video buffer 1 (0000 if none) w
     004E             (./Engine/Constant):00205         rsv_prev_mapping_frame_1      equ 78 ; and 79 ; reference to previous image in video buffer 1 w
     0050             (./Engine/Constant):00206         rsv_prev_erase_nb_cell_1      equ 80 ; b
     0051             (./Engine/Constant):00207         rsv_prev_page_erase_routine_1 equ 81 ; b
     0052             (./Engine/Constant):00208         rsv_prev_erase_routine_1      equ 82 ; and 83 ; w
     0054             (./Engine/Constant):00209         rsv_bgdata_1                  equ 84 ; and 85 ; address of background data in screen 1 w
     0056             (./Engine/Constant):00210         rsv_prev_xy_pixel_1           equ 86 ;
     0056             (./Engine/Constant):00211         rsv_prev_x_pixel_1            equ 86 ; previous x screen coordinate b
     0057             (./Engine/Constant):00212         rsv_prev_y_pixel_1            equ 87 ; previous y screen coordinate b, must follow x_pixel
     0058             (./Engine/Constant):00213         rsv_prev_xy1_pixel_1          equ 88 ;
     0058             (./Engine/Constant):00214         rsv_prev_x1_pixel_1           equ 88 ; previous x+x_size screen coordinate b
     0059             (./Engine/Constant):00215         rsv_prev_y1_pixel_1           equ 89 ; previous y+y_size screen coordinate b, must follow x_pixel
     005A             (./Engine/Constant):00216         rsv_prev_xy2_pixel_1          equ 90 ;
     005A             (./Engine/Constant):00217         rsv_prev_x2_pixel_1           equ 90 ; previous x+x_size screen coordinate b
     005B             (./Engine/Constant):00218         rsv_prev_y2_pixel_1           equ 91 ; previous y+y_size screen coordinate b, must follow x_pixel
     005C             (./Engine/Constant):00219         rsv_prev_render_flags_1       equ 92 ;
                      (./Engine/Constant):00220         
     0000             (./Engine/Constant):00221         buf_priority                  equ 0  ; offset for each rsv_buffer variables
     0001             (./Engine/Constant):00222         buf_priority_prev_obj         equ 1  ;
     0003             (./Engine/Constant):00223         buf_priority_next_obj         equ 3  ;
     0005             (./Engine/Constant):00224         buf_prev_mapping_frame        equ 5  ;
     0007             (./Engine/Constant):00225         buf_erase_nb_cell             equ 7  ;
     0008             (./Engine/Constant):00226         buf_page_erase_routine        equ 8 ;
     0009             (./Engine/Constant):00227         buf_erase_routine             equ 9 ;
     000B             (./Engine/Constant):00228         buf_bgdata                    equ 11 ;
     000D             (./Engine/Constant):00229         buf_prev_xy_pixel             equ 13 ;
     000D             (./Engine/Constant):00230         buf_prev_x_pixel              equ 13 ;
     000E             (./Engine/Constant):00231         buf_prev_y_pixel              equ 14 ;
     000F             (./Engine/Constant):00232         buf_prev_xy1_pixel            equ 15 ;
     000F             (./Engine/Constant):00233         buf_prev_x1_pixel             equ 15 ;
     0010             (./Engine/Constant):00234         buf_prev_y1_pixel             equ 16 ;
     0011             (./Engine/Constant):00235         buf_prev_xy2_pixel            equ 17 ;
     0011             (./Engine/Constant):00236         buf_prev_x2_pixel             equ 17 ;
     0012             (./Engine/Constant):00237         buf_prev_y2_pixel             equ 18 ;
     0013             (./Engine/Constant):00238         buf_prev_render_flags         equ 19 ;
                      (./generated-code/):00002                 ORG $A000
     FF               (./generated-code/):00003                 SETDP $FF
                      (./generated-code/):00004                 OPT C,CT
A000                  (./generated-code/):00005                 ERASE_Img_sonic_213_0
A000 10FF9FFE         (./generated-code/):00006 [7]     7               STS glb_register_s
                      (./generated-code/):00007                 
A004 32C4             (./generated-code/):00008 [4]     11              LEAS ,U
A006                  (./generated-code/):00009                 ERASE_CODE_Img_sonic_213_0
A006 3542             (./generated-code/):00010 [8]     19              PULS A,U
A008 A7C864           (./generated-code/):00011 [5]     24              STA 100,U
                      (./generated-code/):00012                 
A00B 3506             (./generated-code/):00013 [7]     31              PULS A,B
A00D A7C815           (./generated-code/):00014 [5]     36              STA 21,U
A010 E7C8C5           (./generated-code/):00015 [5]     41              STB -59,U
                      (./generated-code/):00016                 
A013 3536             (./generated-code/):00017 [11]    52              PULS A,B,X,Y
A015 A7C8ED           (./generated-code/):00018 [5]     57              STA -19,U
A018 E7C89D           (./generated-code/):00019 [5]     62              STB -99,U
A01B AFC83B           (./generated-code/):00020 [6]     68              STX 59,U
A01E 10AFC813         (./generated-code/):00021 [7]     75              STY 19,U
                      (./generated-code/):00022                 
A022 3536             (./generated-code/):00023 [11]    86              PULS D,X,Y
A024 EDC8EB           (./generated-code/):00024 [6]     92              STD -21,U
A027 AFC8C3           (./generated-code/):00025 [6]     98              STX -61,U
A02A 10AFC89B         (./generated-code/):00026 [7]     105             STY -101,U
                      (./generated-code/):00027                 
A02E 3542             (./generated-code/):00028 [8]     113             PULS A,U
A030 A741             (./generated-code/):00029 [5]     118             STA 1,U
                      (./generated-code/):00030                 
A032 3506             (./generated-code/):00031 [7]     125             PULS A,B
A034 A7C8D9           (./generated-code/):00032 [5]     130             STA -39,U
A037 E7C8B1           (./generated-code/):00033 [5]     135             STB -79,U
                      (./generated-code/):00034                 
A03A 3532             (./generated-code/):00035 [10]    145             PULS A,X,Y
A03C A7C889           (./generated-code/):00036 [5]     150             STA -119,U
A03F AFC876           (./generated-code/):00037 [6]     156             STX 118,U
A042 10AFC8AF         (./generated-code/):00038 [7]     163             STY -81,U
                      (./generated-code/):00039                 
A046 3536             (./generated-code/):00040 [11]    174             PULS D,X,Y
A048 EDC887           (./generated-code/):00041 [6]     180             STD -121,U
A04B AFC827           (./generated-code/):00042 [6]     186             STX 39,U
A04E 10AF5F           (./generated-code/):00043 [7]     193             STY -1,U
                      (./generated-code/):00044                 
A051 3532             (./generated-code/):00045 [10]    203             PULS A,X,Y
A053 A7C878           (./generated-code/):00046 [5]     208             STA 120,U
A056 AFC8D7           (./generated-code/):00047 [6]     214             STX -41,U
A059 10AFC84F         (./generated-code/):00048 [7]     221             STY 79,U
                      (./generated-code/):00049                 
A05D 3546             (./generated-code/):00050 [9]     230             PULS D,U
A05F EDC878           (./generated-code/):00051 [6]     236             STD 120,U
                      (./generated-code/):00052                 
A062 3536             (./generated-code/):00053 [11]    247             PULS D,X,Y
A064 ED5E             (./generated-code/):00054 [6]     253             STD -2,U
A066 AFC8D6           (./generated-code/):00055 [6]     259             STX -42,U
A069 10AFC876         (./generated-code/):00056 [7]     266             STY 118,U
                      (./generated-code/):00057                 
A06D 3516             (./generated-code/):00058 [9]     275             PULS D,X
A06F EDC84E           (./generated-code/):00059 [6]     281             STD 78,U
A072 AFC826           (./generated-code/):00060 [6]     287             STX 38,U
                      (./generated-code/):00061                 
A075 3516             (./generated-code/):00062 [9]     296             PULS A,B,X
A077 A7C850           (./generated-code/):00063 [5]     301             STA 80,U
A07A E7C8D8           (./generated-code/):00064 [5]     306             STB -40,U
A07D AFC887           (./generated-code/):00065 [6]     312             STX -121,U
                      (./generated-code/):00066                 
A080 3516             (./generated-code/):00067 [9]     321             PULS A,B,X
A082 A7C4             (./generated-code/):00068 [4]     325             STA ,U
A084 E7C828           (./generated-code/):00069 [5]     330             STB 40,U
A087 AFC8AF           (./generated-code/):00070 [6]     336             STX -81,U
                      (./generated-code/):00071                 
A08A 3546             (./generated-code/):00072 [9]     345             PULS D,U
A08C EDC888           (./generated-code/):00073 [6]     351             STD -120,U
                      (./generated-code/):00074                 
A08F 3506             (./generated-code/):00075 [7]     358             PULS D
A091 EDC850           (./generated-code/):00076 [6]     364             STD 80,U
                      (./generated-code/):00077                 
A094 3506             (./generated-code/):00078 [7]     371             PULS A,B
A096 A7C852           (./generated-code/):00079 [5]     376             STA 82,U
A099 E7C82A           (./generated-code/):00080 [5]     381             STB 42,U
                      (./generated-code/):00081                 
A09C 3506             (./generated-code/):00082 [7]     388             PULS A,B
A09E A742             (./generated-code/):00083 [5]     393             STA 2,U
A0A0 E7C8DA           (./generated-code/):00084 [5]     398             STB -38,U
                      (./generated-code/):00085                 
A0A3 3536             (./generated-code/):00086 [11]    409             PULS A,B,X,Y
A0A5 A7C8B2           (./generated-code/):00087 [5]     414             STA -78,U
A0A8 E7C88A           (./generated-code/):00088 [5]     419             STB -118,U
A0AB AFC8B0           (./generated-code/):00089 [6]     425             STX -80,U
A0AE 10AFC4           (./generated-code/):00090 [6]     431             STY ,U
                      (./generated-code/):00091                 
A0B1 3536             (./generated-code/):00092 [11]    442             PULS D,X,Y
A0B3 EDC878           (./generated-code/):00093 [6]     448             STD 120,U
A0B6 AFC828           (./generated-code/):00094 [6]     454             STX 40,U
A0B9 10AFC8D8         (./generated-code/):00095 [7]     461             STY -40,U
                      (./generated-code/):00096                 
A0BD 3552             (./generated-code/):00097 [10]    471             PULS A,X,U
A0BF 3612             (./generated-code/):00098 [8]     479             PSHU A,X
                      (./generated-code/):00099                 
A0C1 3506             (./generated-code/):00100 [7]     486             PULS A,B
A0C3 A7C852           (./generated-code/):00101 [5]     491             STA 82,U
A0C6 E7C87A           (./generated-code/):00102 [5]     496             STB 122,U
                      (./generated-code/):00103                 
A0C9 3532             (./generated-code/):00104 [10]    506             PULS A,X,Y
A0CB A7C82A           (./generated-code/):00105 [5]     511             STA 42,U
A0CE AFC878           (./generated-code/):00106 [6]     517             STX 120,U
A0D1 10AFC850         (./generated-code/):00107 [7]     524             STY 80,U
                      (./generated-code/):00108                 
A0D5 3506             (./generated-code/):00109 [7]     531             PULS D
A0D7 EDC828           (./generated-code/):00110 [6]     537             STD 40,U
                      (./generated-code/):00111                 
A0DA 3552             (./generated-code/):00112 [10]    547             PULS A,X,U
A0DC 3612             (./generated-code/):00113 [8]     555             PSHU A,X
                      (./generated-code/):00114                 
A0DE 3552             (./generated-code/):00115 [10]    565             PULS A,X,U
A0E0 3612             (./generated-code/):00116 [8]     573             PSHU A,X
                      (./generated-code/):00117                 
A0E2 3506             (./generated-code/):00118 [7]     580             PULS D
A0E4 EDC8D8           (./generated-code/):00119 [6]     586             STD -40,U
                      (./generated-code/):00120                 
A0E7 3532             (./generated-code/):00121 [10]    596             PULS A,X,Y
A0E9 A7C8DA           (./generated-code/):00122 [5]     601             STA -38,U
A0EC AFC8B0           (./generated-code/):00123 [6]     607             STX -80,U
A0EF 10AFC888         (./generated-code/):00124 [7]     614             STY -120,U
                      (./generated-code/):00125                 
A0F3 3542             (./generated-code/):00126 [8]     622             PULS A,U
A0F5 A7C4             (./generated-code/):00127 [4]     626             STA ,U
                      (./generated-code/):00128                 
A0F7 3556             (./generated-code/):00129 [11]    637             PULS D,X,U
A0F9 EDC8EC           (./generated-code/):00130 [6]     643             STD -20,U
A0FC AFC814           (./generated-code/):00131 [6]     649             STX 20,U
                      (./generated-code/):00132                 
A0FF 3546             (./generated-code/):00133 [9]     658             PULS D,U
A101 EDC888           (./generated-code/):00134 [6]     664             STD -120,U
                      (./generated-code/):00135                 
A104 3536             (./generated-code/):00136 [11]    675             PULS D,X,Y
A106 EDC878           (./generated-code/):00137 [6]     681             STD 120,U
A109 AFC4             (./generated-code/):00138 [5]     686             STX ,U
A10B 10AFC8D8         (./generated-code/):00139 [7]     693             STY -40,U
                      (./generated-code/):00140                 
A10F 3506             (./generated-code/):00141 [7]     700             PULS D
A111 EDC850           (./generated-code/):00142 [6]     706             STD 80,U
                      (./generated-code/):00143                 
A114 3536             (./generated-code/):00144 [11]    717             PULS A,B,X,Y
A116 A7C8B2           (./generated-code/):00145 [5]     722             STA -78,U
A119 E7C88A           (./generated-code/):00146 [5]     727             STB -118,U
A11C AFC828           (./generated-code/):00147 [6]     733             STX 40,U
A11F 10AFC8B0         (./generated-code/):00148 [7]     740             STY -80,U
                      (./generated-code/):00149                 
A123 3552             (./generated-code/):00150 [10]    750             PULS A,X,U
A125 3612             (./generated-code/):00151 [8]     758             PSHU A,X
                      (./generated-code/):00152                 
A127 3506             (./generated-code/):00153 [7]     765             PULS D
A129 EDC878           (./generated-code/):00154 [6]     771             STD 120,U
                      (./generated-code/):00155                 
A12C 3536             (./generated-code/):00156 [11]    782             PULS A,B,X,Y
A12E A7C87A           (./generated-code/):00157 [5]     787             STA 122,U
A131 E7C852           (./generated-code/):00158 [5]     792             STB 82,U
A134 AFC850           (./generated-code/):00159 [6]     798             STX 80,U
A137 10AFC829         (./generated-code/):00160 [7]     805             STY 41,U
                      (./generated-code/):00161                 
A13B 3552             (./generated-code/):00162 [10]    815             PULS A,X,U
A13D 3612             (./generated-code/):00163 [8]     823             PSHU A,X
                      (./generated-code/):00164                 
A13F 3506             (./generated-code/):00165 [7]     830             PULS D
A141 EDC8D8           (./generated-code/):00166 [6]     836             STD -40,U
                      (./generated-code/):00167                 
A144 3506             (./generated-code/):00168 [7]     843             PULS A,B
A146 A7C8DA           (./generated-code/):00169 [5]     848             STA -38,U
A149 E7C8B2           (./generated-code/):00170 [5]     853             STB -78,U
                      (./generated-code/):00171                 
A14C 3532             (./generated-code/):00172 [10]    863             PULS A,X,Y
A14E A7C88A           (./generated-code/):00173 [5]     868             STA -118,U
A151 AFC888           (./generated-code/):00174 [6]     874             STX -120,U
A154 10AFC8B0         (./generated-code/):00175 [7]     881             STY -80,U
                      (./generated-code/):00176                 
A158 3546             (./generated-code/):00177 [9]     890             PULS A,B,U
A15A A7C8C6           (./generated-code/):00178 [5]     895             STA -58,U
A15D E7C816           (./generated-code/):00179 [5]     900             STB 22,U
                      (./generated-code/):00180                 
A160 3506             (./generated-code/):00181 [7]     907             PULS D
A162 EDC864           (./generated-code/):00182 [6]     913             STD 100,U
                      (./generated-code/):00183                 
A165 3536             (./generated-code/):00184 [11]    924             PULS A,B,X,Y
A167 A7C8EE           (./generated-code/):00185 [5]     929             STA -18,U
A16A E7C89E           (./generated-code/):00186 [5]     934             STB -98,U
A16D AFC814           (./generated-code/):00187 [6]     940             STX 20,U
A170 10AFC83C         (./generated-code/):00188 [7]     947             STY 60,U
                      (./generated-code/):00189                 
A174 3536             (./generated-code/):00190 [11]    958             PULS D,X,Y
A176 EDC8EC           (./generated-code/):00191 [6]     964             STD -20,U
A179 AFC8C4           (./generated-code/):00192 [6]     970             STX -60,U
A17C 10AFC89C         (./generated-code/):00193 [7]     977             STY -100,U
                      (./generated-code/):00194                 
A180 3576             (./generated-code/):00195 [13]    990             PULS A,B,X,Y,U
A182 A7C879           (./generated-code/):00196 [5]     995             STA 121,U
A185 E7C889           (./generated-code/):00197 [5]     1000            STB -119,U
A188 AFC850           (./generated-code/):00198 [6]     1006            STX 80,U
A18B 10AFC828         (./generated-code/):00199 [7]     1013            STY 40,U
                      (./generated-code/):00200                 
A18F 3532             (./generated-code/):00201 [10]    1023            PULS A,X,Y
A191 A7C8B1           (./generated-code/):00202 [5]     1028            STA -79,U
A194 AFC4             (./generated-code/):00203 [5]     1033            STX ,U
A196 10AFC8D8         (./generated-code/):00204 [7]     1040            STY -40,U
                      (./generated-code/):00205                 
A19A 3536             (./generated-code/):00206 [11]    1051            PULS D,X,Y
A19C EDC877           (./generated-code/):00207 [6]     1057            STD 119,U
A19F AFC8AF           (./generated-code/):00208 [6]     1063            STX -81,U
A1A2 10AFC887         (./generated-code/):00209 [7]     1070            STY -121,U
                      (./generated-code/):00210                 
A1A6 3556             (./generated-code/):00211 [11]    1081            PULS D,X,U
A1A8 EDC84F           (./generated-code/):00212 [6]     1087            STD 79,U
A1AB AFC827           (./generated-code/):00213 [6]     1093            STX 39,U
                      (./generated-code/):00214                 
A1AE 3536             (./generated-code/):00215 [11]    1104            PULS A,B,X,Y
A1B0 A7C887           (./generated-code/):00216 [5]     1109            STA -121,U
A1B3 E7C878           (./generated-code/):00217 [5]     1114            STB 120,U
A1B6 AFC8D7           (./generated-code/):00218 [6]     1120            STX -41,U
A1B9 10AF5F           (./generated-code/):00219 [7]     1127            STY -1,U
                      (./generated-code/):00220                 
A1BC 3516             (./generated-code/):00221 [9]     1136            PULS D,X
A1BE EDC8AF           (./generated-code/):00222 [6]     1142            STD -81,U
A1C1 AFC876           (./generated-code/):00223 [6]     1148            STX 118,U
                      (./generated-code/):00224                 
A1C4 33E4             (./generated-code/):00225 [4]     1152            LEAU ,S
A1C6 10FE9FFE         (./generated-code/):00226 [7]     1159            LDS glb_register_s
A1CA 39               (./generated-code/):00227 [5]     1164            RTS
                      (./generated-code/):00228                 
     00DC             (./generated-code/):00229                 DataSize equ $00DC
