                      (./generated-code/):00001                 INCLUDE "./Engine/Constants.asm"
                      (./Engine/Constant):00001         * ---------------------------------------------------------------------------
                      (./Engine/Constant):00002         * Constants
                      (./Engine/Constant):00003         *
                      (./Engine/Constant):00004         * Naming convention
                      (./Engine/Constant):00005         * -----------------
                      (./Engine/Constant):00006         * - lower case
                      (./Engine/Constant):00007         * - underscore-separated names
                      (./Engine/Constant):00008         *
                      (./Engine/Constant):00009         * ---------------------------------------------------------------------------
                      (./Engine/Constant):00010         
                      (./Engine/Constant):00011         * ===========================================================================
                      (./Engine/Constant):00012         * TO8 Registers
                      (./Engine/Constant):00013         * ===========================================================================
                      (./Engine/Constant):00014         
                      (./Engine/Constant):00015         ; Disk routine registers (ROM)
                      (./Engine/Constant):00016         
     6049             (./Engine/Constant):00017         dk_drive                      equ $6049
     604A             (./Engine/Constant):00018         dk_track                      equ $604A
     604B             (./Engine/Constant):00019         dk_track_lsb                  equ $604B
     604C             (./Engine/Constant):00020         dk_sector                     equ $604C
     604F             (./Engine/Constant):00021         dk_write_location             equ $604F
                      (./Engine/Constant):00022         
                      (./Engine/Constant):00023         * ===========================================================================
                      (./Engine/Constant):00024         * Globals
                      (./Engine/Constant):00025         * ===========================================================================
                      (./Engine/Constant):00026         
     009F             (./Engine/Constant):00027         glb_direct_page               equ $9F    ; direct page for globals
                      (./Engine/Constant):00028         
                      (./Engine/Constant):00029         ; compilated sprite
     9FFE             (./Engine/Constant):00030         glb_register_s                equ $9FFE  ; reverved space to store S from ROM routines
                      (./Engine/Constant):00031         
                      (./Engine/Constant):00032         ; DrawSprites
     9FFC             (./Engine/Constant):00033         glb_screen_location_1         equ $9FFC  ; start address for rendering of current sprite Part1     
     9FFA             (./Engine/Constant):00034         glb_screen_location_2         equ $9FFA  ; start address for rendering of current sprite Part2 (Must follow Part1)
                      (./Engine/Constant):00035         
                      (./Engine/Constant):00036         ; CheckSpritesRefresh
     9FF9             (./Engine/Constant):00037         glb_cur_priority              equ $9FF9
     9FF7             (./Engine/Constant):00038         glb_cur_ptr_sub_obj_erase     equ $9FF7
     9FF5             (./Engine/Constant):00039         glb_cur_ptr_sub_obj_draw      equ $9FF5
     9FF3             (./Engine/Constant):00040         glb_camera_x_pos              equ $9FF3 ; camera x position in palyfield coordinates
     9FF1             (./Engine/Constant):00041         glb_camera_y_pos              equ $9FF1 ; camera y position in palyfield coordinates
     9FEF             (./Engine/Constant):00042         glb_camera_x_min_pos          equ $9FEF
     9FED             (./Engine/Constant):00043         glb_camera_y_min_pos          equ $9FED
     9FEB             (./Engine/Constant):00044         glb_camera_x_max_pos          equ $9FEB
     9FE9             (./Engine/Constant):00045         glb_camera_y_max_pos          equ $9FE9
     9FE8             (./Engine/Constant):00046         glb_force_sprite_refresh      equ $9FE8
     9FE7             (./Engine/Constant):00047         glb_camera_move               equ $9FE7
     9FE6             (./Engine/Constant):00048         glb_alphaTiles                equ $9FE6
     9F00             (./Engine/Constant):00049         glb_tmp_var                   equ $9F00 ; custom tmp var space for routine
     9F00             (./Engine/Constant):00050         glb_system_stack              equ $9F00
                      (./Engine/Constant):00051         
                      (./Engine/Constant):00052         * ===========================================================================
                      (./Engine/Constant):00053         * Display Constants
                      (./Engine/Constant):00054         * ===========================================================================
                      (./Engine/Constant):00055         
     00A0             (./Engine/Constant):00056         screen_width                  equ 160    ; in pixel
     001C             (./Engine/Constant):00057         screen_top                    equ 28     ; in pixel
     00E3             (./Engine/Constant):00058         screen_bottom                 equ 28+199 ; in pixel
     0030             (./Engine/Constant):00059         screen_left                   equ 48     ; in pixel
     00CF             (./Engine/Constant):00060         screen_right                  equ 48+159 ; in pixel
     0008             (./Engine/Constant):00061         nb_priority_levels            equ 8      ; number of priority levels (need code change if modified)
                      (./Engine/Constant):00062         
                      (./Engine/Constant):00063         * ===========================================================================
                      (./Engine/Constant):00064         * Images Constants
                      (./Engine/Constant):00065         * ===========================================================================
                      (./Engine/Constant):00066         
     0004             (./Engine/Constant):00067         image_x_size                  equ 4
     0005             (./Engine/Constant):00068         image_y_size                  equ 5
     0006             (./Engine/Constant):00069         image_center_offset           equ 6
                      (./Engine/Constant):00070         
     0004             (./Engine/Constant):00071         image_subset_x1_offset        equ 4
     0005             (./Engine/Constant):00072         image_subset_y1_offset        equ 5
                      (./Engine/Constant):00073         
     0000             (./Engine/Constant):00074         page_draw_routine             equ 0
     0001             (./Engine/Constant):00075         draw_routine                  equ 1
     0003             (./Engine/Constant):00076         page_erase_routine            equ 3
     0004             (./Engine/Constant):00077         erase_routine                 equ 4
     0006             (./Engine/Constant):00078         erase_nb_cell                 equ 6
                      (./Engine/Constant):00079         
                      (./Engine/Constant):00080         * ===========================================================================
                      (./Engine/Constant):00081         * Sound Constants
                      (./Engine/Constant):00082         * ===========================================================================
                      (./Engine/Constant):00083         
     0000             (./Engine/Constant):00084         sound_page        equ 0
     0001             (./Engine/Constant):00085         sound_start_addr  equ 1
     0003             (./Engine/Constant):00086         sound_end_addr    equ 3
     0005             (./Engine/Constant):00087         sound_meta_size   equ 5
                      (./Engine/Constant):00088         
                      (./Engine/Constant):00089         * ===========================================================================
                      (./Engine/Constant):00090         * Object Constants
                      (./Engine/Constant):00091         * ===========================================================================
                      (./Engine/Constant):00092         
     005D             (./Engine/Constant):00093         object_core_size              equ 93  ; the size of an object without ext_vars - DEPENDENCY ClearObj routine
     ????             (./Engine/Constant):00094         object_size                   equ object_core_size+ext_variables_size ; the size of a dynamic object
     ????             (./Engine/Constant):00095         next_object                   equ object_size
     005D             (./Engine/Constant):00096         ext_variables                 equ object_core_size ; start of reserved space for additionnal variables
                      (./Engine/Constant):00097         
     0000             (./Engine/Constant):00098         id                            equ 0           ; reference to object model id (ObjID_) (0: free slot)
     0001             (./Engine/Constant):00099         subtype                       equ 1           ; reference to object subtype (Sub_)
     0002             (./Engine/Constant):00100         render_flags                  equ 2
                      (./Engine/Constant):00101         
                      (./Engine/Constant):00102         * --- render_flags bitfield variables ---
     0001             (./Engine/Constant):00103         render_xmirror_mask           equ $01 ; (bit 0) DEPENDENCY should be bit 0 - tell display engine to mirror sprite on horizontal axis
     0002             (./Engine/Constant):00104         render_ymirror_mask           equ $02 ; (bit 1) DEPENDENCY should be bit 1 - tell display engine to mirror sprite on vertical axis
     0004             (./Engine/Constant):00105         render_overlay_mask           equ $04 ; (bit 2) DEPENDENCY should be bit 2 - compilated sprite with no background save
     0008             (./Engine/Constant):00106         render_motionless_mask        equ $08 ; (bit 3) tell display engine to compute sub image and position check only once until the flag is removed  
     0010             (./Engine/Constant):00107         render_playfieldcoord_mask    equ $10 ; (bit 4) tell display engine to use playfield (1) or screen (0) coordinates
     0020             (./Engine/Constant):00108         render_hide_mask              equ $20 ; (bit 5) tell display engine to hide sprite (keep priority and mapping_frame)
     0040             (./Engine/Constant):00109         render_todelete_mask          equ $40 ; (bit 6) tell display engine to delete sprite and clear OST for this object
     0080             (./Engine/Constant):00110         render_xloop_mask             equ $80 ; (bit 7) (screen coordinate) tell display engine to hide sprite when x is out of screen (0) or to display (1)  
                      (./Engine/Constant):00111          
     0003             (./Engine/Constant):00112         priority                      equ 3           ; display priority (0: nothing to display, 1:front, ..., 8:back)
     0004             (./Engine/Constant):00113         anim                          equ 4  ; and 5  ; reference to current animation (Ani_)
     0006             (./Engine/Constant):00114         prev_anim                     equ 6  ; and 7  ; reference to previous animation (Ani_)
     0008             (./Engine/Constant):00115         anim_frame                    equ 8           ; index of current frame in animation
     0009             (./Engine/Constant):00116         anim_frame_duration           equ 9           ; number of frames for each image in animation, range: 00-7F (0-127), 0 means display only during one frame
     000A             (./Engine/Constant):00117         anim_flags                    equ 10          ; byte offset to reference an anim_flags LUT (adv) / store a link flag (non adv)
                      (./Engine/Constant):00118         
                      (./Engine/Constant):00119         * --- anim_flags bitfield variables ---
     0001             (./Engine/Constant):00120         anim_link_mask                equ $01 ; (bit 0) if set, allow the load of a new animation without reseting anim_frame and anim_frame_duration
                      (./Engine/Constant):00121         
     000B             (./Engine/Constant):00122         status_flags                  equ 11          ; orientation of sprite, is applied to animation xmirror flag during AnimateSprite
                      (./Engine/Constant):00123         
                      (./Engine/Constant):00124         * --- status_flags bitfield variables ---
     0001             (./Engine/Constant):00125         status_xflip_mask             equ $01 ; (bit 0) X Flip
     0002             (./Engine/Constant):00126         status_yflip_mask             equ $02 ; (bit 1) Y Flip
                      (./Engine/Constant):00127         
     000C             (./Engine/Constant):00128         image_set                     equ 12 ; and 13 ; reference to current image (Img_) (0000 if no image)
     000E             (./Engine/Constant):00129         x_pos                         equ 14 ; and 15 ; x playfield coordinate
     0010             (./Engine/Constant):00130         x_sub                         equ 16          ; x subpixel (1/256 of a pixel), must follow x_pos in data structure
     0011             (./Engine/Constant):00131         y_pos                         equ 17 ; and 18 ; y playfield coordinate
     0013             (./Engine/Constant):00132         y_sub                         equ 19          ; y subpixel (1/256 of a pixel), must follow y_pos in data structure
     0014             (./Engine/Constant):00133         xy_pixel                      equ 20          ; x and y screen coordinate
     0014             (./Engine/Constant):00134         x_pixel                       equ 20          ; x screen coordinate
     0015             (./Engine/Constant):00135         y_pixel                       equ 21          ; y screen coordinate, must follow x_pixel
                      (./Engine/Constant):00136         ;x_offset                      equ 93          ; x screen coordinate offset that is applied at rendering
                      (./Engine/Constant):00137         ;y_offset                      equ 94          ; x screen coordinate offset that is applied at rendering
     0016             (./Engine/Constant):00138         x_vel                         equ 22 ; and 23 ; horizontal velocity
     0018             (./Engine/Constant):00139         y_vel                         equ 24 ; and 25 ; vertical velocity
     001A             (./Engine/Constant):00140         x_acl                         equ 26 ; and 27 ; horizontal gravity
     001C             (./Engine/Constant):00141         y_acl                         equ 28 ; and 29 ; vertical gravity
     001E             (./Engine/Constant):00142         routine                       equ 30          ; index of current object routine
     001F             (./Engine/Constant):00143         routine_secondary             equ 31          ; index of current secondary routine
     0020             (./Engine/Constant):00144         routine_tertiary              equ 32          ; index of current tertiary routine
     0021             (./Engine/Constant):00145         routine_quaternary            equ 33          ; index of current quaternary routine
                      (./Engine/Constant):00146         
                      (./Engine/Constant):00147         * ---------------------------------------------------------------------------
                      (./Engine/Constant):00148         * reserved variables (update by engine)
                      (./Engine/Constant):00149         
     0022             (./Engine/Constant):00150         rsv_render_flags              equ 34
                      (./Engine/Constant):00151         
                      (./Engine/Constant):00152         * --- rsv_render_flags bitfield variables ---
     0001             (./Engine/Constant):00153         rsv_render_checkrefresh_mask  equ $01 ; (bit 0) if erasesprite and display sprite flag are processed for this frame
     0002             (./Engine/Constant):00154         rsv_render_erasesprite_mask   equ $02 ; (bit 1) if a sprite need to be cleared on screen
     0004             (./Engine/Constant):00155         rsv_render_displaysprite_mask equ $04 ; (bit 2) if a sprite need to be rendered on screen
     0008             (./Engine/Constant):00156         rsv_render_outofrange_mask    equ $08 ; (bit 3) if a sprite is out of range for full rendering in screen
     0080             (./Engine/Constant):00157         rsv_render_onscreen_mask      equ $80 ; (bit 7) DEPENDENCY should be bit 7 - has been rendered on last screen buffer (may be 0 or 1)
                      (./Engine/Constant):00158         
     0023             (./Engine/Constant):00159         rsv_prev_anim                 equ 35 ; and 36 ; reference to previous animation (Ani_) w * UTILE ?
     0025             (./Engine/Constant):00160         rsv_image_center_offset       equ 37 ; 0 or 1 offset that indicate if image center is even or odd (DRS_XYToAddress)
     0026             (./Engine/Constant):00161         rsv_image_subset              equ 38 ; and 39 ; reference to current image regarding mirror flags w
     0028             (./Engine/Constant):00162         rsv_mapping_frame             equ 40 ; and 41 ; reference to current image regarding mirror flags, overlay flag and x precision w
     002A             (./Engine/Constant):00163         rsv_erase_nb_cell             equ 42 ; b 
     002B             (./Engine/Constant):00164         rsv_page_draw_routine         equ 43 ; b
     002C             (./Engine/Constant):00165         rsv_draw_routine              equ 44 ; and 45 ; w
     002E             (./Engine/Constant):00166         rsv_page_erase_routine        equ 46 ; b
     002F             (./Engine/Constant):00167         rsv_erase_routine             equ 47 ; and 48 ; w 
     0031             (./Engine/Constant):00168         rsv_xy1_pixel                 equ 49 ;
     0031             (./Engine/Constant):00169         rsv_x1_pixel                  equ 49 ; x+x_offset-(x_size/2) screen coordinate
     0032             (./Engine/Constant):00170         rsv_y1_pixel                  equ 50 ; y+y_offset-(y_size/2) screen coordinate, must follow rsv_x1_pixel
     0033             (./Engine/Constant):00171         rsv_xy2_pixel                 equ 51 ;
     0033             (./Engine/Constant):00172         rsv_x2_pixel                  equ 51 ; x+x_offset+(x_size/2) screen coordinate
     0034             (./Engine/Constant):00173         rsv_y2_pixel                  equ 52 ; y+y_offset+(y_size/2) screen coordinate, must follow rsv_x2_pixel
                      (./Engine/Constant):00174         
                      (./Engine/Constant):00175         * ---------------------------------------------------------------------------
                      (./Engine/Constant):00176         * reserved variables (engine) - buffer specific
                      (./Engine/Constant):00177         
     0035             (./Engine/Constant):00178         rsv_buffer_0                  equ 53 ; Start index of buffer 0 variables
     0035             (./Engine/Constant):00179         rsv_priority_0                equ 53 ; internal value that hold priority in video buffer 0
     0036             (./Engine/Constant):00180         rsv_priority_prev_obj_0       equ 54 ; and 55 ; previous object (OST address) in display priority list for video buffer 0 (0000 if none) w
     0038             (./Engine/Constant):00181         rsv_priority_next_obj_0       equ 56 ; and 57 ; next object (OST address) in display priority list for video buffer 0 (0000 if none) w
     003A             (./Engine/Constant):00182         rsv_prev_mapping_frame_0      equ 58 ; and 59 ; reference to previous image in video buffer 0 w
     003C             (./Engine/Constant):00183         rsv_prev_erase_nb_cell_0      equ 60 : b
     003D             (./Engine/Constant):00184         rsv_prev_page_erase_routine_0 equ 61 ; b
     003E             (./Engine/Constant):00185         rsv_prev_erase_routine_0      equ 62 ; and 63 ; w
     0040             (./Engine/Constant):00186         rsv_bgdata_0                  equ 64 ; and 65 ; address of background data in screen 0 w
     0042             (./Engine/Constant):00187         rsv_prev_xy_pixel_0           equ 66 ;
     0042             (./Engine/Constant):00188         rsv_prev_x_pixel_0            equ 66 ; previous x screen coordinate b
     0043             (./Engine/Constant):00189         rsv_prev_y_pixel_0            equ 67 ; previous y screen coordinate b, must follow x_pixel
     0044             (./Engine/Constant):00190         rsv_prev_xy1_pixel_0          equ 68 ;
     0044             (./Engine/Constant):00191         rsv_prev_x1_pixel_0           equ 68 ; previous x+x_offset-(x_size/2) screen coordinate b
     0045             (./Engine/Constant):00192         rsv_prev_y1_pixel_0           equ 69 ; previous y+y_offset-(y_size/2) screen coordinate b, must follow x1_pixel
     0046             (./Engine/Constant):00193         rsv_prev_xy2_pixel_0          equ 70 ;
     0046             (./Engine/Constant):00194         rsv_prev_x2_pixel_0           equ 70 ; previous x+x_offset+(x_size/2) screen coordinate b
     0047             (./Engine/Constant):00195         rsv_prev_y2_pixel_0           equ 71 ; previous y+y_offset+(y_size/2) screen coordinate b, must follow x2_pixel
     0048             (./Engine/Constant):00196         rsv_prev_render_flags_0       equ 72 ;
                      (./Engine/Constant):00197         * --- rsv_prev_render_flags_0 bitfield variables ---
     0001             (./Engine/Constant):00198         rsv_prev_render_overlay_mask  equ $01 ; (bit 0) if a sprite has been rendered with compilated sprite and no background save on screen buffer 0/1
     0080             (./Engine/Constant):00199         rsv_prev_render_onscreen_mask equ $80 ; (bit 7) DEPENDENCY should be bit 7 - has been rendered on screen buffer 0/1
                      (./Engine/Constant):00200         
     0049             (./Engine/Constant):00201         rsv_buffer_1                  equ 73 ; Start index of buffer 1 variables
     0049             (./Engine/Constant):00202         rsv_priority_1                equ 73 ; internal value that hold priority in video buffer 1
     004A             (./Engine/Constant):00203         rsv_priority_prev_obj_1       equ 74 ; and 75 ; previous object (OST address) in display priority list for video buffer 1 (0000 if none) w
     004C             (./Engine/Constant):00204         rsv_priority_next_obj_1       equ 76 ; and 77 ; next object (OST address) in display priority list for video buffer 1 (0000 if none) w
     004E             (./Engine/Constant):00205         rsv_prev_mapping_frame_1      equ 78 ; and 79 ; reference to previous image in video buffer 1 w
     0050             (./Engine/Constant):00206         rsv_prev_erase_nb_cell_1      equ 80 ; b
     0051             (./Engine/Constant):00207         rsv_prev_page_erase_routine_1 equ 81 ; b
     0052             (./Engine/Constant):00208         rsv_prev_erase_routine_1      equ 82 ; and 83 ; w
     0054             (./Engine/Constant):00209         rsv_bgdata_1                  equ 84 ; and 85 ; address of background data in screen 1 w
     0056             (./Engine/Constant):00210         rsv_prev_xy_pixel_1           equ 86 ;
     0056             (./Engine/Constant):00211         rsv_prev_x_pixel_1            equ 86 ; previous x screen coordinate b
     0057             (./Engine/Constant):00212         rsv_prev_y_pixel_1            equ 87 ; previous y screen coordinate b, must follow x_pixel
     0058             (./Engine/Constant):00213         rsv_prev_xy1_pixel_1          equ 88 ;
     0058             (./Engine/Constant):00214         rsv_prev_x1_pixel_1           equ 88 ; previous x+x_size screen coordinate b
     0059             (./Engine/Constant):00215         rsv_prev_y1_pixel_1           equ 89 ; previous y+y_size screen coordinate b, must follow x_pixel
     005A             (./Engine/Constant):00216         rsv_prev_xy2_pixel_1          equ 90 ;
     005A             (./Engine/Constant):00217         rsv_prev_x2_pixel_1           equ 90 ; previous x+x_size screen coordinate b
     005B             (./Engine/Constant):00218         rsv_prev_y2_pixel_1           equ 91 ; previous y+y_size screen coordinate b, must follow x_pixel
     005C             (./Engine/Constant):00219         rsv_prev_render_flags_1       equ 92 ;
                      (./Engine/Constant):00220         
     0000             (./Engine/Constant):00221         buf_priority                  equ 0  ; offset for each rsv_buffer variables
     0001             (./Engine/Constant):00222         buf_priority_prev_obj         equ 1  ;
     0003             (./Engine/Constant):00223         buf_priority_next_obj         equ 3  ;
     0005             (./Engine/Constant):00224         buf_prev_mapping_frame        equ 5  ;
     0007             (./Engine/Constant):00225         buf_erase_nb_cell             equ 7  ;
     0008             (./Engine/Constant):00226         buf_page_erase_routine        equ 8 ;
     0009             (./Engine/Constant):00227         buf_erase_routine             equ 9 ;
     000B             (./Engine/Constant):00228         buf_bgdata                    equ 11 ;
     000D             (./Engine/Constant):00229         buf_prev_xy_pixel             equ 13 ;
     000D             (./Engine/Constant):00230         buf_prev_x_pixel              equ 13 ;
     000E             (./Engine/Constant):00231         buf_prev_y_pixel              equ 14 ;
     000F             (./Engine/Constant):00232         buf_prev_xy1_pixel            equ 15 ;
     000F             (./Engine/Constant):00233         buf_prev_x1_pixel             equ 15 ;
     0010             (./Engine/Constant):00234         buf_prev_y1_pixel             equ 16 ;
     0011             (./Engine/Constant):00235         buf_prev_xy2_pixel            equ 17 ;
     0011             (./Engine/Constant):00236         buf_prev_x2_pixel             equ 17 ;
     0012             (./Engine/Constant):00237         buf_prev_y2_pixel             equ 18 ;
     0013             (./Engine/Constant):00238         buf_prev_render_flags         equ 19 ;
                      (./generated-code/):00002                 ORG $A000
     FF               (./generated-code/):00003                 SETDP $FF
                      (./generated-code/):00004                 OPT C,CT
A000                  (./generated-code/):00005                 ERASE_Img_sonic_006_0
A000 10FF9FFE         (./generated-code/):00006 [7]     7               STS glb_register_s
                      (./generated-code/):00007                 
A004 32C4             (./generated-code/):00008 [4]     11              LEAS ,U
A006                  (./generated-code/):00009                 ERASE_CODE_Img_sonic_006_0
A006 3546             (./generated-code/):00010 [9]     20              PULS A,B,U
A008 A7C829           (./generated-code/):00011 [5]     25              STA 41,U
A00B E741             (./generated-code/):00012 [5]     30              STB 1,U
                      (./generated-code/):00013                 
A00D 3532             (./generated-code/):00014 [10]    40              PULS A,X,Y
A00F A7C8D9           (./generated-code/):00015 [5]     45              STA -39,U
A012 AFC827           (./generated-code/):00016 [6]     51              STX 39,U
A015 10AF5F           (./generated-code/):00017 [7]     58              STY -1,U
                      (./generated-code/):00018                 
A018 3506             (./generated-code/):00019 [7]     65              PULS D
A01A EDC8D7           (./generated-code/):00020 [6]     71              STD -41,U
                      (./generated-code/):00021                 
A01D 3542             (./generated-code/):00022 [8]     79              PULS A,U
A01F A7C827           (./generated-code/):00023 [5]     84              STA 39,U
                      (./generated-code/):00024                 
A022 3506             (./generated-code/):00025 [7]     91              PULS A,B
A024 A7C8D7           (./generated-code/):00026 [5]     96              STA -41,U
A027 E7C8AF           (./generated-code/):00027 [5]     101             STB -81,U
                      (./generated-code/):00028                 
A02A 3536             (./generated-code/):00029 [11]    112             PULS A,B,X,Y
A02C A7C878           (./generated-code/):00030 [5]     117             STA 120,U
A02F E7C887           (./generated-code/):00031 [5]     122             STB -121,U
A032 AFC876           (./generated-code/):00032 [6]     128             STX 118,U
A035 10AFC84F         (./generated-code/):00033 [7]     135             STY 79,U
                      (./generated-code/):00034                 
A039 3546             (./generated-code/):00035 [9]     144             PULS D,U
A03B EDC850           (./generated-code/):00036 [6]     150             STD 80,U
                      (./generated-code/):00037                 
A03E 3536             (./generated-code/):00038 [11]    161             PULS D,X,Y
A040 EDC878           (./generated-code/):00039 [6]     167             STD 120,U
A043 AFC8D8           (./generated-code/):00040 [6]     173             STX -40,U
A046 10AFC828         (./generated-code/):00041 [7]     180             STY 40,U
                      (./generated-code/):00042                 
A04A 3536             (./generated-code/):00043 [11]    191             PULS D,X,Y
A04C EDC888           (./generated-code/):00044 [6]     197             STD -120,U
A04F AFC8B0           (./generated-code/):00045 [6]     203             STX -80,U
A052 10AFC4           (./generated-code/):00046 [6]     209             STY ,U
                      (./generated-code/):00047                 
A055 3576             (./generated-code/):00048 [13]    222             PULS D,X,Y,U
A057 EDC8D8           (./generated-code/):00049 [6]     228             STD -40,U
A05A AFC4             (./generated-code/):00050 [5]     233             STX ,U
A05C 10AFC8B0         (./generated-code/):00051 [7]     240             STY -80,U
                      (./generated-code/):00052                 
A060 3516             (./generated-code/):00053 [9]     249             PULS D,X
A062 EDC878           (./generated-code/):00054 [6]     255             STD 120,U
A065 AFC828           (./generated-code/):00055 [6]     261             STX 40,U
                      (./generated-code/):00056                 
A068 3536             (./generated-code/):00057 [11]    272             PULS A,B,X,Y
A06A A7C8B2           (./generated-code/):00058 [5]     277             STA -78,U
A06D E7C88A           (./generated-code/):00059 [5]     282             STB -118,U
A070 AFC850           (./generated-code/):00060 [6]     288             STX 80,U
A073 10AFC888         (./generated-code/):00061 [7]     295             STY -120,U
                      (./generated-code/):00062                 
A077 3576             (./generated-code/):00063 [13]    308             PULS D,X,Y,U
A079 EDC887           (./generated-code/):00064 [6]     314             STD -121,U
A07C AF5F             (./generated-code/):00065 [6]     320             STX -1,U
A07E 10AFC8AF         (./generated-code/):00066 [7]     327             STY -81,U
                      (./generated-code/):00067                 
A082 3536             (./generated-code/):00068 [11]    338             PULS D,X,Y
A084 EDC84F           (./generated-code/):00069 [6]     344             STD 79,U
A087 AFC8D7           (./generated-code/):00070 [6]     350             STX -41,U
A08A 10AFC877         (./generated-code/):00071 [7]     357             STY 119,U
                      (./generated-code/):00072                 
A08E 3506             (./generated-code/):00073 [7]     364             PULS A,B
A090 A7C879           (./generated-code/):00074 [5]     369             STA 121,U
A093 E7C851           (./generated-code/):00075 [5]     374             STB 81,U
                      (./generated-code/):00076                 
A096 3506             (./generated-code/):00077 [7]     381             PULS A,B
A098 A7C829           (./generated-code/):00078 [5]     386             STA 41,U
A09B E741             (./generated-code/):00079 [5]     391             STB 1,U
                      (./generated-code/):00080                 
A09D 3506             (./generated-code/):00081 [7]     398             PULS A,B
A09F A7C8D9           (./generated-code/):00082 [5]     403             STA -39,U
A0A2 E7C8B1           (./generated-code/):00083 [5]     408             STB -79,U
                      (./generated-code/):00084                 
A0A5 3512             (./generated-code/):00085 [8]     416             PULS A,X
A0A7 A7C889           (./generated-code/):00086 [5]     421             STA -119,U
A0AA AFC827           (./generated-code/):00087 [6]     427             STX 39,U
                      (./generated-code/):00088                 
A0AD 3546             (./generated-code/):00089 [9]     436             PULS D,U
A0AF EDC877           (./generated-code/):00090 [6]     442             STD 119,U
                      (./generated-code/):00091                 
A0B2 3536             (./generated-code/):00092 [11]    453             PULS D,X,Y
A0B4 EDC84F           (./generated-code/):00093 [6]     459             STD 79,U
A0B7 AFC827           (./generated-code/):00094 [6]     465             STX 39,U
A0BA 10AFC8D7         (./generated-code/):00095 [7]     472             STY -41,U
                      (./generated-code/):00096                 
A0BE 3506             (./generated-code/):00097 [7]     479             PULS D
A0C0 ED5F             (./generated-code/):00098 [6]     485             STD -1,U
                      (./generated-code/):00099                 
A0C2 3506             (./generated-code/):00100 [7]     492             PULS A,B
A0C4 A7C879           (./generated-code/):00101 [5]     497             STA 121,U
A0C7 E7C851           (./generated-code/):00102 [5]     502             STB 81,U
                      (./generated-code/):00103                 
A0CA 3506             (./generated-code/):00104 [7]     509             PULS A,B
A0CC A7C829           (./generated-code/):00105 [5]     514             STA 41,U
A0CF E741             (./generated-code/):00106 [5]     519             STB 1,U
                      (./generated-code/):00107                 
A0D1 3516             (./generated-code/):00108 [9]     528             PULS A,B,X
A0D3 A7C8D9           (./generated-code/):00109 [5]     533             STA -39,U
A0D6 E7C887           (./generated-code/):00110 [5]     538             STB -121,U
A0D9 AFC8AF           (./generated-code/):00111 [6]     544             STX -81,U
                      (./generated-code/):00112                 
A0DC 3552             (./generated-code/):00113 [10]    554             PULS A,X,U
A0DE 3612             (./generated-code/):00114 [8]     562             PSHU A,X
                      (./generated-code/):00115                 
A0E0 3552             (./generated-code/):00116 [10]    572             PULS A,X,U
A0E2 3612             (./generated-code/):00117 [8]     580             PSHU A,X
                      (./generated-code/):00118                 
A0E4 3506             (./generated-code/):00119 [7]     587             PULS D
A0E6 EDC8D8           (./generated-code/):00120 [6]     593             STD -40,U
                      (./generated-code/):00121                 
A0E9 3532             (./generated-code/):00122 [10]    603             PULS A,X,Y
A0EB A7C8DA           (./generated-code/):00123 [5]     608             STA -38,U
A0EE AFC888           (./generated-code/):00124 [6]     614             STX -120,U
A0F1 10AFC8B0         (./generated-code/):00125 [7]     621             STY -80,U
                      (./generated-code/):00126                 
A0F5 3556             (./generated-code/):00127 [11]    632             PULS D,X,U
A0F7 EDC814           (./generated-code/):00128 [6]     638             STD 20,U
A0FA AFC83C           (./generated-code/):00129 [6]     644             STX 60,U
                      (./generated-code/):00130                 
A0FD 3512             (./generated-code/):00131 [8]     652             PULS A,X
A0FF A7C8C4           (./generated-code/):00132 [5]     657             STA -60,U
A102 AFC8EC           (./generated-code/):00133 [6]     663             STX -20,U
                      (./generated-code/):00134                 
A105 3542             (./generated-code/):00135 [8]     671             PULS A,U
A107 A7C878           (./generated-code/):00136 [5]     676             STA 120,U
                      (./generated-code/):00137                 
A10A 3506             (./generated-code/):00138 [7]     683             PULS A,B
A10C A7C850           (./generated-code/):00139 [5]     688             STA 80,U
A10F E7C8D9           (./generated-code/):00140 [5]     693             STB -39,U
                      (./generated-code/):00141                 
A112 3512             (./generated-code/):00142 [8]     701             PULS A,X
A114 A7C8B1           (./generated-code/):00143 [5]     706             STA -79,U
A117 AFC827           (./generated-code/):00144 [6]     712             STX 39,U
                      (./generated-code/):00145                 
A11A 3532             (./generated-code/):00146 [10]    722             PULS A,X,Y
A11C A7C889           (./generated-code/):00147 [5]     727             STA -119,U
A11F AF5F             (./generated-code/):00148 [6]     733             STX -1,U
A121 10AFC8D7         (./generated-code/):00149 [7]     740             STY -41,U
                      (./generated-code/):00150                 
A125 3516             (./generated-code/):00151 [9]     749             PULS D,X
A127 EDC8AF           (./generated-code/):00152 [6]     755             STD -81,U
A12A AFC887           (./generated-code/):00153 [6]     761             STX -121,U
                      (./generated-code/):00154                 
A12D 3546             (./generated-code/):00155 [9]     770             PULS A,B,U
A12F A7C878           (./generated-code/):00156 [5]     775             STA 120,U
A132 E7C828           (./generated-code/):00157 [5]     780             STB 40,U
                      (./generated-code/):00158                 
A135 3536             (./generated-code/):00159 [11]    791             PULS D,X,Y
A137 EDC8AF           (./generated-code/):00160 [6]     797             STD -81,U
A13A AFC876           (./generated-code/):00161 [6]     803             STX 118,U
A13D 10AFC826         (./generated-code/):00162 [7]     810             STY 38,U
                      (./generated-code/):00163                 
A141 3516             (./generated-code/):00164 [9]     819             PULS D,X
A143 ED5E             (./generated-code/):00165 [6]     825             STD -2,U
A145 AFC8D6           (./generated-code/):00166 [6]     831             STX -42,U
                      (./generated-code/):00167                 
A148 3536             (./generated-code/):00168 [11]    842             PULS A,B,X,Y
A14A A7C4             (./generated-code/):00169 [4]     846             STA ,U
A14C E7C8D8           (./generated-code/):00170 [5]     851             STB -40,U
A14F AFC887           (./generated-code/):00171 [6]     857             STX -121,U
A152 10AFC84F         (./generated-code/):00172 [7]     864             STY 79,U
                      (./generated-code/):00173                 
A156 3552             (./generated-code/):00174 [10]    874             PULS A,X,U
A158 3612             (./generated-code/):00175 [8]     882             PSHU A,X
                      (./generated-code/):00176                 
A15A 3536             (./generated-code/):00177 [11]    893             PULS D,X,Y
A15C EDC879           (./generated-code/):00178 [6]     899             STD 121,U
A15F AFC829           (./generated-code/):00179 [6]     905             STX 41,U
A162 10AFC851         (./generated-code/):00180 [7]     912             STY 81,U
                      (./generated-code/):00181                 
A166 3556             (./generated-code/):00182 [11]    923             PULS A,B,X,U
A168 3614             (./generated-code/):00183 [8]     931             PSHU B,X
A16A A7C8DA           (./generated-code/):00184 [5]     936             STA -38,U
                      (./generated-code/):00185                 
A16D 3532             (./generated-code/):00186 [10]    946             PULS A,X,Y
A16F A7C8B2           (./generated-code/):00187 [5]     951             STA -78,U
A172 AFC889           (./generated-code/):00188 [6]     957             STX -119,U
A175 10AFC8D8         (./generated-code/):00189 [7]     964             STY -40,U
                      (./generated-code/):00190                 
A179 3506             (./generated-code/):00191 [7]     971             PULS D
A17B EDC8B0           (./generated-code/):00192 [6]     977             STD -80,U
                      (./generated-code/):00193                 
A17E 3572             (./generated-code/):00194 [12]    989             PULS A,X,Y,U
A180 A7C888           (./generated-code/):00195 [5]     994             STA -120,U
A183 AFC850           (./generated-code/):00196 [6]     1000            STX 80,U
A186 10AFC828         (./generated-code/):00197 [7]     1007            STY 40,U
                      (./generated-code/):00198                 
A18A 3516             (./generated-code/):00199 [9]     1016            PULS D,X
A18C ED5F             (./generated-code/):00200 [6]     1022            STD -1,U
A18E AFC8D8           (./generated-code/):00201 [6]     1028            STX -40,U
                      (./generated-code/):00202                 
A191 3516             (./generated-code/):00203 [9]     1037            PULS A,B,X
A193 A741             (./generated-code/):00204 [5]     1042            STA 1,U
A195 E7C8B0           (./generated-code/):00205 [5]     1047            STB -80,U
A198 AFC878           (./generated-code/):00206 [6]     1053            STX 120,U
                      (./generated-code/):00207                 
A19B 33E4             (./generated-code/):00208 [4]     1057            LEAU ,S
A19D 10FE9FFE         (./generated-code/):00209 [7]     1064            LDS glb_register_s
A1A1 39               (./generated-code/):00210 [5]     1069            RTS
                      (./generated-code/):00211                 
     00C9             (./generated-code/):00212                 DataSize equ $00C9
