                      (./generated-code/):00001                 INCLUDE "./Engine/Constants.asm"
                      (./Engine/Constant):00001         * ---------------------------------------------------------------------------
                      (./Engine/Constant):00002         * Constants
                      (./Engine/Constant):00003         *
                      (./Engine/Constant):00004         * Naming convention
                      (./Engine/Constant):00005         * -----------------
                      (./Engine/Constant):00006         * - lower case
                      (./Engine/Constant):00007         * - underscore-separated names
                      (./Engine/Constant):00008         *
                      (./Engine/Constant):00009         * ---------------------------------------------------------------------------
                      (./Engine/Constant):00010         
                      (./Engine/Constant):00011         * ===========================================================================
                      (./Engine/Constant):00012         * TO8 Registers
                      (./Engine/Constant):00013         * ===========================================================================
                      (./Engine/Constant):00014         
                      (./Engine/Constant):00015         ; Disk routine registers (ROM)
                      (./Engine/Constant):00016         
     6049             (./Engine/Constant):00017         dk_drive                      equ $6049
     604A             (./Engine/Constant):00018         dk_track                      equ $604A
     604B             (./Engine/Constant):00019         dk_track_lsb                  equ $604B
     604C             (./Engine/Constant):00020         dk_sector                     equ $604C
     604F             (./Engine/Constant):00021         dk_write_location             equ $604F
                      (./Engine/Constant):00022         
                      (./Engine/Constant):00023         * ===========================================================================
                      (./Engine/Constant):00024         * Globals
                      (./Engine/Constant):00025         * ===========================================================================
                      (./Engine/Constant):00026         
     009F             (./Engine/Constant):00027         glb_direct_page               equ $9F    ; direct page for globals
                      (./Engine/Constant):00028         
                      (./Engine/Constant):00029         ; compilated sprite
     9FFE             (./Engine/Constant):00030         glb_register_s                equ $9FFE  ; reverved space to store S from ROM routines
                      (./Engine/Constant):00031         
                      (./Engine/Constant):00032         ; DrawSprites
     9FFC             (./Engine/Constant):00033         glb_screen_location_1         equ $9FFC  ; start address for rendering of current sprite Part1     
     9FFA             (./Engine/Constant):00034         glb_screen_location_2         equ $9FFA  ; start address for rendering of current sprite Part2 (Must follow Part1)
                      (./Engine/Constant):00035         
                      (./Engine/Constant):00036         ; CheckSpritesRefresh
     9FF9             (./Engine/Constant):00037         glb_cur_priority              equ $9FF9
     9FF7             (./Engine/Constant):00038         glb_cur_ptr_sub_obj_erase     equ $9FF7
     9FF5             (./Engine/Constant):00039         glb_cur_ptr_sub_obj_draw      equ $9FF5
     9FF3             (./Engine/Constant):00040         glb_camera_x_pos              equ $9FF3 ; camera x position in palyfield coordinates
     9FF1             (./Engine/Constant):00041         glb_camera_y_pos              equ $9FF1 ; camera y position in palyfield coordinates
     9FEF             (./Engine/Constant):00042         glb_camera_x_min_pos          equ $9FEF
     9FED             (./Engine/Constant):00043         glb_camera_y_min_pos          equ $9FED
     9FEB             (./Engine/Constant):00044         glb_camera_x_max_pos          equ $9FEB
     9FE9             (./Engine/Constant):00045         glb_camera_y_max_pos          equ $9FE9
     9FE8             (./Engine/Constant):00046         glb_force_sprite_refresh      equ $9FE8
     9FE7             (./Engine/Constant):00047         glb_camera_move               equ $9FE7
     9FE6             (./Engine/Constant):00048         glb_alphaTiles                equ $9FE6
     9F00             (./Engine/Constant):00049         glb_tmp_var                   equ $9F00 ; custom tmp var space for routine
     9F00             (./Engine/Constant):00050         glb_system_stack              equ $9F00
                      (./Engine/Constant):00051         
                      (./Engine/Constant):00052         * ===========================================================================
                      (./Engine/Constant):00053         * Display Constants
                      (./Engine/Constant):00054         * ===========================================================================
                      (./Engine/Constant):00055         
     00A0             (./Engine/Constant):00056         screen_width                  equ 160    ; in pixel
     001C             (./Engine/Constant):00057         screen_top                    equ 28     ; in pixel
     00E3             (./Engine/Constant):00058         screen_bottom                 equ 28+199 ; in pixel
     0030             (./Engine/Constant):00059         screen_left                   equ 48     ; in pixel
     00CF             (./Engine/Constant):00060         screen_right                  equ 48+159 ; in pixel
     0008             (./Engine/Constant):00061         nb_priority_levels            equ 8      ; number of priority levels (need code change if modified)
                      (./Engine/Constant):00062         
                      (./Engine/Constant):00063         * ===========================================================================
                      (./Engine/Constant):00064         * Images Constants
                      (./Engine/Constant):00065         * ===========================================================================
                      (./Engine/Constant):00066         
     0004             (./Engine/Constant):00067         image_x_size                  equ 4
     0005             (./Engine/Constant):00068         image_y_size                  equ 5
     0006             (./Engine/Constant):00069         image_center_offset           equ 6
                      (./Engine/Constant):00070         
     0004             (./Engine/Constant):00071         image_subset_x1_offset        equ 4
     0005             (./Engine/Constant):00072         image_subset_y1_offset        equ 5
                      (./Engine/Constant):00073         
     0000             (./Engine/Constant):00074         page_draw_routine             equ 0
     0001             (./Engine/Constant):00075         draw_routine                  equ 1
     0003             (./Engine/Constant):00076         page_erase_routine            equ 3
     0004             (./Engine/Constant):00077         erase_routine                 equ 4
     0006             (./Engine/Constant):00078         erase_nb_cell                 equ 6
                      (./Engine/Constant):00079         
                      (./Engine/Constant):00080         * ===========================================================================
                      (./Engine/Constant):00081         * Sound Constants
                      (./Engine/Constant):00082         * ===========================================================================
                      (./Engine/Constant):00083         
     0000             (./Engine/Constant):00084         sound_page        equ 0
     0001             (./Engine/Constant):00085         sound_start_addr  equ 1
     0003             (./Engine/Constant):00086         sound_end_addr    equ 3
     0005             (./Engine/Constant):00087         sound_meta_size   equ 5
                      (./Engine/Constant):00088         
                      (./Engine/Constant):00089         * ===========================================================================
                      (./Engine/Constant):00090         * Object Constants
                      (./Engine/Constant):00091         * ===========================================================================
                      (./Engine/Constant):00092         
     005D             (./Engine/Constant):00093         object_core_size              equ 93  ; the size of an object without ext_vars - DEPENDENCY ClearObj routine
     ????             (./Engine/Constant):00094         object_size                   equ object_core_size+ext_variables_size ; the size of a dynamic object
     ????             (./Engine/Constant):00095         next_object                   equ object_size
     005D             (./Engine/Constant):00096         ext_variables                 equ object_core_size ; start of reserved space for additionnal variables
                      (./Engine/Constant):00097         
     0000             (./Engine/Constant):00098         id                            equ 0           ; reference to object model id (ObjID_) (0: free slot)
     0001             (./Engine/Constant):00099         subtype                       equ 1           ; reference to object subtype (Sub_)
     0002             (./Engine/Constant):00100         render_flags                  equ 2
                      (./Engine/Constant):00101         
                      (./Engine/Constant):00102         * --- render_flags bitfield variables ---
     0001             (./Engine/Constant):00103         render_xmirror_mask           equ $01 ; (bit 0) DEPENDENCY should be bit 0 - tell display engine to mirror sprite on horizontal axis
     0002             (./Engine/Constant):00104         render_ymirror_mask           equ $02 ; (bit 1) DEPENDENCY should be bit 1 - tell display engine to mirror sprite on vertical axis
     0004             (./Engine/Constant):00105         render_overlay_mask           equ $04 ; (bit 2) DEPENDENCY should be bit 2 - compilated sprite with no background save
     0008             (./Engine/Constant):00106         render_motionless_mask        equ $08 ; (bit 3) tell display engine to compute sub image and position check only once until the flag is removed  
     0010             (./Engine/Constant):00107         render_playfieldcoord_mask    equ $10 ; (bit 4) tell display engine to use playfield (1) or screen (0) coordinates
     0020             (./Engine/Constant):00108         render_hide_mask              equ $20 ; (bit 5) tell display engine to hide sprite (keep priority and mapping_frame)
     0040             (./Engine/Constant):00109         render_todelete_mask          equ $40 ; (bit 6) tell display engine to delete sprite and clear OST for this object
     0080             (./Engine/Constant):00110         render_xloop_mask             equ $80 ; (bit 7) (screen coordinate) tell display engine to hide sprite when x is out of screen (0) or to display (1)  
                      (./Engine/Constant):00111          
     0003             (./Engine/Constant):00112         priority                      equ 3           ; display priority (0: nothing to display, 1:front, ..., 8:back)
     0004             (./Engine/Constant):00113         anim                          equ 4  ; and 5  ; reference to current animation (Ani_)
     0006             (./Engine/Constant):00114         prev_anim                     equ 6  ; and 7  ; reference to previous animation (Ani_)
     0008             (./Engine/Constant):00115         anim_frame                    equ 8           ; index of current frame in animation
     0009             (./Engine/Constant):00116         anim_frame_duration           equ 9           ; number of frames for each image in animation, range: 00-7F (0-127), 0 means display only during one frame
     000A             (./Engine/Constant):00117         anim_flags                    equ 10          ; byte offset to reference an anim_flags LUT (adv) / store a link flag (non adv)
                      (./Engine/Constant):00118         
                      (./Engine/Constant):00119         * --- anim_flags bitfield variables ---
     0001             (./Engine/Constant):00120         anim_link_mask                equ $01 ; (bit 0) if set, allow the load of a new animation without reseting anim_frame and anim_frame_duration
                      (./Engine/Constant):00121         
     000B             (./Engine/Constant):00122         status_flags                  equ 11          ; orientation of sprite, is applied to animation xmirror flag during AnimateSprite
                      (./Engine/Constant):00123         
                      (./Engine/Constant):00124         * --- status_flags bitfield variables ---
     0001             (./Engine/Constant):00125         status_xflip_mask             equ $01 ; (bit 0) X Flip
     0002             (./Engine/Constant):00126         status_yflip_mask             equ $02 ; (bit 1) Y Flip
                      (./Engine/Constant):00127         
     000C             (./Engine/Constant):00128         image_set                     equ 12 ; and 13 ; reference to current image (Img_) (0000 if no image)
     000E             (./Engine/Constant):00129         x_pos                         equ 14 ; and 15 ; x playfield coordinate
     0010             (./Engine/Constant):00130         x_sub                         equ 16          ; x subpixel (1/256 of a pixel), must follow x_pos in data structure
     0011             (./Engine/Constant):00131         y_pos                         equ 17 ; and 18 ; y playfield coordinate
     0013             (./Engine/Constant):00132         y_sub                         equ 19          ; y subpixel (1/256 of a pixel), must follow y_pos in data structure
     0014             (./Engine/Constant):00133         xy_pixel                      equ 20          ; x and y screen coordinate
     0014             (./Engine/Constant):00134         x_pixel                       equ 20          ; x screen coordinate
     0015             (./Engine/Constant):00135         y_pixel                       equ 21          ; y screen coordinate, must follow x_pixel
                      (./Engine/Constant):00136         ;x_offset                      equ 93          ; x screen coordinate offset that is applied at rendering
                      (./Engine/Constant):00137         ;y_offset                      equ 94          ; x screen coordinate offset that is applied at rendering
     0016             (./Engine/Constant):00138         x_vel                         equ 22 ; and 23 ; horizontal velocity
     0018             (./Engine/Constant):00139         y_vel                         equ 24 ; and 25 ; vertical velocity
     001A             (./Engine/Constant):00140         x_acl                         equ 26 ; and 27 ; horizontal gravity
     001C             (./Engine/Constant):00141         y_acl                         equ 28 ; and 29 ; vertical gravity
     001E             (./Engine/Constant):00142         routine                       equ 30          ; index of current object routine
     001F             (./Engine/Constant):00143         routine_secondary             equ 31          ; index of current secondary routine
     0020             (./Engine/Constant):00144         routine_tertiary              equ 32          ; index of current tertiary routine
     0021             (./Engine/Constant):00145         routine_quaternary            equ 33          ; index of current quaternary routine
                      (./Engine/Constant):00146         
                      (./Engine/Constant):00147         * ---------------------------------------------------------------------------
                      (./Engine/Constant):00148         * reserved variables (update by engine)
                      (./Engine/Constant):00149         
     0022             (./Engine/Constant):00150         rsv_render_flags              equ 34
                      (./Engine/Constant):00151         
                      (./Engine/Constant):00152         * --- rsv_render_flags bitfield variables ---
     0001             (./Engine/Constant):00153         rsv_render_checkrefresh_mask  equ $01 ; (bit 0) if erasesprite and display sprite flag are processed for this frame
     0002             (./Engine/Constant):00154         rsv_render_erasesprite_mask   equ $02 ; (bit 1) if a sprite need to be cleared on screen
     0004             (./Engine/Constant):00155         rsv_render_displaysprite_mask equ $04 ; (bit 2) if a sprite need to be rendered on screen
     0008             (./Engine/Constant):00156         rsv_render_outofrange_mask    equ $08 ; (bit 3) if a sprite is out of range for full rendering in screen
     0080             (./Engine/Constant):00157         rsv_render_onscreen_mask      equ $80 ; (bit 7) DEPENDENCY should be bit 7 - has been rendered on last screen buffer (may be 0 or 1)
                      (./Engine/Constant):00158         
     0023             (./Engine/Constant):00159         rsv_prev_anim                 equ 35 ; and 36 ; reference to previous animation (Ani_) w * UTILE ?
     0025             (./Engine/Constant):00160         rsv_image_center_offset       equ 37 ; 0 or 1 offset that indicate if image center is even or odd (DRS_XYToAddress)
     0026             (./Engine/Constant):00161         rsv_image_subset              equ 38 ; and 39 ; reference to current image regarding mirror flags w
     0028             (./Engine/Constant):00162         rsv_mapping_frame             equ 40 ; and 41 ; reference to current image regarding mirror flags, overlay flag and x precision w
     002A             (./Engine/Constant):00163         rsv_erase_nb_cell             equ 42 ; b 
     002B             (./Engine/Constant):00164         rsv_page_draw_routine         equ 43 ; b
     002C             (./Engine/Constant):00165         rsv_draw_routine              equ 44 ; and 45 ; w
     002E             (./Engine/Constant):00166         rsv_page_erase_routine        equ 46 ; b
     002F             (./Engine/Constant):00167         rsv_erase_routine             equ 47 ; and 48 ; w 
     0031             (./Engine/Constant):00168         rsv_xy1_pixel                 equ 49 ;
     0031             (./Engine/Constant):00169         rsv_x1_pixel                  equ 49 ; x+x_offset-(x_size/2) screen coordinate
     0032             (./Engine/Constant):00170         rsv_y1_pixel                  equ 50 ; y+y_offset-(y_size/2) screen coordinate, must follow rsv_x1_pixel
     0033             (./Engine/Constant):00171         rsv_xy2_pixel                 equ 51 ;
     0033             (./Engine/Constant):00172         rsv_x2_pixel                  equ 51 ; x+x_offset+(x_size/2) screen coordinate
     0034             (./Engine/Constant):00173         rsv_y2_pixel                  equ 52 ; y+y_offset+(y_size/2) screen coordinate, must follow rsv_x2_pixel
                      (./Engine/Constant):00174         
                      (./Engine/Constant):00175         * ---------------------------------------------------------------------------
                      (./Engine/Constant):00176         * reserved variables (engine) - buffer specific
                      (./Engine/Constant):00177         
     0035             (./Engine/Constant):00178         rsv_buffer_0                  equ 53 ; Start index of buffer 0 variables
     0035             (./Engine/Constant):00179         rsv_priority_0                equ 53 ; internal value that hold priority in video buffer 0
     0036             (./Engine/Constant):00180         rsv_priority_prev_obj_0       equ 54 ; and 55 ; previous object (OST address) in display priority list for video buffer 0 (0000 if none) w
     0038             (./Engine/Constant):00181         rsv_priority_next_obj_0       equ 56 ; and 57 ; next object (OST address) in display priority list for video buffer 0 (0000 if none) w
     003A             (./Engine/Constant):00182         rsv_prev_mapping_frame_0      equ 58 ; and 59 ; reference to previous image in video buffer 0 w
     003C             (./Engine/Constant):00183         rsv_prev_erase_nb_cell_0      equ 60 : b
     003D             (./Engine/Constant):00184         rsv_prev_page_erase_routine_0 equ 61 ; b
     003E             (./Engine/Constant):00185         rsv_prev_erase_routine_0      equ 62 ; and 63 ; w
     0040             (./Engine/Constant):00186         rsv_bgdata_0                  equ 64 ; and 65 ; address of background data in screen 0 w
     0042             (./Engine/Constant):00187         rsv_prev_xy_pixel_0           equ 66 ;
     0042             (./Engine/Constant):00188         rsv_prev_x_pixel_0            equ 66 ; previous x screen coordinate b
     0043             (./Engine/Constant):00189         rsv_prev_y_pixel_0            equ 67 ; previous y screen coordinate b, must follow x_pixel
     0044             (./Engine/Constant):00190         rsv_prev_xy1_pixel_0          equ 68 ;
     0044             (./Engine/Constant):00191         rsv_prev_x1_pixel_0           equ 68 ; previous x+x_offset-(x_size/2) screen coordinate b
     0045             (./Engine/Constant):00192         rsv_prev_y1_pixel_0           equ 69 ; previous y+y_offset-(y_size/2) screen coordinate b, must follow x1_pixel
     0046             (./Engine/Constant):00193         rsv_prev_xy2_pixel_0          equ 70 ;
     0046             (./Engine/Constant):00194         rsv_prev_x2_pixel_0           equ 70 ; previous x+x_offset+(x_size/2) screen coordinate b
     0047             (./Engine/Constant):00195         rsv_prev_y2_pixel_0           equ 71 ; previous y+y_offset+(y_size/2) screen coordinate b, must follow x2_pixel
     0048             (./Engine/Constant):00196         rsv_prev_render_flags_0       equ 72 ;
                      (./Engine/Constant):00197         * --- rsv_prev_render_flags_0 bitfield variables ---
     0001             (./Engine/Constant):00198         rsv_prev_render_overlay_mask  equ $01 ; (bit 0) if a sprite has been rendered with compilated sprite and no background save on screen buffer 0/1
     0080             (./Engine/Constant):00199         rsv_prev_render_onscreen_mask equ $80 ; (bit 7) DEPENDENCY should be bit 7 - has been rendered on screen buffer 0/1
                      (./Engine/Constant):00200         
     0049             (./Engine/Constant):00201         rsv_buffer_1                  equ 73 ; Start index of buffer 1 variables
     0049             (./Engine/Constant):00202         rsv_priority_1                equ 73 ; internal value that hold priority in video buffer 1
     004A             (./Engine/Constant):00203         rsv_priority_prev_obj_1       equ 74 ; and 75 ; previous object (OST address) in display priority list for video buffer 1 (0000 if none) w
     004C             (./Engine/Constant):00204         rsv_priority_next_obj_1       equ 76 ; and 77 ; next object (OST address) in display priority list for video buffer 1 (0000 if none) w
     004E             (./Engine/Constant):00205         rsv_prev_mapping_frame_1      equ 78 ; and 79 ; reference to previous image in video buffer 1 w
     0050             (./Engine/Constant):00206         rsv_prev_erase_nb_cell_1      equ 80 ; b
     0051             (./Engine/Constant):00207         rsv_prev_page_erase_routine_1 equ 81 ; b
     0052             (./Engine/Constant):00208         rsv_prev_erase_routine_1      equ 82 ; and 83 ; w
     0054             (./Engine/Constant):00209         rsv_bgdata_1                  equ 84 ; and 85 ; address of background data in screen 1 w
     0056             (./Engine/Constant):00210         rsv_prev_xy_pixel_1           equ 86 ;
     0056             (./Engine/Constant):00211         rsv_prev_x_pixel_1            equ 86 ; previous x screen coordinate b
     0057             (./Engine/Constant):00212         rsv_prev_y_pixel_1            equ 87 ; previous y screen coordinate b, must follow x_pixel
     0058             (./Engine/Constant):00213         rsv_prev_xy1_pixel_1          equ 88 ;
     0058             (./Engine/Constant):00214         rsv_prev_x1_pixel_1           equ 88 ; previous x+x_size screen coordinate b
     0059             (./Engine/Constant):00215         rsv_prev_y1_pixel_1           equ 89 ; previous y+y_size screen coordinate b, must follow x_pixel
     005A             (./Engine/Constant):00216         rsv_prev_xy2_pixel_1          equ 90 ;
     005A             (./Engine/Constant):00217         rsv_prev_x2_pixel_1           equ 90 ; previous x+x_size screen coordinate b
     005B             (./Engine/Constant):00218         rsv_prev_y2_pixel_1           equ 91 ; previous y+y_size screen coordinate b, must follow x_pixel
     005C             (./Engine/Constant):00219         rsv_prev_render_flags_1       equ 92 ;
                      (./Engine/Constant):00220         
     0000             (./Engine/Constant):00221         buf_priority                  equ 0  ; offset for each rsv_buffer variables
     0001             (./Engine/Constant):00222         buf_priority_prev_obj         equ 1  ;
     0003             (./Engine/Constant):00223         buf_priority_next_obj         equ 3  ;
     0005             (./Engine/Constant):00224         buf_prev_mapping_frame        equ 5  ;
     0007             (./Engine/Constant):00225         buf_erase_nb_cell             equ 7  ;
     0008             (./Engine/Constant):00226         buf_page_erase_routine        equ 8 ;
     0009             (./Engine/Constant):00227         buf_erase_routine             equ 9 ;
     000B             (./Engine/Constant):00228         buf_bgdata                    equ 11 ;
     000D             (./Engine/Constant):00229         buf_prev_xy_pixel             equ 13 ;
     000D             (./Engine/Constant):00230         buf_prev_x_pixel              equ 13 ;
     000E             (./Engine/Constant):00231         buf_prev_y_pixel              equ 14 ;
     000F             (./Engine/Constant):00232         buf_prev_xy1_pixel            equ 15 ;
     000F             (./Engine/Constant):00233         buf_prev_x1_pixel             equ 15 ;
     0010             (./Engine/Constant):00234         buf_prev_y1_pixel             equ 16 ;
     0011             (./Engine/Constant):00235         buf_prev_xy2_pixel            equ 17 ;
     0011             (./Engine/Constant):00236         buf_prev_x2_pixel             equ 17 ;
     0012             (./Engine/Constant):00237         buf_prev_y2_pixel             equ 18 ;
     0013             (./Engine/Constant):00238         buf_prev_render_flags         equ 19 ;
                      (./generated-code/):00002                 ORG $A000
     FF               (./generated-code/):00003                 SETDP $FF
                      (./generated-code/):00004                 OPT C,CT
A000                  (./generated-code/):00005                 BCKDRAW_Img_sonic_010_0
A000 10FF9FFE         (./generated-code/):00006 [7]     7               STS glb_register_s
                      (./generated-code/):00007                 
A004 32A4             (./generated-code/):00008 [4]     11              LEAS ,Y
A006 33C9FE20         (./generated-code/):00009 [8]     19              LEAU -480,U
                      (./generated-code/):00010                 
A00A A6C8B0           (./generated-code/):00011 [5]     24              LDA -80,U
A00D AE5F             (./generated-code/):00012 [6]     30              LDX -1,U
A00F 10AEC850         (./generated-code/):00013 [7]     37              LDY 80,U
A013 3432             (./generated-code/):00014 [10]    47              PSHS Y,X,A
A015 CC99AA           (./generated-code/):00015 [3]     50              LDD #$99aa
A018 ED5F             (./generated-code/):00016 [6]     56              STD -1,U
A01A E7C8B0           (./generated-code/):00017 [5]     61              STB -80,U
A01D 869E             (./generated-code/):00018 [2]     63              LDA #$9e
A01F EDC850           (./generated-code/):00019 [6]     69              STD 80,U
A022 A6C829           (./generated-code/):00020 [5]     74              LDA 41,U
A025 3402             (./generated-code/):00021 [6]     80              PSHS A
A027 840F             (./generated-code/):00022 [2]     82              ANDA #$0F
A029 8AA0             (./generated-code/):00023 [2]     84              ORA #$a0
A02B A7C829           (./generated-code/):00024 [5]     89              STA 41,U
A02E ECC8D7           (./generated-code/):00025 [6]     95              LDD -41,U
A031 3406             (./generated-code/):00026 [7]     102             PSHS D
A033 84F0             (./generated-code/):00027 [2]     104             ANDA #$F0
A035 8A0A             (./generated-code/):00028 [2]     106             ORA #$0a
A037 C6AA             (./generated-code/):00029 [2]     108             LDB #$aa
A039 EDC8D7           (./generated-code/):00030 [6]     114             STD -41,U
A03C ECC827           (./generated-code/):00031 [6]     120             LDD 39,U
A03F 3446             (./generated-code/):00032 [9]     129             PSHS U,D
A041 84F0             (./generated-code/):00033 [2]     131             ANDA #$F0
A043 8A09             (./generated-code/):00034 [2]     133             ORA #$09
A045 C6AA             (./generated-code/):00035 [2]     135             LDB #$aa
A047 EDC827           (./generated-code/):00036 [6]     141             STD 39,U
A04A 33C900EF         (./generated-code/):00037 [8]     149             LEAU 239,U
                      (./generated-code/):00038                 
A04E A6C8DA           (./generated-code/):00039 [5]     154             LDA -38,U
A051 AEC889           (./generated-code/):00040 [6]     160             LDX -119,U
A054 10AEC8B1         (./generated-code/):00041 [7]     167             LDY -79,U
A058 3432             (./generated-code/):00042 [10]    177             PSHS Y,X,A
A05A 86EA             (./generated-code/):00043 [2]     179             LDA #$ea
A05C A7C8DA           (./generated-code/):00044 [5]     184             STA -38,U
A05F 869E             (./generated-code/):00045 [2]     186             LDA #$9e
A061 EDC889           (./generated-code/):00046 [6]     192             STD -119,U
A064 86AC             (./generated-code/):00047 [2]     194             LDA #$ac
A066 EDC8B1           (./generated-code/):00048 [6]     200             STD -79,U
A069 ECC8D8           (./generated-code/):00049 [6]     206             LDD -40,U
A06C 3406             (./generated-code/):00050 [7]     213             PSHS D
A06E 84F0             (./generated-code/):00051 [2]     215             ANDA #$F0
A070 8A09             (./generated-code/):00052 [2]     217             ORA #$09
A072 C6AC             (./generated-code/):00053 [2]     219             LDB #$ac
A074 EDC8D8           (./generated-code/):00054 [6]     225             STD -40,U
A077 3712             (./generated-code/):00055 [8]     233             PULU A,X
A079 3452             (./generated-code/):00056 [10]    243             PSHS U,X,A
A07B 869A             (./generated-code/):00057 [2]     245             LDA #$9a
A07D 8EAAF9           (./generated-code/):00058 [3]     248             LDX #$aaf9
A080 3612             (./generated-code/):00059 [8]     256             PSHU A,X
A082 33C828           (./generated-code/):00060 [5]     261             LEAU 40,U
                      (./generated-code/):00061                 
A085 3712             (./generated-code/):00062 [8]     269             PULU A,X
A087 3452             (./generated-code/):00063 [10]    279             PSHS U,X,A
A089 869A             (./generated-code/):00064 [2]     281             LDA #$9a
A08B 8EFAF9           (./generated-code/):00065 [3]     284             LDX #$faf9
A08E 3612             (./generated-code/):00066 [8]     292             PSHU A,X
A090 33C828           (./generated-code/):00067 [5]     297             LEAU 40,U
                      (./generated-code/):00068                 
A093 3712             (./generated-code/):00069 [8]     305             PULU A,X
A095 3452             (./generated-code/):00070 [10]    315             PSHS U,X,A
A097 869A             (./generated-code/):00071 [2]     317             LDA #$9a
A099 8EAAF9           (./generated-code/):00072 [3]     320             LDX #$aaf9
A09C 3612             (./generated-code/):00073 [8]     328             PSHU A,X
A09E 33C828           (./generated-code/):00074 [5]     333             LEAU 40,U
                      (./generated-code/):00075                 
A0A1 ECC828           (./generated-code/):00076 [6]     339             LDD 40,U
A0A4 3406             (./generated-code/):00077 [7]     346             PSHS D
A0A6 84F0             (./generated-code/):00078 [2]     348             ANDA #$F0
A0A8 8A09             (./generated-code/):00079 [2]     350             ORA #$09
A0AA C6AA             (./generated-code/):00080 [2]     352             LDB #$aa
A0AC EDC828           (./generated-code/):00081 [6]     358             STD 40,U
A0AF ECC878           (./generated-code/):00082 [6]     364             LDD 120,U
A0B2 3406             (./generated-code/):00083 [7]     371             PSHS D
A0B4 84F0             (./generated-code/):00084 [2]     373             ANDA #$F0
A0B6 8A0A             (./generated-code/):00085 [2]     375             ORA #$0a
A0B8 C6AE             (./generated-code/):00086 [2]     377             LDB #$ae
A0BA EDC878           (./generated-code/):00087 [6]     383             STD 120,U
A0BD A6C82A           (./generated-code/):00088 [5]     388             LDA 42,U
A0C0 E6C87A           (./generated-code/):00089 [5]     393             LDB 122,U
A0C3 AEC851           (./generated-code/):00090 [6]     399             LDX 81,U
A0C6 3416             (./generated-code/):00091 [9]     408             PSHS X,B,A
A0C8 86CE             (./generated-code/):00092 [2]     410             LDA #$ce
A0CA A7C82A           (./generated-code/):00093 [5]     415             STA 42,U
A0CD CCAADC           (./generated-code/):00094 [3]     418             LDD #$aadc
A0D0 EDC851           (./generated-code/):00095 [6]     424             STD 81,U
A0D3 86FC             (./generated-code/):00096 [2]     426             LDA #$fc
A0D5 A7C87A           (./generated-code/):00097 [5]     431             STA 122,U
A0D8 3712             (./generated-code/):00098 [8]     439             PULU A,X
A0DA 3452             (./generated-code/):00099 [10]    449             PSHS U,X,A
A0DC 8699             (./generated-code/):00100 [2]     451             LDA #$99
A0DE 8EAACE           (./generated-code/):00101 [3]     454             LDX #$aace
A0E1 3612             (./generated-code/):00102 [8]     462             PSHU A,X
A0E3 33C900C8         (./generated-code/):00103 [8]     470             LEAU 200,U
                      (./generated-code/):00104                 
A0E7 A6C8DA           (./generated-code/):00105 [5]     475             LDA -38,U
A0EA AEC850           (./generated-code/):00106 [6]     481             LDX 80,U
A0ED 10AEC828         (./generated-code/):00107 [7]     488             LDY 40,U
A0F1 3432             (./generated-code/):00108 [10]    498             PSHS Y,X,A
A0F3 ECC8D8           (./generated-code/):00109 [6]     504             LDD -40,U
A0F6 3406             (./generated-code/):00110 [7]     511             PSHS D
A0F8 84F0             (./generated-code/):00111 [2]     513             ANDA #$F0
A0FA 8A0A             (./generated-code/):00112 [2]     515             ORA #$0a
A0FC C6AE             (./generated-code/):00113 [2]     517             LDB #$ae
A0FE EDC8D8           (./generated-code/):00114 [6]     523             STD -40,U
A101 CC9939           (./generated-code/):00115 [3]     526             LDD #$9939
A104 EDC850           (./generated-code/):00116 [6]     532             STD 80,U
A107 86CC             (./generated-code/):00117 [2]     534             LDA #$cc
A109 A7C8DA           (./generated-code/):00118 [5]     539             STA -38,U
A10C CCA999           (./generated-code/):00119 [3]     542             LDD #$a999
A10F EDC828           (./generated-code/):00120 [6]     548             STD 40,U
A112 A6C879           (./generated-code/):00121 [5]     553             LDA 121,U
A115 E6C82A           (./generated-code/):00122 [5]     558             LDB 42,U
A118 3406             (./generated-code/):00123 [7]     565             PSHS B,A
A11A C40F             (./generated-code/):00124 [2]     567             ANDB #$0F
A11C CAE0             (./generated-code/):00125 [2]     569             ORB #$e0
A11E E7C82A           (./generated-code/):00126 [5]     574             STB 42,U
A121 86C3             (./generated-code/):00127 [2]     576             LDA #$c3
A123 A7C879           (./generated-code/):00128 [5]     581             STA 121,U
A126 3712             (./generated-code/):00129 [8]     589             PULU A,X
A128 3452             (./generated-code/):00130 [10]    599             PSHS U,X,A
A12A 86AA             (./generated-code/):00131 [2]     601             LDA #$aa
A12C 8E93CE           (./generated-code/):00132 [3]     604             LDX #$93ce
A12F 3612             (./generated-code/):00133 [8]     612             PSHU A,X
A131 33C9011A         (./generated-code/):00134 [8]     620             LEAU 282,U
                      (./generated-code/):00135                 
A135 A6C8D8           (./generated-code/):00136 [5]     625             LDA -40,U
A138 AEC8AF           (./generated-code/):00137 [6]     631             LDX -81,U
A13B 3412             (./generated-code/):00138 [8]     639             PSHS X,A
A13D A6C887           (./generated-code/):00139 [5]     644             LDA -121,U
A140 E6C828           (./generated-code/):00140 [5]     649             LDB 40,U
A143 3406             (./generated-code/):00141 [7]     656             PSHS B,A
A145 C4F0             (./generated-code/):00142 [2]     658             ANDB #$F0
A147 CA0E             (./generated-code/):00143 [2]     660             ORB #$0e
A149 E7C828           (./generated-code/):00144 [5]     665             STB 40,U
A14C A6C878           (./generated-code/):00145 [5]     670             LDA 120,U
A14F 3402             (./generated-code/):00146 [6]     676             PSHS A
A151 840F             (./generated-code/):00147 [2]     678             ANDA #$0F
A153 8A90             (./generated-code/):00148 [2]     680             ORA #$90
A155 A7C878           (./generated-code/):00149 [5]     685             STA 120,U
A158 ECC84E           (./generated-code/):00150 [6]     691             LDD 78,U
A15B 3406             (./generated-code/):00151 [7]     698             PSHS D
A15D 86FF             (./generated-code/):00152 [2]     700             LDA #$ff
A15F C4F0             (./generated-code/):00153 [2]     702             ANDB #$F0
A161 CA09             (./generated-code/):00154 [2]     704             ORB #$09
A163 EDC84E           (./generated-code/):00155 [6]     710             STD 78,U
A166 ECC876           (./generated-code/):00156 [6]     716             LDD 118,U
A169 3406             (./generated-code/):00157 [7]     723             PSHS D
A16B 86FF             (./generated-code/):00158 [2]     725             LDA #$ff
A16D C4F0             (./generated-code/):00159 [2]     727             ANDB #$F0
A16F CA09             (./generated-code/):00160 [2]     729             ORB #$09
A171 EDC876           (./generated-code/):00161 [6]     735             STD 118,U
A174 CC3E3E           (./generated-code/):00162 [3]     738             LDD #$3e3e
A177 EDC8AF           (./generated-code/):00163 [6]     744             STD -81,U
A17A A6C850           (./generated-code/):00164 [5]     749             LDA 80,U
A17D E6C4             (./generated-code/):00165 [4]     753             LDB ,U
A17F 3406             (./generated-code/):00166 [7]     760             PSHS B,A
A181 86EE             (./generated-code/):00167 [2]     762             LDA #$ee
A183 A7C887           (./generated-code/):00168 [5]     767             STA -121,U
A186 A7C8D8           (./generated-code/):00169 [5]     772             STA -40,U
A189 A7C4             (./generated-code/):00170 [4]     776             STA ,U
A18B 86AE             (./generated-code/):00171 [2]     778             LDA #$ae
A18D A7C850           (./generated-code/):00172 [5]     783             STA 80,U
A190 ECC8D6           (./generated-code/):00173 [6]     789             LDD -42,U
A193 3406             (./generated-code/):00174 [7]     796             PSHS D
A195 84F0             (./generated-code/):00175 [2]     798             ANDA #$F0
A197 8A0E             (./generated-code/):00176 [2]     800             ORA #$0e
A199 C69E             (./generated-code/):00177 [2]     802             LDB #$9e
A19B EDC8D6           (./generated-code/):00178 [6]     808             STD -42,U
A19E EC5E             (./generated-code/):00179 [6]     814             LDD -2,U
A1A0 3406             (./generated-code/):00180 [7]     821             PSHS D
A1A2 84F0             (./generated-code/):00181 [2]     823             ANDA #$F0
A1A4 8A0F             (./generated-code/):00182 [2]     825             ORA #$0f
A1A6 C693             (./generated-code/):00183 [2]     827             LDB #$93
A1A8 ED5E             (./generated-code/):00184 [6]     833             STD -2,U
A1AA ECC826           (./generated-code/):00185 [6]     839             LDD 38,U
A1AD 3446             (./generated-code/):00186 [9]     848             PSHS U,D
A1AF 84F0             (./generated-code/):00187 [2]     850             ANDA #$F0
A1B1 8A0F             (./generated-code/):00188 [2]     852             ORA #$0f
A1B3 C69A             (./generated-code/):00189 [2]     854             LDB #$9a
A1B5 EDC826           (./generated-code/):00190 [6]     860             STD 38,U
A1B8 33C900C7         (./generated-code/):00191 [8]     868             LEAU 199,U
                      (./generated-code/):00192                 
A1BC ECC828           (./generated-code/):00193 [6]     874             LDD 40,U
A1BF 3406             (./generated-code/):00194 [7]     881             PSHS D
A1C1 84F0             (./generated-code/):00195 [2]     883             ANDA #$F0
A1C3 C4F0             (./generated-code/):00196 [2]     885             ANDB #$F0
A1C5 C30E0E           (./generated-code/):00197 [4]     889             ADDD #$0e0e
A1C8 EDC828           (./generated-code/):00198 [6]     895             STD 40,U
A1CB A6C8D9           (./generated-code/):00199 [5]     900             LDA -39,U
A1CE E6C8D7           (./generated-code/):00200 [5]     905             LDB -41,U
A1D1 3406             (./generated-code/):00201 [7]     912             PSHS B,A
A1D3 C4F0             (./generated-code/):00202 [2]     914             ANDB #$F0
A1D5 CA0F             (./generated-code/):00203 [2]     916             ORB #$0f
A1D7 E7C8D7           (./generated-code/):00204 [5]     921             STB -41,U
A1DA A65F             (./generated-code/):00205 [5]     926             LDA -1,U
A1DC 3402             (./generated-code/):00206 [6]     932             PSHS A
A1DE 84F0             (./generated-code/):00207 [2]     934             ANDA #$F0
A1E0 8A0E             (./generated-code/):00208 [2]     936             ORA #$0e
A1E2 A75F             (./generated-code/):00209 [5]     941             STA -1,U
A1E4 A641             (./generated-code/):00210 [5]     946             LDA 1,U
A1E6 3442             (./generated-code/):00211 [8]     954             PSHS U,A
A1E8 84F0             (./generated-code/):00212 [2]     956             ANDA #$F0
A1EA 8A0A             (./generated-code/):00213 [2]     958             ORA #$0a
A1EC A741             (./generated-code/):00214 [5]     963             STA 1,U
A1EE 86DA             (./generated-code/):00215 [2]     965             LDA #$da
A1F0 A7C8D9           (./generated-code/):00216 [5]     970             STA -39,U
A1F3 33C900C8         (./generated-code/):00217 [8]     978             LEAU 200,U
                      (./generated-code/):00218                 
A1F7 ECC8B0           (./generated-code/):00219 [6]     984             LDD -80,U
A1FA 3406             (./generated-code/):00220 [7]     991             PSHS D
A1FC 84F0             (./generated-code/):00221 [2]     993             ANDA #$F0
A1FE 8A03             (./generated-code/):00222 [2]     995             ORA #$03
A200 C6B3             (./generated-code/):00223 [2]     997             LDB #$b3
A202 EDC8B0           (./generated-code/):00224 [6]     1003            STD -80,U
A205 ECC8D8           (./generated-code/):00225 [6]     1009            LDD -40,U
A208 3406             (./generated-code/):00226 [7]     1016            PSHS D
A20A 84F0             (./generated-code/):00227 [2]     1018            ANDA #$F0
A20C 8A0B             (./generated-code/):00228 [2]     1020            ORA #$0b
A20E C6BB             (./generated-code/):00229 [2]     1022            LDB #$bb
A210 EDC8D8           (./generated-code/):00230 [6]     1028            STD -40,U
A213 A6C8DA           (./generated-code/):00231 [5]     1033            LDA -38,U
A216 3402             (./generated-code/):00232 [6]     1039            PSHS A
A218 840F             (./generated-code/):00233 [2]     1041            ANDA #$0F
A21A 8A30             (./generated-code/):00234 [2]     1043            ORA #$30
A21C A7C8DA           (./generated-code/):00235 [5]     1048            STA -38,U
A21F ECC888           (./generated-code/):00236 [6]     1054            LDD -120,U
A222 3406             (./generated-code/):00237 [7]     1061            PSHS D
A224 84F0             (./generated-code/):00238 [2]     1063            ANDA #$F0
A226 C4F0             (./generated-code/):00239 [2]     1065            ANDB #$F0
A228 C30E0E           (./generated-code/):00240 [4]     1069            ADDD #$0e0e
A22B EDC888           (./generated-code/):00241 [6]     1075            STD -120,U
A22E 3712             (./generated-code/):00242 [8]     1083            PULU A,X
A230 3452             (./generated-code/):00243 [10]    1093            PSHS U,X,A
A232 863B             (./generated-code/):00244 [2]     1095            LDA #$3b
A234 8EBB33           (./generated-code/):00245 [3]     1098            LDX #$bb33
A237 3612             (./generated-code/):00246 [8]     1106            PSHU A,X
A239 33C828           (./generated-code/):00247 [5]     1111            LEAU 40,U
                      (./generated-code/):00248                 
A23C 3712             (./generated-code/):00249 [8]     1119            PULU A,X
A23E 3452             (./generated-code/):00250 [10]    1129            PSHS U,X,A
A240 86DD             (./generated-code/):00251 [2]     1131            LDA #$dd
A242 8EDDDD           (./generated-code/):00252 [3]     1134            LDX #$dddd
A245 3612             (./generated-code/):00253 [8]     1142            PSHU A,X
                      (./generated-code/):00254                 
A247 DEFC             (./generated-code/):00255 [5]     1147            LDU <glb_screen_location_1
A249 33C9FE48         (./generated-code/):00256 [8]     1155            LEAU -440,U
                      (./generated-code/):00257                 
A24D ECC8AF           (./generated-code/):00258 [6]     1161            LDD -81,U
A250 3406             (./generated-code/):00259 [7]     1168            PSHS D
A252 86AA             (./generated-code/):00260 [2]     1170            LDA #$aa
A254 C40F             (./generated-code/):00261 [2]     1172            ANDB #$0F
A256 CA90             (./generated-code/):00262 [2]     1174            ORB #$90
A258 EDC8AF           (./generated-code/):00263 [6]     1180            STD -81,U
A25B ECC850           (./generated-code/):00264 [6]     1186            LDD 80,U
A25E 3406             (./generated-code/):00265 [7]     1193            PSHS D
A260 86CA             (./generated-code/):00266 [2]     1195            LDA #$ca
A262 C40F             (./generated-code/):00267 [2]     1197            ANDB #$0F
A264 CAA0             (./generated-code/):00268 [2]     1199            ORB #$a0
A266 EDC850           (./generated-code/):00269 [6]     1205            STD 80,U
A269 AEC8D7           (./generated-code/):00270 [6]     1211            LDX -41,U
A26C 10AE5F           (./generated-code/):00271 [7]     1218            LDY -1,U
A26F 3430             (./generated-code/):00272 [9]     1227            PSHS Y,X
A271 A6C887           (./generated-code/):00273 [5]     1232            LDA -121,U
A274 3402             (./generated-code/):00274 [6]     1238            PSHS A
A276 84F0             (./generated-code/):00275 [2]     1240            ANDA #$F0
A278 8A0A             (./generated-code/):00276 [2]     1242            ORA #$0a
A27A A7C887           (./generated-code/):00277 [5]     1247            STA -121,U
A27D A6C8D9           (./generated-code/):00278 [5]     1252            LDA -39,U
A280 3402             (./generated-code/):00279 [6]     1258            PSHS A
A282 840F             (./generated-code/):00280 [2]     1260            ANDA #$0F
A284 8AA0             (./generated-code/):00281 [2]     1262            ORA #$a0
A286 A7C8D9           (./generated-code/):00282 [5]     1267            STA -39,U
A289 A641             (./generated-code/):00283 [5]     1272            LDA 1,U
A28B 3402             (./generated-code/):00284 [6]     1278            PSHS A
A28D 840F             (./generated-code/):00285 [2]     1280            ANDA #$0F
A28F 8A90             (./generated-code/):00286 [2]     1282            ORA #$90
A291 A741             (./generated-code/):00287 [5]     1287            STA 1,U
A293 A6C829           (./generated-code/):00288 [5]     1292            LDA 41,U
A296 3402             (./generated-code/):00289 [6]     1298            PSHS A
A298 840F             (./generated-code/):00290 [2]     1300            ANDA #$0F
A29A 8AA0             (./generated-code/):00291 [2]     1302            ORA #$a0
A29C A7C829           (./generated-code/):00292 [5]     1307            STA 41,U
A29F A6C879           (./generated-code/):00293 [5]     1312            LDA 121,U
A2A2 3402             (./generated-code/):00294 [6]     1318            PSHS A
A2A4 840F             (./generated-code/):00295 [2]     1320            ANDA #$0F
A2A6 8AA0             (./generated-code/):00296 [2]     1322            ORA #$a0
A2A8 A7C879           (./generated-code/):00297 [5]     1327            STA 121,U
A2AB CC99E9           (./generated-code/):00298 [3]     1330            LDD #$99e9
A2AE EDC8D7           (./generated-code/):00299 [6]     1336            STD -41,U
A2B1 AEC877           (./generated-code/):00300 [6]     1342            LDX 119,U
A2B4 3410             (./generated-code/):00301 [7]     1349            PSHS X
A2B6 C6CA             (./generated-code/):00302 [2]     1351            LDB #$ca
A2B8 ED5F             (./generated-code/):00303 [6]     1357            STD -1,U
A2BA EDC877           (./generated-code/):00304 [6]     1363            STD 119,U
A2BD ECC827           (./generated-code/):00305 [6]     1369            LDD 39,U
A2C0 3446             (./generated-code/):00306 [9]     1378            PSHS U,D
A2C2 84F0             (./generated-code/):00307 [2]     1380            ANDA #$F0
A2C4 8A09             (./generated-code/):00308 [2]     1382            ORA #$09
A2C6 C6CA             (./generated-code/):00309 [2]     1384            LDB #$ca
A2C8 EDC827           (./generated-code/):00310 [6]     1390            STD 39,U
A2CB 33C90118         (./generated-code/):00311 [8]     1398            LEAU 280,U
                      (./generated-code/):00312                 
A2CF AEC84F           (./generated-code/):00313 [6]     1404            LDX 79,U
A2D2 10AEC8AF         (./generated-code/):00314 [7]     1411            LDY -81,U
A2D6 3430             (./generated-code/):00315 [9]     1420            PSHS Y,X
A2D8 ECC887           (./generated-code/):00316 [6]     1426            LDD -121,U
A2DB AEC8D7           (./generated-code/):00317 [6]     1432            LDX -41,U
A2DE 10AEC877         (./generated-code/):00318 [7]     1439            LDY 119,U
A2E2 3436             (./generated-code/):00319 [11]    1450            PSHS Y,X,D
A2E4 CC99FD           (./generated-code/):00320 [3]     1453            LDD #$99fd
A2E7 EDC877           (./generated-code/):00321 [6]     1459            STD 119,U
A2EA CCA9AA           (./generated-code/):00322 [3]     1462            LDD #$a9aa
A2ED EDC887           (./generated-code/):00323 [6]     1468            STD -121,U
A2F0 CC9AAD           (./generated-code/):00324 [3]     1471            LDD #$9aad
A2F3 EDC84F           (./generated-code/):00325 [6]     1477            STD 79,U
A2F6 CCAAAE           (./generated-code/):00326 [3]     1480            LDD #$aaae
A2F9 EDC8AF           (./generated-code/):00327 [6]     1486            STD -81,U
A2FC EDC8D7           (./generated-code/):00328 [6]     1492            STD -41,U
A2FF EC5E             (./generated-code/):00329 [6]     1498            LDD -2,U
A301 3406             (./generated-code/):00330 [7]     1505            PSHS D
A303 84F0             (./generated-code/):00331 [2]     1507            ANDA #$F0
A305 8A09             (./generated-code/):00332 [2]     1509            ORA #$09
A307 C6AA             (./generated-code/):00333 [2]     1511            LDB #$aa
A309 ED5E             (./generated-code/):00334 [6]     1517            STD -2,U
A30B ECC826           (./generated-code/):00335 [6]     1523            LDD 38,U
A30E 3406             (./generated-code/):00336 [7]     1530            PSHS D
A310 84F0             (./generated-code/):00337 [2]     1532            ANDA #$F0
A312 8A09             (./generated-code/):00338 [2]     1534            ORA #$09
A314 C69A             (./generated-code/):00339 [2]     1536            LDB #$9a
A316 EDC826           (./generated-code/):00340 [6]     1542            STD 38,U
A319 A6C889           (./generated-code/):00341 [5]     1547            LDA -119,U
A31C 3402             (./generated-code/):00342 [6]     1553            PSHS A
A31E 840F             (./generated-code/):00343 [2]     1555            ANDA #$0F
A320 8AA0             (./generated-code/):00344 [2]     1557            ORA #$a0
A322 A7C889           (./generated-code/):00345 [5]     1562            STA -119,U
A325 A6C8B1           (./generated-code/):00346 [5]     1567            LDA -79,U
A328 3402             (./generated-code/):00347 [6]     1573            PSHS A
A32A 840F             (./generated-code/):00348 [2]     1575            ANDA #$0F
A32C 8AA0             (./generated-code/):00349 [2]     1577            ORA #$a0
A32E A7C8B1           (./generated-code/):00350 [5]     1582            STA -79,U
A331 A6C8D9           (./generated-code/):00351 [5]     1587            LDA -39,U
A334 3402             (./generated-code/):00352 [6]     1593            PSHS A
A336 840F             (./generated-code/):00353 [2]     1595            ANDA #$0F
A338 8AA0             (./generated-code/):00354 [2]     1597            ORA #$a0
A33A A7C8D9           (./generated-code/):00355 [5]     1602            STA -39,U
A33D A6C851           (./generated-code/):00356 [5]     1607            LDA 81,U
A340 3402             (./generated-code/):00357 [6]     1613            PSHS A
A342 840F             (./generated-code/):00358 [2]     1615            ANDA #$0F
A344 8AE0             (./generated-code/):00359 [2]     1617            ORA #$e0
A346 A7C851           (./generated-code/):00360 [5]     1622            STA 81,U
A349 A6C879           (./generated-code/):00361 [5]     1627            LDA 121,U
A34C 3402             (./generated-code/):00362 [6]     1633            PSHS A
A34E 840F             (./generated-code/):00363 [2]     1635            ANDA #$0F
A350 8AD0             (./generated-code/):00364 [2]     1637            ORA #$d0
A352 A7C879           (./generated-code/):00365 [5]     1642            STA 121,U
A355 ECC4             (./generated-code/):00366 [5]     1647            LDD ,U
A357 3406             (./generated-code/):00367 [7]     1654            PSHS D
A359 86AC             (./generated-code/):00368 [2]     1656            LDA #$ac
A35B C40F             (./generated-code/):00369 [2]     1658            ANDB #$0F
A35D CAA0             (./generated-code/):00370 [2]     1660            ORB #$a0
A35F EDC4             (./generated-code/):00371 [5]     1665            STD ,U
A361 ECC828           (./generated-code/):00372 [6]     1671            LDD 40,U
A364 3446             (./generated-code/):00373 [9]     1680            PSHS U,D
A366 86AC             (./generated-code/):00374 [2]     1682            LDA #$ac
A368 C40F             (./generated-code/):00375 [2]     1684            ANDB #$0F
A36A CAA0             (./generated-code/):00376 [2]     1686            ORB #$a0
A36C EDC828           (./generated-code/):00377 [6]     1692            STD 40,U
A36F 33C90117         (./generated-code/):00378 [8]     1700            LEAU 279,U
                      (./generated-code/):00379                 
A373 A6C829           (./generated-code/):00380 [5]     1705            LDA 41,U
A376 E6C851           (./generated-code/):00381 [5]     1710            LDB 81,U
A379 AEC8D8           (./generated-code/):00382 [6]     1716            LDX -40,U
A37C 10AEC878         (./generated-code/):00383 [7]     1723            LDY 120,U
A380 3436             (./generated-code/):00384 [11]    1734            PSHS Y,X,B,A
A382 ECC888           (./generated-code/):00385 [6]     1740            LDD -120,U
A385 AEC8B0           (./generated-code/):00386 [6]     1746            LDX -80,U
A388 10AEC4           (./generated-code/):00387 [6]     1752            LDY ,U
A38B 3436             (./generated-code/):00388 [11]    1763            PSHS Y,X,D
A38D ECC84F           (./generated-code/):00389 [6]     1769            LDD 79,U
A390 3406             (./generated-code/):00390 [7]     1776            PSHS D
A392 84F0             (./generated-code/):00391 [2]     1778            ANDA #$F0
A394 8A09             (./generated-code/):00392 [2]     1780            ORA #$09
A396 C699             (./generated-code/):00393 [2]     1782            LDB #$99
A398 EDC84F           (./generated-code/):00394 [6]     1788            STD 79,U
A39B CCA9CC           (./generated-code/):00395 [3]     1791            LDD #$a9cc
A39E EDC8B0           (./generated-code/):00396 [6]     1797            STD -80,U
A3A1 EDC8D8           (./generated-code/):00397 [6]     1803            STD -40,U
A3A4 86C3             (./generated-code/):00398 [2]     1805            LDA #$c3
A3A6 A7C851           (./generated-code/):00399 [5]     1810            STA 81,U
A3A9 ECC827           (./generated-code/):00400 [6]     1816            LDD 39,U
A3AC 3406             (./generated-code/):00401 [7]     1823            PSHS D
A3AE 84F0             (./generated-code/):00402 [2]     1825            ANDA #$F0
A3B0 C4F0             (./generated-code/):00403 [2]     1827            ANDB #$F0
A3B2 C30A09           (./generated-code/):00404 [4]     1831            ADDD #$0a09
A3B5 EDC827           (./generated-code/):00405 [6]     1837            STD 39,U
A3B8 CCA9CF           (./generated-code/):00406 [3]     1840            LDD #$a9cf
A3BB EDC888           (./generated-code/):00407 [6]     1846            STD -120,U
A3BE CC93C9           (./generated-code/):00408 [3]     1849            LDD #$93c9
A3C1 EDC878           (./generated-code/):00409 [6]     1855            STD 120,U
A3C4 A7C829           (./generated-code/):00410 [5]     1860            STA 41,U
A3C7 CC99EC           (./generated-code/):00411 [3]     1863            LDD #$99ec
A3CA EDC4             (./generated-code/):00412 [5]     1868            STD ,U
A3CC A6C88A           (./generated-code/):00413 [5]     1873            LDA -118,U
A3CF 3442             (./generated-code/):00414 [8]     1881            PSHS U,A
A3D1 840F             (./generated-code/):00415 [2]     1883            ANDA #$0F
A3D3 8AD0             (./generated-code/):00416 [2]     1885            ORA #$d0
A3D5 A7C88A           (./generated-code/):00417 [5]     1890            STA -118,U
A3D8 33C90118         (./generated-code/):00418 [8]     1898            LEAU 280,U
                      (./generated-code/):00419                 
A3DC AEC888           (./generated-code/):00420 [6]     1904            LDX -120,U
A3DF CCECCC           (./generated-code/):00421 [3]     1907            LDD #$eccc
A3E2 EDC888           (./generated-code/):00422 [6]     1913            STD -120,U
A3E5 10AEC8B0         (./generated-code/):00423 [7]     1920            LDY -80,U
A3E9 3430             (./generated-code/):00424 [9]     1929            PSHS Y,X
A3EB A6C8B2           (./generated-code/):00425 [5]     1934            LDA -78,U
A3EE 3402             (./generated-code/):00426 [6]     1940            PSHS A
A3F0 840F             (./generated-code/):00427 [2]     1942            ANDA #$0F
A3F2 8AE0             (./generated-code/):00428 [2]     1944            ORA #$e0
A3F4 A7C8B2           (./generated-code/):00429 [5]     1949            STA -78,U
A3F7 A6C8DA           (./generated-code/):00430 [5]     1954            LDA -38,U
A3FA 3402             (./generated-code/):00431 [6]     1960            PSHS A
A3FC 840F             (./generated-code/):00432 [2]     1962            ANDA #$0F
A3FE 8AE0             (./generated-code/):00433 [2]     1964            ORA #$e0
A400 A7C8DA           (./generated-code/):00434 [5]     1969            STA -38,U
A403 CCEECE           (./generated-code/):00435 [3]     1972            LDD #$eece
A406 EDC8B0           (./generated-code/):00436 [6]     1978            STD -80,U
A409 AEC8D8           (./generated-code/):00437 [6]     1984            LDX -40,U
A40C 3410             (./generated-code/):00438 [7]     1991            PSHS X
A40E C6E3             (./generated-code/):00439 [2]     1993            LDB #$e3
A410 EDC8D8           (./generated-code/):00440 [6]     1999            STD -40,U
A413 3712             (./generated-code/):00441 [8]     2007            PULU A,X
A415 3452             (./generated-code/):00442 [10]    2017            PSHS U,X,A
A417 86EE             (./generated-code/):00443 [2]     2019            LDA #$ee
A419 8E39EE           (./generated-code/):00444 [3]     2022            LDX #$39ee
A41C 3612             (./generated-code/):00445 [8]     2030            PSHU A,X
A41E 33C828           (./generated-code/):00446 [5]     2035            LEAU 40,U
                      (./generated-code/):00447                 
A421 ECC828           (./generated-code/):00448 [6]     2041            LDD 40,U
A424 3406             (./generated-code/):00449 [7]     2048            PSHS D
A426 86EE             (./generated-code/):00450 [2]     2050            LDA #$ee
A428 C40F             (./generated-code/):00451 [2]     2052            ANDB #$0F
A42A CAA0             (./generated-code/):00452 [2]     2054            ORB #$a0
A42C EDC828           (./generated-code/):00453 [6]     2060            STD 40,U
A42F ECC850           (./generated-code/):00454 [6]     2066            LDD 80,U
A432 3406             (./generated-code/):00455 [7]     2073            PSHS D
A434 86EE             (./generated-code/):00456 [2]     2075            LDA #$ee
A436 C40F             (./generated-code/):00457 [2]     2077            ANDB #$0F
A438 CAA0             (./generated-code/):00458 [2]     2079            ORB #$a0
A43A EDC850           (./generated-code/):00459 [6]     2085            STD 80,U
A43D A6C82A           (./generated-code/):00460 [5]     2090            LDA 42,U
A440 E6C879           (./generated-code/):00461 [5]     2095            LDB 121,U
A443 3406             (./generated-code/):00462 [7]     2102            PSHS B,A
A445 C40F             (./generated-code/):00463 [2]     2104            ANDB #$0F
A447 CAA0             (./generated-code/):00464 [2]     2106            ORB #$a0
A449 E7C879           (./generated-code/):00465 [5]     2111            STB 121,U
A44C 86EE             (./generated-code/):00466 [2]     2113            LDA #$ee
A44E A7C82A           (./generated-code/):00467 [5]     2118            STA 42,U
A451 3712             (./generated-code/):00468 [8]     2126            PULU A,X
A453 3452             (./generated-code/):00469 [10]    2136            PSHS U,X,A
A455 86EE             (./generated-code/):00470 [2]     2138            LDA #$ee
A457 8E9DEE           (./generated-code/):00471 [3]     2141            LDX #$9dee
A45A 3612             (./generated-code/):00472 [8]     2149            PSHU A,X
A45C 33C90105         (./generated-code/):00473 [8]     2157            LEAU 261,U
                      (./generated-code/):00474                 
A460 AEC864           (./generated-code/):00475 [6]     2163            LDX 100,U
A463 10AEC83C         (./generated-code/):00476 [7]     2170            LDY 60,U
A467 3430             (./generated-code/):00477 [9]     2179            PSHS Y,X
A469 ECC814           (./generated-code/):00478 [6]     2185            LDD 20,U
A46C AEC8EC           (./generated-code/):00479 [6]     2191            LDX -20,U
A46F 3416             (./generated-code/):00480 [9]     2200            PSHS X,D
A471 CCEBBB           (./generated-code/):00481 [3]     2203            LDD #$ebbb
A474 EDC83C           (./generated-code/):00482 [6]     2209            STD 60,U
A477 CCEEE3           (./generated-code/):00483 [3]     2212            LDD #$eee3
A47A EDC814           (./generated-code/):00484 [6]     2218            STD 20,U
A47D 86BF             (./generated-code/):00485 [2]     2220            LDA #$bf
A47F EDC8EC           (./generated-code/):00486 [6]     2226            STD -20,U
A482 CCDDDD           (./generated-code/):00487 [3]     2229            LDD #$dddd
A485 EDC864           (./generated-code/):00488 [6]     2235            STD 100,U
A488 ECC8C4           (./generated-code/):00489 [6]     2241            LDD -60,U
A48B 3406             (./generated-code/):00490 [7]     2248            PSHS D
A48D 86FF             (./generated-code/):00491 [2]     2250            LDA #$ff
A48F C40F             (./generated-code/):00492 [2]     2252            ANDB #$0F
A491 CAE0             (./generated-code/):00493 [2]     2254            ORB #$e0
A493 EDC8C4           (./generated-code/):00494 [6]     2260            STD -60,U
A496 ECC89C           (./generated-code/):00495 [6]     2266            LDD -100,U
A499 3446             (./generated-code/):00496 [9]     2275            PSHS U,D
A49B 840F             (./generated-code/):00497 [2]     2277            ANDA #$0F
A49D C40F             (./generated-code/):00498 [2]     2279            ANDB #$0F
A49F C3F0E0           (./generated-code/):00499 [4]     2283            ADDD #$f0e0
A4A2 EDC89C           (./generated-code/):00500 [6]     2289            STD -100,U
A4A5 33E4             (./generated-code/):00501 [4]     2293            LEAU ,S
A4A7                  (./generated-code/):00502                 SSAV_Img_sonic_010_0
A4A7 10FE9FFE         (./generated-code/):00503 [7]     2300            LDS glb_register_s
A4AB 39               (./generated-code/):00504 [5]     2305            RTS
                      (./generated-code/):00505                 
