                      (./generated-code/):00001                 INCLUDE "./Engine/Constants.asm"
                      (./Engine/Constant):00001         * ---------------------------------------------------------------------------
                      (./Engine/Constant):00002         * Constants
                      (./Engine/Constant):00003         *
                      (./Engine/Constant):00004         * Naming convention
                      (./Engine/Constant):00005         * -----------------
                      (./Engine/Constant):00006         * - lower case
                      (./Engine/Constant):00007         * - underscore-separated names
                      (./Engine/Constant):00008         *
                      (./Engine/Constant):00009         * ---------------------------------------------------------------------------
                      (./Engine/Constant):00010         
                      (./Engine/Constant):00011         * ===========================================================================
                      (./Engine/Constant):00012         * TO8 Registers
                      (./Engine/Constant):00013         * ===========================================================================
                      (./Engine/Constant):00014         
                      (./Engine/Constant):00015         ; Disk routine registers (ROM)
                      (./Engine/Constant):00016         
     6049             (./Engine/Constant):00017         dk_drive                      equ $6049
     604A             (./Engine/Constant):00018         dk_track                      equ $604A
     604B             (./Engine/Constant):00019         dk_track_lsb                  equ $604B
     604C             (./Engine/Constant):00020         dk_sector                     equ $604C
     604F             (./Engine/Constant):00021         dk_write_location             equ $604F
                      (./Engine/Constant):00022         
                      (./Engine/Constant):00023         * ===========================================================================
                      (./Engine/Constant):00024         * Globals
                      (./Engine/Constant):00025         * ===========================================================================
                      (./Engine/Constant):00026         
     009F             (./Engine/Constant):00027         glb_direct_page               equ $9F    ; direct page for globals
                      (./Engine/Constant):00028         
                      (./Engine/Constant):00029         ; compilated sprite
     9FFE             (./Engine/Constant):00030         glb_register_s                equ $9FFE  ; reverved space to store S from ROM routines
                      (./Engine/Constant):00031         
                      (./Engine/Constant):00032         ; DrawSprites
     9FFC             (./Engine/Constant):00033         glb_screen_location_1         equ $9FFC  ; start address for rendering of current sprite Part1     
     9FFA             (./Engine/Constant):00034         glb_screen_location_2         equ $9FFA  ; start address for rendering of current sprite Part2 (Must follow Part1)
                      (./Engine/Constant):00035         
                      (./Engine/Constant):00036         ; CheckSpritesRefresh
     9FF9             (./Engine/Constant):00037         glb_cur_priority              equ $9FF9
     9FF7             (./Engine/Constant):00038         glb_cur_ptr_sub_obj_erase     equ $9FF7
     9FF5             (./Engine/Constant):00039         glb_cur_ptr_sub_obj_draw      equ $9FF5
     9FF3             (./Engine/Constant):00040         glb_camera_x_pos              equ $9FF3 ; camera x position in palyfield coordinates
     9FF1             (./Engine/Constant):00041         glb_camera_y_pos              equ $9FF1 ; camera y position in palyfield coordinates
     9FEF             (./Engine/Constant):00042         glb_camera_x_min_pos          equ $9FEF
     9FED             (./Engine/Constant):00043         glb_camera_y_min_pos          equ $9FED
     9FEB             (./Engine/Constant):00044         glb_camera_x_max_pos          equ $9FEB
     9FE9             (./Engine/Constant):00045         glb_camera_y_max_pos          equ $9FE9
     9FE8             (./Engine/Constant):00046         glb_force_sprite_refresh      equ $9FE8
     9FE7             (./Engine/Constant):00047         glb_camera_move               equ $9FE7
     9FE6             (./Engine/Constant):00048         glb_alphaTiles                equ $9FE6
     9F00             (./Engine/Constant):00049         glb_tmp_var                   equ $9F00 ; custom tmp var space for routine
     9F00             (./Engine/Constant):00050         glb_system_stack              equ $9F00
                      (./Engine/Constant):00051         
                      (./Engine/Constant):00052         * ===========================================================================
                      (./Engine/Constant):00053         * Display Constants
                      (./Engine/Constant):00054         * ===========================================================================
                      (./Engine/Constant):00055         
     00A0             (./Engine/Constant):00056         screen_width                  equ 160    ; in pixel
     001C             (./Engine/Constant):00057         screen_top                    equ 28     ; in pixel
     00E3             (./Engine/Constant):00058         screen_bottom                 equ 28+199 ; in pixel
     0030             (./Engine/Constant):00059         screen_left                   equ 48     ; in pixel
     00CF             (./Engine/Constant):00060         screen_right                  equ 48+159 ; in pixel
     0008             (./Engine/Constant):00061         nb_priority_levels            equ 8      ; number of priority levels (need code change if modified)
                      (./Engine/Constant):00062         
                      (./Engine/Constant):00063         * ===========================================================================
                      (./Engine/Constant):00064         * Images Constants
                      (./Engine/Constant):00065         * ===========================================================================
                      (./Engine/Constant):00066         
     0004             (./Engine/Constant):00067         image_x_size                  equ 4
     0005             (./Engine/Constant):00068         image_y_size                  equ 5
     0006             (./Engine/Constant):00069         image_center_offset           equ 6
                      (./Engine/Constant):00070         
     0004             (./Engine/Constant):00071         image_subset_x1_offset        equ 4
     0005             (./Engine/Constant):00072         image_subset_y1_offset        equ 5
                      (./Engine/Constant):00073         
     0000             (./Engine/Constant):00074         page_draw_routine             equ 0
     0001             (./Engine/Constant):00075         draw_routine                  equ 1
     0003             (./Engine/Constant):00076         page_erase_routine            equ 3
     0004             (./Engine/Constant):00077         erase_routine                 equ 4
     0006             (./Engine/Constant):00078         erase_nb_cell                 equ 6
                      (./Engine/Constant):00079         
                      (./Engine/Constant):00080         * ===========================================================================
                      (./Engine/Constant):00081         * Sound Constants
                      (./Engine/Constant):00082         * ===========================================================================
                      (./Engine/Constant):00083         
     0000             (./Engine/Constant):00084         sound_page        equ 0
     0001             (./Engine/Constant):00085         sound_start_addr  equ 1
     0003             (./Engine/Constant):00086         sound_end_addr    equ 3
     0005             (./Engine/Constant):00087         sound_meta_size   equ 5
                      (./Engine/Constant):00088         
                      (./Engine/Constant):00089         * ===========================================================================
                      (./Engine/Constant):00090         * Object Constants
                      (./Engine/Constant):00091         * ===========================================================================
                      (./Engine/Constant):00092         
     005D             (./Engine/Constant):00093         object_core_size              equ 93  ; the size of an object without ext_vars - DEPENDENCY ClearObj routine
     ????             (./Engine/Constant):00094         object_size                   equ object_core_size+ext_variables_size ; the size of a dynamic object
     ????             (./Engine/Constant):00095         next_object                   equ object_size
     005D             (./Engine/Constant):00096         ext_variables                 equ object_core_size ; start of reserved space for additionnal variables
                      (./Engine/Constant):00097         
     0000             (./Engine/Constant):00098         id                            equ 0           ; reference to object model id (ObjID_) (0: free slot)
     0001             (./Engine/Constant):00099         subtype                       equ 1           ; reference to object subtype (Sub_)
     0002             (./Engine/Constant):00100         render_flags                  equ 2
                      (./Engine/Constant):00101         
                      (./Engine/Constant):00102         * --- render_flags bitfield variables ---
     0001             (./Engine/Constant):00103         render_xmirror_mask           equ $01 ; (bit 0) DEPENDENCY should be bit 0 - tell display engine to mirror sprite on horizontal axis
     0002             (./Engine/Constant):00104         render_ymirror_mask           equ $02 ; (bit 1) DEPENDENCY should be bit 1 - tell display engine to mirror sprite on vertical axis
     0004             (./Engine/Constant):00105         render_overlay_mask           equ $04 ; (bit 2) DEPENDENCY should be bit 2 - compilated sprite with no background save
     0008             (./Engine/Constant):00106         render_motionless_mask        equ $08 ; (bit 3) tell display engine to compute sub image and position check only once until the flag is removed  
     0010             (./Engine/Constant):00107         render_playfieldcoord_mask    equ $10 ; (bit 4) tell display engine to use playfield (1) or screen (0) coordinates
     0020             (./Engine/Constant):00108         render_hide_mask              equ $20 ; (bit 5) tell display engine to hide sprite (keep priority and mapping_frame)
     0040             (./Engine/Constant):00109         render_todelete_mask          equ $40 ; (bit 6) tell display engine to delete sprite and clear OST for this object
     0080             (./Engine/Constant):00110         render_xloop_mask             equ $80 ; (bit 7) (screen coordinate) tell display engine to hide sprite when x is out of screen (0) or to display (1)  
                      (./Engine/Constant):00111          
     0003             (./Engine/Constant):00112         priority                      equ 3           ; display priority (0: nothing to display, 1:front, ..., 8:back)
     0004             (./Engine/Constant):00113         anim                          equ 4  ; and 5  ; reference to current animation (Ani_)
     0006             (./Engine/Constant):00114         prev_anim                     equ 6  ; and 7  ; reference to previous animation (Ani_)
     0008             (./Engine/Constant):00115         anim_frame                    equ 8           ; index of current frame in animation
     0009             (./Engine/Constant):00116         anim_frame_duration           equ 9           ; number of frames for each image in animation, range: 00-7F (0-127), 0 means display only during one frame
     000A             (./Engine/Constant):00117         anim_flags                    equ 10          ; byte offset to reference an anim_flags LUT (adv) / store a link flag (non adv)
                      (./Engine/Constant):00118         
                      (./Engine/Constant):00119         * --- anim_flags bitfield variables ---
     0001             (./Engine/Constant):00120         anim_link_mask                equ $01 ; (bit 0) if set, allow the load of a new animation without reseting anim_frame and anim_frame_duration
                      (./Engine/Constant):00121         
     000B             (./Engine/Constant):00122         status_flags                  equ 11          ; orientation of sprite, is applied to animation xmirror flag during AnimateSprite
                      (./Engine/Constant):00123         
                      (./Engine/Constant):00124         * --- status_flags bitfield variables ---
     0001             (./Engine/Constant):00125         status_xflip_mask             equ $01 ; (bit 0) X Flip
     0002             (./Engine/Constant):00126         status_yflip_mask             equ $02 ; (bit 1) Y Flip
                      (./Engine/Constant):00127         
     000C             (./Engine/Constant):00128         image_set                     equ 12 ; and 13 ; reference to current image (Img_) (0000 if no image)
     000E             (./Engine/Constant):00129         x_pos                         equ 14 ; and 15 ; x playfield coordinate
     0010             (./Engine/Constant):00130         x_sub                         equ 16          ; x subpixel (1/256 of a pixel), must follow x_pos in data structure
     0011             (./Engine/Constant):00131         y_pos                         equ 17 ; and 18 ; y playfield coordinate
     0013             (./Engine/Constant):00132         y_sub                         equ 19          ; y subpixel (1/256 of a pixel), must follow y_pos in data structure
     0014             (./Engine/Constant):00133         xy_pixel                      equ 20          ; x and y screen coordinate
     0014             (./Engine/Constant):00134         x_pixel                       equ 20          ; x screen coordinate
     0015             (./Engine/Constant):00135         y_pixel                       equ 21          ; y screen coordinate, must follow x_pixel
                      (./Engine/Constant):00136         ;x_offset                      equ 93          ; x screen coordinate offset that is applied at rendering
                      (./Engine/Constant):00137         ;y_offset                      equ 94          ; x screen coordinate offset that is applied at rendering
     0016             (./Engine/Constant):00138         x_vel                         equ 22 ; and 23 ; horizontal velocity
     0018             (./Engine/Constant):00139         y_vel                         equ 24 ; and 25 ; vertical velocity
     001A             (./Engine/Constant):00140         x_acl                         equ 26 ; and 27 ; horizontal gravity
     001C             (./Engine/Constant):00141         y_acl                         equ 28 ; and 29 ; vertical gravity
     001E             (./Engine/Constant):00142         routine                       equ 30          ; index of current object routine
     001F             (./Engine/Constant):00143         routine_secondary             equ 31          ; index of current secondary routine
     0020             (./Engine/Constant):00144         routine_tertiary              equ 32          ; index of current tertiary routine
     0021             (./Engine/Constant):00145         routine_quaternary            equ 33          ; index of current quaternary routine
                      (./Engine/Constant):00146         
                      (./Engine/Constant):00147         * ---------------------------------------------------------------------------
                      (./Engine/Constant):00148         * reserved variables (update by engine)
                      (./Engine/Constant):00149         
     0022             (./Engine/Constant):00150         rsv_render_flags              equ 34
                      (./Engine/Constant):00151         
                      (./Engine/Constant):00152         * --- rsv_render_flags bitfield variables ---
     0001             (./Engine/Constant):00153         rsv_render_checkrefresh_mask  equ $01 ; (bit 0) if erasesprite and display sprite flag are processed for this frame
     0002             (./Engine/Constant):00154         rsv_render_erasesprite_mask   equ $02 ; (bit 1) if a sprite need to be cleared on screen
     0004             (./Engine/Constant):00155         rsv_render_displaysprite_mask equ $04 ; (bit 2) if a sprite need to be rendered on screen
     0008             (./Engine/Constant):00156         rsv_render_outofrange_mask    equ $08 ; (bit 3) if a sprite is out of range for full rendering in screen
     0080             (./Engine/Constant):00157         rsv_render_onscreen_mask      equ $80 ; (bit 7) DEPENDENCY should be bit 7 - has been rendered on last screen buffer (may be 0 or 1)
                      (./Engine/Constant):00158         
     0023             (./Engine/Constant):00159         rsv_prev_anim                 equ 35 ; and 36 ; reference to previous animation (Ani_) w * UTILE ?
     0025             (./Engine/Constant):00160         rsv_image_center_offset       equ 37 ; 0 or 1 offset that indicate if image center is even or odd (DRS_XYToAddress)
     0026             (./Engine/Constant):00161         rsv_image_subset              equ 38 ; and 39 ; reference to current image regarding mirror flags w
     0028             (./Engine/Constant):00162         rsv_mapping_frame             equ 40 ; and 41 ; reference to current image regarding mirror flags, overlay flag and x precision w
     002A             (./Engine/Constant):00163         rsv_erase_nb_cell             equ 42 ; b 
     002B             (./Engine/Constant):00164         rsv_page_draw_routine         equ 43 ; b
     002C             (./Engine/Constant):00165         rsv_draw_routine              equ 44 ; and 45 ; w
     002E             (./Engine/Constant):00166         rsv_page_erase_routine        equ 46 ; b
     002F             (./Engine/Constant):00167         rsv_erase_routine             equ 47 ; and 48 ; w 
     0031             (./Engine/Constant):00168         rsv_xy1_pixel                 equ 49 ;
     0031             (./Engine/Constant):00169         rsv_x1_pixel                  equ 49 ; x+x_offset-(x_size/2) screen coordinate
     0032             (./Engine/Constant):00170         rsv_y1_pixel                  equ 50 ; y+y_offset-(y_size/2) screen coordinate, must follow rsv_x1_pixel
     0033             (./Engine/Constant):00171         rsv_xy2_pixel                 equ 51 ;
     0033             (./Engine/Constant):00172         rsv_x2_pixel                  equ 51 ; x+x_offset+(x_size/2) screen coordinate
     0034             (./Engine/Constant):00173         rsv_y2_pixel                  equ 52 ; y+y_offset+(y_size/2) screen coordinate, must follow rsv_x2_pixel
                      (./Engine/Constant):00174         
                      (./Engine/Constant):00175         * ---------------------------------------------------------------------------
                      (./Engine/Constant):00176         * reserved variables (engine) - buffer specific
                      (./Engine/Constant):00177         
     0035             (./Engine/Constant):00178         rsv_buffer_0                  equ 53 ; Start index of buffer 0 variables
     0035             (./Engine/Constant):00179         rsv_priority_0                equ 53 ; internal value that hold priority in video buffer 0
     0036             (./Engine/Constant):00180         rsv_priority_prev_obj_0       equ 54 ; and 55 ; previous object (OST address) in display priority list for video buffer 0 (0000 if none) w
     0038             (./Engine/Constant):00181         rsv_priority_next_obj_0       equ 56 ; and 57 ; next object (OST address) in display priority list for video buffer 0 (0000 if none) w
     003A             (./Engine/Constant):00182         rsv_prev_mapping_frame_0      equ 58 ; and 59 ; reference to previous image in video buffer 0 w
     003C             (./Engine/Constant):00183         rsv_prev_erase_nb_cell_0      equ 60 : b
     003D             (./Engine/Constant):00184         rsv_prev_page_erase_routine_0 equ 61 ; b
     003E             (./Engine/Constant):00185         rsv_prev_erase_routine_0      equ 62 ; and 63 ; w
     0040             (./Engine/Constant):00186         rsv_bgdata_0                  equ 64 ; and 65 ; address of background data in screen 0 w
     0042             (./Engine/Constant):00187         rsv_prev_xy_pixel_0           equ 66 ;
     0042             (./Engine/Constant):00188         rsv_prev_x_pixel_0            equ 66 ; previous x screen coordinate b
     0043             (./Engine/Constant):00189         rsv_prev_y_pixel_0            equ 67 ; previous y screen coordinate b, must follow x_pixel
     0044             (./Engine/Constant):00190         rsv_prev_xy1_pixel_0          equ 68 ;
     0044             (./Engine/Constant):00191         rsv_prev_x1_pixel_0           equ 68 ; previous x+x_offset-(x_size/2) screen coordinate b
     0045             (./Engine/Constant):00192         rsv_prev_y1_pixel_0           equ 69 ; previous y+y_offset-(y_size/2) screen coordinate b, must follow x1_pixel
     0046             (./Engine/Constant):00193         rsv_prev_xy2_pixel_0          equ 70 ;
     0046             (./Engine/Constant):00194         rsv_prev_x2_pixel_0           equ 70 ; previous x+x_offset+(x_size/2) screen coordinate b
     0047             (./Engine/Constant):00195         rsv_prev_y2_pixel_0           equ 71 ; previous y+y_offset+(y_size/2) screen coordinate b, must follow x2_pixel
     0048             (./Engine/Constant):00196         rsv_prev_render_flags_0       equ 72 ;
                      (./Engine/Constant):00197         * --- rsv_prev_render_flags_0 bitfield variables ---
     0001             (./Engine/Constant):00198         rsv_prev_render_overlay_mask  equ $01 ; (bit 0) if a sprite has been rendered with compilated sprite and no background save on screen buffer 0/1
     0080             (./Engine/Constant):00199         rsv_prev_render_onscreen_mask equ $80 ; (bit 7) DEPENDENCY should be bit 7 - has been rendered on screen buffer 0/1
                      (./Engine/Constant):00200         
     0049             (./Engine/Constant):00201         rsv_buffer_1                  equ 73 ; Start index of buffer 1 variables
     0049             (./Engine/Constant):00202         rsv_priority_1                equ 73 ; internal value that hold priority in video buffer 1
     004A             (./Engine/Constant):00203         rsv_priority_prev_obj_1       equ 74 ; and 75 ; previous object (OST address) in display priority list for video buffer 1 (0000 if none) w
     004C             (./Engine/Constant):00204         rsv_priority_next_obj_1       equ 76 ; and 77 ; next object (OST address) in display priority list for video buffer 1 (0000 if none) w
     004E             (./Engine/Constant):00205         rsv_prev_mapping_frame_1      equ 78 ; and 79 ; reference to previous image in video buffer 1 w
     0050             (./Engine/Constant):00206         rsv_prev_erase_nb_cell_1      equ 80 ; b
     0051             (./Engine/Constant):00207         rsv_prev_page_erase_routine_1 equ 81 ; b
     0052             (./Engine/Constant):00208         rsv_prev_erase_routine_1      equ 82 ; and 83 ; w
     0054             (./Engine/Constant):00209         rsv_bgdata_1                  equ 84 ; and 85 ; address of background data in screen 1 w
     0056             (./Engine/Constant):00210         rsv_prev_xy_pixel_1           equ 86 ;
     0056             (./Engine/Constant):00211         rsv_prev_x_pixel_1            equ 86 ; previous x screen coordinate b
     0057             (./Engine/Constant):00212         rsv_prev_y_pixel_1            equ 87 ; previous y screen coordinate b, must follow x_pixel
     0058             (./Engine/Constant):00213         rsv_prev_xy1_pixel_1          equ 88 ;
     0058             (./Engine/Constant):00214         rsv_prev_x1_pixel_1           equ 88 ; previous x+x_size screen coordinate b
     0059             (./Engine/Constant):00215         rsv_prev_y1_pixel_1           equ 89 ; previous y+y_size screen coordinate b, must follow x_pixel
     005A             (./Engine/Constant):00216         rsv_prev_xy2_pixel_1          equ 90 ;
     005A             (./Engine/Constant):00217         rsv_prev_x2_pixel_1           equ 90 ; previous x+x_size screen coordinate b
     005B             (./Engine/Constant):00218         rsv_prev_y2_pixel_1           equ 91 ; previous y+y_size screen coordinate b, must follow x_pixel
     005C             (./Engine/Constant):00219         rsv_prev_render_flags_1       equ 92 ;
                      (./Engine/Constant):00220         
     0000             (./Engine/Constant):00221         buf_priority                  equ 0  ; offset for each rsv_buffer variables
     0001             (./Engine/Constant):00222         buf_priority_prev_obj         equ 1  ;
     0003             (./Engine/Constant):00223         buf_priority_next_obj         equ 3  ;
     0005             (./Engine/Constant):00224         buf_prev_mapping_frame        equ 5  ;
     0007             (./Engine/Constant):00225         buf_erase_nb_cell             equ 7  ;
     0008             (./Engine/Constant):00226         buf_page_erase_routine        equ 8 ;
     0009             (./Engine/Constant):00227         buf_erase_routine             equ 9 ;
     000B             (./Engine/Constant):00228         buf_bgdata                    equ 11 ;
     000D             (./Engine/Constant):00229         buf_prev_xy_pixel             equ 13 ;
     000D             (./Engine/Constant):00230         buf_prev_x_pixel              equ 13 ;
     000E             (./Engine/Constant):00231         buf_prev_y_pixel              equ 14 ;
     000F             (./Engine/Constant):00232         buf_prev_xy1_pixel            equ 15 ;
     000F             (./Engine/Constant):00233         buf_prev_x1_pixel             equ 15 ;
     0010             (./Engine/Constant):00234         buf_prev_y1_pixel             equ 16 ;
     0011             (./Engine/Constant):00235         buf_prev_xy2_pixel            equ 17 ;
     0011             (./Engine/Constant):00236         buf_prev_x2_pixel             equ 17 ;
     0012             (./Engine/Constant):00237         buf_prev_y2_pixel             equ 18 ;
     0013             (./Engine/Constant):00238         buf_prev_render_flags         equ 19 ;
                      (./generated-code/):00002                 ORG $A000
     FF               (./generated-code/):00003                 SETDP $FF
                      (./generated-code/):00004                 OPT C,CT
A000                  (./generated-code/):00005                 BCKDRAW_Img_sonic_014_0
A000 10FF9FFE         (./generated-code/):00006 [7]     7               STS glb_register_s
                      (./generated-code/):00007                 
A004 32A4             (./generated-code/):00008 [4]     11              LEAS ,Y
A006 33C9FD81         (./generated-code/):00009 [8]     19              LEAU -639,U
                      (./generated-code/):00010                 
A00A ECC8AF           (./generated-code/):00011 [6]     25              LDD -81,U
A00D 3406             (./generated-code/):00012 [7]     32              PSHS D
A00F 86AA             (./generated-code/):00013 [2]     34              LDA #$aa
A011 C40F             (./generated-code/):00014 [2]     36              ANDB #$0F
A013 CAA0             (./generated-code/):00015 [2]     38              ORB #$a0
A015 EDC8AF           (./generated-code/):00016 [6]     44              STD -81,U
A018 A6C887           (./generated-code/):00017 [5]     49              LDA -121,U
A01B 3402             (./generated-code/):00018 [6]     55              PSHS A
A01D 84F0             (./generated-code/):00019 [2]     57              ANDA #$F0
A01F 8A0A             (./generated-code/):00020 [2]     59              ORA #$0a
A021 A7C887           (./generated-code/):00021 [5]     64              STA -121,U
A024 A6C879           (./generated-code/):00022 [5]     69              LDA 121,U
A027 3402             (./generated-code/):00023 [6]     75              PSHS A
A029 840F             (./generated-code/):00024 [2]     77              ANDA #$0F
A02B 8AA0             (./generated-code/):00025 [2]     79              ORA #$a0
A02D A7C879           (./generated-code/):00026 [5]     84              STA 121,U
A030 ECC8D6           (./generated-code/):00027 [6]     90              LDD -42,U
A033 3406             (./generated-code/):00028 [7]     97              PSHS D
A035 84F0             (./generated-code/):00029 [2]     99              ANDA #$F0
A037 8A09             (./generated-code/):00030 [2]     101             ORA #$09
A039 C6AA             (./generated-code/):00031 [2]     103             LDB #$aa
A03B EDC8D6           (./generated-code/):00032 [6]     109             STD -42,U
A03E ECC84F           (./generated-code/):00033 [6]     115             LDD 79,U
A041 3406             (./generated-code/):00034 [7]     122             PSHS D
A043 84F0             (./generated-code/):00035 [2]     124             ANDA #$F0
A045 8A09             (./generated-code/):00036 [2]     126             ORA #$09
A047 C6CC             (./generated-code/):00037 [2]     128             LDB #$cc
A049 EDC84F           (./generated-code/):00038 [6]     134             STD 79,U
A04C ECC877           (./generated-code/):00039 [6]     140             LDD 119,U
A04F 3406             (./generated-code/):00040 [7]     147             PSHS D
A051 84F0             (./generated-code/):00041 [2]     149             ANDA #$F0
A053 8A0A             (./generated-code/):00042 [2]     151             ORA #$0a
A055 C6CA             (./generated-code/):00043 [2]     153             LDB #$ca
A057 EDC877           (./generated-code/):00044 [6]     159             STD 119,U
A05A A6C8D8           (./generated-code/):00045 [5]     164             LDA -40,U
A05D AE5F             (./generated-code/):00046 [6]     170             LDX -1,U
A05F 10AEC827         (./generated-code/):00047 [7]     177             LDY 39,U
A063 3472             (./generated-code/):00048 [12]    189             PSHS U,Y,X,A
A065 869A             (./generated-code/):00049 [2]     191             LDA #$9a
A067 A7C8D8           (./generated-code/):00050 [5]     196             STA -40,U
A06A CC99EA           (./generated-code/):00051 [3]     199             LDD #$99ea
A06D ED5F             (./generated-code/):00052 [6]     205             STD -1,U
A06F C6CC             (./generated-code/):00053 [2]     207             LDB #$cc
A071 EDC827           (./generated-code/):00054 [6]     213             STD 39,U
A074 33C900A0         (./generated-code/):00055 [8]     221             LEAU 160,U
                      (./generated-code/):00056                 
A078 AE5F             (./generated-code/):00057 [6]     227             LDX -1,U
A07A 3410             (./generated-code/):00058 [7]     234             PSHS X
A07C CCA9AA           (./generated-code/):00059 [3]     237             LDD #$a9aa
A07F ED5F             (./generated-code/):00060 [6]     243             STD -1,U
A081 A641             (./generated-code/):00061 [5]     248             LDA 1,U
A083 3442             (./generated-code/):00062 [8]     256             PSHS U,A
A085 840F             (./generated-code/):00063 [2]     258             ANDA #$0F
A087 8AA0             (./generated-code/):00064 [2]     260             ORA #$a0
A089 A741             (./generated-code/):00065 [5]     265             STA 1,U
A08B 33C9009E         (./generated-code/):00066 [8]     273             LEAU 158,U
                      (./generated-code/):00067                 
A08F AEC889           (./generated-code/):00068 [6]     279             LDX -119,U
A092 CCAAAA           (./generated-code/):00069 [3]     282             LDD #$aaaa
A095 EDC889           (./generated-code/):00070 [6]     288             STD -119,U
A098 10AEC829         (./generated-code/):00071 [7]     295             LDY 41,U
A09C 3430             (./generated-code/):00072 [9]     304             PSHS Y,X
A09E 869A             (./generated-code/):00073 [2]     306             LDA #$9a
A0A0 EDC829           (./generated-code/):00074 [6]     312             STD 41,U
A0A3 ECC8B0           (./generated-code/):00075 [6]     318             LDD -80,U
A0A6 3406             (./generated-code/):00076 [7]     325             PSHS D
A0A8 84F0             (./generated-code/):00077 [2]     327             ANDA #$F0
A0AA 8A0A             (./generated-code/):00078 [2]     329             ORA #$0a
A0AC C6AA             (./generated-code/):00079 [2]     331             LDB #$aa
A0AE EDC8B0           (./generated-code/):00080 [6]     337             STD -80,U
A0B1 ECC8D8           (./generated-code/):00081 [6]     343             LDD -40,U
A0B4 3406             (./generated-code/):00082 [7]     350             PSHS D
A0B6 84F0             (./generated-code/):00083 [2]     352             ANDA #$F0
A0B8 8A0A             (./generated-code/):00084 [2]     354             ORA #$0a
A0BA C69A             (./generated-code/):00085 [2]     356             LDB #$9a
A0BC EDC8D8           (./generated-code/):00086 [6]     362             STD -40,U
A0BF ECC851           (./generated-code/):00087 [6]     368             LDD 81,U
A0C2 3406             (./generated-code/):00088 [7]     375             PSHS D
A0C4 84F0             (./generated-code/):00089 [2]     377             ANDA #$F0
A0C6 8A09             (./generated-code/):00090 [2]     379             ORA #$09
A0C8 C6AA             (./generated-code/):00091 [2]     381             LDB #$aa
A0CA EDC851           (./generated-code/):00092 [6]     387             STD 81,U
A0CD ECC8B2           (./generated-code/):00093 [6]     393             LDD -78,U
A0D0 3406             (./generated-code/):00094 [7]     400             PSHS D
A0D2 86AA             (./generated-code/):00095 [2]     402             LDA #$aa
A0D4 C40F             (./generated-code/):00096 [2]     404             ANDB #$0F
A0D6 CAA0             (./generated-code/):00097 [2]     406             ORB #$a0
A0D8 EDC8B2           (./generated-code/):00098 [6]     412             STD -78,U
A0DB ECC8DA           (./generated-code/):00099 [6]     418             LDD -38,U
A0DE 3406             (./generated-code/):00100 [7]     425             PSHS D
A0E0 86AA             (./generated-code/):00101 [2]     427             LDA #$aa
A0E2 C40F             (./generated-code/):00102 [2]     429             ANDB #$0F
A0E4 CAA0             (./generated-code/):00103 [2]     431             ORB #$a0
A0E6 EDC8DA           (./generated-code/):00104 [6]     437             STD -38,U
A0E9 A6C88B           (./generated-code/):00105 [5]     442             LDA -117,U
A0EC 3402             (./generated-code/):00106 [6]     448             PSHS A
A0EE 840F             (./generated-code/):00107 [2]     450             ANDA #$0F
A0F0 8AA0             (./generated-code/):00108 [2]     452             ORA #$a0
A0F2 A7C88B           (./generated-code/):00109 [5]     457             STA -117,U
A0F5 A643             (./generated-code/):00110 [5]     462             LDA 3,U
A0F7 3402             (./generated-code/):00111 [6]     468             PSHS A
A0F9 840F             (./generated-code/):00112 [2]     470             ANDA #$0F
A0FB 8AA0             (./generated-code/):00113 [2]     472             ORA #$a0
A0FD A743             (./generated-code/):00114 [5]     477             STA 3,U
A0FF A6C82B           (./generated-code/):00115 [5]     482             LDA 43,U
A102 3402             (./generated-code/):00116 [6]     488             PSHS A
A104 840F             (./generated-code/):00117 [2]     490             ANDA #$0F
A106 8AD0             (./generated-code/):00118 [2]     492             ORA #$d0
A108 A7C82B           (./generated-code/):00119 [5]     497             STA 43,U
A10B A6C853           (./generated-code/):00120 [5]     502             LDA 83,U
A10E 3402             (./generated-code/):00121 [6]     508             PSHS A
A110 840F             (./generated-code/):00122 [2]     510             ANDA #$0F
A112 8AD0             (./generated-code/):00123 [2]     512             ORA #$d0
A114 A7C853           (./generated-code/):00124 [5]     517             STA 83,U
A117 3712             (./generated-code/):00125 [8]     525             PULU A,X
A119 3452             (./generated-code/):00126 [10]    535             PSHS U,X,A
A11B 8699             (./generated-code/):00127 [2]     537             LDA #$99
A11D 8E9AAA           (./generated-code/):00128 [3]     540             LDX #$9aaa
A120 3612             (./generated-code/):00129 [8]     548             PSHU A,X
A122 33C879           (./generated-code/):00130 [5]     553             LEAU 121,U
                      (./generated-code/):00131                 
A125 3712             (./generated-code/):00132 [8]     561             PULU A,X
A127 3452             (./generated-code/):00133 [10]    571             PSHS U,X,A
A129 86A9             (./generated-code/):00134 [2]     573             LDA #$a9
A12B 8EEFEE           (./generated-code/):00135 [3]     576             LDX #$efee
A12E 3612             (./generated-code/):00136 [8]     584             PSHU A,X
A130 33C828           (./generated-code/):00137 [5]     589             LEAU 40,U
                      (./generated-code/):00138                 
A133 AEC828           (./generated-code/):00139 [6]     595             LDX 40,U
A136 CC99CC           (./generated-code/):00140 [3]     598             LDD #$99cc
A139 EDC828           (./generated-code/):00141 [6]     604             STD 40,U
A13C 10AEC850         (./generated-code/):00142 [7]     611             LDY 80,U
A140 3430             (./generated-code/):00143 [9]     620             PSHS Y,X
A142 C6EC             (./generated-code/):00144 [2]     622             LDB #$ec
A144 EDC850           (./generated-code/):00145 [6]     628             STD 80,U
A147 A6C879           (./generated-code/):00146 [5]     633             LDA 121,U
A14A E6C82A           (./generated-code/):00147 [5]     638             LDB 42,U
A14D 3406             (./generated-code/):00148 [7]     645             PSHS B,A
A14F C40F             (./generated-code/):00149 [2]     647             ANDB #$0F
A151 CA30             (./generated-code/):00150 [2]     649             ORB #$30
A153 E7C82A           (./generated-code/):00151 [5]     654             STB 42,U
A156 ECC877           (./generated-code/):00152 [6]     660             LDD 119,U
A159 3406             (./generated-code/):00153 [7]     667             PSHS D
A15B 84F0             (./generated-code/):00154 [2]     669             ANDA #$F0
A15D 8A0A             (./generated-code/):00155 [2]     671             ORA #$0a
A15F C699             (./generated-code/):00156 [2]     673             LDB #$99
A161 EDC877           (./generated-code/):00157 [6]     679             STD 119,U
A164 863E             (./generated-code/):00158 [2]     681             LDA #$3e
A166 A7C879           (./generated-code/):00159 [5]     686             STA 121,U
A169 3712             (./generated-code/):00160 [8]     694             PULU A,X
A16B 3452             (./generated-code/):00161 [10]    704             PSHS U,X,A
A16D 86A9             (./generated-code/):00162 [2]     706             LDA #$a9
A16F 8ECCED           (./generated-code/):00163 [3]     709             LDX #$cced
A172 3612             (./generated-code/):00164 [8]     717             PSHU A,X
A174 33C90118         (./generated-code/):00165 [8]     725             LEAU 280,U
                      (./generated-code/):00166                 
A178 AEC8B0           (./generated-code/):00167 [6]     731             LDX -80,U
A17B C6FF             (./generated-code/):00168 [2]     733             LDB #$ff
A17D EDC8B0           (./generated-code/):00169 [6]     739             STD -80,U
A180 10AEC8D8         (./generated-code/):00170 [7]     746             LDY -40,U
A184 3430             (./generated-code/):00171 [9]     755             PSHS Y,X
A186 ECC4             (./generated-code/):00172 [5]     760             LDD ,U
A188 AEC828           (./generated-code/):00173 [6]     766             LDX 40,U
A18B 3416             (./generated-code/):00174 [9]     775             PSHS X,D
A18D ECC888           (./generated-code/):00175 [6]     781             LDD -120,U
A190 3406             (./generated-code/):00176 [7]     788             PSHS D
A192 84F0             (./generated-code/):00177 [2]     790             ANDA #$F0
A194 8A09             (./generated-code/):00178 [2]     792             ORA #$09
A196 C63E             (./generated-code/):00179 [2]     794             LDB #$3e
A198 EDC888           (./generated-code/):00180 [6]     800             STD -120,U
A19B ECC850           (./generated-code/):00181 [6]     806             LDD 80,U
A19E 3406             (./generated-code/):00182 [7]     813             PSHS D
A1A0 84F0             (./generated-code/):00183 [2]     815             ANDA #$F0
A1A2 8A0D             (./generated-code/):00184 [2]     817             ORA #$0d
A1A4 C63E             (./generated-code/):00185 [2]     819             LDB #$3e
A1A6 EDC850           (./generated-code/):00186 [6]     825             STD 80,U
A1A9 CC99EF           (./generated-code/):00187 [3]     828             LDD #$99ef
A1AC EDC8D8           (./generated-code/):00188 [6]     834             STD -40,U
A1AF C6EE             (./generated-code/):00189 [2]     836             LDB #$ee
A1B1 EDC4             (./generated-code/):00190 [5]     841             STD ,U
A1B3 EDC828           (./generated-code/):00191 [6]     847             STD 40,U
A1B6 ECC878           (./generated-code/):00192 [6]     853             LDD 120,U
A1B9 3446             (./generated-code/):00193 [9]     862             PSHS U,D
A1BB 84F0             (./generated-code/):00194 [2]     864             ANDA #$F0
A1BD C40F             (./generated-code/):00195 [2]     866             ANDB #$0F
A1BF C30DD0           (./generated-code/):00196 [4]     870             ADDD #$0dd0
A1C2 EDC878           (./generated-code/):00197 [6]     876             STD 120,U
A1C5 33C9011A         (./generated-code/):00198 [8]     884             LEAU 282,U
                      (./generated-code/):00199                 
A1C9 A6C8AF           (./generated-code/):00200 [5]     889             LDA -81,U
A1CC E6C875           (./generated-code/):00201 [5]     894             LDB 117,U
A1CF AEC8D5           (./generated-code/):00202 [6]     900             LDX -43,U
A1D2 10AE5D           (./generated-code/):00203 [7]     907             LDY -3,U
A1D5 3436             (./generated-code/):00204 [11]    918             PSHS Y,X,B,A
A1D7 ECC84D           (./generated-code/):00205 [6]     924             LDD 77,U
A1DA 3406             (./generated-code/):00206 [7]     931             PSHS D
A1DC 86BF             (./generated-code/):00207 [2]     933             LDA #$bf
A1DE C40F             (./generated-code/):00208 [2]     935             ANDB #$0F
A1E0 CAF0             (./generated-code/):00209 [2]     937             ORB #$f0
A1E2 EDC84D           (./generated-code/):00210 [6]     943             STD 77,U
A1E5 A7C875           (./generated-code/):00211 [5]     948             STA 117,U
A1E8 AEC825           (./generated-code/):00212 [6]     954             LDX 37,U
A1EB 3410             (./generated-code/):00213 [7]     961             PSHS X
A1ED CCD3E9           (./generated-code/):00214 [3]     964             LDD #$d3e9
A1F0 EDC8D5           (./generated-code/):00215 [6]     970             STD -43,U
A1F3 A6C8D7           (./generated-code/):00216 [5]     975             LDA -41,U
A1F6 3402             (./generated-code/):00217 [6]     981             PSHS A
A1F8 84F0             (./generated-code/):00218 [2]     983             ANDA #$F0
A1FA 8A09             (./generated-code/):00219 [2]     985             ORA #$09
A1FC A7C8D7           (./generated-code/):00220 [5]     990             STA -41,U
A1FF A65F             (./generated-code/):00221 [5]     995             LDA -1,U
A201 3402             (./generated-code/):00222 [6]     1001            PSHS A
A203 84F0             (./generated-code/):00223 [2]     1003            ANDA #$F0
A205 8A0D             (./generated-code/):00224 [2]     1005            ORA #$0d
A207 A75F             (./generated-code/):00225 [5]     1010            STA -1,U
A209 A6C827           (./generated-code/):00226 [5]     1015            LDA 39,U
A20C 3402             (./generated-code/):00227 [6]     1021            PSHS A
A20E 84F0             (./generated-code/):00228 [2]     1023            ANDA #$F0
A210 8A0D             (./generated-code/):00229 [2]     1025            ORA #$0d
A212 A7C827           (./generated-code/):00230 [5]     1030            STA 39,U
A215 A6C851           (./generated-code/):00231 [5]     1035            LDA 81,U
A218 3402             (./generated-code/):00232 [6]     1041            PSHS A
A21A 840F             (./generated-code/):00233 [2]     1043            ANDA #$0F
A21C 8AB0             (./generated-code/):00234 [2]     1045            ORA #$b0
A21E A7C851           (./generated-code/):00235 [5]     1050            STA 81,U
A221 A6C879           (./generated-code/):00236 [5]     1055            LDA 121,U
A224 3402             (./generated-code/):00237 [6]     1061            PSHS A
A226 840F             (./generated-code/):00238 [2]     1063            ANDA #$0F
A228 8AD0             (./generated-code/):00239 [2]     1065            ORA #$d0
A22A A7C879           (./generated-code/):00240 [5]     1070            STA 121,U
A22D CCE3DA           (./generated-code/):00241 [3]     1073            LDD #$e3da
A230 ED5D             (./generated-code/):00242 [6]     1079            STD -3,U
A232 E7C8AF           (./generated-code/):00243 [5]     1084            STB -81,U
A235 863E             (./generated-code/):00244 [2]     1086            LDA #$3e
A237 EDC825           (./generated-code/):00245 [6]     1092            STD 37,U
A23A ECC877           (./generated-code/):00246 [6]     1098            LDD 119,U
A23D 3406             (./generated-code/):00247 [7]     1105            PSHS D
A23F 84F0             (./generated-code/):00248 [2]     1107            ANDA #$F0
A241 8A0E             (./generated-code/):00249 [2]     1109            ORA #$0e
A243 C6EB             (./generated-code/):00250 [2]     1111            LDB #$eb
A245 EDC877           (./generated-code/):00251 [6]     1117            STD 119,U
A248 ECC886           (./generated-code/):00252 [6]     1123            LDD -122,U
A24B 3406             (./generated-code/):00253 [7]     1130            PSHS D
A24D 84F0             (./generated-code/):00254 [2]     1132            ANDA #$F0
A24F C40F             (./generated-code/):00255 [2]     1134            ANDB #$0F
A251 C309D0           (./generated-code/):00256 [4]     1138            ADDD #$09d0
A254 EDC886           (./generated-code/):00257 [6]     1144            STD -122,U
A257 ECC8AD           (./generated-code/):00258 [6]     1150            LDD -83,U
A25A 3446             (./generated-code/):00259 [9]     1159            PSHS U,D
A25C 84F0             (./generated-code/):00260 [2]     1161            ANDA #$F0
A25E C4F0             (./generated-code/):00261 [2]     1163            ANDB #$F0
A260 C30D09           (./generated-code/):00262 [4]     1167            ADDD #$0d09
A263 EDC8AD           (./generated-code/):00263 [6]     1173            STD -83,U
A266 33C90103         (./generated-code/):00264 [8]     1181            LEAU 259,U
                      (./generated-code/):00265                 
A26A A6C83D           (./generated-code/):00266 [5]     1186            LDA 61,U
A26D E6C8ED           (./generated-code/):00267 [5]     1191            LDB -19,U
A270 3406             (./generated-code/):00268 [7]     1198            PSHS B,A
A272 ECC89C           (./generated-code/):00269 [6]     1204            LDD -100,U
A275 3406             (./generated-code/):00270 [7]     1211            PSHS D
A277 84F0             (./generated-code/):00271 [2]     1213            ANDA #$F0
A279 8A0D             (./generated-code/):00272 [2]     1215            ORA #$0d
A27B C6E3             (./generated-code/):00273 [2]     1217            LDB #$e3
A27D EDC89C           (./generated-code/):00274 [6]     1223            STD -100,U
A280 ECC8C4           (./generated-code/):00275 [6]     1229            LDD -60,U
A283 3406             (./generated-code/):00276 [7]     1236            PSHS D
A285 84F0             (./generated-code/):00277 [2]     1238            ANDA #$F0
A287 8A0D             (./generated-code/):00278 [2]     1240            ORA #$0d
A289 C6E3             (./generated-code/):00279 [2]     1242            LDB #$e3
A28B EDC8C4           (./generated-code/):00280 [6]     1248            STD -60,U
A28E A6C815           (./generated-code/):00281 [5]     1253            LDA 21,U
A291 E7C815           (./generated-code/):00282 [5]     1258            STB 21,U
A294 E6C89A           (./generated-code/):00283 [5]     1263            LDB -102,U
A297 3406             (./generated-code/):00284 [7]     1270            PSHS B,A
A299 86BC             (./generated-code/):00285 [2]     1272            LDA #$bc
A29B A7C89A           (./generated-code/):00286 [5]     1277            STA -102,U
A29E 86ED             (./generated-code/):00287 [2]     1279            LDA #$ed
A2A0 A7C8ED           (./generated-code/):00288 [5]     1284            STA -19,U
A2A3 A6C8C2           (./generated-code/):00289 [5]     1289            LDA -62,U
A2A6 E6C89E           (./generated-code/):00290 [5]     1294            LDB -98,U
A2A9 3406             (./generated-code/):00291 [7]     1301            PSHS B,A
A2AB C40F             (./generated-code/):00292 [2]     1303            ANDB #$0F
A2AD CA30             (./generated-code/):00293 [2]     1305            ORB #$30
A2AF E7C89E           (./generated-code/):00294 [5]     1310            STB -98,U
A2B2 A6C8C6           (./generated-code/):00295 [5]     1315            LDA -58,U
A2B5 3402             (./generated-code/):00296 [6]     1321            PSHS A
A2B7 840F             (./generated-code/):00297 [2]     1323            ANDA #$0F
A2B9 8AD0             (./generated-code/):00298 [2]     1325            ORA #$d0
A2BB A7C8C6           (./generated-code/):00299 [5]     1330            STA -58,U
A2BE A6C8EA           (./generated-code/):00300 [5]     1335            LDA -22,U
A2C1 3402             (./generated-code/):00301 [6]     1341            PSHS A
A2C3 840F             (./generated-code/):00302 [2]     1343            ANDA #$0F
A2C5 8A30             (./generated-code/):00303 [2]     1345            ORA #$30
A2C7 A7C8EA           (./generated-code/):00304 [5]     1350            STA -22,U
A2CA A6C865           (./generated-code/):00305 [5]     1355            LDA 101,U
A2CD 3442             (./generated-code/):00306 [8]     1363            PSHS U,A
A2CF 840F             (./generated-code/):00307 [2]     1365            ANDA #$0F
A2D1 8AD0             (./generated-code/):00308 [2]     1367            ORA #$d0
A2D3 A7C865           (./generated-code/):00309 [5]     1372            STA 101,U
A2D6 86DD             (./generated-code/):00310 [2]     1374            LDA #$dd
A2D8 A7C83D           (./generated-code/):00311 [5]     1379            STA 61,U
A2DB 86C3             (./generated-code/):00312 [2]     1381            LDA #$c3
A2DD A7C8C2           (./generated-code/):00313 [5]     1386            STA -62,U
                      (./generated-code/):00314                 
A2E0 DEFC             (./generated-code/):00315 [5]     1391            LDU <glb_screen_location_1
A2E2 33C9FD58         (./generated-code/):00316 [8]     1399            LEAU -680,U
                      (./generated-code/):00317                 
A2E6 ECC827           (./generated-code/):00318 [6]     1405            LDD 39,U
A2E9 3406             (./generated-code/):00319 [7]     1412            PSHS D
A2EB 84F0             (./generated-code/):00320 [2]     1414            ANDA #$F0
A2ED 8A09             (./generated-code/):00321 [2]     1416            ORA #$09
A2EF C6A9             (./generated-code/):00322 [2]     1418            LDB #$a9
A2F1 EDC827           (./generated-code/):00323 [6]     1424            STD 39,U
A2F4 A6C829           (./generated-code/):00324 [5]     1429            LDA 41,U
A2F7 E7C829           (./generated-code/):00325 [5]     1434            STB 41,U
A2FA AEC850           (./generated-code/):00326 [6]     1440            LDX 80,U
A2FD 3412             (./generated-code/):00327 [8]     1448            PSHS X,A
A2FF A641             (./generated-code/):00328 [5]     1453            LDA 1,U
A301 3402             (./generated-code/):00329 [6]     1459            PSHS A
A303 84F0             (./generated-code/):00330 [2]     1461            ANDA #$F0
A305 8A09             (./generated-code/):00331 [2]     1463            ORA #$09
A307 A741             (./generated-code/):00332 [5]     1468            STA 1,U
A309 A6C8B0           (./generated-code/):00333 [5]     1473            LDA -80,U
A30C AE5F             (./generated-code/):00334 [6]     1479            LDX -1,U
A30E 10AEC8D7         (./generated-code/):00335 [7]     1486            LDY -41,U
A312 3472             (./generated-code/):00336 [12]    1498            PSHS U,Y,X,A
A314 CCAAAA           (./generated-code/):00337 [3]     1501            LDD #$aaaa
A317 EDC8D7           (./generated-code/):00338 [6]     1507            STD -41,U
A31A A7C8B0           (./generated-code/):00339 [5]     1512            STA -80,U
A31D 8699             (./generated-code/):00340 [2]     1514            LDA #$99
A31F EDC850           (./generated-code/):00341 [6]     1520            STD 80,U
A322 869A             (./generated-code/):00342 [2]     1522            LDA #$9a
A324 ED5F             (./generated-code/):00343 [6]     1528            STD -1,U
A326 33C900EF         (./generated-code/):00344 [8]     1536            LEAU 239,U
                      (./generated-code/):00345                 
A32A AEC889           (./generated-code/):00346 [6]     1542            LDX -119,U
A32D 8699             (./generated-code/):00347 [2]     1544            LDA #$99
A32F EDC889           (./generated-code/):00348 [6]     1550            STD -119,U
A332 10AEC8B1         (./generated-code/):00349 [7]     1557            LDY -79,U
A336 3430             (./generated-code/):00350 [9]     1566            PSHS Y,X
A338 869C             (./generated-code/):00351 [2]     1568            LDA #$9c
A33A EDC8B1           (./generated-code/):00352 [6]     1574            STD -79,U
A33D ECC8D9           (./generated-code/):00353 [6]     1580            LDD -39,U
A340 3406             (./generated-code/):00354 [7]     1587            PSHS D
A342 CCAAAA           (./generated-code/):00355 [3]     1590            LDD #$aaaa
A345 EDC8D9           (./generated-code/):00356 [6]     1596            STD -39,U
A348 3712             (./generated-code/):00357 [8]     1604            PULU A,X
A34A 3452             (./generated-code/):00358 [10]    1614            PSHS U,X,A
A34C 8EAAEA           (./generated-code/):00359 [3]     1617            LDX #$aaea
A34F 3614             (./generated-code/):00360 [8]     1625            PSHU B,X
A351 33C828           (./generated-code/):00361 [5]     1630            LEAU 40,U
                      (./generated-code/):00362                 
A354 3712             (./generated-code/):00363 [8]     1638            PULU A,X
A356 3452             (./generated-code/):00364 [10]    1648            PSHS U,X,A
A358 8EAAFE           (./generated-code/):00365 [3]     1651            LDX #$aafe
A35B 3614             (./generated-code/):00366 [8]     1659            PSHU B,X
A35D 33C828           (./generated-code/):00367 [5]     1664            LEAU 40,U
                      (./generated-code/):00368                 
A360 3712             (./generated-code/):00369 [8]     1672            PULU A,X
A362 3452             (./generated-code/):00370 [10]    1682            PSHS U,X,A
A364 8699             (./generated-code/):00371 [2]     1684            LDA #$99
A366 8EAAFF           (./generated-code/):00372 [3]     1687            LDX #$aaff
A369 3612             (./generated-code/):00373 [8]     1695            PSHU A,X
A36B 33C828           (./generated-code/):00374 [5]     1700            LEAU 40,U
                      (./generated-code/):00375                 
A36E AEC829           (./generated-code/):00376 [6]     1706            LDX 41,U
A371 10AEC851         (./generated-code/):00377 [7]     1713            LDY 81,U
A375 3430             (./generated-code/):00378 [9]     1722            PSHS Y,X
A377 ECC879           (./generated-code/):00379 [6]     1728            LDD 121,U
A37A 3406             (./generated-code/):00380 [7]     1735            PSHS D
A37C CCAAFF           (./generated-code/):00381 [3]     1738            LDD #$aaff
A37F EDC829           (./generated-code/):00382 [6]     1744            STD 41,U
A382 EDC851           (./generated-code/):00383 [6]     1750            STD 81,U
A385 C6AF             (./generated-code/):00384 [2]     1752            LDB #$af
A387 EDC879           (./generated-code/):00385 [6]     1758            STD 121,U
A38A 3712             (./generated-code/):00386 [8]     1766            PULU A,X
A38C 3452             (./generated-code/):00387 [10]    1776            PSHS U,X,A
A38E 8699             (./generated-code/):00388 [2]     1778            LDA #$99
A390 8EAAFF           (./generated-code/):00389 [3]     1781            LDX #$aaff
A393 3612             (./generated-code/):00390 [8]     1789            PSHU A,X
A395 33C900C8         (./generated-code/):00391 [8]     1797            LEAU 200,U
                      (./generated-code/):00392                 
A399 ECC8D8           (./generated-code/):00393 [6]     1803            LDD -40,U
A39C 3406             (./generated-code/):00394 [7]     1810            PSHS D
A39E 84F0             (./generated-code/):00395 [2]     1812            ANDA #$F0
A3A0 8A0A             (./generated-code/):00396 [2]     1814            ORA #$0a
A3A2 C6AA             (./generated-code/):00397 [2]     1816            LDB #$aa
A3A4 EDC8D8           (./generated-code/):00398 [6]     1822            STD -40,U
A3A7 A6C8DA           (./generated-code/):00399 [5]     1827            LDA -38,U
A3AA 3402             (./generated-code/):00400 [6]     1833            PSHS A
A3AC 86FC             (./generated-code/):00401 [2]     1835            LDA #$fc
A3AE A7C8DA           (./generated-code/):00402 [5]     1840            STA -38,U
A3B1 3712             (./generated-code/):00403 [8]     1848            PULU A,X
A3B3 3452             (./generated-code/):00404 [10]    1858            PSHS U,X,A
A3B5 8E9ACC           (./generated-code/):00405 [3]     1861            LDX #$9acc
A3B8 3614             (./generated-code/):00406 [8]     1869            PSHU B,X
A3BA 33C828           (./generated-code/):00407 [5]     1874            LEAU 40,U
                      (./generated-code/):00408                 
A3BD 3712             (./generated-code/):00409 [8]     1882            PULU A,X
A3BF 3452             (./generated-code/):00410 [10]    1892            PSHS U,X,A
A3C1 86A9             (./generated-code/):00411 [2]     1894            LDA #$a9
A3C3 8E99CE           (./generated-code/):00412 [3]     1897            LDX #$99ce
A3C6 3612             (./generated-code/):00413 [8]     1905            PSHU A,X
A3C8 33C828           (./generated-code/):00414 [5]     1910            LEAU 40,U
                      (./generated-code/):00415                 
A3CB AEC829           (./generated-code/):00416 [6]     1916            LDX 41,U
A3CE CC3EFE           (./generated-code/):00417 [3]     1919            LDD #$3efe
A3D1 EDC829           (./generated-code/):00418 [6]     1925            STD 41,U
A3D4 10AEC851         (./generated-code/):00419 [7]     1932            LDY 81,U
A3D8 3430             (./generated-code/):00420 [9]     1941            PSHS Y,X
A3DA ECC879           (./generated-code/):00421 [6]     1947            LDD 121,U
A3DD 3406             (./generated-code/):00422 [7]     1954            PSHS D
A3DF CC3CFF           (./generated-code/):00423 [3]     1957            LDD #$3cff
A3E2 EDC851           (./generated-code/):00424 [6]     1963            STD 81,U
A3E5 86A3             (./generated-code/):00425 [2]     1965            LDA #$a3
A3E7 EDC879           (./generated-code/):00426 [6]     1971            STD 121,U
A3EA 3712             (./generated-code/):00427 [8]     1979            PULU A,X
A3EC 3452             (./generated-code/):00428 [10]    1989            PSHS U,X,A
A3EE 8699             (./generated-code/):00429 [2]     1991            LDA #$99
A3F0 8E9EEE           (./generated-code/):00430 [3]     1994            LDX #$9eee
A3F3 3612             (./generated-code/):00431 [8]     2002            PSHU A,X
A3F5 33C90118         (./generated-code/):00432 [8]     2010            LEAU 280,U
                      (./generated-code/):00433                 
A3F9 A6C878           (./generated-code/):00434 [5]     2015            LDA 120,U
A3FC E6C88A           (./generated-code/):00435 [5]     2020            LDB -118,U
A3FF AEC8D9           (./generated-code/):00436 [6]     2026            LDX -39,U
A402 3416             (./generated-code/):00437 [9]     2035            PSHS X,B,A
A404 ECC828           (./generated-code/):00438 [6]     2041            LDD 40,U
A407 3406             (./generated-code/):00439 [7]     2048            PSHS D
A409 86DD             (./generated-code/):00440 [2]     2050            LDA #$dd
A40B C40F             (./generated-code/):00441 [2]     2052            ANDB #$0F
A40D CAA0             (./generated-code/):00442 [2]     2054            ORB #$a0
A40F EDC828           (./generated-code/):00443 [6]     2060            STD 40,U
A412 ECC850           (./generated-code/):00444 [6]     2066            LDD 80,U
A415 3406             (./generated-code/):00445 [7]     2073            PSHS D
A417 863D             (./generated-code/):00446 [2]     2075            LDA #$3d
A419 C40F             (./generated-code/):00447 [2]     2077            ANDB #$0F
A41B CAA0             (./generated-code/):00448 [2]     2079            ORB #$a0
A41D EDC850           (./generated-code/):00449 [6]     2085            STD 80,U
A420 86FE             (./generated-code/):00450 [2]     2087            LDA #$fe
A422 A7C88A           (./generated-code/):00451 [5]     2092            STA -118,U
A425 A6C8B2           (./generated-code/):00452 [5]     2097            LDA -78,U
A428 E641             (./generated-code/):00453 [5]     2102            LDB 1,U
A42A 3406             (./generated-code/):00454 [7]     2109            PSHS B,A
A42C ECC888           (./generated-code/):00455 [6]     2115            LDD -120,U
A42F 3406             (./generated-code/):00456 [7]     2122            PSHS D
A431 84F0             (./generated-code/):00457 [2]     2124            ANDA #$F0
A433 8A0A             (./generated-code/):00458 [2]     2126            ORA #$0a
A435 C6AE             (./generated-code/):00459 [2]     2128            LDB #$ae
A437 EDC888           (./generated-code/):00460 [6]     2134            STD -120,U
A43A ECC8B0           (./generated-code/):00461 [6]     2140            LDD -80,U
A43D 3446             (./generated-code/):00462 [9]     2149            PSHS U,D
A43F 84F0             (./generated-code/):00463 [2]     2151            ANDA #$F0
A441 8A09             (./generated-code/):00464 [2]     2153            ORA #$09
A443 C6AE             (./generated-code/):00465 [2]     2155            LDB #$ae
A445 EDC8B0           (./generated-code/):00466 [6]     2161            STD -80,U
A448 CC9EEE           (./generated-code/):00467 [3]     2164            LDD #$9eee
A44B EDC8D9           (./generated-code/):00468 [6]     2170            STD -39,U
A44E 8633             (./generated-code/):00469 [2]     2172            LDA #$33
A450 A7C878           (./generated-code/):00470 [5]     2177            STA 120,U
A453 E7C8B2           (./generated-code/):00471 [5]     2182            STB -78,U
A456 8693             (./generated-code/):00472 [2]     2184            LDA #$93
A458 A741             (./generated-code/):00473 [5]     2189            STA 1,U
A45A 33C90119         (./generated-code/):00474 [8]     2197            LEAU 281,U
                      (./generated-code/):00475                 
A45E A6C876           (./generated-code/):00476 [5]     2202            LDA 118,U
A461 E6C887           (./generated-code/):00477 [5]     2207            LDB -121,U
A464 AEC851           (./generated-code/):00478 [6]     2213            LDX 81,U
A467 10AEC829         (./generated-code/):00479 [7]     2220            LDY 41,U
A46B 3436             (./generated-code/):00480 [11]    2231            PSHS Y,X,B,A
A46D EC5E             (./generated-code/):00481 [6]     2237            LDD -2,U
A46F AE41             (./generated-code/):00482 [6]     2243            LDX 1,U
A471 3416             (./generated-code/):00483 [9]     2252            PSHS X,D
A473 A6C84E           (./generated-code/):00484 [5]     2257            LDA 78,U
A476 E6C8B1           (./generated-code/):00485 [5]     2262            LDB -79,U
A479 3406             (./generated-code/):00486 [7]     2269            PSHS B,A
A47B C40F             (./generated-code/):00487 [2]     2271            ANDB #$0F
A47D CAA0             (./generated-code/):00488 [2]     2273            ORB #$a0
A47F E7C8B1           (./generated-code/):00489 [5]     2278            STB -79,U
A482 AEC879           (./generated-code/):00490 [6]     2284            LDX 121,U
A485 3410             (./generated-code/):00491 [7]     2291            PSHS X
A487 86BB             (./generated-code/):00492 [2]     2293            LDA #$bb
A489 A7C84E           (./generated-code/):00493 [5]     2298            STA 78,U
A48C CCE3B3           (./generated-code/):00494 [3]     2301            LDD #$e3b3
A48F ED41             (./generated-code/):00495 [6]     2307            STD 1,U
A491 ECC8AE           (./generated-code/):00496 [6]     2313            LDD -82,U
A494 3406             (./generated-code/):00497 [7]     2320            PSHS D
A496 84F0             (./generated-code/):00498 [2]     2322            ANDA #$F0
A498 8A0D             (./generated-code/):00499 [2]     2324            ORA #$0d
A49A C6BE             (./generated-code/):00500 [2]     2326            LDB #$be
A49C EDC8AE           (./generated-code/):00501 [6]     2332            STD -82,U
A49F ECC8D6           (./generated-code/):00502 [6]     2338            LDD -42,U
A4A2 3406             (./generated-code/):00503 [7]     2345            PSHS D
A4A4 84F0             (./generated-code/):00504 [2]     2347            ANDA #$F0
A4A6 8A03             (./generated-code/):00505 [2]     2349            ORA #$03
A4A8 C6C3             (./generated-code/):00506 [2]     2351            LDB #$c3
A4AA EDC8D6           (./generated-code/):00507 [6]     2357            STD -42,U
A4AD 86BC             (./generated-code/):00508 [2]     2359            LDA #$bc
A4AF A7C876           (./generated-code/):00509 [5]     2364            STA 118,U
A4B2 CC333D           (./generated-code/):00510 [3]     2367            LDD #$333d
A4B5 EDC879           (./generated-code/):00511 [6]     2373            STD 121,U
A4B8 CCD3D3           (./generated-code/):00512 [3]     2376            LDD #$d3d3
A4BB EDC851           (./generated-code/):00513 [6]     2382            STD 81,U
A4BE CCEB3D           (./generated-code/):00514 [3]     2385            LDD #$eb3d
A4C1 EDC829           (./generated-code/):00515 [6]     2391            STD 41,U
A4C4 86BE             (./generated-code/):00516 [2]     2393            LDA #$be
A4C6 A7C887           (./generated-code/):00517 [5]     2398            STA -121,U
A4C9 ECC8D9           (./generated-code/):00518 [6]     2404            LDD -39,U
A4CC 3406             (./generated-code/):00519 [7]     2411            PSHS D
A4CE 86EE             (./generated-code/):00520 [2]     2413            LDA #$ee
A4D0 C4F0             (./generated-code/):00521 [2]     2415            ANDB #$F0
A4D2 CA0B             (./generated-code/):00522 [2]     2417            ORB #$0b
A4D4 EDC8D9           (./generated-code/):00523 [6]     2423            STD -39,U
A4D7 ECC826           (./generated-code/):00524 [6]     2429            LDD 38,U
A4DA 3446             (./generated-code/):00525 [9]     2438            PSHS U,D
A4DC 863B             (./generated-code/):00526 [2]     2440            LDA #$3b
A4DE C40F             (./generated-code/):00527 [2]     2442            ANDB #$0F
A4E0 CAF0             (./generated-code/):00528 [2]     2444            ORB #$f0
A4E2 EDC826           (./generated-code/):00529 [6]     2450            STD 38,U
A4E5 CCDBC3           (./generated-code/):00530 [3]     2453            LDD #$dbc3
A4E8 ED5E             (./generated-code/):00531 [6]     2459            STD -2,U
A4EA 33C900C8         (./generated-code/):00532 [8]     2467            LEAU 200,U
                      (./generated-code/):00533                 
A4EE A6C8D6           (./generated-code/):00534 [5]     2472            LDA -42,U
A4F1 3402             (./generated-code/):00535 [6]     2478            PSHS A
A4F3 86B3             (./generated-code/):00536 [2]     2480            LDA #$b3
A4F5 A7C8D6           (./generated-code/):00537 [5]     2485            STA -42,U
A4F8 ECC8D9           (./generated-code/):00538 [6]     2491            LDD -39,U
A4FB 3406             (./generated-code/):00539 [7]     2498            PSHS D
A4FD 8633             (./generated-code/):00540 [2]     2500            LDA #$33
A4FF C40F             (./generated-code/):00541 [2]     2502            ANDB #$0F
A501 CAD0             (./generated-code/):00542 [2]     2504            ORB #$d0
A503 EDC8D9           (./generated-code/):00543 [6]     2510            STD -39,U
A506 A641             (./generated-code/):00544 [5]     2515            LDA 1,U
A508 E6C829           (./generated-code/):00545 [5]     2520            LDB 41,U
A50B 3446             (./generated-code/):00546 [9]     2529            PSHS U,B,A
A50D 863D             (./generated-code/):00547 [2]     2531            LDA #$3d
A50F A741             (./generated-code/):00548 [5]     2536            STA 1,U
A511 86DD             (./generated-code/):00549 [2]     2538            LDA #$dd
A513 A7C829           (./generated-code/):00550 [5]     2543            STA 41,U
A516 33E4             (./generated-code/):00551 [4]     2547            LEAU ,S
A518                  (./generated-code/):00552                 SSAV_Img_sonic_014_0
A518 10FE9FFE         (./generated-code/):00553 [7]     2554            LDS glb_register_s
A51C 39               (./generated-code/):00554 [5]     2559            RTS
                      (./generated-code/):00555                 
