                      (./generated-code/):00001                 INCLUDE "./Engine/Constants.asm"
                      (./Engine/Constant):00001         * ---------------------------------------------------------------------------
                      (./Engine/Constant):00002         * Constants
                      (./Engine/Constant):00003         *
                      (./Engine/Constant):00004         * Naming convention
                      (./Engine/Constant):00005         * -----------------
                      (./Engine/Constant):00006         * - lower case
                      (./Engine/Constant):00007         * - underscore-separated names
                      (./Engine/Constant):00008         *
                      (./Engine/Constant):00009         * ---------------------------------------------------------------------------
                      (./Engine/Constant):00010         
                      (./Engine/Constant):00011         * ===========================================================================
                      (./Engine/Constant):00012         * TO8 Registers
                      (./Engine/Constant):00013         * ===========================================================================
                      (./Engine/Constant):00014         
                      (./Engine/Constant):00015         ; Disk routine registers (ROM)
                      (./Engine/Constant):00016         
     6049             (./Engine/Constant):00017         dk_drive                      equ $6049
     604A             (./Engine/Constant):00018         dk_track                      equ $604A
     604B             (./Engine/Constant):00019         dk_track_lsb                  equ $604B
     604C             (./Engine/Constant):00020         dk_sector                     equ $604C
     604F             (./Engine/Constant):00021         dk_write_location             equ $604F
                      (./Engine/Constant):00022         
                      (./Engine/Constant):00023         * ===========================================================================
                      (./Engine/Constant):00024         * Globals
                      (./Engine/Constant):00025         * ===========================================================================
                      (./Engine/Constant):00026         
     009F             (./Engine/Constant):00027         glb_direct_page               equ $9F    ; direct page for globals
                      (./Engine/Constant):00028         
                      (./Engine/Constant):00029         ; compilated sprite
     9FFE             (./Engine/Constant):00030         glb_register_s                equ $9FFE  ; reverved space to store S from ROM routines
                      (./Engine/Constant):00031         
                      (./Engine/Constant):00032         ; DrawSprites
     9FFC             (./Engine/Constant):00033         glb_screen_location_1         equ $9FFC  ; start address for rendering of current sprite Part1     
     9FFA             (./Engine/Constant):00034         glb_screen_location_2         equ $9FFA  ; start address for rendering of current sprite Part2 (Must follow Part1)
                      (./Engine/Constant):00035         
                      (./Engine/Constant):00036         ; CheckSpritesRefresh
     9FF9             (./Engine/Constant):00037         glb_cur_priority              equ $9FF9
     9FF7             (./Engine/Constant):00038         glb_cur_ptr_sub_obj_erase     equ $9FF7
     9FF5             (./Engine/Constant):00039         glb_cur_ptr_sub_obj_draw      equ $9FF5
     9FF3             (./Engine/Constant):00040         glb_camera_x_pos              equ $9FF3 ; camera x position in palyfield coordinates
     9FF1             (./Engine/Constant):00041         glb_camera_y_pos              equ $9FF1 ; camera y position in palyfield coordinates
     9FEF             (./Engine/Constant):00042         glb_camera_x_min_pos          equ $9FEF
     9FED             (./Engine/Constant):00043         glb_camera_y_min_pos          equ $9FED
     9FEB             (./Engine/Constant):00044         glb_camera_x_max_pos          equ $9FEB
     9FE9             (./Engine/Constant):00045         glb_camera_y_max_pos          equ $9FE9
     9FE8             (./Engine/Constant):00046         glb_force_sprite_refresh      equ $9FE8
     9FE7             (./Engine/Constant):00047         glb_camera_move               equ $9FE7
     9FE6             (./Engine/Constant):00048         glb_alphaTiles                equ $9FE6
     9F00             (./Engine/Constant):00049         glb_tmp_var                   equ $9F00 ; custom tmp var space for routine
     9F00             (./Engine/Constant):00050         glb_system_stack              equ $9F00
                      (./Engine/Constant):00051         
                      (./Engine/Constant):00052         * ===========================================================================
                      (./Engine/Constant):00053         * Display Constants
                      (./Engine/Constant):00054         * ===========================================================================
                      (./Engine/Constant):00055         
     00A0             (./Engine/Constant):00056         screen_width                  equ 160    ; in pixel
     001C             (./Engine/Constant):00057         screen_top                    equ 28     ; in pixel
     00E3             (./Engine/Constant):00058         screen_bottom                 equ 28+199 ; in pixel
     0030             (./Engine/Constant):00059         screen_left                   equ 48     ; in pixel
     00CF             (./Engine/Constant):00060         screen_right                  equ 48+159 ; in pixel
     0008             (./Engine/Constant):00061         nb_priority_levels            equ 8      ; number of priority levels (need code change if modified)
                      (./Engine/Constant):00062         
                      (./Engine/Constant):00063         * ===========================================================================
                      (./Engine/Constant):00064         * Images Constants
                      (./Engine/Constant):00065         * ===========================================================================
                      (./Engine/Constant):00066         
     0004             (./Engine/Constant):00067         image_x_size                  equ 4
     0005             (./Engine/Constant):00068         image_y_size                  equ 5
     0006             (./Engine/Constant):00069         image_center_offset           equ 6
                      (./Engine/Constant):00070         
     0004             (./Engine/Constant):00071         image_subset_x1_offset        equ 4
     0005             (./Engine/Constant):00072         image_subset_y1_offset        equ 5
                      (./Engine/Constant):00073         
     0000             (./Engine/Constant):00074         page_draw_routine             equ 0
     0001             (./Engine/Constant):00075         draw_routine                  equ 1
     0003             (./Engine/Constant):00076         page_erase_routine            equ 3
     0004             (./Engine/Constant):00077         erase_routine                 equ 4
     0006             (./Engine/Constant):00078         erase_nb_cell                 equ 6
                      (./Engine/Constant):00079         
                      (./Engine/Constant):00080         * ===========================================================================
                      (./Engine/Constant):00081         * Sound Constants
                      (./Engine/Constant):00082         * ===========================================================================
                      (./Engine/Constant):00083         
     0000             (./Engine/Constant):00084         sound_page        equ 0
     0001             (./Engine/Constant):00085         sound_start_addr  equ 1
     0003             (./Engine/Constant):00086         sound_end_addr    equ 3
     0005             (./Engine/Constant):00087         sound_meta_size   equ 5
                      (./Engine/Constant):00088         
                      (./Engine/Constant):00089         * ===========================================================================
                      (./Engine/Constant):00090         * Object Constants
                      (./Engine/Constant):00091         * ===========================================================================
                      (./Engine/Constant):00092         
     005D             (./Engine/Constant):00093         object_core_size              equ 93  ; the size of an object without ext_vars - DEPENDENCY ClearObj routine
     ????             (./Engine/Constant):00094         object_size                   equ object_core_size+ext_variables_size ; the size of a dynamic object
     ????             (./Engine/Constant):00095         next_object                   equ object_size
     005D             (./Engine/Constant):00096         ext_variables                 equ object_core_size ; start of reserved space for additionnal variables
                      (./Engine/Constant):00097         
     0000             (./Engine/Constant):00098         id                            equ 0           ; reference to object model id (ObjID_) (0: free slot)
     0001             (./Engine/Constant):00099         subtype                       equ 1           ; reference to object subtype (Sub_)
     0002             (./Engine/Constant):00100         render_flags                  equ 2
                      (./Engine/Constant):00101         
                      (./Engine/Constant):00102         * --- render_flags bitfield variables ---
     0001             (./Engine/Constant):00103         render_xmirror_mask           equ $01 ; (bit 0) DEPENDENCY should be bit 0 - tell display engine to mirror sprite on horizontal axis
     0002             (./Engine/Constant):00104         render_ymirror_mask           equ $02 ; (bit 1) DEPENDENCY should be bit 1 - tell display engine to mirror sprite on vertical axis
     0004             (./Engine/Constant):00105         render_overlay_mask           equ $04 ; (bit 2) DEPENDENCY should be bit 2 - compilated sprite with no background save
     0008             (./Engine/Constant):00106         render_motionless_mask        equ $08 ; (bit 3) tell display engine to compute sub image and position check only once until the flag is removed  
     0010             (./Engine/Constant):00107         render_playfieldcoord_mask    equ $10 ; (bit 4) tell display engine to use playfield (1) or screen (0) coordinates
     0020             (./Engine/Constant):00108         render_hide_mask              equ $20 ; (bit 5) tell display engine to hide sprite (keep priority and mapping_frame)
     0040             (./Engine/Constant):00109         render_todelete_mask          equ $40 ; (bit 6) tell display engine to delete sprite and clear OST for this object
     0080             (./Engine/Constant):00110         render_xloop_mask             equ $80 ; (bit 7) (screen coordinate) tell display engine to hide sprite when x is out of screen (0) or to display (1)  
                      (./Engine/Constant):00111          
     0003             (./Engine/Constant):00112         priority                      equ 3           ; display priority (0: nothing to display, 1:front, ..., 8:back)
     0004             (./Engine/Constant):00113         anim                          equ 4  ; and 5  ; reference to current animation (Ani_)
     0006             (./Engine/Constant):00114         prev_anim                     equ 6  ; and 7  ; reference to previous animation (Ani_)
     0008             (./Engine/Constant):00115         anim_frame                    equ 8           ; index of current frame in animation
     0009             (./Engine/Constant):00116         anim_frame_duration           equ 9           ; number of frames for each image in animation, range: 00-7F (0-127), 0 means display only during one frame
     000A             (./Engine/Constant):00117         anim_flags                    equ 10          ; byte offset to reference an anim_flags LUT (adv) / store a link flag (non adv)
                      (./Engine/Constant):00118         
                      (./Engine/Constant):00119         * --- anim_flags bitfield variables ---
     0001             (./Engine/Constant):00120         anim_link_mask                equ $01 ; (bit 0) if set, allow the load of a new animation without reseting anim_frame and anim_frame_duration
                      (./Engine/Constant):00121         
     000B             (./Engine/Constant):00122         status_flags                  equ 11          ; orientation of sprite, is applied to animation xmirror flag during AnimateSprite
                      (./Engine/Constant):00123         
                      (./Engine/Constant):00124         * --- status_flags bitfield variables ---
     0001             (./Engine/Constant):00125         status_xflip_mask             equ $01 ; (bit 0) X Flip
     0002             (./Engine/Constant):00126         status_yflip_mask             equ $02 ; (bit 1) Y Flip
                      (./Engine/Constant):00127         
     000C             (./Engine/Constant):00128         image_set                     equ 12 ; and 13 ; reference to current image (Img_) (0000 if no image)
     000E             (./Engine/Constant):00129         x_pos                         equ 14 ; and 15 ; x playfield coordinate
     0010             (./Engine/Constant):00130         x_sub                         equ 16          ; x subpixel (1/256 of a pixel), must follow x_pos in data structure
     0011             (./Engine/Constant):00131         y_pos                         equ 17 ; and 18 ; y playfield coordinate
     0013             (./Engine/Constant):00132         y_sub                         equ 19          ; y subpixel (1/256 of a pixel), must follow y_pos in data structure
     0014             (./Engine/Constant):00133         xy_pixel                      equ 20          ; x and y screen coordinate
     0014             (./Engine/Constant):00134         x_pixel                       equ 20          ; x screen coordinate
     0015             (./Engine/Constant):00135         y_pixel                       equ 21          ; y screen coordinate, must follow x_pixel
                      (./Engine/Constant):00136         ;x_offset                      equ 93          ; x screen coordinate offset that is applied at rendering
                      (./Engine/Constant):00137         ;y_offset                      equ 94          ; x screen coordinate offset that is applied at rendering
     0016             (./Engine/Constant):00138         x_vel                         equ 22 ; and 23 ; horizontal velocity
     0018             (./Engine/Constant):00139         y_vel                         equ 24 ; and 25 ; vertical velocity
     001A             (./Engine/Constant):00140         x_acl                         equ 26 ; and 27 ; horizontal gravity
     001C             (./Engine/Constant):00141         y_acl                         equ 28 ; and 29 ; vertical gravity
     001E             (./Engine/Constant):00142         routine                       equ 30          ; index of current object routine
     001F             (./Engine/Constant):00143         routine_secondary             equ 31          ; index of current secondary routine
     0020             (./Engine/Constant):00144         routine_tertiary              equ 32          ; index of current tertiary routine
     0021             (./Engine/Constant):00145         routine_quaternary            equ 33          ; index of current quaternary routine
                      (./Engine/Constant):00146         
                      (./Engine/Constant):00147         * ---------------------------------------------------------------------------
                      (./Engine/Constant):00148         * reserved variables (update by engine)
                      (./Engine/Constant):00149         
     0022             (./Engine/Constant):00150         rsv_render_flags              equ 34
                      (./Engine/Constant):00151         
                      (./Engine/Constant):00152         * --- rsv_render_flags bitfield variables ---
     0001             (./Engine/Constant):00153         rsv_render_checkrefresh_mask  equ $01 ; (bit 0) if erasesprite and display sprite flag are processed for this frame
     0002             (./Engine/Constant):00154         rsv_render_erasesprite_mask   equ $02 ; (bit 1) if a sprite need to be cleared on screen
     0004             (./Engine/Constant):00155         rsv_render_displaysprite_mask equ $04 ; (bit 2) if a sprite need to be rendered on screen
     0008             (./Engine/Constant):00156         rsv_render_outofrange_mask    equ $08 ; (bit 3) if a sprite is out of range for full rendering in screen
     0080             (./Engine/Constant):00157         rsv_render_onscreen_mask      equ $80 ; (bit 7) DEPENDENCY should be bit 7 - has been rendered on last screen buffer (may be 0 or 1)
                      (./Engine/Constant):00158         
     0023             (./Engine/Constant):00159         rsv_prev_anim                 equ 35 ; and 36 ; reference to previous animation (Ani_) w * UTILE ?
     0025             (./Engine/Constant):00160         rsv_image_center_offset       equ 37 ; 0 or 1 offset that indicate if image center is even or odd (DRS_XYToAddress)
     0026             (./Engine/Constant):00161         rsv_image_subset              equ 38 ; and 39 ; reference to current image regarding mirror flags w
     0028             (./Engine/Constant):00162         rsv_mapping_frame             equ 40 ; and 41 ; reference to current image regarding mirror flags, overlay flag and x precision w
     002A             (./Engine/Constant):00163         rsv_erase_nb_cell             equ 42 ; b 
     002B             (./Engine/Constant):00164         rsv_page_draw_routine         equ 43 ; b
     002C             (./Engine/Constant):00165         rsv_draw_routine              equ 44 ; and 45 ; w
     002E             (./Engine/Constant):00166         rsv_page_erase_routine        equ 46 ; b
     002F             (./Engine/Constant):00167         rsv_erase_routine             equ 47 ; and 48 ; w 
     0031             (./Engine/Constant):00168         rsv_xy1_pixel                 equ 49 ;
     0031             (./Engine/Constant):00169         rsv_x1_pixel                  equ 49 ; x+x_offset-(x_size/2) screen coordinate
     0032             (./Engine/Constant):00170         rsv_y1_pixel                  equ 50 ; y+y_offset-(y_size/2) screen coordinate, must follow rsv_x1_pixel
     0033             (./Engine/Constant):00171         rsv_xy2_pixel                 equ 51 ;
     0033             (./Engine/Constant):00172         rsv_x2_pixel                  equ 51 ; x+x_offset+(x_size/2) screen coordinate
     0034             (./Engine/Constant):00173         rsv_y2_pixel                  equ 52 ; y+y_offset+(y_size/2) screen coordinate, must follow rsv_x2_pixel
                      (./Engine/Constant):00174         
                      (./Engine/Constant):00175         * ---------------------------------------------------------------------------
                      (./Engine/Constant):00176         * reserved variables (engine) - buffer specific
                      (./Engine/Constant):00177         
     0035             (./Engine/Constant):00178         rsv_buffer_0                  equ 53 ; Start index of buffer 0 variables
     0035             (./Engine/Constant):00179         rsv_priority_0                equ 53 ; internal value that hold priority in video buffer 0
     0036             (./Engine/Constant):00180         rsv_priority_prev_obj_0       equ 54 ; and 55 ; previous object (OST address) in display priority list for video buffer 0 (0000 if none) w
     0038             (./Engine/Constant):00181         rsv_priority_next_obj_0       equ 56 ; and 57 ; next object (OST address) in display priority list for video buffer 0 (0000 if none) w
     003A             (./Engine/Constant):00182         rsv_prev_mapping_frame_0      equ 58 ; and 59 ; reference to previous image in video buffer 0 w
     003C             (./Engine/Constant):00183         rsv_prev_erase_nb_cell_0      equ 60 : b
     003D             (./Engine/Constant):00184         rsv_prev_page_erase_routine_0 equ 61 ; b
     003E             (./Engine/Constant):00185         rsv_prev_erase_routine_0      equ 62 ; and 63 ; w
     0040             (./Engine/Constant):00186         rsv_bgdata_0                  equ 64 ; and 65 ; address of background data in screen 0 w
     0042             (./Engine/Constant):00187         rsv_prev_xy_pixel_0           equ 66 ;
     0042             (./Engine/Constant):00188         rsv_prev_x_pixel_0            equ 66 ; previous x screen coordinate b
     0043             (./Engine/Constant):00189         rsv_prev_y_pixel_0            equ 67 ; previous y screen coordinate b, must follow x_pixel
     0044             (./Engine/Constant):00190         rsv_prev_xy1_pixel_0          equ 68 ;
     0044             (./Engine/Constant):00191         rsv_prev_x1_pixel_0           equ 68 ; previous x+x_offset-(x_size/2) screen coordinate b
     0045             (./Engine/Constant):00192         rsv_prev_y1_pixel_0           equ 69 ; previous y+y_offset-(y_size/2) screen coordinate b, must follow x1_pixel
     0046             (./Engine/Constant):00193         rsv_prev_xy2_pixel_0          equ 70 ;
     0046             (./Engine/Constant):00194         rsv_prev_x2_pixel_0           equ 70 ; previous x+x_offset+(x_size/2) screen coordinate b
     0047             (./Engine/Constant):00195         rsv_prev_y2_pixel_0           equ 71 ; previous y+y_offset+(y_size/2) screen coordinate b, must follow x2_pixel
     0048             (./Engine/Constant):00196         rsv_prev_render_flags_0       equ 72 ;
                      (./Engine/Constant):00197         * --- rsv_prev_render_flags_0 bitfield variables ---
     0001             (./Engine/Constant):00198         rsv_prev_render_overlay_mask  equ $01 ; (bit 0) if a sprite has been rendered with compilated sprite and no background save on screen buffer 0/1
     0080             (./Engine/Constant):00199         rsv_prev_render_onscreen_mask equ $80 ; (bit 7) DEPENDENCY should be bit 7 - has been rendered on screen buffer 0/1
                      (./Engine/Constant):00200         
     0049             (./Engine/Constant):00201         rsv_buffer_1                  equ 73 ; Start index of buffer 1 variables
     0049             (./Engine/Constant):00202         rsv_priority_1                equ 73 ; internal value that hold priority in video buffer 1
     004A             (./Engine/Constant):00203         rsv_priority_prev_obj_1       equ 74 ; and 75 ; previous object (OST address) in display priority list for video buffer 1 (0000 if none) w
     004C             (./Engine/Constant):00204         rsv_priority_next_obj_1       equ 76 ; and 77 ; next object (OST address) in display priority list for video buffer 1 (0000 if none) w
     004E             (./Engine/Constant):00205         rsv_prev_mapping_frame_1      equ 78 ; and 79 ; reference to previous image in video buffer 1 w
     0050             (./Engine/Constant):00206         rsv_prev_erase_nb_cell_1      equ 80 ; b
     0051             (./Engine/Constant):00207         rsv_prev_page_erase_routine_1 equ 81 ; b
     0052             (./Engine/Constant):00208         rsv_prev_erase_routine_1      equ 82 ; and 83 ; w
     0054             (./Engine/Constant):00209         rsv_bgdata_1                  equ 84 ; and 85 ; address of background data in screen 1 w
     0056             (./Engine/Constant):00210         rsv_prev_xy_pixel_1           equ 86 ;
     0056             (./Engine/Constant):00211         rsv_prev_x_pixel_1            equ 86 ; previous x screen coordinate b
     0057             (./Engine/Constant):00212         rsv_prev_y_pixel_1            equ 87 ; previous y screen coordinate b, must follow x_pixel
     0058             (./Engine/Constant):00213         rsv_prev_xy1_pixel_1          equ 88 ;
     0058             (./Engine/Constant):00214         rsv_prev_x1_pixel_1           equ 88 ; previous x+x_size screen coordinate b
     0059             (./Engine/Constant):00215         rsv_prev_y1_pixel_1           equ 89 ; previous y+y_size screen coordinate b, must follow x_pixel
     005A             (./Engine/Constant):00216         rsv_prev_xy2_pixel_1          equ 90 ;
     005A             (./Engine/Constant):00217         rsv_prev_x2_pixel_1           equ 90 ; previous x+x_size screen coordinate b
     005B             (./Engine/Constant):00218         rsv_prev_y2_pixel_1           equ 91 ; previous y+y_size screen coordinate b, must follow x_pixel
     005C             (./Engine/Constant):00219         rsv_prev_render_flags_1       equ 92 ;
                      (./Engine/Constant):00220         
     0000             (./Engine/Constant):00221         buf_priority                  equ 0  ; offset for each rsv_buffer variables
     0001             (./Engine/Constant):00222         buf_priority_prev_obj         equ 1  ;
     0003             (./Engine/Constant):00223         buf_priority_next_obj         equ 3  ;
     0005             (./Engine/Constant):00224         buf_prev_mapping_frame        equ 5  ;
     0007             (./Engine/Constant):00225         buf_erase_nb_cell             equ 7  ;
     0008             (./Engine/Constant):00226         buf_page_erase_routine        equ 8 ;
     0009             (./Engine/Constant):00227         buf_erase_routine             equ 9 ;
     000B             (./Engine/Constant):00228         buf_bgdata                    equ 11 ;
     000D             (./Engine/Constant):00229         buf_prev_xy_pixel             equ 13 ;
     000D             (./Engine/Constant):00230         buf_prev_x_pixel              equ 13 ;
     000E             (./Engine/Constant):00231         buf_prev_y_pixel              equ 14 ;
     000F             (./Engine/Constant):00232         buf_prev_xy1_pixel            equ 15 ;
     000F             (./Engine/Constant):00233         buf_prev_x1_pixel             equ 15 ;
     0010             (./Engine/Constant):00234         buf_prev_y1_pixel             equ 16 ;
     0011             (./Engine/Constant):00235         buf_prev_xy2_pixel            equ 17 ;
     0011             (./Engine/Constant):00236         buf_prev_x2_pixel             equ 17 ;
     0012             (./Engine/Constant):00237         buf_prev_y2_pixel             equ 18 ;
     0013             (./Engine/Constant):00238         buf_prev_render_flags         equ 19 ;
                      (./generated-code/):00002                 ORG $A000
     FF               (./generated-code/):00003                 SETDP $FF
                      (./generated-code/):00004                 OPT C,CT
A000                  (./generated-code/):00005                 BCKDRAW_Img_sonic_076_0
A000 10FF9FFE         (./generated-code/):00006 [7]     7               STS glb_register_s
                      (./generated-code/):00007                 
A004 32A4             (./generated-code/):00008 [4]     11              LEAS ,Y
A006 33C9FE70         (./generated-code/):00009 [8]     19              LEAU -400,U
                      (./generated-code/):00010                 
A00A ECC8D8           (./generated-code/):00011 [6]     25              LDD -40,U
A00D 3406             (./generated-code/):00012 [7]     32              PSHS D
A00F 84F0             (./generated-code/):00013 [2]     34              ANDA #$F0
A011 C40F             (./generated-code/):00014 [2]     36              ANDB #$0F
A013 C30990           (./generated-code/):00015 [4]     40              ADDD #$0990
A016 EDC8D8           (./generated-code/):00016 [6]     46              STD -40,U
A019 A6C4             (./generated-code/):00017 [4]     50              LDA ,U
A01B E6C828           (./generated-code/):00018 [5]     55              LDB 40,U
A01E 3446             (./generated-code/):00019 [9]     64              PSHS U,B,A
A020 869A             (./generated-code/):00020 [2]     66              LDA #$9a
A022 A7C4             (./generated-code/):00021 [4]     70              STA ,U
A024 86AA             (./generated-code/):00022 [2]     72              LDA #$aa
A026 A7C828           (./generated-code/):00023 [5]     77              STA 40,U
A029 33C900C7         (./generated-code/):00024 [8]     85              LEAU 199,U
                      (./generated-code/):00025                 
A02D ECC8B1           (./generated-code/):00026 [6]     91              LDD -79,U
A030 3406             (./generated-code/):00027 [7]     98              PSHS D
A032 869A             (./generated-code/):00028 [2]     100             LDA #$9a
A034 C40F             (./generated-code/):00029 [2]     102             ANDB #$0F
A036 CAA0             (./generated-code/):00030 [2]     104             ORB #$a0
A038 EDC8B1           (./generated-code/):00031 [6]     110             STD -79,U
A03B A6C889           (./generated-code/):00032 [5]     115             LDA -119,U
A03E E6C8DA           (./generated-code/):00033 [5]     120             LDB -38,U
A041 3406             (./generated-code/):00034 [7]     127             PSHS B,A
A043 86AA             (./generated-code/):00035 [2]     129             LDA #$aa
A045 A7C889           (./generated-code/):00036 [5]     134             STA -119,U
A048 A7C8DA           (./generated-code/):00037 [5]     139             STA -38,U
A04B ECC8D8           (./generated-code/):00038 [6]     145             LDD -40,U
A04E 3406             (./generated-code/):00039 [7]     152             PSHS D
A050 84F0             (./generated-code/):00040 [2]     154             ANDA #$F0
A052 8A09             (./generated-code/):00041 [2]     156             ORA #$09
A054 C6A9             (./generated-code/):00042 [2]     158             LDB #$a9
A056 EDC8D8           (./generated-code/):00043 [6]     164             STD -40,U
A059 3712             (./generated-code/):00044 [8]     172             PULU A,X
A05B 3452             (./generated-code/):00045 [10]    182             PSHS U,X,A
A05D 869A             (./generated-code/):00046 [2]     184             LDA #$9a
A05F 8EC9AA           (./generated-code/):00047 [3]     187             LDX #$c9aa
A062 3612             (./generated-code/):00048 [8]     195             PSHU A,X
A064 33C828           (./generated-code/):00049 [5]     200             LEAU 40,U
                      (./generated-code/):00050                 
A067 3712             (./generated-code/):00051 [8]     208             PULU A,X
A069 3452             (./generated-code/):00052 [10]    218             PSHS U,X,A
A06B 869A             (./generated-code/):00053 [2]     220             LDA #$9a
A06D 8ECA99           (./generated-code/):00054 [3]     223             LDX #$ca99
A070 3612             (./generated-code/):00055 [8]     231             PSHU A,X
A072 33C828           (./generated-code/):00056 [5]     236             LEAU 40,U
                      (./generated-code/):00057                 
A075 AEC828           (./generated-code/):00058 [6]     242             LDX 40,U
A078 3410             (./generated-code/):00059 [7]     249             PSHS X
A07A CCAAAA           (./generated-code/):00060 [3]     252             LDD #$aaaa
A07D EDC828           (./generated-code/):00061 [6]     258             STD 40,U
A080 A6C82A           (./generated-code/):00062 [5]     263             LDA 42,U
A083 3402             (./generated-code/):00063 [6]     269             PSHS A
A085 840F             (./generated-code/):00064 [2]     271             ANDA #$0F
A087 8AA0             (./generated-code/):00065 [2]     273             ORA #$a0
A089 A7C82A           (./generated-code/):00066 [5]     278             STA 42,U
A08C 3712             (./generated-code/):00067 [8]     286             PULU A,X
A08E 3452             (./generated-code/):00068 [10]    296             PSHS U,X,A
A090 869A             (./generated-code/):00069 [2]     298             LDA #$9a
A092 8EAE99           (./generated-code/):00070 [3]     301             LDX #$ae99
A095 3612             (./generated-code/):00071 [8]     309             PSHU A,X
A097 33C850           (./generated-code/):00072 [5]     314             LEAU 80,U
                      (./generated-code/):00073                 
A09A 3712             (./generated-code/):00074 [8]     322             PULU A,X
A09C 3452             (./generated-code/):00075 [10]    332             PSHS U,X,A
A09E 8EAA9A           (./generated-code/):00076 [3]     335             LDX #$aa9a
A0A1 3614             (./generated-code/):00077 [8]     343             PSHU B,X
A0A3 33C828           (./generated-code/):00078 [5]     348             LEAU 40,U
                      (./generated-code/):00079                 
A0A6 3712             (./generated-code/):00080 [8]     356             PULU A,X
A0A8 3452             (./generated-code/):00081 [10]    366             PSHS U,X,A
A0AA 8EEA9A           (./generated-code/):00082 [3]     369             LDX #$ea9a
A0AD 3614             (./generated-code/):00083 [8]     377             PSHU B,X
A0AF 33C828           (./generated-code/):00084 [5]     382             LEAU 40,U
                      (./generated-code/):00085                 
A0B2 3712             (./generated-code/):00086 [8]     390             PULU A,X
A0B4 3452             (./generated-code/):00087 [10]    400             PSHS U,X,A
A0B6 8EFA99           (./generated-code/):00088 [3]     403             LDX #$fa99
A0B9 3614             (./generated-code/):00089 [8]     411             PSHU B,X
A0BB 33C828           (./generated-code/):00090 [5]     416             LEAU 40,U
                      (./generated-code/):00091                 
A0BE 3712             (./generated-code/):00092 [8]     424             PULU A,X
A0C0 3452             (./generated-code/):00093 [10]    434             PSHS U,X,A
A0C2 8EFA99           (./generated-code/):00094 [3]     437             LDX #$fa99
A0C5 3614             (./generated-code/):00095 [8]     445             PSHU B,X
A0C7 33C828           (./generated-code/):00096 [5]     450             LEAU 40,U
                      (./generated-code/):00097                 
A0CA ECC828           (./generated-code/):00098 [6]     456             LDD 40,U
A0CD 3406             (./generated-code/):00099 [7]     463             PSHS D
A0CF 84F0             (./generated-code/):00100 [2]     465             ANDA #$F0
A0D1 8A0D             (./generated-code/):00101 [2]     467             ORA #$0d
A0D3 C6FF             (./generated-code/):00102 [2]     469             LDB #$ff
A0D5 EDC828           (./generated-code/):00103 [6]     475             STD 40,U
A0D8 ECC850           (./generated-code/):00104 [6]     481             LDD 80,U
A0DB 3406             (./generated-code/):00105 [7]     488             PSHS D
A0DD 84F0             (./generated-code/):00106 [2]     490             ANDA #$F0
A0DF 8A0D             (./generated-code/):00107 [2]     492             ORA #$0d
A0E1 C6CC             (./generated-code/):00108 [2]     494             LDB #$cc
A0E3 EDC850           (./generated-code/):00109 [6]     500             STD 80,U
A0E6 ECC878           (./generated-code/):00110 [6]     506             LDD 120,U
A0E9 3406             (./generated-code/):00111 [7]     513             PSHS D
A0EB 84F0             (./generated-code/):00112 [2]     515             ANDA #$F0
A0ED 8A0D             (./generated-code/):00113 [2]     517             ORA #$0d
A0EF C6CF             (./generated-code/):00114 [2]     519             LDB #$cf
A0F1 EDC878           (./generated-code/):00115 [6]     525             STD 120,U
A0F4 A6C82A           (./generated-code/):00116 [5]     530             LDA 42,U
A0F7 E6C852           (./generated-code/):00117 [5]     535             LDB 82,U
A0FA 3406             (./generated-code/):00118 [7]     542             PSHS B,A
A0FC 8699             (./generated-code/):00119 [2]     544             LDA #$99
A0FE A7C82A           (./generated-code/):00120 [5]     549             STA 42,U
A101 A7C852           (./generated-code/):00121 [5]     554             STA 82,U
A104 A6C87A           (./generated-code/):00122 [5]     559             LDA 122,U
A107 3402             (./generated-code/):00123 [6]     565             PSHS A
A109 86EA             (./generated-code/):00124 [2]     567             LDA #$ea
A10B A7C87A           (./generated-code/):00125 [5]     572             STA 122,U
A10E 3712             (./generated-code/):00126 [8]     580             PULU A,X
A110 3452             (./generated-code/):00127 [10]    590             PSHS U,X,A
A112 86AA             (./generated-code/):00128 [2]     592             LDA #$aa
A114 8EFA99           (./generated-code/):00129 [3]     595             LDX #$fa99
A117 3612             (./generated-code/):00130 [8]     603             PSHU A,X
A119 33C900C8         (./generated-code/):00131 [8]     611             LEAU 200,U
                      (./generated-code/):00132                 
A11D ECC8D8           (./generated-code/):00133 [6]     617             LDD -40,U
A120 3406             (./generated-code/):00134 [7]     624             PSHS D
A122 84F0             (./generated-code/):00135 [2]     626             ANDA #$F0
A124 8A0D             (./generated-code/):00136 [2]     628             ORA #$0d
A126 C6EE             (./generated-code/):00137 [2]     630             LDB #$ee
A128 EDC8D8           (./generated-code/):00138 [6]     636             STD -40,U
A12B A6C8DA           (./generated-code/):00139 [5]     641             LDA -38,U
A12E 3402             (./generated-code/):00140 [6]     647             PSHS A
A130 863A             (./generated-code/):00141 [2]     649             LDA #$3a
A132 A7C8DA           (./generated-code/):00142 [5]     654             STA -38,U
A135 3712             (./generated-code/):00143 [8]     662             PULU A,X
A137 3452             (./generated-code/):00144 [10]    672             PSHS U,X,A
A139 8EEF39           (./generated-code/):00145 [3]     675             LDX #$ef39
A13C 3614             (./generated-code/):00146 [8]     683             PSHU B,X
A13E 33C828           (./generated-code/):00147 [5]     688             LEAU 40,U
                      (./generated-code/):00148                 
A141 AEC828           (./generated-code/):00149 [6]     694             LDX 40,U
A144 3410             (./generated-code/):00150 [7]     701             PSHS X
A146 CCEEEE           (./generated-code/):00151 [3]     704             LDD #$eeee
A149 EDC828           (./generated-code/):00152 [6]     710             STD 40,U
A14C ECC850           (./generated-code/):00153 [6]     716             LDD 80,U
A14F 3406             (./generated-code/):00154 [7]     723             PSHS D
A151 84F0             (./generated-code/):00155 [2]     725             ANDA #$F0
A153 8A0D             (./generated-code/):00156 [2]     727             ORA #$0d
A155 C6EE             (./generated-code/):00157 [2]     729             LDB #$ee
A157 EDC850           (./generated-code/):00158 [6]     735             STD 80,U
A15A A6C82A           (./generated-code/):00159 [5]     740             LDA 42,U
A15D 3402             (./generated-code/):00160 [6]     746             PSHS A
A15F 840F             (./generated-code/):00161 [2]     748             ANDA #$0F
A161 8AA0             (./generated-code/):00162 [2]     750             ORA #$a0
A163 A7C82A           (./generated-code/):00163 [5]     755             STA 42,U
A166 A6C852           (./generated-code/):00164 [5]     760             LDA 82,U
A169 3402             (./generated-code/):00165 [6]     766             PSHS A
A16B 840F             (./generated-code/):00166 [2]     768             ANDA #$0F
A16D 8A90             (./generated-code/):00167 [2]     770             ORA #$90
A16F A7C852           (./generated-code/):00168 [5]     775             STA 82,U
A172 ECC879           (./generated-code/):00169 [6]     781             LDD 121,U
A175 3406             (./generated-code/):00170 [7]     788             PSHS D
A177 84F0             (./generated-code/):00171 [2]     790             ANDA #$F0
A179 C4F0             (./generated-code/):00172 [2]     792             ANDB #$F0
A17B C30E09           (./generated-code/):00173 [4]     796             ADDD #$0e09
A17E EDC879           (./generated-code/):00174 [6]     802             STD 121,U
A181 3712             (./generated-code/):00175 [8]     810             PULU A,X
A183 3452             (./generated-code/):00176 [10]    820             PSHS U,X,A
A185 86DE             (./generated-code/):00177 [2]     822             LDA #$de
A187 8EEE39           (./generated-code/):00178 [3]     825             LDX #$ee39
A18A 3612             (./generated-code/):00179 [8]     833             PSHU A,X
A18C 33C9011A         (./generated-code/):00180 [8]     841             LEAU 282,U
                      (./generated-code/):00181                 
A190 ECC8AF           (./generated-code/):00182 [6]     847             LDD -81,U
A193 3406             (./generated-code/):00183 [7]     854             PSHS D
A195 84F0             (./generated-code/):00184 [2]     856             ANDA #$F0
A197 8A0E             (./generated-code/):00185 [2]     858             ORA #$0e
A199 C6FE             (./generated-code/):00186 [2]     860             LDB #$fe
A19B EDC8AF           (./generated-code/):00187 [6]     866             STD -81,U
A19E ECC876           (./generated-code/):00188 [6]     872             LDD 118,U
A1A1 3406             (./generated-code/):00189 [7]     879             PSHS D
A1A3 84F0             (./generated-code/):00190 [2]     881             ANDA #$F0
A1A5 8A03             (./generated-code/):00191 [2]     883             ORA #$03
A1A7 C6BB             (./generated-code/):00192 [2]     885             LDB #$bb
A1A9 EDC876           (./generated-code/):00193 [6]     891             STD 118,U
A1AC A6C878           (./generated-code/):00194 [5]     896             LDA 120,U
A1AF AEC8D7           (./generated-code/):00195 [6]     902             LDX -41,U
A1B2 10AEC827         (./generated-code/):00196 [7]     909             LDY 39,U
A1B6 3432             (./generated-code/):00197 [10]    919             PSHS Y,X,A
A1B8 ECC84F           (./generated-code/):00198 [6]     925             LDD 79,U
A1BB AE5F             (./generated-code/):00199 [6]     931             LDX -1,U
A1BD 3416             (./generated-code/):00200 [9]     940             PSHS X,D
A1BF CCDBE3           (./generated-code/):00201 [3]     943             LDD #$dbe3
A1C2 EDC84F           (./generated-code/):00202 [6]     949             STD 79,U
A1C5 E7C878           (./generated-code/):00203 [5]     954             STB 120,U
A1C8 863E             (./generated-code/):00204 [2]     956             LDA #$3e
A1CA ED5F             (./generated-code/):00205 [6]     962             STD -1,U
A1CC CCED33           (./generated-code/):00206 [3]     965             LDD #$ed33
A1CF EDC827           (./generated-code/):00207 [6]     971             STD 39,U
A1D2 ECC887           (./generated-code/):00208 [6]     977             LDD -121,U
A1D5 3446             (./generated-code/):00209 [9]     986             PSHS U,D
A1D7 84F0             (./generated-code/):00210 [2]     988             ANDA #$F0
A1D9 C40F             (./generated-code/):00211 [2]     990             ANDB #$0F
A1DB C30990           (./generated-code/):00212 [4]     994             ADDD #$0990
A1DE EDC887           (./generated-code/):00213 [6]     1000            STD -121,U
A1E1 CCEEEE           (./generated-code/):00214 [3]     1003            LDD #$eeee
A1E4 EDC8D7           (./generated-code/):00215 [6]     1009            STD -41,U
A1E7 33C9009F         (./generated-code/):00216 [8]     1017            LEAU 159,U
                      (./generated-code/):00217                 
A1EB EC5F             (./generated-code/):00218 [6]     1023            LDD -1,U
A1ED 3406             (./generated-code/):00219 [7]     1030            PSHS D
A1EF 84F0             (./generated-code/):00220 [2]     1032            ANDA #$F0
A1F1 8A0D             (./generated-code/):00221 [2]     1034            ORA #$0d
A1F3 C6DD             (./generated-code/):00222 [2]     1036            LDB #$dd
A1F5 ED5F             (./generated-code/):00223 [6]     1042            STD -1,U
A1F7 A641             (./generated-code/):00224 [5]     1047            LDA 1,U
A1F9 3442             (./generated-code/):00225 [8]     1055            PSHS U,A
A1FB E741             (./generated-code/):00226 [5]     1060            STB 1,U
                      (./generated-code/):00227                 
A1FD DEFC             (./generated-code/):00228 [5]     1065            LDU <glb_screen_location_1
A1FF 33C9FE84         (./generated-code/):00229 [8]     1073            LEAU -380,U
                      (./generated-code/):00230                 
A203 ECC83B           (./generated-code/):00231 [6]     1079            LDD 59,U
A206 3406             (./generated-code/):00232 [7]     1086            PSHS D
A208 869A             (./generated-code/):00233 [2]     1088            LDA #$9a
A20A C40F             (./generated-code/):00234 [2]     1090            ANDB #$0F
A20C CAA0             (./generated-code/):00235 [2]     1092            ORB #$a0
A20E EDC83B           (./generated-code/):00236 [6]     1098            STD 59,U
A211 ECC813           (./generated-code/):00237 [6]     1104            LDD 19,U
A214 3406             (./generated-code/):00238 [7]     1111            PSHS D
A216 84F0             (./generated-code/):00239 [2]     1113            ANDA #$F0
A218 8A0A             (./generated-code/):00240 [2]     1115            ORA #$0a
A21A C6A9             (./generated-code/):00241 [2]     1117            LDB #$a9
A21C EDC813           (./generated-code/):00242 [6]     1123            STD 19,U
A21F A6C8EC           (./generated-code/):00243 [5]     1128            LDA -20,U
A222 E7C8EC           (./generated-code/):00244 [5]     1133            STB -20,U
A225 E6C8C4           (./generated-code/):00245 [5]     1138            LDB -60,U
A228 3446             (./generated-code/):00246 [9]     1147            PSHS U,B,A
A22A 86AA             (./generated-code/):00247 [2]     1149            LDA #$aa
A22C A7C8C4           (./generated-code/):00248 [5]     1154            STA -60,U
A22F 33C900DB         (./generated-code/):00249 [8]     1162            LEAU 219,U
                      (./generated-code/):00250                 
A233 AEC888           (./generated-code/):00251 [6]     1168            LDX -120,U
A236 10AEC8B0         (./generated-code/):00252 [7]     1175            LDY -80,U
A23A 3430             (./generated-code/):00253 [9]     1184            PSHS Y,X
A23C A6C8DA           (./generated-code/):00254 [5]     1189            LDA -38,U
A23F 3402             (./generated-code/):00255 [6]     1195            PSHS A
A241 840F             (./generated-code/):00256 [2]     1197            ANDA #$0F
A243 8AA0             (./generated-code/):00257 [2]     1199            ORA #$a0
A245 A7C8DA           (./generated-code/):00258 [5]     1204            STA -38,U
A248 AEC850           (./generated-code/):00259 [6]     1210            LDX 80,U
A24B 10AEC878         (./generated-code/):00260 [7]     1217            LDY 120,U
A24F 3430             (./generated-code/):00261 [9]     1226            PSHS Y,X
A251 ECC828           (./generated-code/):00262 [6]     1232            LDD 40,U
A254 AEC8D8           (./generated-code/):00263 [6]     1238            LDX -40,U
A257 3416             (./generated-code/):00264 [9]     1247            PSHS X,D
A259 CCAA99           (./generated-code/):00265 [3]     1250            LDD #$aa99
A25C EDC888           (./generated-code/):00266 [6]     1256            STD -120,U
A25F C69A             (./generated-code/):00267 [2]     1258            LDB #$9a
A261 EDC8B0           (./generated-code/):00268 [6]     1264            STD -80,U
A264 C6A9             (./generated-code/):00269 [2]     1266            LDB #$a9
A266 EDC828           (./generated-code/):00270 [6]     1272            STD 40,U
A269 C6AA             (./generated-code/):00271 [2]     1274            LDB #$aa
A26B EDC8D8           (./generated-code/):00272 [6]     1280            STD -40,U
A26E EDC850           (./generated-code/):00273 [6]     1286            STD 80,U
A271 86AE             (./generated-code/):00274 [2]     1288            LDA #$ae
A273 EDC878           (./generated-code/):00275 [6]     1294            STD 120,U
A276 3712             (./generated-code/):00276 [8]     1302            PULU A,X
A278 3452             (./generated-code/):00277 [10]    1312            PSHS U,X,A
A27A 8EA99A           (./generated-code/):00278 [3]     1315            LDX #$a99a
A27D 3614             (./generated-code/):00279 [8]     1323            PSHU B,X
A27F 33C900F0         (./generated-code/):00280 [8]     1331            LEAU 240,U
                      (./generated-code/):00281                 
A283 AEC8B0           (./generated-code/):00282 [6]     1337            LDX -80,U
A286 10AEC8D8         (./generated-code/):00283 [7]     1344            LDY -40,U
A28A 3430             (./generated-code/):00284 [9]     1353            PSHS Y,X
A28C CCAEAA           (./generated-code/):00285 [3]     1356            LDD #$aeaa
A28F EDC8B0           (./generated-code/):00286 [6]     1362            STD -80,U
A292 EDC8D8           (./generated-code/):00287 [6]     1368            STD -40,U
A295 A6C8B2           (./generated-code/):00288 [5]     1373            LDA -78,U
A298 3402             (./generated-code/):00289 [6]     1379            PSHS A
A29A 840F             (./generated-code/):00290 [2]     1381            ANDA #$0F
A29C 8AA0             (./generated-code/):00291 [2]     1383            ORA #$a0
A29E A7C8B2           (./generated-code/):00292 [5]     1388            STA -78,U
A2A1 A6C8DA           (./generated-code/):00293 [5]     1393            LDA -38,U
A2A4 3402             (./generated-code/):00294 [6]     1399            PSHS A
A2A6 840F             (./generated-code/):00295 [2]     1401            ANDA #$0F
A2A8 8AA0             (./generated-code/):00296 [2]     1403            ORA #$a0
A2AA A7C8DA           (./generated-code/):00297 [5]     1408            STA -38,U
A2AD 3712             (./generated-code/):00298 [8]     1416            PULU A,X
A2AF 3452             (./generated-code/):00299 [10]    1426            PSHS U,X,A
A2B1 86AE             (./generated-code/):00300 [2]     1428            LDA #$ae
A2B3 8EE99A           (./generated-code/):00301 [3]     1431            LDX #$e99a
A2B6 3612             (./generated-code/):00302 [8]     1439            PSHU A,X
A2B8 33C828           (./generated-code/):00303 [5]     1444            LEAU 40,U
                      (./generated-code/):00304                 
A2BB AEC828           (./generated-code/):00305 [6]     1450            LDX 40,U
A2BE C6C9             (./generated-code/):00306 [2]     1452            LDB #$c9
A2C0 EDC828           (./generated-code/):00307 [6]     1458            STD 40,U
A2C3 10AEC850         (./generated-code/):00308 [7]     1465            LDY 80,U
A2C7 3430             (./generated-code/):00309 [9]     1474            PSHS Y,X
A2C9 86DE             (./generated-code/):00310 [2]     1476            LDA #$de
A2CB EDC850           (./generated-code/):00311 [6]     1482            STD 80,U
A2CE A6C87A           (./generated-code/):00312 [5]     1487            LDA 122,U
A2D1 3402             (./generated-code/):00313 [6]     1493            PSHS A
A2D3 840F             (./generated-code/):00314 [2]     1495            ANDA #$0F
A2D5 8AA0             (./generated-code/):00315 [2]     1497            ORA #$a0
A2D7 A7C87A           (./generated-code/):00316 [5]     1502            STA 122,U
A2DA AEC878           (./generated-code/):00317 [6]     1508            LDX 120,U
A2DD 3410             (./generated-code/):00318 [7]     1515            PSHS X
A2DF CCDCEE           (./generated-code/):00319 [3]     1518            LDD #$dcee
A2E2 EDC878           (./generated-code/):00320 [6]     1524            STD 120,U
A2E5 3712             (./generated-code/):00321 [8]     1532            PULU A,X
A2E7 3452             (./generated-code/):00322 [10]    1542            PSHS U,X,A
A2E9 86AD             (./generated-code/):00323 [2]     1544            LDA #$ad
A2EB 8EE999           (./generated-code/):00324 [3]     1547            LDX #$e999
A2EE 3612             (./generated-code/):00325 [8]     1555            PSHU A,X
A2F0 33C90105         (./generated-code/):00326 [8]     1563            LEAU 261,U
                      (./generated-code/):00327                 
A2F4 A6C83C           (./generated-code/):00328 [5]     1568            LDA 60,U
A2F7 E6C814           (./generated-code/):00329 [5]     1573            LDB 20,U
A2FA AEC8EB           (./generated-code/):00330 [6]     1579            LDX -21,U
A2FD 10AEC8C3         (./generated-code/):00331 [7]     1586            LDY -61,U
A301 3436             (./generated-code/):00332 [11]    1597            PSHS Y,X,B,A
A303 CC3EFC           (./generated-code/):00333 [3]     1600            LDD #$3efc
A306 EDC8C3           (./generated-code/):00334 [6]     1606            STD -61,U
A309 CCD3E3           (./generated-code/):00335 [3]     1609            LDD #$d3e3
A30C EDC8EB           (./generated-code/):00336 [6]     1615            STD -21,U
A30F AEC89B           (./generated-code/):00337 [6]     1621            LDX -101,U
A312 3410             (./generated-code/):00338 [7]     1628            PSHS X
A314 869A             (./generated-code/):00339 [2]     1630            LDA #$9a
A316 A7C83C           (./generated-code/):00340 [5]     1635            STA 60,U
A319 86EC             (./generated-code/):00341 [2]     1637            LDA #$ec
A31B A7C814           (./generated-code/):00342 [5]     1642            STA 20,U
A31E EDC89B           (./generated-code/):00343 [6]     1648            STD -101,U
A321 A6C89D           (./generated-code/):00344 [5]     1653            LDA -99,U
A324 3402             (./generated-code/):00345 [6]     1659            PSHS A
A326 840F             (./generated-code/):00346 [2]     1661            ANDA #$0F
A328 8AA0             (./generated-code/):00347 [2]     1663            ORA #$a0
A32A A7C89D           (./generated-code/):00348 [5]     1668            STA -99,U
A32D A6C8C5           (./generated-code/):00349 [5]     1673            LDA -59,U
A330 3402             (./generated-code/):00350 [6]     1679            PSHS A
A332 840F             (./generated-code/):00351 [2]     1681            ANDA #$0F
A334 8A90             (./generated-code/):00352 [2]     1683            ORA #$90
A336 A7C8C5           (./generated-code/):00353 [5]     1688            STA -59,U
A339 A6C8ED           (./generated-code/):00354 [5]     1693            LDA -19,U
A33C 3402             (./generated-code/):00355 [6]     1699            PSHS A
A33E 840F             (./generated-code/):00356 [2]     1701            ANDA #$0F
A340 8A90             (./generated-code/):00357 [2]     1703            ORA #$90
A342 A7C8ED           (./generated-code/):00358 [5]     1708            STA -19,U
A345 A6C864           (./generated-code/):00359 [5]     1713            LDA 100,U
A348 3442             (./generated-code/):00360 [8]     1721            PSHS U,A
A34A 84F0             (./generated-code/):00361 [2]     1723            ANDA #$F0
A34C 8A0A             (./generated-code/):00362 [2]     1725            ORA #$0a
A34E A7C864           (./generated-code/):00363 [5]     1730            STA 100,U
A351 33C9012D         (./generated-code/):00364 [8]     1738            LEAU 301,U
                      (./generated-code/):00365                 
A355 A6C887           (./generated-code/):00366 [5]     1743            LDA -121,U
A358 E6C8D7           (./generated-code/):00367 [5]     1748            LDB -41,U
A35B AEC826           (./generated-code/):00368 [6]     1754            LDX 38,U
A35E 10AEC84E         (./generated-code/):00369 [7]     1761            LDY 78,U
A362 3436             (./generated-code/):00370 [11]    1772            PSHS Y,X,B,A
A364 EC5E             (./generated-code/):00371 [6]     1778            LDD -2,U
A366 3406             (./generated-code/):00372 [7]     1785            PSHS D
A368 84F0             (./generated-code/):00373 [2]     1787            ANDA #$F0
A36A 8A0E             (./generated-code/):00374 [2]     1789            ORA #$0e
A36C C6EF             (./generated-code/):00375 [2]     1791            LDB #$ef
A36E ED5E             (./generated-code/):00376 [6]     1797            STD -2,U
A370 AEC876           (./generated-code/):00377 [6]     1803            LDX 118,U
A373 3410             (./generated-code/):00378 [7]     1810            PSHS X
A375 E7C887           (./generated-code/):00379 [5]     1815            STB -121,U
A378 CCDDDD           (./generated-code/):00380 [3]     1818            LDD #$dddd
A37B EDC876           (./generated-code/):00381 [6]     1824            STD 118,U
A37E CC3DBB           (./generated-code/):00382 [3]     1827            LDD #$3dbb
A381 EDC826           (./generated-code/):00383 [6]     1833            STD 38,U
A384 86DB             (./generated-code/):00384 [2]     1835            LDA #$db
A386 EDC84E           (./generated-code/):00385 [6]     1841            STD 78,U
A389 A6C8AF           (./generated-code/):00386 [5]     1846            LDA -81,U
A38C E6C828           (./generated-code/):00387 [5]     1851            LDB 40,U
A38F 3406             (./generated-code/):00388 [7]     1858            PSHS B,A
A391 C40F             (./generated-code/):00389 [2]     1860            ANDB #$0F
A393 CAD0             (./generated-code/):00390 [2]     1862            ORB #$d0
A395 E7C828           (./generated-code/):00391 [5]     1867            STB 40,U
A398 A6C850           (./generated-code/):00392 [5]     1872            LDA 80,U
A39B 3402             (./generated-code/):00393 [6]     1878            PSHS A
A39D 840F             (./generated-code/):00394 [2]     1880            ANDA #$0F
A39F 8AD0             (./generated-code/):00395 [2]     1882            ORA #$d0
A3A1 A7C850           (./generated-code/):00396 [5]     1887            STA 80,U
A3A4 A6C878           (./generated-code/):00397 [5]     1892            LDA 120,U
A3A7 3442             (./generated-code/):00398 [8]     1900            PSHS U,A
A3A9 840F             (./generated-code/):00399 [2]     1902            ANDA #$0F
A3AB 8AD0             (./generated-code/):00400 [2]     1904            ORA #$d0
A3AD A7C878           (./generated-code/):00401 [5]     1909            STA 120,U
A3B0 86EE             (./generated-code/):00402 [2]     1911            LDA #$ee
A3B2 A7C8AF           (./generated-code/):00403 [5]     1916            STA -81,U
A3B5 86E3             (./generated-code/):00404 [2]     1918            LDA #$e3
A3B7 A7C8D7           (./generated-code/):00405 [5]     1923            STA -41,U
A3BA 33E4             (./generated-code/):00406 [4]     1927            LEAU ,S
A3BC                  (./generated-code/):00407                 SSAV_Img_sonic_076_0
A3BC 10FE9FFE         (./generated-code/):00408 [7]     1934            LDS glb_register_s
A3C0 39               (./generated-code/):00409 [5]     1939            RTS
                      (./generated-code/):00410                 
