                      (./generated-code/):00001                 INCLUDE "./Engine/Constants.asm"
                      (./Engine/Constant):00001         * ---------------------------------------------------------------------------
                      (./Engine/Constant):00002         * Constants
                      (./Engine/Constant):00003         *
                      (./Engine/Constant):00004         * Naming convention
                      (./Engine/Constant):00005         * -----------------
                      (./Engine/Constant):00006         * - lower case
                      (./Engine/Constant):00007         * - underscore-separated names
                      (./Engine/Constant):00008         *
                      (./Engine/Constant):00009         * ---------------------------------------------------------------------------
                      (./Engine/Constant):00010         
                      (./Engine/Constant):00011         * ===========================================================================
                      (./Engine/Constant):00012         * TO8 Registers
                      (./Engine/Constant):00013         * ===========================================================================
                      (./Engine/Constant):00014         
                      (./Engine/Constant):00015         ; Disk routine registers (ROM)
                      (./Engine/Constant):00016         
     6049             (./Engine/Constant):00017         dk_drive                      equ $6049
     604A             (./Engine/Constant):00018         dk_track                      equ $604A
     604B             (./Engine/Constant):00019         dk_track_lsb                  equ $604B
     604C             (./Engine/Constant):00020         dk_sector                     equ $604C
     604F             (./Engine/Constant):00021         dk_write_location             equ $604F
                      (./Engine/Constant):00022         
                      (./Engine/Constant):00023         * ===========================================================================
                      (./Engine/Constant):00024         * Globals
                      (./Engine/Constant):00025         * ===========================================================================
                      (./Engine/Constant):00026         
     009F             (./Engine/Constant):00027         glb_direct_page               equ $9F    ; direct page for globals
                      (./Engine/Constant):00028         
                      (./Engine/Constant):00029         ; compilated sprite
     9FFE             (./Engine/Constant):00030         glb_register_s                equ $9FFE  ; reverved space to store S from ROM routines
                      (./Engine/Constant):00031         
                      (./Engine/Constant):00032         ; DrawSprites
     9FFC             (./Engine/Constant):00033         glb_screen_location_1         equ $9FFC  ; start address for rendering of current sprite Part1     
     9FFA             (./Engine/Constant):00034         glb_screen_location_2         equ $9FFA  ; start address for rendering of current sprite Part2 (Must follow Part1)
                      (./Engine/Constant):00035         
                      (./Engine/Constant):00036         ; CheckSpritesRefresh
     9FF9             (./Engine/Constant):00037         glb_cur_priority              equ $9FF9
     9FF7             (./Engine/Constant):00038         glb_cur_ptr_sub_obj_erase     equ $9FF7
     9FF5             (./Engine/Constant):00039         glb_cur_ptr_sub_obj_draw      equ $9FF5
     9FF3             (./Engine/Constant):00040         glb_camera_x_pos              equ $9FF3 ; camera x position in palyfield coordinates
     9FF1             (./Engine/Constant):00041         glb_camera_y_pos              equ $9FF1 ; camera y position in palyfield coordinates
     9FEF             (./Engine/Constant):00042         glb_camera_x_min_pos          equ $9FEF
     9FED             (./Engine/Constant):00043         glb_camera_y_min_pos          equ $9FED
     9FEB             (./Engine/Constant):00044         glb_camera_x_max_pos          equ $9FEB
     9FE9             (./Engine/Constant):00045         glb_camera_y_max_pos          equ $9FE9
     9FE8             (./Engine/Constant):00046         glb_force_sprite_refresh      equ $9FE8
     9FE7             (./Engine/Constant):00047         glb_camera_move               equ $9FE7
     9FE6             (./Engine/Constant):00048         glb_alphaTiles                equ $9FE6
     9F00             (./Engine/Constant):00049         glb_tmp_var                   equ $9F00 ; custom tmp var space for routine
     9F00             (./Engine/Constant):00050         glb_system_stack              equ $9F00
                      (./Engine/Constant):00051         
                      (./Engine/Constant):00052         * ===========================================================================
                      (./Engine/Constant):00053         * Display Constants
                      (./Engine/Constant):00054         * ===========================================================================
                      (./Engine/Constant):00055         
     00A0             (./Engine/Constant):00056         screen_width                  equ 160    ; in pixel
     001C             (./Engine/Constant):00057         screen_top                    equ 28     ; in pixel
     00E3             (./Engine/Constant):00058         screen_bottom                 equ 28+199 ; in pixel
     0030             (./Engine/Constant):00059         screen_left                   equ 48     ; in pixel
     00CF             (./Engine/Constant):00060         screen_right                  equ 48+159 ; in pixel
     0008             (./Engine/Constant):00061         nb_priority_levels            equ 8      ; number of priority levels (need code change if modified)
                      (./Engine/Constant):00062         
                      (./Engine/Constant):00063         * ===========================================================================
                      (./Engine/Constant):00064         * Images Constants
                      (./Engine/Constant):00065         * ===========================================================================
                      (./Engine/Constant):00066         
     0004             (./Engine/Constant):00067         image_x_size                  equ 4
     0005             (./Engine/Constant):00068         image_y_size                  equ 5
     0006             (./Engine/Constant):00069         image_center_offset           equ 6
                      (./Engine/Constant):00070         
     0004             (./Engine/Constant):00071         image_subset_x1_offset        equ 4
     0005             (./Engine/Constant):00072         image_subset_y1_offset        equ 5
                      (./Engine/Constant):00073         
     0000             (./Engine/Constant):00074         page_draw_routine             equ 0
     0001             (./Engine/Constant):00075         draw_routine                  equ 1
     0003             (./Engine/Constant):00076         page_erase_routine            equ 3
     0004             (./Engine/Constant):00077         erase_routine                 equ 4
     0006             (./Engine/Constant):00078         erase_nb_cell                 equ 6
                      (./Engine/Constant):00079         
                      (./Engine/Constant):00080         * ===========================================================================
                      (./Engine/Constant):00081         * Sound Constants
                      (./Engine/Constant):00082         * ===========================================================================
                      (./Engine/Constant):00083         
     0000             (./Engine/Constant):00084         sound_page        equ 0
     0001             (./Engine/Constant):00085         sound_start_addr  equ 1
     0003             (./Engine/Constant):00086         sound_end_addr    equ 3
     0005             (./Engine/Constant):00087         sound_meta_size   equ 5
                      (./Engine/Constant):00088         
                      (./Engine/Constant):00089         * ===========================================================================
                      (./Engine/Constant):00090         * Object Constants
                      (./Engine/Constant):00091         * ===========================================================================
                      (./Engine/Constant):00092         
     005D             (./Engine/Constant):00093         object_core_size              equ 93  ; the size of an object without ext_vars - DEPENDENCY ClearObj routine
     ????             (./Engine/Constant):00094         object_size                   equ object_core_size+ext_variables_size ; the size of a dynamic object
     ????             (./Engine/Constant):00095         next_object                   equ object_size
     005D             (./Engine/Constant):00096         ext_variables                 equ object_core_size ; start of reserved space for additionnal variables
                      (./Engine/Constant):00097         
     0000             (./Engine/Constant):00098         id                            equ 0           ; reference to object model id (ObjID_) (0: free slot)
     0001             (./Engine/Constant):00099         subtype                       equ 1           ; reference to object subtype (Sub_)
     0002             (./Engine/Constant):00100         render_flags                  equ 2
                      (./Engine/Constant):00101         
                      (./Engine/Constant):00102         * --- render_flags bitfield variables ---
     0001             (./Engine/Constant):00103         render_xmirror_mask           equ $01 ; (bit 0) DEPENDENCY should be bit 0 - tell display engine to mirror sprite on horizontal axis
     0002             (./Engine/Constant):00104         render_ymirror_mask           equ $02 ; (bit 1) DEPENDENCY should be bit 1 - tell display engine to mirror sprite on vertical axis
     0004             (./Engine/Constant):00105         render_overlay_mask           equ $04 ; (bit 2) DEPENDENCY should be bit 2 - compilated sprite with no background save
     0008             (./Engine/Constant):00106         render_motionless_mask        equ $08 ; (bit 3) tell display engine to compute sub image and position check only once until the flag is removed  
     0010             (./Engine/Constant):00107         render_playfieldcoord_mask    equ $10 ; (bit 4) tell display engine to use playfield (1) or screen (0) coordinates
     0020             (./Engine/Constant):00108         render_hide_mask              equ $20 ; (bit 5) tell display engine to hide sprite (keep priority and mapping_frame)
     0040             (./Engine/Constant):00109         render_todelete_mask          equ $40 ; (bit 6) tell display engine to delete sprite and clear OST for this object
     0080             (./Engine/Constant):00110         render_xloop_mask             equ $80 ; (bit 7) (screen coordinate) tell display engine to hide sprite when x is out of screen (0) or to display (1)  
                      (./Engine/Constant):00111          
     0003             (./Engine/Constant):00112         priority                      equ 3           ; display priority (0: nothing to display, 1:front, ..., 8:back)
     0004             (./Engine/Constant):00113         anim                          equ 4  ; and 5  ; reference to current animation (Ani_)
     0006             (./Engine/Constant):00114         prev_anim                     equ 6  ; and 7  ; reference to previous animation (Ani_)
     0008             (./Engine/Constant):00115         anim_frame                    equ 8           ; index of current frame in animation
     0009             (./Engine/Constant):00116         anim_frame_duration           equ 9           ; number of frames for each image in animation, range: 00-7F (0-127), 0 means display only during one frame
     000A             (./Engine/Constant):00117         anim_flags                    equ 10          ; byte offset to reference an anim_flags LUT (adv) / store a link flag (non adv)
                      (./Engine/Constant):00118         
                      (./Engine/Constant):00119         * --- anim_flags bitfield variables ---
     0001             (./Engine/Constant):00120         anim_link_mask                equ $01 ; (bit 0) if set, allow the load of a new animation without reseting anim_frame and anim_frame_duration
                      (./Engine/Constant):00121         
     000B             (./Engine/Constant):00122         status_flags                  equ 11          ; orientation of sprite, is applied to animation xmirror flag during AnimateSprite
                      (./Engine/Constant):00123         
                      (./Engine/Constant):00124         * --- status_flags bitfield variables ---
     0001             (./Engine/Constant):00125         status_xflip_mask             equ $01 ; (bit 0) X Flip
     0002             (./Engine/Constant):00126         status_yflip_mask             equ $02 ; (bit 1) Y Flip
                      (./Engine/Constant):00127         
     000C             (./Engine/Constant):00128         image_set                     equ 12 ; and 13 ; reference to current image (Img_) (0000 if no image)
     000E             (./Engine/Constant):00129         x_pos                         equ 14 ; and 15 ; x playfield coordinate
     0010             (./Engine/Constant):00130         x_sub                         equ 16          ; x subpixel (1/256 of a pixel), must follow x_pos in data structure
     0011             (./Engine/Constant):00131         y_pos                         equ 17 ; and 18 ; y playfield coordinate
     0013             (./Engine/Constant):00132         y_sub                         equ 19          ; y subpixel (1/256 of a pixel), must follow y_pos in data structure
     0014             (./Engine/Constant):00133         xy_pixel                      equ 20          ; x and y screen coordinate
     0014             (./Engine/Constant):00134         x_pixel                       equ 20          ; x screen coordinate
     0015             (./Engine/Constant):00135         y_pixel                       equ 21          ; y screen coordinate, must follow x_pixel
                      (./Engine/Constant):00136         ;x_offset                      equ 93          ; x screen coordinate offset that is applied at rendering
                      (./Engine/Constant):00137         ;y_offset                      equ 94          ; x screen coordinate offset that is applied at rendering
     0016             (./Engine/Constant):00138         x_vel                         equ 22 ; and 23 ; horizontal velocity
     0018             (./Engine/Constant):00139         y_vel                         equ 24 ; and 25 ; vertical velocity
     001A             (./Engine/Constant):00140         x_acl                         equ 26 ; and 27 ; horizontal gravity
     001C             (./Engine/Constant):00141         y_acl                         equ 28 ; and 29 ; vertical gravity
     001E             (./Engine/Constant):00142         routine                       equ 30          ; index of current object routine
     001F             (./Engine/Constant):00143         routine_secondary             equ 31          ; index of current secondary routine
     0020             (./Engine/Constant):00144         routine_tertiary              equ 32          ; index of current tertiary routine
     0021             (./Engine/Constant):00145         routine_quaternary            equ 33          ; index of current quaternary routine
                      (./Engine/Constant):00146         
                      (./Engine/Constant):00147         * ---------------------------------------------------------------------------
                      (./Engine/Constant):00148         * reserved variables (update by engine)
                      (./Engine/Constant):00149         
     0022             (./Engine/Constant):00150         rsv_render_flags              equ 34
                      (./Engine/Constant):00151         
                      (./Engine/Constant):00152         * --- rsv_render_flags bitfield variables ---
     0001             (./Engine/Constant):00153         rsv_render_checkrefresh_mask  equ $01 ; (bit 0) if erasesprite and display sprite flag are processed for this frame
     0002             (./Engine/Constant):00154         rsv_render_erasesprite_mask   equ $02 ; (bit 1) if a sprite need to be cleared on screen
     0004             (./Engine/Constant):00155         rsv_render_displaysprite_mask equ $04 ; (bit 2) if a sprite need to be rendered on screen
     0008             (./Engine/Constant):00156         rsv_render_outofrange_mask    equ $08 ; (bit 3) if a sprite is out of range for full rendering in screen
     0080             (./Engine/Constant):00157         rsv_render_onscreen_mask      equ $80 ; (bit 7) DEPENDENCY should be bit 7 - has been rendered on last screen buffer (may be 0 or 1)
                      (./Engine/Constant):00158         
     0023             (./Engine/Constant):00159         rsv_prev_anim                 equ 35 ; and 36 ; reference to previous animation (Ani_) w * UTILE ?
     0025             (./Engine/Constant):00160         rsv_image_center_offset       equ 37 ; 0 or 1 offset that indicate if image center is even or odd (DRS_XYToAddress)
     0026             (./Engine/Constant):00161         rsv_image_subset              equ 38 ; and 39 ; reference to current image regarding mirror flags w
     0028             (./Engine/Constant):00162         rsv_mapping_frame             equ 40 ; and 41 ; reference to current image regarding mirror flags, overlay flag and x precision w
     002A             (./Engine/Constant):00163         rsv_erase_nb_cell             equ 42 ; b 
     002B             (./Engine/Constant):00164         rsv_page_draw_routine         equ 43 ; b
     002C             (./Engine/Constant):00165         rsv_draw_routine              equ 44 ; and 45 ; w
     002E             (./Engine/Constant):00166         rsv_page_erase_routine        equ 46 ; b
     002F             (./Engine/Constant):00167         rsv_erase_routine             equ 47 ; and 48 ; w 
     0031             (./Engine/Constant):00168         rsv_xy1_pixel                 equ 49 ;
     0031             (./Engine/Constant):00169         rsv_x1_pixel                  equ 49 ; x+x_offset-(x_size/2) screen coordinate
     0032             (./Engine/Constant):00170         rsv_y1_pixel                  equ 50 ; y+y_offset-(y_size/2) screen coordinate, must follow rsv_x1_pixel
     0033             (./Engine/Constant):00171         rsv_xy2_pixel                 equ 51 ;
     0033             (./Engine/Constant):00172         rsv_x2_pixel                  equ 51 ; x+x_offset+(x_size/2) screen coordinate
     0034             (./Engine/Constant):00173         rsv_y2_pixel                  equ 52 ; y+y_offset+(y_size/2) screen coordinate, must follow rsv_x2_pixel
                      (./Engine/Constant):00174         
                      (./Engine/Constant):00175         * ---------------------------------------------------------------------------
                      (./Engine/Constant):00176         * reserved variables (engine) - buffer specific
                      (./Engine/Constant):00177         
     0035             (./Engine/Constant):00178         rsv_buffer_0                  equ 53 ; Start index of buffer 0 variables
     0035             (./Engine/Constant):00179         rsv_priority_0                equ 53 ; internal value that hold priority in video buffer 0
     0036             (./Engine/Constant):00180         rsv_priority_prev_obj_0       equ 54 ; and 55 ; previous object (OST address) in display priority list for video buffer 0 (0000 if none) w
     0038             (./Engine/Constant):00181         rsv_priority_next_obj_0       equ 56 ; and 57 ; next object (OST address) in display priority list for video buffer 0 (0000 if none) w
     003A             (./Engine/Constant):00182         rsv_prev_mapping_frame_0      equ 58 ; and 59 ; reference to previous image in video buffer 0 w
     003C             (./Engine/Constant):00183         rsv_prev_erase_nb_cell_0      equ 60 : b
     003D             (./Engine/Constant):00184         rsv_prev_page_erase_routine_0 equ 61 ; b
     003E             (./Engine/Constant):00185         rsv_prev_erase_routine_0      equ 62 ; and 63 ; w
     0040             (./Engine/Constant):00186         rsv_bgdata_0                  equ 64 ; and 65 ; address of background data in screen 0 w
     0042             (./Engine/Constant):00187         rsv_prev_xy_pixel_0           equ 66 ;
     0042             (./Engine/Constant):00188         rsv_prev_x_pixel_0            equ 66 ; previous x screen coordinate b
     0043             (./Engine/Constant):00189         rsv_prev_y_pixel_0            equ 67 ; previous y screen coordinate b, must follow x_pixel
     0044             (./Engine/Constant):00190         rsv_prev_xy1_pixel_0          equ 68 ;
     0044             (./Engine/Constant):00191         rsv_prev_x1_pixel_0           equ 68 ; previous x+x_offset-(x_size/2) screen coordinate b
     0045             (./Engine/Constant):00192         rsv_prev_y1_pixel_0           equ 69 ; previous y+y_offset-(y_size/2) screen coordinate b, must follow x1_pixel
     0046             (./Engine/Constant):00193         rsv_prev_xy2_pixel_0          equ 70 ;
     0046             (./Engine/Constant):00194         rsv_prev_x2_pixel_0           equ 70 ; previous x+x_offset+(x_size/2) screen coordinate b
     0047             (./Engine/Constant):00195         rsv_prev_y2_pixel_0           equ 71 ; previous y+y_offset+(y_size/2) screen coordinate b, must follow x2_pixel
     0048             (./Engine/Constant):00196         rsv_prev_render_flags_0       equ 72 ;
                      (./Engine/Constant):00197         * --- rsv_prev_render_flags_0 bitfield variables ---
     0001             (./Engine/Constant):00198         rsv_prev_render_overlay_mask  equ $01 ; (bit 0) if a sprite has been rendered with compilated sprite and no background save on screen buffer 0/1
     0080             (./Engine/Constant):00199         rsv_prev_render_onscreen_mask equ $80 ; (bit 7) DEPENDENCY should be bit 7 - has been rendered on screen buffer 0/1
                      (./Engine/Constant):00200         
     0049             (./Engine/Constant):00201         rsv_buffer_1                  equ 73 ; Start index of buffer 1 variables
     0049             (./Engine/Constant):00202         rsv_priority_1                equ 73 ; internal value that hold priority in video buffer 1
     004A             (./Engine/Constant):00203         rsv_priority_prev_obj_1       equ 74 ; and 75 ; previous object (OST address) in display priority list for video buffer 1 (0000 if none) w
     004C             (./Engine/Constant):00204         rsv_priority_next_obj_1       equ 76 ; and 77 ; next object (OST address) in display priority list for video buffer 1 (0000 if none) w
     004E             (./Engine/Constant):00205         rsv_prev_mapping_frame_1      equ 78 ; and 79 ; reference to previous image in video buffer 1 w
     0050             (./Engine/Constant):00206         rsv_prev_erase_nb_cell_1      equ 80 ; b
     0051             (./Engine/Constant):00207         rsv_prev_page_erase_routine_1 equ 81 ; b
     0052             (./Engine/Constant):00208         rsv_prev_erase_routine_1      equ 82 ; and 83 ; w
     0054             (./Engine/Constant):00209         rsv_bgdata_1                  equ 84 ; and 85 ; address of background data in screen 1 w
     0056             (./Engine/Constant):00210         rsv_prev_xy_pixel_1           equ 86 ;
     0056             (./Engine/Constant):00211         rsv_prev_x_pixel_1            equ 86 ; previous x screen coordinate b
     0057             (./Engine/Constant):00212         rsv_prev_y_pixel_1            equ 87 ; previous y screen coordinate b, must follow x_pixel
     0058             (./Engine/Constant):00213         rsv_prev_xy1_pixel_1          equ 88 ;
     0058             (./Engine/Constant):00214         rsv_prev_x1_pixel_1           equ 88 ; previous x+x_size screen coordinate b
     0059             (./Engine/Constant):00215         rsv_prev_y1_pixel_1           equ 89 ; previous y+y_size screen coordinate b, must follow x_pixel
     005A             (./Engine/Constant):00216         rsv_prev_xy2_pixel_1          equ 90 ;
     005A             (./Engine/Constant):00217         rsv_prev_x2_pixel_1           equ 90 ; previous x+x_size screen coordinate b
     005B             (./Engine/Constant):00218         rsv_prev_y2_pixel_1           equ 91 ; previous y+y_size screen coordinate b, must follow x_pixel
     005C             (./Engine/Constant):00219         rsv_prev_render_flags_1       equ 92 ;
                      (./Engine/Constant):00220         
     0000             (./Engine/Constant):00221         buf_priority                  equ 0  ; offset for each rsv_buffer variables
     0001             (./Engine/Constant):00222         buf_priority_prev_obj         equ 1  ;
     0003             (./Engine/Constant):00223         buf_priority_next_obj         equ 3  ;
     0005             (./Engine/Constant):00224         buf_prev_mapping_frame        equ 5  ;
     0007             (./Engine/Constant):00225         buf_erase_nb_cell             equ 7  ;
     0008             (./Engine/Constant):00226         buf_page_erase_routine        equ 8 ;
     0009             (./Engine/Constant):00227         buf_erase_routine             equ 9 ;
     000B             (./Engine/Constant):00228         buf_bgdata                    equ 11 ;
     000D             (./Engine/Constant):00229         buf_prev_xy_pixel             equ 13 ;
     000D             (./Engine/Constant):00230         buf_prev_x_pixel              equ 13 ;
     000E             (./Engine/Constant):00231         buf_prev_y_pixel              equ 14 ;
     000F             (./Engine/Constant):00232         buf_prev_xy1_pixel            equ 15 ;
     000F             (./Engine/Constant):00233         buf_prev_x1_pixel             equ 15 ;
     0010             (./Engine/Constant):00234         buf_prev_y1_pixel             equ 16 ;
     0011             (./Engine/Constant):00235         buf_prev_xy2_pixel            equ 17 ;
     0011             (./Engine/Constant):00236         buf_prev_x2_pixel             equ 17 ;
     0012             (./Engine/Constant):00237         buf_prev_y2_pixel             equ 18 ;
     0013             (./Engine/Constant):00238         buf_prev_render_flags         equ 19 ;
                      (./generated-code/):00002                 ORG $A000
     FF               (./generated-code/):00003                 SETDP $FF
                      (./generated-code/):00004                 OPT C,CT
A000                  (./generated-code/):00005                 BCKDRAW_Img_SSShadow_005_0
A000 10FF9FFE         (./generated-code/):00006 [7]     7               STS glb_register_s
                      (./generated-code/):00007                 
A004 32A4             (./generated-code/):00008 [4]     11              LEAS ,Y
A006 33C9FF10         (./generated-code/):00009 [8]     19              LEAU -240,U
                      (./generated-code/):00010                 
A00A A6C888           (./generated-code/):00011 [5]     24              LDA -120,U
A00D 3402             (./generated-code/):00012 [6]     30              PSHS A
A00F 840F             (./generated-code/):00013 [2]     32              ANDA #$0F
A011 8A20             (./generated-code/):00014 [2]     34              ORA #$20
A013 A7C888           (./generated-code/):00015 [5]     39              STA -120,U
A016 A6C8B0           (./generated-code/):00016 [5]     44              LDA -80,U
A019 3402             (./generated-code/):00017 [6]     50              PSHS A
A01B 840F             (./generated-code/):00018 [2]     52              ANDA #$0F
A01D 8A20             (./generated-code/):00019 [2]     54              ORA #$20
A01F A7C8B0           (./generated-code/):00020 [5]     59              STA -80,U
A022 A6C8D8           (./generated-code/):00021 [5]     64              LDA -40,U
A025 3402             (./generated-code/):00022 [6]     70              PSHS A
A027 840F             (./generated-code/):00023 [2]     72              ANDA #$0F
A029 8A20             (./generated-code/):00024 [2]     74              ORA #$20
A02B A7C8D8           (./generated-code/):00025 [5]     79              STA -40,U
A02E A6C4             (./generated-code/):00026 [4]     83              LDA ,U
A030 3402             (./generated-code/):00027 [6]     89              PSHS A
A032 840F             (./generated-code/):00028 [2]     91              ANDA #$0F
A034 8A20             (./generated-code/):00029 [2]     93              ORA #$20
A036 A7C4             (./generated-code/):00030 [4]     97              STA ,U
A038 A6C828           (./generated-code/):00031 [5]     102             LDA 40,U
A03B 3402             (./generated-code/):00032 [6]     108             PSHS A
A03D 840F             (./generated-code/):00033 [2]     110             ANDA #$0F
A03F 8A20             (./generated-code/):00034 [2]     112             ORA #$20
A041 A7C828           (./generated-code/):00035 [5]     117             STA 40,U
A044 A6C850           (./generated-code/):00036 [5]     122             LDA 80,U
A047 3402             (./generated-code/):00037 [6]     128             PSHS A
A049 840F             (./generated-code/):00038 [2]     130             ANDA #$0F
A04B 8A20             (./generated-code/):00039 [2]     132             ORA #$20
A04D A7C850           (./generated-code/):00040 [5]     137             STA 80,U
A050 A6C878           (./generated-code/):00041 [5]     142             LDA 120,U
A053 3442             (./generated-code/):00042 [8]     150             PSHS U,A
A055 840F             (./generated-code/):00043 [2]     152             ANDA #$0F
A057 8A20             (./generated-code/):00044 [2]     154             ORA #$20
A059 A7C878           (./generated-code/):00045 [5]     159             STA 120,U
A05C 33C90118         (./generated-code/):00046 [8]     167             LEAU 280,U
                      (./generated-code/):00047                 
A060 A6C888           (./generated-code/):00048 [5]     172             LDA -120,U
A063 3402             (./generated-code/):00049 [6]     178             PSHS A
A065 840F             (./generated-code/):00050 [2]     180             ANDA #$0F
A067 8A20             (./generated-code/):00051 [2]     182             ORA #$20
A069 A7C888           (./generated-code/):00052 [5]     187             STA -120,U
A06C A6C8B0           (./generated-code/):00053 [5]     192             LDA -80,U
A06F 3402             (./generated-code/):00054 [6]     198             PSHS A
A071 840F             (./generated-code/):00055 [2]     200             ANDA #$0F
A073 8A20             (./generated-code/):00056 [2]     202             ORA #$20
A075 A7C8B0           (./generated-code/):00057 [5]     207             STA -80,U
A078 A6C8D8           (./generated-code/):00058 [5]     212             LDA -40,U
A07B 3402             (./generated-code/):00059 [6]     218             PSHS A
A07D 840F             (./generated-code/):00060 [2]     220             ANDA #$0F
A07F 8A20             (./generated-code/):00061 [2]     222             ORA #$20
A081 A7C8D8           (./generated-code/):00062 [5]     227             STA -40,U
A084 A6C4             (./generated-code/):00063 [4]     231             LDA ,U
A086 3402             (./generated-code/):00064 [6]     237             PSHS A
A088 840F             (./generated-code/):00065 [2]     239             ANDA #$0F
A08A 8A20             (./generated-code/):00066 [2]     241             ORA #$20
A08C A7C4             (./generated-code/):00067 [4]     245             STA ,U
A08E A6C828           (./generated-code/):00068 [5]     250             LDA 40,U
A091 3402             (./generated-code/):00069 [6]     256             PSHS A
A093 840F             (./generated-code/):00070 [2]     258             ANDA #$0F
A095 8A20             (./generated-code/):00071 [2]     260             ORA #$20
A097 A7C828           (./generated-code/):00072 [5]     265             STA 40,U
A09A A6C850           (./generated-code/):00073 [5]     270             LDA 80,U
A09D 3402             (./generated-code/):00074 [6]     276             PSHS A
A09F 840F             (./generated-code/):00075 [2]     278             ANDA #$0F
A0A1 8A20             (./generated-code/):00076 [2]     280             ORA #$20
A0A3 A7C850           (./generated-code/):00077 [5]     285             STA 80,U
A0A6 A6C878           (./generated-code/):00078 [5]     290             LDA 120,U
A0A9 3442             (./generated-code/):00079 [8]     298             PSHS U,A
A0AB 840F             (./generated-code/):00080 [2]     300             ANDA #$0F
A0AD 8A20             (./generated-code/):00081 [2]     302             ORA #$20
A0AF A7C878           (./generated-code/):00082 [5]     307             STA 120,U
A0B2 33C90118         (./generated-code/):00083 [8]     315             LEAU 280,U
                      (./generated-code/):00084                 
A0B6 A6C888           (./generated-code/):00085 [5]     320             LDA -120,U
A0B9 3402             (./generated-code/):00086 [6]     326             PSHS A
A0BB 840F             (./generated-code/):00087 [2]     328             ANDA #$0F
A0BD 8A20             (./generated-code/):00088 [2]     330             ORA #$20
A0BF A7C888           (./generated-code/):00089 [5]     335             STA -120,U
A0C2 A6C8B0           (./generated-code/):00090 [5]     340             LDA -80,U
A0C5 3402             (./generated-code/):00091 [6]     346             PSHS A
A0C7 840F             (./generated-code/):00092 [2]     348             ANDA #$0F
A0C9 8A20             (./generated-code/):00093 [2]     350             ORA #$20
A0CB A7C8B0           (./generated-code/):00094 [5]     355             STA -80,U
A0CE A6C8D8           (./generated-code/):00095 [5]     360             LDA -40,U
A0D1 3402             (./generated-code/):00096 [6]     366             PSHS A
A0D3 840F             (./generated-code/):00097 [2]     368             ANDA #$0F
A0D5 8A20             (./generated-code/):00098 [2]     370             ORA #$20
A0D7 A7C8D8           (./generated-code/):00099 [5]     375             STA -40,U
A0DA A6C4             (./generated-code/):00100 [4]     379             LDA ,U
A0DC 3402             (./generated-code/):00101 [6]     385             PSHS A
A0DE 840F             (./generated-code/):00102 [2]     387             ANDA #$0F
A0E0 8A20             (./generated-code/):00103 [2]     389             ORA #$20
A0E2 A7C4             (./generated-code/):00104 [4]     393             STA ,U
A0E4 A6C828           (./generated-code/):00105 [5]     398             LDA 40,U
A0E7 3402             (./generated-code/):00106 [6]     404             PSHS A
A0E9 840F             (./generated-code/):00107 [2]     406             ANDA #$0F
A0EB 8A20             (./generated-code/):00108 [2]     408             ORA #$20
A0ED A7C828           (./generated-code/):00109 [5]     413             STA 40,U
A0F0 A6C850           (./generated-code/):00110 [5]     418             LDA 80,U
A0F3 3402             (./generated-code/):00111 [6]     424             PSHS A
A0F5 840F             (./generated-code/):00112 [2]     426             ANDA #$0F
A0F7 8A20             (./generated-code/):00113 [2]     428             ORA #$20
A0F9 A7C850           (./generated-code/):00114 [5]     433             STA 80,U
A0FC A6C878           (./generated-code/):00115 [5]     438             LDA 120,U
A0FF 3442             (./generated-code/):00116 [8]     446             PSHS U,A
A101 840F             (./generated-code/):00117 [2]     448             ANDA #$0F
A103 8A20             (./generated-code/):00118 [2]     450             ORA #$20
A105 A7C878           (./generated-code/):00119 [5]     455             STA 120,U
A108 33C900B4         (./generated-code/):00120 [8]     463             LEAU 180,U
                      (./generated-code/):00121                 
A10C A6C8EC           (./generated-code/):00122 [5]     468             LDA -20,U
A10F 3402             (./generated-code/):00123 [6]     474             PSHS A
A111 840F             (./generated-code/):00124 [2]     476             ANDA #$0F
A113 8A20             (./generated-code/):00125 [2]     478             ORA #$20
A115 A7C8EC           (./generated-code/):00126 [5]     483             STA -20,U
A118 A6C814           (./generated-code/):00127 [5]     488             LDA 20,U
A11B 3442             (./generated-code/):00128 [8]     496             PSHS U,A
A11D 840F             (./generated-code/):00129 [2]     498             ANDA #$0F
A11F 8A20             (./generated-code/):00130 [2]     500             ORA #$20
A121 A7C814           (./generated-code/):00131 [5]     505             STA 20,U
                      (./generated-code/):00132                 
A124 DEFC             (./generated-code/):00133 [5]     510             LDU <glb_screen_location_1
A126 33C9FE6F         (./generated-code/):00134 [8]     518             LEAU -401,U
                      (./generated-code/):00135                 
A12A A6C888           (./generated-code/):00136 [5]     523             LDA -120,U
A12D 3402             (./generated-code/):00137 [6]     529             PSHS A
A12F 84F0             (./generated-code/):00138 [2]     531             ANDA #$F0
A131 8A02             (./generated-code/):00139 [2]     533             ORA #$02
A133 A7C888           (./generated-code/):00140 [5]     538             STA -120,U
A136 A6C8B0           (./generated-code/):00141 [5]     543             LDA -80,U
A139 E6C8D8           (./generated-code/):00142 [5]     548             LDB -40,U
A13C 3406             (./generated-code/):00143 [7]     555             PSHS B,A
A13E A6C4             (./generated-code/):00144 [4]     559             LDA ,U
A140 E6C828           (./generated-code/):00145 [5]     564             LDB 40,U
A143 3406             (./generated-code/):00146 [7]     571             PSHS B,A
A145 A6C850           (./generated-code/):00147 [5]     576             LDA 80,U
A148 E6C878           (./generated-code/):00148 [5]     581             LDB 120,U
A14B 3446             (./generated-code/):00149 [9]     590             PSHS U,B,A
A14D 8622             (./generated-code/):00150 [2]     592             LDA #$22
A14F A7C8B0           (./generated-code/):00151 [5]     597             STA -80,U
A152 A7C8D8           (./generated-code/):00152 [5]     602             STA -40,U
A155 A7C4             (./generated-code/):00153 [4]     606             STA ,U
A157 A7C828           (./generated-code/):00154 [5]     611             STA 40,U
A15A A7C850           (./generated-code/):00155 [5]     616             STA 80,U
A15D A7C878           (./generated-code/):00156 [5]     621             STA 120,U
A160 33C90118         (./generated-code/):00157 [8]     629             LEAU 280,U
                      (./generated-code/):00158                 
A164 A6C888           (./generated-code/):00159 [5]     634             LDA -120,U
A167 E6C8B0           (./generated-code/):00160 [5]     639             LDB -80,U
A16A 3406             (./generated-code/):00161 [7]     646             PSHS B,A
A16C A6C8D8           (./generated-code/):00162 [5]     651             LDA -40,U
A16F E6C4             (./generated-code/):00163 [4]     655             LDB ,U
A171 3406             (./generated-code/):00164 [7]     662             PSHS B,A
A173 A6C828           (./generated-code/):00165 [5]     667             LDA 40,U
A176 E6C850           (./generated-code/):00166 [5]     672             LDB 80,U
A179 3406             (./generated-code/):00167 [7]     679             PSHS B,A
A17B A6C878           (./generated-code/):00168 [5]     684             LDA 120,U
A17E 3442             (./generated-code/):00169 [8]     692             PSHS U,A
A180 8622             (./generated-code/):00170 [2]     694             LDA #$22
A182 A7C888           (./generated-code/):00171 [5]     699             STA -120,U
A185 A7C8B0           (./generated-code/):00172 [5]     704             STA -80,U
A188 A7C8D8           (./generated-code/):00173 [5]     709             STA -40,U
A18B A7C4             (./generated-code/):00174 [4]     713             STA ,U
A18D A7C828           (./generated-code/):00175 [5]     718             STA 40,U
A190 A7C850           (./generated-code/):00176 [5]     723             STA 80,U
A193 A7C878           (./generated-code/):00177 [5]     728             STA 120,U
A196 33C90118         (./generated-code/):00178 [8]     736             LEAU 280,U
                      (./generated-code/):00179                 
A19A A6C888           (./generated-code/):00180 [5]     741             LDA -120,U
A19D E6C8B0           (./generated-code/):00181 [5]     746             LDB -80,U
A1A0 3406             (./generated-code/):00182 [7]     753             PSHS B,A
A1A2 A6C8D8           (./generated-code/):00183 [5]     758             LDA -40,U
A1A5 E6C4             (./generated-code/):00184 [4]     762             LDB ,U
A1A7 3406             (./generated-code/):00185 [7]     769             PSHS B,A
A1A9 A6C828           (./generated-code/):00186 [5]     774             LDA 40,U
A1AC E6C850           (./generated-code/):00187 [5]     779             LDB 80,U
A1AF 3406             (./generated-code/):00188 [7]     786             PSHS B,A
A1B1 A6C878           (./generated-code/):00189 [5]     791             LDA 120,U
A1B4 3442             (./generated-code/):00190 [8]     799             PSHS U,A
A1B6 8622             (./generated-code/):00191 [2]     801             LDA #$22
A1B8 A7C888           (./generated-code/):00192 [5]     806             STA -120,U
A1BB A7C8B0           (./generated-code/):00193 [5]     811             STA -80,U
A1BE A7C8D8           (./generated-code/):00194 [5]     816             STA -40,U
A1C1 A7C4             (./generated-code/):00195 [4]     820             STA ,U
A1C3 A7C828           (./generated-code/):00196 [5]     825             STA 40,U
A1C6 A7C850           (./generated-code/):00197 [5]     830             STA 80,U
A1C9 A7C878           (./generated-code/):00198 [5]     835             STA 120,U
A1CC 33C90104         (./generated-code/):00199 [8]     843             LEAU 260,U
                      (./generated-code/):00200                 
A1D0 A6C89C           (./generated-code/):00201 [5]     848             LDA -100,U
A1D3 E6C8C4           (./generated-code/):00202 [5]     853             LDB -60,U
A1D6 3406             (./generated-code/):00203 [7]     860             PSHS B,A
A1D8 A6C8EC           (./generated-code/):00204 [5]     865             LDA -20,U
A1DB E6C814           (./generated-code/):00205 [5]     870             LDB 20,U
A1DE 3406             (./generated-code/):00206 [7]     877             PSHS B,A
A1E0 C4F0             (./generated-code/):00207 [2]     879             ANDB #$F0
A1E2 CA02             (./generated-code/):00208 [2]     881             ORB #$02
A1E4 E7C814           (./generated-code/):00209 [5]     886             STB 20,U
A1E7 A6C83C           (./generated-code/):00210 [5]     891             LDA 60,U
A1EA 3402             (./generated-code/):00211 [6]     897             PSHS A
A1EC 84F0             (./generated-code/):00212 [2]     899             ANDA #$F0
A1EE 8A02             (./generated-code/):00213 [2]     901             ORA #$02
A1F0 A7C83C           (./generated-code/):00214 [5]     906             STA 60,U
A1F3 A6C864           (./generated-code/):00215 [5]     911             LDA 100,U
A1F6 3442             (./generated-code/):00216 [8]     919             PSHS U,A
A1F8 84F0             (./generated-code/):00217 [2]     921             ANDA #$F0
A1FA 8A02             (./generated-code/):00218 [2]     923             ORA #$02
A1FC A7C864           (./generated-code/):00219 [5]     928             STA 100,U
A1FF 8622             (./generated-code/):00220 [2]     930             LDA #$22
A201 A7C89C           (./generated-code/):00221 [5]     935             STA -100,U
A204 A7C8C4           (./generated-code/):00222 [5]     940             STA -60,U
A207 A7C8EC           (./generated-code/):00223 [5]     945             STA -20,U
A20A 33E4             (./generated-code/):00224 [4]     949             LEAU ,S
A20C                  (./generated-code/):00225                 SSAV_Img_SSShadow_005_0
A20C 10FE9FFE         (./generated-code/):00226 [7]     956             LDS glb_register_s
A210 39               (./generated-code/):00227 [5]     961             RTS
                      (./generated-code/):00228                 
