                      (./generated-code/):00001                 INCLUDE "./Engine/Constants.asm"
                      (./Engine/Constant):00001         * ---------------------------------------------------------------------------
                      (./Engine/Constant):00002         * Constants
                      (./Engine/Constant):00003         *
                      (./Engine/Constant):00004         * Naming convention
                      (./Engine/Constant):00005         * -----------------
                      (./Engine/Constant):00006         * - lower case
                      (./Engine/Constant):00007         * - underscore-separated names
                      (./Engine/Constant):00008         *
                      (./Engine/Constant):00009         * ---------------------------------------------------------------------------
                      (./Engine/Constant):00010         
                      (./Engine/Constant):00011         * ===========================================================================
                      (./Engine/Constant):00012         * TO8 Registers
                      (./Engine/Constant):00013         * ===========================================================================
                      (./Engine/Constant):00014         
                      (./Engine/Constant):00015         ; Disk routine registers (ROM)
                      (./Engine/Constant):00016         
     6049             (./Engine/Constant):00017         dk_drive                      equ $6049
     604A             (./Engine/Constant):00018         dk_track                      equ $604A
     604B             (./Engine/Constant):00019         dk_track_lsb                  equ $604B
     604C             (./Engine/Constant):00020         dk_sector                     equ $604C
     604F             (./Engine/Constant):00021         dk_write_location             equ $604F
                      (./Engine/Constant):00022         
                      (./Engine/Constant):00023         * ===========================================================================
                      (./Engine/Constant):00024         * Globals
                      (./Engine/Constant):00025         * ===========================================================================
                      (./Engine/Constant):00026         
     009F             (./Engine/Constant):00027         glb_direct_page               equ $9F    ; direct page for globals
                      (./Engine/Constant):00028         
                      (./Engine/Constant):00029         ; compilated sprite
     9FFE             (./Engine/Constant):00030         glb_register_s                equ $9FFE  ; reverved space to store S from ROM routines
                      (./Engine/Constant):00031         
                      (./Engine/Constant):00032         ; DrawSprites
     9FFC             (./Engine/Constant):00033         glb_screen_location_1         equ $9FFC  ; start address for rendering of current sprite Part1     
     9FFA             (./Engine/Constant):00034         glb_screen_location_2         equ $9FFA  ; start address for rendering of current sprite Part2 (Must follow Part1)
                      (./Engine/Constant):00035         
                      (./Engine/Constant):00036         ; CheckSpritesRefresh
     9FF9             (./Engine/Constant):00037         glb_cur_priority              equ $9FF9
     9FF7             (./Engine/Constant):00038         glb_cur_ptr_sub_obj_erase     equ $9FF7
     9FF5             (./Engine/Constant):00039         glb_cur_ptr_sub_obj_draw      equ $9FF5
     9FF3             (./Engine/Constant):00040         glb_camera_x_pos              equ $9FF3 ; camera x position in palyfield coordinates
     9FF1             (./Engine/Constant):00041         glb_camera_y_pos              equ $9FF1 ; camera y position in palyfield coordinates
     9FEF             (./Engine/Constant):00042         glb_camera_x_min_pos          equ $9FEF
     9FED             (./Engine/Constant):00043         glb_camera_y_min_pos          equ $9FED
     9FEB             (./Engine/Constant):00044         glb_camera_x_max_pos          equ $9FEB
     9FE9             (./Engine/Constant):00045         glb_camera_y_max_pos          equ $9FE9
     9FE8             (./Engine/Constant):00046         glb_force_sprite_refresh      equ $9FE8
     9FE7             (./Engine/Constant):00047         glb_camera_move               equ $9FE7
     9FE6             (./Engine/Constant):00048         glb_alphaTiles                equ $9FE6
     9F00             (./Engine/Constant):00049         glb_tmp_var                   equ $9F00 ; custom tmp var space for routine
     9F00             (./Engine/Constant):00050         glb_system_stack              equ $9F00
                      (./Engine/Constant):00051         
                      (./Engine/Constant):00052         * ===========================================================================
                      (./Engine/Constant):00053         * Display Constants
                      (./Engine/Constant):00054         * ===========================================================================
                      (./Engine/Constant):00055         
     00A0             (./Engine/Constant):00056         screen_width                  equ 160    ; in pixel
     001C             (./Engine/Constant):00057         screen_top                    equ 28     ; in pixel
     00E3             (./Engine/Constant):00058         screen_bottom                 equ 28+199 ; in pixel
     0030             (./Engine/Constant):00059         screen_left                   equ 48     ; in pixel
     00CF             (./Engine/Constant):00060         screen_right                  equ 48+159 ; in pixel
     0008             (./Engine/Constant):00061         nb_priority_levels            equ 8      ; number of priority levels (need code change if modified)
                      (./Engine/Constant):00062         
                      (./Engine/Constant):00063         * ===========================================================================
                      (./Engine/Constant):00064         * Images Constants
                      (./Engine/Constant):00065         * ===========================================================================
                      (./Engine/Constant):00066         
     0004             (./Engine/Constant):00067         image_x_size                  equ 4
     0005             (./Engine/Constant):00068         image_y_size                  equ 5
     0006             (./Engine/Constant):00069         image_center_offset           equ 6
                      (./Engine/Constant):00070         
     0004             (./Engine/Constant):00071         image_subset_x1_offset        equ 4
     0005             (./Engine/Constant):00072         image_subset_y1_offset        equ 5
                      (./Engine/Constant):00073         
     0000             (./Engine/Constant):00074         page_draw_routine             equ 0
     0001             (./Engine/Constant):00075         draw_routine                  equ 1
     0003             (./Engine/Constant):00076         page_erase_routine            equ 3
     0004             (./Engine/Constant):00077         erase_routine                 equ 4
     0006             (./Engine/Constant):00078         erase_nb_cell                 equ 6
                      (./Engine/Constant):00079         
                      (./Engine/Constant):00080         * ===========================================================================
                      (./Engine/Constant):00081         * Sound Constants
                      (./Engine/Constant):00082         * ===========================================================================
                      (./Engine/Constant):00083         
     0000             (./Engine/Constant):00084         sound_page        equ 0
     0001             (./Engine/Constant):00085         sound_start_addr  equ 1
     0003             (./Engine/Constant):00086         sound_end_addr    equ 3
     0005             (./Engine/Constant):00087         sound_meta_size   equ 5
                      (./Engine/Constant):00088         
                      (./Engine/Constant):00089         * ===========================================================================
                      (./Engine/Constant):00090         * Object Constants
                      (./Engine/Constant):00091         * ===========================================================================
                      (./Engine/Constant):00092         
     005D             (./Engine/Constant):00093         object_core_size              equ 93  ; the size of an object without ext_vars - DEPENDENCY ClearObj routine
     ????             (./Engine/Constant):00094         object_size                   equ object_core_size+ext_variables_size ; the size of a dynamic object
     ????             (./Engine/Constant):00095         next_object                   equ object_size
     005D             (./Engine/Constant):00096         ext_variables                 equ object_core_size ; start of reserved space for additionnal variables
                      (./Engine/Constant):00097         
     0000             (./Engine/Constant):00098         id                            equ 0           ; reference to object model id (ObjID_) (0: free slot)
     0001             (./Engine/Constant):00099         subtype                       equ 1           ; reference to object subtype (Sub_)
     0002             (./Engine/Constant):00100         render_flags                  equ 2
                      (./Engine/Constant):00101         
                      (./Engine/Constant):00102         * --- render_flags bitfield variables ---
     0001             (./Engine/Constant):00103         render_xmirror_mask           equ $01 ; (bit 0) DEPENDENCY should be bit 0 - tell display engine to mirror sprite on horizontal axis
     0002             (./Engine/Constant):00104         render_ymirror_mask           equ $02 ; (bit 1) DEPENDENCY should be bit 1 - tell display engine to mirror sprite on vertical axis
     0004             (./Engine/Constant):00105         render_overlay_mask           equ $04 ; (bit 2) DEPENDENCY should be bit 2 - compilated sprite with no background save
     0008             (./Engine/Constant):00106         render_motionless_mask        equ $08 ; (bit 3) tell display engine to compute sub image and position check only once until the flag is removed  
     0010             (./Engine/Constant):00107         render_playfieldcoord_mask    equ $10 ; (bit 4) tell display engine to use playfield (1) or screen (0) coordinates
     0020             (./Engine/Constant):00108         render_hide_mask              equ $20 ; (bit 5) tell display engine to hide sprite (keep priority and mapping_frame)
     0040             (./Engine/Constant):00109         render_todelete_mask          equ $40 ; (bit 6) tell display engine to delete sprite and clear OST for this object
     0080             (./Engine/Constant):00110         render_xloop_mask             equ $80 ; (bit 7) (screen coordinate) tell display engine to hide sprite when x is out of screen (0) or to display (1)  
                      (./Engine/Constant):00111          
     0003             (./Engine/Constant):00112         priority                      equ 3           ; display priority (0: nothing to display, 1:front, ..., 8:back)
     0004             (./Engine/Constant):00113         anim                          equ 4  ; and 5  ; reference to current animation (Ani_)
     0006             (./Engine/Constant):00114         prev_anim                     equ 6  ; and 7  ; reference to previous animation (Ani_)
     0008             (./Engine/Constant):00115         anim_frame                    equ 8           ; index of current frame in animation
     0009             (./Engine/Constant):00116         anim_frame_duration           equ 9           ; number of frames for each image in animation, range: 00-7F (0-127), 0 means display only during one frame
     000A             (./Engine/Constant):00117         anim_flags                    equ 10          ; byte offset to reference an anim_flags LUT (adv) / store a link flag (non adv)
                      (./Engine/Constant):00118         
                      (./Engine/Constant):00119         * --- anim_flags bitfield variables ---
     0001             (./Engine/Constant):00120         anim_link_mask                equ $01 ; (bit 0) if set, allow the load of a new animation without reseting anim_frame and anim_frame_duration
                      (./Engine/Constant):00121         
     000B             (./Engine/Constant):00122         status_flags                  equ 11          ; orientation of sprite, is applied to animation xmirror flag during AnimateSprite
                      (./Engine/Constant):00123         
                      (./Engine/Constant):00124         * --- status_flags bitfield variables ---
     0001             (./Engine/Constant):00125         status_xflip_mask             equ $01 ; (bit 0) X Flip
     0002             (./Engine/Constant):00126         status_yflip_mask             equ $02 ; (bit 1) Y Flip
                      (./Engine/Constant):00127         
     000C             (./Engine/Constant):00128         image_set                     equ 12 ; and 13 ; reference to current image (Img_) (0000 if no image)
     000E             (./Engine/Constant):00129         x_pos                         equ 14 ; and 15 ; x playfield coordinate
     0010             (./Engine/Constant):00130         x_sub                         equ 16          ; x subpixel (1/256 of a pixel), must follow x_pos in data structure
     0011             (./Engine/Constant):00131         y_pos                         equ 17 ; and 18 ; y playfield coordinate
     0013             (./Engine/Constant):00132         y_sub                         equ 19          ; y subpixel (1/256 of a pixel), must follow y_pos in data structure
     0014             (./Engine/Constant):00133         xy_pixel                      equ 20          ; x and y screen coordinate
     0014             (./Engine/Constant):00134         x_pixel                       equ 20          ; x screen coordinate
     0015             (./Engine/Constant):00135         y_pixel                       equ 21          ; y screen coordinate, must follow x_pixel
                      (./Engine/Constant):00136         ;x_offset                      equ 93          ; x screen coordinate offset that is applied at rendering
                      (./Engine/Constant):00137         ;y_offset                      equ 94          ; x screen coordinate offset that is applied at rendering
     0016             (./Engine/Constant):00138         x_vel                         equ 22 ; and 23 ; horizontal velocity
     0018             (./Engine/Constant):00139         y_vel                         equ 24 ; and 25 ; vertical velocity
     001A             (./Engine/Constant):00140         x_acl                         equ 26 ; and 27 ; horizontal gravity
     001C             (./Engine/Constant):00141         y_acl                         equ 28 ; and 29 ; vertical gravity
     001E             (./Engine/Constant):00142         routine                       equ 30          ; index of current object routine
     001F             (./Engine/Constant):00143         routine_secondary             equ 31          ; index of current secondary routine
     0020             (./Engine/Constant):00144         routine_tertiary              equ 32          ; index of current tertiary routine
     0021             (./Engine/Constant):00145         routine_quaternary            equ 33          ; index of current quaternary routine
                      (./Engine/Constant):00146         
                      (./Engine/Constant):00147         * ---------------------------------------------------------------------------
                      (./Engine/Constant):00148         * reserved variables (update by engine)
                      (./Engine/Constant):00149         
     0022             (./Engine/Constant):00150         rsv_render_flags              equ 34
                      (./Engine/Constant):00151         
                      (./Engine/Constant):00152         * --- rsv_render_flags bitfield variables ---
     0001             (./Engine/Constant):00153         rsv_render_checkrefresh_mask  equ $01 ; (bit 0) if erasesprite and display sprite flag are processed for this frame
     0002             (./Engine/Constant):00154         rsv_render_erasesprite_mask   equ $02 ; (bit 1) if a sprite need to be cleared on screen
     0004             (./Engine/Constant):00155         rsv_render_displaysprite_mask equ $04 ; (bit 2) if a sprite need to be rendered on screen
     0008             (./Engine/Constant):00156         rsv_render_outofrange_mask    equ $08 ; (bit 3) if a sprite is out of range for full rendering in screen
     0080             (./Engine/Constant):00157         rsv_render_onscreen_mask      equ $80 ; (bit 7) DEPENDENCY should be bit 7 - has been rendered on last screen buffer (may be 0 or 1)
                      (./Engine/Constant):00158         
     0023             (./Engine/Constant):00159         rsv_prev_anim                 equ 35 ; and 36 ; reference to previous animation (Ani_) w * UTILE ?
     0025             (./Engine/Constant):00160         rsv_image_center_offset       equ 37 ; 0 or 1 offset that indicate if image center is even or odd (DRS_XYToAddress)
     0026             (./Engine/Constant):00161         rsv_image_subset              equ 38 ; and 39 ; reference to current image regarding mirror flags w
     0028             (./Engine/Constant):00162         rsv_mapping_frame             equ 40 ; and 41 ; reference to current image regarding mirror flags, overlay flag and x precision w
     002A             (./Engine/Constant):00163         rsv_erase_nb_cell             equ 42 ; b 
     002B             (./Engine/Constant):00164         rsv_page_draw_routine         equ 43 ; b
     002C             (./Engine/Constant):00165         rsv_draw_routine              equ 44 ; and 45 ; w
     002E             (./Engine/Constant):00166         rsv_page_erase_routine        equ 46 ; b
     002F             (./Engine/Constant):00167         rsv_erase_routine             equ 47 ; and 48 ; w 
     0031             (./Engine/Constant):00168         rsv_xy1_pixel                 equ 49 ;
     0031             (./Engine/Constant):00169         rsv_x1_pixel                  equ 49 ; x+x_offset-(x_size/2) screen coordinate
     0032             (./Engine/Constant):00170         rsv_y1_pixel                  equ 50 ; y+y_offset-(y_size/2) screen coordinate, must follow rsv_x1_pixel
     0033             (./Engine/Constant):00171         rsv_xy2_pixel                 equ 51 ;
     0033             (./Engine/Constant):00172         rsv_x2_pixel                  equ 51 ; x+x_offset+(x_size/2) screen coordinate
     0034             (./Engine/Constant):00173         rsv_y2_pixel                  equ 52 ; y+y_offset+(y_size/2) screen coordinate, must follow rsv_x2_pixel
                      (./Engine/Constant):00174         
                      (./Engine/Constant):00175         * ---------------------------------------------------------------------------
                      (./Engine/Constant):00176         * reserved variables (engine) - buffer specific
                      (./Engine/Constant):00177         
     0035             (./Engine/Constant):00178         rsv_buffer_0                  equ 53 ; Start index of buffer 0 variables
     0035             (./Engine/Constant):00179         rsv_priority_0                equ 53 ; internal value that hold priority in video buffer 0
     0036             (./Engine/Constant):00180         rsv_priority_prev_obj_0       equ 54 ; and 55 ; previous object (OST address) in display priority list for video buffer 0 (0000 if none) w
     0038             (./Engine/Constant):00181         rsv_priority_next_obj_0       equ 56 ; and 57 ; next object (OST address) in display priority list for video buffer 0 (0000 if none) w
     003A             (./Engine/Constant):00182         rsv_prev_mapping_frame_0      equ 58 ; and 59 ; reference to previous image in video buffer 0 w
     003C             (./Engine/Constant):00183         rsv_prev_erase_nb_cell_0      equ 60 : b
     003D             (./Engine/Constant):00184         rsv_prev_page_erase_routine_0 equ 61 ; b
     003E             (./Engine/Constant):00185         rsv_prev_erase_routine_0      equ 62 ; and 63 ; w
     0040             (./Engine/Constant):00186         rsv_bgdata_0                  equ 64 ; and 65 ; address of background data in screen 0 w
     0042             (./Engine/Constant):00187         rsv_prev_xy_pixel_0           equ 66 ;
     0042             (./Engine/Constant):00188         rsv_prev_x_pixel_0            equ 66 ; previous x screen coordinate b
     0043             (./Engine/Constant):00189         rsv_prev_y_pixel_0            equ 67 ; previous y screen coordinate b, must follow x_pixel
     0044             (./Engine/Constant):00190         rsv_prev_xy1_pixel_0          equ 68 ;
     0044             (./Engine/Constant):00191         rsv_prev_x1_pixel_0           equ 68 ; previous x+x_offset-(x_size/2) screen coordinate b
     0045             (./Engine/Constant):00192         rsv_prev_y1_pixel_0           equ 69 ; previous y+y_offset-(y_size/2) screen coordinate b, must follow x1_pixel
     0046             (./Engine/Constant):00193         rsv_prev_xy2_pixel_0          equ 70 ;
     0046             (./Engine/Constant):00194         rsv_prev_x2_pixel_0           equ 70 ; previous x+x_offset+(x_size/2) screen coordinate b
     0047             (./Engine/Constant):00195         rsv_prev_y2_pixel_0           equ 71 ; previous y+y_offset+(y_size/2) screen coordinate b, must follow x2_pixel
     0048             (./Engine/Constant):00196         rsv_prev_render_flags_0       equ 72 ;
                      (./Engine/Constant):00197         * --- rsv_prev_render_flags_0 bitfield variables ---
     0001             (./Engine/Constant):00198         rsv_prev_render_overlay_mask  equ $01 ; (bit 0) if a sprite has been rendered with compilated sprite and no background save on screen buffer 0/1
     0080             (./Engine/Constant):00199         rsv_prev_render_onscreen_mask equ $80 ; (bit 7) DEPENDENCY should be bit 7 - has been rendered on screen buffer 0/1
                      (./Engine/Constant):00200         
     0049             (./Engine/Constant):00201         rsv_buffer_1                  equ 73 ; Start index of buffer 1 variables
     0049             (./Engine/Constant):00202         rsv_priority_1                equ 73 ; internal value that hold priority in video buffer 1
     004A             (./Engine/Constant):00203         rsv_priority_prev_obj_1       equ 74 ; and 75 ; previous object (OST address) in display priority list for video buffer 1 (0000 if none) w
     004C             (./Engine/Constant):00204         rsv_priority_next_obj_1       equ 76 ; and 77 ; next object (OST address) in display priority list for video buffer 1 (0000 if none) w
     004E             (./Engine/Constant):00205         rsv_prev_mapping_frame_1      equ 78 ; and 79 ; reference to previous image in video buffer 1 w
     0050             (./Engine/Constant):00206         rsv_prev_erase_nb_cell_1      equ 80 ; b
     0051             (./Engine/Constant):00207         rsv_prev_page_erase_routine_1 equ 81 ; b
     0052             (./Engine/Constant):00208         rsv_prev_erase_routine_1      equ 82 ; and 83 ; w
     0054             (./Engine/Constant):00209         rsv_bgdata_1                  equ 84 ; and 85 ; address of background data in screen 1 w
     0056             (./Engine/Constant):00210         rsv_prev_xy_pixel_1           equ 86 ;
     0056             (./Engine/Constant):00211         rsv_prev_x_pixel_1            equ 86 ; previous x screen coordinate b
     0057             (./Engine/Constant):00212         rsv_prev_y_pixel_1            equ 87 ; previous y screen coordinate b, must follow x_pixel
     0058             (./Engine/Constant):00213         rsv_prev_xy1_pixel_1          equ 88 ;
     0058             (./Engine/Constant):00214         rsv_prev_x1_pixel_1           equ 88 ; previous x+x_size screen coordinate b
     0059             (./Engine/Constant):00215         rsv_prev_y1_pixel_1           equ 89 ; previous y+y_size screen coordinate b, must follow x_pixel
     005A             (./Engine/Constant):00216         rsv_prev_xy2_pixel_1          equ 90 ;
     005A             (./Engine/Constant):00217         rsv_prev_x2_pixel_1           equ 90 ; previous x+x_size screen coordinate b
     005B             (./Engine/Constant):00218         rsv_prev_y2_pixel_1           equ 91 ; previous y+y_size screen coordinate b, must follow x_pixel
     005C             (./Engine/Constant):00219         rsv_prev_render_flags_1       equ 92 ;
                      (./Engine/Constant):00220         
     0000             (./Engine/Constant):00221         buf_priority                  equ 0  ; offset for each rsv_buffer variables
     0001             (./Engine/Constant):00222         buf_priority_prev_obj         equ 1  ;
     0003             (./Engine/Constant):00223         buf_priority_next_obj         equ 3  ;
     0005             (./Engine/Constant):00224         buf_prev_mapping_frame        equ 5  ;
     0007             (./Engine/Constant):00225         buf_erase_nb_cell             equ 7  ;
     0008             (./Engine/Constant):00226         buf_page_erase_routine        equ 8 ;
     0009             (./Engine/Constant):00227         buf_erase_routine             equ 9 ;
     000B             (./Engine/Constant):00228         buf_bgdata                    equ 11 ;
     000D             (./Engine/Constant):00229         buf_prev_xy_pixel             equ 13 ;
     000D             (./Engine/Constant):00230         buf_prev_x_pixel              equ 13 ;
     000E             (./Engine/Constant):00231         buf_prev_y_pixel              equ 14 ;
     000F             (./Engine/Constant):00232         buf_prev_xy1_pixel            equ 15 ;
     000F             (./Engine/Constant):00233         buf_prev_x1_pixel             equ 15 ;
     0010             (./Engine/Constant):00234         buf_prev_y1_pixel             equ 16 ;
     0011             (./Engine/Constant):00235         buf_prev_xy2_pixel            equ 17 ;
     0011             (./Engine/Constant):00236         buf_prev_x2_pixel             equ 17 ;
     0012             (./Engine/Constant):00237         buf_prev_y2_pixel             equ 18 ;
     0013             (./Engine/Constant):00238         buf_prev_render_flags         equ 19 ;
                      (./generated-code/):00002                 ORG $A000
     FF               (./generated-code/):00003                 SETDP $FF
                      (./generated-code/):00004                 OPT C,CT
A000                  (./generated-code/):00005                 BCKDRAW_Img_SSBomb_009_0
A000 10FF9FFE         (./generated-code/):00006 [7]     7               STS glb_register_s
                      (./generated-code/):00007                 
A004 32A4             (./generated-code/):00008 [4]     11              LEAS ,Y
A006 33C9FE49         (./generated-code/):00009 [8]     19              LEAU -439,U
                      (./generated-code/):00010                 
A00A ECC8D6           (./generated-code/):00011 [6]     25              LDD -42,U
A00D 3406             (./generated-code/):00012 [7]     32              PSHS D
A00F 84F0             (./generated-code/):00013 [2]     34              ANDA #$F0
A011 8A03             (./generated-code/):00014 [2]     36              ORA #$03
A013 C633             (./generated-code/):00015 [2]     38              LDB #$33
A015 EDC8D6           (./generated-code/):00016 [6]     44              STD -42,U
A018 AE5E             (./generated-code/):00017 [6]     50              LDX -2,U
A01A 10AEC826         (./generated-code/):00018 [7]     57              LDY 38,U
A01E 3430             (./generated-code/):00019 [9]     66              PSHS Y,X
A020 ECC84E           (./generated-code/):00020 [6]     72              LDD 78,U
A023 AEC876           (./generated-code/):00021 [6]     78              LDX 118,U
A026 3416             (./generated-code/):00022 [9]     87              PSHS X,D
A028 A6C887           (./generated-code/):00023 [5]     92              LDA -121,U
A02B 3402             (./generated-code/):00024 [6]     98              PSHS A
A02D 840F             (./generated-code/):00025 [2]     100             ANDA #$0F
A02F 8A20             (./generated-code/):00026 [2]     102             ORA #$20
A031 A7C887           (./generated-code/):00027 [5]     107             STA -121,U
A034 A6C8AF           (./generated-code/):00028 [5]     112             LDA -81,U
A037 3402             (./generated-code/):00029 [6]     118             PSHS A
A039 840F             (./generated-code/):00030 [2]     120             ANDA #$0F
A03B 8A20             (./generated-code/):00031 [2]     122             ORA #$20
A03D A7C8AF           (./generated-code/):00032 [5]     127             STA -81,U
A040 A6C878           (./generated-code/):00033 [5]     132             LDA 120,U
A043 3442             (./generated-code/):00034 [8]     140             PSHS U,A
A045 840F             (./generated-code/):00035 [2]     142             ANDA #$0F
A047 8A30             (./generated-code/):00036 [2]     144             ORA #$30
A049 A7C878           (./generated-code/):00037 [5]     149             STA 120,U
A04C CC3333           (./generated-code/):00038 [3]     152             LDD #$3333
A04F ED5E             (./generated-code/):00039 [6]     158             STD -2,U
A051 EDC826           (./generated-code/):00040 [6]     164             STD 38,U
A054 C623             (./generated-code/):00041 [2]     166             LDB #$23
A056 EDC84E           (./generated-code/):00042 [6]     172             STD 78,U
A059 EDC876           (./generated-code/):00043 [6]     178             STD 118,U
A05C 33C900B3         (./generated-code/):00044 [8]     186             LEAU 179,U
                      (./generated-code/):00045                 
A060 AEC8EB           (./generated-code/):00046 [6]     192             LDX -21,U
A063 10AEC813         (./generated-code/):00047 [7]     199             LDY 19,U
A067 3430             (./generated-code/):00048 [9]     208             PSHS Y,X
A069 EDC8EB           (./generated-code/):00049 [6]     214             STD -21,U
A06C EDC813           (./generated-code/):00050 [6]     220             STD 19,U
A06F A6C8ED           (./generated-code/):00051 [5]     225             LDA -19,U
A072 3402             (./generated-code/):00052 [6]     231             PSHS A
A074 840F             (./generated-code/):00053 [2]     233             ANDA #$0F
A076 8A30             (./generated-code/):00054 [2]     235             ORA #$30
A078 A7C8ED           (./generated-code/):00055 [5]     240             STA -19,U
A07B A6C815           (./generated-code/):00056 [5]     245             LDA 21,U
A07E 3442             (./generated-code/):00057 [8]     253             PSHS U,A
A080 840F             (./generated-code/):00058 [2]     255             ANDA #$0F
A082 8A30             (./generated-code/):00059 [2]     257             ORA #$30
A084 A7C815           (./generated-code/):00060 [5]     262             STA 21,U
A087 33C900B2         (./generated-code/):00061 [8]     270             LEAU 178,U
                      (./generated-code/):00062                 
A08B ECC888           (./generated-code/):00063 [6]     276             LDD -120,U
A08E 3406             (./generated-code/):00064 [7]     283             PSHS D
A090 84F0             (./generated-code/):00065 [2]     285             ANDA #$F0
A092 8A03             (./generated-code/):00066 [2]     287             ORA #$03
A094 C633             (./generated-code/):00067 [2]     289             LDB #$33
A096 EDC888           (./generated-code/):00068 [6]     295             STD -120,U
A099 ECC8B0           (./generated-code/):00069 [6]     301             LDD -80,U
A09C 3406             (./generated-code/):00070 [7]     308             PSHS D
A09E 84F0             (./generated-code/):00071 [2]     310             ANDA #$F0
A0A0 8A03             (./generated-code/):00072 [2]     312             ORA #$03
A0A2 C633             (./generated-code/):00073 [2]     314             LDB #$33
A0A4 EDC8B0           (./generated-code/):00074 [6]     320             STD -80,U
A0A7 ECC8D8           (./generated-code/):00075 [6]     326             LDD -40,U
A0AA 3406             (./generated-code/):00076 [7]     333             PSHS D
A0AC 84F0             (./generated-code/):00077 [2]     335             ANDA #$F0
A0AE 8A03             (./generated-code/):00078 [2]     337             ORA #$03
A0B0 C633             (./generated-code/):00079 [2]     339             LDB #$33
A0B2 EDC8D8           (./generated-code/):00080 [6]     345             STD -40,U
A0B5 AEC88A           (./generated-code/):00081 [6]     351             LDX -118,U
A0B8 10AEC8B2         (./generated-code/):00082 [7]     358             LDY -78,U
A0BC 3430             (./generated-code/):00083 [9]     367             PSHS Y,X
A0BE ECC8DA           (./generated-code/):00084 [6]     373             LDD -38,U
A0C1 3406             (./generated-code/):00085 [7]     380             PSHS D
A0C3 CC3333           (./generated-code/):00086 [3]     383             LDD #$3333
A0C6 EDC88A           (./generated-code/):00087 [6]     389             STD -118,U
A0C9 EDC8B2           (./generated-code/):00088 [6]     395             STD -78,U
A0CC EDC8DA           (./generated-code/):00089 [6]     401             STD -38,U
A0CF 3730             (./generated-code/):00090 [9]     410             PULU X,Y
A0D1 3470             (./generated-code/):00091 [11]    421             PSHS U,Y,X
A0D3 CC2343           (./generated-code/):00092 [3]     424             LDD #$2343
A0D6 8E5333           (./generated-code/):00093 [3]     427             LDX #$5333
A0D9 3616             (./generated-code/):00094 [9]     436             PSHU D,X
A0DB 33C828           (./generated-code/):00095 [5]     441             LEAU 40,U
                      (./generated-code/):00096                 
A0DE 3730             (./generated-code/):00097 [9]     450             PULU X,Y
A0E0 3470             (./generated-code/):00098 [11]    461             PSHS U,Y,X
A0E2 C653             (./generated-code/):00099 [2]     463             LDB #$53
A0E4 8E5333           (./generated-code/):00100 [3]     466             LDX #$5333
A0E7 3616             (./generated-code/):00101 [9]     475             PSHU D,X
A0E9 33C828           (./generated-code/):00102 [5]     480             LEAU 40,U
                      (./generated-code/):00103                 
A0EC 3730             (./generated-code/):00104 [9]     489             PULU X,Y
A0EE 3470             (./generated-code/):00105 [11]    500             PSHS U,Y,X
A0F0 8603             (./generated-code/):00106 [2]     502             LDA #$03
A0F2 8E5343           (./generated-code/):00107 [3]     505             LDX #$5343
A0F5 3616             (./generated-code/):00108 [9]     514             PSHU D,X
A0F7 33C828           (./generated-code/):00109 [5]     519             LEAU 40,U
                      (./generated-code/):00110                 
A0FA 3730             (./generated-code/):00111 [9]     528             PULU X,Y
A0FC 3470             (./generated-code/):00112 [11]    539             PSHS U,Y,X
A0FE 8E5343           (./generated-code/):00113 [3]     542             LDX #$5343
A101 3616             (./generated-code/):00114 [9]     551             PSHU D,X
A103 33C828           (./generated-code/):00115 [5]     556             LEAU 40,U
                      (./generated-code/):00116                 
A106 3730             (./generated-code/):00117 [9]     565             PULU X,Y
A108 3470             (./generated-code/):00118 [11]    576             PSHS U,Y,X
A10A 8623             (./generated-code/):00119 [2]     578             LDA #$23
A10C 8E5333           (./generated-code/):00120 [3]     581             LDX #$5333
A10F 3616             (./generated-code/):00121 [9]     590             PSHU D,X
A111 33C828           (./generated-code/):00122 [5]     595             LEAU 40,U
                      (./generated-code/):00123                 
A114 ECC828           (./generated-code/):00124 [6]     601             LDD 40,U
A117 3406             (./generated-code/):00125 [7]     608             PSHS D
A119 84F0             (./generated-code/):00126 [2]     610             ANDA #$F0
A11B 8A0F             (./generated-code/):00127 [2]     612             ORA #$0f
A11D C633             (./generated-code/):00128 [2]     614             LDB #$33
A11F EDC828           (./generated-code/):00129 [6]     620             STD 40,U
A122 ECC850           (./generated-code/):00130 [6]     626             LDD 80,U
A125 3406             (./generated-code/):00131 [7]     633             PSHS D
A127 84F0             (./generated-code/):00132 [2]     635             ANDA #$F0
A129 8A0F             (./generated-code/):00133 [2]     637             ORA #$0f
A12B C633             (./generated-code/):00134 [2]     639             LDB #$33
A12D EDC850           (./generated-code/):00135 [6]     645             STD 80,U
A130 ECC878           (./generated-code/):00136 [6]     651             LDD 120,U
A133 3406             (./generated-code/):00137 [7]     658             PSHS D
A135 84F0             (./generated-code/):00138 [2]     660             ANDA #$F0
A137 8A0F             (./generated-code/):00139 [2]     662             ORA #$0f
A139 C633             (./generated-code/):00140 [2]     664             LDB #$33
A13B EDC878           (./generated-code/):00141 [6]     670             STD 120,U
A13E AEC82A           (./generated-code/):00142 [6]     676             LDX 42,U
A141 10AEC852         (./generated-code/):00143 [7]     683             LDY 82,U
A145 3430             (./generated-code/):00144 [9]     692             PSHS Y,X
A147 ECC87A           (./generated-code/):00145 [6]     698             LDD 122,U
A14A 3406             (./generated-code/):00146 [7]     705             PSHS D
A14C CC333F           (./generated-code/):00147 [3]     708             LDD #$333f
A14F EDC82A           (./generated-code/):00148 [6]     714             STD 42,U
A152 EDC852           (./generated-code/):00149 [6]     720             STD 82,U
A155 EDC87A           (./generated-code/):00150 [6]     726             STD 122,U
A158 3730             (./generated-code/):00151 [9]     735             PULU X,Y
A15A 3470             (./generated-code/):00152 [11]    746             PSHS U,Y,X
A15C CC2343           (./generated-code/):00153 [3]     749             LDD #$2343
A15F 8E5333           (./generated-code/):00154 [3]     752             LDX #$5333
A162 3616             (./generated-code/):00155 [9]     761             PSHU D,X
A164 33C90119         (./generated-code/):00156 [8]     769             LEAU 281,U
                      (./generated-code/):00157                 
A168 AEC888           (./generated-code/):00158 [6]     775             LDX -120,U
A16B 10AEC4           (./generated-code/):00159 [6]     781             LDY ,U
A16E 3430             (./generated-code/):00160 [9]     790             PSHS Y,X
A170 ECC828           (./generated-code/):00161 [6]     796             LDD 40,U
A173 AEC850           (./generated-code/):00162 [6]     802             LDX 80,U
A176 3416             (./generated-code/):00163 [9]     811             PSHS X,D
A178 ECC878           (./generated-code/):00164 [6]     817             LDD 120,U
A17B 3406             (./generated-code/):00165 [7]     824             PSHS D
A17D 84F0             (./generated-code/):00166 [2]     826             ANDA #$F0
A17F 8A0E             (./generated-code/):00167 [2]     828             ORA #$0e
A181 C6EE             (./generated-code/):00168 [2]     830             LDB #$ee
A183 EDC878           (./generated-code/):00169 [6]     836             STD 120,U
A186 AEC8B0           (./generated-code/):00170 [6]     842             LDX -80,U
A189 CCEFFF           (./generated-code/):00171 [3]     845             LDD #$efff
A18C EDC850           (./generated-code/):00172 [6]     851             STD 80,U
A18F 86FF             (./generated-code/):00173 [2]     853             LDA #$ff
A191 EDC828           (./generated-code/):00174 [6]     859             STD 40,U
A194 10AEC8D8         (./generated-code/):00175 [7]     866             LDY -40,U
A198 3430             (./generated-code/):00176 [9]     875             PSHS Y,X
A19A C63F             (./generated-code/):00177 [2]     877             LDB #$3f
A19C EDC4             (./generated-code/):00178 [5]     882             STD ,U
A19E CC3333           (./generated-code/):00179 [3]     885             LDD #$3333
A1A1 EDC888           (./generated-code/):00180 [6]     891             STD -120,U
A1A4 EDC8B0           (./generated-code/):00181 [6]     897             STD -80,U
A1A7 EDC8D8           (./generated-code/):00182 [6]     903             STD -40,U
A1AA A6C88A           (./generated-code/):00183 [5]     908             LDA -118,U
A1AD 3402             (./generated-code/):00184 [6]     914             PSHS A
A1AF 840F             (./generated-code/):00185 [2]     916             ANDA #$0F
A1B1 8AF0             (./generated-code/):00186 [2]     918             ORA #$f0
A1B3 A7C88A           (./generated-code/):00187 [5]     923             STA -118,U
A1B6 A6C8B2           (./generated-code/):00188 [5]     928             LDA -78,U
A1B9 3402             (./generated-code/):00189 [6]     934             PSHS A
A1BB 840F             (./generated-code/):00190 [2]     936             ANDA #$0F
A1BD 8AF0             (./generated-code/):00191 [2]     938             ORA #$f0
A1BF A7C8B2           (./generated-code/):00192 [5]     943             STA -78,U
A1C2 A6C8DA           (./generated-code/):00193 [5]     948             LDA -38,U
A1C5 3442             (./generated-code/):00194 [8]     956             PSHS U,A
A1C7 840F             (./generated-code/):00195 [2]     958             ANDA #$0F
A1C9 8AF0             (./generated-code/):00196 [2]     960             ORA #$f0
A1CB A7C8DA           (./generated-code/):00197 [5]     965             STA -38,U
A1CE 33C900B5         (./generated-code/):00198 [8]     973             LEAU 181,U
                      (./generated-code/):00199                 
A1D2 A6C8EC           (./generated-code/):00200 [5]     978             LDA -20,U
A1D5 3402             (./generated-code/):00201 [6]     984             PSHS A
A1D7 840F             (./generated-code/):00202 [2]     986             ANDA #$0F
A1D9 8A20             (./generated-code/):00203 [2]     988             ORA #$20
A1DB A7C8EC           (./generated-code/):00204 [5]     993             STA -20,U
A1DE A6C814           (./generated-code/):00205 [5]     998             LDA 20,U
A1E1 3442             (./generated-code/):00206 [8]     1006            PSHS U,A
A1E3 840F             (./generated-code/):00207 [2]     1008            ANDA #$0F
A1E5 8A20             (./generated-code/):00208 [2]     1010            ORA #$20
A1E7 A7C814           (./generated-code/):00209 [5]     1015            STA 20,U
                      (./generated-code/):00210                 
A1EA DEFC             (./generated-code/):00211 [5]     1020            LDU <glb_screen_location_1
A1EC 33C9FDE3         (./generated-code/):00212 [8]     1028            LEAU -541,U
                      (./generated-code/):00213                 
A1F0 A6C8EC           (./generated-code/):00214 [5]     1033            LDA -20,U
A1F3 E6C8C4           (./generated-code/):00215 [5]     1038            LDB -60,U
A1F6 3406             (./generated-code/):00216 [7]     1045            PSHS B,A
A1F8 C4F0             (./generated-code/):00217 [2]     1047            ANDB #$F0
A1FA CA02             (./generated-code/):00218 [2]     1049            ORB #$02
A1FC E7C8C4           (./generated-code/):00219 [5]     1054            STB -60,U
A1FF A6C814           (./generated-code/):00220 [5]     1059            LDA 20,U
A202 E6C83C           (./generated-code/):00221 [5]     1064            LDB 60,U
A205 3446             (./generated-code/):00222 [9]     1073            PSHS U,B,A
A207 8620             (./generated-code/):00223 [2]     1075            LDA #$20
A209 A7C8EC           (./generated-code/):00224 [5]     1080            STA -20,U
A20C A7C814           (./generated-code/):00225 [5]     1085            STA 20,U
A20F 8633             (./generated-code/):00226 [2]     1087            LDA #$33
A211 A7C83C           (./generated-code/):00227 [5]     1092            STA 60,U
A214 33C900DB         (./generated-code/):00228 [8]     1100            LEAU 219,U
                      (./generated-code/):00229                 
A218 ECC8B0           (./generated-code/):00230 [6]     1106            LDD -80,U
A21B 3406             (./generated-code/):00231 [7]     1113            PSHS D
A21D 84F0             (./generated-code/):00232 [2]     1115            ANDA #$F0
A21F 8A03             (./generated-code/):00233 [2]     1117            ORA #$03
A221 C632             (./generated-code/):00234 [2]     1119            LDB #$32
A223 EDC8B0           (./generated-code/):00235 [6]     1125            STD -80,U
A226 ECC8D8           (./generated-code/):00236 [6]     1131            LDD -40,U
A229 3406             (./generated-code/):00237 [7]     1138            PSHS D
A22B 84F0             (./generated-code/):00238 [2]     1140            ANDA #$F0
A22D 8A03             (./generated-code/):00239 [2]     1142            ORA #$03
A22F C620             (./generated-code/):00240 [2]     1144            LDB #$20
A231 EDC8D8           (./generated-code/):00241 [6]     1150            STD -40,U
A234 A6C8B2           (./generated-code/):00242 [5]     1155            LDA -78,U
A237 E6C8DA           (./generated-code/):00243 [5]     1160            LDB -38,U
A23A 3406             (./generated-code/):00244 [7]     1167            PSHS B,A
A23C ECC889           (./generated-code/):00245 [6]     1173            LDD -119,U
A23F 3406             (./generated-code/):00246 [7]     1180            PSHS D
A241 8633             (./generated-code/):00247 [2]     1182            LDA #$33
A243 C40F             (./generated-code/):00248 [2]     1184            ANDB #$0F
A245 CA30             (./generated-code/):00249 [2]     1186            ORB #$30
A247 EDC889           (./generated-code/):00250 [6]     1192            STD -119,U
A24A A7C8B2           (./generated-code/):00251 [5]     1197            STA -78,U
A24D A7C8DA           (./generated-code/):00252 [5]     1202            STA -38,U
A250 3712             (./generated-code/):00253 [8]     1210            PULU A,X
A252 3452             (./generated-code/):00254 [10]    1220            PSHS U,X,A
A254 8633             (./generated-code/):00255 [2]     1222            LDA #$33
A256 8E2033           (./generated-code/):00256 [3]     1225            LDX #$2033
A259 3612             (./generated-code/):00257 [8]     1233            PSHU A,X
A25B 33C828           (./generated-code/):00258 [5]     1238            LEAU 40,U
                      (./generated-code/):00259                 
A25E 3712             (./generated-code/):00260 [8]     1246            PULU A,X
A260 3452             (./generated-code/):00261 [10]    1256            PSHS U,X,A
A262 8633             (./generated-code/):00262 [2]     1258            LDA #$33
A264 8E2233           (./generated-code/):00263 [3]     1261            LDX #$2233
A267 3612             (./generated-code/):00264 [8]     1269            PSHU A,X
A269 33C828           (./generated-code/):00265 [5]     1274            LEAU 40,U
                      (./generated-code/):00266                 
A26C 3712             (./generated-code/):00267 [8]     1282            PULU A,X
A26E 3452             (./generated-code/):00268 [10]    1292            PSHS U,X,A
A270 8633             (./generated-code/):00269 [2]     1294            LDA #$33
A272 8E2233           (./generated-code/):00270 [3]     1297            LDX #$2233
A275 3612             (./generated-code/):00271 [8]     1305            PSHU A,X
A277 33C828           (./generated-code/):00272 [5]     1310            LEAU 40,U
                      (./generated-code/):00273                 
A27A 3712             (./generated-code/):00274 [8]     1318            PULU A,X
A27C 3452             (./generated-code/):00275 [10]    1328            PSHS U,X,A
A27E 8633             (./generated-code/):00276 [2]     1330            LDA #$33
A280 8E3233           (./generated-code/):00277 [3]     1333            LDX #$3233
A283 3612             (./generated-code/):00278 [8]     1341            PSHU A,X
A285 33C828           (./generated-code/):00279 [5]     1346            LEAU 40,U
                      (./generated-code/):00280                 
A288 3712             (./generated-code/):00281 [8]     1354            PULU A,X
A28A 3452             (./generated-code/):00282 [10]    1364            PSHS U,X,A
A28C 8633             (./generated-code/):00283 [2]     1366            LDA #$33
A28E 8E3333           (./generated-code/):00284 [3]     1369            LDX #$3333
A291 3612             (./generated-code/):00285 [8]     1377            PSHU A,X
A293 33C828           (./generated-code/):00286 [5]     1382            LEAU 40,U
                      (./generated-code/):00287                 
A296 3712             (./generated-code/):00288 [8]     1390            PULU A,X
A298 3452             (./generated-code/):00289 [10]    1400            PSHS U,X,A
A29A 8633             (./generated-code/):00290 [2]     1402            LDA #$33
A29C 8E3533           (./generated-code/):00291 [3]     1405            LDX #$3533
A29F 3612             (./generated-code/):00292 [8]     1413            PSHU A,X
A2A1 33C828           (./generated-code/):00293 [5]     1418            LEAU 40,U
                      (./generated-code/):00294                 
A2A4 A643             (./generated-code/):00295 [5]     1423            LDA 3,U
A2A6 3402             (./generated-code/):00296 [6]     1429            PSHS A
A2A8 840F             (./generated-code/):00297 [2]     1431            ANDA #$0F
A2AA 8A20             (./generated-code/):00298 [2]     1433            ORA #$20
A2AC A743             (./generated-code/):00299 [5]     1438            STA 3,U
A2AE 3712             (./generated-code/):00300 [8]     1446            PULU A,X
A2B0 3452             (./generated-code/):00301 [10]    1456            PSHS U,X,A
A2B2 8633             (./generated-code/):00302 [2]     1458            LDA #$33
A2B4 8E5543           (./generated-code/):00303 [3]     1461            LDX #$5543
A2B7 3612             (./generated-code/):00304 [8]     1469            PSHU A,X
A2B9 33C828           (./generated-code/):00305 [5]     1474            LEAU 40,U
                      (./generated-code/):00306                 
A2BC ECC827           (./generated-code/):00307 [6]     1480            LDD 39,U
A2BF 3406             (./generated-code/):00308 [7]     1487            PSHS D
A2C1 84F0             (./generated-code/):00309 [2]     1489            ANDA #$F0
A2C3 8A02             (./generated-code/):00310 [2]     1491            ORA #$02
A2C5 C645             (./generated-code/):00311 [2]     1493            LDB #$45
A2C7 EDC827           (./generated-code/):00312 [6]     1499            STD 39,U
A2CA A643             (./generated-code/):00313 [5]     1504            LDA 3,U
A2CC 3402             (./generated-code/):00314 [6]     1510            PSHS A
A2CE 840F             (./generated-code/):00315 [2]     1512            ANDA #$0F
A2D0 8A20             (./generated-code/):00316 [2]     1514            ORA #$20
A2D2 A743             (./generated-code/):00317 [5]     1519            STA 3,U
A2D4 3712             (./generated-code/):00318 [8]     1527            PULU A,X
A2D6 3452             (./generated-code/):00319 [10]    1537            PSHS U,X,A
A2D8 8633             (./generated-code/):00320 [2]     1539            LDA #$33
A2DA 8E5053           (./generated-code/):00321 [3]     1542            LDX #$5053
A2DD 3612             (./generated-code/):00322 [8]     1550            PSHU A,X
A2DF 33C829           (./generated-code/):00323 [5]     1555            LEAU 41,U
                      (./generated-code/):00324                 
A2E2 ECC826           (./generated-code/):00325 [6]     1561            LDD 38,U
A2E5 3406             (./generated-code/):00326 [7]     1568            PSHS D
A2E7 84F0             (./generated-code/):00327 [2]     1570            ANDA #$F0
A2E9 8A02             (./generated-code/):00328 [2]     1572            ORA #$02
A2EB C645             (./generated-code/):00329 [2]     1574            LDB #$45
A2ED EDC826           (./generated-code/):00330 [6]     1580            STD 38,U
A2F0 3712             (./generated-code/):00331 [8]     1588            PULU A,X
A2F2 3452             (./generated-code/):00332 [10]    1598            PSHS U,X,A
A2F4 8650             (./generated-code/):00333 [2]     1600            LDA #$50
A2F6 8E5502           (./generated-code/):00334 [3]     1603            LDX #$5502
A2F9 3612             (./generated-code/):00335 [8]     1611            PSHU A,X
A2FB 33C828           (./generated-code/):00336 [5]     1616            LEAU 40,U
                      (./generated-code/):00337                 
A2FE 3712             (./generated-code/):00338 [8]     1624            PULU A,X
A300 3452             (./generated-code/):00339 [10]    1634            PSHS U,X,A
A302 8655             (./generated-code/):00340 [2]     1636            LDA #$55
A304 8E5502           (./generated-code/):00341 [3]     1639            LDX #$5502
A307 3612             (./generated-code/):00342 [8]     1647            PSHU A,X
A309 33C827           (./generated-code/):00343 [5]     1652            LEAU 39,U
                      (./generated-code/):00344                 
A30C A643             (./generated-code/):00345 [5]     1657            LDA 3,U
A30E 3402             (./generated-code/):00346 [6]     1663            PSHS A
A310 840F             (./generated-code/):00347 [2]     1665            ANDA #$0F
A312 8A20             (./generated-code/):00348 [2]     1667            ORA #$20
A314 A743             (./generated-code/):00349 [5]     1672            STA 3,U
A316 3712             (./generated-code/):00350 [8]     1680            PULU A,X
A318 3452             (./generated-code/):00351 [10]    1690            PSHS U,X,A
A31A 8633             (./generated-code/):00352 [2]     1692            LDA #$33
A31C 8E5553           (./generated-code/):00353 [3]     1695            LDX #$5553
A31F 3612             (./generated-code/):00354 [8]     1703            PSHU A,X
A321 33C828           (./generated-code/):00355 [5]     1708            LEAU 40,U
                      (./generated-code/):00356                 
A324 A643             (./generated-code/):00357 [5]     1713            LDA 3,U
A326 3402             (./generated-code/):00358 [6]     1719            PSHS A
A328 840F             (./generated-code/):00359 [2]     1721            ANDA #$0F
A32A 8A20             (./generated-code/):00360 [2]     1723            ORA #$20
A32C A743             (./generated-code/):00361 [5]     1728            STA 3,U
A32E 3712             (./generated-code/):00362 [8]     1736            PULU A,X
A330 3452             (./generated-code/):00363 [10]    1746            PSHS U,X,A
A332 8633             (./generated-code/):00364 [2]     1748            LDA #$33
A334 8E5543           (./generated-code/):00365 [3]     1751            LDX #$5543
A337 3612             (./generated-code/):00366 [8]     1759            PSHU A,X
A339 33C828           (./generated-code/):00367 [5]     1764            LEAU 40,U
                      (./generated-code/):00368                 
A33C 3712             (./generated-code/):00369 [8]     1772            PULU A,X
A33E 3452             (./generated-code/):00370 [10]    1782            PSHS U,X,A
A340 8633             (./generated-code/):00371 [2]     1784            LDA #$33
A342 8E3533           (./generated-code/):00372 [3]     1787            LDX #$3533
A345 3612             (./generated-code/):00373 [8]     1795            PSHU A,X
A347 33C828           (./generated-code/):00374 [5]     1800            LEAU 40,U
                      (./generated-code/):00375                 
A34A 3712             (./generated-code/):00376 [8]     1808            PULU A,X
A34C 3452             (./generated-code/):00377 [10]    1818            PSHS U,X,A
A34E 8633             (./generated-code/):00378 [2]     1820            LDA #$33
A350 8E3333           (./generated-code/):00379 [3]     1823            LDX #$3333
A353 3612             (./generated-code/):00380 [8]     1831            PSHU A,X
A355 33C828           (./generated-code/):00381 [5]     1836            LEAU 40,U
                      (./generated-code/):00382                 
A358 3712             (./generated-code/):00383 [8]     1844            PULU A,X
A35A 3452             (./generated-code/):00384 [10]    1854            PSHS U,X,A
A35C 8633             (./generated-code/):00385 [2]     1856            LDA #$33
A35E 8E3333           (./generated-code/):00386 [3]     1859            LDX #$3333
A361 3612             (./generated-code/):00387 [8]     1867            PSHU A,X
A363 33C828           (./generated-code/):00388 [5]     1872            LEAU 40,U
                      (./generated-code/):00389                 
A366 3712             (./generated-code/):00390 [8]     1880            PULU A,X
A368 3452             (./generated-code/):00391 [10]    1890            PSHS U,X,A
A36A 86F3             (./generated-code/):00392 [2]     1892            LDA #$f3
A36C 8E3333           (./generated-code/):00393 [3]     1895            LDX #$3333
A36F 3612             (./generated-code/):00394 [8]     1903            PSHU A,X
A371 33C828           (./generated-code/):00395 [5]     1908            LEAU 40,U
                      (./generated-code/):00396                 
A374 3712             (./generated-code/):00397 [8]     1916            PULU A,X
A376 3452             (./generated-code/):00398 [10]    1926            PSHS U,X,A
A378 86F3             (./generated-code/):00399 [2]     1928            LDA #$f3
A37A 8E3333           (./generated-code/):00400 [3]     1931            LDX #$3333
A37D 3612             (./generated-code/):00401 [8]     1939            PSHU A,X
A37F 33C828           (./generated-code/):00402 [5]     1944            LEAU 40,U
                      (./generated-code/):00403                 
A382 ECC828           (./generated-code/):00404 [6]     1950            LDD 40,U
A385 3406             (./generated-code/):00405 [7]     1957            PSHS D
A387 84F0             (./generated-code/):00406 [2]     1959            ANDA #$F0
A389 8A0F             (./generated-code/):00407 [2]     1961            ORA #$0f
A38B C633             (./generated-code/):00408 [2]     1963            LDB #$33
A38D EDC828           (./generated-code/):00409 [6]     1969            STD 40,U
A390 ECC850           (./generated-code/):00410 [6]     1975            LDD 80,U
A393 3406             (./generated-code/):00411 [7]     1982            PSHS D
A395 84F0             (./generated-code/):00412 [2]     1984            ANDA #$F0
A397 8A0E             (./generated-code/):00413 [2]     1986            ORA #$0e
A399 C6FF             (./generated-code/):00414 [2]     1988            LDB #$ff
A39B EDC850           (./generated-code/):00415 [6]     1994            STD 80,U
A39E A6C82A           (./generated-code/):00416 [5]     1999            LDA 42,U
A3A1 E7C82A           (./generated-code/):00417 [5]     2004            STB 42,U
A3A4 E6C852           (./generated-code/):00418 [5]     2009            LDB 82,U
A3A7 3406             (./generated-code/):00419 [7]     2016            PSHS B,A
A3A9 86FE             (./generated-code/):00420 [2]     2018            LDA #$fe
A3AB A7C852           (./generated-code/):00421 [5]     2023            STA 82,U
A3AE ECC879           (./generated-code/):00422 [6]     2029            LDD 121,U
A3B1 3406             (./generated-code/):00423 [7]     2036            PSHS D
A3B3 86FF             (./generated-code/):00424 [2]     2038            LDA #$ff
A3B5 C40F             (./generated-code/):00425 [2]     2040            ANDB #$0F
A3B7 CAE0             (./generated-code/):00426 [2]     2042            ORB #$e0
A3B9 EDC879           (./generated-code/):00427 [6]     2048            STD 121,U
A3BC 3712             (./generated-code/):00428 [8]     2056            PULU A,X
A3BE 3452             (./generated-code/):00429 [10]    2066            PSHS U,X,A
A3C0 86FF             (./generated-code/):00430 [2]     2068            LDA #$ff
A3C2 8E333F           (./generated-code/):00431 [3]     2071            LDX #$333f
A3C5 3612             (./generated-code/):00432 [8]     2079            PSHU A,X
A3C7 33C900DD         (./generated-code/):00433 [8]     2087            LEAU 221,U
                      (./generated-code/):00434                 
A3CB A6C8C4           (./generated-code/):00435 [5]     2092            LDA -60,U
A3CE E6C8EC           (./generated-code/):00436 [5]     2097            LDB -20,U
A3D1 3406             (./generated-code/):00437 [7]     2104            PSHS B,A
A3D3 86EE             (./generated-code/):00438 [2]     2106            LDA #$ee
A3D5 A7C8C4           (./generated-code/):00439 [5]     2111            STA -60,U
A3D8 8622             (./generated-code/):00440 [2]     2113            LDA #$22
A3DA A7C8EC           (./generated-code/):00441 [5]     2118            STA -20,U
A3DD A6C814           (./generated-code/):00442 [5]     2123            LDA 20,U
A3E0 E6C83C           (./generated-code/):00443 [5]     2128            LDB 60,U
A3E3 3446             (./generated-code/):00444 [9]     2137            PSHS U,B,A
A3E5 C4F0             (./generated-code/):00445 [2]     2139            ANDB #$F0
A3E7 CA02             (./generated-code/):00446 [2]     2141            ORB #$02
A3E9 E7C83C           (./generated-code/):00447 [5]     2146            STB 60,U
A3EC 8620             (./generated-code/):00448 [2]     2148            LDA #$20
A3EE A7C814           (./generated-code/):00449 [5]     2153            STA 20,U
A3F1 33E4             (./generated-code/):00450 [4]     2157            LEAU ,S
A3F3                  (./generated-code/):00451                 SSAV_Img_SSBomb_009_0
A3F3 10FE9FFE         (./generated-code/):00452 [7]     2164            LDS glb_register_s
A3F7 39               (./generated-code/):00453 [5]     2169            RTS
                      (./generated-code/):00454                 
