                      (./generated-code/):00001                 INCLUDE "./Engine/Constants.asm"
                      (./Engine/Constant):00001         * ---------------------------------------------------------------------------
                      (./Engine/Constant):00002         * Constants
                      (./Engine/Constant):00003         *
                      (./Engine/Constant):00004         * Naming convention
                      (./Engine/Constant):00005         * -----------------
                      (./Engine/Constant):00006         * - lower case
                      (./Engine/Constant):00007         * - underscore-separated names
                      (./Engine/Constant):00008         *
                      (./Engine/Constant):00009         * ---------------------------------------------------------------------------
                      (./Engine/Constant):00010         
                      (./Engine/Constant):00011         * ===========================================================================
                      (./Engine/Constant):00012         * TO8 Registers
                      (./Engine/Constant):00013         * ===========================================================================
                      (./Engine/Constant):00014         
                      (./Engine/Constant):00015         ; Disk routine registers (ROM)
                      (./Engine/Constant):00016         
     6049             (./Engine/Constant):00017         dk_drive                      equ $6049
     604A             (./Engine/Constant):00018         dk_track                      equ $604A
     604B             (./Engine/Constant):00019         dk_track_lsb                  equ $604B
     604C             (./Engine/Constant):00020         dk_sector                     equ $604C
     604F             (./Engine/Constant):00021         dk_write_location             equ $604F
                      (./Engine/Constant):00022         
                      (./Engine/Constant):00023         * ===========================================================================
                      (./Engine/Constant):00024         * Globals
                      (./Engine/Constant):00025         * ===========================================================================
                      (./Engine/Constant):00026         
     009F             (./Engine/Constant):00027         glb_direct_page               equ $9F    ; direct page for globals
                      (./Engine/Constant):00028         
                      (./Engine/Constant):00029         ; compilated sprite
     9FFE             (./Engine/Constant):00030         glb_register_s                equ $9FFE  ; reverved space to store S from ROM routines
                      (./Engine/Constant):00031         
                      (./Engine/Constant):00032         ; DrawSprites
     9FFC             (./Engine/Constant):00033         glb_screen_location_1         equ $9FFC  ; start address for rendering of current sprite Part1     
     9FFA             (./Engine/Constant):00034         glb_screen_location_2         equ $9FFA  ; start address for rendering of current sprite Part2 (Must follow Part1)
                      (./Engine/Constant):00035         
                      (./Engine/Constant):00036         ; CheckSpritesRefresh
     9FF9             (./Engine/Constant):00037         glb_cur_priority              equ $9FF9
     9FF7             (./Engine/Constant):00038         glb_cur_ptr_sub_obj_erase     equ $9FF7
     9FF5             (./Engine/Constant):00039         glb_cur_ptr_sub_obj_draw      equ $9FF5
     9FF3             (./Engine/Constant):00040         glb_camera_x_pos              equ $9FF3 ; camera x position in palyfield coordinates
     9FF1             (./Engine/Constant):00041         glb_camera_y_pos              equ $9FF1 ; camera y position in palyfield coordinates
     9FEF             (./Engine/Constant):00042         glb_camera_x_min_pos          equ $9FEF
     9FED             (./Engine/Constant):00043         glb_camera_y_min_pos          equ $9FED
     9FEB             (./Engine/Constant):00044         glb_camera_x_max_pos          equ $9FEB
     9FE9             (./Engine/Constant):00045         glb_camera_y_max_pos          equ $9FE9
     9FE8             (./Engine/Constant):00046         glb_force_sprite_refresh      equ $9FE8
     9FE7             (./Engine/Constant):00047         glb_camera_move               equ $9FE7
     9FE6             (./Engine/Constant):00048         glb_alphaTiles                equ $9FE6
     9F00             (./Engine/Constant):00049         glb_tmp_var                   equ $9F00 ; custom tmp var space for routine
     9F00             (./Engine/Constant):00050         glb_system_stack              equ $9F00
                      (./Engine/Constant):00051         
                      (./Engine/Constant):00052         * ===========================================================================
                      (./Engine/Constant):00053         * Display Constants
                      (./Engine/Constant):00054         * ===========================================================================
                      (./Engine/Constant):00055         
     00A0             (./Engine/Constant):00056         screen_width                  equ 160    ; in pixel
     001C             (./Engine/Constant):00057         screen_top                    equ 28     ; in pixel
     00E3             (./Engine/Constant):00058         screen_bottom                 equ 28+199 ; in pixel
     0030             (./Engine/Constant):00059         screen_left                   equ 48     ; in pixel
     00CF             (./Engine/Constant):00060         screen_right                  equ 48+159 ; in pixel
     0008             (./Engine/Constant):00061         nb_priority_levels            equ 8      ; number of priority levels (need code change if modified)
                      (./Engine/Constant):00062         
                      (./Engine/Constant):00063         * ===========================================================================
                      (./Engine/Constant):00064         * Images Constants
                      (./Engine/Constant):00065         * ===========================================================================
                      (./Engine/Constant):00066         
     0004             (./Engine/Constant):00067         image_x_size                  equ 4
     0005             (./Engine/Constant):00068         image_y_size                  equ 5
     0006             (./Engine/Constant):00069         image_center_offset           equ 6
                      (./Engine/Constant):00070         
     0004             (./Engine/Constant):00071         image_subset_x1_offset        equ 4
     0005             (./Engine/Constant):00072         image_subset_y1_offset        equ 5
                      (./Engine/Constant):00073         
     0000             (./Engine/Constant):00074         page_draw_routine             equ 0
     0001             (./Engine/Constant):00075         draw_routine                  equ 1
     0003             (./Engine/Constant):00076         page_erase_routine            equ 3
     0004             (./Engine/Constant):00077         erase_routine                 equ 4
     0006             (./Engine/Constant):00078         erase_nb_cell                 equ 6
                      (./Engine/Constant):00079         
                      (./Engine/Constant):00080         * ===========================================================================
                      (./Engine/Constant):00081         * Sound Constants
                      (./Engine/Constant):00082         * ===========================================================================
                      (./Engine/Constant):00083         
     0000             (./Engine/Constant):00084         sound_page        equ 0
     0001             (./Engine/Constant):00085         sound_start_addr  equ 1
     0003             (./Engine/Constant):00086         sound_end_addr    equ 3
     0005             (./Engine/Constant):00087         sound_meta_size   equ 5
                      (./Engine/Constant):00088         
                      (./Engine/Constant):00089         * ===========================================================================
                      (./Engine/Constant):00090         * Object Constants
                      (./Engine/Constant):00091         * ===========================================================================
                      (./Engine/Constant):00092         
     005D             (./Engine/Constant):00093         object_core_size              equ 93  ; the size of an object without ext_vars - DEPENDENCY ClearObj routine
     ????             (./Engine/Constant):00094         object_size                   equ object_core_size+ext_variables_size ; the size of a dynamic object
     ????             (./Engine/Constant):00095         next_object                   equ object_size
     005D             (./Engine/Constant):00096         ext_variables                 equ object_core_size ; start of reserved space for additionnal variables
                      (./Engine/Constant):00097         
     0000             (./Engine/Constant):00098         id                            equ 0           ; reference to object model id (ObjID_) (0: free slot)
     0001             (./Engine/Constant):00099         subtype                       equ 1           ; reference to object subtype (Sub_)
     0002             (./Engine/Constant):00100         render_flags                  equ 2
                      (./Engine/Constant):00101         
                      (./Engine/Constant):00102         * --- render_flags bitfield variables ---
     0001             (./Engine/Constant):00103         render_xmirror_mask           equ $01 ; (bit 0) DEPENDENCY should be bit 0 - tell display engine to mirror sprite on horizontal axis
     0002             (./Engine/Constant):00104         render_ymirror_mask           equ $02 ; (bit 1) DEPENDENCY should be bit 1 - tell display engine to mirror sprite on vertical axis
     0004             (./Engine/Constant):00105         render_overlay_mask           equ $04 ; (bit 2) DEPENDENCY should be bit 2 - compilated sprite with no background save
     0008             (./Engine/Constant):00106         render_motionless_mask        equ $08 ; (bit 3) tell display engine to compute sub image and position check only once until the flag is removed  
     0010             (./Engine/Constant):00107         render_playfieldcoord_mask    equ $10 ; (bit 4) tell display engine to use playfield (1) or screen (0) coordinates
     0020             (./Engine/Constant):00108         render_hide_mask              equ $20 ; (bit 5) tell display engine to hide sprite (keep priority and mapping_frame)
     0040             (./Engine/Constant):00109         render_todelete_mask          equ $40 ; (bit 6) tell display engine to delete sprite and clear OST for this object
     0080             (./Engine/Constant):00110         render_xloop_mask             equ $80 ; (bit 7) (screen coordinate) tell display engine to hide sprite when x is out of screen (0) or to display (1)  
                      (./Engine/Constant):00111          
     0003             (./Engine/Constant):00112         priority                      equ 3           ; display priority (0: nothing to display, 1:front, ..., 8:back)
     0004             (./Engine/Constant):00113         anim                          equ 4  ; and 5  ; reference to current animation (Ani_)
     0006             (./Engine/Constant):00114         prev_anim                     equ 6  ; and 7  ; reference to previous animation (Ani_)
     0008             (./Engine/Constant):00115         anim_frame                    equ 8           ; index of current frame in animation
     0009             (./Engine/Constant):00116         anim_frame_duration           equ 9           ; number of frames for each image in animation, range: 00-7F (0-127), 0 means display only during one frame
     000A             (./Engine/Constant):00117         anim_flags                    equ 10          ; byte offset to reference an anim_flags LUT (adv) / store a link flag (non adv)
                      (./Engine/Constant):00118         
                      (./Engine/Constant):00119         * --- anim_flags bitfield variables ---
     0001             (./Engine/Constant):00120         anim_link_mask                equ $01 ; (bit 0) if set, allow the load of a new animation without reseting anim_frame and anim_frame_duration
                      (./Engine/Constant):00121         
     000B             (./Engine/Constant):00122         status_flags                  equ 11          ; orientation of sprite, is applied to animation xmirror flag during AnimateSprite
                      (./Engine/Constant):00123         
                      (./Engine/Constant):00124         * --- status_flags bitfield variables ---
     0001             (./Engine/Constant):00125         status_xflip_mask             equ $01 ; (bit 0) X Flip
     0002             (./Engine/Constant):00126         status_yflip_mask             equ $02 ; (bit 1) Y Flip
                      (./Engine/Constant):00127         
     000C             (./Engine/Constant):00128         image_set                     equ 12 ; and 13 ; reference to current image (Img_) (0000 if no image)
     000E             (./Engine/Constant):00129         x_pos                         equ 14 ; and 15 ; x playfield coordinate
     0010             (./Engine/Constant):00130         x_sub                         equ 16          ; x subpixel (1/256 of a pixel), must follow x_pos in data structure
     0011             (./Engine/Constant):00131         y_pos                         equ 17 ; and 18 ; y playfield coordinate
     0013             (./Engine/Constant):00132         y_sub                         equ 19          ; y subpixel (1/256 of a pixel), must follow y_pos in data structure
     0014             (./Engine/Constant):00133         xy_pixel                      equ 20          ; x and y screen coordinate
     0014             (./Engine/Constant):00134         x_pixel                       equ 20          ; x screen coordinate
     0015             (./Engine/Constant):00135         y_pixel                       equ 21          ; y screen coordinate, must follow x_pixel
                      (./Engine/Constant):00136         ;x_offset                      equ 93          ; x screen coordinate offset that is applied at rendering
                      (./Engine/Constant):00137         ;y_offset                      equ 94          ; x screen coordinate offset that is applied at rendering
     0016             (./Engine/Constant):00138         x_vel                         equ 22 ; and 23 ; horizontal velocity
     0018             (./Engine/Constant):00139         y_vel                         equ 24 ; and 25 ; vertical velocity
     001A             (./Engine/Constant):00140         x_acl                         equ 26 ; and 27 ; horizontal gravity
     001C             (./Engine/Constant):00141         y_acl                         equ 28 ; and 29 ; vertical gravity
     001E             (./Engine/Constant):00142         routine                       equ 30          ; index of current object routine
     001F             (./Engine/Constant):00143         routine_secondary             equ 31          ; index of current secondary routine
     0020             (./Engine/Constant):00144         routine_tertiary              equ 32          ; index of current tertiary routine
     0021             (./Engine/Constant):00145         routine_quaternary            equ 33          ; index of current quaternary routine
                      (./Engine/Constant):00146         
                      (./Engine/Constant):00147         * ---------------------------------------------------------------------------
                      (./Engine/Constant):00148         * reserved variables (update by engine)
                      (./Engine/Constant):00149         
     0022             (./Engine/Constant):00150         rsv_render_flags              equ 34
                      (./Engine/Constant):00151         
                      (./Engine/Constant):00152         * --- rsv_render_flags bitfield variables ---
     0001             (./Engine/Constant):00153         rsv_render_checkrefresh_mask  equ $01 ; (bit 0) if erasesprite and display sprite flag are processed for this frame
     0002             (./Engine/Constant):00154         rsv_render_erasesprite_mask   equ $02 ; (bit 1) if a sprite need to be cleared on screen
     0004             (./Engine/Constant):00155         rsv_render_displaysprite_mask equ $04 ; (bit 2) if a sprite need to be rendered on screen
     0008             (./Engine/Constant):00156         rsv_render_outofrange_mask    equ $08 ; (bit 3) if a sprite is out of range for full rendering in screen
     0080             (./Engine/Constant):00157         rsv_render_onscreen_mask      equ $80 ; (bit 7) DEPENDENCY should be bit 7 - has been rendered on last screen buffer (may be 0 or 1)
                      (./Engine/Constant):00158         
     0023             (./Engine/Constant):00159         rsv_prev_anim                 equ 35 ; and 36 ; reference to previous animation (Ani_) w * UTILE ?
     0025             (./Engine/Constant):00160         rsv_image_center_offset       equ 37 ; 0 or 1 offset that indicate if image center is even or odd (DRS_XYToAddress)
     0026             (./Engine/Constant):00161         rsv_image_subset              equ 38 ; and 39 ; reference to current image regarding mirror flags w
     0028             (./Engine/Constant):00162         rsv_mapping_frame             equ 40 ; and 41 ; reference to current image regarding mirror flags, overlay flag and x precision w
     002A             (./Engine/Constant):00163         rsv_erase_nb_cell             equ 42 ; b 
     002B             (./Engine/Constant):00164         rsv_page_draw_routine         equ 43 ; b
     002C             (./Engine/Constant):00165         rsv_draw_routine              equ 44 ; and 45 ; w
     002E             (./Engine/Constant):00166         rsv_page_erase_routine        equ 46 ; b
     002F             (./Engine/Constant):00167         rsv_erase_routine             equ 47 ; and 48 ; w 
     0031             (./Engine/Constant):00168         rsv_xy1_pixel                 equ 49 ;
     0031             (./Engine/Constant):00169         rsv_x1_pixel                  equ 49 ; x+x_offset-(x_size/2) screen coordinate
     0032             (./Engine/Constant):00170         rsv_y1_pixel                  equ 50 ; y+y_offset-(y_size/2) screen coordinate, must follow rsv_x1_pixel
     0033             (./Engine/Constant):00171         rsv_xy2_pixel                 equ 51 ;
     0033             (./Engine/Constant):00172         rsv_x2_pixel                  equ 51 ; x+x_offset+(x_size/2) screen coordinate
     0034             (./Engine/Constant):00173         rsv_y2_pixel                  equ 52 ; y+y_offset+(y_size/2) screen coordinate, must follow rsv_x2_pixel
                      (./Engine/Constant):00174         
                      (./Engine/Constant):00175         * ---------------------------------------------------------------------------
                      (./Engine/Constant):00176         * reserved variables (engine) - buffer specific
                      (./Engine/Constant):00177         
     0035             (./Engine/Constant):00178         rsv_buffer_0                  equ 53 ; Start index of buffer 0 variables
     0035             (./Engine/Constant):00179         rsv_priority_0                equ 53 ; internal value that hold priority in video buffer 0
     0036             (./Engine/Constant):00180         rsv_priority_prev_obj_0       equ 54 ; and 55 ; previous object (OST address) in display priority list for video buffer 0 (0000 if none) w
     0038             (./Engine/Constant):00181         rsv_priority_next_obj_0       equ 56 ; and 57 ; next object (OST address) in display priority list for video buffer 0 (0000 if none) w
     003A             (./Engine/Constant):00182         rsv_prev_mapping_frame_0      equ 58 ; and 59 ; reference to previous image in video buffer 0 w
     003C             (./Engine/Constant):00183         rsv_prev_erase_nb_cell_0      equ 60 : b
     003D             (./Engine/Constant):00184         rsv_prev_page_erase_routine_0 equ 61 ; b
     003E             (./Engine/Constant):00185         rsv_prev_erase_routine_0      equ 62 ; and 63 ; w
     0040             (./Engine/Constant):00186         rsv_bgdata_0                  equ 64 ; and 65 ; address of background data in screen 0 w
     0042             (./Engine/Constant):00187         rsv_prev_xy_pixel_0           equ 66 ;
     0042             (./Engine/Constant):00188         rsv_prev_x_pixel_0            equ 66 ; previous x screen coordinate b
     0043             (./Engine/Constant):00189         rsv_prev_y_pixel_0            equ 67 ; previous y screen coordinate b, must follow x_pixel
     0044             (./Engine/Constant):00190         rsv_prev_xy1_pixel_0          equ 68 ;
     0044             (./Engine/Constant):00191         rsv_prev_x1_pixel_0           equ 68 ; previous x+x_offset-(x_size/2) screen coordinate b
     0045             (./Engine/Constant):00192         rsv_prev_y1_pixel_0           equ 69 ; previous y+y_offset-(y_size/2) screen coordinate b, must follow x1_pixel
     0046             (./Engine/Constant):00193         rsv_prev_xy2_pixel_0          equ 70 ;
     0046             (./Engine/Constant):00194         rsv_prev_x2_pixel_0           equ 70 ; previous x+x_offset+(x_size/2) screen coordinate b
     0047             (./Engine/Constant):00195         rsv_prev_y2_pixel_0           equ 71 ; previous y+y_offset+(y_size/2) screen coordinate b, must follow x2_pixel
     0048             (./Engine/Constant):00196         rsv_prev_render_flags_0       equ 72 ;
                      (./Engine/Constant):00197         * --- rsv_prev_render_flags_0 bitfield variables ---
     0001             (./Engine/Constant):00198         rsv_prev_render_overlay_mask  equ $01 ; (bit 0) if a sprite has been rendered with compilated sprite and no background save on screen buffer 0/1
     0080             (./Engine/Constant):00199         rsv_prev_render_onscreen_mask equ $80 ; (bit 7) DEPENDENCY should be bit 7 - has been rendered on screen buffer 0/1
                      (./Engine/Constant):00200         
     0049             (./Engine/Constant):00201         rsv_buffer_1                  equ 73 ; Start index of buffer 1 variables
     0049             (./Engine/Constant):00202         rsv_priority_1                equ 73 ; internal value that hold priority in video buffer 1
     004A             (./Engine/Constant):00203         rsv_priority_prev_obj_1       equ 74 ; and 75 ; previous object (OST address) in display priority list for video buffer 1 (0000 if none) w
     004C             (./Engine/Constant):00204         rsv_priority_next_obj_1       equ 76 ; and 77 ; next object (OST address) in display priority list for video buffer 1 (0000 if none) w
     004E             (./Engine/Constant):00205         rsv_prev_mapping_frame_1      equ 78 ; and 79 ; reference to previous image in video buffer 1 w
     0050             (./Engine/Constant):00206         rsv_prev_erase_nb_cell_1      equ 80 ; b
     0051             (./Engine/Constant):00207         rsv_prev_page_erase_routine_1 equ 81 ; b
     0052             (./Engine/Constant):00208         rsv_prev_erase_routine_1      equ 82 ; and 83 ; w
     0054             (./Engine/Constant):00209         rsv_bgdata_1                  equ 84 ; and 85 ; address of background data in screen 1 w
     0056             (./Engine/Constant):00210         rsv_prev_xy_pixel_1           equ 86 ;
     0056             (./Engine/Constant):00211         rsv_prev_x_pixel_1            equ 86 ; previous x screen coordinate b
     0057             (./Engine/Constant):00212         rsv_prev_y_pixel_1            equ 87 ; previous y screen coordinate b, must follow x_pixel
     0058             (./Engine/Constant):00213         rsv_prev_xy1_pixel_1          equ 88 ;
     0058             (./Engine/Constant):00214         rsv_prev_x1_pixel_1           equ 88 ; previous x+x_size screen coordinate b
     0059             (./Engine/Constant):00215         rsv_prev_y1_pixel_1           equ 89 ; previous y+y_size screen coordinate b, must follow x_pixel
     005A             (./Engine/Constant):00216         rsv_prev_xy2_pixel_1          equ 90 ;
     005A             (./Engine/Constant):00217         rsv_prev_x2_pixel_1           equ 90 ; previous x+x_size screen coordinate b
     005B             (./Engine/Constant):00218         rsv_prev_y2_pixel_1           equ 91 ; previous y+y_size screen coordinate b, must follow x_pixel
     005C             (./Engine/Constant):00219         rsv_prev_render_flags_1       equ 92 ;
                      (./Engine/Constant):00220         
     0000             (./Engine/Constant):00221         buf_priority                  equ 0  ; offset for each rsv_buffer variables
     0001             (./Engine/Constant):00222         buf_priority_prev_obj         equ 1  ;
     0003             (./Engine/Constant):00223         buf_priority_next_obj         equ 3  ;
     0005             (./Engine/Constant):00224         buf_prev_mapping_frame        equ 5  ;
     0007             (./Engine/Constant):00225         buf_erase_nb_cell             equ 7  ;
     0008             (./Engine/Constant):00226         buf_page_erase_routine        equ 8 ;
     0009             (./Engine/Constant):00227         buf_erase_routine             equ 9 ;
     000B             (./Engine/Constant):00228         buf_bgdata                    equ 11 ;
     000D             (./Engine/Constant):00229         buf_prev_xy_pixel             equ 13 ;
     000D             (./Engine/Constant):00230         buf_prev_x_pixel              equ 13 ;
     000E             (./Engine/Constant):00231         buf_prev_y_pixel              equ 14 ;
     000F             (./Engine/Constant):00232         buf_prev_xy1_pixel            equ 15 ;
     000F             (./Engine/Constant):00233         buf_prev_x1_pixel             equ 15 ;
     0010             (./Engine/Constant):00234         buf_prev_y1_pixel             equ 16 ;
     0011             (./Engine/Constant):00235         buf_prev_xy2_pixel            equ 17 ;
     0011             (./Engine/Constant):00236         buf_prev_x2_pixel             equ 17 ;
     0012             (./Engine/Constant):00237         buf_prev_y2_pixel             equ 18 ;
     0013             (./Engine/Constant):00238         buf_prev_render_flags         equ 19 ;
                      (./generated-code/):00002                 ORG $A000
     FF               (./generated-code/):00003                 SETDP $FF
                      (./generated-code/):00004                 OPT C,CT
A000                  (./generated-code/):00005                 BCKDRAW_Img_SSShadow_007_0
A000 10FF9FFE         (./generated-code/):00006 [7]     7               STS glb_register_s
                      (./generated-code/):00007                 
A004 32A4             (./generated-code/):00008 [4]     11              LEAS ,Y
A006 33C9FEE9         (./generated-code/):00009 [8]     19              LEAU -279,U
                      (./generated-code/):00010                 
A00A ECC827           (./generated-code/):00011 [6]     25              LDD 39,U
A00D 3406             (./generated-code/):00012 [7]     32              PSHS D
A00F 84F0             (./generated-code/):00013 [2]     34              ANDA #$F0
A011 C40F             (./generated-code/):00014 [2]     36              ANDB #$0F
A013 C30220           (./generated-code/):00015 [4]     40              ADDD #$0220
A016 EDC827           (./generated-code/):00016 [6]     46              STD 39,U
A019 A6C888           (./generated-code/):00017 [5]     51              LDA -120,U
A01C 3402             (./generated-code/):00018 [6]     57              PSHS A
A01E 840F             (./generated-code/):00019 [2]     59              ANDA #$0F
A020 8A20             (./generated-code/):00020 [2]     61              ORA #$20
A022 A7C888           (./generated-code/):00021 [5]     66              STA -120,U
A025 A6C8B0           (./generated-code/):00022 [5]     71              LDA -80,U
A028 3402             (./generated-code/):00023 [6]     77              PSHS A
A02A 840F             (./generated-code/):00024 [2]     79              ANDA #$0F
A02C 8A20             (./generated-code/):00025 [2]     81              ORA #$20
A02E A7C8B0           (./generated-code/):00026 [5]     86              STA -80,U
A031 A6C8D8           (./generated-code/):00027 [5]     91              LDA -40,U
A034 3402             (./generated-code/):00028 [6]     97              PSHS A
A036 840F             (./generated-code/):00029 [2]     99              ANDA #$0F
A038 8A20             (./generated-code/):00030 [2]     101             ORA #$20
A03A A7C8D8           (./generated-code/):00031 [5]     106             STA -40,U
A03D A6C4             (./generated-code/):00032 [4]     110             LDA ,U
A03F 3402             (./generated-code/):00033 [6]     116             PSHS A
A041 840F             (./generated-code/):00034 [2]     118             ANDA #$0F
A043 8A20             (./generated-code/):00035 [2]     120             ORA #$20
A045 A7C4             (./generated-code/):00036 [4]     124             STA ,U
A047 A6C84F           (./generated-code/):00037 [5]     129             LDA 79,U
A04A 3402             (./generated-code/):00038 [6]     135             PSHS A
A04C 84F0             (./generated-code/):00039 [2]     137             ANDA #$F0
A04E 8A02             (./generated-code/):00040 [2]     139             ORA #$02
A050 A7C84F           (./generated-code/):00041 [5]     144             STA 79,U
A053 A6C877           (./generated-code/):00042 [5]     149             LDA 119,U
A056 3442             (./generated-code/):00043 [8]     157             PSHS U,A
A058 84F0             (./generated-code/):00044 [2]     159             ANDA #$F0
A05A 8A02             (./generated-code/):00045 [2]     161             ORA #$02
A05C A7C877           (./generated-code/):00046 [5]     166             STA 119,U
A05F 33C90117         (./generated-code/):00047 [8]     174             LEAU 279,U
                      (./generated-code/):00048                 
A063 A6C888           (./generated-code/):00049 [5]     179             LDA -120,U
A066 E6C8B0           (./generated-code/):00050 [5]     184             LDB -80,U
A069 3406             (./generated-code/):00051 [7]     191             PSHS B,A
A06B A6C8D8           (./generated-code/):00052 [5]     196             LDA -40,U
A06E E6C4             (./generated-code/):00053 [4]     200             LDB ,U
A070 3406             (./generated-code/):00054 [7]     207             PSHS B,A
A072 ECC84F           (./generated-code/):00055 [6]     213             LDD 79,U
A075 3406             (./generated-code/):00056 [7]     220             PSHS D
A077 84F0             (./generated-code/):00057 [2]     222             ANDA #$F0
A079 8A02             (./generated-code/):00058 [2]     224             ORA #$02
A07B C622             (./generated-code/):00059 [2]     226             LDB #$22
A07D EDC84F           (./generated-code/):00060 [6]     232             STD 79,U
A080 ECC877           (./generated-code/):00061 [6]     238             LDD 119,U
A083 3406             (./generated-code/):00062 [7]     245             PSHS D
A085 84F0             (./generated-code/):00063 [2]     247             ANDA #$F0
A087 8A02             (./generated-code/):00064 [2]     249             ORA #$02
A089 C622             (./generated-code/):00065 [2]     251             LDB #$22
A08B EDC877           (./generated-code/):00066 [6]     257             STD 119,U
A08E A6C828           (./generated-code/):00067 [5]     262             LDA 40,U
A091 3442             (./generated-code/):00068 [8]     270             PSHS U,A
A093 E7C888           (./generated-code/):00069 [5]     275             STB -120,U
A096 E7C8B0           (./generated-code/):00070 [5]     280             STB -80,U
A099 E7C8D8           (./generated-code/):00071 [5]     285             STB -40,U
A09C E7C4             (./generated-code/):00072 [4]     289             STB ,U
A09E E7C828           (./generated-code/):00073 [5]     294             STB 40,U
A0A1 33C90103         (./generated-code/):00074 [8]     302             LEAU 259,U
                      (./generated-code/):00075                 
A0A5 ECC8C4           (./generated-code/):00076 [6]     308             LDD -60,U
A0A8 3406             (./generated-code/):00077 [7]     315             PSHS D
A0AA 8622             (./generated-code/):00078 [2]     317             LDA #$22
A0AC C40F             (./generated-code/):00079 [2]     319             ANDB #$0F
A0AE CA20             (./generated-code/):00080 [2]     321             ORB #$20
A0B0 EDC8C4           (./generated-code/):00081 [6]     327             STD -60,U
A0B3 ECC8EC           (./generated-code/):00082 [6]     333             LDD -20,U
A0B6 3406             (./generated-code/):00083 [7]     340             PSHS D
A0B8 8622             (./generated-code/):00084 [2]     342             LDA #$22
A0BA C40F             (./generated-code/):00085 [2]     344             ANDB #$0F
A0BC CA20             (./generated-code/):00086 [2]     346             ORB #$20
A0BE EDC8EC           (./generated-code/):00087 [6]     352             STD -20,U
A0C1 A6C814           (./generated-code/):00088 [5]     357             LDA 20,U
A0C4 E6C864           (./generated-code/):00089 [5]     362             LDB 100,U
A0C7 3406             (./generated-code/):00090 [7]     369             PSHS B,A
A0C9 C40F             (./generated-code/):00091 [2]     371             ANDB #$0F
A0CB CA20             (./generated-code/):00092 [2]     373             ORB #$20
A0CD E7C864           (./generated-code/):00093 [5]     378             STB 100,U
A0D0 A6C83C           (./generated-code/):00094 [5]     383             LDA 60,U
A0D3 AEC89C           (./generated-code/):00095 [6]     389             LDX -100,U
A0D6 3452             (./generated-code/):00096 [10]    399             PSHS U,X,A
A0D8 CC2222           (./generated-code/):00097 [3]     402             LDD #$2222
A0DB EDC89C           (./generated-code/):00098 [6]     408             STD -100,U
A0DE A7C814           (./generated-code/):00099 [5]     413             STA 20,U
A0E1 A7C83C           (./generated-code/):00100 [5]     418             STA 60,U
                      (./generated-code/):00101                 
A0E4 DEFC             (./generated-code/):00102 [5]     423             LDU <glb_screen_location_1
A0E6 33C9FEC0         (./generated-code/):00103 [8]     431             LEAU -320,U
                      (./generated-code/):00104                 
A0EA A6C8D8           (./generated-code/):00105 [5]     436             LDA -40,U
A0ED E6C888           (./generated-code/):00106 [5]     441             LDB -120,U
A0F0 3406             (./generated-code/):00107 [7]     448             PSHS B,A
A0F2 C4F0             (./generated-code/):00108 [2]     450             ANDB #$F0
A0F4 CA02             (./generated-code/):00109 [2]     452             ORB #$02
A0F6 E7C888           (./generated-code/):00110 [5]     457             STB -120,U
A0F9 A6C8B0           (./generated-code/):00111 [5]     462             LDA -80,U
A0FC 3402             (./generated-code/):00112 [6]     468             PSHS A
A0FE 84F0             (./generated-code/):00113 [2]     470             ANDA #$F0
A100 8A02             (./generated-code/):00114 [2]     472             ORA #$02
A102 A7C8B0           (./generated-code/):00115 [5]     477             STA -80,U
A105 A6C4             (./generated-code/):00116 [4]     481             LDA ,U
A107 E6C828           (./generated-code/):00117 [5]     486             LDB 40,U
A10A 3406             (./generated-code/):00118 [7]     493             PSHS B,A
A10C A6C850           (./generated-code/):00119 [5]     498             LDA 80,U
A10F E6C878           (./generated-code/):00120 [5]     503             LDB 120,U
A112 3446             (./generated-code/):00121 [9]     512             PSHS U,B,A
A114 8622             (./generated-code/):00122 [2]     514             LDA #$22
A116 A7C8D8           (./generated-code/):00123 [5]     519             STA -40,U
A119 A7C4             (./generated-code/):00124 [4]     523             STA ,U
A11B A7C828           (./generated-code/):00125 [5]     528             STA 40,U
A11E A7C850           (./generated-code/):00126 [5]     533             STA 80,U
A121 A7C878           (./generated-code/):00127 [5]     538             STA 120,U
A124 33C90118         (./generated-code/):00128 [8]     546             LEAU 280,U
                      (./generated-code/):00129                 
A128 ECC84F           (./generated-code/):00130 [6]     552             LDD 79,U
A12B 3406             (./generated-code/):00131 [7]     559             PSHS D
A12D 8622             (./generated-code/):00132 [2]     561             LDA #$22
A12F C40F             (./generated-code/):00133 [2]     563             ANDB #$0F
A131 CA20             (./generated-code/):00134 [2]     565             ORB #$20
A133 EDC84F           (./generated-code/):00135 [6]     571             STD 79,U
A136 ECC877           (./generated-code/):00136 [6]     577             LDD 119,U
A139 3406             (./generated-code/):00137 [7]     584             PSHS D
A13B 8622             (./generated-code/):00138 [2]     586             LDA #$22
A13D C40F             (./generated-code/):00139 [2]     588             ANDB #$0F
A13F CA20             (./generated-code/):00140 [2]     590             ORB #$20
A141 EDC877           (./generated-code/):00141 [6]     596             STD 119,U
A144 A6C888           (./generated-code/):00142 [5]     601             LDA -120,U
A147 E6C8B0           (./generated-code/):00143 [5]     606             LDB -80,U
A14A 3406             (./generated-code/):00144 [7]     613             PSHS B,A
A14C ECC827           (./generated-code/):00145 [6]     619             LDD 39,U
A14F 3406             (./generated-code/):00146 [7]     626             PSHS D
A151 84F0             (./generated-code/):00147 [2]     628             ANDA #$F0
A153 C40F             (./generated-code/):00148 [2]     630             ANDB #$0F
A155 C30220           (./generated-code/):00149 [4]     634             ADDD #$0220
A158 EDC827           (./generated-code/):00150 [6]     640             STD 39,U
A15B EC5F             (./generated-code/):00151 [6]     646             LDD -1,U
A15D 3406             (./generated-code/):00152 [7]     653             PSHS D
A15F 84F0             (./generated-code/):00153 [2]     655             ANDA #$F0
A161 8A02             (./generated-code/):00154 [2]     657             ORA #$02
A163 C622             (./generated-code/):00155 [2]     659             LDB #$22
A165 ED5F             (./generated-code/):00156 [6]     665             STD -1,U
A167 A6C8D8           (./generated-code/):00157 [5]     670             LDA -40,U
A16A 3442             (./generated-code/):00158 [8]     678             PSHS U,A
A16C E7C888           (./generated-code/):00159 [5]     683             STB -120,U
A16F E7C8B0           (./generated-code/):00160 [5]     688             STB -80,U
A172 E7C8D8           (./generated-code/):00161 [5]     693             STB -40,U
A175 33C90117         (./generated-code/):00162 [8]     701             LEAU 279,U
                      (./generated-code/):00163                 
A179 ECC8D7           (./generated-code/):00164 [6]     707             LDD -41,U
A17C 3406             (./generated-code/):00165 [7]     714             PSHS D
A17E 84F0             (./generated-code/):00166 [2]     716             ANDA #$F0
A180 8A02             (./generated-code/):00167 [2]     718             ORA #$02
A182 C622             (./generated-code/):00168 [2]     720             LDB #$22
A184 EDC8D7           (./generated-code/):00169 [6]     726             STD -41,U
A187 EC5F             (./generated-code/):00170 [6]     732             LDD -1,U
A189 3406             (./generated-code/):00171 [7]     739             PSHS D
A18B 84F0             (./generated-code/):00172 [2]     741             ANDA #$F0
A18D 8A02             (./generated-code/):00173 [2]     743             ORA #$02
A18F C622             (./generated-code/):00174 [2]     745             LDB #$22
A191 ED5F             (./generated-code/):00175 [6]     751             STD -1,U
A193 A6C888           (./generated-code/):00176 [5]     756             LDA -120,U
A196 E6C877           (./generated-code/):00177 [5]     761             LDB 119,U
A199 3406             (./generated-code/):00178 [7]     768             PSHS B,A
A19B C4F0             (./generated-code/):00179 [2]     770             ANDB #$F0
A19D CA02             (./generated-code/):00180 [2]     772             ORB #$02
A19F E7C877           (./generated-code/):00181 [5]     777             STB 119,U
A1A2 ECC84F           (./generated-code/):00182 [6]     783             LDD 79,U
A1A5 3406             (./generated-code/):00183 [7]     790             PSHS D
A1A7 8622             (./generated-code/):00184 [2]     792             LDA #$22
A1A9 C40F             (./generated-code/):00185 [2]     794             ANDB #$0F
A1AB CA20             (./generated-code/):00186 [2]     796             ORB #$20
A1AD EDC84F           (./generated-code/):00187 [6]     802             STD 79,U
A1B0 A6C8B0           (./generated-code/):00188 [5]     807             LDA -80,U
A1B3 AEC827           (./generated-code/):00189 [6]     813             LDX 39,U
A1B6 3452             (./generated-code/):00190 [10]    823             PSHS U,X,A
A1B8 CC2222           (./generated-code/):00191 [3]     826             LDD #$2222
A1BB EDC827           (./generated-code/):00192 [6]     832             STD 39,U
A1BE A7C888           (./generated-code/):00193 [5]     837             STA -120,U
A1C1 A7C8B0           (./generated-code/):00194 [5]     842             STA -80,U
A1C4 33E4             (./generated-code/):00195 [4]     846             LEAU ,S
A1C6                  (./generated-code/):00196                 SSAV_Img_SSShadow_007_0
A1C6 10FE9FFE         (./generated-code/):00197 [7]     853             LDS glb_register_s
A1CA 39               (./generated-code/):00198 [5]     858             RTS
                      (./generated-code/):00199                 
