                      (./generated-code/):00001                 INCLUDE "./Engine/Constants.asm"
                      (./Engine/Constant):00001         * ---------------------------------------------------------------------------
                      (./Engine/Constant):00002         * Constants
                      (./Engine/Constant):00003         *
                      (./Engine/Constant):00004         * Naming convention
                      (./Engine/Constant):00005         * -----------------
                      (./Engine/Constant):00006         * - lower case
                      (./Engine/Constant):00007         * - underscore-separated names
                      (./Engine/Constant):00008         *
                      (./Engine/Constant):00009         * ---------------------------------------------------------------------------
                      (./Engine/Constant):00010         
                      (./Engine/Constant):00011         * ===========================================================================
                      (./Engine/Constant):00012         * TO8 Registers
                      (./Engine/Constant):00013         * ===========================================================================
                      (./Engine/Constant):00014         
                      (./Engine/Constant):00015         ; Disk routine registers (ROM)
                      (./Engine/Constant):00016         
     6049             (./Engine/Constant):00017         dk_drive                      equ $6049
     604A             (./Engine/Constant):00018         dk_track                      equ $604A
     604B             (./Engine/Constant):00019         dk_track_lsb                  equ $604B
     604C             (./Engine/Constant):00020         dk_sector                     equ $604C
     604F             (./Engine/Constant):00021         dk_write_location             equ $604F
                      (./Engine/Constant):00022         
                      (./Engine/Constant):00023         * ===========================================================================
                      (./Engine/Constant):00024         * Globals
                      (./Engine/Constant):00025         * ===========================================================================
                      (./Engine/Constant):00026         
     009F             (./Engine/Constant):00027         glb_direct_page               equ $9F    ; direct page for globals
                      (./Engine/Constant):00028         
                      (./Engine/Constant):00029         ; compilated sprite
     9FFE             (./Engine/Constant):00030         glb_register_s                equ $9FFE  ; reverved space to store S from ROM routines
                      (./Engine/Constant):00031         
                      (./Engine/Constant):00032         ; DrawSprites
     9FFC             (./Engine/Constant):00033         glb_screen_location_1         equ $9FFC  ; start address for rendering of current sprite Part1     
     9FFA             (./Engine/Constant):00034         glb_screen_location_2         equ $9FFA  ; start address for rendering of current sprite Part2 (Must follow Part1)
                      (./Engine/Constant):00035         
                      (./Engine/Constant):00036         ; CheckSpritesRefresh
     9FF9             (./Engine/Constant):00037         glb_cur_priority              equ $9FF9
     9FF7             (./Engine/Constant):00038         glb_cur_ptr_sub_obj_erase     equ $9FF7
     9FF5             (./Engine/Constant):00039         glb_cur_ptr_sub_obj_draw      equ $9FF5
     9FF3             (./Engine/Constant):00040         glb_camera_x_pos              equ $9FF3 ; camera x position in palyfield coordinates
     9FF1             (./Engine/Constant):00041         glb_camera_y_pos              equ $9FF1 ; camera y position in palyfield coordinates
     9FEF             (./Engine/Constant):00042         glb_camera_x_min_pos          equ $9FEF
     9FED             (./Engine/Constant):00043         glb_camera_y_min_pos          equ $9FED
     9FEB             (./Engine/Constant):00044         glb_camera_x_max_pos          equ $9FEB
     9FE9             (./Engine/Constant):00045         glb_camera_y_max_pos          equ $9FE9
     9FE8             (./Engine/Constant):00046         glb_force_sprite_refresh      equ $9FE8
     9FE7             (./Engine/Constant):00047         glb_camera_move               equ $9FE7
     9FE6             (./Engine/Constant):00048         glb_alphaTiles                equ $9FE6
     9F00             (./Engine/Constant):00049         glb_tmp_var                   equ $9F00 ; custom tmp var space for routine
     9F00             (./Engine/Constant):00050         glb_system_stack              equ $9F00
                      (./Engine/Constant):00051         
                      (./Engine/Constant):00052         * ===========================================================================
                      (./Engine/Constant):00053         * Display Constants
                      (./Engine/Constant):00054         * ===========================================================================
                      (./Engine/Constant):00055         
     00A0             (./Engine/Constant):00056         screen_width                  equ 160    ; in pixel
     001C             (./Engine/Constant):00057         screen_top                    equ 28     ; in pixel
     00E3             (./Engine/Constant):00058         screen_bottom                 equ 28+199 ; in pixel
     0030             (./Engine/Constant):00059         screen_left                   equ 48     ; in pixel
     00CF             (./Engine/Constant):00060         screen_right                  equ 48+159 ; in pixel
     0008             (./Engine/Constant):00061         nb_priority_levels            equ 8      ; number of priority levels (need code change if modified)
                      (./Engine/Constant):00062         
                      (./Engine/Constant):00063         * ===========================================================================
                      (./Engine/Constant):00064         * Images Constants
                      (./Engine/Constant):00065         * ===========================================================================
                      (./Engine/Constant):00066         
     0004             (./Engine/Constant):00067         image_x_size                  equ 4
     0005             (./Engine/Constant):00068         image_y_size                  equ 5
     0006             (./Engine/Constant):00069         image_center_offset           equ 6
                      (./Engine/Constant):00070         
     0004             (./Engine/Constant):00071         image_subset_x1_offset        equ 4
     0005             (./Engine/Constant):00072         image_subset_y1_offset        equ 5
                      (./Engine/Constant):00073         
     0000             (./Engine/Constant):00074         page_draw_routine             equ 0
     0001             (./Engine/Constant):00075         draw_routine                  equ 1
     0003             (./Engine/Constant):00076         page_erase_routine            equ 3
     0004             (./Engine/Constant):00077         erase_routine                 equ 4
     0006             (./Engine/Constant):00078         erase_nb_cell                 equ 6
                      (./Engine/Constant):00079         
                      (./Engine/Constant):00080         * ===========================================================================
                      (./Engine/Constant):00081         * Sound Constants
                      (./Engine/Constant):00082         * ===========================================================================
                      (./Engine/Constant):00083         
     0000             (./Engine/Constant):00084         sound_page        equ 0
     0001             (./Engine/Constant):00085         sound_start_addr  equ 1
     0003             (./Engine/Constant):00086         sound_end_addr    equ 3
     0005             (./Engine/Constant):00087         sound_meta_size   equ 5
                      (./Engine/Constant):00088         
                      (./Engine/Constant):00089         * ===========================================================================
                      (./Engine/Constant):00090         * Object Constants
                      (./Engine/Constant):00091         * ===========================================================================
                      (./Engine/Constant):00092         
     005D             (./Engine/Constant):00093         object_core_size              equ 93  ; the size of an object without ext_vars - DEPENDENCY ClearObj routine
     ????             (./Engine/Constant):00094         object_size                   equ object_core_size+ext_variables_size ; the size of a dynamic object
     ????             (./Engine/Constant):00095         next_object                   equ object_size
     005D             (./Engine/Constant):00096         ext_variables                 equ object_core_size ; start of reserved space for additionnal variables
                      (./Engine/Constant):00097         
     0000             (./Engine/Constant):00098         id                            equ 0           ; reference to object model id (ObjID_) (0: free slot)
     0001             (./Engine/Constant):00099         subtype                       equ 1           ; reference to object subtype (Sub_)
     0002             (./Engine/Constant):00100         render_flags                  equ 2
                      (./Engine/Constant):00101         
                      (./Engine/Constant):00102         * --- render_flags bitfield variables ---
     0001             (./Engine/Constant):00103         render_xmirror_mask           equ $01 ; (bit 0) DEPENDENCY should be bit 0 - tell display engine to mirror sprite on horizontal axis
     0002             (./Engine/Constant):00104         render_ymirror_mask           equ $02 ; (bit 1) DEPENDENCY should be bit 1 - tell display engine to mirror sprite on vertical axis
     0004             (./Engine/Constant):00105         render_overlay_mask           equ $04 ; (bit 2) DEPENDENCY should be bit 2 - compilated sprite with no background save
     0008             (./Engine/Constant):00106         render_motionless_mask        equ $08 ; (bit 3) tell display engine to compute sub image and position check only once until the flag is removed  
     0010             (./Engine/Constant):00107         render_playfieldcoord_mask    equ $10 ; (bit 4) tell display engine to use playfield (1) or screen (0) coordinates
     0020             (./Engine/Constant):00108         render_hide_mask              equ $20 ; (bit 5) tell display engine to hide sprite (keep priority and mapping_frame)
     0040             (./Engine/Constant):00109         render_todelete_mask          equ $40 ; (bit 6) tell display engine to delete sprite and clear OST for this object
     0080             (./Engine/Constant):00110         render_xloop_mask             equ $80 ; (bit 7) (screen coordinate) tell display engine to hide sprite when x is out of screen (0) or to display (1)  
                      (./Engine/Constant):00111          
     0003             (./Engine/Constant):00112         priority                      equ 3           ; display priority (0: nothing to display, 1:front, ..., 8:back)
     0004             (./Engine/Constant):00113         anim                          equ 4  ; and 5  ; reference to current animation (Ani_)
     0006             (./Engine/Constant):00114         prev_anim                     equ 6  ; and 7  ; reference to previous animation (Ani_)
     0008             (./Engine/Constant):00115         anim_frame                    equ 8           ; index of current frame in animation
     0009             (./Engine/Constant):00116         anim_frame_duration           equ 9           ; number of frames for each image in animation, range: 00-7F (0-127), 0 means display only during one frame
     000A             (./Engine/Constant):00117         anim_flags                    equ 10          ; byte offset to reference an anim_flags LUT (adv) / store a link flag (non adv)
                      (./Engine/Constant):00118         
                      (./Engine/Constant):00119         * --- anim_flags bitfield variables ---
     0001             (./Engine/Constant):00120         anim_link_mask                equ $01 ; (bit 0) if set, allow the load of a new animation without reseting anim_frame and anim_frame_duration
                      (./Engine/Constant):00121         
     000B             (./Engine/Constant):00122         status_flags                  equ 11          ; orientation of sprite, is applied to animation xmirror flag during AnimateSprite
                      (./Engine/Constant):00123         
                      (./Engine/Constant):00124         * --- status_flags bitfield variables ---
     0001             (./Engine/Constant):00125         status_xflip_mask             equ $01 ; (bit 0) X Flip
     0002             (./Engine/Constant):00126         status_yflip_mask             equ $02 ; (bit 1) Y Flip
                      (./Engine/Constant):00127         
     000C             (./Engine/Constant):00128         image_set                     equ 12 ; and 13 ; reference to current image (Img_) (0000 if no image)
     000E             (./Engine/Constant):00129         x_pos                         equ 14 ; and 15 ; x playfield coordinate
     0010             (./Engine/Constant):00130         x_sub                         equ 16          ; x subpixel (1/256 of a pixel), must follow x_pos in data structure
     0011             (./Engine/Constant):00131         y_pos                         equ 17 ; and 18 ; y playfield coordinate
     0013             (./Engine/Constant):00132         y_sub                         equ 19          ; y subpixel (1/256 of a pixel), must follow y_pos in data structure
     0014             (./Engine/Constant):00133         xy_pixel                      equ 20          ; x and y screen coordinate
     0014             (./Engine/Constant):00134         x_pixel                       equ 20          ; x screen coordinate
     0015             (./Engine/Constant):00135         y_pixel                       equ 21          ; y screen coordinate, must follow x_pixel
                      (./Engine/Constant):00136         ;x_offset                      equ 93          ; x screen coordinate offset that is applied at rendering
                      (./Engine/Constant):00137         ;y_offset                      equ 94          ; x screen coordinate offset that is applied at rendering
     0016             (./Engine/Constant):00138         x_vel                         equ 22 ; and 23 ; horizontal velocity
     0018             (./Engine/Constant):00139         y_vel                         equ 24 ; and 25 ; vertical velocity
     001A             (./Engine/Constant):00140         x_acl                         equ 26 ; and 27 ; horizontal gravity
     001C             (./Engine/Constant):00141         y_acl                         equ 28 ; and 29 ; vertical gravity
     001E             (./Engine/Constant):00142         routine                       equ 30          ; index of current object routine
     001F             (./Engine/Constant):00143         routine_secondary             equ 31          ; index of current secondary routine
     0020             (./Engine/Constant):00144         routine_tertiary              equ 32          ; index of current tertiary routine
     0021             (./Engine/Constant):00145         routine_quaternary            equ 33          ; index of current quaternary routine
                      (./Engine/Constant):00146         
                      (./Engine/Constant):00147         * ---------------------------------------------------------------------------
                      (./Engine/Constant):00148         * reserved variables (update by engine)
                      (./Engine/Constant):00149         
     0022             (./Engine/Constant):00150         rsv_render_flags              equ 34
                      (./Engine/Constant):00151         
                      (./Engine/Constant):00152         * --- rsv_render_flags bitfield variables ---
     0001             (./Engine/Constant):00153         rsv_render_checkrefresh_mask  equ $01 ; (bit 0) if erasesprite and display sprite flag are processed for this frame
     0002             (./Engine/Constant):00154         rsv_render_erasesprite_mask   equ $02 ; (bit 1) if a sprite need to be cleared on screen
     0004             (./Engine/Constant):00155         rsv_render_displaysprite_mask equ $04 ; (bit 2) if a sprite need to be rendered on screen
     0008             (./Engine/Constant):00156         rsv_render_outofrange_mask    equ $08 ; (bit 3) if a sprite is out of range for full rendering in screen
     0080             (./Engine/Constant):00157         rsv_render_onscreen_mask      equ $80 ; (bit 7) DEPENDENCY should be bit 7 - has been rendered on last screen buffer (may be 0 or 1)
                      (./Engine/Constant):00158         
     0023             (./Engine/Constant):00159         rsv_prev_anim                 equ 35 ; and 36 ; reference to previous animation (Ani_) w * UTILE ?
     0025             (./Engine/Constant):00160         rsv_image_center_offset       equ 37 ; 0 or 1 offset that indicate if image center is even or odd (DRS_XYToAddress)
     0026             (./Engine/Constant):00161         rsv_image_subset              equ 38 ; and 39 ; reference to current image regarding mirror flags w
     0028             (./Engine/Constant):00162         rsv_mapping_frame             equ 40 ; and 41 ; reference to current image regarding mirror flags, overlay flag and x precision w
     002A             (./Engine/Constant):00163         rsv_erase_nb_cell             equ 42 ; b 
     002B             (./Engine/Constant):00164         rsv_page_draw_routine         equ 43 ; b
     002C             (./Engine/Constant):00165         rsv_draw_routine              equ 44 ; and 45 ; w
     002E             (./Engine/Constant):00166         rsv_page_erase_routine        equ 46 ; b
     002F             (./Engine/Constant):00167         rsv_erase_routine             equ 47 ; and 48 ; w 
     0031             (./Engine/Constant):00168         rsv_xy1_pixel                 equ 49 ;
     0031             (./Engine/Constant):00169         rsv_x1_pixel                  equ 49 ; x+x_offset-(x_size/2) screen coordinate
     0032             (./Engine/Constant):00170         rsv_y1_pixel                  equ 50 ; y+y_offset-(y_size/2) screen coordinate, must follow rsv_x1_pixel
     0033             (./Engine/Constant):00171         rsv_xy2_pixel                 equ 51 ;
     0033             (./Engine/Constant):00172         rsv_x2_pixel                  equ 51 ; x+x_offset+(x_size/2) screen coordinate
     0034             (./Engine/Constant):00173         rsv_y2_pixel                  equ 52 ; y+y_offset+(y_size/2) screen coordinate, must follow rsv_x2_pixel
                      (./Engine/Constant):00174         
                      (./Engine/Constant):00175         * ---------------------------------------------------------------------------
                      (./Engine/Constant):00176         * reserved variables (engine) - buffer specific
                      (./Engine/Constant):00177         
     0035             (./Engine/Constant):00178         rsv_buffer_0                  equ 53 ; Start index of buffer 0 variables
     0035             (./Engine/Constant):00179         rsv_priority_0                equ 53 ; internal value that hold priority in video buffer 0
     0036             (./Engine/Constant):00180         rsv_priority_prev_obj_0       equ 54 ; and 55 ; previous object (OST address) in display priority list for video buffer 0 (0000 if none) w
     0038             (./Engine/Constant):00181         rsv_priority_next_obj_0       equ 56 ; and 57 ; next object (OST address) in display priority list for video buffer 0 (0000 if none) w
     003A             (./Engine/Constant):00182         rsv_prev_mapping_frame_0      equ 58 ; and 59 ; reference to previous image in video buffer 0 w
     003C             (./Engine/Constant):00183         rsv_prev_erase_nb_cell_0      equ 60 : b
     003D             (./Engine/Constant):00184         rsv_prev_page_erase_routine_0 equ 61 ; b
     003E             (./Engine/Constant):00185         rsv_prev_erase_routine_0      equ 62 ; and 63 ; w
     0040             (./Engine/Constant):00186         rsv_bgdata_0                  equ 64 ; and 65 ; address of background data in screen 0 w
     0042             (./Engine/Constant):00187         rsv_prev_xy_pixel_0           equ 66 ;
     0042             (./Engine/Constant):00188         rsv_prev_x_pixel_0            equ 66 ; previous x screen coordinate b
     0043             (./Engine/Constant):00189         rsv_prev_y_pixel_0            equ 67 ; previous y screen coordinate b, must follow x_pixel
     0044             (./Engine/Constant):00190         rsv_prev_xy1_pixel_0          equ 68 ;
     0044             (./Engine/Constant):00191         rsv_prev_x1_pixel_0           equ 68 ; previous x+x_offset-(x_size/2) screen coordinate b
     0045             (./Engine/Constant):00192         rsv_prev_y1_pixel_0           equ 69 ; previous y+y_offset-(y_size/2) screen coordinate b, must follow x1_pixel
     0046             (./Engine/Constant):00193         rsv_prev_xy2_pixel_0          equ 70 ;
     0046             (./Engine/Constant):00194         rsv_prev_x2_pixel_0           equ 70 ; previous x+x_offset+(x_size/2) screen coordinate b
     0047             (./Engine/Constant):00195         rsv_prev_y2_pixel_0           equ 71 ; previous y+y_offset+(y_size/2) screen coordinate b, must follow x2_pixel
     0048             (./Engine/Constant):00196         rsv_prev_render_flags_0       equ 72 ;
                      (./Engine/Constant):00197         * --- rsv_prev_render_flags_0 bitfield variables ---
     0001             (./Engine/Constant):00198         rsv_prev_render_overlay_mask  equ $01 ; (bit 0) if a sprite has been rendered with compilated sprite and no background save on screen buffer 0/1
     0080             (./Engine/Constant):00199         rsv_prev_render_onscreen_mask equ $80 ; (bit 7) DEPENDENCY should be bit 7 - has been rendered on screen buffer 0/1
                      (./Engine/Constant):00200         
     0049             (./Engine/Constant):00201         rsv_buffer_1                  equ 73 ; Start index of buffer 1 variables
     0049             (./Engine/Constant):00202         rsv_priority_1                equ 73 ; internal value that hold priority in video buffer 1
     004A             (./Engine/Constant):00203         rsv_priority_prev_obj_1       equ 74 ; and 75 ; previous object (OST address) in display priority list for video buffer 1 (0000 if none) w
     004C             (./Engine/Constant):00204         rsv_priority_next_obj_1       equ 76 ; and 77 ; next object (OST address) in display priority list for video buffer 1 (0000 if none) w
     004E             (./Engine/Constant):00205         rsv_prev_mapping_frame_1      equ 78 ; and 79 ; reference to previous image in video buffer 1 w
     0050             (./Engine/Constant):00206         rsv_prev_erase_nb_cell_1      equ 80 ; b
     0051             (./Engine/Constant):00207         rsv_prev_page_erase_routine_1 equ 81 ; b
     0052             (./Engine/Constant):00208         rsv_prev_erase_routine_1      equ 82 ; and 83 ; w
     0054             (./Engine/Constant):00209         rsv_bgdata_1                  equ 84 ; and 85 ; address of background data in screen 1 w
     0056             (./Engine/Constant):00210         rsv_prev_xy_pixel_1           equ 86 ;
     0056             (./Engine/Constant):00211         rsv_prev_x_pixel_1            equ 86 ; previous x screen coordinate b
     0057             (./Engine/Constant):00212         rsv_prev_y_pixel_1            equ 87 ; previous y screen coordinate b, must follow x_pixel
     0058             (./Engine/Constant):00213         rsv_prev_xy1_pixel_1          equ 88 ;
     0058             (./Engine/Constant):00214         rsv_prev_x1_pixel_1           equ 88 ; previous x+x_size screen coordinate b
     0059             (./Engine/Constant):00215         rsv_prev_y1_pixel_1           equ 89 ; previous y+y_size screen coordinate b, must follow x_pixel
     005A             (./Engine/Constant):00216         rsv_prev_xy2_pixel_1          equ 90 ;
     005A             (./Engine/Constant):00217         rsv_prev_x2_pixel_1           equ 90 ; previous x+x_size screen coordinate b
     005B             (./Engine/Constant):00218         rsv_prev_y2_pixel_1           equ 91 ; previous y+y_size screen coordinate b, must follow x_pixel
     005C             (./Engine/Constant):00219         rsv_prev_render_flags_1       equ 92 ;
                      (./Engine/Constant):00220         
     0000             (./Engine/Constant):00221         buf_priority                  equ 0  ; offset for each rsv_buffer variables
     0001             (./Engine/Constant):00222         buf_priority_prev_obj         equ 1  ;
     0003             (./Engine/Constant):00223         buf_priority_next_obj         equ 3  ;
     0005             (./Engine/Constant):00224         buf_prev_mapping_frame        equ 5  ;
     0007             (./Engine/Constant):00225         buf_erase_nb_cell             equ 7  ;
     0008             (./Engine/Constant):00226         buf_page_erase_routine        equ 8 ;
     0009             (./Engine/Constant):00227         buf_erase_routine             equ 9 ;
     000B             (./Engine/Constant):00228         buf_bgdata                    equ 11 ;
     000D             (./Engine/Constant):00229         buf_prev_xy_pixel             equ 13 ;
     000D             (./Engine/Constant):00230         buf_prev_x_pixel              equ 13 ;
     000E             (./Engine/Constant):00231         buf_prev_y_pixel              equ 14 ;
     000F             (./Engine/Constant):00232         buf_prev_xy1_pixel            equ 15 ;
     000F             (./Engine/Constant):00233         buf_prev_x1_pixel             equ 15 ;
     0010             (./Engine/Constant):00234         buf_prev_y1_pixel             equ 16 ;
     0011             (./Engine/Constant):00235         buf_prev_xy2_pixel            equ 17 ;
     0011             (./Engine/Constant):00236         buf_prev_x2_pixel             equ 17 ;
     0012             (./Engine/Constant):00237         buf_prev_y2_pixel             equ 18 ;
     0013             (./Engine/Constant):00238         buf_prev_render_flags         equ 19 ;
                      (./generated-code/):00002                 ORG $A000
     FF               (./generated-code/):00003                 SETDP $FF
                      (./generated-code/):00004                 OPT C,CT
A000                  (./generated-code/):00005                 BCKDRAW_Img_SSBomb_006_0
A000 10FF9FFE         (./generated-code/):00006 [7]     7               STS glb_register_s
                      (./generated-code/):00007                 
A004 32A4             (./generated-code/):00008 [4]     11              LEAS ,Y
A006 33C9FEE8         (./generated-code/):00009 [8]     19              LEAU -280,U
                      (./generated-code/):00010                 
A00A ECC8D7           (./generated-code/):00011 [6]     25              LDD -41,U
A00D 3406             (./generated-code/):00012 [7]     32              PSHS D
A00F 84F0             (./generated-code/):00013 [2]     34              ANDA #$F0
A011 8A03             (./generated-code/):00014 [2]     36              ORA #$03
A013 C633             (./generated-code/):00015 [2]     38              LDB #$33
A015 EDC8D7           (./generated-code/):00016 [6]     44              STD -41,U
A018 AE5F             (./generated-code/):00017 [6]     50              LDX -1,U
A01A 10AEC827         (./generated-code/):00018 [7]     57              LDY 39,U
A01E 3430             (./generated-code/):00019 [9]     66              PSHS Y,X
A020 ECC84F           (./generated-code/):00020 [6]     72              LDD 79,U
A023 AEC877           (./generated-code/):00021 [6]     78              LDX 119,U
A026 3416             (./generated-code/):00022 [9]     87              PSHS X,D
A028 A6C888           (./generated-code/):00023 [5]     92              LDA -120,U
A02B 3402             (./generated-code/):00024 [6]     98              PSHS A
A02D 840F             (./generated-code/):00025 [2]     100             ANDA #$0F
A02F 8A20             (./generated-code/):00026 [2]     102             ORA #$20
A031 A7C888           (./generated-code/):00027 [5]     107             STA -120,U
A034 A6C8B0           (./generated-code/):00028 [5]     112             LDA -80,U
A037 3442             (./generated-code/):00029 [8]     120             PSHS U,A
A039 840F             (./generated-code/):00030 [2]     122             ANDA #$0F
A03B 8A20             (./generated-code/):00031 [2]     124             ORA #$20
A03D A7C8B0           (./generated-code/):00032 [5]     129             STA -80,U
A040 CC3333           (./generated-code/):00033 [3]     132             LDD #$3333
A043 ED5F             (./generated-code/):00034 [6]     138             STD -1,U
A045 C623             (./generated-code/):00035 [2]     140             LDB #$23
A047 EDC827           (./generated-code/):00036 [6]     146             STD 39,U
A04A EDC84F           (./generated-code/):00037 [6]     152             STD 79,U
A04D EDC877           (./generated-code/):00038 [6]     158             STD 119,U
A050 33C90117         (./generated-code/):00039 [8]     166             LEAU 279,U
                      (./generated-code/):00040                 
A054 AEC878           (./generated-code/):00041 [6]     172             LDX 120,U
A057 10AEC888         (./generated-code/):00042 [7]     179             LDY -120,U
A05B 3430             (./generated-code/):00043 [9]     188             PSHS Y,X
A05D ECC4             (./generated-code/):00044 [5]     193             LDD ,U
A05F AEC828           (./generated-code/):00045 [6]     199             LDX 40,U
A062 10AEC850         (./generated-code/):00046 [7]     206             LDY 80,U
A066 3436             (./generated-code/):00047 [11]    217             PSHS Y,X,D
A068 ECC8D8           (./generated-code/):00048 [6]     223             LDD -40,U
A06B AEC8B0           (./generated-code/):00049 [6]     229             LDX -80,U
A06E 3416             (./generated-code/):00050 [9]     238             PSHS X,D
A070 A6C8DA           (./generated-code/):00051 [5]     243             LDA -38,U
A073 3402             (./generated-code/):00052 [6]     249             PSHS A
A075 840F             (./generated-code/):00053 [2]     251             ANDA #$0F
A077 8A20             (./generated-code/):00054 [2]     253             ORA #$20
A079 A7C8DA           (./generated-code/):00055 [5]     258             STA -38,U
A07C A642             (./generated-code/):00056 [5]     263             LDA 2,U
A07E 3402             (./generated-code/):00057 [6]     269             PSHS A
A080 840F             (./generated-code/):00058 [2]     271             ANDA #$0F
A082 8A00             (./generated-code/):00059 [2]     273             ORA #$00
A084 A742             (./generated-code/):00060 [5]     278             STA 2,U
A086 A6C82A           (./generated-code/):00061 [5]     283             LDA 42,U
A089 3442             (./generated-code/):00062 [8]     291             PSHS U,A
A08B 840F             (./generated-code/):00063 [2]     293             ANDA #$0F
A08D 8A20             (./generated-code/):00064 [2]     295             ORA #$20
A08F A7C82A           (./generated-code/):00065 [5]     300             STA 42,U
A092 CC3333           (./generated-code/):00066 [3]     303             LDD #$3333
A095 EDC888           (./generated-code/):00067 [6]     309             STD -120,U
A098 EDC8B0           (./generated-code/):00068 [6]     315             STD -80,U
A09B EDC878           (./generated-code/):00069 [6]     321             STD 120,U
A09E C653             (./generated-code/):00070 [2]     323             LDB #$53
A0A0 EDC850           (./generated-code/):00071 [6]     329             STD 80,U
A0A3 8653             (./generated-code/):00072 [2]     331             LDA #$53
A0A5 EDC4             (./generated-code/):00073 [5]     336             STD ,U
A0A7 8643             (./generated-code/):00074 [2]     338             LDA #$43
A0A9 EDC8D8           (./generated-code/):00075 [6]     344             STD -40,U
A0AC EDC828           (./generated-code/):00076 [6]     350             STD 40,U
A0AF 33C90119         (./generated-code/):00077 [8]     358             LEAU 281,U
                      (./generated-code/):00078                 
A0B3 ECC84F           (./generated-code/):00079 [6]     364             LDD 79,U
A0B6 3406             (./generated-code/):00080 [7]     371             PSHS D
A0B8 84F0             (./generated-code/):00081 [2]     373             ANDA #$F0
A0BA 8A0F             (./generated-code/):00082 [2]     375             ORA #$0f
A0BC C6EF             (./generated-code/):00083 [2]     377             LDB #$ef
A0BE EDC84F           (./generated-code/):00084 [6]     383             STD 79,U
A0C1 A6C878           (./generated-code/):00085 [5]     388             LDA 120,U
A0C4 3402             (./generated-code/):00086 [6]     394             PSHS A
A0C6 840F             (./generated-code/):00087 [2]     396             ANDA #$0F
A0C8 8A20             (./generated-code/):00088 [2]     398             ORA #$20
A0CA A7C878           (./generated-code/):00089 [5]     403             STA 120,U
A0CD AE5F             (./generated-code/):00090 [6]     409             LDX -1,U
A0CF 10AEC827         (./generated-code/):00091 [7]     416             LDY 39,U
A0D3 3430             (./generated-code/):00092 [9]     425             PSHS Y,X
A0D5 CCFFFF           (./generated-code/):00093 [3]     428             LDD #$ffff
A0D8 EDC827           (./generated-code/):00094 [6]     434             STD 39,U
A0DB C63F             (./generated-code/):00095 [2]     436             LDB #$3f
A0DD ED5F             (./generated-code/):00096 [6]     442             STD -1,U
A0DF ECC887           (./generated-code/):00097 [6]     448             LDD -121,U
A0E2 AEC8D7           (./generated-code/):00098 [6]     454             LDX -41,U
A0E5 10AEC8AF         (./generated-code/):00099 [7]     461             LDY -81,U
A0E9 3476             (./generated-code/):00100 [13]    474             PSHS U,Y,X,D
A0EB CC3333           (./generated-code/):00101 [3]     477             LDD #$3333
A0EE EDC887           (./generated-code/):00102 [6]     483             STD -121,U
A0F1 EDC8AF           (./generated-code/):00103 [6]     489             STD -81,U
A0F4 86F3             (./generated-code/):00104 [2]     491             LDA #$f3
A0F6 EDC8D7           (./generated-code/):00105 [6]     497             STD -41,U
                      (./generated-code/):00106                 
A0F9 DEFC             (./generated-code/):00107 [5]     502             LDU <glb_screen_location_1
A0FB 33C9FED4         (./generated-code/):00108 [8]     510             LEAU -300,U
                      (./generated-code/):00109                 
A0FF ECC813           (./generated-code/):00110 [6]     516             LDD 19,U
A102 3406             (./generated-code/):00111 [7]     523             PSHS D
A104 8632             (./generated-code/):00112 [2]     525             LDA #$32
A106 C40F             (./generated-code/):00113 [2]     527             ANDB #$0F
A108 CA30             (./generated-code/):00114 [2]     529             ORB #$30
A10A EDC813           (./generated-code/):00115 [6]     535             STD 19,U
A10D ECC83B           (./generated-code/):00116 [6]     541             LDD 59,U
A110 3406             (./generated-code/):00117 [7]     548             PSHS D
A112 8620             (./generated-code/):00118 [2]     550             LDA #$20
A114 C40F             (./generated-code/):00119 [2]     552             ANDB #$0F
A116 CA30             (./generated-code/):00120 [2]     554             ORB #$30
A118 EDC83B           (./generated-code/):00121 [6]     560             STD 59,U
A11B A6C89B           (./generated-code/):00122 [5]     565             LDA -101,U
A11E E6C8C3           (./generated-code/):00123 [5]     570             LDB -61,U
A121 3406             (./generated-code/):00124 [7]     577             PSHS B,A
A123 ECC862           (./generated-code/):00125 [6]     583             LDD 98,U
A126 3406             (./generated-code/):00126 [7]     590             PSHS D
A128 84F0             (./generated-code/):00127 [2]     592             ANDA #$F0
A12A 8A03             (./generated-code/):00128 [2]     594             ORA #$03
A12C C620             (./generated-code/):00129 [2]     596             LDB #$20
A12E EDC862           (./generated-code/):00130 [6]     602             STD 98,U
A131 E7C89B           (./generated-code/):00131 [5]     607             STB -101,U
A134 E7C8C3           (./generated-code/):00132 [5]     612             STB -61,U
A137 A6C8EB           (./generated-code/):00133 [5]     617             LDA -21,U
A13A E6C864           (./generated-code/):00134 [5]     622             LDB 100,U
A13D 3446             (./generated-code/):00135 [9]     631             PSHS U,B,A
A13F 8633             (./generated-code/):00136 [2]     633             LDA #$33
A141 A7C8EB           (./generated-code/):00137 [5]     638             STA -21,U
A144 A7C864           (./generated-code/):00138 [5]     643             STA 100,U
A147 33C90102         (./generated-code/):00139 [8]     651             LEAU 258,U
                      (./generated-code/):00140                 
A14B ECC888           (./generated-code/):00141 [6]     657             LDD -120,U
A14E 3406             (./generated-code/):00142 [7]     664             PSHS D
A150 84F0             (./generated-code/):00143 [2]     666             ANDA #$F0
A152 8A03             (./generated-code/):00144 [2]     668             ORA #$03
A154 C622             (./generated-code/):00145 [2]     670             LDB #$22
A156 EDC888           (./generated-code/):00146 [6]     676             STD -120,U
A159 ECC8B0           (./generated-code/):00147 [6]     682             LDD -80,U
A15C 3406             (./generated-code/):00148 [7]     689             PSHS D
A15E 84F0             (./generated-code/):00149 [2]     691             ANDA #$F0
A160 8A03             (./generated-code/):00150 [2]     693             ORA #$03
A162 C632             (./generated-code/):00151 [2]     695             LDB #$32
A164 EDC8B0           (./generated-code/):00152 [6]     701             STD -80,U
A167 ECC8D8           (./generated-code/):00153 [6]     707             LDD -40,U
A16A 3406             (./generated-code/):00154 [7]     714             PSHS D
A16C 84F0             (./generated-code/):00155 [2]     716             ANDA #$F0
A16E 8A03             (./generated-code/):00156 [2]     718             ORA #$03
A170 C635             (./generated-code/):00157 [2]     720             LDB #$35
A172 EDC8D8           (./generated-code/):00158 [6]     726             STD -40,U
A175 A6C88A           (./generated-code/):00159 [5]     731             LDA -118,U
A178 E6C8B2           (./generated-code/):00160 [5]     736             LDB -78,U
A17B 3406             (./generated-code/):00161 [7]     743             PSHS B,A
A17D A6C8DA           (./generated-code/):00162 [5]     748             LDA -38,U
A180 3402             (./generated-code/):00163 [6]     754             PSHS A
A182 8633             (./generated-code/):00164 [2]     756             LDA #$33
A184 A7C88A           (./generated-code/):00165 [5]     761             STA -118,U
A187 A7C8B2           (./generated-code/):00166 [5]     766             STA -78,U
A18A A7C8DA           (./generated-code/):00167 [5]     771             STA -38,U
A18D 3712             (./generated-code/):00168 [8]     779             PULU A,X
A18F 3452             (./generated-code/):00169 [10]    789             PSHS U,X,A
A191 8623             (./generated-code/):00170 [2]     791             LDA #$23
A193 8E5043           (./generated-code/):00171 [3]     794             LDX #$5043
A196 3612             (./generated-code/):00172 [8]     802             PSHU A,X
A198 33C828           (./generated-code/):00173 [5]     807             LEAU 40,U
                      (./generated-code/):00174                 
A19B 3712             (./generated-code/):00175 [8]     815             PULU A,X
A19D 3452             (./generated-code/):00176 [10]    825             PSHS U,X,A
A19F 8604             (./generated-code/):00177 [2]     827             LDA #$04
A1A1 8E5054           (./generated-code/):00178 [3]     830             LDX #$5054
A1A4 3612             (./generated-code/):00179 [8]     838             PSHU A,X
A1A6 33C828           (./generated-code/):00180 [5]     843             LEAU 40,U
                      (./generated-code/):00181                 
A1A9 A6C82A           (./generated-code/):00182 [5]     848             LDA 42,U
A1AC E6C87A           (./generated-code/):00183 [5]     853             LDB 122,U
A1AF 3406             (./generated-code/):00184 [7]     860             PSHS B,A
A1B1 ECC828           (./generated-code/):00185 [6]     866             LDD 40,U
A1B4 3406             (./generated-code/):00186 [7]     873             PSHS D
A1B6 84F0             (./generated-code/):00187 [2]     875             ANDA #$F0
A1B8 8A03             (./generated-code/):00188 [2]     877             ORA #$03
A1BA C655             (./generated-code/):00189 [2]     879             LDB #$55
A1BC EDC828           (./generated-code/):00190 [6]     885             STD 40,U
A1BF ECC850           (./generated-code/):00191 [6]     891             LDD 80,U
A1C2 3406             (./generated-code/):00192 [7]     898             PSHS D
A1C4 84F0             (./generated-code/):00193 [2]     900             ANDA #$F0
A1C6 8A03             (./generated-code/):00194 [2]     902             ORA #$03
A1C8 C635             (./generated-code/):00195 [2]     904             LDB #$35
A1CA EDC850           (./generated-code/):00196 [6]     910             STD 80,U
A1CD ECC878           (./generated-code/):00197 [6]     916             LDD 120,U
A1D0 3406             (./generated-code/):00198 [7]     923             PSHS D
A1D2 84F0             (./generated-code/):00199 [2]     925             ANDA #$F0
A1D4 8A0F             (./generated-code/):00200 [2]     927             ORA #$0f
A1D6 C633             (./generated-code/):00201 [2]     929             LDB #$33
A1D8 EDC878           (./generated-code/):00202 [6]     935             STD 120,U
A1DB 863F             (./generated-code/):00203 [2]     937             LDA #$3f
A1DD A7C87A           (./generated-code/):00204 [5]     942             STA 122,U
A1E0 A6C852           (./generated-code/):00205 [5]     947             LDA 82,U
A1E3 E7C82A           (./generated-code/):00206 [5]     952             STB 42,U
A1E6 E7C852           (./generated-code/):00207 [5]     957             STB 82,U
A1E9 3714             (./generated-code/):00208 [8]     965             PULU B,X
A1EB 3456             (./generated-code/):00209 [11]    976             PSHS U,X,B,A
A1ED 8623             (./generated-code/):00210 [2]     978             LDA #$23
A1EF 8E5543           (./generated-code/):00211 [3]     981             LDX #$5543
A1F2 3612             (./generated-code/):00212 [8]     989             PSHU A,X
A1F4 33C90119         (./generated-code/):00213 [8]     997             LEAU 281,U
                      (./generated-code/):00214                 
A1F8 A6C889           (./generated-code/):00215 [5]     1002            LDA -119,U
A1FB E6C8B1           (./generated-code/):00216 [5]     1007            LDB -79,U
A1FE 3406             (./generated-code/):00217 [7]     1014            PSHS B,A
A200 ECC8D8           (./generated-code/):00218 [6]     1020            LDD -40,U
A203 3406             (./generated-code/):00219 [7]     1027            PSHS D
A205 8633             (./generated-code/):00220 [2]     1029            LDA #$33
A207 C40F             (./generated-code/):00221 [2]     1031            ANDB #$0F
A209 CAF0             (./generated-code/):00222 [2]     1033            ORB #$f0
A20B EDC8D8           (./generated-code/):00223 [6]     1039            STD -40,U
A20E ECC4             (./generated-code/):00224 [5]     1044            LDD ,U
A210 3406             (./generated-code/):00225 [7]     1051            PSHS D
A212 86FF             (./generated-code/):00226 [2]     1053            LDA #$ff
A214 C40F             (./generated-code/):00227 [2]     1055            ANDB #$0F
A216 CAF0             (./generated-code/):00228 [2]     1057            ORB #$f0
A218 EDC4             (./generated-code/):00229 [5]     1062            STD ,U
A21A A7C8B1           (./generated-code/):00230 [5]     1067            STA -79,U
A21D A6C828           (./generated-code/):00231 [5]     1072            LDA 40,U
A220 3402             (./generated-code/):00232 [6]     1078            PSHS A
A222 86EE             (./generated-code/):00233 [2]     1080            LDA #$ee
A224 A7C828           (./generated-code/):00234 [5]     1085            STA 40,U
A227 863F             (./generated-code/):00235 [2]     1087            LDA #$3f
A229 A7C889           (./generated-code/):00236 [5]     1092            STA -119,U
A22C ECC887           (./generated-code/):00237 [6]     1098            LDD -121,U
A22F 3406             (./generated-code/):00238 [7]     1105            PSHS D
A231 84F0             (./generated-code/):00239 [2]     1107            ANDA #$F0
A233 8A0F             (./generated-code/):00240 [2]     1109            ORA #$0f
A235 C633             (./generated-code/):00241 [2]     1111            LDB #$33
A237 EDC887           (./generated-code/):00242 [6]     1117            STD -121,U
A23A ECC8AF           (./generated-code/):00243 [6]     1123            LDD -81,U
A23D 3406             (./generated-code/):00244 [7]     1130            PSHS D
A23F 84F0             (./generated-code/):00245 [2]     1132            ANDA #$F0
A241 8A0F             (./generated-code/):00246 [2]     1134            ORA #$0f
A243 C633             (./generated-code/):00247 [2]     1136            LDB #$33
A245 EDC8AF           (./generated-code/):00248 [6]     1142            STD -81,U
A248 A6C850           (./generated-code/):00249 [5]     1147            LDA 80,U
A24B E6C878           (./generated-code/):00250 [5]     1152            LDB 120,U
A24E 3446             (./generated-code/):00251 [9]     1161            PSHS U,B,A
A250 C4F0             (./generated-code/):00252 [2]     1163            ANDB #$F0
A252 CA02             (./generated-code/):00253 [2]     1165            ORB #$02
A254 E7C878           (./generated-code/):00254 [5]     1170            STB 120,U
A257 8620             (./generated-code/):00255 [2]     1172            LDA #$20
A259 A7C850           (./generated-code/):00256 [5]     1177            STA 80,U
A25C 33E4             (./generated-code/):00257 [4]     1181            LEAU ,S
A25E                  (./generated-code/):00258                 SSAV_Img_SSBomb_006_0
A25E 10FE9FFE         (./generated-code/):00259 [7]     1188            LDS glb_register_s
A262 39               (./generated-code/):00260 [5]     1193            RTS
                      (./generated-code/):00261                 
