                      (./generated-code/):00001                 INCLUDE "./Engine/Constants.asm"
                      (./Engine/Constant):00001         * ---------------------------------------------------------------------------
                      (./Engine/Constant):00002         * Constants
                      (./Engine/Constant):00003         *
                      (./Engine/Constant):00004         * Naming convention
                      (./Engine/Constant):00005         * -----------------
                      (./Engine/Constant):00006         * - lower case
                      (./Engine/Constant):00007         * - underscore-separated names
                      (./Engine/Constant):00008         *
                      (./Engine/Constant):00009         * ---------------------------------------------------------------------------
                      (./Engine/Constant):00010         
                      (./Engine/Constant):00011         * ===========================================================================
                      (./Engine/Constant):00012         * TO8 Registers
                      (./Engine/Constant):00013         * ===========================================================================
                      (./Engine/Constant):00014         
                      (./Engine/Constant):00015         ; Disk routine registers (ROM)
                      (./Engine/Constant):00016         
     6049             (./Engine/Constant):00017         dk_drive                      equ $6049
     604A             (./Engine/Constant):00018         dk_track                      equ $604A
     604B             (./Engine/Constant):00019         dk_track_lsb                  equ $604B
     604C             (./Engine/Constant):00020         dk_sector                     equ $604C
     604F             (./Engine/Constant):00021         dk_write_location             equ $604F
                      (./Engine/Constant):00022         
                      (./Engine/Constant):00023         * ===========================================================================
                      (./Engine/Constant):00024         * Globals
                      (./Engine/Constant):00025         * ===========================================================================
                      (./Engine/Constant):00026         
     009F             (./Engine/Constant):00027         glb_direct_page               equ $9F    ; direct page for globals
                      (./Engine/Constant):00028         
                      (./Engine/Constant):00029         ; compilated sprite
     9FFE             (./Engine/Constant):00030         glb_register_s                equ $9FFE  ; reverved space to store S from ROM routines
                      (./Engine/Constant):00031         
                      (./Engine/Constant):00032         ; DrawSprites
     9FFC             (./Engine/Constant):00033         glb_screen_location_1         equ $9FFC  ; start address for rendering of current sprite Part1     
     9FFA             (./Engine/Constant):00034         glb_screen_location_2         equ $9FFA  ; start address for rendering of current sprite Part2 (Must follow Part1)
                      (./Engine/Constant):00035         
                      (./Engine/Constant):00036         ; CheckSpritesRefresh
     9FF9             (./Engine/Constant):00037         glb_cur_priority              equ $9FF9
     9FF7             (./Engine/Constant):00038         glb_cur_ptr_sub_obj_erase     equ $9FF7
     9FF5             (./Engine/Constant):00039         glb_cur_ptr_sub_obj_draw      equ $9FF5
     9FF3             (./Engine/Constant):00040         glb_camera_x_pos              equ $9FF3 ; camera x position in palyfield coordinates
     9FF1             (./Engine/Constant):00041         glb_camera_y_pos              equ $9FF1 ; camera y position in palyfield coordinates
     9FEF             (./Engine/Constant):00042         glb_camera_x_min_pos          equ $9FEF
     9FED             (./Engine/Constant):00043         glb_camera_y_min_pos          equ $9FED
     9FEB             (./Engine/Constant):00044         glb_camera_x_max_pos          equ $9FEB
     9FE9             (./Engine/Constant):00045         glb_camera_y_max_pos          equ $9FE9
     9FE8             (./Engine/Constant):00046         glb_force_sprite_refresh      equ $9FE8
     9FE7             (./Engine/Constant):00047         glb_camera_move               equ $9FE7
     9FE6             (./Engine/Constant):00048         glb_alphaTiles                equ $9FE6
     9F00             (./Engine/Constant):00049         glb_tmp_var                   equ $9F00 ; custom tmp var space for routine
     9F00             (./Engine/Constant):00050         glb_system_stack              equ $9F00
                      (./Engine/Constant):00051         
                      (./Engine/Constant):00052         * ===========================================================================
                      (./Engine/Constant):00053         * Display Constants
                      (./Engine/Constant):00054         * ===========================================================================
                      (./Engine/Constant):00055         
     00A0             (./Engine/Constant):00056         screen_width                  equ 160    ; in pixel
     001C             (./Engine/Constant):00057         screen_top                    equ 28     ; in pixel
     00E3             (./Engine/Constant):00058         screen_bottom                 equ 28+199 ; in pixel
     0030             (./Engine/Constant):00059         screen_left                   equ 48     ; in pixel
     00CF             (./Engine/Constant):00060         screen_right                  equ 48+159 ; in pixel
     0008             (./Engine/Constant):00061         nb_priority_levels            equ 8      ; number of priority levels (need code change if modified)
                      (./Engine/Constant):00062         
                      (./Engine/Constant):00063         * ===========================================================================
                      (./Engine/Constant):00064         * Images Constants
                      (./Engine/Constant):00065         * ===========================================================================
                      (./Engine/Constant):00066         
     0004             (./Engine/Constant):00067         image_x_size                  equ 4
     0005             (./Engine/Constant):00068         image_y_size                  equ 5
     0006             (./Engine/Constant):00069         image_center_offset           equ 6
                      (./Engine/Constant):00070         
     0004             (./Engine/Constant):00071         image_subset_x1_offset        equ 4
     0005             (./Engine/Constant):00072         image_subset_y1_offset        equ 5
                      (./Engine/Constant):00073         
     0000             (./Engine/Constant):00074         page_draw_routine             equ 0
     0001             (./Engine/Constant):00075         draw_routine                  equ 1
     0003             (./Engine/Constant):00076         page_erase_routine            equ 3
     0004             (./Engine/Constant):00077         erase_routine                 equ 4
     0006             (./Engine/Constant):00078         erase_nb_cell                 equ 6
                      (./Engine/Constant):00079         
                      (./Engine/Constant):00080         * ===========================================================================
                      (./Engine/Constant):00081         * Sound Constants
                      (./Engine/Constant):00082         * ===========================================================================
                      (./Engine/Constant):00083         
     0000             (./Engine/Constant):00084         sound_page        equ 0
     0001             (./Engine/Constant):00085         sound_start_addr  equ 1
     0003             (./Engine/Constant):00086         sound_end_addr    equ 3
     0005             (./Engine/Constant):00087         sound_meta_size   equ 5
                      (./Engine/Constant):00088         
                      (./Engine/Constant):00089         * ===========================================================================
                      (./Engine/Constant):00090         * Object Constants
                      (./Engine/Constant):00091         * ===========================================================================
                      (./Engine/Constant):00092         
     005D             (./Engine/Constant):00093         object_core_size              equ 93  ; the size of an object without ext_vars - DEPENDENCY ClearObj routine
     ????             (./Engine/Constant):00094         object_size                   equ object_core_size+ext_variables_size ; the size of a dynamic object
     ????             (./Engine/Constant):00095         next_object                   equ object_size
     005D             (./Engine/Constant):00096         ext_variables                 equ object_core_size ; start of reserved space for additionnal variables
                      (./Engine/Constant):00097         
     0000             (./Engine/Constant):00098         id                            equ 0           ; reference to object model id (ObjID_) (0: free slot)
     0001             (./Engine/Constant):00099         subtype                       equ 1           ; reference to object subtype (Sub_)
     0002             (./Engine/Constant):00100         render_flags                  equ 2
                      (./Engine/Constant):00101         
                      (./Engine/Constant):00102         * --- render_flags bitfield variables ---
     0001             (./Engine/Constant):00103         render_xmirror_mask           equ $01 ; (bit 0) DEPENDENCY should be bit 0 - tell display engine to mirror sprite on horizontal axis
     0002             (./Engine/Constant):00104         render_ymirror_mask           equ $02 ; (bit 1) DEPENDENCY should be bit 1 - tell display engine to mirror sprite on vertical axis
     0004             (./Engine/Constant):00105         render_overlay_mask           equ $04 ; (bit 2) DEPENDENCY should be bit 2 - compilated sprite with no background save
     0008             (./Engine/Constant):00106         render_motionless_mask        equ $08 ; (bit 3) tell display engine to compute sub image and position check only once until the flag is removed  
     0010             (./Engine/Constant):00107         render_playfieldcoord_mask    equ $10 ; (bit 4) tell display engine to use playfield (1) or screen (0) coordinates
     0020             (./Engine/Constant):00108         render_hide_mask              equ $20 ; (bit 5) tell display engine to hide sprite (keep priority and mapping_frame)
     0040             (./Engine/Constant):00109         render_todelete_mask          equ $40 ; (bit 6) tell display engine to delete sprite and clear OST for this object
     0080             (./Engine/Constant):00110         render_xloop_mask             equ $80 ; (bit 7) (screen coordinate) tell display engine to hide sprite when x is out of screen (0) or to display (1)  
                      (./Engine/Constant):00111          
     0003             (./Engine/Constant):00112         priority                      equ 3           ; display priority (0: nothing to display, 1:front, ..., 8:back)
     0004             (./Engine/Constant):00113         anim                          equ 4  ; and 5  ; reference to current animation (Ani_)
     0006             (./Engine/Constant):00114         prev_anim                     equ 6  ; and 7  ; reference to previous animation (Ani_)
     0008             (./Engine/Constant):00115         anim_frame                    equ 8           ; index of current frame in animation
     0009             (./Engine/Constant):00116         anim_frame_duration           equ 9           ; number of frames for each image in animation, range: 00-7F (0-127), 0 means display only during one frame
     000A             (./Engine/Constant):00117         anim_flags                    equ 10          ; byte offset to reference an anim_flags LUT (adv) / store a link flag (non adv)
                      (./Engine/Constant):00118         
                      (./Engine/Constant):00119         * --- anim_flags bitfield variables ---
     0001             (./Engine/Constant):00120         anim_link_mask                equ $01 ; (bit 0) if set, allow the load of a new animation without reseting anim_frame and anim_frame_duration
                      (./Engine/Constant):00121         
     000B             (./Engine/Constant):00122         status_flags                  equ 11          ; orientation of sprite, is applied to animation xmirror flag during AnimateSprite
                      (./Engine/Constant):00123         
                      (./Engine/Constant):00124         * --- status_flags bitfield variables ---
     0001             (./Engine/Constant):00125         status_xflip_mask             equ $01 ; (bit 0) X Flip
     0002             (./Engine/Constant):00126         status_yflip_mask             equ $02 ; (bit 1) Y Flip
                      (./Engine/Constant):00127         
     000C             (./Engine/Constant):00128         image_set                     equ 12 ; and 13 ; reference to current image (Img_) (0000 if no image)
     000E             (./Engine/Constant):00129         x_pos                         equ 14 ; and 15 ; x playfield coordinate
     0010             (./Engine/Constant):00130         x_sub                         equ 16          ; x subpixel (1/256 of a pixel), must follow x_pos in data structure
     0011             (./Engine/Constant):00131         y_pos                         equ 17 ; and 18 ; y playfield coordinate
     0013             (./Engine/Constant):00132         y_sub                         equ 19          ; y subpixel (1/256 of a pixel), must follow y_pos in data structure
     0014             (./Engine/Constant):00133         xy_pixel                      equ 20          ; x and y screen coordinate
     0014             (./Engine/Constant):00134         x_pixel                       equ 20          ; x screen coordinate
     0015             (./Engine/Constant):00135         y_pixel                       equ 21          ; y screen coordinate, must follow x_pixel
                      (./Engine/Constant):00136         ;x_offset                      equ 93          ; x screen coordinate offset that is applied at rendering
                      (./Engine/Constant):00137         ;y_offset                      equ 94          ; x screen coordinate offset that is applied at rendering
     0016             (./Engine/Constant):00138         x_vel                         equ 22 ; and 23 ; horizontal velocity
     0018             (./Engine/Constant):00139         y_vel                         equ 24 ; and 25 ; vertical velocity
     001A             (./Engine/Constant):00140         x_acl                         equ 26 ; and 27 ; horizontal gravity
     001C             (./Engine/Constant):00141         y_acl                         equ 28 ; and 29 ; vertical gravity
     001E             (./Engine/Constant):00142         routine                       equ 30          ; index of current object routine
     001F             (./Engine/Constant):00143         routine_secondary             equ 31          ; index of current secondary routine
     0020             (./Engine/Constant):00144         routine_tertiary              equ 32          ; index of current tertiary routine
     0021             (./Engine/Constant):00145         routine_quaternary            equ 33          ; index of current quaternary routine
                      (./Engine/Constant):00146         
                      (./Engine/Constant):00147         * ---------------------------------------------------------------------------
                      (./Engine/Constant):00148         * reserved variables (update by engine)
                      (./Engine/Constant):00149         
     0022             (./Engine/Constant):00150         rsv_render_flags              equ 34
                      (./Engine/Constant):00151         
                      (./Engine/Constant):00152         * --- rsv_render_flags bitfield variables ---
     0001             (./Engine/Constant):00153         rsv_render_checkrefresh_mask  equ $01 ; (bit 0) if erasesprite and display sprite flag are processed for this frame
     0002             (./Engine/Constant):00154         rsv_render_erasesprite_mask   equ $02 ; (bit 1) if a sprite need to be cleared on screen
     0004             (./Engine/Constant):00155         rsv_render_displaysprite_mask equ $04 ; (bit 2) if a sprite need to be rendered on screen
     0008             (./Engine/Constant):00156         rsv_render_outofrange_mask    equ $08 ; (bit 3) if a sprite is out of range for full rendering in screen
     0080             (./Engine/Constant):00157         rsv_render_onscreen_mask      equ $80 ; (bit 7) DEPENDENCY should be bit 7 - has been rendered on last screen buffer (may be 0 or 1)
                      (./Engine/Constant):00158         
     0023             (./Engine/Constant):00159         rsv_prev_anim                 equ 35 ; and 36 ; reference to previous animation (Ani_) w * UTILE ?
     0025             (./Engine/Constant):00160         rsv_image_center_offset       equ 37 ; 0 or 1 offset that indicate if image center is even or odd (DRS_XYToAddress)
     0026             (./Engine/Constant):00161         rsv_image_subset              equ 38 ; and 39 ; reference to current image regarding mirror flags w
     0028             (./Engine/Constant):00162         rsv_mapping_frame             equ 40 ; and 41 ; reference to current image regarding mirror flags, overlay flag and x precision w
     002A             (./Engine/Constant):00163         rsv_erase_nb_cell             equ 42 ; b 
     002B             (./Engine/Constant):00164         rsv_page_draw_routine         equ 43 ; b
     002C             (./Engine/Constant):00165         rsv_draw_routine              equ 44 ; and 45 ; w
     002E             (./Engine/Constant):00166         rsv_page_erase_routine        equ 46 ; b
     002F             (./Engine/Constant):00167         rsv_erase_routine             equ 47 ; and 48 ; w 
     0031             (./Engine/Constant):00168         rsv_xy1_pixel                 equ 49 ;
     0031             (./Engine/Constant):00169         rsv_x1_pixel                  equ 49 ; x+x_offset-(x_size/2) screen coordinate
     0032             (./Engine/Constant):00170         rsv_y1_pixel                  equ 50 ; y+y_offset-(y_size/2) screen coordinate, must follow rsv_x1_pixel
     0033             (./Engine/Constant):00171         rsv_xy2_pixel                 equ 51 ;
     0033             (./Engine/Constant):00172         rsv_x2_pixel                  equ 51 ; x+x_offset+(x_size/2) screen coordinate
     0034             (./Engine/Constant):00173         rsv_y2_pixel                  equ 52 ; y+y_offset+(y_size/2) screen coordinate, must follow rsv_x2_pixel
                      (./Engine/Constant):00174         
                      (./Engine/Constant):00175         * ---------------------------------------------------------------------------
                      (./Engine/Constant):00176         * reserved variables (engine) - buffer specific
                      (./Engine/Constant):00177         
     0035             (./Engine/Constant):00178         rsv_buffer_0                  equ 53 ; Start index of buffer 0 variables
     0035             (./Engine/Constant):00179         rsv_priority_0                equ 53 ; internal value that hold priority in video buffer 0
     0036             (./Engine/Constant):00180         rsv_priority_prev_obj_0       equ 54 ; and 55 ; previous object (OST address) in display priority list for video buffer 0 (0000 if none) w
     0038             (./Engine/Constant):00181         rsv_priority_next_obj_0       equ 56 ; and 57 ; next object (OST address) in display priority list for video buffer 0 (0000 if none) w
     003A             (./Engine/Constant):00182         rsv_prev_mapping_frame_0      equ 58 ; and 59 ; reference to previous image in video buffer 0 w
     003C             (./Engine/Constant):00183         rsv_prev_erase_nb_cell_0      equ 60 : b
     003D             (./Engine/Constant):00184         rsv_prev_page_erase_routine_0 equ 61 ; b
     003E             (./Engine/Constant):00185         rsv_prev_erase_routine_0      equ 62 ; and 63 ; w
     0040             (./Engine/Constant):00186         rsv_bgdata_0                  equ 64 ; and 65 ; address of background data in screen 0 w
     0042             (./Engine/Constant):00187         rsv_prev_xy_pixel_0           equ 66 ;
     0042             (./Engine/Constant):00188         rsv_prev_x_pixel_0            equ 66 ; previous x screen coordinate b
     0043             (./Engine/Constant):00189         rsv_prev_y_pixel_0            equ 67 ; previous y screen coordinate b, must follow x_pixel
     0044             (./Engine/Constant):00190         rsv_prev_xy1_pixel_0          equ 68 ;
     0044             (./Engine/Constant):00191         rsv_prev_x1_pixel_0           equ 68 ; previous x+x_offset-(x_size/2) screen coordinate b
     0045             (./Engine/Constant):00192         rsv_prev_y1_pixel_0           equ 69 ; previous y+y_offset-(y_size/2) screen coordinate b, must follow x1_pixel
     0046             (./Engine/Constant):00193         rsv_prev_xy2_pixel_0          equ 70 ;
     0046             (./Engine/Constant):00194         rsv_prev_x2_pixel_0           equ 70 ; previous x+x_offset+(x_size/2) screen coordinate b
     0047             (./Engine/Constant):00195         rsv_prev_y2_pixel_0           equ 71 ; previous y+y_offset+(y_size/2) screen coordinate b, must follow x2_pixel
     0048             (./Engine/Constant):00196         rsv_prev_render_flags_0       equ 72 ;
                      (./Engine/Constant):00197         * --- rsv_prev_render_flags_0 bitfield variables ---
     0001             (./Engine/Constant):00198         rsv_prev_render_overlay_mask  equ $01 ; (bit 0) if a sprite has been rendered with compilated sprite and no background save on screen buffer 0/1
     0080             (./Engine/Constant):00199         rsv_prev_render_onscreen_mask equ $80 ; (bit 7) DEPENDENCY should be bit 7 - has been rendered on screen buffer 0/1
                      (./Engine/Constant):00200         
     0049             (./Engine/Constant):00201         rsv_buffer_1                  equ 73 ; Start index of buffer 1 variables
     0049             (./Engine/Constant):00202         rsv_priority_1                equ 73 ; internal value that hold priority in video buffer 1
     004A             (./Engine/Constant):00203         rsv_priority_prev_obj_1       equ 74 ; and 75 ; previous object (OST address) in display priority list for video buffer 1 (0000 if none) w
     004C             (./Engine/Constant):00204         rsv_priority_next_obj_1       equ 76 ; and 77 ; next object (OST address) in display priority list for video buffer 1 (0000 if none) w
     004E             (./Engine/Constant):00205         rsv_prev_mapping_frame_1      equ 78 ; and 79 ; reference to previous image in video buffer 1 w
     0050             (./Engine/Constant):00206         rsv_prev_erase_nb_cell_1      equ 80 ; b
     0051             (./Engine/Constant):00207         rsv_prev_page_erase_routine_1 equ 81 ; b
     0052             (./Engine/Constant):00208         rsv_prev_erase_routine_1      equ 82 ; and 83 ; w
     0054             (./Engine/Constant):00209         rsv_bgdata_1                  equ 84 ; and 85 ; address of background data in screen 1 w
     0056             (./Engine/Constant):00210         rsv_prev_xy_pixel_1           equ 86 ;
     0056             (./Engine/Constant):00211         rsv_prev_x_pixel_1            equ 86 ; previous x screen coordinate b
     0057             (./Engine/Constant):00212         rsv_prev_y_pixel_1            equ 87 ; previous y screen coordinate b, must follow x_pixel
     0058             (./Engine/Constant):00213         rsv_prev_xy1_pixel_1          equ 88 ;
     0058             (./Engine/Constant):00214         rsv_prev_x1_pixel_1           equ 88 ; previous x+x_size screen coordinate b
     0059             (./Engine/Constant):00215         rsv_prev_y1_pixel_1           equ 89 ; previous y+y_size screen coordinate b, must follow x_pixel
     005A             (./Engine/Constant):00216         rsv_prev_xy2_pixel_1          equ 90 ;
     005A             (./Engine/Constant):00217         rsv_prev_x2_pixel_1           equ 90 ; previous x+x_size screen coordinate b
     005B             (./Engine/Constant):00218         rsv_prev_y2_pixel_1           equ 91 ; previous y+y_size screen coordinate b, must follow x_pixel
     005C             (./Engine/Constant):00219         rsv_prev_render_flags_1       equ 92 ;
                      (./Engine/Constant):00220         
     0000             (./Engine/Constant):00221         buf_priority                  equ 0  ; offset for each rsv_buffer variables
     0001             (./Engine/Constant):00222         buf_priority_prev_obj         equ 1  ;
     0003             (./Engine/Constant):00223         buf_priority_next_obj         equ 3  ;
     0005             (./Engine/Constant):00224         buf_prev_mapping_frame        equ 5  ;
     0007             (./Engine/Constant):00225         buf_erase_nb_cell             equ 7  ;
     0008             (./Engine/Constant):00226         buf_page_erase_routine        equ 8 ;
     0009             (./Engine/Constant):00227         buf_erase_routine             equ 9 ;
     000B             (./Engine/Constant):00228         buf_bgdata                    equ 11 ;
     000D             (./Engine/Constant):00229         buf_prev_xy_pixel             equ 13 ;
     000D             (./Engine/Constant):00230         buf_prev_x_pixel              equ 13 ;
     000E             (./Engine/Constant):00231         buf_prev_y_pixel              equ 14 ;
     000F             (./Engine/Constant):00232         buf_prev_xy1_pixel            equ 15 ;
     000F             (./Engine/Constant):00233         buf_prev_x1_pixel             equ 15 ;
     0010             (./Engine/Constant):00234         buf_prev_y1_pixel             equ 16 ;
     0011             (./Engine/Constant):00235         buf_prev_xy2_pixel            equ 17 ;
     0011             (./Engine/Constant):00236         buf_prev_x2_pixel             equ 17 ;
     0012             (./Engine/Constant):00237         buf_prev_y2_pixel             equ 18 ;
     0013             (./Engine/Constant):00238         buf_prev_render_flags         equ 19 ;
                      (./generated-code/):00002                 ORG $A000
     FF               (./generated-code/):00003                 SETDP $FF
                      (./generated-code/):00004                 OPT C,CT
A000                  (./generated-code/):00005                 DRAW_Tls_EHZ_161
                      (./generated-code/):00006                 
A000 D7E6             (./generated-code/):00007 [4]     4               stb   <glb_alphaTiles
A002 33C901E1         (./generated-code/):00008 [8]     12              LEAU 481,U
                      (./generated-code/):00009                 
A006 ECC877           (./generated-code/):00010 [6]     18              LDD 119,U
A009 84F0             (./generated-code/):00011 [2]     20              ANDA #$F0
A00B C4F0             (./generated-code/):00012 [2]     22              ANDB #$F0
A00D C30D0D           (./generated-code/):00013 [4]     26              ADDD #$0d0d
A010 EDC877           (./generated-code/):00014 [6]     32              STD 119,U
A013 ECC84F           (./generated-code/):00015 [6]     38              LDD 79,U
A016 84F0             (./generated-code/):00016 [2]     40              ANDA #$F0
A018 C4F0             (./generated-code/):00017 [2]     42              ANDB #$F0
A01A C30708           (./generated-code/):00018 [4]     46              ADDD #$0708
A01D EDC84F           (./generated-code/):00019 [6]     52              STD 79,U
A020 ECC827           (./generated-code/):00020 [6]     58              LDD 39,U
A023 840F             (./generated-code/):00021 [2]     60              ANDA #$0F
A025 C40F             (./generated-code/):00022 [2]     62              ANDB #$0F
A027 C3D0D0           (./generated-code/):00023 [4]     66              ADDD #$d0d0
A02A EDC827           (./generated-code/):00024 [6]     72              STD 39,U
A02D EC5F             (./generated-code/):00025 [6]     78              LDD -1,U
A02F 840F             (./generated-code/):00026 [2]     80              ANDA #$0F
A031 C40F             (./generated-code/):00027 [2]     82              ANDB #$0F
A033 C37080           (./generated-code/):00028 [4]     86              ADDD #$7080
A036 ED5F             (./generated-code/):00029 [6]     92              STD -1,U
A038 ECC8D7           (./generated-code/):00030 [6]     98              LDD -41,U
A03B 84F0             (./generated-code/):00031 [2]     100             ANDA #$F0
A03D C4F0             (./generated-code/):00032 [2]     102             ANDB #$F0
A03F C30D0D           (./generated-code/):00033 [4]     106             ADDD #$0d0d
A042 EDC8D7           (./generated-code/):00034 [6]     112             STD -41,U
A045 ECC8AF           (./generated-code/):00035 [6]     118             LDD -81,U
A048 84F0             (./generated-code/):00036 [2]     120             ANDA #$F0
A04A C4F0             (./generated-code/):00037 [2]     122             ANDB #$F0
A04C C30708           (./generated-code/):00038 [4]     126             ADDD #$0708
A04F EDC8AF           (./generated-code/):00039 [6]     132             STD -81,U
A052 ECC887           (./generated-code/):00040 [6]     138             LDD -121,U
A055 840F             (./generated-code/):00041 [2]     140             ANDA #$0F
A057 C40F             (./generated-code/):00042 [2]     142             ANDB #$0F
A059 C3D0D0           (./generated-code/):00043 [4]     146             ADDD #$d0d0
A05C EDC887           (./generated-code/):00044 [6]     152             STD -121,U
A05F 33C9FEE8         (./generated-code/):00045 [8]     160             LEAU -280,U
                      (./generated-code/):00046                 
A063 ECC877           (./generated-code/):00047 [6]     166             LDD 119,U
A066 840F             (./generated-code/):00048 [2]     168             ANDA #$0F
A068 C40F             (./generated-code/):00049 [2]     170             ANDB #$0F
A06A C37080           (./generated-code/):00050 [4]     174             ADDD #$7080
A06D EDC877           (./generated-code/):00051 [6]     180             STD 119,U
A070 ECC84F           (./generated-code/):00052 [6]     186             LDD 79,U
A073 84F0             (./generated-code/):00053 [2]     188             ANDA #$F0
A075 C4F0             (./generated-code/):00054 [2]     190             ANDB #$F0
A077 C30D0D           (./generated-code/):00055 [4]     194             ADDD #$0d0d
A07A EDC84F           (./generated-code/):00056 [6]     200             STD 79,U
A07D ECC827           (./generated-code/):00057 [6]     206             LDD 39,U
A080 84F0             (./generated-code/):00058 [2]     208             ANDA #$F0
A082 C4F0             (./generated-code/):00059 [2]     210             ANDB #$F0
A084 C30708           (./generated-code/):00060 [4]     214             ADDD #$0708
A087 EDC827           (./generated-code/):00061 [6]     220             STD 39,U
A08A EC5F             (./generated-code/):00062 [6]     226             LDD -1,U
A08C 840F             (./generated-code/):00063 [2]     228             ANDA #$0F
A08E C40F             (./generated-code/):00064 [2]     230             ANDB #$0F
A090 C3D0D0           (./generated-code/):00065 [4]     234             ADDD #$d0d0
A093 ED5F             (./generated-code/):00066 [6]     240             STD -1,U
A095 ECC8D7           (./generated-code/):00067 [6]     246             LDD -41,U
A098 840F             (./generated-code/):00068 [2]     248             ANDA #$0F
A09A C40F             (./generated-code/):00069 [2]     250             ANDB #$0F
A09C C37080           (./generated-code/):00070 [4]     254             ADDD #$7080
A09F EDC8D7           (./generated-code/):00071 [6]     260             STD -41,U
A0A2 ECC8AF           (./generated-code/):00072 [6]     266             LDD -81,U
A0A5 84F0             (./generated-code/):00073 [2]     268             ANDA #$F0
A0A7 C4F0             (./generated-code/):00074 [2]     270             ANDB #$F0
A0A9 C30D0D           (./generated-code/):00075 [4]     274             ADDD #$0d0d
A0AC EDC8AF           (./generated-code/):00076 [6]     280             STD -81,U
A0AF ECC887           (./generated-code/):00077 [6]     286             LDD -121,U
A0B2 84F0             (./generated-code/):00078 [2]     288             ANDA #$F0
A0B4 C4F0             (./generated-code/):00079 [2]     290             ANDB #$F0
A0B6 C30708           (./generated-code/):00080 [4]     294             ADDD #$0708
A0B9 EDC887           (./generated-code/):00081 [6]     300             STD -121,U
A0BC 33C9FF4C         (./generated-code/):00082 [8]     308             LEAU -180,U
                      (./generated-code/):00083                 
A0C0 ECC813           (./generated-code/):00084 [6]     314             LDD 19,U
A0C3 840F             (./generated-code/):00085 [2]     316             ANDA #$0F
A0C5 C40F             (./generated-code/):00086 [2]     318             ANDB #$0F
A0C7 C3D0D0           (./generated-code/):00087 [4]     322             ADDD #$d0d0
A0CA EDC813           (./generated-code/):00088 [6]     328             STD 19,U
A0CD ECC8EB           (./generated-code/):00089 [6]     334             LDD -21,U
A0D0 840F             (./generated-code/):00090 [2]     336             ANDA #$0F
A0D2 C40F             (./generated-code/):00091 [2]     338             ANDB #$0F
A0D4 C37070           (./generated-code/):00092 [4]     342             ADDD #$7070
A0D7 EDC8EB           (./generated-code/):00093 [6]     348             STD -21,U
                      (./generated-code/):00094                 
A0DA DEFC             (./generated-code/):00095 [5]     353             LDU <glb_screen_location_1
A0DC 33C901E1         (./generated-code/):00096 [8]     361             LEAU 481,U
                      (./generated-code/):00097                 
A0E0 ECC877           (./generated-code/):00098 [6]     367             LDD 119,U
A0E3 84F0             (./generated-code/):00099 [2]     369             ANDA #$F0
A0E5 C4F0             (./generated-code/):00100 [2]     371             ANDB #$F0
A0E7 C30D0D           (./generated-code/):00101 [4]     375             ADDD #$0d0d
A0EA EDC877           (./generated-code/):00102 [6]     381             STD 119,U
A0ED ECC84F           (./generated-code/):00103 [6]     387             LDD 79,U
A0F0 84F0             (./generated-code/):00104 [2]     389             ANDA #$F0
A0F2 C4F0             (./generated-code/):00105 [2]     391             ANDB #$F0
A0F4 C30708           (./generated-code/):00106 [4]     395             ADDD #$0708
A0F7 EDC84F           (./generated-code/):00107 [6]     401             STD 79,U
A0FA ECC827           (./generated-code/):00108 [6]     407             LDD 39,U
A0FD 840F             (./generated-code/):00109 [2]     409             ANDA #$0F
A0FF C40F             (./generated-code/):00110 [2]     411             ANDB #$0F
A101 C3D0D0           (./generated-code/):00111 [4]     415             ADDD #$d0d0
A104 EDC827           (./generated-code/):00112 [6]     421             STD 39,U
A107 EC5F             (./generated-code/):00113 [6]     427             LDD -1,U
A109 840F             (./generated-code/):00114 [2]     429             ANDA #$0F
A10B C40F             (./generated-code/):00115 [2]     431             ANDB #$0F
A10D C37080           (./generated-code/):00116 [4]     435             ADDD #$7080
A110 ED5F             (./generated-code/):00117 [6]     441             STD -1,U
A112 ECC8D7           (./generated-code/):00118 [6]     447             LDD -41,U
A115 84F0             (./generated-code/):00119 [2]     449             ANDA #$F0
A117 C4F0             (./generated-code/):00120 [2]     451             ANDB #$F0
A119 C30D0D           (./generated-code/):00121 [4]     455             ADDD #$0d0d
A11C EDC8D7           (./generated-code/):00122 [6]     461             STD -41,U
A11F ECC8AF           (./generated-code/):00123 [6]     467             LDD -81,U
A122 84F0             (./generated-code/):00124 [2]     469             ANDA #$F0
A124 C4F0             (./generated-code/):00125 [2]     471             ANDB #$F0
A126 C30708           (./generated-code/):00126 [4]     475             ADDD #$0708
A129 EDC8AF           (./generated-code/):00127 [6]     481             STD -81,U
A12C ECC887           (./generated-code/):00128 [6]     487             LDD -121,U
A12F 840F             (./generated-code/):00129 [2]     489             ANDA #$0F
A131 C40F             (./generated-code/):00130 [2]     491             ANDB #$0F
A133 C3D0D0           (./generated-code/):00131 [4]     495             ADDD #$d0d0
A136 EDC887           (./generated-code/):00132 [6]     501             STD -121,U
A139 33C9FEE8         (./generated-code/):00133 [8]     509             LEAU -280,U
                      (./generated-code/):00134                 
A13D ECC877           (./generated-code/):00135 [6]     515             LDD 119,U
A140 840F             (./generated-code/):00136 [2]     517             ANDA #$0F
A142 C40F             (./generated-code/):00137 [2]     519             ANDB #$0F
A144 C38070           (./generated-code/):00138 [4]     523             ADDD #$8070
A147 EDC877           (./generated-code/):00139 [6]     529             STD 119,U
A14A ECC84F           (./generated-code/):00140 [6]     535             LDD 79,U
A14D 84F0             (./generated-code/):00141 [2]     537             ANDA #$F0
A14F C4F0             (./generated-code/):00142 [2]     539             ANDB #$F0
A151 C30D0D           (./generated-code/):00143 [4]     543             ADDD #$0d0d
A154 EDC84F           (./generated-code/):00144 [6]     549             STD 79,U
A157 ECC827           (./generated-code/):00145 [6]     555             LDD 39,U
A15A 84F0             (./generated-code/):00146 [2]     557             ANDA #$F0
A15C C4F0             (./generated-code/):00147 [2]     559             ANDB #$F0
A15E C30808           (./generated-code/):00148 [4]     563             ADDD #$0808
A161 EDC827           (./generated-code/):00149 [6]     569             STD 39,U
A164 EC5F             (./generated-code/):00150 [6]     575             LDD -1,U
A166 840F             (./generated-code/):00151 [2]     577             ANDA #$0F
A168 C40F             (./generated-code/):00152 [2]     579             ANDB #$0F
A16A C3D0D0           (./generated-code/):00153 [4]     583             ADDD #$d0d0
A16D ED5F             (./generated-code/):00154 [6]     589             STD -1,U
A16F ECC8D7           (./generated-code/):00155 [6]     595             LDD -41,U
A172 840F             (./generated-code/):00156 [2]     597             ANDA #$0F
A174 C40F             (./generated-code/):00157 [2]     599             ANDB #$0F
A176 C38080           (./generated-code/):00158 [4]     603             ADDD #$8080
A179 EDC8D7           (./generated-code/):00159 [6]     609             STD -41,U
A17C ECC8AF           (./generated-code/):00160 [6]     615             LDD -81,U
A17F 84F0             (./generated-code/):00161 [2]     617             ANDA #$F0
A181 C4F0             (./generated-code/):00162 [2]     619             ANDB #$F0
A183 C30D0D           (./generated-code/):00163 [4]     623             ADDD #$0d0d
A186 EDC8AF           (./generated-code/):00164 [6]     629             STD -81,U
A189 ECC887           (./generated-code/):00165 [6]     635             LDD -121,U
A18C 84F0             (./generated-code/):00166 [2]     637             ANDA #$F0
A18E C4F0             (./generated-code/):00167 [2]     639             ANDB #$F0
A190 C30708           (./generated-code/):00168 [4]     643             ADDD #$0708
A193 EDC887           (./generated-code/):00169 [6]     649             STD -121,U
A196 33C9FF4C         (./generated-code/):00170 [8]     657             LEAU -180,U
                      (./generated-code/):00171                 
A19A ECC813           (./generated-code/):00172 [6]     663             LDD 19,U
A19D 840F             (./generated-code/):00173 [2]     665             ANDA #$0F
A19F C40F             (./generated-code/):00174 [2]     667             ANDB #$0F
A1A1 C3D0D0           (./generated-code/):00175 [4]     671             ADDD #$d0d0
A1A4 EDC813           (./generated-code/):00176 [6]     677             STD 19,U
A1A7 ECC8EB           (./generated-code/):00177 [6]     683             LDD -21,U
A1AA 840F             (./generated-code/):00178 [2]     685             ANDA #$0F
A1AC C40F             (./generated-code/):00179 [2]     687             ANDB #$0F
A1AE C37070           (./generated-code/):00180 [4]     691             ADDD #$7070
A1B1 EDC8EB           (./generated-code/):00181 [6]     697             STD -21,U
A1B4 39               (./generated-code/):00182 [5]     702             RTS
                      (./generated-code/):00183                 
