                      (./generated-code/):00001                 INCLUDE "./Engine/Constants.asm"
                      (./Engine/Constant):00001         * ---------------------------------------------------------------------------
                      (./Engine/Constant):00002         * Constants
                      (./Engine/Constant):00003         *
                      (./Engine/Constant):00004         * Naming convention
                      (./Engine/Constant):00005         * -----------------
                      (./Engine/Constant):00006         * - lower case
                      (./Engine/Constant):00007         * - underscore-separated names
                      (./Engine/Constant):00008         *
                      (./Engine/Constant):00009         * ---------------------------------------------------------------------------
                      (./Engine/Constant):00010         
                      (./Engine/Constant):00011         * ===========================================================================
                      (./Engine/Constant):00012         * TO8 Registers
                      (./Engine/Constant):00013         * ===========================================================================
                      (./Engine/Constant):00014         
                      (./Engine/Constant):00015         ; Disk routine registers (ROM)
                      (./Engine/Constant):00016         
     6049             (./Engine/Constant):00017         dk_drive                      equ $6049
     604A             (./Engine/Constant):00018         dk_track                      equ $604A
     604B             (./Engine/Constant):00019         dk_track_lsb                  equ $604B
     604C             (./Engine/Constant):00020         dk_sector                     equ $604C
     604F             (./Engine/Constant):00021         dk_write_location             equ $604F
                      (./Engine/Constant):00022         
                      (./Engine/Constant):00023         * ===========================================================================
                      (./Engine/Constant):00024         * Globals
                      (./Engine/Constant):00025         * ===========================================================================
                      (./Engine/Constant):00026         
     009F             (./Engine/Constant):00027         glb_direct_page               equ $9F    ; direct page for globals
                      (./Engine/Constant):00028         
                      (./Engine/Constant):00029         ; compilated sprite
     9FFE             (./Engine/Constant):00030         glb_register_s                equ $9FFE  ; reverved space to store S from ROM routines
                      (./Engine/Constant):00031         
                      (./Engine/Constant):00032         ; DrawSprites
     9FFC             (./Engine/Constant):00033         glb_screen_location_1         equ $9FFC  ; start address for rendering of current sprite Part1     
     9FFA             (./Engine/Constant):00034         glb_screen_location_2         equ $9FFA  ; start address for rendering of current sprite Part2 (Must follow Part1)
                      (./Engine/Constant):00035         
                      (./Engine/Constant):00036         ; CheckSpritesRefresh
     9FF9             (./Engine/Constant):00037         glb_cur_priority              equ $9FF9
     9FF7             (./Engine/Constant):00038         glb_cur_ptr_sub_obj_erase     equ $9FF7
     9FF5             (./Engine/Constant):00039         glb_cur_ptr_sub_obj_draw      equ $9FF5
     9FF3             (./Engine/Constant):00040         glb_camera_x_pos              equ $9FF3 ; camera x position in palyfield coordinates
     9FF1             (./Engine/Constant):00041         glb_camera_y_pos              equ $9FF1 ; camera y position in palyfield coordinates
     9FEF             (./Engine/Constant):00042         glb_camera_x_min_pos          equ $9FEF
     9FED             (./Engine/Constant):00043         glb_camera_y_min_pos          equ $9FED
     9FEB             (./Engine/Constant):00044         glb_camera_x_max_pos          equ $9FEB
     9FE9             (./Engine/Constant):00045         glb_camera_y_max_pos          equ $9FE9
     9FE8             (./Engine/Constant):00046         glb_force_sprite_refresh      equ $9FE8
     9FE7             (./Engine/Constant):00047         glb_camera_move               equ $9FE7
     9FE6             (./Engine/Constant):00048         glb_alphaTiles                equ $9FE6
     9F00             (./Engine/Constant):00049         glb_tmp_var                   equ $9F00 ; custom tmp var space for routine
     9F00             (./Engine/Constant):00050         glb_system_stack              equ $9F00
                      (./Engine/Constant):00051         
                      (./Engine/Constant):00052         * ===========================================================================
                      (./Engine/Constant):00053         * Display Constants
                      (./Engine/Constant):00054         * ===========================================================================
                      (./Engine/Constant):00055         
     00A0             (./Engine/Constant):00056         screen_width                  equ 160    ; in pixel
     001C             (./Engine/Constant):00057         screen_top                    equ 28     ; in pixel
     00E3             (./Engine/Constant):00058         screen_bottom                 equ 28+199 ; in pixel
     0030             (./Engine/Constant):00059         screen_left                   equ 48     ; in pixel
     00CF             (./Engine/Constant):00060         screen_right                  equ 48+159 ; in pixel
     0008             (./Engine/Constant):00061         nb_priority_levels            equ 8      ; number of priority levels (need code change if modified)
                      (./Engine/Constant):00062         
                      (./Engine/Constant):00063         * ===========================================================================
                      (./Engine/Constant):00064         * Images Constants
                      (./Engine/Constant):00065         * ===========================================================================
                      (./Engine/Constant):00066         
     0004             (./Engine/Constant):00067         image_x_size                  equ 4
     0005             (./Engine/Constant):00068         image_y_size                  equ 5
     0006             (./Engine/Constant):00069         image_center_offset           equ 6
                      (./Engine/Constant):00070         
     0004             (./Engine/Constant):00071         image_subset_x1_offset        equ 4
     0005             (./Engine/Constant):00072         image_subset_y1_offset        equ 5
                      (./Engine/Constant):00073         
     0000             (./Engine/Constant):00074         page_draw_routine             equ 0
     0001             (./Engine/Constant):00075         draw_routine                  equ 1
     0003             (./Engine/Constant):00076         page_erase_routine            equ 3
     0004             (./Engine/Constant):00077         erase_routine                 equ 4
     0006             (./Engine/Constant):00078         erase_nb_cell                 equ 6
                      (./Engine/Constant):00079         
                      (./Engine/Constant):00080         * ===========================================================================
                      (./Engine/Constant):00081         * Sound Constants
                      (./Engine/Constant):00082         * ===========================================================================
                      (./Engine/Constant):00083         
     0000             (./Engine/Constant):00084         sound_page        equ 0
     0001             (./Engine/Constant):00085         sound_start_addr  equ 1
     0003             (./Engine/Constant):00086         sound_end_addr    equ 3
     0005             (./Engine/Constant):00087         sound_meta_size   equ 5
                      (./Engine/Constant):00088         
                      (./Engine/Constant):00089         * ===========================================================================
                      (./Engine/Constant):00090         * Object Constants
                      (./Engine/Constant):00091         * ===========================================================================
                      (./Engine/Constant):00092         
     005D             (./Engine/Constant):00093         object_core_size              equ 93  ; the size of an object without ext_vars - DEPENDENCY ClearObj routine
     ????             (./Engine/Constant):00094         object_size                   equ object_core_size+ext_variables_size ; the size of a dynamic object
     ????             (./Engine/Constant):00095         next_object                   equ object_size
     005D             (./Engine/Constant):00096         ext_variables                 equ object_core_size ; start of reserved space for additionnal variables
                      (./Engine/Constant):00097         
     0000             (./Engine/Constant):00098         id                            equ 0           ; reference to object model id (ObjID_) (0: free slot)
     0001             (./Engine/Constant):00099         subtype                       equ 1           ; reference to object subtype (Sub_)
     0002             (./Engine/Constant):00100         render_flags                  equ 2
                      (./Engine/Constant):00101         
                      (./Engine/Constant):00102         * --- render_flags bitfield variables ---
     0001             (./Engine/Constant):00103         render_xmirror_mask           equ $01 ; (bit 0) DEPENDENCY should be bit 0 - tell display engine to mirror sprite on horizontal axis
     0002             (./Engine/Constant):00104         render_ymirror_mask           equ $02 ; (bit 1) DEPENDENCY should be bit 1 - tell display engine to mirror sprite on vertical axis
     0004             (./Engine/Constant):00105         render_overlay_mask           equ $04 ; (bit 2) DEPENDENCY should be bit 2 - compilated sprite with no background save
     0008             (./Engine/Constant):00106         render_motionless_mask        equ $08 ; (bit 3) tell display engine to compute sub image and position check only once until the flag is removed  
     0010             (./Engine/Constant):00107         render_playfieldcoord_mask    equ $10 ; (bit 4) tell display engine to use playfield (1) or screen (0) coordinates
     0020             (./Engine/Constant):00108         render_hide_mask              equ $20 ; (bit 5) tell display engine to hide sprite (keep priority and mapping_frame)
     0040             (./Engine/Constant):00109         render_todelete_mask          equ $40 ; (bit 6) tell display engine to delete sprite and clear OST for this object
     0080             (./Engine/Constant):00110         render_xloop_mask             equ $80 ; (bit 7) (screen coordinate) tell display engine to hide sprite when x is out of screen (0) or to display (1)  
                      (./Engine/Constant):00111          
     0003             (./Engine/Constant):00112         priority                      equ 3           ; display priority (0: nothing to display, 1:front, ..., 8:back)
     0004             (./Engine/Constant):00113         anim                          equ 4  ; and 5  ; reference to current animation (Ani_)
     0006             (./Engine/Constant):00114         prev_anim                     equ 6  ; and 7  ; reference to previous animation (Ani_)
     0008             (./Engine/Constant):00115         anim_frame                    equ 8           ; index of current frame in animation
     0009             (./Engine/Constant):00116         anim_frame_duration           equ 9           ; number of frames for each image in animation, range: 00-7F (0-127), 0 means display only during one frame
     000A             (./Engine/Constant):00117         anim_flags                    equ 10          ; byte offset to reference an anim_flags LUT (adv) / store a link flag (non adv)
                      (./Engine/Constant):00118         
                      (./Engine/Constant):00119         * --- anim_flags bitfield variables ---
     0001             (./Engine/Constant):00120         anim_link_mask                equ $01 ; (bit 0) if set, allow the load of a new animation without reseting anim_frame and anim_frame_duration
                      (./Engine/Constant):00121         
     000B             (./Engine/Constant):00122         status_flags                  equ 11          ; orientation of sprite, is applied to animation xmirror flag during AnimateSprite
                      (./Engine/Constant):00123         
                      (./Engine/Constant):00124         * --- status_flags bitfield variables ---
     0001             (./Engine/Constant):00125         status_xflip_mask             equ $01 ; (bit 0) X Flip
     0002             (./Engine/Constant):00126         status_yflip_mask             equ $02 ; (bit 1) Y Flip
                      (./Engine/Constant):00127         
     000C             (./Engine/Constant):00128         image_set                     equ 12 ; and 13 ; reference to current image (Img_) (0000 if no image)
     000E             (./Engine/Constant):00129         x_pos                         equ 14 ; and 15 ; x playfield coordinate
     0010             (./Engine/Constant):00130         x_sub                         equ 16          ; x subpixel (1/256 of a pixel), must follow x_pos in data structure
     0011             (./Engine/Constant):00131         y_pos                         equ 17 ; and 18 ; y playfield coordinate
     0013             (./Engine/Constant):00132         y_sub                         equ 19          ; y subpixel (1/256 of a pixel), must follow y_pos in data structure
     0014             (./Engine/Constant):00133         xy_pixel                      equ 20          ; x and y screen coordinate
     0014             (./Engine/Constant):00134         x_pixel                       equ 20          ; x screen coordinate
     0015             (./Engine/Constant):00135         y_pixel                       equ 21          ; y screen coordinate, must follow x_pixel
                      (./Engine/Constant):00136         ;x_offset                      equ 93          ; x screen coordinate offset that is applied at rendering
                      (./Engine/Constant):00137         ;y_offset                      equ 94          ; x screen coordinate offset that is applied at rendering
     0016             (./Engine/Constant):00138         x_vel                         equ 22 ; and 23 ; horizontal velocity
     0018             (./Engine/Constant):00139         y_vel                         equ 24 ; and 25 ; vertical velocity
     001A             (./Engine/Constant):00140         x_acl                         equ 26 ; and 27 ; horizontal gravity
     001C             (./Engine/Constant):00141         y_acl                         equ 28 ; and 29 ; vertical gravity
     001E             (./Engine/Constant):00142         routine                       equ 30          ; index of current object routine
     001F             (./Engine/Constant):00143         routine_secondary             equ 31          ; index of current secondary routine
     0020             (./Engine/Constant):00144         routine_tertiary              equ 32          ; index of current tertiary routine
     0021             (./Engine/Constant):00145         routine_quaternary            equ 33          ; index of current quaternary routine
                      (./Engine/Constant):00146         
                      (./Engine/Constant):00147         * ---------------------------------------------------------------------------
                      (./Engine/Constant):00148         * reserved variables (update by engine)
                      (./Engine/Constant):00149         
     0022             (./Engine/Constant):00150         rsv_render_flags              equ 34
                      (./Engine/Constant):00151         
                      (./Engine/Constant):00152         * --- rsv_render_flags bitfield variables ---
     0001             (./Engine/Constant):00153         rsv_render_checkrefresh_mask  equ $01 ; (bit 0) if erasesprite and display sprite flag are processed for this frame
     0002             (./Engine/Constant):00154         rsv_render_erasesprite_mask   equ $02 ; (bit 1) if a sprite need to be cleared on screen
     0004             (./Engine/Constant):00155         rsv_render_displaysprite_mask equ $04 ; (bit 2) if a sprite need to be rendered on screen
     0008             (./Engine/Constant):00156         rsv_render_outofrange_mask    equ $08 ; (bit 3) if a sprite is out of range for full rendering in screen
     0080             (./Engine/Constant):00157         rsv_render_onscreen_mask      equ $80 ; (bit 7) DEPENDENCY should be bit 7 - has been rendered on last screen buffer (may be 0 or 1)
                      (./Engine/Constant):00158         
     0023             (./Engine/Constant):00159         rsv_prev_anim                 equ 35 ; and 36 ; reference to previous animation (Ani_) w * UTILE ?
     0025             (./Engine/Constant):00160         rsv_image_center_offset       equ 37 ; 0 or 1 offset that indicate if image center is even or odd (DRS_XYToAddress)
     0026             (./Engine/Constant):00161         rsv_image_subset              equ 38 ; and 39 ; reference to current image regarding mirror flags w
     0028             (./Engine/Constant):00162         rsv_mapping_frame             equ 40 ; and 41 ; reference to current image regarding mirror flags, overlay flag and x precision w
     002A             (./Engine/Constant):00163         rsv_erase_nb_cell             equ 42 ; b 
     002B             (./Engine/Constant):00164         rsv_page_draw_routine         equ 43 ; b
     002C             (./Engine/Constant):00165         rsv_draw_routine              equ 44 ; and 45 ; w
     002E             (./Engine/Constant):00166         rsv_page_erase_routine        equ 46 ; b
     002F             (./Engine/Constant):00167         rsv_erase_routine             equ 47 ; and 48 ; w 
     0031             (./Engine/Constant):00168         rsv_xy1_pixel                 equ 49 ;
     0031             (./Engine/Constant):00169         rsv_x1_pixel                  equ 49 ; x+x_offset-(x_size/2) screen coordinate
     0032             (./Engine/Constant):00170         rsv_y1_pixel                  equ 50 ; y+y_offset-(y_size/2) screen coordinate, must follow rsv_x1_pixel
     0033             (./Engine/Constant):00171         rsv_xy2_pixel                 equ 51 ;
     0033             (./Engine/Constant):00172         rsv_x2_pixel                  equ 51 ; x+x_offset+(x_size/2) screen coordinate
     0034             (./Engine/Constant):00173         rsv_y2_pixel                  equ 52 ; y+y_offset+(y_size/2) screen coordinate, must follow rsv_x2_pixel
                      (./Engine/Constant):00174         
                      (./Engine/Constant):00175         * ---------------------------------------------------------------------------
                      (./Engine/Constant):00176         * reserved variables (engine) - buffer specific
                      (./Engine/Constant):00177         
     0035             (./Engine/Constant):00178         rsv_buffer_0                  equ 53 ; Start index of buffer 0 variables
     0035             (./Engine/Constant):00179         rsv_priority_0                equ 53 ; internal value that hold priority in video buffer 0
     0036             (./Engine/Constant):00180         rsv_priority_prev_obj_0       equ 54 ; and 55 ; previous object (OST address) in display priority list for video buffer 0 (0000 if none) w
     0038             (./Engine/Constant):00181         rsv_priority_next_obj_0       equ 56 ; and 57 ; next object (OST address) in display priority list for video buffer 0 (0000 if none) w
     003A             (./Engine/Constant):00182         rsv_prev_mapping_frame_0      equ 58 ; and 59 ; reference to previous image in video buffer 0 w
     003C             (./Engine/Constant):00183         rsv_prev_erase_nb_cell_0      equ 60 : b
     003D             (./Engine/Constant):00184         rsv_prev_page_erase_routine_0 equ 61 ; b
     003E             (./Engine/Constant):00185         rsv_prev_erase_routine_0      equ 62 ; and 63 ; w
     0040             (./Engine/Constant):00186         rsv_bgdata_0                  equ 64 ; and 65 ; address of background data in screen 0 w
     0042             (./Engine/Constant):00187         rsv_prev_xy_pixel_0           equ 66 ;
     0042             (./Engine/Constant):00188         rsv_prev_x_pixel_0            equ 66 ; previous x screen coordinate b
     0043             (./Engine/Constant):00189         rsv_prev_y_pixel_0            equ 67 ; previous y screen coordinate b, must follow x_pixel
     0044             (./Engine/Constant):00190         rsv_prev_xy1_pixel_0          equ 68 ;
     0044             (./Engine/Constant):00191         rsv_prev_x1_pixel_0           equ 68 ; previous x+x_offset-(x_size/2) screen coordinate b
     0045             (./Engine/Constant):00192         rsv_prev_y1_pixel_0           equ 69 ; previous y+y_offset-(y_size/2) screen coordinate b, must follow x1_pixel
     0046             (./Engine/Constant):00193         rsv_prev_xy2_pixel_0          equ 70 ;
     0046             (./Engine/Constant):00194         rsv_prev_x2_pixel_0           equ 70 ; previous x+x_offset+(x_size/2) screen coordinate b
     0047             (./Engine/Constant):00195         rsv_prev_y2_pixel_0           equ 71 ; previous y+y_offset+(y_size/2) screen coordinate b, must follow x2_pixel
     0048             (./Engine/Constant):00196         rsv_prev_render_flags_0       equ 72 ;
                      (./Engine/Constant):00197         * --- rsv_prev_render_flags_0 bitfield variables ---
     0001             (./Engine/Constant):00198         rsv_prev_render_overlay_mask  equ $01 ; (bit 0) if a sprite has been rendered with compilated sprite and no background save on screen buffer 0/1
     0080             (./Engine/Constant):00199         rsv_prev_render_onscreen_mask equ $80 ; (bit 7) DEPENDENCY should be bit 7 - has been rendered on screen buffer 0/1
                      (./Engine/Constant):00200         
     0049             (./Engine/Constant):00201         rsv_buffer_1                  equ 73 ; Start index of buffer 1 variables
     0049             (./Engine/Constant):00202         rsv_priority_1                equ 73 ; internal value that hold priority in video buffer 1
     004A             (./Engine/Constant):00203         rsv_priority_prev_obj_1       equ 74 ; and 75 ; previous object (OST address) in display priority list for video buffer 1 (0000 if none) w
     004C             (./Engine/Constant):00204         rsv_priority_next_obj_1       equ 76 ; and 77 ; next object (OST address) in display priority list for video buffer 1 (0000 if none) w
     004E             (./Engine/Constant):00205         rsv_prev_mapping_frame_1      equ 78 ; and 79 ; reference to previous image in video buffer 1 w
     0050             (./Engine/Constant):00206         rsv_prev_erase_nb_cell_1      equ 80 ; b
     0051             (./Engine/Constant):00207         rsv_prev_page_erase_routine_1 equ 81 ; b
     0052             (./Engine/Constant):00208         rsv_prev_erase_routine_1      equ 82 ; and 83 ; w
     0054             (./Engine/Constant):00209         rsv_bgdata_1                  equ 84 ; and 85 ; address of background data in screen 1 w
     0056             (./Engine/Constant):00210         rsv_prev_xy_pixel_1           equ 86 ;
     0056             (./Engine/Constant):00211         rsv_prev_x_pixel_1            equ 86 ; previous x screen coordinate b
     0057             (./Engine/Constant):00212         rsv_prev_y_pixel_1            equ 87 ; previous y screen coordinate b, must follow x_pixel
     0058             (./Engine/Constant):00213         rsv_prev_xy1_pixel_1          equ 88 ;
     0058             (./Engine/Constant):00214         rsv_prev_x1_pixel_1           equ 88 ; previous x+x_size screen coordinate b
     0059             (./Engine/Constant):00215         rsv_prev_y1_pixel_1           equ 89 ; previous y+y_size screen coordinate b, must follow x_pixel
     005A             (./Engine/Constant):00216         rsv_prev_xy2_pixel_1          equ 90 ;
     005A             (./Engine/Constant):00217         rsv_prev_x2_pixel_1           equ 90 ; previous x+x_size screen coordinate b
     005B             (./Engine/Constant):00218         rsv_prev_y2_pixel_1           equ 91 ; previous y+y_size screen coordinate b, must follow x_pixel
     005C             (./Engine/Constant):00219         rsv_prev_render_flags_1       equ 92 ;
                      (./Engine/Constant):00220         
     0000             (./Engine/Constant):00221         buf_priority                  equ 0  ; offset for each rsv_buffer variables
     0001             (./Engine/Constant):00222         buf_priority_prev_obj         equ 1  ;
     0003             (./Engine/Constant):00223         buf_priority_next_obj         equ 3  ;
     0005             (./Engine/Constant):00224         buf_prev_mapping_frame        equ 5  ;
     0007             (./Engine/Constant):00225         buf_erase_nb_cell             equ 7  ;
     0008             (./Engine/Constant):00226         buf_page_erase_routine        equ 8 ;
     0009             (./Engine/Constant):00227         buf_erase_routine             equ 9 ;
     000B             (./Engine/Constant):00228         buf_bgdata                    equ 11 ;
     000D             (./Engine/Constant):00229         buf_prev_xy_pixel             equ 13 ;
     000D             (./Engine/Constant):00230         buf_prev_x_pixel              equ 13 ;
     000E             (./Engine/Constant):00231         buf_prev_y_pixel              equ 14 ;
     000F             (./Engine/Constant):00232         buf_prev_xy1_pixel            equ 15 ;
     000F             (./Engine/Constant):00233         buf_prev_x1_pixel             equ 15 ;
     0010             (./Engine/Constant):00234         buf_prev_y1_pixel             equ 16 ;
     0011             (./Engine/Constant):00235         buf_prev_xy2_pixel            equ 17 ;
     0011             (./Engine/Constant):00236         buf_prev_x2_pixel             equ 17 ;
     0012             (./Engine/Constant):00237         buf_prev_y2_pixel             equ 18 ;
     0013             (./Engine/Constant):00238         buf_prev_render_flags         equ 19 ;
                      (./generated-code/):00002                 ORG $A000
     FF               (./generated-code/):00003                 SETDP $FF
                      (./generated-code/):00004                 OPT C,CT
A000                  (./generated-code/):00005                 DRAW_Tls_EHZ_165
                      (./generated-code/):00006                 
A000 D7E6             (./generated-code/):00007 [4]     4               stb   <glb_alphaTiles
A002 33C901E0         (./generated-code/):00008 [8]     12              LEAU 480,U
                      (./generated-code/):00009                 
A006 ECC4             (./generated-code/):00010 [5]     17              LDD ,U
A008 840F             (./generated-code/):00011 [2]     19              ANDA #$0F
A00A C40F             (./generated-code/):00012 [2]     21              ANDB #$0F
A00C C37060           (./generated-code/):00013 [4]     25              ADDD #$7060
A00F EDC4             (./generated-code/):00014 [5]     30              STD ,U
A011 ECC8D8           (./generated-code/):00015 [6]     36              LDD -40,U
A014 84F0             (./generated-code/):00016 [2]     38              ANDA #$F0
A016 C4F0             (./generated-code/):00017 [2]     40              ANDB #$F0
A018 C30D0D           (./generated-code/):00018 [4]     44              ADDD #$0d0d
A01B EDC8D8           (./generated-code/):00019 [6]     50              STD -40,U
A01E ECC8B0           (./generated-code/):00020 [6]     56              LDD -80,U
A021 84F0             (./generated-code/):00021 [2]     58              ANDA #$F0
A023 C4F0             (./generated-code/):00022 [2]     60              ANDB #$F0
A025 C30707           (./generated-code/):00023 [4]     64              ADDD #$0707
A028 EDC8B0           (./generated-code/):00024 [6]     70              STD -80,U
A02B ECC888           (./generated-code/):00025 [6]     76              LDD -120,U
A02E 840F             (./generated-code/):00026 [2]     78              ANDA #$0F
A030 C40F             (./generated-code/):00027 [2]     80              ANDB #$0F
A032 C3D0D0           (./generated-code/):00028 [4]     84              ADDD #$d0d0
A035 EDC888           (./generated-code/):00029 [6]     90              STD -120,U
A038 A6C878           (./generated-code/):00030 [5]     95              LDA 120,U
A03B 84F0             (./generated-code/):00031 [2]     97              ANDA #$F0
A03D 8A0D             (./generated-code/):00032 [2]     99              ORA #$0d
A03F A7C878           (./generated-code/):00033 [5]     104             STA 120,U
A042 A6C850           (./generated-code/):00034 [5]     109             LDA 80,U
A045 84F0             (./generated-code/):00035 [2]     111             ANDA #$F0
A047 8A08             (./generated-code/):00036 [2]     113             ORA #$08
A049 A7C850           (./generated-code/):00037 [5]     118             STA 80,U
A04C A6C828           (./generated-code/):00038 [5]     123             LDA 40,U
A04F 840F             (./generated-code/):00039 [2]     125             ANDA #$0F
A051 8AD0             (./generated-code/):00040 [2]     127             ORA #$d0
A053 A7C828           (./generated-code/):00041 [5]     132             STA 40,U
A056 33C9FEE9         (./generated-code/):00042 [8]     140             LEAU -279,U
                      (./generated-code/):00043                 
A05A ECC877           (./generated-code/):00044 [6]     146             LDD 119,U
A05D 840F             (./generated-code/):00045 [2]     148             ANDA #$0F
A05F C40F             (./generated-code/):00046 [2]     150             ANDB #$0F
A061 C38070           (./generated-code/):00047 [4]     154             ADDD #$8070
A064 EDC877           (./generated-code/):00048 [6]     160             STD 119,U
A067 ECC84F           (./generated-code/):00049 [6]     166             LDD 79,U
A06A 84F0             (./generated-code/):00050 [2]     168             ANDA #$F0
A06C C4F0             (./generated-code/):00051 [2]     170             ANDB #$F0
A06E C30D0D           (./generated-code/):00052 [4]     174             ADDD #$0d0d
A071 EDC84F           (./generated-code/):00053 [6]     180             STD 79,U
A074 ECC827           (./generated-code/):00054 [6]     186             LDD 39,U
A077 84F0             (./generated-code/):00055 [2]     188             ANDA #$F0
A079 C4F0             (./generated-code/):00056 [2]     190             ANDB #$F0
A07B C30708           (./generated-code/):00057 [4]     194             ADDD #$0708
A07E EDC827           (./generated-code/):00058 [6]     200             STD 39,U
A081 EC5F             (./generated-code/):00059 [6]     206             LDD -1,U
A083 840F             (./generated-code/):00060 [2]     208             ANDA #$0F
A085 C40F             (./generated-code/):00061 [2]     210             ANDB #$0F
A087 C3D0D0           (./generated-code/):00062 [4]     214             ADDD #$d0d0
A08A ED5F             (./generated-code/):00063 [6]     220             STD -1,U
A08C ECC8D7           (./generated-code/):00064 [6]     226             LDD -41,U
A08F 840F             (./generated-code/):00065 [2]     228             ANDA #$0F
A091 C40F             (./generated-code/):00066 [2]     230             ANDB #$0F
A093 C38070           (./generated-code/):00067 [4]     234             ADDD #$8070
A096 EDC8D7           (./generated-code/):00068 [6]     240             STD -41,U
A099 ECC8AF           (./generated-code/):00069 [6]     246             LDD -81,U
A09C 84F0             (./generated-code/):00070 [2]     248             ANDA #$F0
A09E C4F0             (./generated-code/):00071 [2]     250             ANDB #$F0
A0A0 C30D0D           (./generated-code/):00072 [4]     254             ADDD #$0d0d
A0A3 EDC8AF           (./generated-code/):00073 [6]     260             STD -81,U
A0A6 ECC887           (./generated-code/):00074 [6]     266             LDD -121,U
A0A9 84F0             (./generated-code/):00075 [2]     268             ANDA #$F0
A0AB C4F0             (./generated-code/):00076 [2]     270             ANDB #$F0
A0AD C30808           (./generated-code/):00077 [4]     274             ADDD #$0808
A0B0 EDC887           (./generated-code/):00078 [6]     280             STD -121,U
A0B3 33C9FF4C         (./generated-code/):00079 [8]     288             LEAU -180,U
                      (./generated-code/):00080                 
A0B7 ECC813           (./generated-code/):00081 [6]     294             LDD 19,U
A0BA 840F             (./generated-code/):00082 [2]     296             ANDA #$0F
A0BC C40F             (./generated-code/):00083 [2]     298             ANDB #$0F
A0BE C3D0D0           (./generated-code/):00084 [4]     302             ADDD #$d0d0
A0C1 EDC813           (./generated-code/):00085 [6]     308             STD 19,U
A0C4 ECC8EB           (./generated-code/):00086 [6]     314             LDD -21,U
A0C7 840F             (./generated-code/):00087 [2]     316             ANDA #$0F
A0C9 C40F             (./generated-code/):00088 [2]     318             ANDB #$0F
A0CB C38080           (./generated-code/):00089 [4]     322             ADDD #$8080
A0CE EDC8EB           (./generated-code/):00090 [6]     328             STD -21,U
                      (./generated-code/):00091                 
A0D1 DEFC             (./generated-code/):00092 [5]     333             LDU <glb_screen_location_1
A0D3 33C90190         (./generated-code/):00093 [8]     341             LEAU 400,U
                      (./generated-code/):00094                 
A0D7 ECC8D8           (./generated-code/):00095 [6]     347             LDD -40,U
A0DA 840F             (./generated-code/):00096 [2]     349             ANDA #$0F
A0DC C40F             (./generated-code/):00097 [2]     351             ANDB #$0F
A0DE C3D0D0           (./generated-code/):00098 [4]     355             ADDD #$d0d0
A0E1 EDC8D8           (./generated-code/):00099 [6]     361             STD -40,U
A0E4 ECC8B0           (./generated-code/):00100 [6]     367             LDD -80,U
A0E7 840F             (./generated-code/):00101 [2]     369             ANDA #$0F
A0E9 C40F             (./generated-code/):00102 [2]     371             ANDB #$0F
A0EB C38080           (./generated-code/):00103 [4]     375             ADDD #$8080
A0EE EDC8B0           (./generated-code/):00104 [6]     381             STD -80,U
A0F1 A6C878           (./generated-code/):00105 [5]     386             LDA 120,U
A0F4 840F             (./generated-code/):00106 [2]     388             ANDA #$0F
A0F6 8AD0             (./generated-code/):00107 [2]     390             ORA #$d0
A0F8 A7C878           (./generated-code/):00108 [5]     395             STA 120,U
A0FB A6C850           (./generated-code/):00109 [5]     400             LDA 80,U
A0FE 840F             (./generated-code/):00110 [2]     402             ANDA #$0F
A100 8A70             (./generated-code/):00111 [2]     404             ORA #$70
A102 A7C850           (./generated-code/):00112 [5]     409             STA 80,U
A105 A6C828           (./generated-code/):00113 [5]     414             LDA 40,U
A108 84F0             (./generated-code/):00114 [2]     416             ANDA #$F0
A10A 8A0D             (./generated-code/):00115 [2]     418             ORA #$0d
A10C A7C828           (./generated-code/):00116 [5]     423             STA 40,U
A10F A6C4             (./generated-code/):00117 [4]     427             LDA ,U
A111 84F0             (./generated-code/):00118 [2]     429             ANDA #$F0
A113 8A07             (./generated-code/):00119 [2]     431             ORA #$07
A115 A7C4             (./generated-code/):00120 [4]     435             STA ,U
A117 A6C888           (./generated-code/):00121 [5]     440             LDA -120,U
A11A 84F0             (./generated-code/):00122 [2]     442             ANDA #$F0
A11C 8A0D             (./generated-code/):00123 [2]     444             ORA #$0d
A11E A7C888           (./generated-code/):00124 [5]     449             STA -120,U
A121 33C9FEE9         (./generated-code/):00125 [8]     457             LEAU -279,U
                      (./generated-code/):00126                 
A125 ECC877           (./generated-code/):00127 [6]     463             LDD 119,U
A128 84F0             (./generated-code/):00128 [2]     465             ANDA #$F0
A12A C4F0             (./generated-code/):00129 [2]     467             ANDB #$F0
A12C C30806           (./generated-code/):00130 [4]     471             ADDD #$0806
A12F EDC877           (./generated-code/):00131 [6]     477             STD 119,U
A132 ECC84F           (./generated-code/):00132 [6]     483             LDD 79,U
A135 840F             (./generated-code/):00133 [2]     485             ANDA #$0F
A137 C40F             (./generated-code/):00134 [2]     487             ANDB #$0F
A139 C3D0D0           (./generated-code/):00135 [4]     491             ADDD #$d0d0
A13C EDC84F           (./generated-code/):00136 [6]     497             STD 79,U
A13F ECC827           (./generated-code/):00137 [6]     503             LDD 39,U
A142 840F             (./generated-code/):00138 [2]     505             ANDA #$0F
A144 C40F             (./generated-code/):00139 [2]     507             ANDB #$0F
A146 C38080           (./generated-code/):00140 [4]     511             ADDD #$8080
A149 EDC827           (./generated-code/):00141 [6]     517             STD 39,U
A14C EC5F             (./generated-code/):00142 [6]     523             LDD -1,U
A14E 84F0             (./generated-code/):00143 [2]     525             ANDA #$F0
A150 C4F0             (./generated-code/):00144 [2]     527             ANDB #$F0
A152 C30D0D           (./generated-code/):00145 [4]     531             ADDD #$0d0d
A155 ED5F             (./generated-code/):00146 [6]     537             STD -1,U
A157 ECC8D7           (./generated-code/):00147 [6]     543             LDD -41,U
A15A 84F0             (./generated-code/):00148 [2]     545             ANDA #$F0
A15C C4F0             (./generated-code/):00149 [2]     547             ANDB #$F0
A15E C30807           (./generated-code/):00150 [4]     551             ADDD #$0807
A161 EDC8D7           (./generated-code/):00151 [6]     557             STD -41,U
A164 ECC8AF           (./generated-code/):00152 [6]     563             LDD -81,U
A167 840F             (./generated-code/):00153 [2]     565             ANDA #$0F
A169 C40F             (./generated-code/):00154 [2]     567             ANDB #$0F
A16B C3D0D0           (./generated-code/):00155 [4]     571             ADDD #$d0d0
A16E EDC8AF           (./generated-code/):00156 [6]     577             STD -81,U
A171 ECC887           (./generated-code/):00157 [6]     583             LDD -121,U
A174 840F             (./generated-code/):00158 [2]     585             ANDA #$0F
A176 C40F             (./generated-code/):00159 [2]     587             ANDB #$0F
A178 C38080           (./generated-code/):00160 [4]     591             ADDD #$8080
A17B EDC887           (./generated-code/):00161 [6]     597             STD -121,U
A17E 39               (./generated-code/):00162 [5]     602             RTS
                      (./generated-code/):00163                 
