                      (tools/output/road):00001          opt c
                      (tools/output/road):00002         ; ========================================================================
                      (tools/output/road):00003         ; Road RAM v4 — table Road_lines (8 octets/ligne, interleavée)
                      (tools/output/road):00004         ;   ORG $0000 (blob relocatable, addresses Line_NNNN absolues)
                      (tools/output/road):00005         ; Layout par ligne :
                      (tools/output/road):00006         ;   fdb  RAMA_s0, RAMA_s1, RAMB_s0, RAMB_s1
                      (tools/output/road):00007         ; À placer dans la mémoire résidente (typiquement main.asm $6100-$9FFF).
                      (tools/output/road):00008         ; ========================================================================
                      (tools/output/road):00009                 INCLUDE "road_buffers_externs.inc"
                      (road_buffers_exte):00001         * ======================================================================
                      (road_buffers_exte):00002         * road_buffers_externs.inc — généré, ne pas éditer
                      (road_buffers_exte):00003         * Adresses des buffers Line_NNNN (zone $0000-$3FFF).
                      (road_buffers_exte):00004         * ======================================================================
     0000             (road_buffers_exte):00005         Line_0000      equ   $0000
     0005             (road_buffers_exte):00006         Line_0001      equ   $0005
     0008             (road_buffers_exte):00007         Line_0002      equ   $0008
     000D             (road_buffers_exte):00008         Line_0003      equ   $000D
     0012             (road_buffers_exte):00009         Line_0004      equ   $0012
     0017             (road_buffers_exte):00010         Line_0005      equ   $0017
     001C             (road_buffers_exte):00011         Line_0006      equ   $001C
     0021             (road_buffers_exte):00012         Line_0007      equ   $0021
     0026             (road_buffers_exte):00013         Line_0008      equ   $0026
     002B             (road_buffers_exte):00014         Line_0009      equ   $002B
     0032             (road_buffers_exte):00015         Line_0010      equ   $0032
     0039             (road_buffers_exte):00016         Line_0011      equ   $0039
     0040             (road_buffers_exte):00017         Line_0012      equ   $0040
     0047             (road_buffers_exte):00018         Line_0013      equ   $0047
     004E             (road_buffers_exte):00019         Line_0014      equ   $004E
     0055             (road_buffers_exte):00020         Line_0015      equ   $0055
     005C             (road_buffers_exte):00021         Line_0016      equ   $005C
     0063             (road_buffers_exte):00022         Line_0017      equ   $0063
     006A             (road_buffers_exte):00023         Line_0018      equ   $006A
     0071             (road_buffers_exte):00024         Line_0019      equ   $0071
     0078             (road_buffers_exte):00025         Line_0020      equ   $0078
     007F             (road_buffers_exte):00026         Line_0021      equ   $007F
     0086             (road_buffers_exte):00027         Line_0022      equ   $0086
     008D             (road_buffers_exte):00028         Line_0023      equ   $008D
     0094             (road_buffers_exte):00029         Line_0024      equ   $0094
     009B             (road_buffers_exte):00030         Line_0025      equ   $009B
     00A2             (road_buffers_exte):00031         Line_0026      equ   $00A2
     00A9             (road_buffers_exte):00032         Line_0027      equ   $00A9
     00B0             (road_buffers_exte):00033         Line_0028      equ   $00B0
     00B7             (road_buffers_exte):00034         Line_0029      equ   $00B7
     00BE             (road_buffers_exte):00035         Line_0030      equ   $00BE
     00C5             (road_buffers_exte):00036         Line_0031      equ   $00C5
     00CC             (road_buffers_exte):00037         Line_0032      equ   $00CC
     00D3             (road_buffers_exte):00038         Line_0033      equ   $00D3
     00DA             (road_buffers_exte):00039         Line_0034      equ   $00DA
     00E1             (road_buffers_exte):00040         Line_0035      equ   $00E1
     00E8             (road_buffers_exte):00041         Line_0036      equ   $00E8
     00EF             (road_buffers_exte):00042         Line_0037      equ   $00EF
     00F6             (road_buffers_exte):00043         Line_0038      equ   $00F6
     00FD             (road_buffers_exte):00044         Line_0039      equ   $00FD
     0104             (road_buffers_exte):00045         Line_0040      equ   $0104
     010B             (road_buffers_exte):00046         Line_0041      equ   $010B
     0112             (road_buffers_exte):00047         Line_0042      equ   $0112
     0119             (road_buffers_exte):00048         Line_0043      equ   $0119
     0120             (road_buffers_exte):00049         Line_0044      equ   $0120
     0127             (road_buffers_exte):00050         Line_0045      equ   $0127
     012E             (road_buffers_exte):00051         Line_0046      equ   $012E
     0135             (road_buffers_exte):00052         Line_0047      equ   $0135
     013C             (road_buffers_exte):00053         Line_0048      equ   $013C
     0143             (road_buffers_exte):00054         Line_0049      equ   $0143
     014A             (road_buffers_exte):00055         Line_0050      equ   $014A
     0151             (road_buffers_exte):00056         Line_0051      equ   $0151
     0158             (road_buffers_exte):00057         Line_0052      equ   $0158
     015F             (road_buffers_exte):00058         Line_0053      equ   $015F
     0166             (road_buffers_exte):00059         Line_0054      equ   $0166
     016D             (road_buffers_exte):00060         Line_0055      equ   $016D
     0174             (road_buffers_exte):00061         Line_0056      equ   $0174
     017B             (road_buffers_exte):00062         Line_0057      equ   $017B
     0182             (road_buffers_exte):00063         Line_0058      equ   $0182
     0189             (road_buffers_exte):00064         Line_0059      equ   $0189
     0190             (road_buffers_exte):00065         Line_0060      equ   $0190
     0197             (road_buffers_exte):00066         Line_0061      equ   $0197
     01A0             (road_buffers_exte):00067         Line_0062      equ   $01A0
     01A9             (road_buffers_exte):00068         Line_0063      equ   $01A9
     01B0             (road_buffers_exte):00069         Line_0064      equ   $01B0
     01B7             (road_buffers_exte):00070         Line_0065      equ   $01B7
     01C0             (road_buffers_exte):00071         Line_0066      equ   $01C0
     01C9             (road_buffers_exte):00072         Line_0067      equ   $01C9
     01D0             (road_buffers_exte):00073         Line_0068      equ   $01D0
     01D9             (road_buffers_exte):00074         Line_0069      equ   $01D9
     01E2             (road_buffers_exte):00075         Line_0070      equ   $01E2
     01EB             (road_buffers_exte):00076         Line_0071      equ   $01EB
     01F4             (road_buffers_exte):00077         Line_0072      equ   $01F4
     01FD             (road_buffers_exte):00078         Line_0073      equ   $01FD
     0206             (road_buffers_exte):00079         Line_0074      equ   $0206
     020F             (road_buffers_exte):00080         Line_0075      equ   $020F
     0218             (road_buffers_exte):00081         Line_0076      equ   $0218
     0221             (road_buffers_exte):00082         Line_0077      equ   $0221
     022A             (road_buffers_exte):00083         Line_0078      equ   $022A
     0233             (road_buffers_exte):00084         Line_0079      equ   $0233
     023C             (road_buffers_exte):00085         Line_0080      equ   $023C
     0245             (road_buffers_exte):00086         Line_0081      equ   $0245
     024E             (road_buffers_exte):00087         Line_0082      equ   $024E
     0257             (road_buffers_exte):00088         Line_0083      equ   $0257
     0260             (road_buffers_exte):00089         Line_0084      equ   $0260
     0269             (road_buffers_exte):00090         Line_0085      equ   $0269
     0272             (road_buffers_exte):00091         Line_0086      equ   $0272
     027B             (road_buffers_exte):00092         Line_0087      equ   $027B
     0284             (road_buffers_exte):00093         Line_0088      equ   $0284
     028D             (road_buffers_exte):00094         Line_0089      equ   $028D
     0296             (road_buffers_exte):00095         Line_0090      equ   $0296
     029F             (road_buffers_exte):00096         Line_0091      equ   $029F
     02A8             (road_buffers_exte):00097         Line_0092      equ   $02A8
     02B1             (road_buffers_exte):00098         Line_0093      equ   $02B1
     02BA             (road_buffers_exte):00099         Line_0094      equ   $02BA
     02C3             (road_buffers_exte):00100         Line_0095      equ   $02C3
     02CC             (road_buffers_exte):00101         Line_0096      equ   $02CC
     02D5             (road_buffers_exte):00102         Line_0097      equ   $02D5
     02DE             (road_buffers_exte):00103         Line_0098      equ   $02DE
     02E7             (road_buffers_exte):00104         Line_0099      equ   $02E7
     02F0             (road_buffers_exte):00105         Line_0100      equ   $02F0
     02F9             (road_buffers_exte):00106         Line_0101      equ   $02F9
     0302             (road_buffers_exte):00107         Line_0102      equ   $0302
     030B             (road_buffers_exte):00108         Line_0103      equ   $030B
     0314             (road_buffers_exte):00109         Line_0104      equ   $0314
     031D             (road_buffers_exte):00110         Line_0105      equ   $031D
     0326             (road_buffers_exte):00111         Line_0106      equ   $0326
     032F             (road_buffers_exte):00112         Line_0107      equ   $032F
     0338             (road_buffers_exte):00113         Line_0108      equ   $0338
     0341             (road_buffers_exte):00114         Line_0109      equ   $0341
     034A             (road_buffers_exte):00115         Line_0110      equ   $034A
     0353             (road_buffers_exte):00116         Line_0111      equ   $0353
     035C             (road_buffers_exte):00117         Line_0112      equ   $035C
     0365             (road_buffers_exte):00118         Line_0113      equ   $0365
     036E             (road_buffers_exte):00119         Line_0114      equ   $036E
     0377             (road_buffers_exte):00120         Line_0115      equ   $0377
     0380             (road_buffers_exte):00121         Line_0116      equ   $0380
     0389             (road_buffers_exte):00122         Line_0117      equ   $0389
     0392             (road_buffers_exte):00123         Line_0118      equ   $0392
     039B             (road_buffers_exte):00124         Line_0119      equ   $039B
     03A4             (road_buffers_exte):00125         Line_0120      equ   $03A4
     03AD             (road_buffers_exte):00126         Line_0121      equ   $03AD
     03B6             (road_buffers_exte):00127         Line_0122      equ   $03B6
     03BF             (road_buffers_exte):00128         Line_0123      equ   $03BF
     03C8             (road_buffers_exte):00129         Line_0124      equ   $03C8
     03D1             (road_buffers_exte):00130         Line_0125      equ   $03D1
     03DA             (road_buffers_exte):00131         Line_0126      equ   $03DA
     03E3             (road_buffers_exte):00132         Line_0127      equ   $03E3
     03EC             (road_buffers_exte):00133         Line_0128      equ   $03EC
     03F5             (road_buffers_exte):00134         Line_0129      equ   $03F5
     03FE             (road_buffers_exte):00135         Line_0130      equ   $03FE
     0409             (road_buffers_exte):00136         Line_0131      equ   $0409
     0414             (road_buffers_exte):00137         Line_0132      equ   $0414
     041F             (road_buffers_exte):00138         Line_0133      equ   $041F
     042A             (road_buffers_exte):00139         Line_0134      equ   $042A
     0435             (road_buffers_exte):00140         Line_0135      equ   $0435
     0440             (road_buffers_exte):00141         Line_0136      equ   $0440
     044B             (road_buffers_exte):00142         Line_0137      equ   $044B
     0456             (road_buffers_exte):00143         Line_0138      equ   $0456
     0461             (road_buffers_exte):00144         Line_0139      equ   $0461
     046C             (road_buffers_exte):00145         Line_0140      equ   $046C
     0477             (road_buffers_exte):00146         Line_0141      equ   $0477
     0482             (road_buffers_exte):00147         Line_0142      equ   $0482
     048D             (road_buffers_exte):00148         Line_0143      equ   $048D
     0498             (road_buffers_exte):00149         Line_0144      equ   $0498
     04A3             (road_buffers_exte):00150         Line_0145      equ   $04A3
     04AE             (road_buffers_exte):00151         Line_0146      equ   $04AE
     04B9             (road_buffers_exte):00152         Line_0147      equ   $04B9
     04C4             (road_buffers_exte):00153         Line_0148      equ   $04C4
     04CF             (road_buffers_exte):00154         Line_0149      equ   $04CF
     04DA             (road_buffers_exte):00155         Line_0150      equ   $04DA
     04E5             (road_buffers_exte):00156         Line_0151      equ   $04E5
     04F0             (road_buffers_exte):00157         Line_0152      equ   $04F0
     04FB             (road_buffers_exte):00158         Line_0153      equ   $04FB
     0506             (road_buffers_exte):00159         Line_0154      equ   $0506
     0511             (road_buffers_exte):00160         Line_0155      equ   $0511
     051C             (road_buffers_exte):00161         Line_0156      equ   $051C
     0527             (road_buffers_exte):00162         Line_0157      equ   $0527
     0532             (road_buffers_exte):00163         Line_0158      equ   $0532
     053D             (road_buffers_exte):00164         Line_0159      equ   $053D
     0548             (road_buffers_exte):00165         Line_0160      equ   $0548
     0553             (road_buffers_exte):00166         Line_0161      equ   $0553
     055E             (road_buffers_exte):00167         Line_0162      equ   $055E
     0569             (road_buffers_exte):00168         Line_0163      equ   $0569
     0574             (road_buffers_exte):00169         Line_0164      equ   $0574
     057F             (road_buffers_exte):00170         Line_0165      equ   $057F
     058A             (road_buffers_exte):00171         Line_0166      equ   $058A
     0595             (road_buffers_exte):00172         Line_0167      equ   $0595
     05A0             (road_buffers_exte):00173         Line_0168      equ   $05A0
     05AB             (road_buffers_exte):00174         Line_0169      equ   $05AB
     05B6             (road_buffers_exte):00175         Line_0170      equ   $05B6
     05C1             (road_buffers_exte):00176         Line_0171      equ   $05C1
     05CC             (road_buffers_exte):00177         Line_0172      equ   $05CC
     05D7             (road_buffers_exte):00178         Line_0173      equ   $05D7
     05E2             (road_buffers_exte):00179         Line_0174      equ   $05E2
     05ED             (road_buffers_exte):00180         Line_0175      equ   $05ED
     05F8             (road_buffers_exte):00181         Line_0176      equ   $05F8
     0603             (road_buffers_exte):00182         Line_0177      equ   $0603
     060E             (road_buffers_exte):00183         Line_0178      equ   $060E
     0619             (road_buffers_exte):00184         Line_0179      equ   $0619
     0624             (road_buffers_exte):00185         Line_0180      equ   $0624
     062F             (road_buffers_exte):00186         Line_0181      equ   $062F
     063A             (road_buffers_exte):00187         Line_0182      equ   $063A
     0645             (road_buffers_exte):00188         Line_0183      equ   $0645
     0650             (road_buffers_exte):00189         Line_0184      equ   $0650
     065D             (road_buffers_exte):00190         Line_0185      equ   $065D
     066A             (road_buffers_exte):00191         Line_0186      equ   $066A
     0677             (road_buffers_exte):00192         Line_0187      equ   $0677
     0684             (road_buffers_exte):00193         Line_0188      equ   $0684
     0691             (road_buffers_exte):00194         Line_0189      equ   $0691
     069E             (road_buffers_exte):00195         Line_0190      equ   $069E
     06AB             (road_buffers_exte):00196         Line_0191      equ   $06AB
     06B8             (road_buffers_exte):00197         Line_0192      equ   $06B8
     06C5             (road_buffers_exte):00198         Line_0193      equ   $06C5
     06D2             (road_buffers_exte):00199         Line_0194      equ   $06D2
     06DF             (road_buffers_exte):00200         Line_0195      equ   $06DF
     06EC             (road_buffers_exte):00201         Line_0196      equ   $06EC
     06F9             (road_buffers_exte):00202         Line_0197      equ   $06F9
     0706             (road_buffers_exte):00203         Line_0198      equ   $0706
     0713             (road_buffers_exte):00204         Line_0199      equ   $0713
     0720             (road_buffers_exte):00205         Line_0200      equ   $0720
     072D             (road_buffers_exte):00206         Line_0201      equ   $072D
     073A             (road_buffers_exte):00207         Line_0202      equ   $073A
     0747             (road_buffers_exte):00208         Line_0203      equ   $0747
     0754             (road_buffers_exte):00209         Line_0204      equ   $0754
     0761             (road_buffers_exte):00210         Line_0205      equ   $0761
     076E             (road_buffers_exte):00211         Line_0206      equ   $076E
     077B             (road_buffers_exte):00212         Line_0207      equ   $077B
     0788             (road_buffers_exte):00213         Line_0208      equ   $0788
     0795             (road_buffers_exte):00214         Line_0209      equ   $0795
     07A2             (road_buffers_exte):00215         Line_0210      equ   $07A2
     07AF             (road_buffers_exte):00216         Line_0211      equ   $07AF
     07BC             (road_buffers_exte):00217         Line_0212      equ   $07BC
     07C9             (road_buffers_exte):00218         Line_0213      equ   $07C9
     07D6             (road_buffers_exte):00219         Line_0214      equ   $07D6
     07E3             (road_buffers_exte):00220         Line_0215      equ   $07E3
     07F0             (road_buffers_exte):00221         Line_0216      equ   $07F0
     07FD             (road_buffers_exte):00222         Line_0217      equ   $07FD
     080A             (road_buffers_exte):00223         Line_0218      equ   $080A
     0817             (road_buffers_exte):00224         Line_0219      equ   $0817
     0824             (road_buffers_exte):00225         Line_0220      equ   $0824
     0831             (road_buffers_exte):00226         Line_0221      equ   $0831
     083E             (road_buffers_exte):00227         Line_0222      equ   $083E
     084B             (road_buffers_exte):00228         Line_0223      equ   $084B
     0858             (road_buffers_exte):00229         Line_0224      equ   $0858
     0865             (road_buffers_exte):00230         Line_0225      equ   $0865
     0872             (road_buffers_exte):00231         Line_0226      equ   $0872
     087F             (road_buffers_exte):00232         Line_0227      equ   $087F
     088C             (road_buffers_exte):00233         Line_0228      equ   $088C
     0899             (road_buffers_exte):00234         Line_0229      equ   $0899
     08A6             (road_buffers_exte):00235         Line_0230      equ   $08A6
     08B3             (road_buffers_exte):00236         Line_0231      equ   $08B3
     08C0             (road_buffers_exte):00237         Line_0232      equ   $08C0
     08CD             (road_buffers_exte):00238         Line_0233      equ   $08CD
     08DA             (road_buffers_exte):00239         Line_0234      equ   $08DA
     08E7             (road_buffers_exte):00240         Line_0235      equ   $08E7
     08F4             (road_buffers_exte):00241         Line_0236      equ   $08F4
     0901             (road_buffers_exte):00242         Line_0237      equ   $0901
     090E             (road_buffers_exte):00243         Line_0238      equ   $090E
     091B             (road_buffers_exte):00244         Line_0239      equ   $091B
     0928             (road_buffers_exte):00245         Line_0240      equ   $0928
     0935             (road_buffers_exte):00246         Line_0241      equ   $0935
     0942             (road_buffers_exte):00247         Line_0242      equ   $0942
     094F             (road_buffers_exte):00248         Line_0243      equ   $094F
     095C             (road_buffers_exte):00249         Line_0244      equ   $095C
     0969             (road_buffers_exte):00250         Line_0245      equ   $0969
     0976             (road_buffers_exte):00251         Line_0246      equ   $0976
     0983             (road_buffers_exte):00252         Line_0247      equ   $0983
     0990             (road_buffers_exte):00253         Line_0248      equ   $0990
     099D             (road_buffers_exte):00254         Line_0249      equ   $099D
     09AA             (road_buffers_exte):00255         Line_0250      equ   $09AA
     09B7             (road_buffers_exte):00256         Line_0251      equ   $09B7
     09C4             (road_buffers_exte):00257         Line_0252      equ   $09C4
     09D3             (road_buffers_exte):00258         Line_0253      equ   $09D3
     09E2             (road_buffers_exte):00259         Line_0254      equ   $09E2
     09F1             (road_buffers_exte):00260         Line_0255      equ   $09F1
     0A00             (road_buffers_exte):00261         Line_0256      equ   $0A00
     0A0F             (road_buffers_exte):00262         Line_0257      equ   $0A0F
     0A1E             (road_buffers_exte):00263         Line_0258      equ   $0A1E
     0A2D             (road_buffers_exte):00264         Line_0259      equ   $0A2D
     0A3C             (road_buffers_exte):00265         Line_0260      equ   $0A3C
     0A4B             (road_buffers_exte):00266         Line_0261      equ   $0A4B
     0A5A             (road_buffers_exte):00267         Line_0262      equ   $0A5A
     0A69             (road_buffers_exte):00268         Line_0263      equ   $0A69
     0A78             (road_buffers_exte):00269         Line_0264      equ   $0A78
     0A87             (road_buffers_exte):00270         Line_0265      equ   $0A87
     0A96             (road_buffers_exte):00271         Line_0266      equ   $0A96
     0AA5             (road_buffers_exte):00272         Line_0267      equ   $0AA5
     0AB4             (road_buffers_exte):00273         Line_0268      equ   $0AB4
     0AC3             (road_buffers_exte):00274         Line_0269      equ   $0AC3
     0AD2             (road_buffers_exte):00275         Line_0270      equ   $0AD2
     0AE1             (road_buffers_exte):00276         Line_0271      equ   $0AE1
     0AF0             (road_buffers_exte):00277         Line_0272      equ   $0AF0
     0AFF             (road_buffers_exte):00278         Line_0273      equ   $0AFF
     0B0E             (road_buffers_exte):00279         Line_0274      equ   $0B0E
     0B1D             (road_buffers_exte):00280         Line_0275      equ   $0B1D
     0B2C             (road_buffers_exte):00281         Line_0276      equ   $0B2C
     0B3B             (road_buffers_exte):00282         Line_0277      equ   $0B3B
     0B4A             (road_buffers_exte):00283         Line_0278      equ   $0B4A
     0B59             (road_buffers_exte):00284         Line_0279      equ   $0B59
     0B68             (road_buffers_exte):00285         Line_0280      equ   $0B68
     0B77             (road_buffers_exte):00286         Line_0281      equ   $0B77
     0B86             (road_buffers_exte):00287         Line_0282      equ   $0B86
     0B95             (road_buffers_exte):00288         Line_0283      equ   $0B95
     0BA4             (road_buffers_exte):00289         Line_0284      equ   $0BA4
     0BB3             (road_buffers_exte):00290         Line_0285      equ   $0BB3
     0BC2             (road_buffers_exte):00291         Line_0286      equ   $0BC2
     0BD1             (road_buffers_exte):00292         Line_0287      equ   $0BD1
     0BE0             (road_buffers_exte):00293         Line_0288      equ   $0BE0
     0BEF             (road_buffers_exte):00294         Line_0289      equ   $0BEF
     0BFE             (road_buffers_exte):00295         Line_0290      equ   $0BFE
     0C0D             (road_buffers_exte):00296         Line_0291      equ   $0C0D
     0C1C             (road_buffers_exte):00297         Line_0292      equ   $0C1C
     0C2B             (road_buffers_exte):00298         Line_0293      equ   $0C2B
     0C3A             (road_buffers_exte):00299         Line_0294      equ   $0C3A
     0C49             (road_buffers_exte):00300         Line_0295      equ   $0C49
     0C58             (road_buffers_exte):00301         Line_0296      equ   $0C58
     0C67             (road_buffers_exte):00302         Line_0297      equ   $0C67
     0C76             (road_buffers_exte):00303         Line_0298      equ   $0C76
     0C85             (road_buffers_exte):00304         Line_0299      equ   $0C85
     0C94             (road_buffers_exte):00305         Line_0300      equ   $0C94
     0CA3             (road_buffers_exte):00306         Line_0301      equ   $0CA3
     0CB2             (road_buffers_exte):00307         Line_0302      equ   $0CB2
     0CC1             (road_buffers_exte):00308         Line_0303      equ   $0CC1
     0CD0             (road_buffers_exte):00309         Line_0304      equ   $0CD0
     0CDF             (road_buffers_exte):00310         Line_0305      equ   $0CDF
     0CEE             (road_buffers_exte):00311         Line_0306      equ   $0CEE
     0CFD             (road_buffers_exte):00312         Line_0307      equ   $0CFD
     0D0C             (road_buffers_exte):00313         Line_0308      equ   $0D0C
     0D1B             (road_buffers_exte):00314         Line_0309      equ   $0D1B
     0D2A             (road_buffers_exte):00315         Line_0310      equ   $0D2A
     0D3B             (road_buffers_exte):00316         Line_0311      equ   $0D3B
     0D4A             (road_buffers_exte):00317         Line_0312      equ   $0D4A
     0D59             (road_buffers_exte):00318         Line_0313      equ   $0D59
     0D6A             (road_buffers_exte):00319         Line_0314      equ   $0D6A
     0D7B             (road_buffers_exte):00320         Line_0315      equ   $0D7B
     0D8A             (road_buffers_exte):00321         Line_0316      equ   $0D8A
     0D99             (road_buffers_exte):00322         Line_0317      equ   $0D99
     0DAA             (road_buffers_exte):00323         Line_0318      equ   $0DAA
     0DBB             (road_buffers_exte):00324         Line_0319      equ   $0DBB
     0DCC             (road_buffers_exte):00325         Line_0320      equ   $0DCC
     0DDD             (road_buffers_exte):00326         Line_0321      equ   $0DDD
     0DEE             (road_buffers_exte):00327         Line_0322      equ   $0DEE
     0DFF             (road_buffers_exte):00328         Line_0323      equ   $0DFF
     0E10             (road_buffers_exte):00329         Line_0324      equ   $0E10
     0E21             (road_buffers_exte):00330         Line_0325      equ   $0E21
     0E32             (road_buffers_exte):00331         Line_0326      equ   $0E32
     0E43             (road_buffers_exte):00332         Line_0327      equ   $0E43
     0E54             (road_buffers_exte):00333         Line_0328      equ   $0E54
     0E65             (road_buffers_exte):00334         Line_0329      equ   $0E65
     0E76             (road_buffers_exte):00335         Line_0330      equ   $0E76
     0E87             (road_buffers_exte):00336         Line_0331      equ   $0E87
     0E98             (road_buffers_exte):00337         Line_0332      equ   $0E98
     0EA9             (road_buffers_exte):00338         Line_0333      equ   $0EA9
     0EBA             (road_buffers_exte):00339         Line_0334      equ   $0EBA
     0ECB             (road_buffers_exte):00340         Line_0335      equ   $0ECB
     0EDC             (road_buffers_exte):00341         Line_0336      equ   $0EDC
     0EED             (road_buffers_exte):00342         Line_0337      equ   $0EED
     0EFE             (road_buffers_exte):00343         Line_0338      equ   $0EFE
     0F0F             (road_buffers_exte):00344         Line_0339      equ   $0F0F
     0F20             (road_buffers_exte):00345         Line_0340      equ   $0F20
     0F31             (road_buffers_exte):00346         Line_0341      equ   $0F31
     0F42             (road_buffers_exte):00347         Line_0342      equ   $0F42
     0F53             (road_buffers_exte):00348         Line_0343      equ   $0F53
     0F64             (road_buffers_exte):00349         Line_0344      equ   $0F64
     0F75             (road_buffers_exte):00350         Line_0345      equ   $0F75
     0F86             (road_buffers_exte):00351         Line_0346      equ   $0F86
     0F97             (road_buffers_exte):00352         Line_0347      equ   $0F97
     0FA8             (road_buffers_exte):00353         Line_0348      equ   $0FA8
     0FB9             (road_buffers_exte):00354         Line_0349      equ   $0FB9
     0FCA             (road_buffers_exte):00355         Line_0350      equ   $0FCA
     0FDB             (road_buffers_exte):00356         Line_0351      equ   $0FDB
     0FEC             (road_buffers_exte):00357         Line_0352      equ   $0FEC
     0FFD             (road_buffers_exte):00358         Line_0353      equ   $0FFD
     100E             (road_buffers_exte):00359         Line_0354      equ   $100E
     101F             (road_buffers_exte):00360         Line_0355      equ   $101F
     1030             (road_buffers_exte):00361         Line_0356      equ   $1030
     1041             (road_buffers_exte):00362         Line_0357      equ   $1041
     1052             (road_buffers_exte):00363         Line_0358      equ   $1052
     1063             (road_buffers_exte):00364         Line_0359      equ   $1063
     1074             (road_buffers_exte):00365         Line_0360      equ   $1074
     1085             (road_buffers_exte):00366         Line_0361      equ   $1085
     1096             (road_buffers_exte):00367         Line_0362      equ   $1096
     10A7             (road_buffers_exte):00368         Line_0363      equ   $10A7
     10B8             (road_buffers_exte):00369         Line_0364      equ   $10B8
     10CB             (road_buffers_exte):00370         Line_0365      equ   $10CB
     10DE             (road_buffers_exte):00371         Line_0366      equ   $10DE
     10F1             (road_buffers_exte):00372         Line_0367      equ   $10F1
     1102             (road_buffers_exte):00373         Line_0368      equ   $1102
     1113             (road_buffers_exte):00374         Line_0369      equ   $1113
     1126             (road_buffers_exte):00375         Line_0370      equ   $1126
     1139             (road_buffers_exte):00376         Line_0371      equ   $1139
     114C             (road_buffers_exte):00377         Line_0372      equ   $114C
     115F             (road_buffers_exte):00378         Line_0373      equ   $115F
     1172             (road_buffers_exte):00379         Line_0374      equ   $1172
     1185             (road_buffers_exte):00380         Line_0375      equ   $1185
     119A             (road_buffers_exte):00381         Line_0376      equ   $119A
     11AF             (road_buffers_exte):00382         Line_0377      equ   $11AF
     11C2             (road_buffers_exte):00383         Line_0378      equ   $11C2
     11D5             (road_buffers_exte):00384         Line_0379      equ   $11D5
     11EA             (road_buffers_exte):00385         Line_0380      equ   $11EA
     11FF             (road_buffers_exte):00386         Line_0381      equ   $11FF
     1212             (road_buffers_exte):00387         Line_0382      equ   $1212
     1227             (road_buffers_exte):00388         Line_0383      equ   $1227
     123C             (road_buffers_exte):00389         Line_0384      equ   $123C
     1251             (road_buffers_exte):00390         Line_0385      equ   $1251
     1266             (road_buffers_exte):00391         Line_0386      equ   $1266
     1279             (road_buffers_exte):00392         Line_0387      equ   $1279
     128C             (road_buffers_exte):00393         Line_0388      equ   $128C
     129F             (road_buffers_exte):00394         Line_0389      equ   $129F
     12B2             (road_buffers_exte):00395         Line_0390      equ   $12B2
     12C5             (road_buffers_exte):00396         Line_0391      equ   $12C5
     12D8             (road_buffers_exte):00397         Line_0392      equ   $12D8
     12EB             (road_buffers_exte):00398         Line_0393      equ   $12EB
     12FE             (road_buffers_exte):00399         Line_0394      equ   $12FE
     1311             (road_buffers_exte):00400         Line_0395      equ   $1311
     1324             (road_buffers_exte):00401         Line_0396      equ   $1324
     1337             (road_buffers_exte):00402         Line_0397      equ   $1337
     134A             (road_buffers_exte):00403         Line_0398      equ   $134A
     135D             (road_buffers_exte):00404         Line_0399      equ   $135D
     1370             (road_buffers_exte):00405         Line_0400      equ   $1370
     1383             (road_buffers_exte):00406         Line_0401      equ   $1383
     1396             (road_buffers_exte):00407         Line_0402      equ   $1396
     13A9             (road_buffers_exte):00408         Line_0403      equ   $13A9
     13BC             (road_buffers_exte):00409         Line_0404      equ   $13BC
     13CF             (road_buffers_exte):00410         Line_0405      equ   $13CF
     13E2             (road_buffers_exte):00411         Line_0406      equ   $13E2
     13F5             (road_buffers_exte):00412         Line_0407      equ   $13F5
     1408             (road_buffers_exte):00413         Line_0408      equ   $1408
     141B             (road_buffers_exte):00414         Line_0409      equ   $141B
     142E             (road_buffers_exte):00415         Line_0410      equ   $142E
     1441             (road_buffers_exte):00416         Line_0411      equ   $1441
     1454             (road_buffers_exte):00417         Line_0412      equ   $1454
     1467             (road_buffers_exte):00418         Line_0413      equ   $1467
     147A             (road_buffers_exte):00419         Line_0414      equ   $147A
     148D             (road_buffers_exte):00420         Line_0415      equ   $148D
     14A0             (road_buffers_exte):00421         Line_0416      equ   $14A0
     14B3             (road_buffers_exte):00422         Line_0417      equ   $14B3
     14C6             (road_buffers_exte):00423         Line_0418      equ   $14C6
     14DB             (road_buffers_exte):00424         Line_0419      equ   $14DB
     14EE             (road_buffers_exte):00425         Line_0420      equ   $14EE
     1501             (road_buffers_exte):00426         Line_0421      equ   $1501
     1516             (road_buffers_exte):00427         Line_0422      equ   $1516
     152B             (road_buffers_exte):00428         Line_0423      equ   $152B
     153E             (road_buffers_exte):00429         Line_0424      equ   $153E
     1551             (road_buffers_exte):00430         Line_0425      equ   $1551
     1566             (road_buffers_exte):00431         Line_0426      equ   $1566
     157B             (road_buffers_exte):00432         Line_0427      equ   $157B
     1590             (road_buffers_exte):00433         Line_0428      equ   $1590
     15A5             (road_buffers_exte):00434         Line_0429      equ   $15A5
     15BA             (road_buffers_exte):00435         Line_0430      equ   $15BA
     15CF             (road_buffers_exte):00436         Line_0431      equ   $15CF
     15E4             (road_buffers_exte):00437         Line_0432      equ   $15E4
     15F9             (road_buffers_exte):00438         Line_0433      equ   $15F9
     160E             (road_buffers_exte):00439         Line_0434      equ   $160E
     1623             (road_buffers_exte):00440         Line_0435      equ   $1623
     163A             (road_buffers_exte):00441         Line_0436      equ   $163A
     1651             (road_buffers_exte):00442         Line_0437      equ   $1651
     1666             (road_buffers_exte):00443         Line_0438      equ   $1666
     167B             (road_buffers_exte):00444         Line_0439      equ   $167B
     1692             (road_buffers_exte):00445         Line_0440      equ   $1692
     16A9             (road_buffers_exte):00446         Line_0441      equ   $16A9
     16BE             (road_buffers_exte):00447         Line_0442      equ   $16BE
     16D5             (road_buffers_exte):00448         Line_0443      equ   $16D5
     16EC             (road_buffers_exte):00449         Line_0444      equ   $16EC
     1703             (road_buffers_exte):00450         Line_0445      equ   $1703
     171A             (road_buffers_exte):00451         Line_0446      equ   $171A
     1731             (road_buffers_exte):00452         Line_0447      equ   $1731
     1748             (road_buffers_exte):00453         Line_0448      equ   $1748
     175F             (road_buffers_exte):00454         Line_0449      equ   $175F
     1776             (road_buffers_exte):00455         Line_0450      equ   $1776
     178D             (road_buffers_exte):00456         Line_0451      equ   $178D
     17A4             (road_buffers_exte):00457         Line_0452      equ   $17A4
     17BB             (road_buffers_exte):00458         Line_0453      equ   $17BB
     17D2             (road_buffers_exte):00459         Line_0454      equ   $17D2
     17E9             (road_buffers_exte):00460         Line_0455      equ   $17E9
     1800             (road_buffers_exte):00461         Line_0456      equ   $1800
     1817             (road_buffers_exte):00462         Line_0457      equ   $1817
     182E             (road_buffers_exte):00463         Line_0458      equ   $182E
     1845             (road_buffers_exte):00464         Line_0459      equ   $1845
     185C             (road_buffers_exte):00465         Line_0460      equ   $185C
     1871             (road_buffers_exte):00466         Line_0461      equ   $1871
     1886             (road_buffers_exte):00467         Line_0462      equ   $1886
     189B             (road_buffers_exte):00468         Line_0463      equ   $189B
     18B0             (road_buffers_exte):00469         Line_0464      equ   $18B0
     18C5             (road_buffers_exte):00470         Line_0465      equ   $18C5
     18DA             (road_buffers_exte):00471         Line_0466      equ   $18DA
     18EF             (road_buffers_exte):00472         Line_0467      equ   $18EF
     1904             (road_buffers_exte):00473         Line_0468      equ   $1904
     1919             (road_buffers_exte):00474         Line_0469      equ   $1919
     192E             (road_buffers_exte):00475         Line_0470      equ   $192E
     1943             (road_buffers_exte):00476         Line_0471      equ   $1943
     1958             (road_buffers_exte):00477         Line_0472      equ   $1958
     196D             (road_buffers_exte):00478         Line_0473      equ   $196D
     1982             (road_buffers_exte):00479         Line_0474      equ   $1982
     1997             (road_buffers_exte):00480         Line_0475      equ   $1997
     19AC             (road_buffers_exte):00481         Line_0476      equ   $19AC
     19C1             (road_buffers_exte):00482         Line_0477      equ   $19C1
     19D6             (road_buffers_exte):00483         Line_0478      equ   $19D6
     19EB             (road_buffers_exte):00484         Line_0479      equ   $19EB
     1A00             (road_buffers_exte):00485         Line_0480      equ   $1A00
     1A17             (road_buffers_exte):00486         Line_0481      equ   $1A17
     1A2E             (road_buffers_exte):00487         Line_0482      equ   $1A2E
     1A45             (road_buffers_exte):00488         Line_0483      equ   $1A45
     1A5A             (road_buffers_exte):00489         Line_0484      equ   $1A5A
     1A6F             (road_buffers_exte):00490         Line_0485      equ   $1A6F
     1A86             (road_buffers_exte):00491         Line_0486      equ   $1A86
     1A9B             (road_buffers_exte):00492         Line_0487      equ   $1A9B
     1AB0             (road_buffers_exte):00493         Line_0488      equ   $1AB0
     1AC7             (road_buffers_exte):00494         Line_0489      equ   $1AC7
     1ADE             (road_buffers_exte):00495         Line_0490      equ   $1ADE
     1AF5             (road_buffers_exte):00496         Line_0491      equ   $1AF5
     1B0C             (road_buffers_exte):00497         Line_0492      equ   $1B0C
     1B23             (road_buffers_exte):00498         Line_0493      equ   $1B23
     1B3A             (road_buffers_exte):00499         Line_0494      equ   $1B3A
     1B51             (road_buffers_exte):00500         Line_0495      equ   $1B51
     1B68             (road_buffers_exte):00501         Line_0496      equ   $1B68
     1B7F             (road_buffers_exte):00502         Line_0497      equ   $1B7F
     1B98             (road_buffers_exte):00503         Line_0498      equ   $1B98
     1BB1             (road_buffers_exte):00504         Line_0499      equ   $1BB1
     1BC8             (road_buffers_exte):00505         Line_0500      equ   $1BC8
     1BE1             (road_buffers_exte):00506         Line_0501      equ   $1BE1
     1BFA             (road_buffers_exte):00507         Line_0502      equ   $1BFA
     1C13             (road_buffers_exte):00508         Line_0503      equ   $1C13
     1C2C             (road_buffers_exte):00509         Line_0504      equ   $1C2C
     1C45             (road_buffers_exte):00510         Line_0505      equ   $1C45
     1C5E             (road_buffers_exte):00511         Line_0506      equ   $1C5E
     1C77             (road_buffers_exte):00512         Line_0507      equ   $1C77
     1C90             (road_buffers_exte):00513         Line_0508      equ   $1C90
     1CA9             (road_buffers_exte):00514         Line_0509      equ   $1CA9
     1CC2             (road_buffers_exte):00515         Line_0510      equ   $1CC2
     1CDB             (road_buffers_exte):00516         Line_0511      equ   $1CDB
     1CF4             (road_buffers_exte):00517         Line_0512      equ   $1CF4
     1D0D             (road_buffers_exte):00518         Line_0513      equ   $1D0D
     1D26             (road_buffers_exte):00519         Line_0514      equ   $1D26
     1D3F             (road_buffers_exte):00520         Line_0515      equ   $1D3F
     1D58             (road_buffers_exte):00521         Line_0516      equ   $1D58
     1D71             (road_buffers_exte):00522         Line_0517      equ   $1D71
     1D8A             (road_buffers_exte):00523         Line_0518      equ   $1D8A
     1DA3             (road_buffers_exte):00524         Line_0519      equ   $1DA3
     1DBC             (road_buffers_exte):00525         Line_0520      equ   $1DBC
     1DD5             (road_buffers_exte):00526         Line_0521      equ   $1DD5
     1DEE             (road_buffers_exte):00527         Line_0522      equ   $1DEE
     1E07             (road_buffers_exte):00528         Line_0523      equ   $1E07
     1E20             (road_buffers_exte):00529         Line_0524      equ   $1E20
     1E39             (road_buffers_exte):00530         Line_0525      equ   $1E39
     1E52             (road_buffers_exte):00531         Line_0526      equ   $1E52
     1E6B             (road_buffers_exte):00532         Line_0527      equ   $1E6B
     1E84             (road_buffers_exte):00533         Line_0528      equ   $1E84
     1E9D             (road_buffers_exte):00534         Line_0529      equ   $1E9D
     1EB6             (road_buffers_exte):00535         Line_0530      equ   $1EB6
     1ECD             (road_buffers_exte):00536         Line_0531      equ   $1ECD
     1EE4             (road_buffers_exte):00537         Line_0532      equ   $1EE4
     1EFB             (road_buffers_exte):00538         Line_0533      equ   $1EFB
     1F12             (road_buffers_exte):00539         Line_0534      equ   $1F12
     1F2B             (road_buffers_exte):00540         Line_0535      equ   $1F2B
     1F44             (road_buffers_exte):00541         Line_0536      equ   $1F44
     1F5D             (road_buffers_exte):00542         Line_0537      equ   $1F5D
     1F76             (road_buffers_exte):00543         Line_0538      equ   $1F76
     1F8F             (road_buffers_exte):00544         Line_0539      equ   $1F8F
     1FA8             (road_buffers_exte):00545         Line_0540      equ   $1FA8
     1FC1             (road_buffers_exte):00546         Line_0541      equ   $1FC1
     1FDC             (road_buffers_exte):00547         Line_0542      equ   $1FDC
     1FF7             (road_buffers_exte):00548         Line_0543      equ   $1FF7
     2010             (road_buffers_exte):00549         Line_0544      equ   $2010
     202B             (road_buffers_exte):00550         Line_0545      equ   $202B
     2046             (road_buffers_exte):00551         Line_0546      equ   $2046
     2061             (road_buffers_exte):00552         Line_0547      equ   $2061
     207C             (road_buffers_exte):00553         Line_0548      equ   $207C
     2097             (road_buffers_exte):00554         Line_0549      equ   $2097
     20B2             (road_buffers_exte):00555         Line_0550      equ   $20B2
     20CD             (road_buffers_exte):00556         Line_0551      equ   $20CD
     20E8             (road_buffers_exte):00557         Line_0552      equ   $20E8
     2103             (road_buffers_exte):00558         Line_0553      equ   $2103
     211E             (road_buffers_exte):00559         Line_0554      equ   $211E
     2139             (road_buffers_exte):00560         Line_0555      equ   $2139
     2154             (road_buffers_exte):00561         Line_0556      equ   $2154
     216F             (road_buffers_exte):00562         Line_0557      equ   $216F
     218A             (road_buffers_exte):00563         Line_0558      equ   $218A
     21A5             (road_buffers_exte):00564         Line_0559      equ   $21A5
     21C0             (road_buffers_exte):00565         Line_0560      equ   $21C0
     21DB             (road_buffers_exte):00566         Line_0561      equ   $21DB
     21F6             (road_buffers_exte):00567         Line_0562      equ   $21F6
     2211             (road_buffers_exte):00568         Line_0563      equ   $2211
     222C             (road_buffers_exte):00569         Line_0564      equ   $222C
     2247             (road_buffers_exte):00570         Line_0565      equ   $2247
     2262             (road_buffers_exte):00571         Line_0566      equ   $2262
     227D             (road_buffers_exte):00572         Line_0567      equ   $227D
     2298             (road_buffers_exte):00573         Line_0568      equ   $2298
     22B3             (road_buffers_exte):00574         Line_0569      equ   $22B3
     22CE             (road_buffers_exte):00575         Line_0570      equ   $22CE
     22E9             (road_buffers_exte):00576         Line_0571      equ   $22E9
     2304             (road_buffers_exte):00577         Line_0572      equ   $2304
     231F             (road_buffers_exte):00578         Line_0573      equ   $231F
     233A             (road_buffers_exte):00579         Line_0574      equ   $233A
     2355             (road_buffers_exte):00580         Line_0575      equ   $2355
     2370             (road_buffers_exte):00581         Line_0576      equ   $2370
     238B             (road_buffers_exte):00582         Line_0577      equ   $238B
     23A6             (road_buffers_exte):00583         Line_0578      equ   $23A6
     23C1             (road_buffers_exte):00584         Line_0579      equ   $23C1
     23DC             (road_buffers_exte):00585         Line_0580      equ   $23DC
     23F7             (road_buffers_exte):00586         Line_0581      equ   $23F7
     2412             (road_buffers_exte):00587         Line_0582      equ   $2412
     242D             (road_buffers_exte):00588         Line_0583      equ   $242D
     2448             (road_buffers_exte):00589         Line_0584      equ   $2448
     2463             (road_buffers_exte):00590         Line_0585      equ   $2463
     247E             (road_buffers_exte):00591         Line_0586      equ   $247E
     2499             (road_buffers_exte):00592         Line_0587      equ   $2499
     24B4             (road_buffers_exte):00593         Line_0588      equ   $24B4
     24CF             (road_buffers_exte):00594         Line_0589      equ   $24CF
     24EC             (road_buffers_exte):00595         Line_0590      equ   $24EC
     2509             (road_buffers_exte):00596         Line_0591      equ   $2509
     2524             (road_buffers_exte):00597         Line_0592      equ   $2524
     253F             (road_buffers_exte):00598         Line_0593      equ   $253F
     255C             (road_buffers_exte):00599         Line_0594      equ   $255C
     2579             (road_buffers_exte):00600         Line_0595      equ   $2579
     2594             (road_buffers_exte):00601         Line_0596      equ   $2594
     25B1             (road_buffers_exte):00602         Line_0597      equ   $25B1
     25CE             (road_buffers_exte):00603         Line_0598      equ   $25CE
     25EB             (road_buffers_exte):00604         Line_0599      equ   $25EB
     2608             (road_buffers_exte):00605         Line_0600      equ   $2608
     2625             (road_buffers_exte):00606         Line_0601      equ   $2625
     2642             (road_buffers_exte):00607         Line_0602      equ   $2642
     265F             (road_buffers_exte):00608         Line_0603      equ   $265F
     267C             (road_buffers_exte):00609         Line_0604      equ   $267C
     2699             (road_buffers_exte):00610         Line_0605      equ   $2699
     26B6             (road_buffers_exte):00611         Line_0606      equ   $26B6
     26D3             (road_buffers_exte):00612         Line_0607      equ   $26D3
     26F0             (road_buffers_exte):00613         Line_0608      equ   $26F0
     270D             (road_buffers_exte):00614         Line_0609      equ   $270D
     272A             (road_buffers_exte):00615         Line_0610      equ   $272A
     2747             (road_buffers_exte):00616         Line_0611      equ   $2747
     2764             (road_buffers_exte):00617         Line_0612      equ   $2764
     2781             (road_buffers_exte):00618         Line_0613      equ   $2781
     279E             (road_buffers_exte):00619         Line_0614      equ   $279E
     27BB             (road_buffers_exte):00620         Line_0615      equ   $27BB
     27D8             (road_buffers_exte):00621         Line_0616      equ   $27D8
     27F5             (road_buffers_exte):00622         Line_0617      equ   $27F5
     2812             (road_buffers_exte):00623         Line_0618      equ   $2812
     282F             (road_buffers_exte):00624         Line_0619      equ   $282F
     284C             (road_buffers_exte):00625         Line_0620      equ   $284C
     2869             (road_buffers_exte):00626         Line_0621      equ   $2869
     2886             (road_buffers_exte):00627         Line_0622      equ   $2886
     28A3             (road_buffers_exte):00628         Line_0623      equ   $28A3
     28C0             (road_buffers_exte):00629         Line_0624      equ   $28C0
     28DD             (road_buffers_exte):00630         Line_0625      equ   $28DD
     28FA             (road_buffers_exte):00631         Line_0626      equ   $28FA
     2917             (road_buffers_exte):00632         Line_0627      equ   $2917
     2934             (road_buffers_exte):00633         Line_0628      equ   $2934
     2951             (road_buffers_exte):00634         Line_0629      equ   $2951
     296E             (road_buffers_exte):00635         Line_0630      equ   $296E
     298B             (road_buffers_exte):00636         Line_0631      equ   $298B
     29A8             (road_buffers_exte):00637         Line_0632      equ   $29A8
     29C5             (road_buffers_exte):00638         Line_0633      equ   $29C5
     29E2             (road_buffers_exte):00639         Line_0634      equ   $29E2
     29FF             (road_buffers_exte):00640         Line_0635      equ   $29FF
     2A1C             (road_buffers_exte):00641         Line_0636      equ   $2A1C
     2A39             (road_buffers_exte):00642         Line_0637      equ   $2A39
     2A56             (road_buffers_exte):00643         Line_0638      equ   $2A56
     2A73             (road_buffers_exte):00644         Line_0639      equ   $2A73
     2A90             (road_buffers_exte):00645         Line_0640      equ   $2A90
     2AAD             (road_buffers_exte):00646         Line_0641      equ   $2AAD
     2ACA             (road_buffers_exte):00647         Line_0642      equ   $2ACA
     2AE7             (road_buffers_exte):00648         Line_0643      equ   $2AE7
     2B04             (road_buffers_exte):00649         Line_0644      equ   $2B04
     2B21             (road_buffers_exte):00650         Line_0645      equ   $2B21
     2B3E             (road_buffers_exte):00651         Line_0646      equ   $2B3E
     2B5B             (road_buffers_exte):00652         Line_0647      equ   $2B5B
     2B78             (road_buffers_exte):00653         Line_0648      equ   $2B78
     2B95             (road_buffers_exte):00654         Line_0649      equ   $2B95
     2BB2             (road_buffers_exte):00655         Line_0650      equ   $2BB2
     2BCF             (road_buffers_exte):00656         Line_0651      equ   $2BCF
     2BEC             (road_buffers_exte):00657         Line_0652      equ   $2BEC
     2C09             (road_buffers_exte):00658         Line_0653      equ   $2C09
     2C26             (road_buffers_exte):00659         Line_0654      equ   $2C26
     2C43             (road_buffers_exte):00660         Line_0655      equ   $2C43
     2C60             (road_buffers_exte):00661         Line_0656      equ   $2C60
     2C7F             (road_buffers_exte):00662         Line_0657      equ   $2C7F
     2C9E             (road_buffers_exte):00663         Line_0658      equ   $2C9E
     2CBD             (road_buffers_exte):00664         Line_0659      equ   $2CBD
     2CDC             (road_buffers_exte):00665         Line_0660      equ   $2CDC
     2CFB             (road_buffers_exte):00666         Line_0661      equ   $2CFB
     2D1A             (road_buffers_exte):00667         Line_0662      equ   $2D1A
     2D39             (road_buffers_exte):00668         Line_0663      equ   $2D39
     2D58             (road_buffers_exte):00669         Line_0664      equ   $2D58
     2D77             (road_buffers_exte):00670         Line_0665      equ   $2D77
     2D96             (road_buffers_exte):00671         Line_0666      equ   $2D96
     2DB5             (road_buffers_exte):00672         Line_0667      equ   $2DB5
     2DD4             (road_buffers_exte):00673         Line_0668      equ   $2DD4
     2DF3             (road_buffers_exte):00674         Line_0669      equ   $2DF3
     2E12             (road_buffers_exte):00675         Line_0670      equ   $2E12
     2E31             (road_buffers_exte):00676         Line_0671      equ   $2E31
     2E50             (road_buffers_exte):00677         Line_0672      equ   $2E50
     2E6F             (road_buffers_exte):00678         Line_0673      equ   $2E6F
     2E8E             (road_buffers_exte):00679         Line_0674      equ   $2E8E
     2EAD             (road_buffers_exte):00680         Line_0675      equ   $2EAD
     2ECC             (road_buffers_exte):00681         Line_0676      equ   $2ECC
     2EEB             (road_buffers_exte):00682         Line_0677      equ   $2EEB
     2F0A             (road_buffers_exte):00683         Line_0678      equ   $2F0A
     2F29             (road_buffers_exte):00684         Line_0679      equ   $2F29
     2F48             (road_buffers_exte):00685         Line_0680      equ   $2F48
     2F67             (road_buffers_exte):00686         Line_0681      equ   $2F67
     2F86             (road_buffers_exte):00687         Line_0682      equ   $2F86
     2FA5             (road_buffers_exte):00688         Line_0683      equ   $2FA5
     2FC4             (road_buffers_exte):00689         Line_0684      equ   $2FC4
     2FE3             (road_buffers_exte):00690         Line_0685      equ   $2FE3
     3002             (road_buffers_exte):00691         Line_0686      equ   $3002
     3021             (road_buffers_exte):00692         Line_0687      equ   $3021
     3040             (road_buffers_exte):00693         Line_0688      equ   $3040
     305F             (road_buffers_exte):00694         Line_0689      equ   $305F
     307E             (road_buffers_exte):00695         Line_0690      equ   $307E
     309D             (road_buffers_exte):00696         Line_0691      equ   $309D
     30BC             (road_buffers_exte):00697         Line_0692      equ   $30BC
     30DB             (road_buffers_exte):00698         Line_0693      equ   $30DB
     30FA             (road_buffers_exte):00699         Line_0694      equ   $30FA
     3119             (road_buffers_exte):00700         Line_0695      equ   $3119
     3138             (road_buffers_exte):00701         Line_0696      equ   $3138
     3157             (road_buffers_exte):00702         Line_0697      equ   $3157
     3176             (road_buffers_exte):00703         Line_0698      equ   $3176
     3195             (road_buffers_exte):00704         Line_0699      equ   $3195
     31B4             (road_buffers_exte):00705         Line_0700      equ   $31B4
     31D3             (road_buffers_exte):00706         Line_0701      equ   $31D3
     31F2             (road_buffers_exte):00707         Line_0702      equ   $31F2
     3211             (road_buffers_exte):00708         Line_0703      equ   $3211
     3230             (road_buffers_exte):00709         Line_0704      equ   $3230
     324F             (road_buffers_exte):00710         Line_0705      equ   $324F
     326E             (road_buffers_exte):00711         Line_0706      equ   $326E
     328D             (road_buffers_exte):00712         Line_0707      equ   $328D
     32AC             (road_buffers_exte):00713         Line_0708      equ   $32AC
     32CB             (road_buffers_exte):00714         Line_0709      equ   $32CB
     32EA             (road_buffers_exte):00715         Line_0710      equ   $32EA
     3309             (road_buffers_exte):00716         Line_0711      equ   $3309
     3328             (road_buffers_exte):00717         Line_0712      equ   $3328
     3347             (road_buffers_exte):00718         Line_0713      equ   $3347
     3366             (road_buffers_exte):00719         Line_0714      equ   $3366
     3385             (road_buffers_exte):00720         Line_0715      equ   $3385
     33A4             (road_buffers_exte):00721         Line_0716      equ   $33A4
     33C3             (road_buffers_exte):00722         Line_0717      equ   $33C3
     33E2             (road_buffers_exte):00723         Line_0718      equ   $33E2
     3401             (road_buffers_exte):00724         Line_0719      equ   $3401
     3420             (road_buffers_exte):00725         Line_0720      equ   $3420
     3441             (road_buffers_exte):00726         Line_0721      equ   $3441
     3462             (road_buffers_exte):00727         Line_0722      equ   $3462
     3483             (road_buffers_exte):00728         Line_0723      equ   $3483
     34A4             (road_buffers_exte):00729         Line_0724      equ   $34A4
     34C5             (road_buffers_exte):00730         Line_0725      equ   $34C5
     34E6             (road_buffers_exte):00731         Line_0726      equ   $34E6
     3507             (road_buffers_exte):00732         Line_0727      equ   $3507
     3528             (road_buffers_exte):00733         Line_0728      equ   $3528
     3549             (road_buffers_exte):00734         Line_0729      equ   $3549
     356A             (road_buffers_exte):00735         Line_0730      equ   $356A
     358B             (road_buffers_exte):00736         Line_0731      equ   $358B
     35AC             (road_buffers_exte):00737         Line_0732      equ   $35AC
     35CD             (road_buffers_exte):00738         Line_0733      equ   $35CD
     35EE             (road_buffers_exte):00739         Line_0734      equ   $35EE
     360F             (road_buffers_exte):00740         Line_0735      equ   $360F
     3630             (road_buffers_exte):00741         Line_0736      equ   $3630
     3651             (road_buffers_exte):00742         Line_0737      equ   $3651
     3672             (road_buffers_exte):00743         Line_0738      equ   $3672
     3693             (road_buffers_exte):00744         Line_0739      equ   $3693
     36B4             (road_buffers_exte):00745         Line_0740      equ   $36B4
     36D5             (road_buffers_exte):00746         Line_0741      equ   $36D5
     36F6             (road_buffers_exte):00747         Line_0742      equ   $36F6
     3717             (road_buffers_exte):00748         Line_0743      equ   $3717
     3738             (road_buffers_exte):00749         Line_0744      equ   $3738
     3759             (road_buffers_exte):00750         Line_0745      equ   $3759
     377A             (road_buffers_exte):00751         Line_0746      equ   $377A
     379B             (road_buffers_exte):00752         Line_0747      equ   $379B
     37BC             (road_buffers_exte):00753         Line_0748      equ   $37BC
     37DD             (road_buffers_exte):00754         Line_0749      equ   $37DD
     37FE             (road_buffers_exte):00755         Line_0750      equ   $37FE
     381F             (road_buffers_exte):00756         Line_0751      equ   $381F
     3840             (road_buffers_exte):00757         Line_0752      equ   $3840
     3861             (road_buffers_exte):00758         Line_0753      equ   $3861
     3882             (road_buffers_exte):00759         Line_0754      equ   $3882
     38A3             (road_buffers_exte):00760         Line_0755      equ   $38A3
     38C4             (road_buffers_exte):00761         Line_0756      equ   $38C4
     38E5             (road_buffers_exte):00762         Line_0757      equ   $38E5
     3906             (road_buffers_exte):00763         Line_0758      equ   $3906
     3927             (road_buffers_exte):00764         Line_0759      equ   $3927
     3948             (road_buffers_exte):00765         Line_0760      equ   $3948
     3969             (road_buffers_exte):00766         Line_0761      equ   $3969
     398A             (road_buffers_exte):00767         Line_0762      equ   $398A
     39AB             (road_buffers_exte):00768         Line_0763      equ   $39AB
     39CC             (road_buffers_exte):00769         Line_0764      equ   $39CC
     39ED             (road_buffers_exte):00770         Line_0765      equ   $39ED
     3A0E             (road_buffers_exte):00771         Line_0766      equ   $3A0E
     3A2F             (road_buffers_exte):00772         Line_0767      equ   $3A2F
     3A50             (road_buffers_exte):00773         Line_0768      equ   $3A50
     3A71             (road_buffers_exte):00774         Line_0769      equ   $3A71
     3A92             (road_buffers_exte):00775         Line_0770      equ   $3A92
     3AB3             (road_buffers_exte):00776         Line_0771      equ   $3AB3
     3AD4             (road_buffers_exte):00777         Line_0772      equ   $3AD4
     3AF5             (road_buffers_exte):00778         Line_0773      equ   $3AF5
     3B16             (road_buffers_exte):00779         Line_0774      equ   $3B16
     3B37             (road_buffers_exte):00780         Line_0775      equ   $3B37
     3B58             (road_buffers_exte):00781         Line_0776      equ   $3B58
     3B79             (road_buffers_exte):00782         Line_0777      equ   $3B79
     3B9A             (road_buffers_exte):00783         Line_0778      equ   $3B9A
     3BBB             (road_buffers_exte):00784         Line_0779      equ   $3BBB
     3BDC             (road_buffers_exte):00785         Line_0780      equ   $3BDC
     3BFD             (road_buffers_exte):00786         Line_0781      equ   $3BFD
     3C1E             (road_buffers_exte):00787         Line_0782      equ   $3C1E
     3C3F             (road_buffers_exte):00788         Line_0783      equ   $3C3F
     3C60             (road_buffers_exte):00789         Line_0784      equ   $3C60
     3C81             (road_buffers_exte):00790         Line_0785      equ   $3C81
     3CA2             (road_buffers_exte):00791         Line_0786      equ   $3CA2
     3CC3             (road_buffers_exte):00792         Line_0787      equ   $3CC3
     3CE4             (road_buffers_exte):00793         Line_0788      equ   $3CE4
     3D05             (road_buffers_exte):00794         Line_0789      equ   $3D05
     3D26             (road_buffers_exte):00795         Line_0790      equ   $3D26
     3D47             (road_buffers_exte):00796         Line_0791      equ   $3D47
     3D68             (road_buffers_exte):00797         Line_0792      equ   $3D68
     3D89             (road_buffers_exte):00798         Line_0793      equ   $3D89
     3DAA             (road_buffers_exte):00799         Line_0794      equ   $3DAA
     3DCB             (road_buffers_exte):00800         Line_0795      equ   $3DCB
     3DEC             (road_buffers_exte):00801         Line_0796      equ   $3DEC
     3E0F             (road_buffers_exte):00802         Line_0797      equ   $3E0F
     3E32             (road_buffers_exte):00803         Line_0798      equ   $3E32
     3E55             (road_buffers_exte):00804         Line_0799      equ   $3E55
                      (tools/output/road):00010                 ORG   $0000
                      (tools/output/road):00011         
0000                  (tools/output/road):00012         Road_lines
0000 0000000500050008 (tools/output/road):00013                 fdb   Line_0000,Line_0001,Line_0001,Line_0002   ; ligne 000
0008 0000000500050008 (tools/output/road):00014                 fdb   Line_0000,Line_0001,Line_0001,Line_0002   ; ligne 001
0010 000D000000080012 (tools/output/road):00015                 fdb   Line_0003,Line_0000,Line_0002,Line_0004   ; ligne 002
0018 00170021001C0026 (tools/output/road):00016                 fdb   Line_0005,Line_0007,Line_0006,Line_0008   ; ligne 003
0020 00170032002B0026 (tools/output/road):00017                 fdb   Line_0005,Line_0010,Line_0009,Line_0008   ; ligne 004
0028 0017004000390026 (tools/output/road):00018                 fdb   Line_0005,Line_0012,Line_0011,Line_0008   ; ligne 005
0030 00470055004E005C (tools/output/road):00019                 fdb   Line_0013,Line_0015,Line_0014,Line_0016   ; ligne 006
0038 00470055004E005C (tools/output/road):00020                 fdb   Line_0013,Line_0015,Line_0014,Line_0016   ; ligne 007
0040 0063006A006A0071 (tools/output/road):00021                 fdb   Line_0017,Line_0018,Line_0018,Line_0019   ; ligne 008
0048 0063006A006A0071 (tools/output/road):00022                 fdb   Line_0017,Line_0018,Line_0018,Line_0019   ; ligne 009
0050 0078006A006A007F (tools/output/road):00023                 fdb   Line_0020,Line_0018,Line_0018,Line_0021   ; ligne 010
0058 00860094008D009B (tools/output/road):00024                 fdb   Line_0022,Line_0024,Line_0023,Line_0025   ; ligne 011
0060 00A200B000A900B7 (tools/output/road):00025                 fdb   Line_0026,Line_0028,Line_0027,Line_0029   ; ligne 012
0068 00BE00CC00C500D3 (tools/output/road):00026                 fdb   Line_0030,Line_0032,Line_0031,Line_0033   ; ligne 013
0070 00DA00E800E100EF (tools/output/road):00027                 fdb   Line_0034,Line_0036,Line_0035,Line_0037   ; ligne 014
0078 00F6010400FD010B (tools/output/road):00028                 fdb   Line_0038,Line_0040,Line_0039,Line_0041   ; ligne 015
0080 0112012001190127 (tools/output/road):00029                 fdb   Line_0042,Line_0044,Line_0043,Line_0045   ; ligne 016
0088 012E012001190135 (tools/output/road):00030                 fdb   Line_0046,Line_0044,Line_0043,Line_0047   ; ligne 017
0090 013C014A01430151 (tools/output/road):00031                 fdb   Line_0048,Line_0050,Line_0049,Line_0051   ; ligne 018
0098 01580166015F016D (tools/output/road):00032                 fdb   Line_0052,Line_0054,Line_0053,Line_0055   ; ligne 019
00A0 01740166015F017B (tools/output/road):00033                 fdb   Line_0056,Line_0054,Line_0053,Line_0057   ; ligne 020
00A8 01820166015F0189 (tools/output/road):00034                 fdb   Line_0058,Line_0054,Line_0053,Line_0059   ; ligne 021
00B0 019001A0019701A9 (tools/output/road):00035                 fdb   Line_0060,Line_0062,Line_0061,Line_0063   ; ligne 022
00B8 01B001C001B701C9 (tools/output/road):00036                 fdb   Line_0064,Line_0066,Line_0065,Line_0067   ; ligne 023
00C0 01D001E201D901EB (tools/output/road):00037                 fdb   Line_0068,Line_0070,Line_0069,Line_0071   ; ligne 024
00C8 01F4020601FD020F (tools/output/road):00038                 fdb   Line_0072,Line_0074,Line_0073,Line_0075   ; ligne 025
00D0 0218022A02210233 (tools/output/road):00039                 fdb   Line_0076,Line_0078,Line_0077,Line_0079   ; ligne 026
00D8 0218022A02210233 (tools/output/road):00040                 fdb   Line_0076,Line_0078,Line_0077,Line_0079   ; ligne 027
00E0 023C024E02450257 (tools/output/road):00041                 fdb   Line_0080,Line_0082,Line_0081,Line_0083   ; ligne 028
00E8 026002720269027B (tools/output/road):00042                 fdb   Line_0084,Line_0086,Line_0085,Line_0087   ; ligne 029
00F0 02840296028D029F (tools/output/road):00043                 fdb   Line_0088,Line_0090,Line_0089,Line_0091   ; ligne 030
00F8 02840296028D029F (tools/output/road):00044                 fdb   Line_0088,Line_0090,Line_0089,Line_0091   ; ligne 031
0100 02A802B102B102BA (tools/output/road):00045                 fdb   Line_0092,Line_0093,Line_0093,Line_0094   ; ligne 032
0108 02C302D502CC02DE (tools/output/road):00046                 fdb   Line_0095,Line_0097,Line_0096,Line_0098   ; ligne 033
0110 02E702F902F00302 (tools/output/road):00047                 fdb   Line_0099,Line_0101,Line_0100,Line_0102   ; ligne 034
0118 030B031D03140326 (tools/output/road):00048                 fdb   Line_0103,Line_0105,Line_0104,Line_0106   ; ligne 035
0120 032F03410338034A (tools/output/road):00049                 fdb   Line_0107,Line_0109,Line_0108,Line_0110   ; ligne 036
0128 03530365035C036E (tools/output/road):00050                 fdb   Line_0111,Line_0113,Line_0112,Line_0114   ; ligne 037
0130 0377038903800392 (tools/output/road):00051                 fdb   Line_0115,Line_0117,Line_0116,Line_0118   ; ligne 038
0138 039B03AD03A403B6 (tools/output/road):00052                 fdb   Line_0119,Line_0121,Line_0120,Line_0122   ; ligne 039
0140 03BF03AD03A403C8 (tools/output/road):00053                 fdb   Line_0123,Line_0121,Line_0120,Line_0124   ; ligne 040
0148 03D103DA03DA03E3 (tools/output/road):00054                 fdb   Line_0125,Line_0126,Line_0126,Line_0127   ; ligne 041
0150 03EC03DA03DA03F5 (tools/output/road):00055                 fdb   Line_0128,Line_0126,Line_0126,Line_0129   ; ligne 042
0158 03FE04140409041F (tools/output/road):00056                 fdb   Line_0130,Line_0132,Line_0131,Line_0133   ; ligne 043
0160 042A041404090435 (tools/output/road):00057                 fdb   Line_0134,Line_0132,Line_0131,Line_0135   ; ligne 044
0168 04400456044B0461 (tools/output/road):00058                 fdb   Line_0136,Line_0138,Line_0137,Line_0139   ; ligne 045
0170 04400456044B0461 (tools/output/road):00059                 fdb   Line_0136,Line_0138,Line_0137,Line_0139   ; ligne 046
0178 046C04820477048D (tools/output/road):00060                 fdb   Line_0140,Line_0142,Line_0141,Line_0143   ; ligne 047
0180 046C04A30498048D (tools/output/road):00061                 fdb   Line_0140,Line_0145,Line_0144,Line_0143   ; ligne 048
0188 04AE04C404B904CF (tools/output/road):00062                 fdb   Line_0146,Line_0148,Line_0147,Line_0149   ; ligne 049
0190 04DA04F004E504FB (tools/output/road):00063                 fdb   Line_0150,Line_0152,Line_0151,Line_0153   ; ligne 050
0198 050604F004E50511 (tools/output/road):00064                 fdb   Line_0154,Line_0152,Line_0151,Line_0155   ; ligne 051
01A0 051C04C404B90527 (tools/output/road):00065                 fdb   Line_0156,Line_0148,Line_0147,Line_0157   ; ligne 052
01A8 05320548053D0553 (tools/output/road):00066                 fdb   Line_0158,Line_0160,Line_0159,Line_0161   ; ligne 053
01B0 05320548053D0553 (tools/output/road):00067                 fdb   Line_0158,Line_0160,Line_0159,Line_0161   ; ligne 054
01B8 055E05740569057F (tools/output/road):00068                 fdb   Line_0162,Line_0164,Line_0163,Line_0165   ; ligne 055
01C0 055E05740569057F (tools/output/road):00069                 fdb   Line_0162,Line_0164,Line_0163,Line_0165   ; ligne 056
01C8 058A05A0059505AB (tools/output/road):00070                 fdb   Line_0166,Line_0168,Line_0167,Line_0169   ; ligne 057
01D0 058A05A0059505AB (tools/output/road):00071                 fdb   Line_0166,Line_0168,Line_0167,Line_0169   ; ligne 058
01D8 058A05A0059505AB (tools/output/road):00072                 fdb   Line_0166,Line_0168,Line_0167,Line_0169   ; ligne 059
01E0 05B605CC05C105D7 (tools/output/road):00073                 fdb   Line_0170,Line_0172,Line_0171,Line_0173   ; ligne 060
01E8 05B605ED05E205D7 (tools/output/road):00074                 fdb   Line_0170,Line_0175,Line_0174,Line_0173   ; ligne 061
01F0 05F8060E06030619 (tools/output/road):00075                 fdb   Line_0176,Line_0178,Line_0177,Line_0179   ; ligne 062
01F8 0624063A062F0645 (tools/output/road):00076                 fdb   Line_0180,Line_0182,Line_0181,Line_0183   ; ligne 063
0200 0650066A065D0677 (tools/output/road):00077                 fdb   Line_0184,Line_0186,Line_0185,Line_0187   ; ligne 064
0208 0684069E069106AB (tools/output/road):00078                 fdb   Line_0188,Line_0190,Line_0189,Line_0191   ; ligne 065
0210 06B806D206C506DF (tools/output/road):00079                 fdb   Line_0192,Line_0194,Line_0193,Line_0195   ; ligne 066
0218 06B806F906EC06DF (tools/output/road):00080                 fdb   Line_0192,Line_0197,Line_0196,Line_0195   ; ligne 067
0220 070607200713072D (tools/output/road):00081                 fdb   Line_0198,Line_0200,Line_0199,Line_0201   ; ligne 068
0228 070607200713072D (tools/output/road):00082                 fdb   Line_0198,Line_0200,Line_0199,Line_0201   ; ligne 069
0230 073A075407470761 (tools/output/road):00083                 fdb   Line_0202,Line_0204,Line_0203,Line_0205   ; ligne 070
0238 073A077B076E0761 (tools/output/road):00084                 fdb   Line_0202,Line_0207,Line_0206,Line_0205   ; ligne 071
0240 078807A2079507AF (tools/output/road):00085                 fdb   Line_0208,Line_0210,Line_0209,Line_0211   ; ligne 072
0248 07BC07D607C907E3 (tools/output/road):00086                 fdb   Line_0212,Line_0214,Line_0213,Line_0215   ; ligne 073
0250 07F0080A07FD0817 (tools/output/road):00087                 fdb   Line_0216,Line_0218,Line_0217,Line_0219   ; ligne 074
0258 07F0083108240817 (tools/output/road):00088                 fdb   Line_0216,Line_0221,Line_0220,Line_0219   ; ligne 075
0260 083E0858084B0865 (tools/output/road):00089                 fdb   Line_0222,Line_0224,Line_0223,Line_0225   ; ligne 076
0268 083E0858084B0865 (tools/output/road):00090                 fdb   Line_0222,Line_0224,Line_0223,Line_0225   ; ligne 077
0270 0872088C087F0899 (tools/output/road):00091                 fdb   Line_0226,Line_0228,Line_0227,Line_0229   ; ligne 078
0278 08A608C008B308CD (tools/output/road):00092                 fdb   Line_0230,Line_0232,Line_0231,Line_0233   ; ligne 079
0280 08DA08F408E70901 (tools/output/road):00093                 fdb   Line_0234,Line_0236,Line_0235,Line_0237   ; ligne 080
0288 090E0928091B0935 (tools/output/road):00094                 fdb   Line_0238,Line_0240,Line_0239,Line_0241   ; ligne 081
0290 0942095C094F0969 (tools/output/road):00095                 fdb   Line_0242,Line_0244,Line_0243,Line_0245   ; ligne 082
0298 097609900983099D (tools/output/road):00096                 fdb   Line_0246,Line_0248,Line_0247,Line_0249   ; ligne 083
02A0 09AA0990098309B7 (tools/output/road):00097                 fdb   Line_0250,Line_0248,Line_0247,Line_0251   ; ligne 084
02A8 09C409E209D309F1 (tools/output/road):00098                 fdb   Line_0252,Line_0254,Line_0253,Line_0255   ; ligne 085
02B0 0A000A1E0A0F0A2D (tools/output/road):00099                 fdb   Line_0256,Line_0258,Line_0257,Line_0259   ; ligne 086
02B8 0A000A1E0A0F0A2D (tools/output/road):00100                 fdb   Line_0256,Line_0258,Line_0257,Line_0259   ; ligne 087
02C0 0A3C0A5A0A4B0A69 (tools/output/road):00101                 fdb   Line_0260,Line_0262,Line_0261,Line_0263   ; ligne 088
02C8 0A780A960A870AA5 (tools/output/road):00102                 fdb   Line_0264,Line_0266,Line_0265,Line_0267   ; ligne 089
02D0 0AB40AD20AC30AE1 (tools/output/road):00103                 fdb   Line_0268,Line_0270,Line_0269,Line_0271   ; ligne 090
02D8 0AF00B0E0AFF0B1D (tools/output/road):00104                 fdb   Line_0272,Line_0274,Line_0273,Line_0275   ; ligne 091
02E0 0B2C0B4A0B3B0B59 (tools/output/road):00105                 fdb   Line_0276,Line_0278,Line_0277,Line_0279   ; ligne 092
02E8 0B2C0B770B680B59 (tools/output/road):00106                 fdb   Line_0276,Line_0281,Line_0280,Line_0279   ; ligne 093
02F0 0B860BA40B950BB3 (tools/output/road):00107                 fdb   Line_0282,Line_0284,Line_0283,Line_0285   ; ligne 094
02F8 0B860BD10BC20BB3 (tools/output/road):00108                 fdb   Line_0282,Line_0287,Line_0286,Line_0285   ; ligne 095
0300 0BE00BFE0BEF0C0D (tools/output/road):00109                 fdb   Line_0288,Line_0290,Line_0289,Line_0291   ; ligne 096
0308 0C1C0C3A0C2B0C49 (tools/output/road):00110                 fdb   Line_0292,Line_0294,Line_0293,Line_0295   ; ligne 097
0310 0C580C760C670C85 (tools/output/road):00111                 fdb   Line_0296,Line_0298,Line_0297,Line_0299   ; ligne 098
0318 0C940C760C670CA3 (tools/output/road):00112                 fdb   Line_0300,Line_0298,Line_0297,Line_0301   ; ligne 099
0320 0CB20CD00CC10CDF (tools/output/road):00113                 fdb   Line_0302,Line_0304,Line_0303,Line_0305   ; ligne 100
0328 0CEE0D0C0CFD0D1B (tools/output/road):00114                 fdb   Line_0306,Line_0308,Line_0307,Line_0309   ; ligne 101
0330 0D2A0D4A0D3B0D59 (tools/output/road):00115                 fdb   Line_0310,Line_0312,Line_0311,Line_0313   ; ligne 102
0338 0D6A0D8A0D7B0D99 (tools/output/road):00116                 fdb   Line_0314,Line_0316,Line_0315,Line_0317   ; ligne 103
0340 0DAA0DCC0DBB0DDD (tools/output/road):00117                 fdb   Line_0318,Line_0320,Line_0319,Line_0321   ; ligne 104
0348 0DEE0E100DFF0E21 (tools/output/road):00118                 fdb   Line_0322,Line_0324,Line_0323,Line_0325   ; ligne 105
0350 0E320E540E430E65 (tools/output/road):00119                 fdb   Line_0326,Line_0328,Line_0327,Line_0329   ; ligne 106
0358 0E760E980E870EA9 (tools/output/road):00120                 fdb   Line_0330,Line_0332,Line_0331,Line_0333   ; ligne 107
0360 0E760E980E870EA9 (tools/output/road):00121                 fdb   Line_0330,Line_0332,Line_0331,Line_0333   ; ligne 108
0368 0EBA0EDC0ECB0EED (tools/output/road):00122                 fdb   Line_0334,Line_0336,Line_0335,Line_0337   ; ligne 109
0370 0EFE0F200F0F0F31 (tools/output/road):00123                 fdb   Line_0338,Line_0340,Line_0339,Line_0341   ; ligne 110
0378 0F420F200F0F0F53 (tools/output/road):00124                 fdb   Line_0342,Line_0340,Line_0339,Line_0343   ; ligne 111
0380 0F640F860F750F97 (tools/output/road):00125                 fdb   Line_0344,Line_0346,Line_0345,Line_0347   ; ligne 112
0388 0FA80FCA0FB90FDB (tools/output/road):00126                 fdb   Line_0348,Line_0350,Line_0349,Line_0351   ; ligne 113
0390 0FA80FCA0FB90FDB (tools/output/road):00127                 fdb   Line_0348,Line_0350,Line_0349,Line_0351   ; ligne 114
0398 0FEC100E0FFD101F (tools/output/road):00128                 fdb   Line_0352,Line_0354,Line_0353,Line_0355   ; ligne 115
03A0 0FEC100E0FFD101F (tools/output/road):00129                 fdb   Line_0352,Line_0354,Line_0353,Line_0355   ; ligne 116
03A8 1030105210411063 (tools/output/road):00130                 fdb   Line_0356,Line_0358,Line_0357,Line_0359   ; ligne 117
03B0 10741096108510A7 (tools/output/road):00131                 fdb   Line_0360,Line_0362,Line_0361,Line_0363   ; ligne 118
03B8 10B81096108510CB (tools/output/road):00132                 fdb   Line_0364,Line_0362,Line_0361,Line_0365   ; ligne 119
03C0 10DE110210F11113 (tools/output/road):00133                 fdb   Line_0366,Line_0368,Line_0367,Line_0369   ; ligne 120
03C8 1126114C1139115F (tools/output/road):00134                 fdb   Line_0370,Line_0372,Line_0371,Line_0373   ; ligne 121
03D0 1126114C1139115F (tools/output/road):00135                 fdb   Line_0370,Line_0372,Line_0371,Line_0373   ; ligne 122
03D8 1172119A118511AF (tools/output/road):00136                 fdb   Line_0374,Line_0376,Line_0375,Line_0377   ; ligne 123
03E0 1172119A118511AF (tools/output/road):00137                 fdb   Line_0374,Line_0376,Line_0375,Line_0377   ; ligne 124
03E8 11C211EA11D511FF (tools/output/road):00138                 fdb   Line_0378,Line_0380,Line_0379,Line_0381   ; ligne 125
03F0 1212123C12271251 (tools/output/road):00139                 fdb   Line_0382,Line_0384,Line_0383,Line_0385   ; ligne 126
03F8 1266128C1279129F (tools/output/road):00140                 fdb   Line_0386,Line_0388,Line_0387,Line_0389   ; ligne 127
0400 12B212D812C512EB (tools/output/road):00141                 fdb   Line_0390,Line_0392,Line_0391,Line_0393   ; ligne 128
0408 12FE132413111337 (tools/output/road):00142                 fdb   Line_0394,Line_0396,Line_0395,Line_0397   ; ligne 129
0410 134A1370135D1383 (tools/output/road):00143                 fdb   Line_0398,Line_0400,Line_0399,Line_0401   ; ligne 130
0418 139613BC13A913CF (tools/output/road):00144                 fdb   Line_0402,Line_0404,Line_0403,Line_0405   ; ligne 131
0420 139613F513E213CF (tools/output/road):00145                 fdb   Line_0402,Line_0407,Line_0406,Line_0405   ; ligne 132
0428 1408142E141B1441 (tools/output/road):00146                 fdb   Line_0408,Line_0410,Line_0409,Line_0411   ; ligne 133
0430 1454147A1467148D (tools/output/road):00147                 fdb   Line_0412,Line_0414,Line_0413,Line_0415   ; ligne 134
0438 145414B314A0148D (tools/output/road):00148                 fdb   Line_0412,Line_0417,Line_0416,Line_0415   ; ligne 135
0440 14C614EE14DB1501 (tools/output/road):00149                 fdb   Line_0418,Line_0420,Line_0419,Line_0421   ; ligne 136
0448 1516153E152B1551 (tools/output/road):00150                 fdb   Line_0422,Line_0424,Line_0423,Line_0425   ; ligne 137
0450 15661590157B15A5 (tools/output/road):00151                 fdb   Line_0426,Line_0428,Line_0427,Line_0429   ; ligne 138
0458 15BA15E415CF15F9 (tools/output/road):00152                 fdb   Line_0430,Line_0432,Line_0431,Line_0433   ; ligne 139
0460 160E163A16231651 (tools/output/road):00153                 fdb   Line_0434,Line_0436,Line_0435,Line_0437   ; ligne 140
0468 16661692167B16A9 (tools/output/road):00154                 fdb   Line_0438,Line_0440,Line_0439,Line_0441   ; ligne 141
0470 16BE16EC16D51703 (tools/output/road):00155                 fdb   Line_0442,Line_0444,Line_0443,Line_0445   ; ligne 142
0478 16BE16EC16D51703 (tools/output/road):00156                 fdb   Line_0442,Line_0444,Line_0443,Line_0445   ; ligne 143
0480 171A17481731175F (tools/output/road):00157                 fdb   Line_0446,Line_0448,Line_0447,Line_0449   ; ligne 144
0488 177617A4178D17BB (tools/output/road):00158                 fdb   Line_0450,Line_0452,Line_0451,Line_0453   ; ligne 145
0490 17D217A4178D17E9 (tools/output/road):00159                 fdb   Line_0454,Line_0452,Line_0451,Line_0455   ; ligne 146
0498 1800182E18171845 (tools/output/road):00160                 fdb   Line_0456,Line_0458,Line_0457,Line_0459   ; ligne 147
04A0 185C18861871189B (tools/output/road):00161                 fdb   Line_0460,Line_0462,Line_0461,Line_0463   ; ligne 148
04A8 18B018DA18C518EF (tools/output/road):00162                 fdb   Line_0464,Line_0466,Line_0465,Line_0467   ; ligne 149
04B0 1904192E19191943 (tools/output/road):00163                 fdb   Line_0468,Line_0470,Line_0469,Line_0471   ; ligne 150
04B8 19581982196D1997 (tools/output/road):00164                 fdb   Line_0472,Line_0474,Line_0473,Line_0475   ; ligne 151
04C0 19AC19D619C119EB (tools/output/road):00165                 fdb   Line_0476,Line_0478,Line_0477,Line_0479   ; ligne 152
04C8 1A0019D619C11A17 (tools/output/road):00166                 fdb   Line_0480,Line_0478,Line_0477,Line_0481   ; ligne 153
04D0 1A2E1A5A1A451A6F (tools/output/road):00167                 fdb   Line_0482,Line_0484,Line_0483,Line_0485   ; ligne 154
04D8 1A2E1A9B1A861A6F (tools/output/road):00168                 fdb   Line_0482,Line_0487,Line_0486,Line_0485   ; ligne 155
04E0 1AB01ADE1AC71AF5 (tools/output/road):00169                 fdb   Line_0488,Line_0490,Line_0489,Line_0491   ; ligne 156
04E8 1B0C1B3A1B231B51 (tools/output/road):00170                 fdb   Line_0492,Line_0494,Line_0493,Line_0495   ; ligne 157
04F0 1B681B981B7F1BB1 (tools/output/road):00171                 fdb   Line_0496,Line_0498,Line_0497,Line_0499   ; ligne 158
04F8 1B681BE11BC81BB1 (tools/output/road):00172                 fdb   Line_0496,Line_0501,Line_0500,Line_0499   ; ligne 159
0500 1BFA1C2C1C131C45 (tools/output/road):00173                 fdb   Line_0502,Line_0504,Line_0503,Line_0505   ; ligne 160
0508 1BFA1C2C1C131C45 (tools/output/road):00174                 fdb   Line_0502,Line_0504,Line_0503,Line_0505   ; ligne 161
0510 1C5E1C901C771CA9 (tools/output/road):00175                 fdb   Line_0506,Line_0508,Line_0507,Line_0509   ; ligne 162
0518 1C5E1CDB1CC21CA9 (tools/output/road):00176                 fdb   Line_0506,Line_0511,Line_0510,Line_0509   ; ligne 163
0520 1CF41D261D0D1D3F (tools/output/road):00177                 fdb   Line_0512,Line_0514,Line_0513,Line_0515   ; ligne 164
0528 1D581D8A1D711DA3 (tools/output/road):00178                 fdb   Line_0516,Line_0518,Line_0517,Line_0519   ; ligne 165
0530 1D581DD51DBC1DA3 (tools/output/road):00179                 fdb   Line_0516,Line_0521,Line_0520,Line_0519   ; ligne 166
0538 1DEE1E201E071E39 (tools/output/road):00180                 fdb   Line_0522,Line_0524,Line_0523,Line_0525   ; ligne 167
0540 1E521E841E6B1E9D (tools/output/road):00181                 fdb   Line_0526,Line_0528,Line_0527,Line_0529   ; ligne 168
0548 1EB61EE41ECD1EFB (tools/output/road):00182                 fdb   Line_0530,Line_0532,Line_0531,Line_0533   ; ligne 169
0550 1F121EE41ECD1F2B (tools/output/road):00183                 fdb   Line_0534,Line_0532,Line_0531,Line_0535   ; ligne 170
0558 1F121EE41ECD1F2B (tools/output/road):00184                 fdb   Line_0534,Line_0532,Line_0531,Line_0535   ; ligne 171
0560 1F441F761F5D1F8F (tools/output/road):00185                 fdb   Line_0536,Line_0538,Line_0537,Line_0539   ; ligne 172
0568 1F441F761F5D1F8F (tools/output/road):00186                 fdb   Line_0536,Line_0538,Line_0537,Line_0539   ; ligne 173
0570 1F441F761F5D1F8F (tools/output/road):00187                 fdb   Line_0536,Line_0538,Line_0537,Line_0539   ; ligne 174
0578 1FA81FDC1FC11FF7 (tools/output/road):00188                 fdb   Line_0540,Line_0542,Line_0541,Line_0543   ; ligne 175
0580 1FA81FDC1FC11FF7 (tools/output/road):00189                 fdb   Line_0540,Line_0542,Line_0541,Line_0543   ; ligne 176
0588 20102046202B2061 (tools/output/road):00190                 fdb   Line_0544,Line_0546,Line_0545,Line_0547   ; ligne 177
0590 207C20B2209720CD (tools/output/road):00191                 fdb   Line_0548,Line_0550,Line_0549,Line_0551   ; ligne 178
0598 20E820B220972103 (tools/output/road):00192                 fdb   Line_0552,Line_0550,Line_0549,Line_0553   ; ligne 179
05A0 211E21542139216F (tools/output/road):00193                 fdb   Line_0554,Line_0556,Line_0555,Line_0557   ; ligne 180
05A8 218A21C021A521DB (tools/output/road):00194                 fdb   Line_0558,Line_0560,Line_0559,Line_0561   ; ligne 181
05B0 21F6222C22112247 (tools/output/road):00195                 fdb   Line_0562,Line_0564,Line_0563,Line_0565   ; ligne 182
05B8 22622298227D22B3 (tools/output/road):00196                 fdb   Line_0566,Line_0568,Line_0567,Line_0569   ; ligne 183
05C0 22622298227D22B3 (tools/output/road):00197                 fdb   Line_0566,Line_0568,Line_0567,Line_0569   ; ligne 184
05C8 22CE230422E9231F (tools/output/road):00198                 fdb   Line_0570,Line_0572,Line_0571,Line_0573   ; ligne 185
05D0 233A230422E92355 (tools/output/road):00199                 fdb   Line_0574,Line_0572,Line_0571,Line_0575   ; ligne 186
05D8 237023A6238B23C1 (tools/output/road):00200                 fdb   Line_0576,Line_0578,Line_0577,Line_0579   ; ligne 187
05E0 23DC23A6238B23F7 (tools/output/road):00201                 fdb   Line_0580,Line_0578,Line_0577,Line_0581   ; ligne 188
05E8 24122448242D2463 (tools/output/road):00202                 fdb   Line_0582,Line_0584,Line_0583,Line_0585   ; ligne 189
05F0 247E2448242D2499 (tools/output/road):00203                 fdb   Line_0586,Line_0584,Line_0583,Line_0587   ; ligne 190
05F8 24B424EC24CF2509 (tools/output/road):00204                 fdb   Line_0588,Line_0590,Line_0589,Line_0591   ; ligne 191
0600 24B424EC24CF2509 (tools/output/road):00205                 fdb   Line_0588,Line_0590,Line_0589,Line_0591   ; ligne 192
0608 2524255C253F2579 (tools/output/road):00206                 fdb   Line_0592,Line_0594,Line_0593,Line_0595   ; ligne 193
0610 259425CE25B125EB (tools/output/road):00207                 fdb   Line_0596,Line_0598,Line_0597,Line_0599   ; ligne 194
0618 25942625260825EB (tools/output/road):00208                 fdb   Line_0596,Line_0601,Line_0600,Line_0599   ; ligne 195
0620 2642267C265F2699 (tools/output/road):00209                 fdb   Line_0602,Line_0604,Line_0603,Line_0605   ; ligne 196
0628 26B626F026D3270D (tools/output/road):00210                 fdb   Line_0606,Line_0608,Line_0607,Line_0609   ; ligne 197
0630 272A276427472781 (tools/output/road):00211                 fdb   Line_0610,Line_0612,Line_0611,Line_0613   ; ligne 198
0638 279E27D827BB27F5 (tools/output/road):00212                 fdb   Line_0614,Line_0616,Line_0615,Line_0617   ; ligne 199
0640 2812284C282F2869 (tools/output/road):00213                 fdb   Line_0618,Line_0620,Line_0619,Line_0621   ; ligne 200
0648 288628C028A328DD (tools/output/road):00214                 fdb   Line_0622,Line_0624,Line_0623,Line_0625   ; ligne 201
0650 28FA293429172951 (tools/output/road):00215                 fdb   Line_0626,Line_0628,Line_0627,Line_0629   ; ligne 202
0658 28FA293429172951 (tools/output/road):00216                 fdb   Line_0626,Line_0628,Line_0627,Line_0629   ; ligne 203
0660 296E29A8298B29C5 (tools/output/road):00217                 fdb   Line_0630,Line_0632,Line_0631,Line_0633   ; ligne 204
0668 29E22A1C29FF2A39 (tools/output/road):00218                 fdb   Line_0634,Line_0636,Line_0635,Line_0637   ; ligne 205
0670 2A562A902A732AAD (tools/output/road):00219                 fdb   Line_0638,Line_0640,Line_0639,Line_0641   ; ligne 206
0678 2ACA2B042AE72B21 (tools/output/road):00220                 fdb   Line_0642,Line_0644,Line_0643,Line_0645   ; ligne 207
0680 2B3E2B782B5B2B95 (tools/output/road):00221                 fdb   Line_0646,Line_0648,Line_0647,Line_0649   ; ligne 208
0688 2BB22B782B5B2BCF (tools/output/road):00222                 fdb   Line_0650,Line_0648,Line_0647,Line_0651   ; ligne 209
0690 2BEC2C262C092C43 (tools/output/road):00223                 fdb   Line_0652,Line_0654,Line_0653,Line_0655   ; ligne 210
0698 2BEC2C262C092C43 (tools/output/road):00224                 fdb   Line_0652,Line_0654,Line_0653,Line_0655   ; ligne 211
06A0 2C602C9E2C7F2CBD (tools/output/road):00225                 fdb   Line_0656,Line_0658,Line_0657,Line_0659   ; ligne 212
06A8 2CDC2D1A2CFB2D39 (tools/output/road):00226                 fdb   Line_0660,Line_0662,Line_0661,Line_0663   ; ligne 213
06B0 2D582D962D772DB5 (tools/output/road):00227                 fdb   Line_0664,Line_0666,Line_0665,Line_0667   ; ligne 214
06B8 2DD42E122DF32E31 (tools/output/road):00228                 fdb   Line_0668,Line_0670,Line_0669,Line_0671   ; ligne 215
06C0 2E502E8E2E6F2EAD (tools/output/road):00229                 fdb   Line_0672,Line_0674,Line_0673,Line_0675   ; ligne 216
06C8 2ECC2F0A2EEB2F29 (tools/output/road):00230                 fdb   Line_0676,Line_0678,Line_0677,Line_0679   ; ligne 217
06D0 2ECC2F0A2EEB2F29 (tools/output/road):00231                 fdb   Line_0676,Line_0678,Line_0677,Line_0679   ; ligne 218
06D8 2F482F862F672FA5 (tools/output/road):00232                 fdb   Line_0680,Line_0682,Line_0681,Line_0683   ; ligne 219
06E0 2FC430022FE33021 (tools/output/road):00233                 fdb   Line_0684,Line_0686,Line_0685,Line_0687   ; ligne 220
06E8 304030022FE3305F (tools/output/road):00234                 fdb   Line_0688,Line_0686,Line_0685,Line_0689   ; ligne 221
06F0 307E30BC309D30DB (tools/output/road):00235                 fdb   Line_0690,Line_0692,Line_0691,Line_0693   ; ligne 222
06F8 307E30BC309D30DB (tools/output/road):00236                 fdb   Line_0690,Line_0692,Line_0691,Line_0693   ; ligne 223
0700 30FA313831193157 (tools/output/road):00237                 fdb   Line_0694,Line_0696,Line_0695,Line_0697   ; ligne 224
0708 317631B4319531D3 (tools/output/road):00238                 fdb   Line_0698,Line_0700,Line_0699,Line_0701   ; ligne 225
0710 3176321131F231D3 (tools/output/road):00239                 fdb   Line_0698,Line_0703,Line_0702,Line_0701   ; ligne 226
0718 3230326E324F328D (tools/output/road):00240                 fdb   Line_0704,Line_0706,Line_0705,Line_0707   ; ligne 227
0720 32AC32EA32CB3309 (tools/output/road):00241                 fdb   Line_0708,Line_0710,Line_0709,Line_0711   ; ligne 228
0728 32AC32EA32CB3309 (tools/output/road):00242                 fdb   Line_0708,Line_0710,Line_0709,Line_0711   ; ligne 229
0730 3328336633473385 (tools/output/road):00243                 fdb   Line_0712,Line_0714,Line_0713,Line_0715   ; ligne 230
0738 3328336633473385 (tools/output/road):00244                 fdb   Line_0712,Line_0714,Line_0713,Line_0715   ; ligne 231
0740 33A433E233C33401 (tools/output/road):00245                 fdb   Line_0716,Line_0718,Line_0717,Line_0719   ; ligne 232
0748 3420346234413483 (tools/output/road):00246                 fdb   Line_0720,Line_0722,Line_0721,Line_0723   ; ligne 233
0750 342034C534A43483 (tools/output/road):00247                 fdb   Line_0720,Line_0725,Line_0724,Line_0723   ; ligne 234
0758 34E6352835073549 (tools/output/road):00248                 fdb   Line_0726,Line_0728,Line_0727,Line_0729   ; ligne 235
0760 356A35AC358B35CD (tools/output/road):00249                 fdb   Line_0730,Line_0732,Line_0731,Line_0733   ; ligne 236
0768 35EE3630360F3651 (tools/output/road):00250                 fdb   Line_0734,Line_0736,Line_0735,Line_0737   ; ligne 237
0770 367236B4369336D5 (tools/output/road):00251                 fdb   Line_0738,Line_0740,Line_0739,Line_0741   ; ligne 238
0778 36F6373837173759 (tools/output/road):00252                 fdb   Line_0742,Line_0744,Line_0743,Line_0745   ; ligne 239
0780 377A37BC379B37DD (tools/output/road):00253                 fdb   Line_0746,Line_0748,Line_0747,Line_0749   ; ligne 240
0788 37FE37BC379B381F (tools/output/road):00254                 fdb   Line_0750,Line_0748,Line_0747,Line_0751   ; ligne 241
0790 38403882386138A3 (tools/output/road):00255                 fdb   Line_0752,Line_0754,Line_0753,Line_0755   ; ligne 242
0798 38C4390638E53927 (tools/output/road):00256                 fdb   Line_0756,Line_0758,Line_0757,Line_0759   ; ligne 243
07A0 3948398A396939AB (tools/output/road):00257                 fdb   Line_0760,Line_0762,Line_0761,Line_0763   ; ligne 244
07A8 39CC3A0E39ED3A2F (tools/output/road):00258                 fdb   Line_0764,Line_0766,Line_0765,Line_0767   ; ligne 245
07B0 39CC3A713A503A2F (tools/output/road):00259                 fdb   Line_0764,Line_0769,Line_0768,Line_0767   ; ligne 246
07B8 3A923AD43AB33AF5 (tools/output/road):00260                 fdb   Line_0770,Line_0772,Line_0771,Line_0773   ; ligne 247
07C0 3B163B583B373B79 (tools/output/road):00261                 fdb   Line_0774,Line_0776,Line_0775,Line_0777   ; ligne 248
07C8 3B9A3BDC3BBB3BFD (tools/output/road):00262                 fdb   Line_0778,Line_0780,Line_0779,Line_0781   ; ligne 249
07D0 3C1E3BDC3BBB3C3F (tools/output/road):00263                 fdb   Line_0782,Line_0780,Line_0779,Line_0783   ; ligne 250
07D8 3C603CA23C813CC3 (tools/output/road):00264                 fdb   Line_0784,Line_0786,Line_0785,Line_0787   ; ligne 251
07E0 3CE43D263D053D47 (tools/output/road):00265                 fdb   Line_0788,Line_0790,Line_0789,Line_0791   ; ligne 252
07E8 3D683DAA3D893DCB (tools/output/road):00266                 fdb   Line_0792,Line_0794,Line_0793,Line_0795   ; ligne 253
07F0 3DEC3E323E0F3E55 (tools/output/road):00267                 fdb   Line_0796,Line_0798,Line_0797,Line_0799   ; ligne 254
