                      (C:\Users\bhrou\gi):00001                 org   $010E
                      (C:\Users\bhrou\gi):00002         
                      (C:\Users\bhrou\gi):00003         ********************************************************************************
                      (C:\Users\bhrou\gi):00004         * Gestionnaire de chargement du RAM Loader (TO8 Thomson) - Benoit Rousseau 26/04/2021
                      (C:\Users\bhrou\gi):00005         * ------------------------------------------------------------------------------
                      (C:\Users\bhrou\gi):00006         * 
                      (C:\Users\bhrou\gi):00007         * Copie en page 0 le programme de chargement de RAM, ainsi que les index
                      (C:\Users\bhrou\gi):00008         * des donnees du niveau de jeu a charger
                      (C:\Users\bhrou\gi):00009         *
                      (C:\Users\bhrou\gi):00010         * input REG : [a] Game Mode to load
                      (C:\Users\bhrou\gi):00011         *             [b] Current Game Mode
                      (C:\Users\bhrou\gi):00012         *
                      (C:\Users\bhrou\gi):00013         ********************************************************************************
                      (C:\Users\bhrou\gi):00014                 
                      (C:\Users\bhrou\gi):00015                 INCLUDE "RAMLoaderT2.glb"
     0004             (  RAMLoaderT2.glb):00001         anim EQU $0004
     000A             (  RAMLoaderT2.glb):00002         anim_flags EQU $000A
     0008             (  RAMLoaderT2.glb):00003         anim_frame EQU $0008
     0009             (  RAMLoaderT2.glb):00004         anim_frame_duration EQU $0009
     0001             (  RAMLoaderT2.glb):00005         anim_link_mask EQU $0001
     40B2             (  RAMLoaderT2.glb):00006         biba EQU $40B2
     408C             (  RAMLoaderT2.glb):00007         bitbuf EQU $408C
     000B             (  RAMLoaderT2.glb):00008         buf_bgdata EQU $000B
     0007             (  RAMLoaderT2.glb):00009         buf_erase_nb_cell EQU $0007
     0009             (  RAMLoaderT2.glb):00010         buf_erase_routine EQU $0009
     0008             (  RAMLoaderT2.glb):00011         buf_page_erase_routine EQU $0008
     0005             (  RAMLoaderT2.glb):00012         buf_prev_mapping_frame EQU $0005
     0013             (  RAMLoaderT2.glb):00013         buf_prev_render_flags EQU $0013
     000F             (  RAMLoaderT2.glb):00014         buf_prev_x1_pixel EQU $000F
     0011             (  RAMLoaderT2.glb):00015         buf_prev_x2_pixel EQU $0011
     000D             (  RAMLoaderT2.glb):00016         buf_prev_x_pixel EQU $000D
     000F             (  RAMLoaderT2.glb):00017         buf_prev_xy1_pixel EQU $000F
     0011             (  RAMLoaderT2.glb):00018         buf_prev_xy2_pixel EQU $0011
     000D             (  RAMLoaderT2.glb):00019         buf_prev_xy_pixel EQU $000D
     0010             (  RAMLoaderT2.glb):00020         buf_prev_y1_pixel EQU $0010
     0012             (  RAMLoaderT2.glb):00021         buf_prev_y2_pixel EQU $0012
     000E             (  RAMLoaderT2.glb):00022         buf_prev_y_pixel EQU $000E
     0000             (  RAMLoaderT2.glb):00023         buf_priority EQU $0000
     0003             (  RAMLoaderT2.glb):00024         buf_priority_next_obj EQU $0003
     0001             (  RAMLoaderT2.glb):00025         buf_priority_prev_obj EQU $0001
     405B             (  RAMLoaderT2.glb):00026         coffs EQU $405B
     40A1             (  RAMLoaderT2.glb):00027         cook EQU $40A1
     404F             (  RAMLoaderT2.glb):00028         cpy EQU $404F
     4073             (  RAMLoaderT2.glb):00029         cpy2 EQU $4073
     4051             (  RAMLoaderT2.glb):00030         cpyl EQU $4051
     6049             (  RAMLoaderT2.glb):00031         dk_drive EQU $6049
     604C             (  RAMLoaderT2.glb):00032         dk_sector EQU $604C
     604A             (  RAMLoaderT2.glb):00033         dk_track EQU $604A
     604B             (  RAMLoaderT2.glb):00034         dk_track_lsb EQU $604B
     604F             (  RAMLoaderT2.glb):00035         dk_write_location EQU $604F
     0001             (  RAMLoaderT2.glb):00036         draw_routine EQU $0001
     4081             (  RAMLoaderT2.glb):00037         endr EQU $4081
     0006             (  RAMLoaderT2.glb):00038         erase_nb_cell EQU $0006
     0004             (  RAMLoaderT2.glb):00039         erase_routine EQU $0004
     4000             (  RAMLoaderT2.glb):00040         exo2 EQU $4000
     005D             (  RAMLoaderT2.glb):00041         ext_variables EQU $005D
     417B             (  RAMLoaderT2.glb):00042         fill EQU $417B
     4090             (  RAMLoaderT2.glb):00043         get1 EQU $4090
     4092             (  RAMLoaderT2.glb):00044         get2 EQU $4092
     4099             (  RAMLoaderT2.glb):00045         get3 EQU $4099
     4088             (  RAMLoaderT2.glb):00046         getbits EQU $4088
     4086             (  RAMLoaderT2.glb):00047         getbix EQU $4086
     9FE6             (  RAMLoaderT2.glb):00048         glb_alphaTiles EQU $9FE6
     9FE7             (  RAMLoaderT2.glb):00049         glb_camera_move EQU $9FE7
     9FEB             (  RAMLoaderT2.glb):00050         glb_camera_x_max_pos EQU $9FEB
     9FEF             (  RAMLoaderT2.glb):00051         glb_camera_x_min_pos EQU $9FEF
     9FF3             (  RAMLoaderT2.glb):00052         glb_camera_x_pos EQU $9FF3
     9FE9             (  RAMLoaderT2.glb):00053         glb_camera_y_max_pos EQU $9FE9
     9FED             (  RAMLoaderT2.glb):00054         glb_camera_y_min_pos EQU $9FED
     9FF1             (  RAMLoaderT2.glb):00055         glb_camera_y_pos EQU $9FF1
     9FF9             (  RAMLoaderT2.glb):00056         glb_cur_priority EQU $9FF9
     9FF5             (  RAMLoaderT2.glb):00057         glb_cur_ptr_sub_obj_draw EQU $9FF5
     9FF7             (  RAMLoaderT2.glb):00058         glb_cur_ptr_sub_obj_erase EQU $9FF7
     009F             (  RAMLoaderT2.glb):00059         glb_direct_page EQU $009F
     9FE8             (  RAMLoaderT2.glb):00060         glb_force_sprite_refresh EQU $9FE8
     9FFE             (  RAMLoaderT2.glb):00061         glb_register_s EQU $9FFE
     9FFC             (  RAMLoaderT2.glb):00062         glb_screen_location_1 EQU $9FFC
     9FFA             (  RAMLoaderT2.glb):00063         glb_screen_location_2 EQU $9FFA
     9F00             (  RAMLoaderT2.glb):00064         glb_system_stack EQU $9F00
     9F00             (  RAMLoaderT2.glb):00065         glb_tmp_var EQU $9F00
     4031             (  RAMLoaderT2.glb):00066         go EQU $4031
     0000             (  RAMLoaderT2.glb):00067         id EQU $0000
     4044             (  RAMLoaderT2.glb):00068         idx EQU $4044
     0006             (  RAMLoaderT2.glb):00069         image_center_offset EQU $0006
     000C             (  RAMLoaderT2.glb):00070         image_set EQU $000C
     0004             (  RAMLoaderT2.glb):00071         image_subset_x1_offset EQU $0004
     0005             (  RAMLoaderT2.glb):00072         image_subset_y1_offset EQU $0005
     0004             (  RAMLoaderT2.glb):00073         image_x_size EQU $0004
     0005             (  RAMLoaderT2.glb):00074         image_y_size EQU $0005
     4034             (  RAMLoaderT2.glb):00075         mloop EQU $4034
     0008             (  RAMLoaderT2.glb):00076         nb_priority_levels EQU $0008
     0000             (  RAMLoaderT2.glb):00077         next_object EQU 0 ; <<incomplete>>
     400D             (  RAMLoaderT2.glb):00078         nxt EQU $400D
     005D             (  RAMLoaderT2.glb):00079         object_core_size EQU $005D
     0000             (  RAMLoaderT2.glb):00080         object_size EQU 0 ; <<incomplete>>
     4075             (  RAMLoaderT2.glb):00081         offs EQU $4075
     0000             (  RAMLoaderT2.glb):00082         page_draw_routine EQU $0000
     0003             (  RAMLoaderT2.glb):00083         page_erase_routine EQU $0003
     0006             (  RAMLoaderT2.glb):00084         prev_anim EQU $0006
     0003             (  RAMLoaderT2.glb):00085         priority EQU $0003
     414E             (  RAMLoaderT2.glb):00086         RAMLoader EQU $414E
     403D             (  RAMLoaderT2.glb):00087         rbl EQU $403D
     0002             (  RAMLoaderT2.glb):00088         render_flags EQU $0002
     0020             (  RAMLoaderT2.glb):00089         render_hide_mask EQU $0020
     0008             (  RAMLoaderT2.glb):00090         render_motionless_mask EQU $0008
     0004             (  RAMLoaderT2.glb):00091         render_overlay_mask EQU $0004
     0010             (  RAMLoaderT2.glb):00092         render_playfieldcoord_mask EQU $0010
     0040             (  RAMLoaderT2.glb):00093         render_todelete_mask EQU $0040
     0080             (  RAMLoaderT2.glb):00094         render_xloop_mask EQU $0080
     0001             (  RAMLoaderT2.glb):00095         render_xmirror_mask EQU $0001
     0002             (  RAMLoaderT2.glb):00096         render_ymirror_mask EQU $0002
     415C             (  RAMLoaderT2.glb):00097         RL_LoadData EQU $415C
     4181             (  RAMLoaderT2.glb):00098         RL_RAM_index EQU $4181
     4151             (  RAMLoaderT2.glb):00099         RL_While EQU $4151
     401E             (  RAMLoaderT2.glb):00100         roll EQU $401E
     001E             (  RAMLoaderT2.glb):00101         routine EQU $001E
     0021             (  RAMLoaderT2.glb):00102         routine_quaternary EQU $0021
     001F             (  RAMLoaderT2.glb):00103         routine_secondary EQU $001F
     0020             (  RAMLoaderT2.glb):00104         routine_tertiary EQU $0020
     0040             (  RAMLoaderT2.glb):00105         rsv_bgdata_0 EQU $0040
     0054             (  RAMLoaderT2.glb):00106         rsv_bgdata_1 EQU $0054
     0035             (  RAMLoaderT2.glb):00107         rsv_buffer_0 EQU $0035
     0049             (  RAMLoaderT2.glb):00108         rsv_buffer_1 EQU $0049
     002C             (  RAMLoaderT2.glb):00109         rsv_draw_routine EQU $002C
     002A             (  RAMLoaderT2.glb):00110         rsv_erase_nb_cell EQU $002A
     002F             (  RAMLoaderT2.glb):00111         rsv_erase_routine EQU $002F
     0025             (  RAMLoaderT2.glb):00112         rsv_image_center_offset EQU $0025
     0026             (  RAMLoaderT2.glb):00113         rsv_image_subset EQU $0026
     0028             (  RAMLoaderT2.glb):00114         rsv_mapping_frame EQU $0028
     002B             (  RAMLoaderT2.glb):00115         rsv_page_draw_routine EQU $002B
     002E             (  RAMLoaderT2.glb):00116         rsv_page_erase_routine EQU $002E
     0023             (  RAMLoaderT2.glb):00117         rsv_prev_anim EQU $0023
     003C             (  RAMLoaderT2.glb):00118         rsv_prev_erase_nb_cell_0 EQU $003C
     0050             (  RAMLoaderT2.glb):00119         rsv_prev_erase_nb_cell_1 EQU $0050
     003E             (  RAMLoaderT2.glb):00120         rsv_prev_erase_routine_0 EQU $003E
     0052             (  RAMLoaderT2.glb):00121         rsv_prev_erase_routine_1 EQU $0052
     003A             (  RAMLoaderT2.glb):00122         rsv_prev_mapping_frame_0 EQU $003A
     004E             (  RAMLoaderT2.glb):00123         rsv_prev_mapping_frame_1 EQU $004E
     003D             (  RAMLoaderT2.glb):00124         rsv_prev_page_erase_routine_0 EQU $003D
     0051             (  RAMLoaderT2.glb):00125         rsv_prev_page_erase_routine_1 EQU $0051
     0048             (  RAMLoaderT2.glb):00126         rsv_prev_render_flags_0 EQU $0048
     005C             (  RAMLoaderT2.glb):00127         rsv_prev_render_flags_1 EQU $005C
     0080             (  RAMLoaderT2.glb):00128         rsv_prev_render_onscreen_mask EQU $0080
     0001             (  RAMLoaderT2.glb):00129         rsv_prev_render_overlay_mask EQU $0001
     0044             (  RAMLoaderT2.glb):00130         rsv_prev_x1_pixel_0 EQU $0044
     0058             (  RAMLoaderT2.glb):00131         rsv_prev_x1_pixel_1 EQU $0058
     0046             (  RAMLoaderT2.glb):00132         rsv_prev_x2_pixel_0 EQU $0046
     005A             (  RAMLoaderT2.glb):00133         rsv_prev_x2_pixel_1 EQU $005A
     0042             (  RAMLoaderT2.glb):00134         rsv_prev_x_pixel_0 EQU $0042
     0056             (  RAMLoaderT2.glb):00135         rsv_prev_x_pixel_1 EQU $0056
     0044             (  RAMLoaderT2.glb):00136         rsv_prev_xy1_pixel_0 EQU $0044
     0058             (  RAMLoaderT2.glb):00137         rsv_prev_xy1_pixel_1 EQU $0058
     0046             (  RAMLoaderT2.glb):00138         rsv_prev_xy2_pixel_0 EQU $0046
     005A             (  RAMLoaderT2.glb):00139         rsv_prev_xy2_pixel_1 EQU $005A
     0042             (  RAMLoaderT2.glb):00140         rsv_prev_xy_pixel_0 EQU $0042
     0056             (  RAMLoaderT2.glb):00141         rsv_prev_xy_pixel_1 EQU $0056
     0045             (  RAMLoaderT2.glb):00142         rsv_prev_y1_pixel_0 EQU $0045
     0059             (  RAMLoaderT2.glb):00143         rsv_prev_y1_pixel_1 EQU $0059
     0047             (  RAMLoaderT2.glb):00144         rsv_prev_y2_pixel_0 EQU $0047
     005B             (  RAMLoaderT2.glb):00145         rsv_prev_y2_pixel_1 EQU $005B
     0043             (  RAMLoaderT2.glb):00146         rsv_prev_y_pixel_0 EQU $0043
     0057             (  RAMLoaderT2.glb):00147         rsv_prev_y_pixel_1 EQU $0057
     0035             (  RAMLoaderT2.glb):00148         rsv_priority_0 EQU $0035
     0049             (  RAMLoaderT2.glb):00149         rsv_priority_1 EQU $0049
     0038             (  RAMLoaderT2.glb):00150         rsv_priority_next_obj_0 EQU $0038
     004C             (  RAMLoaderT2.glb):00151         rsv_priority_next_obj_1 EQU $004C
     0036             (  RAMLoaderT2.glb):00152         rsv_priority_prev_obj_0 EQU $0036
     004A             (  RAMLoaderT2.glb):00153         rsv_priority_prev_obj_1 EQU $004A
     0001             (  RAMLoaderT2.glb):00154         rsv_render_checkrefresh_mask EQU $0001
     0004             (  RAMLoaderT2.glb):00155         rsv_render_displaysprite_mask EQU $0004
     0002             (  RAMLoaderT2.glb):00156         rsv_render_erasesprite_mask EQU $0002
     0022             (  RAMLoaderT2.glb):00157         rsv_render_flags EQU $0022
     0080             (  RAMLoaderT2.glb):00158         rsv_render_onscreen_mask EQU $0080
     0008             (  RAMLoaderT2.glb):00159         rsv_render_outofrange_mask EQU $0008
     0031             (  RAMLoaderT2.glb):00160         rsv_x1_pixel EQU $0031
     0033             (  RAMLoaderT2.glb):00161         rsv_x2_pixel EQU $0033
     0031             (  RAMLoaderT2.glb):00162         rsv_xy1_pixel EQU $0031
     0033             (  RAMLoaderT2.glb):00163         rsv_xy2_pixel EQU $0033
     0032             (  RAMLoaderT2.glb):00164         rsv_y1_pixel EQU $0032
     0034             (  RAMLoaderT2.glb):00165         rsv_y2_pixel EQU $0034
     4069             (  RAMLoaderT2.glb):00166         scof EQU $4069
     00E3             (  RAMLoaderT2.glb):00167         screen_bottom EQU $00E3
     0030             (  RAMLoaderT2.glb):00168         screen_left EQU $0030
     00CF             (  RAMLoaderT2.glb):00169         screen_right EQU $00CF
     001C             (  RAMLoaderT2.glb):00170         screen_top EQU $001C
     00A0             (  RAMLoaderT2.glb):00171         screen_width EQU $00A0
     4017             (  RAMLoaderT2.glb):00172         skp EQU $4017
     0003             (  RAMLoaderT2.glb):00173         sound_end_addr EQU $0003
     0005             (  RAMLoaderT2.glb):00174         sound_meta_size EQU $0005
     0000             (  RAMLoaderT2.glb):00175         sound_page EQU $0000
     0001             (  RAMLoaderT2.glb):00176         sound_start_addr EQU $0001
     4000             (  RAMLoaderT2.glb):00177         start EQU $4000
     000B             (  RAMLoaderT2.glb):00178         status_flags EQU $000B
     0001             (  RAMLoaderT2.glb):00179         status_xflip_mask EQU $0001
     0002             (  RAMLoaderT2.glb):00180         status_yflip_mask EQU $0002
     0001             (  RAMLoaderT2.glb):00181         subtype EQU $0001
     40AC             (  RAMLoaderT2.glb):00182         tab1 EQU $40AC
     001A             (  RAMLoaderT2.glb):00183         x_acl EQU $001A
     0014             (  RAMLoaderT2.glb):00184         x_pixel EQU $0014
     000E             (  RAMLoaderT2.glb):00185         x_pos EQU $000E
     0010             (  RAMLoaderT2.glb):00186         x_sub EQU $0010
     0016             (  RAMLoaderT2.glb):00187         x_vel EQU $0016
     0014             (  RAMLoaderT2.glb):00188         xy_pixel EQU $0014
     001C             (  RAMLoaderT2.glb):00189         y_acl EQU $001C
     0015             (  RAMLoaderT2.glb):00190         y_pixel EQU $0015
     0011             (  RAMLoaderT2.glb):00191         y_pos EQU $0011
     0013             (  RAMLoaderT2.glb):00192         y_sub EQU $0013
     0018             (  RAMLoaderT2.glb):00193         y_vel EQU $0018
                      (C:\Users\bhrou\gi):00016                 
010E                  (C:\Users\bhrou\gi):00017         RAMLoaderManager
                      (C:\Users\bhrou\gi):00018         
                      (C:\Users\bhrou\gi):00019         * Copie en page 0a des donnees du mode a charger
                      (C:\Users\bhrou\gi):00020         * les groupes de 6 octets sont recopiees a l'envers
                      (C:\Users\bhrou\gi):00021         * la fin des donnees est marquee par un octet negatif ($FF par exemple)
                      (C:\Users\bhrou\gi):00022         ************************************************************            
010E CE02FD           (C:\Users\bhrou\gi):00023                 ldu   #Gm_Index
0111 58               (C:\Users\bhrou\gi):00024                 aslb
0112 AEC5             (C:\Users\bhrou\gi):00025                 ldx   b,u                      ; load address of current game mode data        
0114 48               (C:\Users\bhrou\gi):00026                 asla
0115 EEC6             (C:\Users\bhrou\gi):00027                 ldu   a,u                      ; load address of new game mode data
                      (C:\Users\bhrou\gi):00028                 
0117 10EE5E           (C:\Users\bhrou\gi):00029                 lds   -2,u                     ; load destination address
011A 5D               (C:\Users\bhrou\gi):00030                 tstb
011B 2B1D             (C:\Users\bhrou\gi):00031                 bmi   RLM_SetPage              ; negative value means first load so nothing to compare
                      (C:\Users\bhrou\gi):00032                 
011D                  (C:\Users\bhrou\gi):00033         RLM_SkipCommon        
011D ECC4             (C:\Users\bhrou\gi):00034                 ldd   ,u
011F 10A384           (C:\Users\bhrou\gi):00035                 cmpd  ,x   
0122 2616             (C:\Users\bhrou\gi):00036                 bne   RLM_SetPage
0124 EC42             (C:\Users\bhrou\gi):00037                 ldd   2,u
0126 10A302           (C:\Users\bhrou\gi):00038                 cmpd  2,x   
0129 260F             (C:\Users\bhrou\gi):00039                 bne   RLM_SetPage
012B EC44             (C:\Users\bhrou\gi):00040                 ldd   4,u
012D 10A304           (C:\Users\bhrou\gi):00041                 cmpd  4,x   
0130 2608             (C:\Users\bhrou\gi):00042                 bne   RLM_SetPage
0132 327A             (C:\Users\bhrou\gi):00043                 leas  -6,s                     ; adjust destination address
0134 3346             (C:\Users\bhrou\gi):00044                 leau  6,u                      ; adjust new Game Mode source address
0136 3006             (C:\Users\bhrou\gi):00045                 leax  6,x                      ; adjust current Game Mode source address
0138 20E3             (C:\Users\bhrou\gi):00046                 bra   RLM_SkipCommon
                      (C:\Users\bhrou\gi):00047                 
                      (C:\Users\bhrou\gi):00048         * Positionnement de la page 0a en zone 4000-5FFF
                      (C:\Users\bhrou\gi):00049         ***********************************************************
013A                  (C:\Users\bhrou\gi):00050         RLM_SetPage
013A F6E7C3           (C:\Users\bhrou\gi):00051                 ldb   $E7C3                    ; charge l'id de la demi-Page 0 en espace ecran
013D C4FE             (C:\Users\bhrou\gi):00052                 andb  #$FE                     ; positionne bit0=0 pour page 0 RAMA
013F F7E7C3           (C:\Users\bhrou\gi):00053                 stb   $E7C3                    ; dans l'espace ecran        
                      (C:\Users\bhrou\gi):00054                 
0142 86FF             (C:\Users\bhrou\gi):00055                 lda   #$FF                     ; ecriture balise de fin
0144 3402             (C:\Users\bhrou\gi):00056                 pshs  a                        ; pour GameModeEngine
0146                  (C:\Users\bhrou\gi):00057         RLM_CopyData
0146 3736             (C:\Users\bhrou\gi):00058                 pulu  d,x,y                    ; on lit 6 octets
0148 3436             (C:\Users\bhrou\gi):00059                 pshs  d,x,y                    ; on ecrit 6 octets
014A 4D               (C:\Users\bhrou\gi):00060                 tsta                           ; balise de fin dans REG A
014B 2AF9             (C:\Users\bhrou\gi):00061                 bpl   RLM_CopyData             ; non => boucle
014D 3266             (C:\Users\bhrou\gi):00062                 leas  6,s                      ; on remote de 6 car le dernier bloc est une balise de fin
                      (C:\Users\bhrou\gi):00063         
                      (C:\Users\bhrou\gi):00064         * Copie en page 0a du code Game Mode Engine
                      (C:\Users\bhrou\gi):00065         * les groupes de 7 octets sont recopiees a l'envers, le builder va inverser
                      (C:\Users\bhrou\gi):00066         * les donnees a l'avance on gagne un leas dans la boucle.
                      (C:\Users\bhrou\gi):00067         ************************************************************    
014F CE0167           (C:\Users\bhrou\gi):00068                 ldu   #RAMLoaderBin            ; source
0152                  (C:\Users\bhrou\gi):00069         RLM_CopyCode
0152 373E             (C:\Users\bhrou\gi):00070                 pulu  d,x,y,dp                 ; on lit 7 octets
0154 343E             (C:\Users\bhrou\gi):00071                 pshs  d,x,y,dp                 ; on ecrit 7 octets
0156 118C4000         (C:\Users\bhrou\gi):00072                 cmps  #$4000                   ; fin ?
015A 26F6             (C:\Users\bhrou\gi):00073                 bne   RLM_CopyCode             ; non => boucle
                      (C:\Users\bhrou\gi):00074                 
                      (C:\Users\bhrou\gi):00075         * Execution du Game Mode Engine en page 0a
                      (C:\Users\bhrou\gi):00076         ************************************************************
015C 10CE9F00         (C:\Users\bhrou\gi):00077                 lds   #glb_system_stack         ; positionnement pile systeme
0160 969F             (C:\Users\bhrou\gi):00078                 lda   glb_direct_page         ; set direct page to access globals
0162 1F8B             (C:\Users\bhrou\gi):00079                         tfr   a,dp         
0164 7E414E           (C:\Users\bhrou\gi):00080                 jmp   RAMLoader     
                      (C:\Users\bhrou\gi):00081         
                      (C:\Users\bhrou\gi):00082         * ==============================================================================
                      (C:\Users\bhrou\gi):00083         * RAMLoader
                      (C:\Users\bhrou\gi):00084         * ==============================================================================
0167                  (C:\Users\bhrou\gi):00085         RAMLoaderBin
0167 D600000000000010 (C:\Users\bhrou\gi):00086                 INCLUDEBIN "RAMLoaderT2.bin"
     AE81BD4000200555
     B70555EE8155F702
     AAC6C0F7E5C6AAF7
     0555C61F8B7E6100
     F7E781EC812A0786
     9F00000000008E41
     0000000000000000
     0000000000000000
     0000000000000000
     0000000000000000
     0000000000000000
     0000000000000000
     0000000000000000
     0000000000000000
     0000000000000000
     0000000000000000
     0000000000000000
     0000000000000000
     0000000000000000
     0000000000000000
     0000000000000000
     0000000000000000
     0000000000000000
     0000000000000000
     0000001030200000
     0000DDE301390402
     048E40B23A583A8D
     2AF6978DECE13927
     FB696169E45A8612
     2009A6C246FFE684
     6FE26FE2F420B310
     AF66351234A7A430
     1F26773510313FA6
     A98D1BEB038D32DD
     1083000324013A8D
     4434068E40ACA230
     1F26F820D98D391F
     01A6C2A7C1102737
     250F5A5C8D4627F9
     C6002615D7458C0C
     4510AE66C6018D50
     35065CC13426DCFA
     E6E4AFA1308BA053
     69E4495C2B0001C6
     048D6DE73406C50F
     26038E8E40B25FD7
     8D4F347F1F501F8B
     10
                      (C:\Users\bhrou\gi):00087                 INCLUDE "BuilderFileIndexT2.asm"
                      (BuilderFileIndexT):00001         * Generated Code
                      (BuilderFileIndexT):00002         
                      (BuilderFileIndexT):00003         * structure: rom src page, rom src end addr. hb, rom src end addr. lb, ram dest page, ram dest end addr. hb, ram dest end addr. lb
02E8 4194             (BuilderFileIndexT):00004                 fdb   RL_RAM_index+19
02EA                  (BuilderFileIndexT):00005         gm_EHZ
02EA 16043746E000     (BuilderFileIndexT):00006                 fcb   $16,$04,$37,$46,$E0,$00
02F0 16042629BC10     (BuilderFileIndexT):00007                 fcb   $16,$04,$26,$29,$BC,$10
02F6 17010EB8D891     (BuilderFileIndexT):00008                 fcb   $17,$01,$0E,$B8,$D8,$91
02FC FF               (BuilderFileIndexT):00009                 fcb   $FF
02FD                  (BuilderFileIndexT):00010         Gm_Index
02FD 02EA             (BuilderFileIndexT):00011                 fdb   gm_EHZ
