                      (./generated-code/):00001                 INCLUDE "./engine/constants.asm"
                      (./engine/constant):00001         * ---------------------------------------------------------------------------
                      (./engine/constant):00002         * Constants
                      (./engine/constant):00003         *
                      (./engine/constant):00004         * Naming convention
                      (./engine/constant):00005         * -----------------
                      (./engine/constant):00006         * - lower case
                      (./engine/constant):00007         * - underscore-separated names
                      (./engine/constant):00008         *
                      (./engine/constant):00009         * ---------------------------------------------------------------------------
                      (./engine/constant):00010         
                      (./engine/constant):00011          ifndef CONSTANTS_ASM
     0001             (./engine/constant):00012         CONSTANTS_ASM equ 1
                      (./engine/constant):00013         
                      (./engine/constant):00014         * ===========================================================================
                      (./engine/constant):00015         * TO8 Registers
                      (./engine/constant):00016         * ===========================================================================
                      (./engine/constant):00017         
                      (./engine/constant):00018         ; Disk routine registers (ROM)
                      (./engine/constant):00019         
     6049             (./engine/constant):00020         dk_drive                      equ $6049
     604A             (./engine/constant):00021         dk_track                      equ $604A
     604B             (./engine/constant):00022         dk_track_lsb                  equ $604B
     604C             (./engine/constant):00023         dk_sector                     equ $604C
     604F             (./engine/constant):00024         dk_write_location             equ $604F
                      (./engine/constant):00025         
                      (./engine/constant):00026         * ===========================================================================
                      (./engine/constant):00027         * Globals
                      (./engine/constant):00028         * ===========================================================================
                      (./engine/constant):00029         
                      (./engine/constant):00030         ; compilated sprite
     9FFE             (./engine/constant):00031         glb_register_s                equ $9FFE  ; reverved space to store S from ROM routines
                      (./engine/constant):00032         
                      (./engine/constant):00033         ; DrawSprites
     9FFC             (./engine/constant):00034         glb_screen_location_1         equ $9FFC  ; start address for rendering of current sprite Part1     
     9FFA             (./engine/constant):00035         glb_screen_location_2         equ $9FFA  ; start address for rendering of current sprite Part2 (Must follow Part1)
                      (./engine/constant):00036         
                      (./engine/constant):00037         ; CheckSpritesRefresh
     9FF9             (./engine/constant):00038         glb_cur_priority              equ $9FF9
     9FF7             (./engine/constant):00039         glb_cur_ptr_sub_obj_erase     equ $9FF7
     9FF5             (./engine/constant):00040         glb_cur_ptr_sub_obj_draw      equ $9FF5
                      (./engine/constant):00041         
     9FF3             (./engine/constant):00042         glb_camera_x_pos              equ $9FF3 ; camera x position in palyfield coordinates
     9FF1             (./engine/constant):00043         glb_camera_y_pos              equ $9FF1 ; camera y position in palyfield coordinates
     9FEF             (./engine/constant):00044         glb_camera_x_min_pos          equ $9FEF
     9FED             (./engine/constant):00045         glb_camera_y_min_pos          equ $9FED
     9FEB             (./engine/constant):00046         glb_camera_x_max_pos          equ $9FEB
     9FE9             (./engine/constant):00047         glb_camera_y_max_pos          equ $9FE9
     9FE8             (./engine/constant):00048         glb_camera_x_offset           equ $9FE8
     9FE7             (./engine/constant):00049         glb_camera_y_offset           equ $9FE7 
     9FE6             (./engine/constant):00050         glb_force_sprite_refresh      equ $9FE6
     9FE5             (./engine/constant):00051         glb_camera_move               equ $9FE5
     9FE4             (./engine/constant):00052         glb_alphaTiles                equ $9FE4
     9FE3             (./engine/constant):00053         glb_timer_second              equ $9FE3
     9FE2             (./engine/constant):00054         glb_timer_minute              equ $9FE2
     9FE2             (./engine/constant):00055         glb_timer                     equ $9FE2 
     9FE1             (./engine/constant):00056         glb_timer_frame               equ $9FE1
                      (./engine/constant):00057         
                      (./engine/constant):00058         ; BankSwitch
     9FE0             (./engine/constant):00059         glb_Page                      equ $9FE0
     9FB0             (./engine/constant):00060         dp_engine                     equ $9FB0 ; engine and user routines tmp var space
     9F00             (./engine/constant):00061         dp                            equ $9F00 ; free user tmp var space
     9F00             (./engine/constant):00062         glb_system_stack              equ $9F00
                      (./engine/constant):00063         
                      (./engine/constant):00064         * ===========================================================================
                      (./engine/constant):00065         * Display Constants
                      (./engine/constant):00066         * ===========================================================================
                      (./engine/constant):00067         
     00A0             (./engine/constant):00068         screen_width                  equ 160    ; in pixel
     001C             (./engine/constant):00069         screen_top                    equ 28     ; in pixel
     00E3             (./engine/constant):00070         screen_bottom                 equ 28+199 ; in pixel
     0030             (./engine/constant):00071         screen_left                   equ 48     ; in pixel
     00CF             (./engine/constant):00072         screen_right                  equ 48+159 ; in pixel
     0008             (./engine/constant):00073         nb_priority_levels            equ 8      ; number of priority levels (need code change if modified)
                      (./engine/constant):00074         
                      (./engine/constant):00075         * ===========================================================================
                      (./engine/constant):00076         * Images Constants
                      (./engine/constant):00077         * ===========================================================================
                      (./engine/constant):00078         
     0004             (./engine/constant):00079         image_x_size                  equ 4
     0005             (./engine/constant):00080         image_y_size                  equ 5
     0006             (./engine/constant):00081         image_center_offset           equ 6
                      (./engine/constant):00082         
     0004             (./engine/constant):00083         image_subset_x1_offset        equ 4
     0005             (./engine/constant):00084         image_subset_y1_offset        equ 5
                      (./engine/constant):00085         
     0000             (./engine/constant):00086         page_draw_routine             equ 0
     0001             (./engine/constant):00087         draw_routine                  equ 1
     0003             (./engine/constant):00088         page_erase_routine            equ 3
     0004             (./engine/constant):00089         erase_routine                 equ 4
     0006             (./engine/constant):00090         erase_nb_cell                 equ 6
                      (./engine/constant):00091         
                      (./engine/constant):00092         * ===========================================================================
                      (./engine/constant):00093         * Sound Constants
                      (./engine/constant):00094         * ===========================================================================
                      (./engine/constant):00095         
     0000             (./engine/constant):00096         sound_page        equ 0
     0001             (./engine/constant):00097         sound_start_addr  equ 1
     0003             (./engine/constant):00098         sound_end_addr    equ 3
     0005             (./engine/constant):00099         sound_meta_size   equ 5
                      (./engine/constant):00100         
                      (./engine/constant):00101         * ===========================================================================
                      (./engine/constant):00102         * Object Constants
                      (./engine/constant):00103         * ===========================================================================
                      (./engine/constant):00104         
                      (./engine/constant):00105         ; ext_variables_size should be declared in game source code
                      (./engine/constant):00106         
     0022             (./engine/constant):00107         object_base_size              equ 34  ; the size of an object without ext_vars - DEPENDENCY ClearObj routine
     003B             (./engine/constant):00108         object_rsvd_size              equ 59  ; the size of an object without ext_vars - DEPENDENCY ClearObj routine
     ????             (./engine/constant):00109         object_rsvd                   equ object_base_size+ext_variables_size
     ????             (./engine/constant):00110         object_size                   equ object_base_size+ext_variables_size+object_rsvd_size ; the size of a dynamic object
     ????             (./engine/constant):00111         next_object                   equ object_size
     0022             (./engine/constant):00112         ext_variables                 equ object_base_size ; start of reserved space for additionnal variables
                      (./engine/constant):00113         
     0000             (./engine/constant):00114         id                            equ 0           ; reference to object model id (ObjID_) (0: free slot)
     0001             (./engine/constant):00115         subtype                       equ 1           ; reference to object subtype (Sub_) DEPENDENCY subtype must follow id
     0002             (./engine/constant):00116         render_flags                  equ 2
                      (./engine/constant):00117         
                      (./engine/constant):00118         ; bit 7 = onscreen flag, bit 0 = x mirror, bit 1 = y mirror, bit 2 = coordinate system, bit 6 = render subobjects
                      (./engine/constant):00119         
                      (./engine/constant):00120         * --- render_flags bitfield variables ---
     0001             (./engine/constant):00121         render_xmirror_mask           equ $01 ; (bit 0) DEPENDENCY should be bit 0 - tell display engine to mirror sprite on horizontal axis
     0002             (./engine/constant):00122         render_ymirror_mask           equ $02 ; (bit 1) DEPENDENCY should be bit 1 - tell display engine to mirror sprite on vertical axis
     0004             (./engine/constant):00123         render_overlay_mask           equ $04 ; (bit 2) DEPENDENCY should be bit 2 - compilated sprite with no background save
     0008             (./engine/constant):00124         render_playfieldcoord_mask    equ $08 ; (bit 3) tell display engine to use playfield (1) or screen (0) coordinates
     0010             (./engine/constant):00125         render_xloop_mask             equ $10 ; (bit 4) (in screen coordinate) tell display engine to hide sprite when x is out of screen (0) or to display (1)  
     0020             (./engine/constant):00126         render_todelete_mask          equ $20 ; (bit 5) tell display engine to delete sprite and clear OST for this object
     0040             (./engine/constant):00127         render_subobjects             equ $40 ; (bit 6) tell display engine to render subobjects for this object
     0080             (./engine/constant):00128         render_hide_mask              equ $80 ; (bit 7) tell display engine to hide sprite (keep priority and mapping_frame)
                      (./engine/constant):00129         
     0003             (./engine/constant):00130         priority                      equ 3           ; display priority (0: nothing to display, 1:front, ..., 8:back)
     0004             (./engine/constant):00131         anim                          equ 4  ; and 5  ; reference to current animation (Ani_)
     0006             (./engine/constant):00132         prev_anim                     equ 6  ; and 7  ; reference to previous animation (Ani_)
     0008             (./engine/constant):00133         anim_frame                    equ 8           ; index of current frame in animation
     0009             (./engine/constant):00134         anim_frame_duration           equ 9           ; number of frames for each image in animation, range: 00-7F (0-127), 0 means display only during one frame
     000A             (./engine/constant):00135         anim_flags                    equ 10          ; byte offset to reference an anim_flags LUT (adv) / store a link flag (non adv)
                      (./engine/constant):00136         
                      (./engine/constant):00137         * --- anim_flags bitfield variables ---
     0001             (./engine/constant):00138         anim_link_mask                equ $01 ; (bit 0) if set, allow the load of a new animation without reseting anim_frame and anim_frame_duration
                      (./engine/constant):00139         
     000B             (./engine/constant):00140         status_flags                  equ 11          ; orientation of sprite, is applied to animation xmirror flag during AnimateSprite
                      (./engine/constant):00141         
                      (./engine/constant):00142         * --- status_flags bitfield variables ---
     0001             (./engine/constant):00143         status_xflip_mask             equ $01 ; (bit 0) X Flip
     0002             (./engine/constant):00144         status_yflip_mask             equ $02 ; (bit 1) Y Flip
                      (./engine/constant):00145         
     000C             (./engine/constant):00146         image_set                     equ 12 ; and 13 ; reference to current image (Img_) (0000 if no image)
     000E             (./engine/constant):00147         x_pos                         equ 14 ; and 15 ; x playfield coordinate
     0010             (./engine/constant):00148         x_sub                         equ 16          ; x subpixel (1/256 of a pixel), must follow x_pos in data structure
     0011             (./engine/constant):00149         y_pos                         equ 17 ; and 18 ; y playfield coordinate
     0013             (./engine/constant):00150         y_sub                         equ 19          ; y subpixel (1/256 of a pixel), must follow y_pos in data structure
     0014             (./engine/constant):00151         xy_pixel                      equ 20          ; x and y screen coordinate
     0014             (./engine/constant):00152         x_pixel                       equ 20          ; x screen coordinate
     0015             (./engine/constant):00153         y_pixel                       equ 21          ; y screen coordinate, must follow x_pixel
     0016             (./engine/constant):00154         x_vel                         equ 22 ; and 23 ; horizontal velocity
     0018             (./engine/constant):00155         y_vel                         equ 24 ; and 25 ; vertical velocity
     001A             (./engine/constant):00156         x_acl                         equ 26 ; and 27 ; horizontal gravity
     001C             (./engine/constant):00157         y_acl                         equ 28 ; and 29 ; vertical gravity
     001E             (./engine/constant):00158         routine                       equ 30          ; index of current object routine
     001F             (./engine/constant):00159         routine_secondary             equ 31          ; index of current secondary routine
     0020             (./engine/constant):00160         routine_tertiary              equ 32          ; index of current tertiary routine
     0021             (./engine/constant):00161         routine_quaternary            equ 33          ; index of current quaternary routine
                      (./engine/constant):00162         
                      (./engine/constant):00163         * ---------------------------------------------------------------------------
                      (./engine/constant):00164         * reserved variables (read/write by engine)
                      (./engine/constant):00165         
     ????             (./engine/constant):00166         rsv_render_flags              equ object_rsvd
                      (./engine/constant):00167         
                      (./engine/constant):00168         * --- rsv_render_flags bitfield variables ---
     0001             (./engine/constant):00169         rsv_render_checkrefresh_mask  equ $01 ; (bit 0) if erasesprite and display sprite flag are processed for this frame
     0002             (./engine/constant):00170         rsv_render_erasesprite_mask   equ $02 ; (bit 1) if a sprite need to be cleared on screen
     0004             (./engine/constant):00171         rsv_render_displaysprite_mask equ $04 ; (bit 2) if a sprite need to be rendered on screen
     0008             (./engine/constant):00172         rsv_render_outofrange_mask    equ $08 ; (bit 3) if a sprite is out of range for full rendering in screen
     0080             (./engine/constant):00173         rsv_render_onscreen_mask      equ $80 ; (bit 7) DEPENDENCY should be bit 7 - has been rendered on last screen buffer (may be 0 or 1)
                      (./engine/constant):00174         
     ????             (./engine/constant):00175         rsv_prev_anim                 equ object_rsvd+1 ; and +2 ; reference to previous animation (Ani_) w * UTILE ?
     ????             (./engine/constant):00176         rsv_image_center_offset       equ object_rsvd+3 ; 0 or 1 offset that indicate if image center is even or odd (DRS_XYToAddress)
     ????             (./engine/constant):00177         rsv_image_subset              equ object_rsvd+4 ; and +5 ; reference to current image regarding mirror flags w
     ????             (./engine/constant):00178         rsv_mapping_frame             equ object_rsvd+6 ; and +7 ; reference to current image regarding mirror flags, overlay flag and x precision w
     ????             (./engine/constant):00179         rsv_erase_nb_cell             equ object_rsvd+8 ; b 
     ????             (./engine/constant):00180         rsv_page_draw_routine         equ object_rsvd+9 ; b
     ????             (./engine/constant):00181         rsv_draw_routine              equ object_rsvd+10 ; and +11 ; w
     ????             (./engine/constant):00182         rsv_page_erase_routine        equ object_rsvd+12 ; b
     ????             (./engine/constant):00183         rsv_erase_routine             equ object_rsvd+13 ; and +14 ; w 
     ????             (./engine/constant):00184         rsv_xy1_pixel                 equ object_rsvd+15 ;
     ????             (./engine/constant):00185         rsv_x1_pixel                  equ object_rsvd+15 ; x+x_offset-(x_size/2) screen coordinate
     ????             (./engine/constant):00186         rsv_y1_pixel                  equ object_rsvd+16 ; y+y_offset-(y_size/2) screen coordinate, must follow rsv_x1_pixel
     ????             (./engine/constant):00187         rsv_xy2_pixel                 equ object_rsvd+17 ;
     ????             (./engine/constant):00188         rsv_x2_pixel                  equ object_rsvd+17 ; x+x_offset+(x_size/2) screen coordinate
     ????             (./engine/constant):00189         rsv_y2_pixel                  equ object_rsvd+18 ; y+y_offset+(y_size/2) screen coordinate, must follow rsv_x2_pixel
                      (./engine/constant):00190         
                      (./engine/constant):00191         * ---------------------------------------------------------------------------
                      (./engine/constant):00192         * reserved variables (engine) - buffer specific
                      (./engine/constant):00193         
     ????             (./engine/constant):00194         rsv_buffer_0                  equ object_rsvd+19 ; Start index of buffer 0 variables
     ????             (./engine/constant):00195         rsv_priority_0                equ object_rsvd+19 ; internal value that hold priority in video buffer 0
     ????             (./engine/constant):00196         rsv_priority_prev_obj_0       equ object_rsvd+20 ; and +21 ; previous object (OST address) in display priority list for video buffer 0 (0000 if none) w
     ????             (./engine/constant):00197         rsv_priority_next_obj_0       equ object_rsvd+22 ; and +23 ; next object (OST address) in display priority list for video buffer 0 (0000 if none) w
     ????             (./engine/constant):00198         rsv_prev_mapping_frame_0      equ object_rsvd+24 ; and object_rsvd+25 ; reference to previous image in video buffer 0 w
     ????             (./engine/constant):00199         rsv_prev_erase_nb_cell_0      equ object_rsvd+26 : b
     ????             (./engine/constant):00200         rsv_prev_page_erase_routine_0 equ object_rsvd+27 ; b
     ????             (./engine/constant):00201         rsv_prev_erase_routine_0      equ object_rsvd+28 ; and object_rsvd+29 ; w
     ????             (./engine/constant):00202         rsv_bgdata_0                  equ object_rsvd+30 ; and +31 ; address of background data in screen 0 w
     ????             (./engine/constant):00203         rsv_prev_xy_pixel_0           equ object_rsvd+32 ;
     ????             (./engine/constant):00204         rsv_prev_x_pixel_0            equ object_rsvd+32 ; previous x screen coordinate b
     ????             (./engine/constant):00205         rsv_prev_y_pixel_0            equ object_rsvd+33 ; previous y screen coordinate b, must follow x_pixel
     ????             (./engine/constant):00206         rsv_prev_xy1_pixel_0          equ object_rsvd+34 ;
     ????             (./engine/constant):00207         rsv_prev_x1_pixel_0           equ object_rsvd+34 ; previous x+x_offset-(x_size/2) screen coordinate b
     ????             (./engine/constant):00208         rsv_prev_y1_pixel_0           equ object_rsvd+35 ; previous y+y_offset-(y_size/2) screen coordinate b, must follow x1_pixel
     ????             (./engine/constant):00209         rsv_prev_xy2_pixel_0          equ object_rsvd+36 ;
     ????             (./engine/constant):00210         rsv_prev_x2_pixel_0           equ object_rsvd+36 ; previous x+x_offset+(x_size/2) screen coordinate b
     ????             (./engine/constant):00211         rsv_prev_y2_pixel_0           equ object_rsvd+37 ; previous y+y_offset+(y_size/2) screen coordinate b, must follow x2_pixel
     ????             (./engine/constant):00212         rsv_prev_render_flags_0       equ object_rsvd+38 ;
                      (./engine/constant):00213         * --- rsv_prev_render_flags_0 bitfield variables ---
     0001             (./engine/constant):00214         rsv_prev_render_overlay_mask  equ $01 ; (bit 0) if a sprite has been rendered with compilated sprite and no background save on screen buffer 0/1
     0080             (./engine/constant):00215         rsv_prev_render_onscreen_mask equ $80 ; (bit 7) DEPENDENCY should be bit 7 - has been rendered on screen buffer 0/1
                      (./engine/constant):00216         
     ????             (./engine/constant):00217         rsv_buffer_1                  equ object_rsvd+39 ; Start index of buffer 1 variables
     ????             (./engine/constant):00218         rsv_priority_1                equ object_rsvd+39 ; internal value that hold priority in video buffer 1
     ????             (./engine/constant):00219         rsv_priority_prev_obj_1       equ object_rsvd+40 ; and +41 ; previous object (OST address) in display priority list for video buffer 1 (0000 if none) w
     ????             (./engine/constant):00220         rsv_priority_next_obj_1       equ object_rsvd+42 ; and +43 ; next object (OST address) in display priority list for video buffer 1 (0000 if none) w
     ????             (./engine/constant):00221         rsv_prev_mapping_frame_1      equ object_rsvd+44 ; and +45 ; reference to previous image in video buffer 1 w
     ????             (./engine/constant):00222         rsv_prev_erase_nb_cell_1      equ object_rsvd+46 ; b
     ????             (./engine/constant):00223         rsv_prev_page_erase_routine_1 equ object_rsvd+47 ; b
     ????             (./engine/constant):00224         rsv_prev_erase_routine_1      equ object_rsvd+48 ; and +49 ; w
     ????             (./engine/constant):00225         rsv_bgdata_1                  equ object_rsvd+50 ; and +51 ; address of background data in screen 1 w
     ????             (./engine/constant):00226         rsv_prev_xy_pixel_1           equ object_rsvd+52 ;
     ????             (./engine/constant):00227         rsv_prev_x_pixel_1            equ object_rsvd+52 ; previous x screen coordinate b
     ????             (./engine/constant):00228         rsv_prev_y_pixel_1            equ object_rsvd+53 ; previous y screen coordinate b, must follow x_pixel
     ????             (./engine/constant):00229         rsv_prev_xy1_pixel_1          equ object_rsvd+54 ;
     ????             (./engine/constant):00230         rsv_prev_x1_pixel_1           equ object_rsvd+54 ; previous x+x_size screen coordinate b
     ????             (./engine/constant):00231         rsv_prev_y1_pixel_1           equ object_rsvd+55 ; previous y+y_size screen coordinate b, must follow x_pixel
     ????             (./engine/constant):00232         rsv_prev_xy2_pixel_1          equ object_rsvd+56 ;
     ????             (./engine/constant):00233         rsv_prev_x2_pixel_1           equ object_rsvd+56 ; previous x+x_size screen coordinate b
     ????             (./engine/constant):00234         rsv_prev_y2_pixel_1           equ object_rsvd+57 ; previous y+y_size screen coordinate b, must follow x_pixel
     ????             (./engine/constant):00235         rsv_prev_render_flags_1       equ object_rsvd+58 ;
                      (./engine/constant):00236         
     0000             (./engine/constant):00237         buf_priority                  equ 0  ; offset for each rsv_buffer variables
     0001             (./engine/constant):00238         buf_priority_prev_obj         equ 1  ;
     0003             (./engine/constant):00239         buf_priority_next_obj         equ 3  ;
     0005             (./engine/constant):00240         buf_prev_mapping_frame        equ 5  ;
     0007             (./engine/constant):00241         buf_erase_nb_cell             equ 7  ;
     0008             (./engine/constant):00242         buf_page_erase_routine        equ 8 ;
     0009             (./engine/constant):00243         buf_erase_routine             equ 9 ;
     000B             (./engine/constant):00244         buf_bgdata                    equ 11 ;
     000D             (./engine/constant):00245         buf_prev_xy_pixel             equ 13 ;
     000D             (./engine/constant):00246         buf_prev_x_pixel              equ 13 ;
     000E             (./engine/constant):00247         buf_prev_y_pixel              equ 14 ;
     000F             (./engine/constant):00248         buf_prev_xy1_pixel            equ 15 ;
     000F             (./engine/constant):00249         buf_prev_x1_pixel             equ 15 ;
     0010             (./engine/constant):00250         buf_prev_y1_pixel             equ 16 ;
     0011             (./engine/constant):00251         buf_prev_xy2_pixel            equ 17 ;
     0011             (./engine/constant):00252         buf_prev_x2_pixel             equ 17 ;
     0012             (./engine/constant):00253         buf_prev_y2_pixel             equ 18 ;
     0013             (./engine/constant):00254         buf_prev_render_flags         equ 19 ;
                      (./engine/constant):00255         
                      (./engine/constant):00256          endc
                      (./generated-code/):00002                 ORG $A000
     FF               (./generated-code/):00003                 SETDP $FF
                      (./generated-code/):00004                 OPT C,CT
A000                  (./generated-code/):00005                 BCKDRAW_Img_link17_0
A000 10FF9FFE         (./generated-code/):00006 [7]     7               STS glb_register_s
                      (./generated-code/):00007                 
A004 32A4             (./generated-code/):00008 [4]     11              LEAS ,Y
A006 33C9FEC0         (./generated-code/):00009 [8]     19              LEAU -320,U
                      (./generated-code/):00010                 
A00A ECC827           (./generated-code/):00011 [6]     25              LDD 39,U
A00D 3406             (./generated-code/):00012 [7]     32              PSHS D
A00F 84F0             (./generated-code/):00013 [2]     34              ANDA #$F0
A011 8A0E             (./generated-code/):00014 [2]     36              ORA #$0e
A013 C6EA             (./generated-code/):00015 [2]     38              LDB #$ea
A015 EDC827           (./generated-code/):00016 [6]     44              STD 39,U
A018 ECC84F           (./generated-code/):00017 [6]     50              LDD 79,U
A01B 3406             (./generated-code/):00018 [7]     57              PSHS D
A01D 84F0             (./generated-code/):00019 [2]     59              ANDA #$F0
A01F 8A0E             (./generated-code/):00020 [2]     61              ORA #$0e
A021 C6FE             (./generated-code/):00021 [2]     63              LDB #$fe
A023 EDC84F           (./generated-code/):00022 [6]     69              STD 79,U
A026 A6C829           (./generated-code/):00023 [5]     74              LDA 41,U
A029 E6C851           (./generated-code/):00024 [5]     79              LDB 81,U
A02C AEC4             (./generated-code/):00025 [5]     84              LDX ,U
A02E 10AEC878         (./generated-code/):00026 [7]     91              LDY 120,U
A032 3436             (./generated-code/):00027 [11]    102             PSHS Y,X,B,A
A034 ECC8B0           (./generated-code/):00028 [6]     108             LDD -80,U
A037 3406             (./generated-code/):00029 [7]     115             PSHS D
A039 86ED             (./generated-code/):00030 [2]     117             LDA #$ed
A03B C40F             (./generated-code/):00031 [2]     119             ANDB #$0F
A03D CAE0             (./generated-code/):00032 [2]     121             ORB #$e0
A03F EDC8B0           (./generated-code/):00033 [6]     127             STD -80,U
A042 ECC8D8           (./generated-code/):00034 [6]     133             LDD -40,U
A045 3406             (./generated-code/):00035 [7]     140             PSHS D
A047 86AD             (./generated-code/):00036 [2]     142             LDA #$ad
A049 C40F             (./generated-code/):00037 [2]     144             ANDB #$0F
A04B CAD0             (./generated-code/):00038 [2]     146             ORB #$d0
A04D EDC8D8           (./generated-code/):00039 [6]     152             STD -40,U
A050 A6C888           (./generated-code/):00040 [5]     157             LDA -120,U
A053 3442             (./generated-code/):00041 [8]     165             PSHS U,A
A055 84F0             (./generated-code/):00042 [2]     167             ANDA #$F0
A057 8A0E             (./generated-code/):00043 [2]     169             ORA #$0e
A059 A7C888           (./generated-code/):00044 [5]     174             STA -120,U
A05C CCADDE           (./generated-code/):00045 [3]     177             LDD #$adde
A05F EDC4             (./generated-code/):00046 [5]     182             STD ,U
A061 86DD             (./generated-code/):00047 [2]     184             LDA #$dd
A063 A7C829           (./generated-code/):00048 [5]     189             STA 41,U
A066 A7C851           (./generated-code/):00049 [5]     194             STA 81,U
A069 CCFFED           (./generated-code/):00050 [3]     197             LDD #$ffed
A06C EDC878           (./generated-code/):00051 [6]     203             STD 120,U
A06F 33C90118         (./generated-code/):00052 [8]     211             LEAU 280,U
                      (./generated-code/):00053                 
A073 AEC888           (./generated-code/):00054 [6]     217             LDX -120,U
A076 86EF             (./generated-code/):00055 [2]     219             LDA #$ef
A078 EDC888           (./generated-code/):00056 [6]     225             STD -120,U
A07B 10AEC8B0         (./generated-code/):00057 [7]     232             LDY -80,U
A07F 3430             (./generated-code/):00058 [9]     241             PSHS Y,X
A081 CC9FEE           (./generated-code/):00059 [3]     244             LDD #$9fee
A084 EDC8B0           (./generated-code/):00060 [6]     250             STD -80,U
A087 ECC8D7           (./generated-code/):00061 [6]     256             LDD -41,U
A08A 3406             (./generated-code/):00062 [7]     263             PSHS D
A08C 84F0             (./generated-code/):00063 [2]     265             ANDA #$F0
A08E 8A0E             (./generated-code/):00064 [2]     267             ORA #$0e
A090 C69F             (./generated-code/):00065 [2]     269             LDB #$9f
A092 EDC8D7           (./generated-code/):00066 [6]     275             STD -41,U
A095 ECC827           (./generated-code/):00067 [6]     281             LDD 39,U
A098 3406             (./generated-code/):00068 [7]     288             PSHS D
A09A 84F0             (./generated-code/):00069 [2]     290             ANDA #$F0
A09C 8A0E             (./generated-code/):00070 [2]     292             ORA #$0e
A09E C6BB             (./generated-code/):00071 [2]     294             LDB #$bb
A0A0 EDC827           (./generated-code/):00072 [6]     300             STD 39,U
A0A3 ECC84F           (./generated-code/):00073 [6]     306             LDD 79,U
A0A6 3406             (./generated-code/):00074 [7]     313             PSHS D
A0A8 84F0             (./generated-code/):00075 [2]     315             ANDA #$F0
A0AA 8A0E             (./generated-code/):00076 [2]     317             ORA #$0e
A0AC C6EE             (./generated-code/):00077 [2]     319             LDB #$ee
A0AE EDC84F           (./generated-code/):00078 [6]     325             STD 79,U
A0B1 A6C8D9           (./generated-code/):00079 [5]     330             LDA -39,U
A0B4 3402             (./generated-code/):00080 [6]     336             PSHS A
A0B6 840F             (./generated-code/):00081 [2]     338             ANDA #$0F
A0B8 8AE0             (./generated-code/):00082 [2]     340             ORA #$e0
A0BA A7C8D9           (./generated-code/):00083 [5]     345             STA -39,U
A0BD A6C829           (./generated-code/):00084 [5]     350             LDA 41,U
A0C0 3402             (./generated-code/):00085 [6]     356             PSHS A
A0C2 840F             (./generated-code/):00086 [2]     358             ANDA #$0F
A0C4 8AE0             (./generated-code/):00087 [2]     360             ORA #$e0
A0C6 A7C829           (./generated-code/):00088 [5]     365             STA 41,U
A0C9 A6C851           (./generated-code/):00089 [5]     370             LDA 81,U
A0CC 3402             (./generated-code/):00090 [6]     376             PSHS A
A0CE 840F             (./generated-code/):00091 [2]     378             ANDA #$0F
A0D0 8AE0             (./generated-code/):00092 [2]     380             ORA #$e0
A0D2 A7C851           (./generated-code/):00093 [5]     385             STA 81,U
A0D5 ECC4             (./generated-code/):00094 [5]     390             LDD ,U
A0D7 3406             (./generated-code/):00095 [7]     397             PSHS D
A0D9 86BE             (./generated-code/):00096 [2]     399             LDA #$be
A0DB C40F             (./generated-code/):00097 [2]     401             ANDB #$0F
A0DD CAF0             (./generated-code/):00098 [2]     403             ORB #$f0
A0DF EDC4             (./generated-code/):00099 [5]     408             STD ,U
A0E1 ECC878           (./generated-code/):00100 [6]     414             LDD 120,U
A0E4 3446             (./generated-code/):00101 [9]     423             PSHS U,D
A0E6 86DE             (./generated-code/):00102 [2]     425             LDA #$de
A0E8 C40F             (./generated-code/):00103 [2]     427             ANDB #$0F
A0EA CAE0             (./generated-code/):00104 [2]     429             ORB #$e0
A0EC EDC878           (./generated-code/):00105 [6]     435             STD 120,U
A0EF 33C90119         (./generated-code/):00106 [8]     443             LEAU 281,U
                      (./generated-code/):00107                 
A0F3 ECC887           (./generated-code/):00108 [6]     449             LDD -121,U
A0F6 3406             (./generated-code/):00109 [7]     456             PSHS D
A0F8 86DB             (./generated-code/):00110 [2]     458             LDA #$db
A0FA C40F             (./generated-code/):00111 [2]     460             ANDB #$0F
A0FC CAE0             (./generated-code/):00112 [2]     462             ORB #$e0
A0FE EDC887           (./generated-code/):00113 [6]     468             STD -121,U
A101 ECC8AF           (./generated-code/):00114 [6]     474             LDD -81,U
A104 3406             (./generated-code/):00115 [7]     481             PSHS D
A106 86DB             (./generated-code/):00116 [2]     483             LDA #$db
A108 C40F             (./generated-code/):00117 [2]     485             ANDB #$0F
A10A CAC0             (./generated-code/):00118 [2]     487             ORB #$c0
A10C EDC8AF           (./generated-code/):00119 [6]     493             STD -81,U
A10F ECC8D7           (./generated-code/):00120 [6]     499             LDD -41,U
A112 3406             (./generated-code/):00121 [7]     506             PSHS D
A114 86EA             (./generated-code/):00122 [2]     508             LDA #$ea
A116 C40F             (./generated-code/):00123 [2]     510             ANDB #$0F
A118 CAD0             (./generated-code/):00124 [2]     512             ORB #$d0
A11A EDC8D7           (./generated-code/):00125 [6]     518             STD -41,U
A11D EC5F             (./generated-code/):00126 [6]     524             LDD -1,U
A11F 3406             (./generated-code/):00127 [7]     531             PSHS D
A121 86EA             (./generated-code/):00128 [2]     533             LDA #$ea
A123 C40F             (./generated-code/):00129 [2]     535             ANDB #$0F
A125 CAE0             (./generated-code/):00130 [2]     537             ORB #$e0
A127 ED5F             (./generated-code/):00131 [6]     543             STD -1,U
A129 ECC827           (./generated-code/):00132 [6]     549             LDD 39,U
A12C 3406             (./generated-code/):00133 [7]     556             PSHS D
A12E 86EA             (./generated-code/):00134 [2]     558             LDA #$ea
A130 C40F             (./generated-code/):00135 [2]     560             ANDB #$0F
A132 CAE0             (./generated-code/):00136 [2]     562             ORB #$e0
A134 EDC827           (./generated-code/):00137 [6]     568             STD 39,U
A137 ECC84E           (./generated-code/):00138 [6]     574             LDD 78,U
A13A 3406             (./generated-code/):00139 [7]     581             PSHS D
A13C 84F0             (./generated-code/):00140 [2]     583             ANDA #$F0
A13E 8A0E             (./generated-code/):00141 [2]     585             ORA #$0e
A140 C6BE             (./generated-code/):00142 [2]     587             LDB #$be
A142 EDC84E           (./generated-code/):00143 [6]     593             STD 78,U
A145 ECC876           (./generated-code/):00144 [6]     599             LDD 118,U
A148 3406             (./generated-code/):00145 [7]     606             PSHS D
A14A 84F0             (./generated-code/):00146 [2]     608             ANDA #$F0
A14C 8A0E             (./generated-code/):00147 [2]     610             ORA #$0e
A14E C6EA             (./generated-code/):00148 [2]     612             LDB #$ea
A150 EDC876           (./generated-code/):00149 [6]     618             STD 118,U
A153 A6C850           (./generated-code/):00150 [5]     623             LDA 80,U
A156 3402             (./generated-code/):00151 [6]     629             PSHS A
A158 840F             (./generated-code/):00152 [2]     631             ANDA #$0F
A15A 8AE0             (./generated-code/):00153 [2]     633             ORA #$e0
A15C A7C850           (./generated-code/):00154 [5]     638             STA 80,U
A15F A6C878           (./generated-code/):00155 [5]     643             LDA 120,U
A162 3442             (./generated-code/):00156 [8]     651             PSHS U,A
A164 840F             (./generated-code/):00157 [2]     653             ANDA #$0F
A166 8AE0             (./generated-code/):00158 [2]     655             ORA #$e0
A168 A7C878           (./generated-code/):00159 [5]     660             STA 120,U
A16B 33C900B3         (./generated-code/):00160 [8]     668             LEAU 179,U
                      (./generated-code/):00161                 
A16F ECC8EC           (./generated-code/):00162 [6]     674             LDD -20,U
A172 3406             (./generated-code/):00163 [7]     681             PSHS D
A174 86EE             (./generated-code/):00164 [2]     683             LDA #$ee
A176 C40F             (./generated-code/):00165 [2]     685             ANDB #$0F
A178 CAE0             (./generated-code/):00166 [2]     687             ORB #$e0
A17A EDC8EC           (./generated-code/):00167 [6]     693             STD -20,U
A17D A6C814           (./generated-code/):00168 [5]     698             LDA 20,U
A180 3442             (./generated-code/):00169 [8]     706             PSHS U,A
A182 86EE             (./generated-code/):00170 [2]     708             LDA #$ee
A184 A7C814           (./generated-code/):00171 [5]     713             STA 20,U
                      (./generated-code/):00172                 
A187 DEFC             (./generated-code/):00173 [5]     718             LDU <glb_screen_location_1
A189 33C9FE5C         (./generated-code/):00174 [8]     726             LEAU -420,U
                      (./generated-code/):00175                 
A18D A6C814           (./generated-code/):00176 [5]     731             LDA 20,U
A190 E6C8EC           (./generated-code/):00177 [5]     736             LDB -20,U
A193 3446             (./generated-code/):00178 [9]     745             PSHS U,B,A
A195 C40F             (./generated-code/):00179 [2]     747             ANDB #$0F
A197 CAE0             (./generated-code/):00180 [2]     749             ORB #$e0
A199 E7C8EC           (./generated-code/):00181 [5]     754             STB -20,U
A19C 86DE             (./generated-code/):00182 [2]     756             LDA #$de
A19E A7C814           (./generated-code/):00183 [5]     761             STA 20,U
A1A1 33C900B3         (./generated-code/):00184 [8]     769             LEAU 179,U
                      (./generated-code/):00185                 
A1A5 AEC8B0           (./generated-code/):00186 [6]     775             LDX -80,U
A1A8 CCEEDD           (./generated-code/):00187 [3]     778             LDD #$eedd
A1AB EDC8B0           (./generated-code/):00188 [6]     784             STD -80,U
A1AE 10AEC8D8         (./generated-code/):00189 [7]     791             LDY -40,U
A1B2 3430             (./generated-code/):00190 [9]     800             PSHS Y,X
A1B4 A6C8B2           (./generated-code/):00191 [5]     805             LDA -78,U
A1B7 3402             (./generated-code/):00192 [6]     811             PSHS A
A1B9 840F             (./generated-code/):00193 [2]     813             ANDA #$0F
A1BB 8AE0             (./generated-code/):00194 [2]     815             ORA #$e0
A1BD A7C8B2           (./generated-code/):00195 [5]     820             STA -78,U
A1C0 A6C8DA           (./generated-code/):00196 [5]     825             LDA -38,U
A1C3 3402             (./generated-code/):00197 [6]     831             PSHS A
A1C5 840F             (./generated-code/):00198 [2]     833             ANDA #$0F
A1C7 8AD0             (./generated-code/):00199 [2]     835             ORA #$d0
A1C9 A7C8DA           (./generated-code/):00200 [5]     840             STA -38,U
A1CC ECC888           (./generated-code/):00201 [6]     846             LDD -120,U
A1CF 3406             (./generated-code/):00202 [7]     853             PSHS D
A1D1 84F0             (./generated-code/):00203 [2]     855             ANDA #$F0
A1D3 8A0E             (./generated-code/):00204 [2]     857             ORA #$0e
A1D5 C6DD             (./generated-code/):00205 [2]     859             LDB #$dd
A1D7 EDC888           (./generated-code/):00206 [6]     865             STD -120,U
A1DA CCFFAD           (./generated-code/):00207 [3]     868             LDD #$ffad
A1DD EDC8D8           (./generated-code/):00208 [6]     874             STD -40,U
A1E0 3712             (./generated-code/):00209 [8]     882             PULU A,X
A1E2 3452             (./generated-code/):00210 [10]    892             PSHS U,X,A
A1E4 86FF             (./generated-code/):00211 [2]     894             LDA #$ff
A1E6 8EAEDE           (./generated-code/):00212 [3]     897             LDX #$aede
A1E9 3612             (./generated-code/):00213 [8]     905             PSHU A,X
A1EB 33C828           (./generated-code/):00214 [5]     910             LEAU 40,U
                      (./generated-code/):00215                 
A1EE 3712             (./generated-code/):00216 [8]     918             PULU A,X
A1F0 3452             (./generated-code/):00217 [10]    928             PSHS U,X,A
A1F2 86EF             (./generated-code/):00218 [2]     930             LDA #$ef
A1F4 8EEADE           (./generated-code/):00219 [3]     933             LDX #$eade
A1F7 3612             (./generated-code/):00220 [8]     941             PSHU A,X
A1F9 33C828           (./generated-code/):00221 [5]     946             LEAU 40,U
                      (./generated-code/):00222                 
A1FC AEC828           (./generated-code/):00223 [6]     952             LDX 40,U
A1FF CCEEEB           (./generated-code/):00224 [3]     955             LDD #$eeeb
A202 EDC828           (./generated-code/):00225 [6]     961             STD 40,U
A205 10AEC850         (./generated-code/):00226 [7]     968             LDY 80,U
A209 3430             (./generated-code/):00227 [9]     977             PSHS Y,X
A20B 86AE             (./generated-code/):00228 [2]     979             LDA #$ae
A20D EDC850           (./generated-code/):00229 [6]     985             STD 80,U
A210 A6C82A           (./generated-code/):00230 [5]     990             LDA 42,U
A213 3402             (./generated-code/):00231 [6]     996             PSHS A
A215 840F             (./generated-code/):00232 [2]     998             ANDA #$0F
A217 8AD0             (./generated-code/):00233 [2]     1000            ORA #$d0
A219 A7C82A           (./generated-code/):00234 [5]     1005            STA 42,U
A21C A6C852           (./generated-code/):00235 [5]     1010            LDA 82,U
A21F 3402             (./generated-code/):00236 [6]     1016            PSHS A
A221 840F             (./generated-code/):00237 [2]     1018            ANDA #$0F
A223 8AE0             (./generated-code/):00238 [2]     1020            ORA #$e0
A225 A7C852           (./generated-code/):00239 [5]     1025            STA 82,U
A228 AEC878           (./generated-code/):00240 [6]     1031            LDX 120,U
A22B 3410             (./generated-code/):00241 [7]     1038            PSHS X
A22D CCEABE           (./generated-code/):00242 [3]     1041            LDD #$eabe
A230 EDC878           (./generated-code/):00243 [6]     1047            STD 120,U
A233 3712             (./generated-code/):00244 [8]     1055            PULU A,X
A235 3452             (./generated-code/):00245 [10]    1065            PSHS U,X,A
A237 86EE             (./generated-code/):00246 [2]     1067            LDA #$ee
A239 8EEADE           (./generated-code/):00247 [3]     1070            LDX #$eade
A23C 3612             (./generated-code/):00248 [8]     1078            PSHU A,X
A23E 33C90118         (./generated-code/):00249 [8]     1086            LEAU 280,U
                      (./generated-code/):00250                 
A242 AEC828           (./generated-code/):00251 [6]     1092            LDX 40,U
A245 EDC828           (./generated-code/):00252 [6]     1098            STD 40,U
A248 10AEC4           (./generated-code/):00253 [6]     1104            LDY ,U
A24B 3430             (./generated-code/):00254 [9]     1113            PSHS Y,X
A24D ECC850           (./generated-code/):00255 [6]     1119            LDD 80,U
A250 AEC888           (./generated-code/):00256 [6]     1125            LDX -120,U
A253 3416             (./generated-code/):00257 [9]     1134            PSHS X,D
A255 ECC878           (./generated-code/):00258 [6]     1140            LDD 120,U
A258 3406             (./generated-code/):00259 [7]     1147            PSHS D
A25A 84F0             (./generated-code/):00260 [2]     1149            ANDA #$F0
A25C 8A0D             (./generated-code/):00261 [2]     1151            ORA #$0d
A25E C6AD             (./generated-code/):00262 [2]     1153            LDB #$ad
A260 EDC878           (./generated-code/):00263 [6]     1159            STD 120,U
A263 CCAEBE           (./generated-code/):00264 [3]     1162            LDD #$aebe
A266 EDC888           (./generated-code/):00265 [6]     1168            STD -120,U
A269 AEC8D8           (./generated-code/):00266 [6]     1174            LDX -40,U
A26C CCECAC           (./generated-code/):00267 [3]     1177            LDD #$ecac
A26F EDC850           (./generated-code/):00268 [6]     1183            STD 80,U
A272 CCEDBD           (./generated-code/):00269 [3]     1186            LDD #$edbd
A275 EDC4             (./generated-code/):00270 [5]     1191            STD ,U
A277 C6ED             (./generated-code/):00271 [2]     1193            LDB #$ed
A279 EDC8D8           (./generated-code/):00272 [6]     1199            STD -40,U
A27C 10AEC8B0         (./generated-code/):00273 [7]     1206            LDY -80,U
A280 3470             (./generated-code/):00274 [11]    1217            PSHS U,Y,X
A282 86BD             (./generated-code/):00275 [2]     1219            LDA #$bd
A284 EDC8B0           (./generated-code/):00276 [6]     1225            STD -80,U
A287 33C900F0         (./generated-code/):00277 [8]     1233            LEAU 240,U
                      (./generated-code/):00278                 
A28B AEC8B0           (./generated-code/):00279 [6]     1239            LDX -80,U
A28E 10AEC8D8         (./generated-code/):00280 [7]     1246            LDY -40,U
A292 3430             (./generated-code/):00281 [9]     1255            PSHS Y,X
A294 ECC4             (./generated-code/):00282 [5]     1260            LDD ,U
A296 AEC828           (./generated-code/):00283 [6]     1266            LDX 40,U
A299 3416             (./generated-code/):00284 [9]     1275            PSHS X,D
A29B CCEEAE           (./generated-code/):00285 [3]     1278            LDD #$eeae
A29E EDC8B0           (./generated-code/):00286 [6]     1284            STD -80,U
A2A1 C6EE             (./generated-code/):00287 [2]     1286            LDB #$ee
A2A3 EDC8D8           (./generated-code/):00288 [6]     1292            STD -40,U
A2A6 EDC828           (./generated-code/):00289 [6]     1298            STD 40,U
A2A9 C6BE             (./generated-code/):00290 [2]     1300            LDB #$be
A2AB EDC4             (./generated-code/):00291 [5]     1305            STD ,U
A2AD ECC850           (./generated-code/):00292 [6]     1311            LDD 80,U
A2B0 3446             (./generated-code/):00293 [9]     1320            PSHS U,D
A2B2 84F0             (./generated-code/):00294 [2]     1322            ANDA #$F0
A2B4 C40F             (./generated-code/):00295 [2]     1324            ANDB #$0F
A2B6 C30EE0           (./generated-code/):00296 [4]     1328            ADDD #$0ee0
A2B9 EDC850           (./generated-code/):00297 [6]     1334            STD 80,U
A2BC 33E4             (./generated-code/):00298 [4]     1338            LEAU ,S
A2BE                  (./generated-code/):00299                 SSAV_Img_link17_0
A2BE 10FE9FFE         (./generated-code/):00300 [7]     1345            LDS glb_register_s
A2C2 39               (./generated-code/):00301 [5]     1350            RTS
                      (./generated-code/):00302                 
