                      (./generated-code/):00001                 INCLUDE "./engine/constants.asm"
                      (./engine/constant):00001         * ---------------------------------------------------------------------------
                      (./engine/constant):00002         * Constants
                      (./engine/constant):00003         *
                      (./engine/constant):00004         * Naming convention
                      (./engine/constant):00005         * -----------------
                      (./engine/constant):00006         * - lower case
                      (./engine/constant):00007         * - underscore-separated names
                      (./engine/constant):00008         *
                      (./engine/constant):00009         * ---------------------------------------------------------------------------
                      (./engine/constant):00010         
                      (./engine/constant):00011          ifndef CONSTANTS_ASM
     0001             (./engine/constant):00012         CONSTANTS_ASM equ 1
                      (./engine/constant):00013         
                      (./engine/constant):00014         * ===========================================================================
                      (./engine/constant):00015         * TO8 Registers
                      (./engine/constant):00016         * ===========================================================================
                      (./engine/constant):00017         
                      (./engine/constant):00018         ; Disk routine registers (ROM)
                      (./engine/constant):00019         
     6049             (./engine/constant):00020         dk_drive                      equ $6049
     604A             (./engine/constant):00021         dk_track                      equ $604A
     604B             (./engine/constant):00022         dk_track_lsb                  equ $604B
     604C             (./engine/constant):00023         dk_sector                     equ $604C
     604F             (./engine/constant):00024         dk_write_location             equ $604F
                      (./engine/constant):00025         
                      (./engine/constant):00026         * ===========================================================================
                      (./engine/constant):00027         * Globals
                      (./engine/constant):00028         * ===========================================================================
                      (./engine/constant):00029         
                      (./engine/constant):00030         ; compilated sprite
     9FFE             (./engine/constant):00031         glb_register_s                equ $9FFE  ; reverved space to store S from ROM routines
                      (./engine/constant):00032         
                      (./engine/constant):00033         ; DrawSprites
     9FFC             (./engine/constant):00034         glb_screen_location_1         equ $9FFC  ; start address for rendering of current sprite Part1     
     9FFA             (./engine/constant):00035         glb_screen_location_2         equ $9FFA  ; start address for rendering of current sprite Part2 (Must follow Part1)
                      (./engine/constant):00036         
                      (./engine/constant):00037         ; CheckSpritesRefresh
     9FF9             (./engine/constant):00038         glb_cur_priority              equ $9FF9
     9FF7             (./engine/constant):00039         glb_cur_ptr_sub_obj_erase     equ $9FF7
     9FF5             (./engine/constant):00040         glb_cur_ptr_sub_obj_draw      equ $9FF5
                      (./engine/constant):00041         
     9FF3             (./engine/constant):00042         glb_camera_x_pos              equ $9FF3 ; camera x position in palyfield coordinates
     9FF1             (./engine/constant):00043         glb_camera_y_pos              equ $9FF1 ; camera y position in palyfield coordinates
     9FEF             (./engine/constant):00044         glb_camera_x_min_pos          equ $9FEF
     9FED             (./engine/constant):00045         glb_camera_y_min_pos          equ $9FED
     9FEB             (./engine/constant):00046         glb_camera_x_max_pos          equ $9FEB
     9FE9             (./engine/constant):00047         glb_camera_y_max_pos          equ $9FE9
     9FE8             (./engine/constant):00048         glb_camera_x_offset           equ $9FE8
     9FE7             (./engine/constant):00049         glb_camera_y_offset           equ $9FE7 
     9FE6             (./engine/constant):00050         glb_force_sprite_refresh      equ $9FE6
     9FE5             (./engine/constant):00051         glb_camera_move               equ $9FE5
     9FE4             (./engine/constant):00052         glb_alphaTiles                equ $9FE4
     9FE3             (./engine/constant):00053         glb_timer_second              equ $9FE3
     9FE2             (./engine/constant):00054         glb_timer_minute              equ $9FE2
     9FE2             (./engine/constant):00055         glb_timer                     equ $9FE2 
     9FE1             (./engine/constant):00056         glb_timer_frame               equ $9FE1
                      (./engine/constant):00057         
                      (./engine/constant):00058         ; BankSwitch
     9FE0             (./engine/constant):00059         glb_Page                      equ $9FE0
     9FB0             (./engine/constant):00060         dp_engine                     equ $9FB0 ; engine and user routines tmp var space
     9F00             (./engine/constant):00061         dp                            equ $9F00 ; free user tmp var space
     9F00             (./engine/constant):00062         glb_system_stack              equ $9F00
                      (./engine/constant):00063         
                      (./engine/constant):00064         * ===========================================================================
                      (./engine/constant):00065         * Display Constants
                      (./engine/constant):00066         * ===========================================================================
                      (./engine/constant):00067         
     00A0             (./engine/constant):00068         screen_width                  equ 160    ; in pixel
     001C             (./engine/constant):00069         screen_top                    equ 28     ; in pixel
     00E3             (./engine/constant):00070         screen_bottom                 equ 28+199 ; in pixel
     0030             (./engine/constant):00071         screen_left                   equ 48     ; in pixel
     00CF             (./engine/constant):00072         screen_right                  equ 48+159 ; in pixel
     0008             (./engine/constant):00073         nb_priority_levels            equ 8      ; number of priority levels (need code change if modified)
                      (./engine/constant):00074         
                      (./engine/constant):00075         * ===========================================================================
                      (./engine/constant):00076         * Images Constants
                      (./engine/constant):00077         * ===========================================================================
                      (./engine/constant):00078         
     0004             (./engine/constant):00079         image_x_size                  equ 4
     0005             (./engine/constant):00080         image_y_size                  equ 5
     0006             (./engine/constant):00081         image_center_offset           equ 6
                      (./engine/constant):00082         
     0004             (./engine/constant):00083         image_subset_x1_offset        equ 4
     0005             (./engine/constant):00084         image_subset_y1_offset        equ 5
                      (./engine/constant):00085         
     0000             (./engine/constant):00086         page_draw_routine             equ 0
     0001             (./engine/constant):00087         draw_routine                  equ 1
     0003             (./engine/constant):00088         page_erase_routine            equ 3
     0004             (./engine/constant):00089         erase_routine                 equ 4
     0006             (./engine/constant):00090         erase_nb_cell                 equ 6
                      (./engine/constant):00091         
                      (./engine/constant):00092         * ===========================================================================
                      (./engine/constant):00093         * Sound Constants
                      (./engine/constant):00094         * ===========================================================================
                      (./engine/constant):00095         
     0000             (./engine/constant):00096         sound_page        equ 0
     0001             (./engine/constant):00097         sound_start_addr  equ 1
     0003             (./engine/constant):00098         sound_end_addr    equ 3
     0005             (./engine/constant):00099         sound_meta_size   equ 5
                      (./engine/constant):00100         
                      (./engine/constant):00101         * ===========================================================================
                      (./engine/constant):00102         * Object Constants
                      (./engine/constant):00103         * ===========================================================================
                      (./engine/constant):00104         
                      (./engine/constant):00105         ; ext_variables_size should be declared in game source code
                      (./engine/constant):00106         
     0022             (./engine/constant):00107         object_base_size              equ 34  ; the size of an object without ext_vars - DEPENDENCY ClearObj routine
     003B             (./engine/constant):00108         object_rsvd_size              equ 59  ; the size of an object without ext_vars - DEPENDENCY ClearObj routine
     ????             (./engine/constant):00109         object_rsvd                   equ object_base_size+ext_variables_size
     ????             (./engine/constant):00110         object_size                   equ object_base_size+ext_variables_size+object_rsvd_size ; the size of a dynamic object
     ????             (./engine/constant):00111         next_object                   equ object_size
     0022             (./engine/constant):00112         ext_variables                 equ object_base_size ; start of reserved space for additionnal variables
                      (./engine/constant):00113         
     0000             (./engine/constant):00114         id                            equ 0           ; reference to object model id (ObjID_) (0: free slot)
     0001             (./engine/constant):00115         subtype                       equ 1           ; reference to object subtype (Sub_) DEPENDENCY subtype must follow id
     0002             (./engine/constant):00116         render_flags                  equ 2
                      (./engine/constant):00117         
                      (./engine/constant):00118         ; bit 7 = onscreen flag, bit 0 = x mirror, bit 1 = y mirror, bit 2 = coordinate system, bit 6 = render subobjects
                      (./engine/constant):00119         
                      (./engine/constant):00120         * --- render_flags bitfield variables ---
     0001             (./engine/constant):00121         render_xmirror_mask           equ $01 ; (bit 0) DEPENDENCY should be bit 0 - tell display engine to mirror sprite on horizontal axis
     0002             (./engine/constant):00122         render_ymirror_mask           equ $02 ; (bit 1) DEPENDENCY should be bit 1 - tell display engine to mirror sprite on vertical axis
     0004             (./engine/constant):00123         render_overlay_mask           equ $04 ; (bit 2) DEPENDENCY should be bit 2 - compilated sprite with no background save
     0008             (./engine/constant):00124         render_playfieldcoord_mask    equ $08 ; (bit 3) tell display engine to use playfield (1) or screen (0) coordinates
     0010             (./engine/constant):00125         render_xloop_mask             equ $10 ; (bit 4) (in screen coordinate) tell display engine to hide sprite when x is out of screen (0) or to display (1)  
     0020             (./engine/constant):00126         render_todelete_mask          equ $20 ; (bit 5) tell display engine to delete sprite and clear OST for this object
     0040             (./engine/constant):00127         render_subobjects             equ $40 ; (bit 6) tell display engine to render subobjects for this object
     0080             (./engine/constant):00128         render_hide_mask              equ $80 ; (bit 7) tell display engine to hide sprite (keep priority and mapping_frame)
                      (./engine/constant):00129         
     0003             (./engine/constant):00130         priority                      equ 3           ; display priority (0: nothing to display, 1:front, ..., 8:back)
     0004             (./engine/constant):00131         anim                          equ 4  ; and 5  ; reference to current animation (Ani_)
     0006             (./engine/constant):00132         prev_anim                     equ 6  ; and 7  ; reference to previous animation (Ani_)
     0008             (./engine/constant):00133         anim_frame                    equ 8           ; index of current frame in animation
     0009             (./engine/constant):00134         anim_frame_duration           equ 9           ; number of frames for each image in animation, range: 00-7F (0-127), 0 means display only during one frame
     000A             (./engine/constant):00135         anim_flags                    equ 10          ; byte offset to reference an anim_flags LUT (adv) / store a link flag (non adv)
                      (./engine/constant):00136         
                      (./engine/constant):00137         * --- anim_flags bitfield variables ---
     0001             (./engine/constant):00138         anim_link_mask                equ $01 ; (bit 0) if set, allow the load of a new animation without reseting anim_frame and anim_frame_duration
                      (./engine/constant):00139         
     000B             (./engine/constant):00140         status_flags                  equ 11          ; orientation of sprite, is applied to animation xmirror flag during AnimateSprite
                      (./engine/constant):00141         
                      (./engine/constant):00142         * --- status_flags bitfield variables ---
     0001             (./engine/constant):00143         status_xflip_mask             equ $01 ; (bit 0) X Flip
     0002             (./engine/constant):00144         status_yflip_mask             equ $02 ; (bit 1) Y Flip
                      (./engine/constant):00145         
     000C             (./engine/constant):00146         image_set                     equ 12 ; and 13 ; reference to current image (Img_) (0000 if no image)
     000E             (./engine/constant):00147         x_pos                         equ 14 ; and 15 ; x playfield coordinate
     0010             (./engine/constant):00148         x_sub                         equ 16          ; x subpixel (1/256 of a pixel), must follow x_pos in data structure
     0011             (./engine/constant):00149         y_pos                         equ 17 ; and 18 ; y playfield coordinate
     0013             (./engine/constant):00150         y_sub                         equ 19          ; y subpixel (1/256 of a pixel), must follow y_pos in data structure
     0014             (./engine/constant):00151         xy_pixel                      equ 20          ; x and y screen coordinate
     0014             (./engine/constant):00152         x_pixel                       equ 20          ; x screen coordinate
     0015             (./engine/constant):00153         y_pixel                       equ 21          ; y screen coordinate, must follow x_pixel
     0016             (./engine/constant):00154         x_vel                         equ 22 ; and 23 ; horizontal velocity
     0018             (./engine/constant):00155         y_vel                         equ 24 ; and 25 ; vertical velocity
     001A             (./engine/constant):00156         x_acl                         equ 26 ; and 27 ; horizontal gravity
     001C             (./engine/constant):00157         y_acl                         equ 28 ; and 29 ; vertical gravity
     001E             (./engine/constant):00158         routine                       equ 30          ; index of current object routine
     001F             (./engine/constant):00159         routine_secondary             equ 31          ; index of current secondary routine
     0020             (./engine/constant):00160         routine_tertiary              equ 32          ; index of current tertiary routine
     0021             (./engine/constant):00161         routine_quaternary            equ 33          ; index of current quaternary routine
                      (./engine/constant):00162         
                      (./engine/constant):00163         * ---------------------------------------------------------------------------
                      (./engine/constant):00164         * reserved variables (read/write by engine)
                      (./engine/constant):00165         
     ????             (./engine/constant):00166         rsv_render_flags              equ object_rsvd
                      (./engine/constant):00167         
                      (./engine/constant):00168         * --- rsv_render_flags bitfield variables ---
     0001             (./engine/constant):00169         rsv_render_checkrefresh_mask  equ $01 ; (bit 0) if erasesprite and display sprite flag are processed for this frame
     0002             (./engine/constant):00170         rsv_render_erasesprite_mask   equ $02 ; (bit 1) if a sprite need to be cleared on screen
     0004             (./engine/constant):00171         rsv_render_displaysprite_mask equ $04 ; (bit 2) if a sprite need to be rendered on screen
     0008             (./engine/constant):00172         rsv_render_outofrange_mask    equ $08 ; (bit 3) if a sprite is out of range for full rendering in screen
     0080             (./engine/constant):00173         rsv_render_onscreen_mask      equ $80 ; (bit 7) DEPENDENCY should be bit 7 - has been rendered on last screen buffer (may be 0 or 1)
                      (./engine/constant):00174         
     ????             (./engine/constant):00175         rsv_prev_anim                 equ object_rsvd+1 ; and +2 ; reference to previous animation (Ani_) w * UTILE ?
     ????             (./engine/constant):00176         rsv_image_center_offset       equ object_rsvd+3 ; 0 or 1 offset that indicate if image center is even or odd (DRS_XYToAddress)
     ????             (./engine/constant):00177         rsv_image_subset              equ object_rsvd+4 ; and +5 ; reference to current image regarding mirror flags w
     ????             (./engine/constant):00178         rsv_mapping_frame             equ object_rsvd+6 ; and +7 ; reference to current image regarding mirror flags, overlay flag and x precision w
     ????             (./engine/constant):00179         rsv_erase_nb_cell             equ object_rsvd+8 ; b 
     ????             (./engine/constant):00180         rsv_page_draw_routine         equ object_rsvd+9 ; b
     ????             (./engine/constant):00181         rsv_draw_routine              equ object_rsvd+10 ; and +11 ; w
     ????             (./engine/constant):00182         rsv_page_erase_routine        equ object_rsvd+12 ; b
     ????             (./engine/constant):00183         rsv_erase_routine             equ object_rsvd+13 ; and +14 ; w 
     ????             (./engine/constant):00184         rsv_xy1_pixel                 equ object_rsvd+15 ;
     ????             (./engine/constant):00185         rsv_x1_pixel                  equ object_rsvd+15 ; x+x_offset-(x_size/2) screen coordinate
     ????             (./engine/constant):00186         rsv_y1_pixel                  equ object_rsvd+16 ; y+y_offset-(y_size/2) screen coordinate, must follow rsv_x1_pixel
     ????             (./engine/constant):00187         rsv_xy2_pixel                 equ object_rsvd+17 ;
     ????             (./engine/constant):00188         rsv_x2_pixel                  equ object_rsvd+17 ; x+x_offset+(x_size/2) screen coordinate
     ????             (./engine/constant):00189         rsv_y2_pixel                  equ object_rsvd+18 ; y+y_offset+(y_size/2) screen coordinate, must follow rsv_x2_pixel
                      (./engine/constant):00190         
                      (./engine/constant):00191         * ---------------------------------------------------------------------------
                      (./engine/constant):00192         * reserved variables (engine) - buffer specific
                      (./engine/constant):00193         
     ????             (./engine/constant):00194         rsv_buffer_0                  equ object_rsvd+19 ; Start index of buffer 0 variables
     ????             (./engine/constant):00195         rsv_priority_0                equ object_rsvd+19 ; internal value that hold priority in video buffer 0
     ????             (./engine/constant):00196         rsv_priority_prev_obj_0       equ object_rsvd+20 ; and +21 ; previous object (OST address) in display priority list for video buffer 0 (0000 if none) w
     ????             (./engine/constant):00197         rsv_priority_next_obj_0       equ object_rsvd+22 ; and +23 ; next object (OST address) in display priority list for video buffer 0 (0000 if none) w
     ????             (./engine/constant):00198         rsv_prev_mapping_frame_0      equ object_rsvd+24 ; and object_rsvd+25 ; reference to previous image in video buffer 0 w
     ????             (./engine/constant):00199         rsv_prev_erase_nb_cell_0      equ object_rsvd+26 : b
     ????             (./engine/constant):00200         rsv_prev_page_erase_routine_0 equ object_rsvd+27 ; b
     ????             (./engine/constant):00201         rsv_prev_erase_routine_0      equ object_rsvd+28 ; and object_rsvd+29 ; w
     ????             (./engine/constant):00202         rsv_bgdata_0                  equ object_rsvd+30 ; and +31 ; address of background data in screen 0 w
     ????             (./engine/constant):00203         rsv_prev_xy_pixel_0           equ object_rsvd+32 ;
     ????             (./engine/constant):00204         rsv_prev_x_pixel_0            equ object_rsvd+32 ; previous x screen coordinate b
     ????             (./engine/constant):00205         rsv_prev_y_pixel_0            equ object_rsvd+33 ; previous y screen coordinate b, must follow x_pixel
     ????             (./engine/constant):00206         rsv_prev_xy1_pixel_0          equ object_rsvd+34 ;
     ????             (./engine/constant):00207         rsv_prev_x1_pixel_0           equ object_rsvd+34 ; previous x+x_offset-(x_size/2) screen coordinate b
     ????             (./engine/constant):00208         rsv_prev_y1_pixel_0           equ object_rsvd+35 ; previous y+y_offset-(y_size/2) screen coordinate b, must follow x1_pixel
     ????             (./engine/constant):00209         rsv_prev_xy2_pixel_0          equ object_rsvd+36 ;
     ????             (./engine/constant):00210         rsv_prev_x2_pixel_0           equ object_rsvd+36 ; previous x+x_offset+(x_size/2) screen coordinate b
     ????             (./engine/constant):00211         rsv_prev_y2_pixel_0           equ object_rsvd+37 ; previous y+y_offset+(y_size/2) screen coordinate b, must follow x2_pixel
     ????             (./engine/constant):00212         rsv_prev_render_flags_0       equ object_rsvd+38 ;
                      (./engine/constant):00213         * --- rsv_prev_render_flags_0 bitfield variables ---
     0001             (./engine/constant):00214         rsv_prev_render_overlay_mask  equ $01 ; (bit 0) if a sprite has been rendered with compilated sprite and no background save on screen buffer 0/1
     0080             (./engine/constant):00215         rsv_prev_render_onscreen_mask equ $80 ; (bit 7) DEPENDENCY should be bit 7 - has been rendered on screen buffer 0/1
                      (./engine/constant):00216         
     ????             (./engine/constant):00217         rsv_buffer_1                  equ object_rsvd+39 ; Start index of buffer 1 variables
     ????             (./engine/constant):00218         rsv_priority_1                equ object_rsvd+39 ; internal value that hold priority in video buffer 1
     ????             (./engine/constant):00219         rsv_priority_prev_obj_1       equ object_rsvd+40 ; and +41 ; previous object (OST address) in display priority list for video buffer 1 (0000 if none) w
     ????             (./engine/constant):00220         rsv_priority_next_obj_1       equ object_rsvd+42 ; and +43 ; next object (OST address) in display priority list for video buffer 1 (0000 if none) w
     ????             (./engine/constant):00221         rsv_prev_mapping_frame_1      equ object_rsvd+44 ; and +45 ; reference to previous image in video buffer 1 w
     ????             (./engine/constant):00222         rsv_prev_erase_nb_cell_1      equ object_rsvd+46 ; b
     ????             (./engine/constant):00223         rsv_prev_page_erase_routine_1 equ object_rsvd+47 ; b
     ????             (./engine/constant):00224         rsv_prev_erase_routine_1      equ object_rsvd+48 ; and +49 ; w
     ????             (./engine/constant):00225         rsv_bgdata_1                  equ object_rsvd+50 ; and +51 ; address of background data in screen 1 w
     ????             (./engine/constant):00226         rsv_prev_xy_pixel_1           equ object_rsvd+52 ;
     ????             (./engine/constant):00227         rsv_prev_x_pixel_1            equ object_rsvd+52 ; previous x screen coordinate b
     ????             (./engine/constant):00228         rsv_prev_y_pixel_1            equ object_rsvd+53 ; previous y screen coordinate b, must follow x_pixel
     ????             (./engine/constant):00229         rsv_prev_xy1_pixel_1          equ object_rsvd+54 ;
     ????             (./engine/constant):00230         rsv_prev_x1_pixel_1           equ object_rsvd+54 ; previous x+x_size screen coordinate b
     ????             (./engine/constant):00231         rsv_prev_y1_pixel_1           equ object_rsvd+55 ; previous y+y_size screen coordinate b, must follow x_pixel
     ????             (./engine/constant):00232         rsv_prev_xy2_pixel_1          equ object_rsvd+56 ;
     ????             (./engine/constant):00233         rsv_prev_x2_pixel_1           equ object_rsvd+56 ; previous x+x_size screen coordinate b
     ????             (./engine/constant):00234         rsv_prev_y2_pixel_1           equ object_rsvd+57 ; previous y+y_size screen coordinate b, must follow x_pixel
     ????             (./engine/constant):00235         rsv_prev_render_flags_1       equ object_rsvd+58 ;
                      (./engine/constant):00236         
     0000             (./engine/constant):00237         buf_priority                  equ 0  ; offset for each rsv_buffer variables
     0001             (./engine/constant):00238         buf_priority_prev_obj         equ 1  ;
     0003             (./engine/constant):00239         buf_priority_next_obj         equ 3  ;
     0005             (./engine/constant):00240         buf_prev_mapping_frame        equ 5  ;
     0007             (./engine/constant):00241         buf_erase_nb_cell             equ 7  ;
     0008             (./engine/constant):00242         buf_page_erase_routine        equ 8 ;
     0009             (./engine/constant):00243         buf_erase_routine             equ 9 ;
     000B             (./engine/constant):00244         buf_bgdata                    equ 11 ;
     000D             (./engine/constant):00245         buf_prev_xy_pixel             equ 13 ;
     000D             (./engine/constant):00246         buf_prev_x_pixel              equ 13 ;
     000E             (./engine/constant):00247         buf_prev_y_pixel              equ 14 ;
     000F             (./engine/constant):00248         buf_prev_xy1_pixel            equ 15 ;
     000F             (./engine/constant):00249         buf_prev_x1_pixel             equ 15 ;
     0010             (./engine/constant):00250         buf_prev_y1_pixel             equ 16 ;
     0011             (./engine/constant):00251         buf_prev_xy2_pixel            equ 17 ;
     0011             (./engine/constant):00252         buf_prev_x2_pixel             equ 17 ;
     0012             (./engine/constant):00253         buf_prev_y2_pixel             equ 18 ;
     0013             (./engine/constant):00254         buf_prev_render_flags         equ 19 ;
                      (./engine/constant):00255         
                      (./engine/constant):00256          endc
                      (./generated-code/):00002                 ORG $A000
     FF               (./generated-code/):00003                 SETDP $FF
                      (./generated-code/):00004                 OPT C,CT
A000                  (./generated-code/):00005                 BCKDRAW_Img_link03_0
A000 10FF9FFE         (./generated-code/):00006 [7]     7               STS glb_register_s
                      (./generated-code/):00007                 
A004 32A4             (./generated-code/):00008 [4]     11              LEAS ,Y
A006 33C9FE70         (./generated-code/):00009 [8]     19              LEAU -400,U
                      (./generated-code/):00010                 
A00A A6C4             (./generated-code/):00011 [4]     23              LDA ,U
A00C 3442             (./generated-code/):00012 [8]     31              PSHS U,A
A00E 86EE             (./generated-code/):00013 [2]     33              LDA #$ee
A010 A7C4             (./generated-code/):00014 [4]     37              STA ,U
A012 33C9009F         (./generated-code/):00015 [8]     45              LEAU 159,U
                      (./generated-code/):00016                 
A016 ECC8B1           (./generated-code/):00017 [6]     51              LDD -79,U
A019 3406             (./generated-code/):00018 [7]     58              PSHS D
A01B 86DD             (./generated-code/):00019 [2]     60              LDA #$dd
A01D C40F             (./generated-code/):00020 [2]     62              ANDB #$0F
A01F CAE0             (./generated-code/):00021 [2]     64              ORB #$e0
A021 EDC8B1           (./generated-code/):00022 [6]     70              STD -79,U
A024 A6C889           (./generated-code/):00023 [5]     75              LDA -119,U
A027 E6C8DA           (./generated-code/):00024 [5]     80              LDB -38,U
A02A 3406             (./generated-code/):00025 [7]     87              PSHS B,A
A02C ECC8D8           (./generated-code/):00026 [6]     93              LDD -40,U
A02F 3406             (./generated-code/):00027 [7]     100             PSHS D
A031 84F0             (./generated-code/):00028 [2]     102             ANDA #$F0
A033 8A0E             (./generated-code/):00029 [2]     104             ORA #$0e
A035 C6DD             (./generated-code/):00030 [2]     106             LDB #$dd
A037 EDC8D8           (./generated-code/):00031 [6]     112             STD -40,U
A03A E7C889           (./generated-code/):00032 [5]     117             STB -119,U
A03D 86DE             (./generated-code/):00033 [2]     119             LDA #$de
A03F A7C8DA           (./generated-code/):00034 [5]     124             STA -38,U
A042 3712             (./generated-code/):00035 [8]     132             PULU A,X
A044 3452             (./generated-code/):00036 [10]    142             PSHS U,X,A
A046 86EA             (./generated-code/):00037 [2]     144             LDA #$ea
A048 8EAADE           (./generated-code/):00038 [3]     147             LDX #$aade
A04B 3612             (./generated-code/):00039 [8]     155             PSHU A,X
A04D 33C828           (./generated-code/):00040 [5]     160             LEAU 40,U
                      (./generated-code/):00041                 
A050 3712             (./generated-code/):00042 [8]     168             PULU A,X
A052 3452             (./generated-code/):00043 [10]    178             PSHS U,X,A
A054 86EA             (./generated-code/):00044 [2]     180             LDA #$ea
A056 8EEEEE           (./generated-code/):00045 [3]     183             LDX #$eeee
A059 3612             (./generated-code/):00046 [8]     191             PSHU A,X
A05B 33C828           (./generated-code/):00047 [5]     196             LEAU 40,U
                      (./generated-code/):00048                 
A05E 3712             (./generated-code/):00049 [8]     204             PULU A,X
A060 3452             (./generated-code/):00050 [10]    214             PSHS U,X,A
A062 86EB             (./generated-code/):00051 [2]     216             LDA #$eb
A064 8EFFEA           (./generated-code/):00052 [3]     219             LDX #$ffea
A067 3612             (./generated-code/):00053 [8]     227             PSHU A,X
A069 33C828           (./generated-code/):00054 [5]     232             LEAU 40,U
                      (./generated-code/):00055                 
A06C A6C82A           (./generated-code/):00056 [5]     237             LDA 42,U
A06F AEC851           (./generated-code/):00057 [6]     243             LDX 81,U
A072 10AEC879         (./generated-code/):00058 [7]     250             LDY 121,U
A076 3432             (./generated-code/):00059 [10]    260             PSHS Y,X,A
A078 ECC828           (./generated-code/):00060 [6]     266             LDD 40,U
A07B 3406             (./generated-code/):00061 [7]     273             PSHS D
A07D 84F0             (./generated-code/):00062 [2]     275             ANDA #$F0
A07F 8A0E             (./generated-code/):00063 [2]     277             ORA #$0e
A081 C69B             (./generated-code/):00064 [2]     279             LDB #$9b
A083 EDC828           (./generated-code/):00065 [6]     285             STD 40,U
A086 86EB             (./generated-code/):00066 [2]     287             LDA #$eb
A088 A7C82A           (./generated-code/):00067 [5]     292             STA 42,U
A08B CCEABE           (./generated-code/):00068 [3]     295             LDD #$eabe
A08E EDC851           (./generated-code/):00069 [6]     301             STD 81,U
A091 C6EE             (./generated-code/):00070 [2]     303             LDB #$ee
A093 EDC879           (./generated-code/):00071 [6]     309             STD 121,U
A096 3712             (./generated-code/):00072 [8]     317             PULU A,X
A098 3452             (./generated-code/):00073 [10]    327             PSHS U,X,A
A09A 86EB             (./generated-code/):00074 [2]     329             LDA #$eb
A09C 8EEEFE           (./generated-code/):00075 [3]     332             LDX #$eefe
A09F 3612             (./generated-code/):00076 [8]     340             PSHU A,X
A0A1 33C900C8         (./generated-code/):00077 [8]     348             LEAU 200,U
                      (./generated-code/):00078                 
A0A5 ECC8D8           (./generated-code/):00079 [6]     354             LDD -40,U
A0A8 3406             (./generated-code/):00080 [7]     361             PSHS D
A0AA 84F0             (./generated-code/):00081 [2]     363             ANDA #$F0
A0AC 8A0E             (./generated-code/):00082 [2]     365             ORA #$0e
A0AE C6AA             (./generated-code/):00083 [2]     367             LDB #$aa
A0B0 EDC8D8           (./generated-code/):00084 [6]     373             STD -40,U
A0B3 A6C8DA           (./generated-code/):00085 [5]     378             LDA -38,U
A0B6 3402             (./generated-code/):00086 [6]     384             PSHS A
A0B8 86DD             (./generated-code/):00087 [2]     386             LDA #$dd
A0BA A7C8DA           (./generated-code/):00088 [5]     391             STA -38,U
A0BD 3712             (./generated-code/):00089 [8]     399             PULU A,X
A0BF 3452             (./generated-code/):00090 [10]    409             PSHS U,X,A
A0C1 86EB             (./generated-code/):00091 [2]     411             LDA #$eb
A0C3 8EEBDE           (./generated-code/):00092 [3]     414             LDX #$ebde
A0C6 3612             (./generated-code/):00093 [8]     422             PSHU A,X
A0C8 33C828           (./generated-code/):00094 [5]     427             LEAU 40,U
                      (./generated-code/):00095                 
A0CB 3712             (./generated-code/):00096 [8]     435             PULU A,X
A0CD 3452             (./generated-code/):00097 [10]    445             PSHS U,X,A
A0CF 86EB             (./generated-code/):00098 [2]     447             LDA #$eb
A0D1 8EDEEB           (./generated-code/):00099 [3]     450             LDX #$deeb
A0D4 3612             (./generated-code/):00100 [8]     458             PSHU A,X
A0D6 33C828           (./generated-code/):00101 [5]     463             LEAU 40,U
                      (./generated-code/):00102                 
A0D9 3712             (./generated-code/):00103 [8]     471             PULU A,X
A0DB 3452             (./generated-code/):00104 [10]    481             PSHS U,X,A
A0DD 86EA             (./generated-code/):00105 [2]     483             LDA #$ea
A0DF 8EDDEE           (./generated-code/):00106 [3]     486             LDX #$ddee
A0E2 3612             (./generated-code/):00107 [8]     494             PSHU A,X
A0E4 33C828           (./generated-code/):00108 [5]     499             LEAU 40,U
                      (./generated-code/):00109                 
A0E7 3712             (./generated-code/):00110 [8]     507             PULU A,X
A0E9 3452             (./generated-code/):00111 [10]    517             PSHS U,X,A
A0EB 86EA             (./generated-code/):00112 [2]     519             LDA #$ea
A0ED 8EDDEA           (./generated-code/):00113 [3]     522             LDX #$ddea
A0F0 3612             (./generated-code/):00114 [8]     530             PSHU A,X
A0F2 33C828           (./generated-code/):00115 [5]     535             LEAU 40,U
                      (./generated-code/):00116                 
A0F5 ECC828           (./generated-code/):00117 [6]     541             LDD 40,U
A0F8 3406             (./generated-code/):00118 [7]     548             PSHS D
A0FA 84F0             (./generated-code/):00119 [2]     550             ANDA #$F0
A0FC 8A0E             (./generated-code/):00120 [2]     552             ORA #$0e
A0FE C6CC             (./generated-code/):00121 [2]     554             LDB #$cc
A100 EDC828           (./generated-code/):00122 [6]     560             STD 40,U
A103 AEC851           (./generated-code/):00123 [6]     566             LDX 81,U
A106 CCDDBE           (./generated-code/):00124 [3]     569             LDD #$ddbe
A109 EDC851           (./generated-code/):00125 [6]     575             STD 81,U
A10C 10AEC879         (./generated-code/):00126 [7]     582             LDY 121,U
A110 3430             (./generated-code/):00127 [9]     591             PSHS Y,X
A112 CCEEEE           (./generated-code/):00128 [3]     594             LDD #$eeee
A115 EDC879           (./generated-code/):00129 [6]     600             STD 121,U
A118 A6C82A           (./generated-code/):00130 [5]     605             LDA 42,U
A11B E7C82A           (./generated-code/):00131 [5]     610             STB 42,U
A11E 3714             (./generated-code/):00132 [8]     618             PULU B,X
A120 3456             (./generated-code/):00133 [11]    629             PSHS U,X,B,A
A122 86EA             (./generated-code/):00134 [2]     631             LDA #$ea
A124 8EECDE           (./generated-code/):00135 [3]     634             LDX #$ecde
A127 3612             (./generated-code/):00136 [8]     642             PSHU A,X
A129 33C900B5         (./generated-code/):00137 [8]     650             LEAU 181,U
                      (./generated-code/):00138                 
A12D ECC8EC           (./generated-code/):00139 [6]     656             LDD -20,U
A130 3406             (./generated-code/):00140 [7]     663             PSHS D
A132 86EE             (./generated-code/):00141 [2]     665             LDA #$ee
A134 C40F             (./generated-code/):00142 [2]     667             ANDB #$0F
A136 CAE0             (./generated-code/):00143 [2]     669             ORB #$e0
A138 EDC8EC           (./generated-code/):00144 [6]     675             STD -20,U
A13B A6C814           (./generated-code/):00145 [5]     680             LDA 20,U
A13E 3442             (./generated-code/):00146 [8]     688             PSHS U,A
A140 86EE             (./generated-code/):00147 [2]     690             LDA #$ee
A142 A7C814           (./generated-code/):00148 [5]     695             STA 20,U
                      (./generated-code/):00149                 
A145 DEFC             (./generated-code/):00150 [5]     700             LDU <glb_screen_location_1
A147 33C9FEE9         (./generated-code/):00151 [8]     708             LEAU -279,U
                      (./generated-code/):00152                 
A14B ECC8D6           (./generated-code/):00153 [6]     714             LDD -42,U
A14E 3406             (./generated-code/):00154 [7]     721             PSHS D
A150 84F0             (./generated-code/):00155 [2]     723             ANDA #$F0
A152 8A0E             (./generated-code/):00156 [2]     725             ORA #$0e
A154 C6DD             (./generated-code/):00157 [2]     727             LDB #$dd
A156 EDC8D6           (./generated-code/):00158 [6]     733             STD -42,U
A159 A6C887           (./generated-code/):00159 [5]     738             LDA -121,U
A15C 3402             (./generated-code/):00160 [6]     744             PSHS A
A15E 840F             (./generated-code/):00161 [2]     746             ANDA #$0F
A160 8AE0             (./generated-code/):00162 [2]     748             ORA #$e0
A162 A7C887           (./generated-code/):00163 [5]     753             STA -121,U
A165 A6C828           (./generated-code/):00164 [5]     758             LDA 40,U
A168 3402             (./generated-code/):00165 [6]     764             PSHS A
A16A 840F             (./generated-code/):00166 [2]     766             ANDA #$0F
A16C 8AE0             (./generated-code/):00167 [2]     768             ORA #$e0
A16E A7C828           (./generated-code/):00168 [5]     773             STA 40,U
A171 A6C850           (./generated-code/):00169 [5]     778             LDA 80,U
A174 3402             (./generated-code/):00170 [6]     784             PSHS A
A176 840F             (./generated-code/):00171 [2]     786             ANDA #$0F
A178 8AE0             (./generated-code/):00172 [2]     788             ORA #$e0
A17A A7C850           (./generated-code/):00173 [5]     793             STA 80,U
A17D A6C878           (./generated-code/):00174 [5]     798             LDA 120,U
A180 3402             (./generated-code/):00175 [6]     804             PSHS A
A182 840F             (./generated-code/):00176 [2]     806             ANDA #$0F
A184 8AE0             (./generated-code/):00177 [2]     808             ORA #$e0
A186 A7C878           (./generated-code/):00178 [5]     813             STA 120,U
A189 A6C8AF           (./generated-code/):00179 [5]     818             LDA -81,U
A18C AEC826           (./generated-code/):00180 [6]     824             LDX 38,U
A18F 10AE5E           (./generated-code/):00181 [7]     831             LDY -2,U
A192 3432             (./generated-code/):00182 [10]    841             PSHS Y,X,A
A194 ECC876           (./generated-code/):00183 [6]     847             LDD 118,U
A197 AEC84E           (./generated-code/):00184 [6]     853             LDX 78,U
A19A 3456             (./generated-code/):00185 [11]    864             PSHS U,X,D
A19C CCEFFF           (./generated-code/):00186 [3]     867             LDD #$efff
A19F EDC876           (./generated-code/):00187 [6]     873             STD 118,U
A1A2 CCFEAE           (./generated-code/):00188 [3]     876             LDD #$feae
A1A5 EDC826           (./generated-code/):00189 [6]     882             STD 38,U
A1A8 86DE             (./generated-code/):00190 [2]     884             LDA #$de
A1AA A7C8AF           (./generated-code/):00191 [5]     889             STA -81,U
A1AD CCFFEF           (./generated-code/):00192 [3]     892             LDD #$ffef
A1B0 EDC84E           (./generated-code/):00193 [6]     898             STD 78,U
A1B3 CCEEDA           (./generated-code/):00194 [3]     901             LDD #$eeda
A1B6 ED5E             (./generated-code/):00195 [6]     907             STD -2,U
A1B8 33C90117         (./generated-code/):00196 [8]     915             LEAU 279,U
                      (./generated-code/):00197                 
A1BC AEC877           (./generated-code/):00198 [6]     921             LDX 119,U
A1BF 10AEC8AF         (./generated-code/):00199 [7]     928             LDY -81,U
A1C3 3430             (./generated-code/):00200 [9]     937             PSHS Y,X
A1C5 EC5F             (./generated-code/):00201 [6]     943             LDD -1,U
A1C7 AEC84F           (./generated-code/):00202 [6]     949             LDX 79,U
A1CA 10AEC827         (./generated-code/):00203 [7]     956             LDY 39,U
A1CE 3436             (./generated-code/):00204 [11]    967             PSHS Y,X,D
A1D0 ECC8D7           (./generated-code/):00205 [6]     973             LDD -41,U
A1D3 AEC887           (./generated-code/):00206 [6]     979             LDX -121,U
A1D6 3416             (./generated-code/):00207 [9]     988             PSHS X,D
A1D8 CCEBEA           (./generated-code/):00208 [3]     991             LDD #$ebea
A1DB ED5F             (./generated-code/):00209 [6]     997             STD -1,U
A1DD CCEDDD           (./generated-code/):00210 [3]     1000            LDD #$eddd
A1E0 EDC877           (./generated-code/):00211 [6]     1006            STD 119,U
A1E3 CCE999           (./generated-code/):00212 [3]     1009            LDD #$e999
A1E6 EDC8AF           (./generated-code/):00213 [6]     1015            STD -81,U
A1E9 CCDDEE           (./generated-code/):00214 [3]     1018            LDD #$ddee
A1EC EDC84F           (./generated-code/):00215 [6]     1024            STD 79,U
A1EF 86FE             (./generated-code/):00216 [2]     1026            LDA #$fe
A1F1 EDC887           (./generated-code/):00217 [6]     1032            STD -121,U
A1F4 CCB9E9           (./generated-code/):00218 [3]     1035            LDD #$b9e9
A1F7 EDC8D7           (./generated-code/):00219 [6]     1041            STD -41,U
A1FA CCDEAB           (./generated-code/):00220 [3]     1044            LDD #$deab
A1FD EDC827           (./generated-code/):00221 [6]     1050            STD 39,U
A200 A6C889           (./generated-code/):00222 [5]     1055            LDA -119,U
A203 3402             (./generated-code/):00223 [6]     1061            PSHS A
A205 840F             (./generated-code/):00224 [2]     1063            ANDA #$0F
A207 8AE0             (./generated-code/):00225 [2]     1065            ORA #$e0
A209 A7C889           (./generated-code/):00226 [5]     1070            STA -119,U
A20C A6C851           (./generated-code/):00227 [5]     1075            LDA 81,U
A20F 3402             (./generated-code/):00228 [6]     1081            PSHS A
A211 840F             (./generated-code/):00229 [2]     1083            ANDA #$0F
A213 8AE0             (./generated-code/):00230 [2]     1085            ORA #$e0
A215 A7C851           (./generated-code/):00231 [5]     1090            STA 81,U
A218 A6C879           (./generated-code/):00232 [5]     1095            LDA 121,U
A21B 3442             (./generated-code/):00233 [8]     1103            PSHS U,A
A21D 840F             (./generated-code/):00234 [2]     1105            ANDA #$0F
A21F 8AE0             (./generated-code/):00235 [2]     1107            ORA #$e0
A221 A7C879           (./generated-code/):00236 [5]     1112            STA 121,U
A224 33C90117         (./generated-code/):00237 [8]     1120            LEAU 279,U
                      (./generated-code/):00238                 
A228 AEC828           (./generated-code/):00239 [6]     1126            LDX 40,U
A22B 10AEC8B0         (./generated-code/):00240 [7]     1133            LDY -80,U
A22F 3430             (./generated-code/):00241 [9]     1142            PSHS Y,X
A231 CCBEDE           (./generated-code/):00242 [3]     1145            LDD #$bede
A234 EDC828           (./generated-code/):00243 [6]     1151            STD 40,U
A237 ECC8D8           (./generated-code/):00244 [6]     1157            LDD -40,U
A23A AEC850           (./generated-code/):00245 [6]     1163            LDX 80,U
A23D 10AEC878         (./generated-code/):00246 [7]     1170            LDY 120,U
A241 3436             (./generated-code/):00247 [11]    1181            PSHS Y,X,D
A243 ECC888           (./generated-code/):00248 [6]     1187            LDD -120,U
A246 AEC4             (./generated-code/):00249 [5]     1192            LDX ,U
A248 3416             (./generated-code/):00250 [9]     1201            PSHS X,D
A24A CCEAEB           (./generated-code/):00251 [3]     1204            LDD #$eaeb
A24D EDC850           (./generated-code/):00252 [6]     1210            STD 80,U
A250 CCDCEC           (./generated-code/):00253 [3]     1213            LDD #$dcec
A253 EDC8D8           (./generated-code/):00254 [6]     1219            STD -40,U
A256 CCEDCD           (./generated-code/):00255 [3]     1222            LDD #$edcd
A259 EDC4             (./generated-code/):00256 [5]     1227            STD ,U
A25B C6DD             (./generated-code/):00257 [2]     1229            LDB #$dd
A25D EDC888           (./generated-code/):00258 [6]     1235            STD -120,U
A260 EDC8B0           (./generated-code/):00259 [6]     1241            STD -80,U
A263 CCEEEE           (./generated-code/):00260 [3]     1244            LDD #$eeee
A266 EDC878           (./generated-code/):00261 [6]     1250            STD 120,U
A269 A6C88A           (./generated-code/):00262 [5]     1255            LDA -118,U
A26C 3402             (./generated-code/):00263 [6]     1261            PSHS A
A26E 840F             (./generated-code/):00264 [2]     1263            ANDA #$0F
A270 8AE0             (./generated-code/):00265 [2]     1265            ORA #$e0
A272 A7C88A           (./generated-code/):00266 [5]     1270            STA -118,U
A275 A6C8B2           (./generated-code/):00267 [5]     1275            LDA -78,U
A278 3402             (./generated-code/):00268 [6]     1281            PSHS A
A27A 840F             (./generated-code/):00269 [2]     1283            ANDA #$0F
A27C 8AE0             (./generated-code/):00270 [2]     1285            ORA #$e0
A27E A7C8B2           (./generated-code/):00271 [5]     1290            STA -78,U
A281 A6C8DA           (./generated-code/):00272 [5]     1295            LDA -38,U
A284 3442             (./generated-code/):00273 [8]     1303            PSHS U,A
A286 840F             (./generated-code/):00274 [2]     1305            ANDA #$0F
A288 8AE0             (./generated-code/):00275 [2]     1307            ORA #$e0
A28A A7C8DA           (./generated-code/):00276 [5]     1312            STA -38,U
A28D 33C900A1         (./generated-code/):00277 [8]     1320            LEAU 161,U
                      (./generated-code/):00278                 
A291 A6C4             (./generated-code/):00279 [4]     1324            LDA ,U
A293 3442             (./generated-code/):00280 [8]     1332            PSHS U,A
A295 E7C4             (./generated-code/):00281 [4]     1336            STB ,U
A297 33E4             (./generated-code/):00282 [4]     1340            LEAU ,S
A299                  (./generated-code/):00283                 SSAV_Img_link03_0
A299 10FE9FFE         (./generated-code/):00284 [7]     1347            LDS glb_register_s
A29D 39               (./generated-code/):00285 [5]     1352            RTS
                      (./generated-code/):00286                 
