                      (./generated-code/):00001                 INCLUDE "./engine/constants.asm"
                      (./engine/constant):00001         * ---------------------------------------------------------------------------
                      (./engine/constant):00002         * Constants
                      (./engine/constant):00003         *
                      (./engine/constant):00004         * Naming convention
                      (./engine/constant):00005         * -----------------
                      (./engine/constant):00006         * - lower case
                      (./engine/constant):00007         * - underscore-separated names
                      (./engine/constant):00008         *
                      (./engine/constant):00009         * ---------------------------------------------------------------------------
                      (./engine/constant):00010         
                      (./engine/constant):00011          ifndef CONSTANTS_ASM
     0001             (./engine/constant):00012         CONSTANTS_ASM equ 1
                      (./engine/constant):00013         
                      (./engine/constant):00014         * ===========================================================================
                      (./engine/constant):00015         * TO8 Registers
                      (./engine/constant):00016         * ===========================================================================
                      (./engine/constant):00017         
                      (./engine/constant):00018         ; Disk routine registers (ROM)
                      (./engine/constant):00019         
     6049             (./engine/constant):00020         dk_drive                      equ $6049
     604A             (./engine/constant):00021         dk_track                      equ $604A
     604B             (./engine/constant):00022         dk_track_lsb                  equ $604B
     604C             (./engine/constant):00023         dk_sector                     equ $604C
     604F             (./engine/constant):00024         dk_write_location             equ $604F
                      (./engine/constant):00025         
                      (./engine/constant):00026         * ===========================================================================
                      (./engine/constant):00027         * Globals
                      (./engine/constant):00028         * ===========================================================================
                      (./engine/constant):00029         
                      (./engine/constant):00030         ; compilated sprite
     9FFE             (./engine/constant):00031         glb_register_s                equ $9FFE  ; reverved space to store S from ROM routines
                      (./engine/constant):00032         
                      (./engine/constant):00033         ; DrawSprites
     9FFC             (./engine/constant):00034         glb_screen_location_1         equ $9FFC  ; start address for rendering of current sprite Part1     
     9FFA             (./engine/constant):00035         glb_screen_location_2         equ $9FFA  ; start address for rendering of current sprite Part2 (Must follow Part1)
                      (./engine/constant):00036         
                      (./engine/constant):00037         ; CheckSpritesRefresh
     9FF9             (./engine/constant):00038         glb_cur_priority              equ $9FF9
     9FF7             (./engine/constant):00039         glb_cur_ptr_sub_obj_erase     equ $9FF7
     9FF5             (./engine/constant):00040         glb_cur_ptr_sub_obj_draw      equ $9FF5
                      (./engine/constant):00041         
     9FF3             (./engine/constant):00042         glb_camera_x_pos              equ $9FF3 ; camera x position in palyfield coordinates
     9FF1             (./engine/constant):00043         glb_camera_y_pos              equ $9FF1 ; camera y position in palyfield coordinates
     9FEF             (./engine/constant):00044         glb_camera_x_min_pos          equ $9FEF
     9FED             (./engine/constant):00045         glb_camera_y_min_pos          equ $9FED
     9FEB             (./engine/constant):00046         glb_camera_x_max_pos          equ $9FEB
     9FE9             (./engine/constant):00047         glb_camera_y_max_pos          equ $9FE9
     9FE8             (./engine/constant):00048         glb_camera_x_offset           equ $9FE8
     9FE7             (./engine/constant):00049         glb_camera_y_offset           equ $9FE7 
     9FE6             (./engine/constant):00050         glb_force_sprite_refresh      equ $9FE6
     9FE5             (./engine/constant):00051         glb_camera_move               equ $9FE5
     9FE4             (./engine/constant):00052         glb_alphaTiles                equ $9FE4
     9FE3             (./engine/constant):00053         glb_timer_second              equ $9FE3
     9FE2             (./engine/constant):00054         glb_timer_minute              equ $9FE2
     9FE2             (./engine/constant):00055         glb_timer                     equ $9FE2 
     9FE1             (./engine/constant):00056         glb_timer_frame               equ $9FE1
                      (./engine/constant):00057         
                      (./engine/constant):00058         ; BankSwitch
     9FE0             (./engine/constant):00059         glb_Page                      equ $9FE0
     9FB0             (./engine/constant):00060         dp_engine                     equ $9FB0 ; engine and user routines tmp var space
     9F00             (./engine/constant):00061         dp                            equ $9F00 ; free user tmp var space
     9F00             (./engine/constant):00062         glb_system_stack              equ $9F00
                      (./engine/constant):00063         
                      (./engine/constant):00064         * ===========================================================================
                      (./engine/constant):00065         * Display Constants
                      (./engine/constant):00066         * ===========================================================================
                      (./engine/constant):00067         
     00A0             (./engine/constant):00068         screen_width                  equ 160    ; in pixel
     001C             (./engine/constant):00069         screen_top                    equ 28     ; in pixel
     00E3             (./engine/constant):00070         screen_bottom                 equ 28+199 ; in pixel
     0030             (./engine/constant):00071         screen_left                   equ 48     ; in pixel
     00CF             (./engine/constant):00072         screen_right                  equ 48+159 ; in pixel
     0008             (./engine/constant):00073         nb_priority_levels            equ 8      ; number of priority levels (need code change if modified)
                      (./engine/constant):00074         
                      (./engine/constant):00075         * ===========================================================================
                      (./engine/constant):00076         * Images Constants
                      (./engine/constant):00077         * ===========================================================================
                      (./engine/constant):00078         
     0004             (./engine/constant):00079         image_x_size                  equ 4
     0005             (./engine/constant):00080         image_y_size                  equ 5
     0006             (./engine/constant):00081         image_center_offset           equ 6
                      (./engine/constant):00082         
     0004             (./engine/constant):00083         image_subset_x1_offset        equ 4
     0005             (./engine/constant):00084         image_subset_y1_offset        equ 5
                      (./engine/constant):00085         
     0000             (./engine/constant):00086         page_draw_routine             equ 0
     0001             (./engine/constant):00087         draw_routine                  equ 1
     0003             (./engine/constant):00088         page_erase_routine            equ 3
     0004             (./engine/constant):00089         erase_routine                 equ 4
     0006             (./engine/constant):00090         erase_nb_cell                 equ 6
                      (./engine/constant):00091         
                      (./engine/constant):00092         * ===========================================================================
                      (./engine/constant):00093         * Sound Constants
                      (./engine/constant):00094         * ===========================================================================
                      (./engine/constant):00095         
     0000             (./engine/constant):00096         sound_page        equ 0
     0001             (./engine/constant):00097         sound_start_addr  equ 1
     0003             (./engine/constant):00098         sound_end_addr    equ 3
     0005             (./engine/constant):00099         sound_meta_size   equ 5
                      (./engine/constant):00100         
                      (./engine/constant):00101         * ===========================================================================
                      (./engine/constant):00102         * Object Constants
                      (./engine/constant):00103         * ===========================================================================
                      (./engine/constant):00104         
                      (./engine/constant):00105         ; ext_variables_size should be declared in game source code
                      (./engine/constant):00106         
     0022             (./engine/constant):00107         object_base_size              equ 34  ; the size of an object without ext_vars - DEPENDENCY ClearObj routine
     003B             (./engine/constant):00108         object_rsvd_size              equ 59  ; the size of an object without ext_vars - DEPENDENCY ClearObj routine
     ????             (./engine/constant):00109         object_rsvd                   equ object_base_size+ext_variables_size
     ????             (./engine/constant):00110         object_size                   equ object_base_size+ext_variables_size+object_rsvd_size ; the size of a dynamic object
     ????             (./engine/constant):00111         next_object                   equ object_size
     0022             (./engine/constant):00112         ext_variables                 equ object_base_size ; start of reserved space for additionnal variables
                      (./engine/constant):00113         
     0000             (./engine/constant):00114         id                            equ 0           ; reference to object model id (ObjID_) (0: free slot)
     0001             (./engine/constant):00115         subtype                       equ 1           ; reference to object subtype (Sub_) DEPENDENCY subtype must follow id
     0002             (./engine/constant):00116         render_flags                  equ 2
                      (./engine/constant):00117         
                      (./engine/constant):00118         ; bit 7 = onscreen flag, bit 0 = x mirror, bit 1 = y mirror, bit 2 = coordinate system, bit 6 = render subobjects
                      (./engine/constant):00119         
                      (./engine/constant):00120         * --- render_flags bitfield variables ---
     0001             (./engine/constant):00121         render_xmirror_mask           equ $01 ; (bit 0) DEPENDENCY should be bit 0 - tell display engine to mirror sprite on horizontal axis
     0002             (./engine/constant):00122         render_ymirror_mask           equ $02 ; (bit 1) DEPENDENCY should be bit 1 - tell display engine to mirror sprite on vertical axis
     0004             (./engine/constant):00123         render_overlay_mask           equ $04 ; (bit 2) DEPENDENCY should be bit 2 - compilated sprite with no background save
     0008             (./engine/constant):00124         render_playfieldcoord_mask    equ $08 ; (bit 3) tell display engine to use playfield (1) or screen (0) coordinates
     0010             (./engine/constant):00125         render_xloop_mask             equ $10 ; (bit 4) (in screen coordinate) tell display engine to hide sprite when x is out of screen (0) or to display (1)  
     0020             (./engine/constant):00126         render_todelete_mask          equ $20 ; (bit 5) tell display engine to delete sprite and clear OST for this object
     0040             (./engine/constant):00127         render_subobjects             equ $40 ; (bit 6) tell display engine to render subobjects for this object
     0080             (./engine/constant):00128         render_hide_mask              equ $80 ; (bit 7) tell display engine to hide sprite (keep priority and mapping_frame)
                      (./engine/constant):00129         
     0003             (./engine/constant):00130         priority                      equ 3           ; display priority (0: nothing to display, 1:front, ..., 8:back)
     0004             (./engine/constant):00131         anim                          equ 4  ; and 5  ; reference to current animation (Ani_)
     0006             (./engine/constant):00132         prev_anim                     equ 6  ; and 7  ; reference to previous animation (Ani_)
     0008             (./engine/constant):00133         anim_frame                    equ 8           ; index of current frame in animation
     0009             (./engine/constant):00134         anim_frame_duration           equ 9           ; number of frames for each image in animation, range: 00-7F (0-127), 0 means display only during one frame
     000A             (./engine/constant):00135         anim_flags                    equ 10          ; byte offset to reference an anim_flags LUT (adv) / store a link flag (non adv)
                      (./engine/constant):00136         
                      (./engine/constant):00137         * --- anim_flags bitfield variables ---
     0001             (./engine/constant):00138         anim_link_mask                equ $01 ; (bit 0) if set, allow the load of a new animation without reseting anim_frame and anim_frame_duration
                      (./engine/constant):00139         
     000B             (./engine/constant):00140         status_flags                  equ 11          ; orientation of sprite, is applied to animation xmirror flag during AnimateSprite
                      (./engine/constant):00141         
                      (./engine/constant):00142         * --- status_flags bitfield variables ---
     0001             (./engine/constant):00143         status_xflip_mask             equ $01 ; (bit 0) X Flip
     0002             (./engine/constant):00144         status_yflip_mask             equ $02 ; (bit 1) Y Flip
                      (./engine/constant):00145         
     000C             (./engine/constant):00146         image_set                     equ 12 ; and 13 ; reference to current image (Img_) (0000 if no image)
     000E             (./engine/constant):00147         x_pos                         equ 14 ; and 15 ; x playfield coordinate
     0010             (./engine/constant):00148         x_sub                         equ 16          ; x subpixel (1/256 of a pixel), must follow x_pos in data structure
     0011             (./engine/constant):00149         y_pos                         equ 17 ; and 18 ; y playfield coordinate
     0013             (./engine/constant):00150         y_sub                         equ 19          ; y subpixel (1/256 of a pixel), must follow y_pos in data structure
     0014             (./engine/constant):00151         xy_pixel                      equ 20          ; x and y screen coordinate
     0014             (./engine/constant):00152         x_pixel                       equ 20          ; x screen coordinate
     0015             (./engine/constant):00153         y_pixel                       equ 21          ; y screen coordinate, must follow x_pixel
     0016             (./engine/constant):00154         x_vel                         equ 22 ; and 23 ; horizontal velocity
     0018             (./engine/constant):00155         y_vel                         equ 24 ; and 25 ; vertical velocity
     001A             (./engine/constant):00156         x_acl                         equ 26 ; and 27 ; horizontal gravity
     001C             (./engine/constant):00157         y_acl                         equ 28 ; and 29 ; vertical gravity
     001E             (./engine/constant):00158         routine                       equ 30          ; index of current object routine
     001F             (./engine/constant):00159         routine_secondary             equ 31          ; index of current secondary routine
     0020             (./engine/constant):00160         routine_tertiary              equ 32          ; index of current tertiary routine
     0021             (./engine/constant):00161         routine_quaternary            equ 33          ; index of current quaternary routine
                      (./engine/constant):00162         
                      (./engine/constant):00163         * ---------------------------------------------------------------------------
                      (./engine/constant):00164         * reserved variables (read/write by engine)
                      (./engine/constant):00165         
     ????             (./engine/constant):00166         rsv_render_flags              equ object_rsvd
                      (./engine/constant):00167         
                      (./engine/constant):00168         * --- rsv_render_flags bitfield variables ---
     0001             (./engine/constant):00169         rsv_render_checkrefresh_mask  equ $01 ; (bit 0) if erasesprite and display sprite flag are processed for this frame
     0002             (./engine/constant):00170         rsv_render_erasesprite_mask   equ $02 ; (bit 1) if a sprite need to be cleared on screen
     0004             (./engine/constant):00171         rsv_render_displaysprite_mask equ $04 ; (bit 2) if a sprite need to be rendered on screen
     0008             (./engine/constant):00172         rsv_render_outofrange_mask    equ $08 ; (bit 3) if a sprite is out of range for full rendering in screen
     0080             (./engine/constant):00173         rsv_render_onscreen_mask      equ $80 ; (bit 7) DEPENDENCY should be bit 7 - has been rendered on last screen buffer (may be 0 or 1)
                      (./engine/constant):00174         
     ????             (./engine/constant):00175         rsv_prev_anim                 equ object_rsvd+1 ; and +2 ; reference to previous animation (Ani_) w * UTILE ?
     ????             (./engine/constant):00176         rsv_image_center_offset       equ object_rsvd+3 ; 0 or 1 offset that indicate if image center is even or odd (DRS_XYToAddress)
     ????             (./engine/constant):00177         rsv_image_subset              equ object_rsvd+4 ; and +5 ; reference to current image regarding mirror flags w
     ????             (./engine/constant):00178         rsv_mapping_frame             equ object_rsvd+6 ; and +7 ; reference to current image regarding mirror flags, overlay flag and x precision w
     ????             (./engine/constant):00179         rsv_erase_nb_cell             equ object_rsvd+8 ; b 
     ????             (./engine/constant):00180         rsv_page_draw_routine         equ object_rsvd+9 ; b
     ????             (./engine/constant):00181         rsv_draw_routine              equ object_rsvd+10 ; and +11 ; w
     ????             (./engine/constant):00182         rsv_page_erase_routine        equ object_rsvd+12 ; b
     ????             (./engine/constant):00183         rsv_erase_routine             equ object_rsvd+13 ; and +14 ; w 
     ????             (./engine/constant):00184         rsv_xy1_pixel                 equ object_rsvd+15 ;
     ????             (./engine/constant):00185         rsv_x1_pixel                  equ object_rsvd+15 ; x+x_offset-(x_size/2) screen coordinate
     ????             (./engine/constant):00186         rsv_y1_pixel                  equ object_rsvd+16 ; y+y_offset-(y_size/2) screen coordinate, must follow rsv_x1_pixel
     ????             (./engine/constant):00187         rsv_xy2_pixel                 equ object_rsvd+17 ;
     ????             (./engine/constant):00188         rsv_x2_pixel                  equ object_rsvd+17 ; x+x_offset+(x_size/2) screen coordinate
     ????             (./engine/constant):00189         rsv_y2_pixel                  equ object_rsvd+18 ; y+y_offset+(y_size/2) screen coordinate, must follow rsv_x2_pixel
                      (./engine/constant):00190         
                      (./engine/constant):00191         * ---------------------------------------------------------------------------
                      (./engine/constant):00192         * reserved variables (engine) - buffer specific
                      (./engine/constant):00193         
     ????             (./engine/constant):00194         rsv_buffer_0                  equ object_rsvd+19 ; Start index of buffer 0 variables
     ????             (./engine/constant):00195         rsv_priority_0                equ object_rsvd+19 ; internal value that hold priority in video buffer 0
     ????             (./engine/constant):00196         rsv_priority_prev_obj_0       equ object_rsvd+20 ; and +21 ; previous object (OST address) in display priority list for video buffer 0 (0000 if none) w
     ????             (./engine/constant):00197         rsv_priority_next_obj_0       equ object_rsvd+22 ; and +23 ; next object (OST address) in display priority list for video buffer 0 (0000 if none) w
     ????             (./engine/constant):00198         rsv_prev_mapping_frame_0      equ object_rsvd+24 ; and object_rsvd+25 ; reference to previous image in video buffer 0 w
     ????             (./engine/constant):00199         rsv_prev_erase_nb_cell_0      equ object_rsvd+26 : b
     ????             (./engine/constant):00200         rsv_prev_page_erase_routine_0 equ object_rsvd+27 ; b
     ????             (./engine/constant):00201         rsv_prev_erase_routine_0      equ object_rsvd+28 ; and object_rsvd+29 ; w
     ????             (./engine/constant):00202         rsv_bgdata_0                  equ object_rsvd+30 ; and +31 ; address of background data in screen 0 w
     ????             (./engine/constant):00203         rsv_prev_xy_pixel_0           equ object_rsvd+32 ;
     ????             (./engine/constant):00204         rsv_prev_x_pixel_0            equ object_rsvd+32 ; previous x screen coordinate b
     ????             (./engine/constant):00205         rsv_prev_y_pixel_0            equ object_rsvd+33 ; previous y screen coordinate b, must follow x_pixel
     ????             (./engine/constant):00206         rsv_prev_xy1_pixel_0          equ object_rsvd+34 ;
     ????             (./engine/constant):00207         rsv_prev_x1_pixel_0           equ object_rsvd+34 ; previous x+x_offset-(x_size/2) screen coordinate b
     ????             (./engine/constant):00208         rsv_prev_y1_pixel_0           equ object_rsvd+35 ; previous y+y_offset-(y_size/2) screen coordinate b, must follow x1_pixel
     ????             (./engine/constant):00209         rsv_prev_xy2_pixel_0          equ object_rsvd+36 ;
     ????             (./engine/constant):00210         rsv_prev_x2_pixel_0           equ object_rsvd+36 ; previous x+x_offset+(x_size/2) screen coordinate b
     ????             (./engine/constant):00211         rsv_prev_y2_pixel_0           equ object_rsvd+37 ; previous y+y_offset+(y_size/2) screen coordinate b, must follow x2_pixel
     ????             (./engine/constant):00212         rsv_prev_render_flags_0       equ object_rsvd+38 ;
                      (./engine/constant):00213         * --- rsv_prev_render_flags_0 bitfield variables ---
     0001             (./engine/constant):00214         rsv_prev_render_overlay_mask  equ $01 ; (bit 0) if a sprite has been rendered with compilated sprite and no background save on screen buffer 0/1
     0080             (./engine/constant):00215         rsv_prev_render_onscreen_mask equ $80 ; (bit 7) DEPENDENCY should be bit 7 - has been rendered on screen buffer 0/1
                      (./engine/constant):00216         
     ????             (./engine/constant):00217         rsv_buffer_1                  equ object_rsvd+39 ; Start index of buffer 1 variables
     ????             (./engine/constant):00218         rsv_priority_1                equ object_rsvd+39 ; internal value that hold priority in video buffer 1
     ????             (./engine/constant):00219         rsv_priority_prev_obj_1       equ object_rsvd+40 ; and +41 ; previous object (OST address) in display priority list for video buffer 1 (0000 if none) w
     ????             (./engine/constant):00220         rsv_priority_next_obj_1       equ object_rsvd+42 ; and +43 ; next object (OST address) in display priority list for video buffer 1 (0000 if none) w
     ????             (./engine/constant):00221         rsv_prev_mapping_frame_1      equ object_rsvd+44 ; and +45 ; reference to previous image in video buffer 1 w
     ????             (./engine/constant):00222         rsv_prev_erase_nb_cell_1      equ object_rsvd+46 ; b
     ????             (./engine/constant):00223         rsv_prev_page_erase_routine_1 equ object_rsvd+47 ; b
     ????             (./engine/constant):00224         rsv_prev_erase_routine_1      equ object_rsvd+48 ; and +49 ; w
     ????             (./engine/constant):00225         rsv_bgdata_1                  equ object_rsvd+50 ; and +51 ; address of background data in screen 1 w
     ????             (./engine/constant):00226         rsv_prev_xy_pixel_1           equ object_rsvd+52 ;
     ????             (./engine/constant):00227         rsv_prev_x_pixel_1            equ object_rsvd+52 ; previous x screen coordinate b
     ????             (./engine/constant):00228         rsv_prev_y_pixel_1            equ object_rsvd+53 ; previous y screen coordinate b, must follow x_pixel
     ????             (./engine/constant):00229         rsv_prev_xy1_pixel_1          equ object_rsvd+54 ;
     ????             (./engine/constant):00230         rsv_prev_x1_pixel_1           equ object_rsvd+54 ; previous x+x_size screen coordinate b
     ????             (./engine/constant):00231         rsv_prev_y1_pixel_1           equ object_rsvd+55 ; previous y+y_size screen coordinate b, must follow x_pixel
     ????             (./engine/constant):00232         rsv_prev_xy2_pixel_1          equ object_rsvd+56 ;
     ????             (./engine/constant):00233         rsv_prev_x2_pixel_1           equ object_rsvd+56 ; previous x+x_size screen coordinate b
     ????             (./engine/constant):00234         rsv_prev_y2_pixel_1           equ object_rsvd+57 ; previous y+y_size screen coordinate b, must follow x_pixel
     ????             (./engine/constant):00235         rsv_prev_render_flags_1       equ object_rsvd+58 ;
                      (./engine/constant):00236         
     0000             (./engine/constant):00237         buf_priority                  equ 0  ; offset for each rsv_buffer variables
     0001             (./engine/constant):00238         buf_priority_prev_obj         equ 1  ;
     0003             (./engine/constant):00239         buf_priority_next_obj         equ 3  ;
     0005             (./engine/constant):00240         buf_prev_mapping_frame        equ 5  ;
     0007             (./engine/constant):00241         buf_erase_nb_cell             equ 7  ;
     0008             (./engine/constant):00242         buf_page_erase_routine        equ 8 ;
     0009             (./engine/constant):00243         buf_erase_routine             equ 9 ;
     000B             (./engine/constant):00244         buf_bgdata                    equ 11 ;
     000D             (./engine/constant):00245         buf_prev_xy_pixel             equ 13 ;
     000D             (./engine/constant):00246         buf_prev_x_pixel              equ 13 ;
     000E             (./engine/constant):00247         buf_prev_y_pixel              equ 14 ;
     000F             (./engine/constant):00248         buf_prev_xy1_pixel            equ 15 ;
     000F             (./engine/constant):00249         buf_prev_x1_pixel             equ 15 ;
     0010             (./engine/constant):00250         buf_prev_y1_pixel             equ 16 ;
     0011             (./engine/constant):00251         buf_prev_xy2_pixel            equ 17 ;
     0011             (./engine/constant):00252         buf_prev_x2_pixel             equ 17 ;
     0012             (./engine/constant):00253         buf_prev_y2_pixel             equ 18 ;
     0013             (./engine/constant):00254         buf_prev_render_flags         equ 19 ;
                      (./engine/constant):00255         
                      (./engine/constant):00256          endc
                      (./generated-code/):00002                 ORG $A000
     FF               (./generated-code/):00003                 SETDP $FF
                      (./generated-code/):00004                 OPT C,CT
A000                  (./generated-code/):00005                 BCKDRAW_Img_link19_0
A000 10FF9FFE         (./generated-code/):00006 [7]     7               STS glb_register_s
                      (./generated-code/):00007                 
A004 32A4             (./generated-code/):00008 [4]     11              LEAS ,Y
A006 33C9FE97         (./generated-code/):00009 [8]     19              LEAU -361,U
                      (./generated-code/):00010                 
A00A A6C889           (./generated-code/):00011 [5]     24              LDA -119,U
A00D AEC8D8           (./generated-code/):00012 [6]     30              LDX -40,U
A010 3412             (./generated-code/):00013 [8]     38              PSHS X,A
A012 ECC8B0           (./generated-code/):00014 [6]     44              LDD -80,U
A015 3406             (./generated-code/):00015 [7]     51              PSHS D
A017 84F0             (./generated-code/):00016 [2]     53              ANDA #$F0
A019 8A0E             (./generated-code/):00017 [2]     55              ORA #$0e
A01B C6DD             (./generated-code/):00018 [2]     57              LDB #$dd
A01D EDC8B0           (./generated-code/):00019 [6]     63              STD -80,U
A020 86EE             (./generated-code/):00020 [2]     65              LDA #$ee
A022 A7C889           (./generated-code/):00021 [5]     70              STA -119,U
A025 86EF             (./generated-code/):00022 [2]     72              LDA #$ef
A027 EDC8D8           (./generated-code/):00023 [6]     78              STD -40,U
A02A 3712             (./generated-code/):00024 [8]     86              PULU A,X
A02C 3452             (./generated-code/):00025 [10]    96              PSHS U,X,A
A02E 86EF             (./generated-code/):00026 [2]     98              LDA #$ef
A030 8EDDEE           (./generated-code/):00027 [3]     101             LDX #$ddee
A033 3612             (./generated-code/):00028 [8]     109             PSHU A,X
A035 33C828           (./generated-code/):00029 [5]     114             LEAU 40,U
                      (./generated-code/):00030                 
A038 3712             (./generated-code/):00031 [8]     122             PULU A,X
A03A 3452             (./generated-code/):00032 [10]    132             PSHS U,X,A
A03C 86EF             (./generated-code/):00033 [2]     134             LDA #$ef
A03E 8EAADD           (./generated-code/):00034 [3]     137             LDX #$aadd
A041 3612             (./generated-code/):00035 [8]     145             PSHU A,X
A043 33C828           (./generated-code/):00036 [5]     150             LEAU 40,U
                      (./generated-code/):00037                 
A046 A6C82A           (./generated-code/):00038 [5]     155             LDA 42,U
A049 3402             (./generated-code/):00039 [6]     161             PSHS A
A04B E7C82A           (./generated-code/):00040 [5]     166             STB 42,U
A04E ECC828           (./generated-code/):00041 [6]     172             LDD 40,U
A051 3406             (./generated-code/):00042 [7]     179             PSHS D
A053 84F0             (./generated-code/):00043 [2]     181             ANDA #$F0
A055 8A0E             (./generated-code/):00044 [2]     183             ORA #$0e
A057 C6FE             (./generated-code/):00045 [2]     185             LDB #$fe
A059 EDC828           (./generated-code/):00046 [6]     191             STD 40,U
A05C ECC850           (./generated-code/):00047 [6]     197             LDD 80,U
A05F 3406             (./generated-code/):00048 [7]     204             PSHS D
A061 84F0             (./generated-code/):00049 [2]     206             ANDA #$F0
A063 8A0E             (./generated-code/):00050 [2]     208             ORA #$0e
A065 C6FE             (./generated-code/):00051 [2]     210             LDB #$fe
A067 EDC850           (./generated-code/):00052 [6]     216             STD 80,U
A06A ECC878           (./generated-code/):00053 [6]     222             LDD 120,U
A06D 3406             (./generated-code/):00054 [7]     229             PSHS D
A06F 84F0             (./generated-code/):00055 [2]     231             ANDA #$F0
A071 8A0E             (./generated-code/):00056 [2]     233             ORA #$0e
A073 C6FE             (./generated-code/):00057 [2]     235             LDB #$fe
A075 EDC878           (./generated-code/):00058 [6]     241             STD 120,U
A078 A6C852           (./generated-code/):00059 [5]     246             LDA 82,U
A07B E6C87A           (./generated-code/):00060 [5]     251             LDB 122,U
A07E 3406             (./generated-code/):00061 [7]     258             PSHS B,A
A080 C40F             (./generated-code/):00062 [2]     260             ANDB #$0F
A082 CAE0             (./generated-code/):00063 [2]     262             ORB #$e0
A084 E7C87A           (./generated-code/):00064 [5]     267             STB 122,U
A087 86EE             (./generated-code/):00065 [2]     269             LDA #$ee
A089 A7C852           (./generated-code/):00066 [5]     274             STA 82,U
A08C 3712             (./generated-code/):00067 [8]     282             PULU A,X
A08E 3452             (./generated-code/):00068 [10]    292             PSHS U,X,A
A090 86EF             (./generated-code/):00069 [2]     294             LDA #$ef
A092 8EEADD           (./generated-code/):00070 [3]     297             LDX #$eadd
A095 3612             (./generated-code/):00071 [8]     305             PSHU A,X
A097 33C900A0         (./generated-code/):00072 [8]     313             LEAU 160,U
                      (./generated-code/):00073                 
A09B ECC828           (./generated-code/):00074 [6]     319             LDD 40,U
A09E 3406             (./generated-code/):00075 [7]     326             PSHS D
A0A0 84F0             (./generated-code/):00076 [2]     328             ANDA #$F0
A0A2 8A0E             (./generated-code/):00077 [2]     330             ORA #$0e
A0A4 C6EE             (./generated-code/):00078 [2]     332             LDB #$ee
A0A6 EDC828           (./generated-code/):00079 [6]     338             STD 40,U
A0A9 ECC878           (./generated-code/):00080 [6]     344             LDD 120,U
A0AC 3406             (./generated-code/):00081 [7]     351             PSHS D
A0AE 84F0             (./generated-code/):00082 [2]     353             ANDA #$F0
A0B0 8A0E             (./generated-code/):00083 [2]     355             ORA #$0e
A0B2 C6EE             (./generated-code/):00084 [2]     357             LDB #$ee
A0B4 EDC878           (./generated-code/):00085 [6]     363             STD 120,U
A0B7 A6C851           (./generated-code/):00086 [5]     368             LDA 81,U
A0BA E6C82A           (./generated-code/):00087 [5]     373             LDB 42,U
A0BD 3406             (./generated-code/):00088 [7]     380             PSHS B,A
A0BF C40F             (./generated-code/):00089 [2]     382             ANDB #$0F
A0C1 CAE0             (./generated-code/):00090 [2]     384             ORB #$e0
A0C3 E7C82A           (./generated-code/):00091 [5]     389             STB 42,U
A0C6 86BB             (./generated-code/):00092 [2]     391             LDA #$bb
A0C8 A7C851           (./generated-code/):00093 [5]     396             STA 81,U
A0CB 3712             (./generated-code/):00094 [8]     404             PULU A,X
A0CD 3452             (./generated-code/):00095 [10]    414             PSHS U,X,A
A0CF 86EA             (./generated-code/):00096 [2]     416             LDA #$ea
A0D1 8EFFFE           (./generated-code/):00097 [3]     419             LDX #$fffe
A0D4 3612             (./generated-code/):00098 [8]     427             PSHU A,X
A0D6 33C90118         (./generated-code/):00099 [8]     435             LEAU 280,U
                      (./generated-code/):00100                 
A0DA ECC8B0           (./generated-code/):00101 [6]     441             LDD -80,U
A0DD 3406             (./generated-code/):00102 [7]     448             PSHS D
A0DF 84F0             (./generated-code/):00103 [2]     450             ANDA #$F0
A0E1 8A0E             (./generated-code/):00104 [2]     452             ORA #$0e
A0E3 C6DD             (./generated-code/):00105 [2]     454             LDB #$dd
A0E5 EDC8B0           (./generated-code/):00106 [6]     460             STD -80,U
A0E8 ECC8D8           (./generated-code/):00107 [6]     466             LDD -40,U
A0EB 3406             (./generated-code/):00108 [7]     473             PSHS D
A0ED 84F0             (./generated-code/):00109 [2]     475             ANDA #$F0
A0EF 8A0E             (./generated-code/):00110 [2]     477             ORA #$0e
A0F1 C6DD             (./generated-code/):00111 [2]     479             LDB #$dd
A0F3 EDC8D8           (./generated-code/):00112 [6]     485             STD -40,U
A0F6 A6C8B2           (./generated-code/):00113 [5]     490             LDA -78,U
A0F9 3402             (./generated-code/):00114 [6]     496             PSHS A
A0FB 840F             (./generated-code/):00115 [2]     498             ANDA #$0F
A0FD 8AE0             (./generated-code/):00116 [2]     500             ORA #$e0
A0FF A7C8B2           (./generated-code/):00117 [5]     505             STA -78,U
A102 A6C8DA           (./generated-code/):00118 [5]     510             LDA -38,U
A105 3402             (./generated-code/):00119 [6]     516             PSHS A
A107 840F             (./generated-code/):00120 [2]     518             ANDA #$0F
A109 8AE0             (./generated-code/):00121 [2]     520             ORA #$e0
A10B A7C8DA           (./generated-code/):00122 [5]     525             STA -38,U
A10E ECC889           (./generated-code/):00123 [6]     531             LDD -119,U
A111 3406             (./generated-code/):00124 [7]     538             PSHS D
A113 86DE             (./generated-code/):00125 [2]     540             LDA #$de
A115 C40F             (./generated-code/):00126 [2]     542             ANDB #$0F
A117 CAE0             (./generated-code/):00127 [2]     544             ORB #$e0
A119 EDC889           (./generated-code/):00128 [6]     550             STD -119,U
A11C 3712             (./generated-code/):00129 [8]     558             PULU A,X
A11E 3452             (./generated-code/):00130 [10]    568             PSHS U,X,A
A120 86EE             (./generated-code/):00131 [2]     570             LDA #$ee
A122 8EDDBE           (./generated-code/):00132 [3]     573             LDX #$ddbe
A125 3612             (./generated-code/):00133 [8]     581             PSHU A,X
A127 33C828           (./generated-code/):00134 [5]     586             LEAU 40,U
                      (./generated-code/):00135                 
A12A ECC828           (./generated-code/):00136 [6]     592             LDD 40,U
A12D 3406             (./generated-code/):00137 [7]     599             PSHS D
A12F 84F0             (./generated-code/):00138 [2]     601             ANDA #$F0
A131 8A0E             (./generated-code/):00139 [2]     603             ORA #$0e
A133 C6DD             (./generated-code/):00140 [2]     605             LDB #$dd
A135 EDC828           (./generated-code/):00141 [6]     611             STD 40,U
A138 ECC878           (./generated-code/):00142 [6]     617             LDD 120,U
A13B 3406             (./generated-code/):00143 [7]     624             PSHS D
A13D 84F0             (./generated-code/):00144 [2]     626             ANDA #$F0
A13F 8A0E             (./generated-code/):00145 [2]     628             ORA #$0e
A141 C6EE             (./generated-code/):00146 [2]     630             LDB #$ee
A143 EDC878           (./generated-code/):00147 [6]     636             STD 120,U
A146 A6C82A           (./generated-code/):00148 [5]     641             LDA 42,U
A149 E6C87A           (./generated-code/):00149 [5]     646             LDB 122,U
A14C 3406             (./generated-code/):00150 [7]     653             PSHS B,A
A14E C40F             (./generated-code/):00151 [2]     655             ANDB #$0F
A150 CAE0             (./generated-code/):00152 [2]     657             ORB #$e0
A152 E7C87A           (./generated-code/):00153 [5]     662             STB 122,U
A155 86BE             (./generated-code/):00154 [2]     664             LDA #$be
A157 A7C82A           (./generated-code/):00155 [5]     669             STA 42,U
A15A ECC851           (./generated-code/):00156 [6]     675             LDD 81,U
A15D 3406             (./generated-code/):00157 [7]     682             PSHS D
A15F 86EE             (./generated-code/):00158 [2]     684             LDA #$ee
A161 C40F             (./generated-code/):00159 [2]     686             ANDB #$0F
A163 CAE0             (./generated-code/):00160 [2]     688             ORB #$e0
A165 EDC851           (./generated-code/):00161 [6]     694             STD 81,U
A168 3712             (./generated-code/):00162 [8]     702             PULU A,X
A16A 3452             (./generated-code/):00163 [10]    712             PSHS U,X,A
A16C 86EA             (./generated-code/):00164 [2]     714             LDA #$ea
A16E 8ECCBE           (./generated-code/):00165 [3]     717             LDX #$ccbe
A171 3612             (./generated-code/):00166 [8]     725             PSHU A,X
A173 33C900C9         (./generated-code/):00167 [8]     733             LEAU 201,U
                      (./generated-code/):00168                 
A177 A6C4             (./generated-code/):00169 [4]     737             LDA ,U
A179 3402             (./generated-code/):00170 [6]     743             PSHS A
A17B ECC8D7           (./generated-code/):00171 [6]     749             LDD -41,U
A17E 3406             (./generated-code/):00172 [7]     756             PSHS D
A180 84F0             (./generated-code/):00173 [2]     758             ANDA #$F0
A182 8A0E             (./generated-code/):00174 [2]     760             ORA #$0e
A184 C6EE             (./generated-code/):00175 [2]     762             LDB #$ee
A186 EDC8D7           (./generated-code/):00176 [6]     768             STD -41,U
A189 A6C828           (./generated-code/):00177 [5]     773             LDA 40,U
A18C E7C4             (./generated-code/):00178 [4]     777             STB ,U
A18E E7C828           (./generated-code/):00179 [5]     782             STB 40,U
A191 E6C8D9           (./generated-code/):00180 [5]     787             LDB -39,U
A194 3446             (./generated-code/):00181 [9]     796             PSHS U,B,A
A196 C40F             (./generated-code/):00182 [2]     798             ANDB #$0F
A198 CAE0             (./generated-code/):00183 [2]     800             ORB #$e0
A19A E7C8D9           (./generated-code/):00184 [5]     805             STB -39,U
                      (./generated-code/):00185                 
A19D DEFC             (./generated-code/):00186 [5]     810             LDU <glb_screen_location_1
A19F 33C9FE98         (./generated-code/):00187 [8]     818             LEAU -360,U
                      (./generated-code/):00188                 
A1A3 AEC8D7           (./generated-code/):00189 [6]     824             LDX -41,U
A1A6 10AEC877         (./generated-code/):00190 [7]     831             LDY 119,U
A1AA 3430             (./generated-code/):00191 [9]     840             PSHS Y,X
A1AC EC5F             (./generated-code/):00192 [6]     846             LDD -1,U
A1AE AEC84F           (./generated-code/):00193 [6]     852             LDX 79,U
A1B1 10AEC827         (./generated-code/):00194 [7]     859             LDY 39,U
A1B5 3436             (./generated-code/):00195 [11]    870             PSHS Y,X,D
A1B7 A6C8B0           (./generated-code/):00196 [5]     875             LDA -80,U
A1BA E6C888           (./generated-code/):00197 [5]     880             LDB -120,U
A1BD 3406             (./generated-code/):00198 [7]     887             PSHS B,A
A1BF C40F             (./generated-code/):00199 [2]     889             ANDB #$0F
A1C1 CAE0             (./generated-code/):00200 [2]     891             ORB #$e0
A1C3 E7C888           (./generated-code/):00201 [5]     896             STB -120,U
A1C6 A641             (./generated-code/):00202 [5]     901             LDA 1,U
A1C8 3402             (./generated-code/):00203 [6]     907             PSHS A
A1CA 840F             (./generated-code/):00204 [2]     909             ANDA #$0F
A1CC 8AE0             (./generated-code/):00205 [2]     911             ORA #$e0
A1CE A741             (./generated-code/):00206 [5]     916             STA 1,U
A1D0 A6C829           (./generated-code/):00207 [5]     921             LDA 41,U
A1D3 3402             (./generated-code/):00208 [6]     927             PSHS A
A1D5 840F             (./generated-code/):00209 [2]     929             ANDA #$0F
A1D7 8AE0             (./generated-code/):00210 [2]     931             ORA #$e0
A1D9 A7C829           (./generated-code/):00211 [5]     936             STA 41,U
A1DC A6C851           (./generated-code/):00212 [5]     941             LDA 81,U
A1DF 3442             (./generated-code/):00213 [8]     949             PSHS U,A
A1E1 840F             (./generated-code/):00214 [2]     951             ANDA #$0F
A1E3 8AE0             (./generated-code/):00215 [2]     953             ORA #$e0
A1E5 A7C851           (./generated-code/):00216 [5]     958             STA 81,U
A1E8 CCFFED           (./generated-code/):00217 [3]     961             LDD #$ffed
A1EB EDC84F           (./generated-code/):00218 [6]     967             STD 79,U
A1EE C6AE             (./generated-code/):00219 [2]     969             LDB #$ae
A1F0 EDC877           (./generated-code/):00220 [6]     975             STD 119,U
A1F3 CCEEDD           (./generated-code/):00221 [3]     978             LDD #$eedd
A1F6 EDC8D7           (./generated-code/):00222 [6]     984             STD -41,U
A1F9 86FE             (./generated-code/):00223 [2]     986             LDA #$fe
A1FB EDC827           (./generated-code/):00224 [6]     992             STD 39,U
A1FE 86EA             (./generated-code/):00225 [2]     994             LDA #$ea
A200 ED5F             (./generated-code/):00226 [6]     1000            STD -1,U
A202 86DE             (./generated-code/):00227 [2]     1002            LDA #$de
A204 A7C8B0           (./generated-code/):00228 [5]     1007            STA -80,U
A207 33C90117         (./generated-code/):00229 [8]     1015            LEAU 279,U
                      (./generated-code/):00230                 
A20B AEC8D8           (./generated-code/):00231 [6]     1021            LDX -40,U
A20E 10AEC878         (./generated-code/):00232 [7]     1028            LDY 120,U
A212 3430             (./generated-code/):00233 [9]     1037            PSHS Y,X
A214 ECC8B0           (./generated-code/):00234 [6]     1043            LDD -80,U
A217 AEC4             (./generated-code/):00235 [5]     1048            LDX ,U
A219 10AEC888         (./generated-code/):00236 [7]     1055            LDY -120,U
A21D 3436             (./generated-code/):00237 [11]    1066            PSHS Y,X,D
A21F ECC828           (./generated-code/):00238 [6]     1072            LDD 40,U
A222 AEC850           (./generated-code/):00239 [6]     1078            LDX 80,U
A225 3456             (./generated-code/):00240 [11]    1089            PSHS U,X,D
A227 CCEBEE           (./generated-code/):00241 [3]     1092            LDD #$ebee
A22A EDC828           (./generated-code/):00242 [6]     1098            STD 40,U
A22D 86ED             (./generated-code/):00243 [2]     1100            LDA #$ed
A22F EDC878           (./generated-code/):00244 [6]     1106            STD 120,U
A232 CCABEF           (./generated-code/):00245 [3]     1109            LDD #$abef
A235 EDC4             (./generated-code/):00246 [5]     1114            STD ,U
A237 CCE9BE           (./generated-code/):00247 [3]     1117            LDD #$e9be
A23A EDC8B0           (./generated-code/):00248 [6]     1123            STD -80,U
A23D EDC8D8           (./generated-code/):00249 [6]     1129            STD -40,U
A240 CCEEAE           (./generated-code/):00250 [3]     1132            LDD #$eeae
A243 EDC888           (./generated-code/):00251 [6]     1138            STD -120,U
A246 C6BB             (./generated-code/):00252 [2]     1140            LDB #$bb
A248 EDC850           (./generated-code/):00253 [6]     1146            STD 80,U
A24B 33C90118         (./generated-code/):00254 [8]     1154            LEAU 280,U
                      (./generated-code/):00255                 
A24F AEC828           (./generated-code/):00256 [6]     1160            LDX 40,U
A252 10AEC4           (./generated-code/):00257 [6]     1166            LDY ,U
A255 3430             (./generated-code/):00258 [9]     1175            PSHS Y,X
A257 ECC878           (./generated-code/):00259 [6]     1181            LDD 120,U
A25A AEC8D8           (./generated-code/):00260 [6]     1187            LDX -40,U
A25D 10AEC888         (./generated-code/):00261 [7]     1194            LDY -120,U
A261 3436             (./generated-code/):00262 [11]    1205            PSHS Y,X,D
A263 ECC850           (./generated-code/):00263 [6]     1211            LDD 80,U
A266 AEC8B0           (./generated-code/):00264 [6]     1217            LDX -80,U
A269 3456             (./generated-code/):00265 [11]    1228            PSHS U,X,D
A26B CCABDE           (./generated-code/):00266 [3]     1231            LDD #$abde
A26E EDC828           (./generated-code/):00267 [6]     1237            STD 40,U
A271 CCDDAA           (./generated-code/):00268 [3]     1240            LDD #$ddaa
A274 EDC888           (./generated-code/):00269 [6]     1246            STD -120,U
A277 86DE             (./generated-code/):00270 [2]     1248            LDA #$de
A279 EDC8B0           (./generated-code/):00271 [6]     1254            STD -80,U
A27C CCEEEE           (./generated-code/):00272 [3]     1257            LDD #$eeee
A27F EDC850           (./generated-code/):00273 [6]     1263            STD 80,U
A282 EDC878           (./generated-code/):00274 [6]     1269            STD 120,U
A285 86ED             (./generated-code/):00275 [2]     1271            LDA #$ed
A287 EDC8D8           (./generated-code/):00276 [6]     1277            STD -40,U
A28A CCBEDD           (./generated-code/):00277 [3]     1280            LDD #$bedd
A28D EDC4             (./generated-code/):00278 [5]     1285            STD ,U
A28F 33C900C8         (./generated-code/):00279 [8]     1293            LEAU 200,U
                      (./generated-code/):00280                 
A293 AEC8D8           (./generated-code/):00281 [6]     1299            LDX -40,U
A296 10AEC4           (./generated-code/):00282 [6]     1305            LDY ,U
A299 3430             (./generated-code/):00283 [9]     1314            PSHS Y,X
A29B CCEEEE           (./generated-code/):00284 [3]     1317            LDD #$eeee
A29E EDC8D8           (./generated-code/):00285 [6]     1323            STD -40,U
A2A1 EDC4             (./generated-code/):00286 [5]     1328            STD ,U
A2A3 ECC828           (./generated-code/):00287 [6]     1334            LDD 40,U
A2A6 3446             (./generated-code/):00288 [9]     1343            PSHS U,D
A2A8 84F0             (./generated-code/):00289 [2]     1345            ANDA #$F0
A2AA C40F             (./generated-code/):00290 [2]     1347            ANDB #$0F
A2AC C30EE0           (./generated-code/):00291 [4]     1351            ADDD #$0ee0
A2AF EDC828           (./generated-code/):00292 [6]     1357            STD 40,U
A2B2 33E4             (./generated-code/):00293 [4]     1361            LEAU ,S
A2B4                  (./generated-code/):00294                 SSAV_Img_link19_0
A2B4 10FE9FFE         (./generated-code/):00295 [7]     1368            LDS glb_register_s
A2B8 39               (./generated-code/):00296 [5]     1373            RTS
                      (./generated-code/):00297                 
