                      (./generated-code/):00001                 INCLUDE "./engine/constants.asm"
                      (./engine/constant):00001         * ---------------------------------------------------------------------------
                      (./engine/constant):00002         * Constants
                      (./engine/constant):00003         *
                      (./engine/constant):00004         * Naming convention
                      (./engine/constant):00005         * -----------------
                      (./engine/constant):00006         * - lower case
                      (./engine/constant):00007         * - underscore-separated names
                      (./engine/constant):00008         *
                      (./engine/constant):00009         * ---------------------------------------------------------------------------
                      (./engine/constant):00010         
                      (./engine/constant):00011          ifndef CONSTANTS_ASM
     0001             (./engine/constant):00012         CONSTANTS_ASM equ 1
                      (./engine/constant):00013         
                      (./engine/constant):00014         * ===========================================================================
                      (./engine/constant):00015         * TO8 Registers
                      (./engine/constant):00016         * ===========================================================================
                      (./engine/constant):00017         
                      (./engine/constant):00018         ; Disk routine registers (ROM)
                      (./engine/constant):00019         
     6049             (./engine/constant):00020         dk_drive                      equ $6049
     604A             (./engine/constant):00021         dk_track                      equ $604A
     604B             (./engine/constant):00022         dk_track_lsb                  equ $604B
     604C             (./engine/constant):00023         dk_sector                     equ $604C
     604F             (./engine/constant):00024         dk_write_location             equ $604F
                      (./engine/constant):00025         
                      (./engine/constant):00026         * ===========================================================================
                      (./engine/constant):00027         * Globals
                      (./engine/constant):00028         * ===========================================================================
                      (./engine/constant):00029         
                      (./engine/constant):00030         ; compilated sprite
     9FFE             (./engine/constant):00031         glb_register_s                equ $9FFE  ; reverved space to store S from ROM routines
                      (./engine/constant):00032         
                      (./engine/constant):00033         ; DrawSprites
     9FFC             (./engine/constant):00034         glb_screen_location_1         equ $9FFC  ; start address for rendering of current sprite Part1     
     9FFA             (./engine/constant):00035         glb_screen_location_2         equ $9FFA  ; start address for rendering of current sprite Part2 (Must follow Part1)
                      (./engine/constant):00036         
                      (./engine/constant):00037         ; CheckSpritesRefresh
     9FF9             (./engine/constant):00038         glb_cur_priority              equ $9FF9
     9FF7             (./engine/constant):00039         glb_cur_ptr_sub_obj_erase     equ $9FF7
     9FF5             (./engine/constant):00040         glb_cur_ptr_sub_obj_draw      equ $9FF5
                      (./engine/constant):00041         
     9FF3             (./engine/constant):00042         glb_camera_x_pos              equ $9FF3 ; camera x position in palyfield coordinates
     9FF1             (./engine/constant):00043         glb_camera_y_pos              equ $9FF1 ; camera y position in palyfield coordinates
     9FEF             (./engine/constant):00044         glb_camera_x_min_pos          equ $9FEF
     9FED             (./engine/constant):00045         glb_camera_y_min_pos          equ $9FED
     9FEB             (./engine/constant):00046         glb_camera_x_max_pos          equ $9FEB
     9FE9             (./engine/constant):00047         glb_camera_y_max_pos          equ $9FE9
     9FE8             (./engine/constant):00048         glb_camera_x_offset           equ $9FE8
     9FE7             (./engine/constant):00049         glb_camera_y_offset           equ $9FE7 
     9FE6             (./engine/constant):00050         glb_force_sprite_refresh      equ $9FE6
     9FE5             (./engine/constant):00051         glb_camera_move               equ $9FE5
     9FE4             (./engine/constant):00052         glb_alphaTiles                equ $9FE4
     9FE3             (./engine/constant):00053         glb_timer_second              equ $9FE3
     9FE2             (./engine/constant):00054         glb_timer_minute              equ $9FE2
     9FE2             (./engine/constant):00055         glb_timer                     equ $9FE2 
     9FE1             (./engine/constant):00056         glb_timer_frame               equ $9FE1
                      (./engine/constant):00057         
                      (./engine/constant):00058         ; BankSwitch
     9FE0             (./engine/constant):00059         glb_Page                      equ $9FE0
     9FB0             (./engine/constant):00060         dp_engine                     equ $9FB0 ; engine and user routines tmp var space
     9F00             (./engine/constant):00061         dp                            equ $9F00 ; free user tmp var space
     9F00             (./engine/constant):00062         glb_system_stack              equ $9F00
                      (./engine/constant):00063         
                      (./engine/constant):00064         * ===========================================================================
                      (./engine/constant):00065         * Display Constants
                      (./engine/constant):00066         * ===========================================================================
                      (./engine/constant):00067         
     00A0             (./engine/constant):00068         screen_width                  equ 160    ; in pixel
     001C             (./engine/constant):00069         screen_top                    equ 28     ; in pixel
     00E3             (./engine/constant):00070         screen_bottom                 equ 28+199 ; in pixel
     0030             (./engine/constant):00071         screen_left                   equ 48     ; in pixel
     00CF             (./engine/constant):00072         screen_right                  equ 48+159 ; in pixel
     0008             (./engine/constant):00073         nb_priority_levels            equ 8      ; number of priority levels (need code change if modified)
                      (./engine/constant):00074         
                      (./engine/constant):00075         * ===========================================================================
                      (./engine/constant):00076         * Images Constants
                      (./engine/constant):00077         * ===========================================================================
                      (./engine/constant):00078         
     0004             (./engine/constant):00079         image_x_size                  equ 4
     0005             (./engine/constant):00080         image_y_size                  equ 5
     0006             (./engine/constant):00081         image_center_offset           equ 6
                      (./engine/constant):00082         
     0004             (./engine/constant):00083         image_subset_x1_offset        equ 4
     0005             (./engine/constant):00084         image_subset_y1_offset        equ 5
                      (./engine/constant):00085         
     0000             (./engine/constant):00086         page_draw_routine             equ 0
     0001             (./engine/constant):00087         draw_routine                  equ 1
     0003             (./engine/constant):00088         page_erase_routine            equ 3
     0004             (./engine/constant):00089         erase_routine                 equ 4
     0006             (./engine/constant):00090         erase_nb_cell                 equ 6
                      (./engine/constant):00091         
                      (./engine/constant):00092         * ===========================================================================
                      (./engine/constant):00093         * Sound Constants
                      (./engine/constant):00094         * ===========================================================================
                      (./engine/constant):00095         
     0000             (./engine/constant):00096         sound_page        equ 0
     0001             (./engine/constant):00097         sound_start_addr  equ 1
     0003             (./engine/constant):00098         sound_end_addr    equ 3
     0005             (./engine/constant):00099         sound_meta_size   equ 5
                      (./engine/constant):00100         
                      (./engine/constant):00101         * ===========================================================================
                      (./engine/constant):00102         * Object Constants
                      (./engine/constant):00103         * ===========================================================================
                      (./engine/constant):00104         
                      (./engine/constant):00105         ; ext_variables_size should be declared in game source code
                      (./engine/constant):00106         
     0022             (./engine/constant):00107         object_base_size              equ 34  ; the size of an object without ext_vars - DEPENDENCY ClearObj routine
     003B             (./engine/constant):00108         object_rsvd_size              equ 59  ; the size of an object without ext_vars - DEPENDENCY ClearObj routine
     ????             (./engine/constant):00109         object_rsvd                   equ object_base_size+ext_variables_size
     ????             (./engine/constant):00110         object_size                   equ object_base_size+ext_variables_size+object_rsvd_size ; the size of a dynamic object
     ????             (./engine/constant):00111         next_object                   equ object_size
     0022             (./engine/constant):00112         ext_variables                 equ object_base_size ; start of reserved space for additionnal variables
                      (./engine/constant):00113         
     0000             (./engine/constant):00114         id                            equ 0           ; reference to object model id (ObjID_) (0: free slot)
     0001             (./engine/constant):00115         subtype                       equ 1           ; reference to object subtype (Sub_) DEPENDENCY subtype must follow id
     0002             (./engine/constant):00116         render_flags                  equ 2
                      (./engine/constant):00117         
                      (./engine/constant):00118         ; bit 7 = onscreen flag, bit 0 = x mirror, bit 1 = y mirror, bit 2 = coordinate system, bit 6 = render subobjects
                      (./engine/constant):00119         
                      (./engine/constant):00120         * --- render_flags bitfield variables ---
     0001             (./engine/constant):00121         render_xmirror_mask           equ $01 ; (bit 0) DEPENDENCY should be bit 0 - tell display engine to mirror sprite on horizontal axis
     0002             (./engine/constant):00122         render_ymirror_mask           equ $02 ; (bit 1) DEPENDENCY should be bit 1 - tell display engine to mirror sprite on vertical axis
     0004             (./engine/constant):00123         render_overlay_mask           equ $04 ; (bit 2) DEPENDENCY should be bit 2 - compilated sprite with no background save
     0008             (./engine/constant):00124         render_playfieldcoord_mask    equ $08 ; (bit 3) tell display engine to use playfield (1) or screen (0) coordinates
     0010             (./engine/constant):00125         render_xloop_mask             equ $10 ; (bit 4) (in screen coordinate) tell display engine to hide sprite when x is out of screen (0) or to display (1)  
     0020             (./engine/constant):00126         render_todelete_mask          equ $20 ; (bit 5) tell display engine to delete sprite and clear OST for this object
     0040             (./engine/constant):00127         render_subobjects             equ $40 ; (bit 6) tell display engine to render subobjects for this object
     0080             (./engine/constant):00128         render_hide_mask              equ $80 ; (bit 7) tell display engine to hide sprite (keep priority and mapping_frame)
                      (./engine/constant):00129         
     0003             (./engine/constant):00130         priority                      equ 3           ; display priority (0: nothing to display, 1:front, ..., 8:back)
     0004             (./engine/constant):00131         anim                          equ 4  ; and 5  ; reference to current animation (Ani_)
     0006             (./engine/constant):00132         prev_anim                     equ 6  ; and 7  ; reference to previous animation (Ani_)
     0008             (./engine/constant):00133         anim_frame                    equ 8           ; index of current frame in animation
     0009             (./engine/constant):00134         anim_frame_duration           equ 9           ; number of frames for each image in animation, range: 00-7F (0-127), 0 means display only during one frame
     000A             (./engine/constant):00135         anim_flags                    equ 10          ; byte offset to reference an anim_flags LUT (adv) / store a link flag (non adv)
                      (./engine/constant):00136         
                      (./engine/constant):00137         * --- anim_flags bitfield variables ---
     0001             (./engine/constant):00138         anim_link_mask                equ $01 ; (bit 0) if set, allow the load of a new animation without reseting anim_frame and anim_frame_duration
                      (./engine/constant):00139         
     000B             (./engine/constant):00140         status_flags                  equ 11          ; orientation of sprite, is applied to animation xmirror flag during AnimateSprite
                      (./engine/constant):00141         
                      (./engine/constant):00142         * --- status_flags bitfield variables ---
     0001             (./engine/constant):00143         status_xflip_mask             equ $01 ; (bit 0) X Flip
     0002             (./engine/constant):00144         status_yflip_mask             equ $02 ; (bit 1) Y Flip
                      (./engine/constant):00145         
     000C             (./engine/constant):00146         image_set                     equ 12 ; and 13 ; reference to current image (Img_) (0000 if no image)
     000E             (./engine/constant):00147         x_pos                         equ 14 ; and 15 ; x playfield coordinate
     0010             (./engine/constant):00148         x_sub                         equ 16          ; x subpixel (1/256 of a pixel), must follow x_pos in data structure
     0011             (./engine/constant):00149         y_pos                         equ 17 ; and 18 ; y playfield coordinate
     0013             (./engine/constant):00150         y_sub                         equ 19          ; y subpixel (1/256 of a pixel), must follow y_pos in data structure
     0014             (./engine/constant):00151         xy_pixel                      equ 20          ; x and y screen coordinate
     0014             (./engine/constant):00152         x_pixel                       equ 20          ; x screen coordinate
     0015             (./engine/constant):00153         y_pixel                       equ 21          ; y screen coordinate, must follow x_pixel
     0016             (./engine/constant):00154         x_vel                         equ 22 ; and 23 ; horizontal velocity
     0018             (./engine/constant):00155         y_vel                         equ 24 ; and 25 ; vertical velocity
     001A             (./engine/constant):00156         x_acl                         equ 26 ; and 27 ; horizontal gravity
     001C             (./engine/constant):00157         y_acl                         equ 28 ; and 29 ; vertical gravity
     001E             (./engine/constant):00158         routine                       equ 30          ; index of current object routine
     001F             (./engine/constant):00159         routine_secondary             equ 31          ; index of current secondary routine
     0020             (./engine/constant):00160         routine_tertiary              equ 32          ; index of current tertiary routine
     0021             (./engine/constant):00161         routine_quaternary            equ 33          ; index of current quaternary routine
                      (./engine/constant):00162         
                      (./engine/constant):00163         * ---------------------------------------------------------------------------
                      (./engine/constant):00164         * reserved variables (read/write by engine)
                      (./engine/constant):00165         
     ????             (./engine/constant):00166         rsv_render_flags              equ object_rsvd
                      (./engine/constant):00167         
                      (./engine/constant):00168         * --- rsv_render_flags bitfield variables ---
     0001             (./engine/constant):00169         rsv_render_checkrefresh_mask  equ $01 ; (bit 0) if erasesprite and display sprite flag are processed for this frame
     0002             (./engine/constant):00170         rsv_render_erasesprite_mask   equ $02 ; (bit 1) if a sprite need to be cleared on screen
     0004             (./engine/constant):00171         rsv_render_displaysprite_mask equ $04 ; (bit 2) if a sprite need to be rendered on screen
     0008             (./engine/constant):00172         rsv_render_outofrange_mask    equ $08 ; (bit 3) if a sprite is out of range for full rendering in screen
     0080             (./engine/constant):00173         rsv_render_onscreen_mask      equ $80 ; (bit 7) DEPENDENCY should be bit 7 - has been rendered on last screen buffer (may be 0 or 1)
                      (./engine/constant):00174         
     ????             (./engine/constant):00175         rsv_prev_anim                 equ object_rsvd+1 ; and +2 ; reference to previous animation (Ani_) w * UTILE ?
     ????             (./engine/constant):00176         rsv_image_center_offset       equ object_rsvd+3 ; 0 or 1 offset that indicate if image center is even or odd (DRS_XYToAddress)
     ????             (./engine/constant):00177         rsv_image_subset              equ object_rsvd+4 ; and +5 ; reference to current image regarding mirror flags w
     ????             (./engine/constant):00178         rsv_mapping_frame             equ object_rsvd+6 ; and +7 ; reference to current image regarding mirror flags, overlay flag and x precision w
     ????             (./engine/constant):00179         rsv_erase_nb_cell             equ object_rsvd+8 ; b 
     ????             (./engine/constant):00180         rsv_page_draw_routine         equ object_rsvd+9 ; b
     ????             (./engine/constant):00181         rsv_draw_routine              equ object_rsvd+10 ; and +11 ; w
     ????             (./engine/constant):00182         rsv_page_erase_routine        equ object_rsvd+12 ; b
     ????             (./engine/constant):00183         rsv_erase_routine             equ object_rsvd+13 ; and +14 ; w 
     ????             (./engine/constant):00184         rsv_xy1_pixel                 equ object_rsvd+15 ;
     ????             (./engine/constant):00185         rsv_x1_pixel                  equ object_rsvd+15 ; x+x_offset-(x_size/2) screen coordinate
     ????             (./engine/constant):00186         rsv_y1_pixel                  equ object_rsvd+16 ; y+y_offset-(y_size/2) screen coordinate, must follow rsv_x1_pixel
     ????             (./engine/constant):00187         rsv_xy2_pixel                 equ object_rsvd+17 ;
     ????             (./engine/constant):00188         rsv_x2_pixel                  equ object_rsvd+17 ; x+x_offset+(x_size/2) screen coordinate
     ????             (./engine/constant):00189         rsv_y2_pixel                  equ object_rsvd+18 ; y+y_offset+(y_size/2) screen coordinate, must follow rsv_x2_pixel
                      (./engine/constant):00190         
                      (./engine/constant):00191         * ---------------------------------------------------------------------------
                      (./engine/constant):00192         * reserved variables (engine) - buffer specific
                      (./engine/constant):00193         
     ????             (./engine/constant):00194         rsv_buffer_0                  equ object_rsvd+19 ; Start index of buffer 0 variables
     ????             (./engine/constant):00195         rsv_priority_0                equ object_rsvd+19 ; internal value that hold priority in video buffer 0
     ????             (./engine/constant):00196         rsv_priority_prev_obj_0       equ object_rsvd+20 ; and +21 ; previous object (OST address) in display priority list for video buffer 0 (0000 if none) w
     ????             (./engine/constant):00197         rsv_priority_next_obj_0       equ object_rsvd+22 ; and +23 ; next object (OST address) in display priority list for video buffer 0 (0000 if none) w
     ????             (./engine/constant):00198         rsv_prev_mapping_frame_0      equ object_rsvd+24 ; and object_rsvd+25 ; reference to previous image in video buffer 0 w
     ????             (./engine/constant):00199         rsv_prev_erase_nb_cell_0      equ object_rsvd+26 : b
     ????             (./engine/constant):00200         rsv_prev_page_erase_routine_0 equ object_rsvd+27 ; b
     ????             (./engine/constant):00201         rsv_prev_erase_routine_0      equ object_rsvd+28 ; and object_rsvd+29 ; w
     ????             (./engine/constant):00202         rsv_bgdata_0                  equ object_rsvd+30 ; and +31 ; address of background data in screen 0 w
     ????             (./engine/constant):00203         rsv_prev_xy_pixel_0           equ object_rsvd+32 ;
     ????             (./engine/constant):00204         rsv_prev_x_pixel_0            equ object_rsvd+32 ; previous x screen coordinate b
     ????             (./engine/constant):00205         rsv_prev_y_pixel_0            equ object_rsvd+33 ; previous y screen coordinate b, must follow x_pixel
     ????             (./engine/constant):00206         rsv_prev_xy1_pixel_0          equ object_rsvd+34 ;
     ????             (./engine/constant):00207         rsv_prev_x1_pixel_0           equ object_rsvd+34 ; previous x+x_offset-(x_size/2) screen coordinate b
     ????             (./engine/constant):00208         rsv_prev_y1_pixel_0           equ object_rsvd+35 ; previous y+y_offset-(y_size/2) screen coordinate b, must follow x1_pixel
     ????             (./engine/constant):00209         rsv_prev_xy2_pixel_0          equ object_rsvd+36 ;
     ????             (./engine/constant):00210         rsv_prev_x2_pixel_0           equ object_rsvd+36 ; previous x+x_offset+(x_size/2) screen coordinate b
     ????             (./engine/constant):00211         rsv_prev_y2_pixel_0           equ object_rsvd+37 ; previous y+y_offset+(y_size/2) screen coordinate b, must follow x2_pixel
     ????             (./engine/constant):00212         rsv_prev_render_flags_0       equ object_rsvd+38 ;
                      (./engine/constant):00213         * --- rsv_prev_render_flags_0 bitfield variables ---
     0001             (./engine/constant):00214         rsv_prev_render_overlay_mask  equ $01 ; (bit 0) if a sprite has been rendered with compilated sprite and no background save on screen buffer 0/1
     0080             (./engine/constant):00215         rsv_prev_render_onscreen_mask equ $80 ; (bit 7) DEPENDENCY should be bit 7 - has been rendered on screen buffer 0/1
                      (./engine/constant):00216         
     ????             (./engine/constant):00217         rsv_buffer_1                  equ object_rsvd+39 ; Start index of buffer 1 variables
     ????             (./engine/constant):00218         rsv_priority_1                equ object_rsvd+39 ; internal value that hold priority in video buffer 1
     ????             (./engine/constant):00219         rsv_priority_prev_obj_1       equ object_rsvd+40 ; and +41 ; previous object (OST address) in display priority list for video buffer 1 (0000 if none) w
     ????             (./engine/constant):00220         rsv_priority_next_obj_1       equ object_rsvd+42 ; and +43 ; next object (OST address) in display priority list for video buffer 1 (0000 if none) w
     ????             (./engine/constant):00221         rsv_prev_mapping_frame_1      equ object_rsvd+44 ; and +45 ; reference to previous image in video buffer 1 w
     ????             (./engine/constant):00222         rsv_prev_erase_nb_cell_1      equ object_rsvd+46 ; b
     ????             (./engine/constant):00223         rsv_prev_page_erase_routine_1 equ object_rsvd+47 ; b
     ????             (./engine/constant):00224         rsv_prev_erase_routine_1      equ object_rsvd+48 ; and +49 ; w
     ????             (./engine/constant):00225         rsv_bgdata_1                  equ object_rsvd+50 ; and +51 ; address of background data in screen 1 w
     ????             (./engine/constant):00226         rsv_prev_xy_pixel_1           equ object_rsvd+52 ;
     ????             (./engine/constant):00227         rsv_prev_x_pixel_1            equ object_rsvd+52 ; previous x screen coordinate b
     ????             (./engine/constant):00228         rsv_prev_y_pixel_1            equ object_rsvd+53 ; previous y screen coordinate b, must follow x_pixel
     ????             (./engine/constant):00229         rsv_prev_xy1_pixel_1          equ object_rsvd+54 ;
     ????             (./engine/constant):00230         rsv_prev_x1_pixel_1           equ object_rsvd+54 ; previous x+x_size screen coordinate b
     ????             (./engine/constant):00231         rsv_prev_y1_pixel_1           equ object_rsvd+55 ; previous y+y_size screen coordinate b, must follow x_pixel
     ????             (./engine/constant):00232         rsv_prev_xy2_pixel_1          equ object_rsvd+56 ;
     ????             (./engine/constant):00233         rsv_prev_x2_pixel_1           equ object_rsvd+56 ; previous x+x_size screen coordinate b
     ????             (./engine/constant):00234         rsv_prev_y2_pixel_1           equ object_rsvd+57 ; previous y+y_size screen coordinate b, must follow x_pixel
     ????             (./engine/constant):00235         rsv_prev_render_flags_1       equ object_rsvd+58 ;
                      (./engine/constant):00236         
     0000             (./engine/constant):00237         buf_priority                  equ 0  ; offset for each rsv_buffer variables
     0001             (./engine/constant):00238         buf_priority_prev_obj         equ 1  ;
     0003             (./engine/constant):00239         buf_priority_next_obj         equ 3  ;
     0005             (./engine/constant):00240         buf_prev_mapping_frame        equ 5  ;
     0007             (./engine/constant):00241         buf_erase_nb_cell             equ 7  ;
     0008             (./engine/constant):00242         buf_page_erase_routine        equ 8 ;
     0009             (./engine/constant):00243         buf_erase_routine             equ 9 ;
     000B             (./engine/constant):00244         buf_bgdata                    equ 11 ;
     000D             (./engine/constant):00245         buf_prev_xy_pixel             equ 13 ;
     000D             (./engine/constant):00246         buf_prev_x_pixel              equ 13 ;
     000E             (./engine/constant):00247         buf_prev_y_pixel              equ 14 ;
     000F             (./engine/constant):00248         buf_prev_xy1_pixel            equ 15 ;
     000F             (./engine/constant):00249         buf_prev_x1_pixel             equ 15 ;
     0010             (./engine/constant):00250         buf_prev_y1_pixel             equ 16 ;
     0011             (./engine/constant):00251         buf_prev_xy2_pixel            equ 17 ;
     0011             (./engine/constant):00252         buf_prev_x2_pixel             equ 17 ;
     0012             (./engine/constant):00253         buf_prev_y2_pixel             equ 18 ;
     0013             (./engine/constant):00254         buf_prev_render_flags         equ 19 ;
                      (./engine/constant):00255         
                      (./engine/constant):00256          endc
                      (./generated-code/):00002                 ORG $A000
     FF               (./generated-code/):00003                 SETDP $FF
                      (./generated-code/):00004                 OPT C,CT
A000                  (./generated-code/):00005                 BCKDRAW_Img_link06_0
A000 10FF9FFE         (./generated-code/):00006 [7]     7               STS glb_register_s
                      (./generated-code/):00007                 
A004 32A4             (./generated-code/):00008 [4]     11              LEAS ,Y
A006 33C9FE99         (./generated-code/):00009 [8]     19              LEAU -359,U
                      (./generated-code/):00010                 
A00A A6C850           (./generated-code/):00011 [5]     24              LDA 80,U
A00D E6C828           (./generated-code/):00012 [5]     29              LDB 40,U
A010 AE5F             (./generated-code/):00013 [6]     35              LDX -1,U
A012 10AEC8D7         (./generated-code/):00014 [7]     42              LDY -41,U
A016 3436             (./generated-code/):00015 [11]    53              PSHS Y,X,B,A
A018 ECC8AF           (./generated-code/):00016 [6]     59              LDD -81,U
A01B 3406             (./generated-code/):00017 [7]     66              PSHS D
A01D 84F0             (./generated-code/):00018 [2]     68              ANDA #$F0
A01F C40F             (./generated-code/):00019 [2]     70              ANDB #$0F
A021 C30DE0           (./generated-code/):00020 [4]     74              ADDD #$0de0
A024 EDC8AF           (./generated-code/):00021 [6]     80              STD -81,U
A027 A6C878           (./generated-code/):00022 [5]     85              LDA 120,U
A02A E6C887           (./generated-code/):00023 [5]     90              LDB -121,U
A02D 3406             (./generated-code/):00024 [7]     97              PSHS B,A
A02F C4F0             (./generated-code/):00025 [2]     99              ANDB #$F0
A031 CA0E             (./generated-code/):00026 [2]     101             ORB #$0e
A033 E7C887           (./generated-code/):00027 [5]     106             STB -121,U
A036 CCEDAD           (./generated-code/):00028 [3]     109             LDD #$edad
A039 ED5F             (./generated-code/):00029 [6]     115             STD -1,U
A03B C6DE             (./generated-code/):00030 [2]     117             LDB #$de
A03D EDC8D7           (./generated-code/):00031 [6]     123             STD -41,U
A040 A7C828           (./generated-code/):00032 [5]     128             STA 40,U
A043 86FE             (./generated-code/):00033 [2]     130             LDA #$fe
A045 A7C850           (./generated-code/):00034 [5]     135             STA 80,U
A048 A7C878           (./generated-code/):00035 [5]     140             STA 120,U
A04B ECC826           (./generated-code/):00036 [6]     146             LDD 38,U
A04E 3406             (./generated-code/):00037 [7]     153             PSHS D
A050 84F0             (./generated-code/):00038 [2]     155             ANDA #$F0
A052 8A0E             (./generated-code/):00039 [2]     157             ORA #$0e
A054 C6EA             (./generated-code/):00040 [2]     159             LDB #$ea
A056 EDC826           (./generated-code/):00041 [6]     165             STD 38,U
A059 ECC84E           (./generated-code/):00042 [6]     171             LDD 78,U
A05C 3406             (./generated-code/):00043 [7]     178             PSHS D
A05E 84F0             (./generated-code/):00044 [2]     180             ANDA #$F0
A060 8A0E             (./generated-code/):00045 [2]     182             ORA #$0e
A062 C6FE             (./generated-code/):00046 [2]     184             LDB #$fe
A064 EDC84E           (./generated-code/):00047 [6]     190             STD 78,U
A067 ECC876           (./generated-code/):00048 [6]     196             LDD 118,U
A06A 3446             (./generated-code/):00049 [9]     205             PSHS U,D
A06C 84F0             (./generated-code/):00050 [2]     207             ANDA #$F0
A06E 8A0E             (./generated-code/):00051 [2]     209             ORA #$0e
A070 C6FF             (./generated-code/):00052 [2]     211             LDB #$ff
A072 EDC876           (./generated-code/):00053 [6]     217             STD 118,U
A075 33C90117         (./generated-code/):00054 [8]     225             LEAU 279,U
                      (./generated-code/):00055                 
A079 A6C889           (./generated-code/):00056 [5]     230             LDA -119,U
A07C AEC878           (./generated-code/):00057 [6]     236             LDX 120,U
A07F 10AEC850         (./generated-code/):00058 [7]     243             LDY 80,U
A083 3432             (./generated-code/):00059 [10]    253             PSHS Y,X,A
A085 ECC8B0           (./generated-code/):00060 [6]     259             LDD -80,U
A088 AEC8D8           (./generated-code/):00061 [6]     265             LDX -40,U
A08B 3416             (./generated-code/):00062 [9]     274             PSHS X,D
A08D ECC887           (./generated-code/):00063 [6]     280             LDD -121,U
A090 3406             (./generated-code/):00064 [7]     287             PSHS D
A092 84F0             (./generated-code/):00065 [2]     289             ANDA #$F0
A094 8A0E             (./generated-code/):00066 [2]     291             ORA #$0e
A096 C6EE             (./generated-code/):00067 [2]     293             LDB #$ee
A098 EDC887           (./generated-code/):00068 [6]     299             STD -121,U
A09B CCDDEB           (./generated-code/):00069 [3]     302             LDD #$ddeb
A09E EDC878           (./generated-code/):00070 [6]     308             STD 120,U
A0A1 AEC828           (./generated-code/):00071 [6]     314             LDX 40,U
A0A4 86EE             (./generated-code/):00072 [2]     316             LDA #$ee
A0A6 EDC850           (./generated-code/):00073 [6]     322             STD 80,U
A0A9 10AEC4           (./generated-code/):00074 [6]     328             LDY ,U
A0AC 3470             (./generated-code/):00075 [11]    339             PSHS U,Y,X
A0AE CC9E9B           (./generated-code/):00076 [3]     342             LDD #$9e9b
A0B1 EDC8D8           (./generated-code/):00077 [6]     348             STD -40,U
A0B4 CCBEAE           (./generated-code/):00078 [3]     351             LDD #$beae
A0B7 EDC4             (./generated-code/):00079 [5]     356             STD ,U
A0B9 86EF             (./generated-code/):00080 [2]     358             LDA #$ef
A0BB A7C889           (./generated-code/):00081 [5]     363             STA -119,U
A0BE CCEABB           (./generated-code/):00082 [3]     366             LDD #$eabb
A0C1 EDC828           (./generated-code/):00083 [6]     372             STD 40,U
A0C4 CC999E           (./generated-code/):00084 [3]     375             LDD #$999e
A0C7 EDC8B0           (./generated-code/):00085 [6]     381             STD -80,U
A0CA 33C90118         (./generated-code/):00086 [8]     389             LEAU 280,U
                      (./generated-code/):00087                 
A0CE AEC4             (./generated-code/):00088 [5]     394             LDX ,U
A0D0 10AEC8D8         (./generated-code/):00089 [7]     401             LDY -40,U
A0D4 3430             (./generated-code/):00090 [9]     410             PSHS Y,X
A0D6 ECC878           (./generated-code/):00091 [6]     416             LDD 120,U
A0D9 AEC8B0           (./generated-code/):00092 [6]     422             LDX -80,U
A0DC 10AEC828         (./generated-code/):00093 [7]     429             LDY 40,U
A0E0 3436             (./generated-code/):00094 [11]    440             PSHS Y,X,D
A0E2 ECC850           (./generated-code/):00095 [6]     446             LDD 80,U
A0E5 AEC888           (./generated-code/):00096 [6]     452             LDX -120,U
A0E8 3456             (./generated-code/):00097 [11]    463             PSHS U,X,D
A0EA CCDEED           (./generated-code/):00098 [3]     466             LDD #$deed
A0ED EDC8D8           (./generated-code/):00099 [6]     472             STD -40,U
A0F0 CCEEDE           (./generated-code/):00100 [3]     475             LDD #$eede
A0F3 EDC4             (./generated-code/):00101 [5]     480             STD ,U
A0F5 C6EE             (./generated-code/):00102 [2]     482             LDB #$ee
A0F7 EDC850           (./generated-code/):00103 [6]     488             STD 80,U
A0FA EDC878           (./generated-code/):00104 [6]     494             STD 120,U
A0FD 86BD             (./generated-code/):00105 [2]     496             LDA #$bd
A0FF EDC828           (./generated-code/):00106 [6]     502             STD 40,U
A102 CCDDAE           (./generated-code/):00107 [3]     505             LDD #$ddae
A105 EDC888           (./generated-code/):00108 [6]     511             STD -120,U
A108 86CD             (./generated-code/):00109 [2]     513             LDA #$cd
A10A EDC8B0           (./generated-code/):00110 [6]     519             STD -80,U
A10D 33C900C8         (./generated-code/):00111 [8]     527             LEAU 200,U
                      (./generated-code/):00112                 
A111 AEC8D8           (./generated-code/):00113 [6]     533             LDX -40,U
A114 10AEC4           (./generated-code/):00114 [6]     539             LDY ,U
A117 3430             (./generated-code/):00115 [9]     548             PSHS Y,X
A119 CCEEEE           (./generated-code/):00116 [3]     551             LDD #$eeee
A11C EDC8D8           (./generated-code/):00117 [6]     557             STD -40,U
A11F EDC4             (./generated-code/):00118 [5]     562             STD ,U
A121 ECC828           (./generated-code/):00119 [6]     568             LDD 40,U
A124 3446             (./generated-code/):00120 [9]     577             PSHS U,D
A126 84F0             (./generated-code/):00121 [2]     579             ANDA #$F0
A128 C40F             (./generated-code/):00122 [2]     581             ANDB #$0F
A12A C30EE0           (./generated-code/):00123 [4]     585             ADDD #$0ee0
A12D EDC828           (./generated-code/):00124 [6]     591             STD 40,U
                      (./generated-code/):00125                 
A130 DEFC             (./generated-code/):00126 [5]     596             LDU <glb_screen_location_1
A132 33C9FE20         (./generated-code/):00127 [8]     604             LEAU -480,U
                      (./generated-code/):00128                 
A136 A6C4             (./generated-code/):00129 [4]     608             LDA ,U
A138 3442             (./generated-code/):00130 [8]     616             PSHS U,A
A13A 86EE             (./generated-code/):00131 [2]     618             LDA #$ee
A13C A7C4             (./generated-code/):00132 [4]     622             STA ,U
A13E 33C9009F         (./generated-code/):00133 [8]     630             LEAU 159,U
                      (./generated-code/):00134                 
A142 A6C889           (./generated-code/):00135 [5]     635             LDA -119,U
A145 AEC8D8           (./generated-code/):00136 [6]     641             LDX -40,U
A148 3412             (./generated-code/):00137 [8]     649             PSHS X,A
A14A CCEEDD           (./generated-code/):00138 [3]     652             LDD #$eedd
A14D EDC8D8           (./generated-code/):00139 [6]     658             STD -40,U
A150 A6C8DA           (./generated-code/):00140 [5]     663             LDA -38,U
A153 3402             (./generated-code/):00141 [6]     669             PSHS A
A155 840F             (./generated-code/):00142 [2]     671             ANDA #$0F
A157 8AE0             (./generated-code/):00143 [2]     673             ORA #$e0
A159 A7C8DA           (./generated-code/):00144 [5]     678             STA -38,U
A15C A6C8B1           (./generated-code/):00145 [5]     683             LDA -79,U
A15F E7C889           (./generated-code/):00146 [5]     688             STB -119,U
A162 E7C8B1           (./generated-code/):00147 [5]     693             STB -79,U
A165 3714             (./generated-code/):00148 [8]     701             PULU B,X
A167 3456             (./generated-code/):00149 [11]    712             PSHS U,X,B,A
A169 86AF             (./generated-code/):00150 [2]     714             LDA #$af
A16B 8EAAEE           (./generated-code/):00151 [3]     717             LDX #$aaee
A16E 3612             (./generated-code/):00152 [8]     725             PSHU A,X
A170 33C828           (./generated-code/):00153 [5]     730             LEAU 40,U
                      (./generated-code/):00154                 
A173 3712             (./generated-code/):00155 [8]     738             PULU A,X
A175 3452             (./generated-code/):00156 [10]    748             PSHS U,X,A
A177 86AF             (./generated-code/):00157 [2]     750             LDA #$af
A179 8EEEEE           (./generated-code/):00158 [3]     753             LDX #$eeee
A17C 3612             (./generated-code/):00159 [8]     761             PSHU A,X
A17E 33C828           (./generated-code/):00160 [5]     766             LEAU 40,U
                      (./generated-code/):00161                 
A181 3712             (./generated-code/):00162 [8]     774             PULU A,X
A183 3452             (./generated-code/):00163 [10]    784             PSHS U,X,A
A185 86BE             (./generated-code/):00164 [2]     786             LDA #$be
A187 8EFFAE           (./generated-code/):00165 [3]     789             LDX #$ffae
A18A 3612             (./generated-code/):00166 [8]     797             PSHU A,X
A18C 33C828           (./generated-code/):00167 [5]     802             LEAU 40,U
                      (./generated-code/):00168                 
A18F ECC850           (./generated-code/):00169 [6]     808             LDD 80,U
A192 3406             (./generated-code/):00170 [7]     815             PSHS D
A194 84F0             (./generated-code/):00171 [2]     817             ANDA #$F0
A196 8A0B             (./generated-code/):00172 [2]     819             ORA #$0b
A198 C6AE             (./generated-code/):00173 [2]     821             LDB #$ae
A19A EDC850           (./generated-code/):00174 [6]     827             STD 80,U
A19D ECC878           (./generated-code/):00175 [6]     833             LDD 120,U
A1A0 3406             (./generated-code/):00176 [7]     840             PSHS D
A1A2 84F0             (./generated-code/):00177 [2]     842             ANDA #$F0
A1A4 8A0E             (./generated-code/):00178 [2]     844             ORA #$0e
A1A6 C6AE             (./generated-code/):00179 [2]     846             LDB #$ae
A1A8 EDC878           (./generated-code/):00180 [6]     852             STD 120,U
A1AB A6C82A           (./generated-code/):00181 [5]     857             LDA 42,U
A1AE 3402             (./generated-code/):00182 [6]     863             PSHS A
A1B0 840F             (./generated-code/):00183 [2]     865             ANDA #$0F
A1B2 8AB0             (./generated-code/):00184 [2]     867             ORA #$b0
A1B4 A7C82A           (./generated-code/):00185 [5]     872             STA 42,U
A1B7 A6C852           (./generated-code/):00186 [5]     877             LDA 82,U
A1BA 3402             (./generated-code/):00187 [6]     883             PSHS A
A1BC 840F             (./generated-code/):00188 [2]     885             ANDA #$0F
A1BE 8AE0             (./generated-code/):00189 [2]     887             ORA #$e0
A1C0 A7C852           (./generated-code/):00190 [5]     892             STA 82,U
A1C3 A6C87A           (./generated-code/):00191 [5]     897             LDA 122,U
A1C6 3402             (./generated-code/):00192 [6]     903             PSHS A
A1C8 840F             (./generated-code/):00193 [2]     905             ANDA #$0F
A1CA 8AE0             (./generated-code/):00194 [2]     907             ORA #$e0
A1CC A7C87A           (./generated-code/):00195 [5]     912             STA 122,U
A1CF AEC828           (./generated-code/):00196 [6]     918             LDX 40,U
A1D2 3410             (./generated-code/):00197 [7]     925             PSHS X
A1D4 CCEEB9           (./generated-code/):00198 [3]     928             LDD #$eeb9
A1D7 EDC828           (./generated-code/):00199 [6]     934             STD 40,U
A1DA 3712             (./generated-code/):00200 [8]     942             PULU A,X
A1DC 3452             (./generated-code/):00201 [10]    952             PSHS U,X,A
A1DE 86BF             (./generated-code/):00202 [2]     954             LDA #$bf
A1E0 8EEEEE           (./generated-code/):00203 [3]     957             LDX #$eeee
A1E3 3612             (./generated-code/):00204 [8]     965             PSHU A,X
A1E5 33C90119         (./generated-code/):00205 [8]     973             LEAU 281,U
                      (./generated-code/):00206                 
A1E9 EC5F             (./generated-code/):00207 [6]     979             LDD -1,U
A1EB 3406             (./generated-code/):00208 [7]     986             PSHS D
A1ED 84F0             (./generated-code/):00209 [2]     988             ANDA #$F0
A1EF 8A0D             (./generated-code/):00210 [2]     990             ORA #$0d
A1F1 C6DE             (./generated-code/):00211 [2]     992             LDB #$de
A1F3 ED5F             (./generated-code/):00212 [6]     998             STD -1,U
A1F5 ECC827           (./generated-code/):00213 [6]     1004            LDD 39,U
A1F8 3406             (./generated-code/):00214 [7]     1011            PSHS D
A1FA 84F0             (./generated-code/):00215 [2]     1013            ANDA #$F0
A1FC 8A0C             (./generated-code/):00216 [2]     1015            ORA #$0c
A1FE C6DE             (./generated-code/):00217 [2]     1017            LDB #$de
A200 EDC827           (./generated-code/):00218 [6]     1023            STD 39,U
A203 ECC84F           (./generated-code/):00219 [6]     1029            LDD 79,U
A206 3406             (./generated-code/):00220 [7]     1036            PSHS D
A208 84F0             (./generated-code/):00221 [2]     1038            ANDA #$F0
A20A 8A0D             (./generated-code/):00222 [2]     1040            ORA #$0d
A20C C6CE             (./generated-code/):00223 [2]     1042            LDB #$ce
A20E EDC84F           (./generated-code/):00224 [6]     1048            STD 79,U
A211 AEC8AF           (./generated-code/):00225 [6]     1054            LDX -81,U
A214 CCEBBE           (./generated-code/):00226 [3]     1057            LDD #$ebbe
A217 EDC8AF           (./generated-code/):00227 [6]     1063            STD -81,U
A21A 10AEC8D7         (./generated-code/):00228 [7]     1070            LDY -41,U
A21E 3430             (./generated-code/):00229 [9]     1079            PSHS Y,X
A220 ECC877           (./generated-code/):00230 [6]     1085            LDD 119,U
A223 AEC887           (./generated-code/):00231 [6]     1091            LDX -121,U
A226 3416             (./generated-code/):00232 [9]     1100            PSHS X,D
A228 CCEECC           (./generated-code/):00233 [3]     1103            LDD #$eecc
A22B EDC877           (./generated-code/):00234 [6]     1109            STD 119,U
A22E C6AA             (./generated-code/):00235 [2]     1111            LDB #$aa
A230 EDC887           (./generated-code/):00236 [6]     1117            STD -121,U
A233 C6ED             (./generated-code/):00237 [2]     1119            LDB #$ed
A235 EDC8D7           (./generated-code/):00238 [6]     1125            STD -41,U
A238 A6C889           (./generated-code/):00239 [5]     1130            LDA -119,U
A23B 3402             (./generated-code/):00240 [6]     1136            PSHS A
A23D 840F             (./generated-code/):00241 [2]     1138            ANDA #$0F
A23F 8AB0             (./generated-code/):00242 [2]     1140            ORA #$b0
A241 A7C889           (./generated-code/):00243 [5]     1145            STA -119,U
A244 A6C8B1           (./generated-code/):00244 [5]     1150            LDA -79,U
A247 3402             (./generated-code/):00245 [6]     1156            PSHS A
A249 840F             (./generated-code/):00246 [2]     1158            ANDA #$0F
A24B 8AB0             (./generated-code/):00247 [2]     1160            ORA #$b0
A24D A7C8B1           (./generated-code/):00248 [5]     1165            STA -79,U
A250 A6C8D9           (./generated-code/):00249 [5]     1170            LDA -39,U
A253 3402             (./generated-code/):00250 [6]     1176            PSHS A
A255 840F             (./generated-code/):00251 [2]     1178            ANDA #$0F
A257 8AB0             (./generated-code/):00252 [2]     1180            ORA #$b0
A259 A7C8D9           (./generated-code/):00253 [5]     1185            STA -39,U
A25C A641             (./generated-code/):00254 [5]     1190            LDA 1,U
A25E 3402             (./generated-code/):00255 [6]     1196            PSHS A
A260 840F             (./generated-code/):00256 [2]     1198            ANDA #$0F
A262 8AB0             (./generated-code/):00257 [2]     1200            ORA #$b0
A264 A741             (./generated-code/):00258 [5]     1205            STA 1,U
A266 A6C829           (./generated-code/):00259 [5]     1210            LDA 41,U
A269 3402             (./generated-code/):00260 [6]     1216            PSHS A
A26B 840F             (./generated-code/):00261 [2]     1218            ANDA #$0F
A26D 8AE0             (./generated-code/):00262 [2]     1220            ORA #$e0
A26F A7C829           (./generated-code/):00263 [5]     1225            STA 41,U
A272 A6C851           (./generated-code/):00264 [5]     1230            LDA 81,U
A275 3402             (./generated-code/):00265 [6]     1236            PSHS A
A277 840F             (./generated-code/):00266 [2]     1238            ANDA #$0F
A279 8AE0             (./generated-code/):00267 [2]     1240            ORA #$e0
A27B A7C851           (./generated-code/):00268 [5]     1245            STA 81,U
A27E A6C879           (./generated-code/):00269 [5]     1250            LDA 121,U
A281 3442             (./generated-code/):00270 [8]     1258            PSHS U,A
A283 840F             (./generated-code/):00271 [2]     1260            ANDA #$0F
A285 8AE0             (./generated-code/):00272 [2]     1262            ORA #$e0
A287 A7C879           (./generated-code/):00273 [5]     1267            STA 121,U
A28A 33C90104         (./generated-code/):00274 [8]     1275            LEAU 260,U
                      (./generated-code/):00275                 
A28E AEC89B           (./generated-code/):00276 [6]     1281            LDX -101,U
A291 CCEBDD           (./generated-code/):00277 [3]     1284            LDD #$ebdd
A294 EDC89B           (./generated-code/):00278 [6]     1290            STD -101,U
A297 10AEC8C3         (./generated-code/):00279 [7]     1297            LDY -61,U
A29B 3430             (./generated-code/):00280 [9]     1306            PSHS Y,X
A29D CCEEEE           (./generated-code/):00281 [3]     1309            LDD #$eeee
A2A0 EDC8C3           (./generated-code/):00282 [6]     1315            STD -61,U
A2A3 ECC8EB           (./generated-code/):00283 [6]     1321            LDD -21,U
A2A6 3406             (./generated-code/):00284 [7]     1328            PSHS D
A2A8 84F0             (./generated-code/):00285 [2]     1330            ANDA #$F0
A2AA 8A0E             (./generated-code/):00286 [2]     1332            ORA #$0e
A2AC C6EE             (./generated-code/):00287 [2]     1334            LDB #$ee
A2AE EDC8EB           (./generated-code/):00288 [6]     1340            STD -21,U
A2B1 ECC813           (./generated-code/):00289 [6]     1346            LDD 19,U
A2B4 3406             (./generated-code/):00290 [7]     1353            PSHS D
A2B6 84F0             (./generated-code/):00291 [2]     1355            ANDA #$F0
A2B8 8A0E             (./generated-code/):00292 [2]     1357            ORA #$0e
A2BA C6EE             (./generated-code/):00293 [2]     1359            LDB #$ee
A2BC EDC813           (./generated-code/):00294 [6]     1365            STD 19,U
A2BF ECC83B           (./generated-code/):00295 [6]     1371            LDD 59,U
A2C2 3406             (./generated-code/):00296 [7]     1378            PSHS D
A2C4 84F0             (./generated-code/):00297 [2]     1380            ANDA #$F0
A2C6 8A0E             (./generated-code/):00298 [2]     1382            ORA #$0e
A2C8 C6EE             (./generated-code/):00299 [2]     1384            LDB #$ee
A2CA EDC83B           (./generated-code/):00300 [6]     1390            STD 59,U
A2CD A6C864           (./generated-code/):00301 [5]     1395            LDA 100,U
A2D0 E7C864           (./generated-code/):00302 [5]     1400            STB 100,U
A2D3 E6C8ED           (./generated-code/):00303 [5]     1405            LDB -19,U
A2D6 3406             (./generated-code/):00304 [7]     1412            PSHS B,A
A2D8 C40F             (./generated-code/):00305 [2]     1414            ANDB #$0F
A2DA CAE0             (./generated-code/):00306 [2]     1416            ORB #$e0
A2DC E7C8ED           (./generated-code/):00307 [5]     1421            STB -19,U
A2DF A6C815           (./generated-code/):00308 [5]     1426            LDA 21,U
A2E2 3442             (./generated-code/):00309 [8]     1434            PSHS U,A
A2E4 840F             (./generated-code/):00310 [2]     1436            ANDA #$0F
A2E6 8AE0             (./generated-code/):00311 [2]     1438            ORA #$e0
A2E8 A7C815           (./generated-code/):00312 [5]     1443            STA 21,U
A2EB 33E4             (./generated-code/):00313 [4]     1447            LEAU ,S
A2ED                  (./generated-code/):00314                 SSAV_Img_link06_0
A2ED 10FE9FFE         (./generated-code/):00315 [7]     1454            LDS glb_register_s
A2F1 39               (./generated-code/):00316 [5]     1459            RTS
                      (./generated-code/):00317                 
