                      (C:\Users\bhrou\gi):00001                 org   $0000
     FF               (C:\Users\bhrou\gi):00002                 setdp $FF
                      (C:\Users\bhrou\gi):00003         
                      (C:\Users\bhrou\gi):00004         * Generated Code
                      (C:\Users\bhrou\gi):00005         
0000                  (C:\Users\bhrou\gi):00006         Img_link20 
0000 071B07070A160106 (C:\Users\bhrou\gi):00007                 fcb   $07,$1B,$07,$07,$0A,$16,$01,$06,$00,$0D,$00,$FB,$F5,$65
     000D00FBF565
000E 00006404DF036707 (C:\Users\bhrou\gi):00008                 fcb   $00,$00,$64,$04,$DF,$03,$67,$07,$EB,$64,$03,$E9,$03,$06
     EB6403E90306
001C 000D00FBF5670546 (C:\Users\bhrou\gi):00009                 fcb   $00,$0D,$00,$FB,$F5,$67,$05,$46,$64,$02,$F5,$03,$67,$02
     6402F5036702
002A C364020903       (C:\Users\bhrou\gi):00010                 fcb   $C3,$64,$02,$09,$03
002F                  (C:\Users\bhrou\gi):00011         Img_link10 
002F 070707070A150106 (C:\Users\bhrou\gi):00012                 fcb   $07,$07,$07,$07,$0A,$15,$01,$06,$00,$0D,$00,$FB,$F6,$65
     000D00FBF665
003D 2B606423DF03661F (C:\Users\bhrou\gi):00013                 fcb   $2B,$60,$64,$23,$DF,$03,$66,$1F,$66,$64,$22,$DB,$03
     666422DB03
004A                  (C:\Users\bhrou\gi):00014         Img_link00 
004A 070707070A170106 (C:\Users\bhrou\gi):00015                 fcb   $07,$07,$07,$07,$0A,$17,$01,$06,$00,$0D,$00,$FB,$F4,$64
     000D00FBF464
0058 3D83643C9203663C (C:\Users\bhrou\gi):00016                 fcb   $3D,$83,$64,$3C,$92,$03,$66,$3C,$A9,$64,$3B,$7E,$03
     A9643B7E03
0065                  (C:\Users\bhrou\gi):00017         Img_link11 
0065 070707070A150106 (C:\Users\bhrou\gi):00018                 fcb   $07,$07,$07,$07,$0A,$15,$01,$06,$00,$0D,$00,$FB,$F6,$65
     000D00FBF665
0073 28E96421F403661C (C:\Users\bhrou\gi):00019                 fcb   $28,$E9,$64,$21,$F4,$03,$66,$1C,$94,$64,$20,$F2,$03
     946420F203
0080                  (C:\Users\bhrou\gi):00020         Img_link01 
0080 070707070A160106 (C:\Users\bhrou\gi):00021                 fcb   $07,$07,$07,$07,$0A,$16,$01,$06,$00,$0D,$00,$FB,$F5,$65
     000D00FBF565
008E 3D66643A8C036639 (C:\Users\bhrou\gi):00022                 fcb   $3D,$66,$64,$3A,$8C,$03,$66,$39,$AC,$64,$39,$81,$03
     AC64398103
009B                  (C:\Users\bhrou\gi):00023         Img_link12 
009B 070707070A160106 (C:\Users\bhrou\gi):00024                 fcb   $07,$07,$07,$07,$0A,$16,$01,$06,$00,$0D,$00,$FB,$F5,$65
     000D00FBF565
00A9 2667642005036619 (C:\Users\bhrou\gi):00025                 fcb   $26,$67,$64,$20,$05,$03,$66,$19,$A9,$64,$1E,$FF,$03
     A9641EFF03
00B6                  (C:\Users\bhrou\gi):00026         Img_link06 
00B6 070707070A170106 (C:\Users\bhrou\gi):00027                 fcb   $07,$07,$07,$07,$0A,$17,$01,$06,$00,$0D,$00,$FB,$F4,$65
     000D00FBF465
00C4 32FE642E4103662B (C:\Users\bhrou\gi):00028                 fcb   $32,$FE,$64,$2E,$41,$03,$66,$2B,$3C,$64,$2D,$37,$03
     3C642D3703
00D1                  (C:\Users\bhrou\gi):00029         Img_link17 
00D1 071B07070A160106 (C:\Users\bhrou\gi):00030                 fcb   $07,$1B,$07,$07,$0A,$16,$01,$06,$00,$0D,$00,$FB,$F5,$65
     000D00FBF565
00DF 0CA2641064026509 (C:\Users\bhrou\gi):00031                 fcb   $0C,$A2,$64,$10,$64,$02,$65,$09,$DF,$64,$0F,$71,$03,$06
     DF640F710306
00ED 000D00FBF5660864 (C:\Users\bhrou\gi):00032                 fcb   $00,$0D,$00,$FB,$F5,$66,$08,$64,$64,$0E,$7E,$03,$65,$07
     640E7E036507
00FB 99640DA402       (C:\Users\bhrou\gi):00033                 fcb   $99,$64,$0D,$A4,$02
0100                  (C:\Users\bhrou\gi):00034         Img_link07 
0100 070707070A170106 (C:\Users\bhrou\gi):00035                 fcb   $07,$07,$07,$07,$0A,$17,$01,$06,$00,$0D,$00,$FB,$F4,$65
     000D00FBF465
010E 3068642C42036628 (C:\Users\bhrou\gi):00036                 fcb   $30,$68,$64,$2C,$42,$03,$66,$28,$1E,$64,$2B,$29,$03
     1E642B2903
011B                  (C:\Users\bhrou\gi):00037         Img_link18 
011B 071B07070A170106 (C:\Users\bhrou\gi):00038                 fcb   $07,$1B,$07,$07,$0A,$17,$01,$06,$00,$0D,$00,$FB,$F4,$65
     000D00FBF465
0129 050E640CAF036605 (C:\Users\bhrou\gi):00039                 fcb   $05,$0E,$64,$0C,$AF,$03,$66,$05,$91,$64,$0B,$B2,$03,$06
     91640BB20306
0137 000D00FBF46602B9 (C:\Users\bhrou\gi):00040                 fcb   $00,$0D,$00,$FB,$F4,$66,$02,$B9,$64,$0A,$B2,$03,$65,$02
     640AB2036502
0145 876409C203       (C:\Users\bhrou\gi):00041                 fcb   $87,$64,$09,$C2,$03
014A                  (C:\Users\bhrou\gi):00042         Img_link08 
014A 070707070A160106 (C:\Users\bhrou\gi):00043                 fcb   $07,$07,$07,$07,$0A,$16,$01,$06,$00,$0D,$00,$FB,$F5,$65
     000D00FBF565
0158 2DD9642A34036625 (C:\Users\bhrou\gi):00044                 fcb   $2D,$D9,$64,$2A,$34,$03,$66,$25,$22,$64,$29,$24,$03
     2264292403
0165                  (C:\Users\bhrou\gi):00045         Img_link19 
0165 071B07070A170106 (C:\Users\bhrou\gi):00046                 fcb   $07,$1B,$07,$07,$0A,$17,$01,$06,$00,$0D,$00,$FB,$F4,$66
     000D00FBF466
0173 00006408C7036710 (C:\Users\bhrou\gi):00047                 fcb   $00,$00,$64,$08,$C7,$03,$67,$10,$08,$64,$07,$C8,$03,$06
     086407C80306
0181 000D00FBF4670D4D (C:\Users\bhrou\gi):00048                 fcb   $00,$0D,$00,$FB,$F4,$67,$0D,$4D,$64,$06,$C6,$03,$67,$0A
     6406C603670A
018F 936405CB03       (C:\Users\bhrou\gi):00049                 fcb   $93,$64,$05,$CB,$03
0194                  (C:\Users\bhrou\gi):00050         Img_link09 
0194 070707070A150106 (C:\Users\bhrou\gi):00051                 fcb   $07,$07,$07,$07,$0A,$15,$01,$06,$00,$0D,$00,$FB,$F6,$64
     000D00FBF664
01A2 26B46425CD036622 (C:\Users\bhrou\gi):00052                 fcb   $26,$B4,$64,$25,$CD,$03,$66,$22,$40,$64,$24,$C6,$03
     406424C603
01AF                  (C:\Users\bhrou\gi):00053         Img_link02 
01AF 070707070A150106 (C:\Users\bhrou\gi):00054                 fcb   $07,$07,$07,$07,$0A,$15,$01,$06,$00,$0D,$00,$FB,$F6,$64
     000D00FBF664
01BD 36F964360C036636 (C:\Users\bhrou\gi):00055                 fcb   $36,$F9,$64,$36,$0C,$03,$66,$36,$D3,$64,$35,$0F,$03
     D364350F03
01CA                  (C:\Users\bhrou\gi):00056         Img_link13 
01CA 070707070A170106 (C:\Users\bhrou\gi):00057                 fcb   $07,$07,$07,$07,$0A,$17,$01,$06,$00,$0D,$00,$FB,$F4,$65
     000D00FBF465
01D8 23DB641E0A036616 (C:\Users\bhrou\gi):00058                 fcb   $23,$DB,$64,$1E,$0A,$03,$66,$16,$B2,$64,$1D,$03,$03
     B2641D0303
01E5                  (C:\Users\bhrou\gi):00059         Img_link03 
01E5 070707070A150106 (C:\Users\bhrou\gi):00060                 fcb   $07,$07,$07,$07,$0A,$15,$01,$06,$00,$0D,$00,$FB,$F6,$65
     000D00FBF665
01F3 3AC8643420036633 (C:\Users\bhrou\gi):00061                 fcb   $3A,$C8,$64,$34,$20,$03,$66,$33,$F8,$64,$33,$23,$03
     F864332303
0200                  (C:\Users\bhrou\gi):00062         Img_link14 
0200 071B07070A160106 (C:\Users\bhrou\gi):00063                 fcb   $07,$1B,$07,$07,$0A,$16,$01,$06,$00,$0D,$00,$FB,$F5,$65
     000D00FBF565
020E 214A641C1503651E (C:\Users\bhrou\gi):00064                 fcb   $21,$4A,$64,$1C,$15,$03,$65,$1E,$B8,$64,$1B,$24,$03,$06
     B8641B240306
021C 000D00FBF5651C28 (C:\Users\bhrou\gi):00065                 fcb   $00,$0D,$00,$FB,$F5,$65,$1C,$28,$64,$1A,$37,$03,$65,$19
     641A37036519
022A 9C64194B03       (C:\Users\bhrou\gi):00066                 fcb   $9C,$64,$19,$4B,$03
022F                  (C:\Users\bhrou\gi):00067         Img_link04 
022F 070707070A150106 (C:\Users\bhrou\gi):00068                 fcb   $07,$07,$07,$07,$0A,$15,$01,$06,$00,$0D,$00,$FB,$F7,$65
     000D00FBF765
023D 383F643237036631 (C:\Users\bhrou\gi):00069                 fcb   $38,$3F,$64,$32,$37,$03,$66,$31,$22,$64,$31,$3A,$03
     2264313A03
024A                  (C:\Users\bhrou\gi):00070         Img_link15 
024A 071B07070A170106 (C:\Users\bhrou\gi):00071                 fcb   $07,$1B,$07,$07,$0A,$17,$01,$06,$00,$0D,$00,$FB,$F4,$65
     000D00FBF465
0258 16EA641849036613 (C:\Users\bhrou\gi):00072                 fcb   $16,$EA,$64,$18,$49,$03,$66,$13,$D7,$64,$17,$46,$03,$06
     D76417460306
0266 000D00FBF46610FB (C:\Users\bhrou\gi):00073                 fcb   $00,$0D,$00,$FB,$F4,$66,$10,$FB,$64,$16,$3F,$03,$65,$14
     64163F036514
0274 3864154203       (C:\Users\bhrou\gi):00074                 fcb   $38,$64,$15,$42,$03
0279                  (C:\Users\bhrou\gi):00075         Img_link05 
0279 070707070A160106 (C:\Users\bhrou\gi):00076                 fcb   $07,$07,$07,$07,$0A,$16,$01,$06,$00,$0D,$00,$FB,$F5,$65
     000D00FBF565
0287 359C64304403662E (C:\Users\bhrou\gi):00077                 fcb   $35,$9C,$64,$30,$44,$03,$66,$2E,$2E,$64,$2F,$3A,$03
     2E642F3A03
0294                  (C:\Users\bhrou\gi):00078         Img_link16 
0294 071B07070A170106 (C:\Users\bhrou\gi):00079                 fcb   $07,$1B,$07,$07,$0A,$17,$01,$06,$00,$0D,$00,$FB,$F4,$65
     000D00FBF465
02A2 118F64144703660E (C:\Users\bhrou\gi):00080                 fcb   $11,$8F,$64,$14,$47,$03,$66,$0E,$13,$64,$13,$42,$03,$06
     136413420306
02B0 000D00FBF4660B2A (C:\Users\bhrou\gi):00081                 fcb   $00,$0D,$00,$FB,$F4,$66,$0B,$2A,$64,$12,$3C,$03,$65,$0E
     64123C03650E
02BE F064114303       (C:\Users\bhrou\gi):00082                 fcb   $F0,$64,$11,$43,$03
