                      (C:\Users\bhrou\gi):00001                 INCLUDE "./Engine/Graphics/ConstantsAnimation.asm"
                      (./Engine/Graphics):00001         * ===========================================================================
                      (./Engine/Graphics):00002         * Animation Constants
                      (./Engine/Graphics):00003         * ===========================================================================
                      (./Engine/Graphics):00004         
     00FF             (./Engine/Graphics):00005         _resetAnim                    equ $FF
     00FE             (./Engine/Graphics):00006         _goBackNFrames                equ $FE
     00FD             (./Engine/Graphics):00007         _goToAnimation                equ $FD
     00FC             (./Engine/Graphics):00008         _nextRoutine                  equ $FC
     00FB             (./Engine/Graphics):00009         _resetAnimAndSubRoutine       equ $FB
     00FA             (./Engine/Graphics):00010         _nextSubRoutine               equ $FA
                      (C:\Users\bhrou\gi):00002                 INCLUDE "./generated-code/TitleScreen/FD/SEGA/SEGA_ImageSet.glb"
     1292             (./generated-code/):00001         Img_SegaLogo_1 EQU $1292
     1282             (./generated-code/):00002         Img_SegaLogo_2 EQU $1282
     1381             (./generated-code/):00003         Img_SegaSonic_11 EQU $1381
     12BB             (./generated-code/):00004         Img_SegaSonic_12 EQU $12BB
     12FD             (./generated-code/):00005         Img_SegaSonic_13 EQU $12FD
     131E             (./generated-code/):00006         Img_SegaSonic_21 EQU $131E
     13A2             (./generated-code/):00007         Img_SegaSonic_22 EQU $13A2
     12DC             (./generated-code/):00008         Img_SegaSonic_23 EQU $12DC
     1405             (./generated-code/):00009         Img_SegaSonic_31 EQU $1405
     133F             (./generated-code/):00010         Img_SegaSonic_32 EQU $133F
     13C3             (./generated-code/):00011         Img_SegaSonic_33 EQU $13C3
     13E4             (./generated-code/):00012         Img_SegaSonic_41 EQU $13E4
     1426             (./generated-code/):00013         Img_SegaSonic_42 EQU $1426
     1360             (./generated-code/):00014         Img_SegaSonic_43 EQU $1360
     12A2             (./generated-code/):00015         Img_SegaTrails_1 EQU $12A2
     1487             (./generated-code/):00016         Img_SegaTrails_2 EQU $1487
     1477             (./generated-code/):00017         Img_SegaTrails_3 EQU $1477
     1467             (./generated-code/):00018         Img_SegaTrails_4 EQU $1467
     1457             (./generated-code/):00019         Img_SegaTrails_5 EQU $1457
     1447             (./generated-code/):00020         Img_SegaTrails_6 EQU $1447
                      (C:\Users\bhrou\gi):00003                 org   $1D81
     FF               (C:\Users\bhrou\gi):00004                 setdp $FF
                      (C:\Users\bhrou\gi):00005         
                      (C:\Users\bhrou\gi):00006         * Generated Code
                      (C:\Users\bhrou\gi):00007         
1D81 00               (C:\Users\bhrou\gi):00008                 fcb   0
1D82                  (C:\Users\bhrou\gi):00009         Ani_SegaSonic_1 
1D82 1381             (C:\Users\bhrou\gi):00010                 fdb   Img_SegaSonic_11
1D84 131E             (C:\Users\bhrou\gi):00011                 fdb   Img_SegaSonic_21
1D86 1405             (C:\Users\bhrou\gi):00012                 fdb   Img_SegaSonic_31
1D88 13E4             (C:\Users\bhrou\gi):00013                 fdb   Img_SegaSonic_41
1D8A FF               (C:\Users\bhrou\gi):00014                 fcb   _resetAnim
1D8B 00               (C:\Users\bhrou\gi):00015                 fcb   0
1D8C                  (C:\Users\bhrou\gi):00016         Ani_SegaSonic_2 
1D8C 12BB             (C:\Users\bhrou\gi):00017                 fdb   Img_SegaSonic_12
1D8E 13A2             (C:\Users\bhrou\gi):00018                 fdb   Img_SegaSonic_22
1D90 133F             (C:\Users\bhrou\gi):00019                 fdb   Img_SegaSonic_32
1D92 1426             (C:\Users\bhrou\gi):00020                 fdb   Img_SegaSonic_42
1D94 FF               (C:\Users\bhrou\gi):00021                 fcb   _resetAnim
1D95 00               (C:\Users\bhrou\gi):00022                 fcb   0
1D96                  (C:\Users\bhrou\gi):00023         Ani_SegaSonic_3 
1D96 12FD             (C:\Users\bhrou\gi):00024                 fdb   Img_SegaSonic_13
1D98 12DC             (C:\Users\bhrou\gi):00025                 fdb   Img_SegaSonic_23
1D9A 13C3             (C:\Users\bhrou\gi):00026                 fdb   Img_SegaSonic_33
1D9C 1360             (C:\Users\bhrou\gi):00027                 fdb   Img_SegaSonic_43
1D9E FF               (C:\Users\bhrou\gi):00028                 fcb   _resetAnim
